[0.044s] Invoking command in '/home/mm/longshan12_2/build/control': CMAKE_PREFIX_PATH=/opt/ros/foxy /usr/bin/cmake --build /home/mm/longshan12_2/build/control -- -j4 -l4
[0.146s] [35m[1mScanning dependencies of target control_node[0m
[0.239s] [  7%] [32mBuilding CXX object CMakeFiles/control_node.dir/src/KineMPCControler.cpp.o[0m
[2.588s] [ 15%] [32m[1mLinking CXX executable control_node[0m
[4.071s] [100%] Built target control_node
[4.082s] Invoked command in '/home/mm/longshan12_2/build/control' returned '0': CMAKE_PREFIX_PATH=/opt/ros/foxy /usr/bin/cmake --build /home/mm/longshan12_2/build/control -- -j4 -l4
[4.130s] Invoking command in '/home/mm/longshan12_2/build/control': CMAKE_PREFIX_PATH=/opt/ros/foxy /usr/bin/cmake --install /home/mm/longshan12_2/build/control
[4.139s] -- Install configuration: ""
[4.139s] -- Installing: /home/mm/longshan12_2/install/control/lib/control/control_node
[4.150s] -- Set runtime path of "/home/mm/longshan12_2/install/control/lib/control/control_node" to ""
[4.150s] -- Up-to-date: /home/mm/longshan12_2/install/control/share/control/launch
[4.150s] -- Up-to-date: /home/mm/longshan12_2/install/control/share/control/launch/control.launch.py
[4.150s] -- Up-to-date: /home/mm/longshan12_2/install/control/share/ament_index/resource_index/package_run_dependencies/control
[4.151s] -- Up-to-date: /home/mm/longshan12_2/install/control/share/ament_index/resource_index/parent_prefix_path/control
[4.151s] -- Up-to-date: /home/mm/longshan12_2/install/control/share/control/environment/ament_prefix_path.sh
[4.151s] -- Up-to-date: /home/mm/longshan12_2/install/control/share/control/environment/ament_prefix_path.dsv
[4.151s] -- Up-to-date: /home/mm/longshan12_2/install/control/share/control/environment/path.sh
[4.151s] -- Up-to-date: /home/mm/longshan12_2/install/control/share/control/environment/path.dsv
[4.151s] -- Up-to-date: /home/mm/longshan12_2/install/control/share/control/local_setup.bash
[4.151s] -- Up-to-date: /home/mm/longshan12_2/install/control/share/control/local_setup.sh
[4.151s] -- Up-to-date: /home/mm/longshan12_2/install/control/share/control/local_setup.zsh
[4.151s] -- Up-to-date: /home/mm/longshan12_2/install/control/share/control/local_setup.dsv
[4.151s] -- Installing: /home/mm/longshan12_2/install/control/share/control/package.dsv
[4.151s] -- Up-to-date: /home/mm/longshan12_2/install/control/share/ament_index/resource_index/packages/control
[4.152s] -- Up-to-date: /home/mm/longshan12_2/install/control/share/control/cmake/controlConfig.cmake
[4.152s] -- Up-to-date: /home/mm/longshan12_2/install/control/share/control/cmake/controlConfig-version.cmake
[4.152s] -- Up-to-date: /home/mm/longshan12_2/install/control/share/control/package.xml
[4.154s] Invoked command in '/home/mm/longshan12_2/build/control' returned '0': CMAKE_PREFIX_PATH=/opt/ros/foxy /usr/bin/cmake --install /home/mm/longshan12_2/build/control
