[0.043s] Invoking command in '/home/mm/longshan12_2/build/ros2_path_interfaces': CMAKE_PREFIX_PATH=/opt/ros/foxy /usr/bin/cmake --build /home/mm/longshan12_2/build/ros2_path_interfaces -- -j4 -l4
[0.132s] [  3%] Built target ros2_path_interfaces__cpp
[0.168s] [ 12%] Built target ros2_path_interfaces__rosidl_generator_c
[0.234s] [ 22%] Built target ros2_path_interfaces__rosidl_typesupport_cpp
[0.248s] [ 32%] Built target ros2_path_interfaces__rosidl_typesupport_introspection_cpp
[0.251s] [ 41%] Built target ros2_path_interfaces__rosidl_typesupport_fastrtps_cpp
[0.280s] [ 51%] Built target ros2_path_interfaces__rosidl_typesupport_c
[0.321s] [ 61%] Built target ros2_path_interfaces__rosidl_typesupport_introspection_c
[0.329s] [ 70%] Built target ros2_path_interfaces__rosidl_typesupport_fastrtps_c
[0.366s] [ 70%] Built target ros2_path_interfaces
[0.409s] [ 74%] Built target ros2_path_interfaces__py
[0.496s] [ 80%] Built target ros2_path_interfaces__python
[0.565s] [ 87%] Built target ros2_path_interfaces__rosidl_typesupport_fastrtps_c__pyext
[0.566s] [ 93%] Built target ros2_path_interfaces__rosidl_typesupport_c__pyext
[0.579s] [100%] Built target ros2_path_interfaces__rosidl_typesupport_introspection_c__pyext
[0.600s] Invoked command in '/home/mm/longshan12_2/build/ros2_path_interfaces' returned '0': CMAKE_PREFIX_PATH=/opt/ros/foxy /usr/bin/cmake --build /home/mm/longshan12_2/build/ros2_path_interfaces -- -j4 -l4
[0.900s] Invoking command in '/home/mm/longshan12_2/build/ros2_path_interfaces': CMAKE_PREFIX_PATH=/opt/ros/foxy /usr/bin/cmake --install /home/mm/longshan12_2/build/ros2_path_interfaces
[0.930s] -- Install configuration: ""
[0.931s] -- Up-to-date: /home/mm/longshan12_2/install/ros2_path_interfaces/share/ament_index/resource_index/rosidl_interfaces/ros2_path_interfaces
[0.931s] -- Up-to-date: /home/mm/longshan12_2/install/ros2_path_interfaces/include/ros2_path_interfaces
[0.932s] -- Up-to-date: /home/mm/longshan12_2/install/ros2_path_interfaces/include/ros2_path_interfaces/srv
[0.932s] -- Up-to-date: /home/mm/longshan12_2/install/ros2_path_interfaces/include/ros2_path_interfaces/srv/path_interfaces.h
[0.932s] -- Up-to-date: /home/mm/longshan12_2/install/ros2_path_interfaces/include/ros2_path_interfaces/srv/detail
[0.932s] -- Up-to-date: /home/mm/longshan12_2/install/ros2_path_interfaces/include/ros2_path_interfaces/srv/detail/path_interfaces__type_support.h
[0.932s] -- Up-to-date: /home/mm/longshan12_2/install/ros2_path_interfaces/include/ros2_path_interfaces/srv/detail/path_interfaces__struct.h
[0.933s] -- Up-to-date: /home/mm/longshan12_2/install/ros2_path_interfaces/include/ros2_path_interfaces/srv/detail/path_interfaces__functions.h
[0.933s] -- Up-to-date: /home/mm/longshan12_2/install/ros2_path_interfaces/include/ros2_path_interfaces/srv/detail/path_interfaces__functions.c
[0.933s] -- Up-to-date: /home/mm/longshan12_2/install/ros2_path_interfaces/include/ros2_path_interfaces/msg
[0.933s] -- Up-to-date: /home/mm/longshan12_2/install/ros2_path_interfaces/include/ros2_path_interfaces/msg/rosidl_generator_c__visibility_control.h
[0.938s] -- Up-to-date: /home/mm/longshan12_2/install/ros2_path_interfaces/share/ros2_path_interfaces/environment/library_path.sh
[0.938s] -- Up-to-date: /home/mm/longshan12_2/install/ros2_path_interfaces/share/ros2_path_interfaces/environment/library_path.dsv
[0.938s] -- Up-to-date: /home/mm/longshan12_2/install/ros2_path_interfaces/lib/libros2_path_interfaces__rosidl_generator_c.so
[0.938s] -- Up-to-date: /home/mm/longshan12_2/install/ros2_path_interfaces/include/ros2_path_interfaces
[0.939s] -- Up-to-date: /home/mm/longshan12_2/install/ros2_path_interfaces/include/ros2_path_interfaces/srv
[0.940s] -- Up-to-date: /home/mm/longshan12_2/install/ros2_path_interfaces/include/ros2_path_interfaces/srv/detail
[0.941s] -- Up-to-date: /home/mm/longshan12_2/install/ros2_path_interfaces/include/ros2_path_interfaces/srv/detail/path_interfaces__rosidl_typesupport_fastrtps_c.h
[0.941s] -- Up-to-date: /home/mm/longshan12_2/install/ros2_path_interfaces/include/ros2_path_interfaces/msg
[0.941s] -- Up-to-date: /home/mm/longshan12_2/install/ros2_path_interfaces/include/ros2_path_interfaces/msg/rosidl_typesupport_fastrtps_c__visibility_control.h
[0.941s] -- Up-to-date: /home/mm/longshan12_2/install/ros2_path_interfaces/lib/libros2_path_interfaces__rosidl_typesupport_fastrtps_c.so
[0.942s] -- Up-to-date: /home/mm/longshan12_2/install/ros2_path_interfaces/include/ros2_path_interfaces
[0.942s] -- Up-to-date: /home/mm/longshan12_2/install/ros2_path_interfaces/include/ros2_path_interfaces/srv
[0.942s] -- Up-to-date: /home/mm/longshan12_2/install/ros2_path_interfaces/include/ros2_path_interfaces/srv/detail
[0.942s] -- Up-to-date: /home/mm/longshan12_2/install/ros2_path_interfaces/include/ros2_path_interfaces/srv/detail/dds_fastrtps
[0.943s] -- Up-to-date: /home/mm/longshan12_2/install/ros2_path_interfaces/include/ros2_path_interfaces/srv/detail/path_interfaces__rosidl_typesupport_fastrtps_cpp.hpp
[0.943s] -- Up-to-date: /home/mm/longshan12_2/install/ros2_path_interfaces/include/ros2_path_interfaces/msg
[0.943s] -- Up-to-date: /home/mm/longshan12_2/install/ros2_path_interfaces/include/ros2_path_interfaces/msg/rosidl_typesupport_fastrtps_cpp__visibility_control.h
[0.944s] -- Up-to-date: /home/mm/longshan12_2/install/ros2_path_interfaces/lib/libros2_path_interfaces__rosidl_typesupport_fastrtps_cpp.so
[0.944s] -- Up-to-date: /home/mm/longshan12_2/install/ros2_path_interfaces/include/ros2_path_interfaces
[0.950s] -- Up-to-date: /home/mm/longshan12_2/install/ros2_path_interfaces/include/ros2_path_interfaces/srv
[0.951s] -- Up-to-date: /home/mm/longshan12_2/install/ros2_path_interfaces/include/ros2_path_interfaces/srv/detail
[0.951s] -- Up-to-date: /home/mm/longshan12_2/install/ros2_path_interfaces/include/ros2_path_interfaces/srv/detail/path_interfaces__rosidl_typesupport_introspection_c.h
[0.951s] -- Up-to-date: /home/mm/longshan12_2/install/ros2_path_interfaces/include/ros2_path_interfaces/srv/detail/path_interfaces__type_support.c
[0.951s] -- Up-to-date: /home/mm/longshan12_2/install/ros2_path_interfaces/include/ros2_path_interfaces/msg
[0.951s] -- Up-to-date: /home/mm/longshan12_2/install/ros2_path_interfaces/include/ros2_path_interfaces/msg/rosidl_typesupport_introspection_c__visibility_control.h
[0.952s] -- Up-to-date: /home/mm/longshan12_2/install/ros2_path_interfaces/lib/libros2_path_interfaces__rosidl_typesupport_introspection_c.so
[0.952s] -- Up-to-date: /home/mm/longshan12_2/install/ros2_path_interfaces/lib/libros2_path_interfaces__rosidl_typesupport_c.so
[0.959s] -- Up-to-date: /home/mm/longshan12_2/install/ros2_path_interfaces/include/ros2_path_interfaces
[0.959s] -- Up-to-date: /home/mm/longshan12_2/install/ros2_path_interfaces/include/ros2_path_interfaces/srv
[0.959s] -- Up-to-date: /home/mm/longshan12_2/install/ros2_path_interfaces/include/ros2_path_interfaces/srv/path_interfaces.hpp
[0.960s] -- Up-to-date: /home/mm/longshan12_2/install/ros2_path_interfaces/include/ros2_path_interfaces/srv/detail
[0.960s] -- Up-to-date: /home/mm/longshan12_2/install/ros2_path_interfaces/include/ros2_path_interfaces/srv/detail/path_interfaces__traits.hpp
[0.960s] -- Up-to-date: /home/mm/longshan12_2/install/ros2_path_interfaces/include/ros2_path_interfaces/srv/detail/path_interfaces__struct.hpp
[0.960s] -- Up-to-date: /home/mm/longshan12_2/install/ros2_path_interfaces/include/ros2_path_interfaces/srv/detail/path_interfaces__type_support.hpp
[0.960s] -- Up-to-date: /home/mm/longshan12_2/install/ros2_path_interfaces/include/ros2_path_interfaces/srv/detail/path_interfaces__builder.hpp
[0.960s] -- Up-to-date: /home/mm/longshan12_2/install/ros2_path_interfaces/include/ros2_path_interfaces/msg
[0.960s] -- Up-to-date: /home/mm/longshan12_2/install/ros2_path_interfaces/include/ros2_path_interfaces/msg/rosidl_generator_cpp__visibility_control.hpp
[0.961s] -- Up-to-date: /home/mm/longshan12_2/install/ros2_path_interfaces/include/ros2_path_interfaces
[0.961s] -- Up-to-date: /home/mm/longshan12_2/install/ros2_path_interfaces/include/ros2_path_interfaces/srv
[0.961s] -- Up-to-date: /home/mm/longshan12_2/install/ros2_path_interfaces/include/ros2_path_interfaces/srv/detail
[0.961s] -- Up-to-date: /home/mm/longshan12_2/install/ros2_path_interfaces/include/ros2_path_interfaces/srv/detail/path_interfaces__rosidl_typesupport_introspection_cpp.hpp
[0.961s] -- Up-to-date: /home/mm/longshan12_2/install/ros2_path_interfaces/include/ros2_path_interfaces/srv/detail/path_interfaces__type_support.cpp
[0.961s] -- Up-to-date: /home/mm/longshan12_2/install/ros2_path_interfaces/lib/libros2_path_interfaces__rosidl_typesupport_introspection_cpp.so
[0.961s] -- Up-to-date: /home/mm/longshan12_2/install/ros2_path_interfaces/lib/libros2_path_interfaces__rosidl_typesupport_cpp.so
[0.962s] -- Up-to-date: /home/mm/longshan12_2/install/ros2_path_interfaces/share/ros2_path_interfaces/environment/pythonpath.sh
[0.962s] -- Up-to-date: /home/mm/longshan12_2/install/ros2_path_interfaces/share/ros2_path_interfaces/environment/pythonpath.dsv
[0.962s] -- Up-to-date: /home/mm/longshan12_2/install/ros2_path_interfaces/lib/python3.8/site-packages/ros2_path_interfaces/__init__.py
[1.020s] -- Up-to-date: /home/mm/longshan12_2/install/ros2_path_interfaces/lib/python3.8/site-packages/ros2_path_interfaces/srv
[1.021s] -- Up-to-date: /home/mm/longshan12_2/install/ros2_path_interfaces/lib/python3.8/site-packages/ros2_path_interfaces/srv/__init__.py
[1.021s] -- Up-to-date: /home/mm/longshan12_2/install/ros2_path_interfaces/lib/python3.8/site-packages/ros2_path_interfaces/srv/_path_interfaces.py
[1.021s] -- Up-to-date: /home/mm/longshan12_2/install/ros2_path_interfaces/lib/python3.8/site-packages/ros2_path_interfaces/srv/_path_interfaces_s.c
[1.021s] -- Up-to-date: /home/mm/longshan12_2/install/ros2_path_interfaces/lib/python3.8/site-packages/ros2_path_interfaces/ros2_path_interfaces_s__rosidl_typesupport_fastrtps_c.cpython-38-x86_64-linux-gnu.so
[1.021s] -- Up-to-date: /home/mm/longshan12_2/install/ros2_path_interfaces/lib/python3.8/site-packages/ros2_path_interfaces/ros2_path_interfaces_s__rosidl_typesupport_introspection_c.cpython-38-x86_64-linux-gnu.so
[1.021s] -- Up-to-date: /home/mm/longshan12_2/install/ros2_path_interfaces/lib/python3.8/site-packages/ros2_path_interfaces/ros2_path_interfaces_s__rosidl_typesupport_c.cpython-38-x86_64-linux-gnu.so
[1.036s] -- Up-to-date: /home/mm/longshan12_2/install/ros2_path_interfaces/lib/libros2_path_interfaces__python.so
[1.037s] -- Up-to-date: /home/mm/longshan12_2/install/ros2_path_interfaces/share/ros2_path_interfaces/srv/PathInterfaces.idl
[1.037s] -- Up-to-date: /home/mm/longshan12_2/install/ros2_path_interfaces/share/ros2_path_interfaces/srv/PathInterfaces.srv
[1.037s] -- Up-to-date: /home/mm/longshan12_2/install/ros2_path_interfaces/share/ros2_path_interfaces/srv/PathInterfaces_Request.msg
[1.037s] -- Up-to-date: /home/mm/longshan12_2/install/ros2_path_interfaces/share/ros2_path_interfaces/srv/PathInterfaces_Response.msg
[1.037s] -- Up-to-date: /home/mm/longshan12_2/install/ros2_path_interfaces/share/ament_index/resource_index/package_run_dependencies/ros2_path_interfaces
[1.037s] -- Up-to-date: /home/mm/longshan12_2/install/ros2_path_interfaces/share/ament_index/resource_index/parent_prefix_path/ros2_path_interfaces
[1.037s] -- Up-to-date: /home/mm/longshan12_2/install/ros2_path_interfaces/share/ros2_path_interfaces/environment/ament_prefix_path.sh
[1.038s] -- Up-to-date: /home/mm/longshan12_2/install/ros2_path_interfaces/share/ros2_path_interfaces/environment/ament_prefix_path.dsv
[1.038s] -- Up-to-date: /home/mm/longshan12_2/install/ros2_path_interfaces/share/ros2_path_interfaces/environment/path.sh
[1.038s] -- Up-to-date: /home/mm/longshan12_2/install/ros2_path_interfaces/share/ros2_path_interfaces/environment/path.dsv
[1.038s] -- Up-to-date: /home/mm/longshan12_2/install/ros2_path_interfaces/share/ros2_path_interfaces/local_setup.bash
[1.038s] -- Up-to-date: /home/mm/longshan12_2/install/ros2_path_interfaces/share/ros2_path_interfaces/local_setup.sh
[1.038s] -- Up-to-date: /home/mm/longshan12_2/install/ros2_path_interfaces/share/ros2_path_interfaces/local_setup.zsh
[1.038s] -- Up-to-date: /home/mm/longshan12_2/install/ros2_path_interfaces/share/ros2_path_interfaces/local_setup.dsv
[1.038s] -- Installing: /home/mm/longshan12_2/install/ros2_path_interfaces/share/ros2_path_interfaces/package.dsv
[1.039s] -- Up-to-date: /home/mm/longshan12_2/install/ros2_path_interfaces/share/ament_index/resource_index/packages/ros2_path_interfaces
[1.039s] -- Up-to-date: /home/mm/longshan12_2/install/ros2_path_interfaces/share/ros2_path_interfaces/cmake/ros2_path_interfaces__rosidl_generator_cExport.cmake
[1.039s] -- Up-to-date: /home/mm/longshan12_2/install/ros2_path_interfaces/share/ros2_path_interfaces/cmake/ros2_path_interfaces__rosidl_generator_cExport-noconfig.cmake
[1.039s] -- Up-to-date: /home/mm/longshan12_2/install/ros2_path_interfaces/share/ros2_path_interfaces/cmake/ros2_path_interfaces__rosidl_typesupport_introspection_cExport.cmake
[1.039s] -- Up-to-date: /home/mm/longshan12_2/install/ros2_path_interfaces/share/ros2_path_interfaces/cmake/ros2_path_interfaces__rosidl_typesupport_introspection_cExport-noconfig.cmake
[1.039s] -- Up-to-date: /home/mm/longshan12_2/install/ros2_path_interfaces/share/ros2_path_interfaces/cmake/ros2_path_interfaces__rosidl_typesupport_cExport.cmake
[1.039s] -- Up-to-date: /home/mm/longshan12_2/install/ros2_path_interfaces/share/ros2_path_interfaces/cmake/ros2_path_interfaces__rosidl_typesupport_cExport-noconfig.cmake
[1.040s] -- Up-to-date: /home/mm/longshan12_2/install/ros2_path_interfaces/share/ros2_path_interfaces/cmake/ros2_path_interfaces__rosidl_generator_cppExport.cmake
[1.040s] -- Up-to-date: /home/mm/longshan12_2/install/ros2_path_interfaces/share/ros2_path_interfaces/cmake/ros2_path_interfaces__rosidl_typesupport_introspection_cppExport.cmake
[1.040s] -- Up-to-date: /home/mm/longshan12_2/install/ros2_path_interfaces/share/ros2_path_interfaces/cmake/ros2_path_interfaces__rosidl_typesupport_introspection_cppExport-noconfig.cmake
[1.040s] -- Up-to-date: /home/mm/longshan12_2/install/ros2_path_interfaces/share/ros2_path_interfaces/cmake/ros2_path_interfaces__rosidl_typesupport_cppExport.cmake
[1.040s] -- Up-to-date: /home/mm/longshan12_2/install/ros2_path_interfaces/share/ros2_path_interfaces/cmake/ros2_path_interfaces__rosidl_typesupport_cppExport-noconfig.cmake
[1.040s] -- Up-to-date: /home/mm/longshan12_2/install/ros2_path_interfaces/share/ros2_path_interfaces/cmake/rosidl_cmake-extras.cmake
[1.041s] -- Up-to-date: /home/mm/longshan12_2/install/ros2_path_interfaces/share/ros2_path_interfaces/cmake/ament_cmake_export_dependencies-extras.cmake
[1.041s] -- Up-to-date: /home/mm/longshan12_2/install/ros2_path_interfaces/share/ros2_path_interfaces/cmake/ament_cmake_export_libraries-extras.cmake
[1.041s] -- Up-to-date: /home/mm/longshan12_2/install/ros2_path_interfaces/share/ros2_path_interfaces/cmake/ament_cmake_export_targets-extras.cmake
[1.041s] -- Up-to-date: /home/mm/longshan12_2/install/ros2_path_interfaces/share/ros2_path_interfaces/cmake/ament_cmake_export_include_directories-extras.cmake
[1.041s] -- Up-to-date: /home/mm/longshan12_2/install/ros2_path_interfaces/share/ros2_path_interfaces/cmake/rosidl_cmake_export_typesupport_libraries-extras.cmake
[1.041s] -- Up-to-date: /home/mm/longshan12_2/install/ros2_path_interfaces/share/ros2_path_interfaces/cmake/rosidl_cmake_export_typesupport_targets-extras.cmake
[1.041s] -- Up-to-date: /home/mm/longshan12_2/install/ros2_path_interfaces/share/ros2_path_interfaces/cmake/ros2_path_interfacesConfig.cmake
[1.042s] -- Up-to-date: /home/mm/longshan12_2/install/ros2_path_interfaces/share/ros2_path_interfaces/cmake/ros2_path_interfacesConfig-version.cmake
[1.042s] -- Up-to-date: /home/mm/longshan12_2/install/ros2_path_interfaces/share/ros2_path_interfaces/package.xml
[1.042s] Invoked command in '/home/mm/longshan12_2/build/ros2_path_interfaces' returned '0': CMAKE_PREFIX_PATH=/opt/ros/foxy /usr/bin/cmake --install /home/mm/longshan12_2/build/ros2_path_interfaces
