[01m[K/home/mm/longshan11_6/src/control/src/digital_filter.cpp:28:34:[m[K [01;35m[Kwarning: [m[Kextra ‘[01m[K;[m[K’ [[01;35m[K-Wpedantic[m[K]
   28 | DigitalFilter ::DigitalFilter(){}[01;35m[K;[m[K
      |                                  [01;35m[K^[m[K
[01m[K/home/mm/longshan11_6/src/control/src/digital_filter.cpp:29:34:[m[K [01;35m[Kwarning: [m[Kextra ‘[01m[K;[m[K’ [[01;35m[K-Wpedantic[m[K]
   29 | DigitalFilter::~DigitalFilter(){}[01;35m[K;[m[K
      |                                  [01;35m[K^[m[K
[01m[K/home/mm/longshan11_6/src/control/src/digital_filter.cpp:[m[K In member function ‘[01m[Kdouble DigitalFilter::Compute(const std::deque<double>&, const std::vector<double>&, std::size_t, std::size_t)[m[K’:
[01m[K/home/mm/longshan11_6/src/control/src/digital_filter.cpp:94:49:[m[K [01;35m[Kwarning: [m[Kunused parameter ‘[01m[Kcoeff_end[m[K’ [[01;35m[K-Wunused-parameter[m[K]
   94 |                               [01;35m[Kconst std::size_t coeff_end[m[K) {
      |                               [01;35m[K~~~~~~~~~~~~~~~~~~^~~~~~~~~[m[K
[01m[K/home/mm/longshan11_6/src/control/src/lon_controller.cpp:[m[K In member function ‘[01m[Kvoid loncontroller::ComputeLongitudinalErrors(const MatrixXd&, double, double)[m[K’:
[01m[K/home/mm/longshan11_6/src/control/src/lon_controller.cpp:176:10:[m[K [01;35m[Kwarning: [m[Kunused variable ‘[01m[Klon_speed[m[K’ [[01;35m[K-Wunused-variable[m[K]
  176 |   double [01;35m[Klon_speed[m[K = std::get<3>(vehicle_state_) * std::cos(heading_error);
      |          [01;35m[K^~~~~~~~~[m[K
[01m[K/home/mm/longshan11_6/src/control/src/lon_controller.cpp:178:10:[m[K [01;35m[Kwarning: [m[Kunused variable ‘[01m[Klon_acceleration[m[K’ [[01;35m[K-Wunused-variable[m[K]
  178 |   double [01;35m[Klon_acceleration[m[K = std::get<4>(vehicle_state_) * std::cos(heading_error);
      |          [01;35m[K^~~~~~~~~~~~~~~~[m[K
[01m[K/home/mm/longshan11_6/src/control/src/lon_controller.cpp:180:10:[m[K [01;35m[Kwarning: [m[Kunused variable ‘[01m[Kone_minus_kappa_lat_error[m[K’ [[01;35m[K-Wunused-variable[m[K]
  180 |   double [01;35m[Kone_minus_kappa_lat_error[m[K = 1 -  matched_point.at(3) * std::get<3>(vehicle_state_) * std::sin(heading_error);
      |          [01;35m[K^~~~~~~~~~~~~~~~~~~~~~~~~[m[K
[01m[K/home/mm/longshan11_6/src/control/src/lon_controller.cpp:124:61:[m[K [01;35m[Kwarning: [m[Kunused parameter ‘[01m[Kts[m[K’ [[01;35m[K-Wunused-parameter[m[K]
  124 |                     const double preview_time, [01;35m[Kconst double ts[m[K){
      |                                                [01;35m[K~~~~~~~~~~~~~^~[m[K
[01m[K/home/mm/longshan11_6/src/control/src/lon_controller.cpp:[m[K In member function ‘[01m[Kbool loncontroller::ComputeControlCommand(const MatrixXd&, double&)[m[K’:
[01m[K/home/mm/longshan11_6/src/control/src/lon_controller.cpp:116:1:[m[K [01;35m[Kwarning: [m[Kcontrol reaches end of non-void function [[01;35m[K-Wreturn-type[m[K]
  116 | [01;35m[K}[m[K
      | [01;35m[K^[m[K
[01m[K/home/mm/longshan11_6/src/control/src/localFuns.cpp:[m[K In function ‘[01m[Kint local::frenet2Cartesian(const MatrixXd&, const double&, const double&, const int&, Eigen::Vector2d&)[m[K’:
[01m[K/home/mm/longshan11_6/src/control/src/localFuns.cpp:326:75:[m[K [01;35m[Kwarning: [m[Kunused parameter ‘[01m[Ks[m[K’ [[01;35m[K-Wunused-parameter[m[K]
  326 |     int frenet2Cartesian(const Eigen::MatrixXd& globalPath, [01;35m[Kconst double& s[m[K, const double& d, const int& minIndex, Eigen::Vector2d& cartesianXY){
      |                                                             [01;35m[K~~~~~~~~~~~~~~^[m[K
In file included from [01m[K/home/mm/longshan11_6/src/control/src/lqr.cpp:2[m[K:
[01m[K/home/mm/longshan11_6/src/control/./include/RiccatiSolver.h:[m[K In function ‘[01m[Kbool solveRiccatiArimotoPotter(const MatrixXd&, const MatrixXd&, const MatrixXd&, const MatrixXd&, Eigen::MatrixXd&)[m[K’:
[01m[K/home/mm/longshan11_6/src/control/./include/RiccatiSolver.h:76:21:[m[K [01;35m[Kwarning: [m[Kunused variable ‘[01m[Kdim_u[m[K’ [[01;35m[K-Wunused-variable[m[K]
   76 |  const unsigned int [01;35m[Kdim_u[m[K = B.cols();
      |                     [01;35m[K^~~~~[m[K
[01m[K/home/mm/longshan11_6/src/control/src/lqr.cpp:[m[K In member function ‘[01m[Kint lqr::stateSpaceMatrix(Eigen::Matrix<double, 3, 3>&, Eigen::Matrix<double, 3, 2>&, const VectorXd&, tool::controlParams, double, double)[m[K’:
[01m[K/home/mm/longshan11_6/src/control/src/lqr.cpp:4:140:[m[K [01;35m[Kwarning: [m[Kunused parameter ‘[01m[Kcps[m[K’ [[01;35m[K-Wunused-parameter[m[K]
    4 | int lqr::stateSpaceMatrix(Eigen::Matrix<double, 3, 3>& A, Eigen::Matrix<double, 3, 2>& B, const Eigen::VectorXd& car,  [01;35m[Ktool::controlParams cps[m[K,
      |                                                                                                                        [01;35m[K~~~~~~~~~~~~~~~~~~~~^~~[m[K
[01m[K/home/mm/longshan11_6/src/control/src/lqr.cpp:[m[K In member function ‘[01m[KEigen::Vector2d lqr::calcU(const VectorXd&, const MatrixXd&, std::array<double, 5>&, const Eigen::Matrix<double, 3, 3>&, const Eigen::Matrix<double, 3, 2>&, const Eigen::Matrix<double, 3, 3>&, const Eigen::Matrix<double, 2, 2>&)[m[K’:
[01m[K/home/mm/longshan11_6/src/control/src/lqr.cpp:114:80:[m[K [01;35m[Kwarning: [m[Kunused parameter ‘[01m[Kpath[m[K’ [[01;35m[K-Wunused-parameter[m[K]
  114 | Eigen::Vector2d lqr::calcU(const Eigen::VectorXd& car, [01;35m[Kconst Eigen::MatrixXd&  path[m[K,
      |                                                        [01;35m[K~~~~~~~~~~~~~~~~~~~~~~~~^~~~[m[K
[01m[K/home/mm/longshan11_6/src/control/src/control_node.cpp:[m[K In member function ‘[01m[Kvoid control_node::gps_callback(std_msgs::msg::Float64MultiArray_<std::allocator<void> >::SharedPtr)[m[K’:
[01m[K/home/mm/longshan11_6/src/control/src/control_node.cpp:99:33:[m[K [01;35m[Kwarning: [m[Kunused variable ‘[01m[Kpre_index[m[K’ [[01;35m[K-Wunused-variable[m[K]
   99 |                             int [01;35m[Kpre_index[m[K = (index + 5) > (globalPath.cols()-1) ?
      |                                 [01;35m[K^~~~~~~~~[m[K
[01m[K/home/mm/longshan11_6/src/control/src/control_node.cpp:150:36:[m[K [01;35m[Kwarning: [m[Kunused variable ‘[01m[KdeltaX[m[K’ [[01;35m[K-Wunused-variable[m[K]
  150 |                             double [01;35m[KdeltaX[m[K =  dx;
      |                                    [01;35m[K^~~~~~[m[K
[01m[K/home/mm/longshan11_6/src/control/src/control_node.cpp:151:36:[m[K [01;35m[Kwarning: [m[Kunused variable ‘[01m[KdeltaY[m[K’ [[01;35m[K-Wunused-variable[m[K]
  151 |                             double [01;35m[KdeltaY[m[K =  dy;
      |                                    [01;35m[K^~~~~~[m[K
[01m[K/home/mm/longshan11_6/src/control/src/control_node.cpp:152:36:[m[K [01;35m[Kwarning: [m[Kunused variable ‘[01m[KdeltaYAW[m[K’ [[01;35m[K-Wunused-variable[m[K]
  152 |                             double [01;35m[KdeltaYAW[m[K = tool::normalizeAngle(tool::d2r(car(3)) - theta);
      |                                    [01;35m[K^~~~~~~~[m[K
[01m[K/home/mm/longshan11_6/src/control/src/control_node.cpp:170:43:[m[K [01;35m[Kwarning: [m[Kunused variable ‘[01m[Klast_sw[m[K’ [[01;35m[K-Wunused-variable[m[K]
  170 |                             static double [01;35m[Klast_sw[m[K = 0;
      |                                           [01;35m[K^~~~~~~[m[K
[01m[K/home/mm/longshan11_6/src/control/src/control_node.cpp:[m[K In member function ‘[01m[Kvoid control_node::timer_can_callback0()[m[K’:
[01m[K/home/mm/longshan11_6/src/control/src/control_node.cpp:294:32:[m[K [01;35m[Kwarning: [m[Kunused variable ‘[01m[Klocal_length[m[K’ [[01;35m[K-Wunused-variable[m[K]
  294 |                         double [01;35m[Klocal_length[m[K = optTrajxy.cols()*0.5;
      |                                [01;35m[K^~~~~~~~~~~~[m[K
[01m[K/home/mm/longshan11_6/src/control/src/pure_pursuit.cpp:[m[K In member function ‘[01m[Kvoid pure_pursuit::getPreviewpoint(Eigen::VectorXd, Eigen::MatrixXd&, int)[m[K’:
[01m[K/home/mm/longshan11_6/src/control/src/pure_pursuit.cpp:18:12:[m[K [01;35m[Kwarning: [m[Kunused variable ‘[01m[Ksum_distance[m[K’ [[01;35m[K-Wunused-variable[m[K]
   18 |     double [01;35m[Ksum_distance[m[K;
      |            [01;35m[K^~~~~~~~~~~~[m[K
