[0.050s] Invoking command in '/home/mm/longshan11_6/build/control': CMAKE_PREFIX_PATH=/opt/ros/foxy /usr/bin/cmake /home/mm/longshan11_6/src/control -DCMAKE_INSTALL_PREFIX=/home/mm/longshan11_6/install/control
[0.344s] -- The C compiler identification is GNU 9.4.0
[0.584s] -- The CXX compiler identification is GNU 9.4.0
[0.599s] -- Check for working C compiler: /usr/bin/cc
[0.742s] -- Check for working C compiler: /usr/bin/cc -- works
[0.745s] -- Detecting C compiler ABI info
[0.878s] -- Detecting C compiler ABI info - done
[0.887s] -- Detecting C compile features
[0.888s] -- Detecting C compile features - done
[0.892s] -- Check for working CXX compiler: /usr/bin/c++
[1.018s] -- Check for working CXX compiler: /usr/bin/c++ -- works
[1.021s] -- Detecting CXX compiler ABI info
[1.175s] -- Detecting CXX compiler ABI info - done
[1.195s] -- Detecting CXX compile features
[1.196s] -- Detecting CXX compile features - done
[1.203s] -- Found ament_cmake: 0.9.12 (/opt/ros/foxy/share/ament_cmake/cmake)
[1.255s] -- Found PythonInterp: /usr/bin/python3 (found suitable version "3.8.10", minimum required is "3") 
[1.255s] -- Using PYTHON_EXECUTABLE: /usr/bin/python3
[1.769s] -- Found rclcpp: 2.4.3 (/opt/ros/foxy/share/rclcpp/cmake)
[1.866s] -- Using all available rosidl_typesupport_c: rosidl_typesupport_fastrtps_c;rosidl_typesupport_introspection_c
[1.877s] -- Found rosidl_adapter: 1.3.1 (/opt/ros/foxy/share/rosidl_adapter/cmake)
[1.994s] -- Found OpenSSL: /usr/lib/x86_64-linux-gnu/libcrypto.so (found version "1.1.1f")  
[2.027s] -- Found FastRTPS: /opt/ros/foxy/include  
[2.137s] -- Using all available rosidl_typesupport_cpp: rosidl_typesupport_fastrtps_cpp;rosidl_typesupport_introspection_cpp
[2.233s] -- Found rmw_implementation_cmake: 1.0.4 (/opt/ros/foxy/share/rmw_implementation_cmake/cmake)
[2.236s] -- Using RMW implementation 'rmw_fastrtps_cpp' as default
[2.237s] -- Looking for pthread.h
[2.378s] -- Looking for pthread.h - found
[2.378s] -- Performing Test CMAKE_HAVE_LIBC_PTHREAD
[2.540s] -- Performing Test CMAKE_HAVE_LIBC_PTHREAD - Failed
[2.541s] -- Looking for pthread_create in pthreads
[2.701s] -- Looking for pthread_create in pthreads - not found
[2.701s] -- Looking for pthread_create in pthread
[2.875s] -- Looking for pthread_create in pthread - found
[2.878s] -- Found Threads: TRUE  
[3.223s] -- Found OpenCV: /usr (found version "4.2.0") 
[3.225s] -- Found ament_lint_auto: 0.9.8 (/opt/ros/foxy/share/ament_lint_auto/cmake)
[3.389s] -- Added test 'copyright' to check source files copyright and LICENSE
[3.413s] -- Added test 'cppcheck' to perform static code analysis on C / C++ code
[3.414s] -- Configured cppcheck include dirs: /home/mm/longshan11_6/src/control/./include;/home/mm/longshan11_6/src/control/extern/matplotlib-cpp;$<BUILD_INTERFACE:/home/mm/longshan11_6/src/control/include>
[3.414s] -- Configured cppcheck exclude dirs and/or files: 
[3.425s] -- Added test 'cpplint' to check C / C++ code against the Google style
[3.425s] -- Configured cpplint exclude dirs and/or files: 
[3.427s] -- Added test 'flake8' to check Python code syntax and style conventions
[3.430s] -- Added test 'lint_cmake' to check CMake code style
[3.432s] -- Added test 'pep257' to check Python code against some of the style conventions in PEP 257
[3.443s] -- Added test 'uncrustify' to check C / C++ code style
[3.444s] -- Configured uncrustify additional arguments: 
[3.450s] -- Added test 'xmllint' to check XML markup files
[3.458s] -- Configuring done
[3.491s] -- Generating done
[3.493s] -- Build files have been written to: /home/mm/longshan11_6/build/control
[3.507s] Invoked command in '/home/mm/longshan11_6/build/control' returned '0': CMAKE_PREFIX_PATH=/opt/ros/foxy /usr/bin/cmake /home/mm/longshan11_6/src/control -DCMAKE_INSTALL_PREFIX=/home/mm/longshan11_6/install/control
[3.511s] Invoking command in '/home/mm/longshan11_6/build/control': CMAKE_PREFIX_PATH=/opt/ros/foxy /usr/bin/cmake --build /home/mm/longshan11_6/build/control -- -j4 -l4
[3.698s] [35m[1mScanning dependencies of target control_node[0m
[4.405s] [  9%] [32mBuilding CXX object CMakeFiles/control_node.dir/src/control_node.cpp.o[0m
[4.435s] [ 18%] [32mBuilding CXX object CMakeFiles/control_node.dir/src/digital_filter.cpp.o[0m
[4.486s] [ 27%] [32mBuilding CXX object CMakeFiles/control_node.dir/src/digital_filter_coefficients.cpp.o[0m
[4.512s] [ 36%] [32mBuilding CXX object CMakeFiles/control_node.dir/src/localFuns.cpp.o[0m
[6.257s] [01m[K/home/mm/longshan11_6/src/control/src/digital_filter.cpp:28:34:[m[K [01;35m[Kwarning: [m[Kextra ‘[01m[K;[m[K’ [[01;35m[K-Wpedantic[m[K]
[6.258s]    28 | DigitalFilter ::DigitalFilter(){}[01;35m[K;[m[K
[6.258s]       |                                  [01;35m[K^[m[K
[6.258s] [01m[K/home/mm/longshan11_6/src/control/src/digital_filter.cpp:29:34:[m[K [01;35m[Kwarning: [m[Kextra ‘[01m[K;[m[K’ [[01;35m[K-Wpedantic[m[K]
[6.258s]    29 | DigitalFilter::~DigitalFilter(){}[01;35m[K;[m[K
[6.258s]       |                                  [01;35m[K^[m[K
[6.270s] [01m[K/home/mm/longshan11_6/src/control/src/digital_filter.cpp:[m[K In member function ‘[01m[Kdouble DigitalFilter::Compute(const std::deque<double>&, const std::vector<double>&, std::size_t, std::size_t)[m[K’:
[6.270s] [01m[K/home/mm/longshan11_6/src/control/src/digital_filter.cpp:94:49:[m[K [01;35m[Kwarning: [m[Kunused parameter ‘[01m[Kcoeff_end[m[K’ [[01;35m[K-Wunused-parameter[m[K]
[6.270s]    94 |                               [01;35m[Kconst std::size_t coeff_end[m[K) {
[6.270s]       |                               [01;35m[K~~~~~~~~~~~~~~~~~~^~~~~~~~~[m[K
[6.362s] [ 45%] [32mBuilding CXX object CMakeFiles/control_node.dir/src/lon_controller.cpp.o[0m
[7.547s] [ 54%] [32mBuilding CXX object CMakeFiles/control_node.dir/src/lqr.cpp.o[0m
[10.360s] [01m[K/home/mm/longshan11_6/src/control/src/lon_controller.cpp:[m[K In member function ‘[01m[Kvoid loncontroller::ComputeLongitudinalErrors(const MatrixXd&, double, double)[m[K’:
[10.360s] [01m[K/home/mm/longshan11_6/src/control/src/lon_controller.cpp:176:10:[m[K [01;35m[Kwarning: [m[Kunused variable ‘[01m[Klon_speed[m[K’ [[01;35m[K-Wunused-variable[m[K]
[10.361s]   176 |   double [01;35m[Klon_speed[m[K = std::get<3>(vehicle_state_) * std::cos(heading_error);
[10.361s]       |          [01;35m[K^~~~~~~~~[m[K
[10.361s] [01m[K/home/mm/longshan11_6/src/control/src/lon_controller.cpp:178:10:[m[K [01;35m[Kwarning: [m[Kunused variable ‘[01m[Klon_acceleration[m[K’ [[01;35m[K-Wunused-variable[m[K]
[10.361s]   178 |   double [01;35m[Klon_acceleration[m[K = std::get<4>(vehicle_state_) * std::cos(heading_error);
[10.361s]       |          [01;35m[K^~~~~~~~~~~~~~~~[m[K
[10.361s] [01m[K/home/mm/longshan11_6/src/control/src/lon_controller.cpp:180:10:[m[K [01;35m[Kwarning: [m[Kunused variable ‘[01m[Kone_minus_kappa_lat_error[m[K’ [[01;35m[K-Wunused-variable[m[K]
[10.361s]   180 |   double [01;35m[Kone_minus_kappa_lat_error[m[K = 1 -  matched_point.at(3) * std::get<3>(vehicle_state_) * std::sin(heading_error);
[10.362s]       |          [01;35m[K^~~~~~~~~~~~~~~~~~~~~~~~~[m[K
[10.362s] [01m[K/home/mm/longshan11_6/src/control/src/lon_controller.cpp:124:61:[m[K [01;35m[Kwarning: [m[Kunused parameter ‘[01m[Kts[m[K’ [[01;35m[K-Wunused-parameter[m[K]
[10.362s]   124 |                     const double preview_time, [01;35m[Kconst double ts[m[K){
[10.362s]       |                                                [01;35m[K~~~~~~~~~~~~~^~[m[K
[10.604s] [01m[K/home/mm/longshan11_6/src/control/src/lon_controller.cpp:[m[K In member function ‘[01m[Kbool loncontroller::ComputeControlCommand(const MatrixXd&, double&)[m[K’:
[10.604s] [01m[K/home/mm/longshan11_6/src/control/src/lon_controller.cpp:116:1:[m[K [01;35m[Kwarning: [m[Kcontrol reaches end of non-void function [[01;35m[K-Wreturn-type[m[K]
[10.605s]   116 | [01;35m[K}[m[K
[10.605s]       | [01;35m[K^[m[K
[11.018s] [ 63%] [32mBuilding CXX object CMakeFiles/control_node.dir/src/pid_controller.cpp.o[0m
[13.718s] [01m[K/home/mm/longshan11_6/src/control/src/localFuns.cpp:[m[K In function ‘[01m[Kint local::frenet2Cartesian(const MatrixXd&, const double&, const double&, const int&, Eigen::Vector2d&)[m[K’:
[13.718s] [01m[K/home/mm/longshan11_6/src/control/src/localFuns.cpp:326:75:[m[K [01;35m[Kwarning: [m[Kunused parameter ‘[01m[Ks[m[K’ [[01;35m[K-Wunused-parameter[m[K]
[13.718s]   326 |     int frenet2Cartesian(const Eigen::MatrixXd& globalPath, [01;35m[Kconst double& s[m[K, const double& d, const int& minIndex, Eigen::Vector2d& cartesianXY){
[13.718s]       |                                                             [01;35m[K~~~~~~~~~~~~~~^[m[K
[17.377s] In file included from [01m[K/home/mm/longshan11_6/src/control/src/lqr.cpp:2[m[K:
[17.380s] [01m[K/home/mm/longshan11_6/src/control/./include/RiccatiSolver.h:[m[K In function ‘[01m[Kbool solveRiccatiArimotoPotter(const MatrixXd&, const MatrixXd&, const MatrixXd&, const MatrixXd&, Eigen::MatrixXd&)[m[K’:
[17.381s] [01m[K/home/mm/longshan11_6/src/control/./include/RiccatiSolver.h:76:21:[m[K [01;35m[Kwarning: [m[Kunused variable ‘[01m[Kdim_u[m[K’ [[01;35m[K-Wunused-variable[m[K]
[17.386s]    76 |  const unsigned int [01;35m[Kdim_u[m[K = B.cols();
[17.387s]       |                     [01;35m[K^~~~~[m[K
[17.864s] [01m[K/home/mm/longshan11_6/src/control/src/lqr.cpp:[m[K In member function ‘[01m[Kint lqr::stateSpaceMatrix(Eigen::Matrix<double, 3, 3>&, Eigen::Matrix<double, 3, 2>&, const VectorXd&, tool::controlParams, double, double)[m[K’:
[17.864s] [01m[K/home/mm/longshan11_6/src/control/src/lqr.cpp:4:140:[m[K [01;35m[Kwarning: [m[Kunused parameter ‘[01m[Kcps[m[K’ [[01;35m[K-Wunused-parameter[m[K]
[17.864s]     4 | int lqr::stateSpaceMatrix(Eigen::Matrix<double, 3, 3>& A, Eigen::Matrix<double, 3, 2>& B, const Eigen::VectorXd& car,  [01;35m[Ktool::controlParams cps[m[K,
[17.864s]       |                                                                                                                        [01;35m[K~~~~~~~~~~~~~~~~~~~~^~~[m[K
[18.115s] [ 72%] [32mBuilding CXX object CMakeFiles/control_node.dir/src/pure_pursuit.cpp.o[0m
[19.078s] [01m[K/home/mm/longshan11_6/src/control/src/lqr.cpp:[m[K In member function ‘[01m[KEigen::Vector2d lqr::calcU(const VectorXd&, const MatrixXd&, std::array<double, 5>&, const Eigen::Matrix<double, 3, 3>&, const Eigen::Matrix<double, 3, 2>&, const Eigen::Matrix<double, 3, 3>&, const Eigen::Matrix<double, 2, 2>&)[m[K’:
[19.079s] [01m[K/home/mm/longshan11_6/src/control/src/lqr.cpp:114:80:[m[K [01;35m[Kwarning: [m[Kunused parameter ‘[01m[Kpath[m[K’ [[01;35m[K-Wunused-parameter[m[K]
[19.079s]   114 | Eigen::Vector2d lqr::calcU(const Eigen::VectorXd& car, [01;35m[Kconst Eigen::MatrixXd&  path[m[K,
[19.079s]       |                                                        [01;35m[K~~~~~~~~~~~~~~~~~~~~~~~~^~~~[m[K
[21.424s] [01m[K/home/mm/longshan11_6/src/control/src/control_node.cpp:[m[K In member function ‘[01m[Kvoid control_node::gps_callback(std_msgs::msg::Float64MultiArray_<std::allocator<void> >::SharedPtr)[m[K’:
[21.424s] [01m[K/home/mm/longshan11_6/src/control/src/control_node.cpp:99:33:[m[K [01;35m[Kwarning: [m[Kunused variable ‘[01m[Kpre_index[m[K’ [[01;35m[K-Wunused-variable[m[K]
[21.424s]    99 |                             int [01;35m[Kpre_index[m[K = (index + 5) > (globalPath.cols()-1) ?
[21.425s]       |                                 [01;35m[K^~~~~~~~~[m[K
[21.425s] [01m[K/home/mm/longshan11_6/src/control/src/control_node.cpp:150:36:[m[K [01;35m[Kwarning: [m[Kunused variable ‘[01m[KdeltaX[m[K’ [[01;35m[K-Wunused-variable[m[K]
[21.425s]   150 |                             double [01;35m[KdeltaX[m[K =  dx;
[21.425s]       |                                    [01;35m[K^~~~~~[m[K
[21.425s] [01m[K/home/mm/longshan11_6/src/control/src/control_node.cpp:151:36:[m[K [01;35m[Kwarning: [m[Kunused variable ‘[01m[KdeltaY[m[K’ [[01;35m[K-Wunused-variable[m[K]
[21.426s]   151 |                             double [01;35m[KdeltaY[m[K =  dy;
[21.426s]       |                                    [01;35m[K^~~~~~[m[K
[21.426s] [01m[K/home/mm/longshan11_6/src/control/src/control_node.cpp:152:36:[m[K [01;35m[Kwarning: [m[Kunused variable ‘[01m[KdeltaYAW[m[K’ [[01;35m[K-Wunused-variable[m[K]
[21.426s]   152 |                             double [01;35m[KdeltaYAW[m[K = tool::normalizeAngle(tool::d2r(car(3)) - theta);
[21.426s]       |                                    [01;35m[K^~~~~~~~[m[K
[21.426s] [01m[K/home/mm/longshan11_6/src/control/src/control_node.cpp:170:43:[m[K [01;35m[Kwarning: [m[Kunused variable ‘[01m[Klast_sw[m[K’ [[01;35m[K-Wunused-variable[m[K]
[21.427s]   170 |                             static double [01;35m[Klast_sw[m[K = 0;
[21.427s]       |                                           [01;35m[K^~~~~~~[m[K
[21.479s] [01m[K/home/mm/longshan11_6/src/control/src/control_node.cpp:[m[K In member function ‘[01m[Kvoid control_node::timer_can_callback0()[m[K’:
[21.479s] [01m[K/home/mm/longshan11_6/src/control/src/control_node.cpp:294:32:[m[K [01;35m[Kwarning: [m[Kunused variable ‘[01m[Klocal_length[m[K’ [[01;35m[K-Wunused-variable[m[K]
[21.479s]   294 |                         double [01;35m[Klocal_length[m[K = optTrajxy.cols()*0.5;
[21.479s]       |                                [01;35m[K^~~~~~~~~~~~[m[K
[25.818s] [01m[K/home/mm/longshan11_6/src/control/src/pure_pursuit.cpp:[m[K In member function ‘[01m[Kvoid pure_pursuit::getPreviewpoint(Eigen::VectorXd, Eigen::MatrixXd&, int)[m[K’:
[25.818s] [01m[K/home/mm/longshan11_6/src/control/src/pure_pursuit.cpp:18:12:[m[K [01;35m[Kwarning: [m[Kunused variable ‘[01m[Ksum_distance[m[K’ [[01;35m[K-Wunused-variable[m[K]
[25.819s]    18 |     double [01;35m[Ksum_distance[m[K;
[25.819s]       |            [01;35m[K^~~~~~~~~~~~[m[K
[26.716s] [ 81%] [32mBuilding CXX object CMakeFiles/control_node.dir/src/stanley.cpp.o[0m
[33.382s] [ 90%] [32mBuilding CXX object CMakeFiles/control_node.dir/src/toolKits.cpp.o[0m
[57.801s] [100%] [32m[1mLinking CXX executable control_node[0m
[60.187s] [100%] Built target control_node
[60.301s] Invoked command in '/home/mm/longshan11_6/build/control' returned '0': CMAKE_PREFIX_PATH=/opt/ros/foxy /usr/bin/cmake --build /home/mm/longshan11_6/build/control -- -j4 -l4
[60.386s] Invoking command in '/home/mm/longshan11_6/build/control': CMAKE_PREFIX_PATH=/opt/ros/foxy /usr/bin/cmake --install /home/mm/longshan11_6/build/control
[60.405s] -- Install configuration: ""
[60.406s] -- Installing: /home/mm/longshan11_6/install/control/lib/control/control_node
[60.420s] -- Set runtime path of "/home/mm/longshan11_6/install/control/lib/control/control_node" to ""
[60.420s] -- Installing: /home/mm/longshan11_6/install/control/share/control/launch
[60.421s] -- Installing: /home/mm/longshan11_6/install/control/share/control/launch/control.launch.py
[60.424s] -- Installing: /home/mm/longshan11_6/install/control/share/ament_index/resource_index/package_run_dependencies/control
[60.425s] -- Installing: /home/mm/longshan11_6/install/control/share/ament_index/resource_index/parent_prefix_path/control
[60.427s] -- Installing: /home/mm/longshan11_6/install/control/share/control/environment/ament_prefix_path.sh
[60.428s] -- Installing: /home/mm/longshan11_6/install/control/share/control/environment/ament_prefix_path.dsv
[60.428s] -- Installing: /home/mm/longshan11_6/install/control/share/control/environment/path.sh
[60.429s] -- Installing: /home/mm/longshan11_6/install/control/share/control/environment/path.dsv
[60.429s] -- Installing: /home/mm/longshan11_6/install/control/share/control/local_setup.bash
[60.430s] -- Installing: /home/mm/longshan11_6/install/control/share/control/local_setup.sh
[60.430s] -- Installing: /home/mm/longshan11_6/install/control/share/control/local_setup.zsh
[60.431s] -- Installing: /home/mm/longshan11_6/install/control/share/control/local_setup.dsv
[60.431s] -- Installing: /home/mm/longshan11_6/install/control/share/control/package.dsv
[60.432s] -- Installing: /home/mm/longshan11_6/install/control/share/ament_index/resource_index/packages/control
[60.432s] -- Installing: /home/mm/longshan11_6/install/control/share/control/cmake/controlConfig.cmake
[60.433s] -- Installing: /home/mm/longshan11_6/install/control/share/control/cmake/controlConfig-version.cmake
[60.434s] -- Installing: /home/mm/longshan11_6/install/control/share/control/package.xml
[60.437s] Invoked command in '/home/mm/longshan11_6/build/control' returned '0': CMAKE_PREFIX_PATH=/opt/ros/foxy /usr/bin/cmake --install /home/mm/longshan11_6/build/control
