[1.008s] Invoking command in '/home/mm/longshan12_2/src/draw_messages': PYTHONPATH=/home/mm/longshan12_2/build/draw_messages/prefix_override:/home/mm/longshan12_2/install/draw_messages/lib/python3.8/site-packages:${PYTHONPATH} /usr/bin/python3 -W ignore:setup.py install is deprecated setup.py egg_info --egg-base ../../build/draw_messages build --build-base /home/mm/longshan12_2/build/draw_messages/build install --record /home/mm/longshan12_2/build/draw_messages/install.log --install-scripts $base/lib/draw_messages --single-version-externally-managed install_data
[1.389s] running egg_info
[1.389s] writing ../../build/draw_messages/draw_messages.egg-info/PKG-INFO
[1.391s] writing dependency_links to ../../build/draw_messages/draw_messages.egg-info/dependency_links.txt
[1.391s] writing entry points to ../../build/draw_messages/draw_messages.egg-info/entry_points.txt
[1.391s] writing requirements to ../../build/draw_messages/draw_messages.egg-info/requires.txt
[1.391s] writing top-level names to ../../build/draw_messages/draw_messages.egg-info/top_level.txt
[1.451s] reading manifest file '../../build/draw_messages/draw_messages.egg-info/SOURCES.txt'
[1.452s] writing manifest file '../../build/draw_messages/draw_messages.egg-info/SOURCES.txt'
[1.452s] running build
[1.452s] running build_py
[1.453s] running install
[1.454s] running install_lib
[1.455s] running install_data
[1.456s] running install_egg_info
[1.457s] removing '/home/mm/longshan12_2/install/draw_messages/lib/python3.8/site-packages/draw_messages-0.0.0-py3.8.egg-info' (and everything under it)
[1.460s] Copying ../../build/draw_messages/draw_messages.egg-info to /home/mm/longshan12_2/install/draw_messages/lib/python3.8/site-packages/draw_messages-0.0.0-py3.8.egg-info
[1.460s] running install_scripts
[1.504s] Installing real_time_plot script to /home/mm/longshan12_2/install/draw_messages/lib/draw_messages
[1.504s] writing list of installed files to '/home/mm/longshan12_2/build/draw_messages/install.log'
[1.534s] Invoked command in '/home/mm/longshan12_2/src/draw_messages' returned '0': PYTHONPATH=/home/mm/longshan12_2/build/draw_messages/prefix_override:/home/mm/longshan12_2/install/draw_messages/lib/python3.8/site-packages:${PYTHONPATH} /usr/bin/python3 -W ignore:setup.py install is deprecated setup.py egg_info --egg-base ../../build/draw_messages build --build-base /home/mm/longshan12_2/build/draw_messages/build install --record /home/mm/longshan12_2/build/draw_messages/install.log --install-scripts $base/lib/draw_messages --single-version-externally-managed install_data
