[0.247s] DEBUG:colcon:Command line arguments: ['/usr/bin/colcon', 'build']
[0.247s] DEBUG:colcon:Parsed command line arguments: Namespace(allow_overriding=[], ament_cmake_args=None, base_paths=['.'], build_base='build', catkin_cmake_args=None, catkin_skip_building_tests=False, cmake_args=None, cmake_clean_cache=False, cmake_clean_first=False, cmake_force_configure=False, cmake_target=None, cmake_target_skip_unavailable=False, continue_on_error=False, event_handlers=None, executor='parallel', ignore_user_meta=False, install_base='install', log_base=None, log_level=None, main=<bound method BuildVerb.main of <colcon_core.verb.build.BuildVerb object at 0x7f63350350a0>>, merge_install=False, metas=['./colcon.meta'], packages_above=None, packages_above_and_dependencies=None, packages_above_depth=None, packages_end=None, packages_ignore=None, packages_ignore_regex=None, packages_select=None, packages_select_build_failed=False, packages_select_by_dep=None, packages_select_regex=None, packages_select_test_failures=False, packages_skip=None, packages_skip_build_finished=False, packages_skip_by_dep=None, packages_skip_regex=None, packages_skip_test_passed=False, packages_skip_up_to=None, packages_start=None, packages_up_to=None, packages_up_to_regex=None, parallel_workers=4, paths=None, symlink_install=False, test_result_base=None, verb_extension=<colcon_core.verb.build.BuildVerb object at 0x7f63350350a0>, verb_name='build', verb_parser=<colcon_defaults.argument_parser.defaults.DefaultArgumentsDecorator object at 0x7f6334ea2af0>)
[0.454s] Level 1:colcon.colcon_core.package_discovery:discover_packages(colcon_meta) check parameters
[0.454s] Level 1:colcon.colcon_core.package_discovery:discover_packages(recursive) check parameters
[0.455s] Level 1:colcon.colcon_core.package_discovery:discover_packages(ignore) check parameters
[0.455s] Level 1:colcon.colcon_core.package_discovery:discover_packages(path) check parameters
[0.455s] Level 1:colcon.colcon_core.package_discovery:discover_packages(colcon_meta) discover
[0.455s] Level 1:colcon.colcon_core.package_discovery:discover_packages(recursive) discover
[0.455s] INFO:colcon.colcon_core.package_discovery:Crawling recursively for packages in '/home/mm/longshan11_6'
[0.455s] Level 1:colcon.colcon_core.package_identification:_identify(.) by extensions ['ignore', 'ignore_ament_install']
[0.455s] Level 1:colcon.colcon_core.package_identification:_identify(.) by extension 'ignore'
[0.455s] Level 1:colcon.colcon_core.package_identification:_identify(.) by extension 'ignore_ament_install'
[0.455s] Level 1:colcon.colcon_core.package_identification:_identify(.) by extensions ['colcon_pkg']
[0.455s] Level 1:colcon.colcon_core.package_identification:_identify(.) by extension 'colcon_pkg'
[0.455s] Level 1:colcon.colcon_core.package_identification:_identify(.) by extensions ['colcon_meta']
[0.455s] Level 1:colcon.colcon_core.package_identification:_identify(.) by extension 'colcon_meta'
[0.455s] Level 1:colcon.colcon_core.package_identification:_identify(.) by extensions ['ros']
[0.455s] Level 1:colcon.colcon_core.package_identification:_identify(.) by extension 'ros'
[0.470s] Level 1:colcon.colcon_core.package_identification:_identify(.) by extensions ['cmake', 'python']
[0.470s] Level 1:colcon.colcon_core.package_identification:_identify(.) by extension 'cmake'
[0.470s] Level 1:colcon.colcon_core.package_identification:_identify(.) by extension 'python'
[0.470s] Level 1:colcon.colcon_core.package_identification:_identify(.) by extensions ['python_setup_py']
[0.470s] Level 1:colcon.colcon_core.package_identification:_identify(.) by extension 'python_setup_py'
[0.470s] Level 1:colcon.colcon_core.package_identification:_identify(build) by extensions ['ignore', 'ignore_ament_install']
[0.470s] Level 1:colcon.colcon_core.package_identification:_identify(build) by extension 'ignore'
[0.470s] Level 1:colcon.colcon_core.package_identification:_identify(build) ignored
[0.470s] Level 1:colcon.colcon_core.package_identification:_identify(install) by extensions ['ignore', 'ignore_ament_install']
[0.470s] Level 1:colcon.colcon_core.package_identification:_identify(install) by extension 'ignore'
[0.471s] Level 1:colcon.colcon_core.package_identification:_identify(install) ignored
[0.471s] Level 1:colcon.colcon_core.package_identification:_identify(log) by extensions ['ignore', 'ignore_ament_install']
[0.471s] Level 1:colcon.colcon_core.package_identification:_identify(log) by extension 'ignore'
[0.471s] Level 1:colcon.colcon_core.package_identification:_identify(log) ignored
[0.471s] Level 1:colcon.colcon_core.package_identification:_identify(src) by extensions ['ignore', 'ignore_ament_install']
[0.471s] Level 1:colcon.colcon_core.package_identification:_identify(src) by extension 'ignore'
[0.471s] Level 1:colcon.colcon_core.package_identification:_identify(src) by extension 'ignore_ament_install'
[0.471s] Level 1:colcon.colcon_core.package_identification:_identify(src) by extensions ['colcon_pkg']
[0.471s] Level 1:colcon.colcon_core.package_identification:_identify(src) by extension 'colcon_pkg'
[0.471s] Level 1:colcon.colcon_core.package_identification:_identify(src) by extensions ['colcon_meta']
[0.471s] Level 1:colcon.colcon_core.package_identification:_identify(src) by extension 'colcon_meta'
[0.471s] Level 1:colcon.colcon_core.package_identification:_identify(src) by extensions ['ros']
[0.471s] Level 1:colcon.colcon_core.package_identification:_identify(src) by extension 'ros'
[0.471s] Level 1:colcon.colcon_core.package_identification:_identify(src) by extensions ['cmake', 'python']
[0.472s] Level 1:colcon.colcon_core.package_identification:_identify(src) by extension 'cmake'
[0.472s] Level 1:colcon.colcon_core.package_identification:_identify(src) by extension 'python'
[0.472s] Level 1:colcon.colcon_core.package_identification:_identify(src) by extensions ['python_setup_py']
[0.472s] Level 1:colcon.colcon_core.package_identification:_identify(src) by extension 'python_setup_py'
[0.472s] Level 1:colcon.colcon_core.package_identification:_identify(src/can) by extensions ['ignore', 'ignore_ament_install']
[0.472s] Level 1:colcon.colcon_core.package_identification:_identify(src/can) by extension 'ignore'
[0.472s] Level 1:colcon.colcon_core.package_identification:_identify(src/can) by extension 'ignore_ament_install'
[0.472s] Level 1:colcon.colcon_core.package_identification:_identify(src/can) by extensions ['colcon_pkg']
[0.472s] Level 1:colcon.colcon_core.package_identification:_identify(src/can) by extension 'colcon_pkg'
[0.472s] Level 1:colcon.colcon_core.package_identification:_identify(src/can) by extensions ['colcon_meta']
[0.472s] Level 1:colcon.colcon_core.package_identification:_identify(src/can) by extension 'colcon_meta'
[0.472s] Level 1:colcon.colcon_core.package_identification:_identify(src/can) by extensions ['ros']
[0.472s] Level 1:colcon.colcon_core.package_identification:_identify(src/can) by extension 'ros'
[0.476s] DEBUG:colcon.colcon_core.package_identification:Package 'src/can' with type 'ros.ament_cmake' and name 'can'
[0.476s] Level 1:colcon.colcon_core.package_identification:_identify(src/control) by extensions ['ignore', 'ignore_ament_install']
[0.476s] Level 1:colcon.colcon_core.package_identification:_identify(src/control) by extension 'ignore'
[0.476s] Level 1:colcon.colcon_core.package_identification:_identify(src/control) by extension 'ignore_ament_install'
[0.476s] Level 1:colcon.colcon_core.package_identification:_identify(src/control) by extensions ['colcon_pkg']
[0.476s] Level 1:colcon.colcon_core.package_identification:_identify(src/control) by extension 'colcon_pkg'
[0.476s] Level 1:colcon.colcon_core.package_identification:_identify(src/control) by extensions ['colcon_meta']
[0.476s] Level 1:colcon.colcon_core.package_identification:_identify(src/control) by extension 'colcon_meta'
[0.476s] Level 1:colcon.colcon_core.package_identification:_identify(src/control) by extensions ['ros']
[0.476s] Level 1:colcon.colcon_core.package_identification:_identify(src/control) by extension 'ros'
[0.477s] DEBUG:colcon.colcon_core.package_identification:Package 'src/control' with type 'ros.ament_cmake' and name 'control'
[0.477s] Level 1:colcon.colcon_core.package_identification:_identify(src/draw_messages) by extensions ['ignore', 'ignore_ament_install']
[0.477s] Level 1:colcon.colcon_core.package_identification:_identify(src/draw_messages) by extension 'ignore'
[0.477s] Level 1:colcon.colcon_core.package_identification:_identify(src/draw_messages) by extension 'ignore_ament_install'
[0.478s] Level 1:colcon.colcon_core.package_identification:_identify(src/draw_messages) by extensions ['colcon_pkg']
[0.478s] Level 1:colcon.colcon_core.package_identification:_identify(src/draw_messages) by extension 'colcon_pkg'
[0.478s] Level 1:colcon.colcon_core.package_identification:_identify(src/draw_messages) by extensions ['colcon_meta']
[0.478s] Level 1:colcon.colcon_core.package_identification:_identify(src/draw_messages) by extension 'colcon_meta'
[0.478s] Level 1:colcon.colcon_core.package_identification:_identify(src/draw_messages) by extensions ['ros']
[0.478s] Level 1:colcon.colcon_core.package_identification:_identify(src/draw_messages) by extension 'ros'
[0.479s] DEBUG:colcon.colcon_core.package_identification:Package 'src/draw_messages' with type 'ros.ament_python' and name 'draw_messages'
[0.479s] Level 1:colcon.colcon_core.package_identification:_identify(src/global) by extensions ['ignore', 'ignore_ament_install']
[0.479s] Level 1:colcon.colcon_core.package_identification:_identify(src/global) by extension 'ignore'
[0.479s] Level 1:colcon.colcon_core.package_identification:_identify(src/global) by extension 'ignore_ament_install'
[0.479s] Level 1:colcon.colcon_core.package_identification:_identify(src/global) by extensions ['colcon_pkg']
[0.479s] Level 1:colcon.colcon_core.package_identification:_identify(src/global) by extension 'colcon_pkg'
[0.479s] Level 1:colcon.colcon_core.package_identification:_identify(src/global) by extensions ['colcon_meta']
[0.479s] Level 1:colcon.colcon_core.package_identification:_identify(src/global) by extension 'colcon_meta'
[0.479s] Level 1:colcon.colcon_core.package_identification:_identify(src/global) by extensions ['ros']
[0.479s] Level 1:colcon.colcon_core.package_identification:_identify(src/global) by extension 'ros'
[0.480s] DEBUG:colcon.colcon_core.package_identification:Package 'src/global' with type 'ros.ament_cmake' and name 'global'
[0.481s] Level 1:colcon.colcon_core.package_identification:_identify(src/gnss) by extensions ['ignore', 'ignore_ament_install']
[0.481s] Level 1:colcon.colcon_core.package_identification:_identify(src/gnss) by extension 'ignore'
[0.481s] Level 1:colcon.colcon_core.package_identification:_identify(src/gnss) by extension 'ignore_ament_install'
[0.481s] Level 1:colcon.colcon_core.package_identification:_identify(src/gnss) by extensions ['colcon_pkg']
[0.481s] Level 1:colcon.colcon_core.package_identification:_identify(src/gnss) by extension 'colcon_pkg'
[0.481s] Level 1:colcon.colcon_core.package_identification:_identify(src/gnss) by extensions ['colcon_meta']
[0.481s] Level 1:colcon.colcon_core.package_identification:_identify(src/gnss) by extension 'colcon_meta'
[0.481s] Level 1:colcon.colcon_core.package_identification:_identify(src/gnss) by extensions ['ros']
[0.481s] Level 1:colcon.colcon_core.package_identification:_identify(src/gnss) by extension 'ros'
[0.482s] DEBUG:colcon.colcon_core.package_identification:Package 'src/gnss' with type 'ros.ament_cmake' and name 'gnss'
[0.482s] Level 1:colcon.colcon_core.package_identification:_identify(src/hmi) by extensions ['ignore', 'ignore_ament_install']
[0.482s] Level 1:colcon.colcon_core.package_identification:_identify(src/hmi) by extension 'ignore'
[0.482s] Level 1:colcon.colcon_core.package_identification:_identify(src/hmi) by extension 'ignore_ament_install'
[0.482s] Level 1:colcon.colcon_core.package_identification:_identify(src/hmi) by extensions ['colcon_pkg']
[0.483s] Level 1:colcon.colcon_core.package_identification:_identify(src/hmi) by extension 'colcon_pkg'
[0.483s] Level 1:colcon.colcon_core.package_identification:_identify(src/hmi) by extensions ['colcon_meta']
[0.483s] Level 1:colcon.colcon_core.package_identification:_identify(src/hmi) by extension 'colcon_meta'
[0.483s] Level 1:colcon.colcon_core.package_identification:_identify(src/hmi) by extensions ['ros']
[0.483s] Level 1:colcon.colcon_core.package_identification:_identify(src/hmi) by extension 'ros'
[0.483s] DEBUG:colcon.colcon_core.package_identification:Package 'src/hmi' with type 'ros.ament_cmake' and name 'hmi'
[0.484s] Level 1:colcon.colcon_core.package_identification:_identify(src/lidar_processing) by extensions ['ignore', 'ignore_ament_install']
[0.484s] Level 1:colcon.colcon_core.package_identification:_identify(src/lidar_processing) by extension 'ignore'
[0.484s] Level 1:colcon.colcon_core.package_identification:_identify(src/lidar_processing) by extension 'ignore_ament_install'
[0.484s] Level 1:colcon.colcon_core.package_identification:_identify(src/lidar_processing) by extensions ['colcon_pkg']
[0.484s] Level 1:colcon.colcon_core.package_identification:_identify(src/lidar_processing) by extension 'colcon_pkg'
[0.484s] Level 1:colcon.colcon_core.package_identification:_identify(src/lidar_processing) by extensions ['colcon_meta']
[0.484s] Level 1:colcon.colcon_core.package_identification:_identify(src/lidar_processing) by extension 'colcon_meta'
[0.484s] Level 1:colcon.colcon_core.package_identification:_identify(src/lidar_processing) by extensions ['ros']
[0.484s] Level 1:colcon.colcon_core.package_identification:_identify(src/lidar_processing) by extension 'ros'
[0.485s] DEBUG:colcon.colcon_core.package_identification:Package 'src/lidar_processing' with type 'ros.ament_cmake' and name 'lidar_processing'
[0.486s] Level 1:colcon.colcon_core.package_identification:_identify(src/local) by extensions ['ignore', 'ignore_ament_install']
[0.486s] Level 1:colcon.colcon_core.package_identification:_identify(src/local) by extension 'ignore'
[0.486s] Level 1:colcon.colcon_core.package_identification:_identify(src/local) by extension 'ignore_ament_install'
[0.486s] Level 1:colcon.colcon_core.package_identification:_identify(src/local) by extensions ['colcon_pkg']
[0.486s] Level 1:colcon.colcon_core.package_identification:_identify(src/local) by extension 'colcon_pkg'
[0.486s] Level 1:colcon.colcon_core.package_identification:_identify(src/local) by extensions ['colcon_meta']
[0.486s] Level 1:colcon.colcon_core.package_identification:_identify(src/local) by extension 'colcon_meta'
[0.486s] Level 1:colcon.colcon_core.package_identification:_identify(src/local) by extensions ['ros']
[0.486s] Level 1:colcon.colcon_core.package_identification:_identify(src/local) by extension 'ros'
[0.487s] DEBUG:colcon.colcon_core.package_identification:Package 'src/local' with type 'ros.ament_cmake' and name 'local'
[0.487s] Level 1:colcon.colcon_core.package_identification:_identify(src/myrviz) by extensions ['ignore', 'ignore_ament_install']
[0.487s] Level 1:colcon.colcon_core.package_identification:_identify(src/myrviz) by extension 'ignore'
[0.487s] Level 1:colcon.colcon_core.package_identification:_identify(src/myrviz) by extension 'ignore_ament_install'
[0.487s] Level 1:colcon.colcon_core.package_identification:_identify(src/myrviz) by extensions ['colcon_pkg']
[0.487s] Level 1:colcon.colcon_core.package_identification:_identify(src/myrviz) by extension 'colcon_pkg'
[0.487s] Level 1:colcon.colcon_core.package_identification:_identify(src/myrviz) by extensions ['colcon_meta']
[0.487s] Level 1:colcon.colcon_core.package_identification:_identify(src/myrviz) by extension 'colcon_meta'
[0.487s] Level 1:colcon.colcon_core.package_identification:_identify(src/myrviz) by extensions ['ros']
[0.488s] Level 1:colcon.colcon_core.package_identification:_identify(src/myrviz) by extension 'ros'
[0.488s] DEBUG:colcon.colcon_core.package_identification:Package 'src/myrviz' with type 'ros.ament_cmake' and name 'myrviz'
[0.489s] Level 1:colcon.colcon_core.package_identification:_identify(src/ros2_path_interfaces) by extensions ['ignore', 'ignore_ament_install']
[0.489s] Level 1:colcon.colcon_core.package_identification:_identify(src/ros2_path_interfaces) by extension 'ignore'
[0.489s] Level 1:colcon.colcon_core.package_identification:_identify(src/ros2_path_interfaces) by extension 'ignore_ament_install'
[0.489s] Level 1:colcon.colcon_core.package_identification:_identify(src/ros2_path_interfaces) by extensions ['colcon_pkg']
[0.489s] Level 1:colcon.colcon_core.package_identification:_identify(src/ros2_path_interfaces) by extension 'colcon_pkg'
[0.489s] Level 1:colcon.colcon_core.package_identification:_identify(src/ros2_path_interfaces) by extensions ['colcon_meta']
[0.489s] Level 1:colcon.colcon_core.package_identification:_identify(src/ros2_path_interfaces) by extension 'colcon_meta'
[0.489s] Level 1:colcon.colcon_core.package_identification:_identify(src/ros2_path_interfaces) by extensions ['ros']
[0.489s] Level 1:colcon.colcon_core.package_identification:_identify(src/ros2_path_interfaces) by extension 'ros'
[0.490s] DEBUG:colcon.colcon_core.package_identification:Package 'src/ros2_path_interfaces' with type 'ros.ament_cmake' and name 'ros2_path_interfaces'
[0.490s] Level 1:colcon.colcon_core.package_identification:_identify(src/voxel_dipgseg) by extensions ['ignore', 'ignore_ament_install']
[0.490s] Level 1:colcon.colcon_core.package_identification:_identify(src/voxel_dipgseg) by extension 'ignore'
[0.490s] Level 1:colcon.colcon_core.package_identification:_identify(src/voxel_dipgseg) by extension 'ignore_ament_install'
[0.490s] Level 1:colcon.colcon_core.package_identification:_identify(src/voxel_dipgseg) by extensions ['colcon_pkg']
[0.490s] Level 1:colcon.colcon_core.package_identification:_identify(src/voxel_dipgseg) by extension 'colcon_pkg'
[0.490s] Level 1:colcon.colcon_core.package_identification:_identify(src/voxel_dipgseg) by extensions ['colcon_meta']
[0.490s] Level 1:colcon.colcon_core.package_identification:_identify(src/voxel_dipgseg) by extension 'colcon_meta'
[0.490s] Level 1:colcon.colcon_core.package_identification:_identify(src/voxel_dipgseg) by extensions ['ros']
[0.490s] Level 1:colcon.colcon_core.package_identification:_identify(src/voxel_dipgseg) by extension 'ros'
[0.491s] DEBUG:colcon.colcon_core.package_identification:Package 'src/voxel_dipgseg' with type 'ros.ament_cmake' and name 'dipgseg'
[0.491s] Level 1:colcon.colcon_core.package_discovery:discover_packages(recursive) using defaults
[0.491s] Level 1:colcon.colcon_core.package_discovery:discover_packages(ignore) discover
[0.491s] Level 1:colcon.colcon_core.package_discovery:discover_packages(ignore) using defaults
[0.491s] Level 1:colcon.colcon_core.package_discovery:discover_packages(path) discover
[0.491s] Level 1:colcon.colcon_core.package_discovery:discover_packages(path) using defaults
[0.517s] Level 1:colcon.colcon_core.package_discovery:discover_packages(prefix_path) check parameters
[0.517s] Level 1:colcon.colcon_core.package_discovery:discover_packages(prefix_path) discover
[0.519s] DEBUG:colcon.colcon_installed_package_information.package_discovery:Found 265 installed packages in /opt/ros/foxy
[0.521s] Level 1:colcon.colcon_core.package_discovery:discover_packages(prefix_path) using defaults
[0.619s] Level 5:colcon.colcon_core.verb:set package 'can' build argument 'cmake_args' from command line to 'None'
[0.619s] Level 5:colcon.colcon_core.verb:set package 'can' build argument 'cmake_target' from command line to 'None'
[0.619s] Level 5:colcon.colcon_core.verb:set package 'can' build argument 'cmake_target_skip_unavailable' from command line to 'False'
[0.619s] Level 5:colcon.colcon_core.verb:set package 'can' build argument 'cmake_clean_cache' from command line to 'False'
[0.619s] Level 5:colcon.colcon_core.verb:set package 'can' build argument 'cmake_clean_first' from command line to 'False'
[0.619s] Level 5:colcon.colcon_core.verb:set package 'can' build argument 'cmake_force_configure' from command line to 'False'
[0.619s] Level 5:colcon.colcon_core.verb:set package 'can' build argument 'ament_cmake_args' from command line to 'None'
[0.619s] Level 5:colcon.colcon_core.verb:set package 'can' build argument 'catkin_cmake_args' from command line to 'None'
[0.619s] Level 5:colcon.colcon_core.verb:set package 'can' build argument 'catkin_skip_building_tests' from command line to 'False'
[0.619s] DEBUG:colcon.colcon_core.verb:Building package 'can' with the following arguments: {'ament_cmake_args': None, 'build_base': '/home/mm/longshan11_6/build/can', 'catkin_cmake_args': None, 'catkin_skip_building_tests': False, 'cmake_args': None, 'cmake_clean_cache': False, 'cmake_clean_first': False, 'cmake_force_configure': False, 'cmake_target': None, 'cmake_target_skip_unavailable': False, 'install_base': '/home/mm/longshan11_6/install/can', 'merge_install': False, 'path': '/home/mm/longshan11_6/src/can', 'symlink_install': False, 'test_result_base': None}
[0.620s] Level 5:colcon.colcon_core.verb:set package 'control' build argument 'cmake_args' from command line to 'None'
[0.620s] Level 5:colcon.colcon_core.verb:set package 'control' build argument 'cmake_target' from command line to 'None'
[0.620s] Level 5:colcon.colcon_core.verb:set package 'control' build argument 'cmake_target_skip_unavailable' from command line to 'False'
[0.620s] Level 5:colcon.colcon_core.verb:set package 'control' build argument 'cmake_clean_cache' from command line to 'False'
[0.620s] Level 5:colcon.colcon_core.verb:set package 'control' build argument 'cmake_clean_first' from command line to 'False'
[0.620s] Level 5:colcon.colcon_core.verb:set package 'control' build argument 'cmake_force_configure' from command line to 'False'
[0.620s] Level 5:colcon.colcon_core.verb:set package 'control' build argument 'ament_cmake_args' from command line to 'None'
[0.620s] Level 5:colcon.colcon_core.verb:set package 'control' build argument 'catkin_cmake_args' from command line to 'None'
[0.620s] Level 5:colcon.colcon_core.verb:set package 'control' build argument 'catkin_skip_building_tests' from command line to 'False'
[0.620s] DEBUG:colcon.colcon_core.verb:Building package 'control' with the following arguments: {'ament_cmake_args': None, 'build_base': '/home/mm/longshan11_6/build/control', 'catkin_cmake_args': None, 'catkin_skip_building_tests': False, 'cmake_args': None, 'cmake_clean_cache': False, 'cmake_clean_first': False, 'cmake_force_configure': False, 'cmake_target': None, 'cmake_target_skip_unavailable': False, 'install_base': '/home/mm/longshan11_6/install/control', 'merge_install': False, 'path': '/home/mm/longshan11_6/src/control', 'symlink_install': False, 'test_result_base': None}
[0.621s] Level 5:colcon.colcon_core.verb:set package 'dipgseg' build argument 'cmake_args' from command line to 'None'
[0.621s] Level 5:colcon.colcon_core.verb:set package 'dipgseg' build argument 'cmake_target' from command line to 'None'
[0.621s] Level 5:colcon.colcon_core.verb:set package 'dipgseg' build argument 'cmake_target_skip_unavailable' from command line to 'False'
[0.621s] Level 5:colcon.colcon_core.verb:set package 'dipgseg' build argument 'cmake_clean_cache' from command line to 'False'
[0.621s] Level 5:colcon.colcon_core.verb:set package 'dipgseg' build argument 'cmake_clean_first' from command line to 'False'
[0.621s] Level 5:colcon.colcon_core.verb:set package 'dipgseg' build argument 'cmake_force_configure' from command line to 'False'
[0.621s] Level 5:colcon.colcon_core.verb:set package 'dipgseg' build argument 'ament_cmake_args' from command line to 'None'
[0.621s] Level 5:colcon.colcon_core.verb:set package 'dipgseg' build argument 'catkin_cmake_args' from command line to 'None'
[0.621s] Level 5:colcon.colcon_core.verb:set package 'dipgseg' build argument 'catkin_skip_building_tests' from command line to 'False'
[0.621s] DEBUG:colcon.colcon_core.verb:Building package 'dipgseg' with the following arguments: {'ament_cmake_args': None, 'build_base': '/home/mm/longshan11_6/build/dipgseg', 'catkin_cmake_args': None, 'catkin_skip_building_tests': False, 'cmake_args': None, 'cmake_clean_cache': False, 'cmake_clean_first': False, 'cmake_force_configure': False, 'cmake_target': None, 'cmake_target_skip_unavailable': False, 'install_base': '/home/mm/longshan11_6/install/dipgseg', 'merge_install': False, 'path': '/home/mm/longshan11_6/src/voxel_dipgseg', 'symlink_install': False, 'test_result_base': None}
[0.621s] Level 5:colcon.colcon_core.verb:set package 'draw_messages' build argument 'cmake_args' from command line to 'None'
[0.621s] Level 5:colcon.colcon_core.verb:set package 'draw_messages' build argument 'cmake_target' from command line to 'None'
[0.622s] Level 5:colcon.colcon_core.verb:set package 'draw_messages' build argument 'cmake_target_skip_unavailable' from command line to 'False'
[0.622s] Level 5:colcon.colcon_core.verb:set package 'draw_messages' build argument 'cmake_clean_cache' from command line to 'False'
[0.622s] Level 5:colcon.colcon_core.verb:set package 'draw_messages' build argument 'cmake_clean_first' from command line to 'False'
[0.622s] Level 5:colcon.colcon_core.verb:set package 'draw_messages' build argument 'cmake_force_configure' from command line to 'False'
[0.622s] Level 5:colcon.colcon_core.verb:set package 'draw_messages' build argument 'ament_cmake_args' from command line to 'None'
[0.622s] Level 5:colcon.colcon_core.verb:set package 'draw_messages' build argument 'catkin_cmake_args' from command line to 'None'
[0.622s] Level 5:colcon.colcon_core.verb:set package 'draw_messages' build argument 'catkin_skip_building_tests' from command line to 'False'
[0.622s] DEBUG:colcon.colcon_core.verb:Building package 'draw_messages' with the following arguments: {'ament_cmake_args': None, 'build_base': '/home/mm/longshan11_6/build/draw_messages', 'catkin_cmake_args': None, 'catkin_skip_building_tests': False, 'cmake_args': None, 'cmake_clean_cache': False, 'cmake_clean_first': False, 'cmake_force_configure': False, 'cmake_target': None, 'cmake_target_skip_unavailable': False, 'install_base': '/home/mm/longshan11_6/install/draw_messages', 'merge_install': False, 'path': '/home/mm/longshan11_6/src/draw_messages', 'symlink_install': False, 'test_result_base': None}
[0.622s] Level 5:colcon.colcon_core.verb:set package 'gnss' build argument 'cmake_args' from command line to 'None'
[0.622s] Level 5:colcon.colcon_core.verb:set package 'gnss' build argument 'cmake_target' from command line to 'None'
[0.622s] Level 5:colcon.colcon_core.verb:set package 'gnss' build argument 'cmake_target_skip_unavailable' from command line to 'False'
[0.622s] Level 5:colcon.colcon_core.verb:set package 'gnss' build argument 'cmake_clean_cache' from command line to 'False'
[0.622s] Level 5:colcon.colcon_core.verb:set package 'gnss' build argument 'cmake_clean_first' from command line to 'False'
[0.622s] Level 5:colcon.colcon_core.verb:set package 'gnss' build argument 'cmake_force_configure' from command line to 'False'
[0.622s] Level 5:colcon.colcon_core.verb:set package 'gnss' build argument 'ament_cmake_args' from command line to 'None'
[0.622s] Level 5:colcon.colcon_core.verb:set package 'gnss' build argument 'catkin_cmake_args' from command line to 'None'
[0.622s] Level 5:colcon.colcon_core.verb:set package 'gnss' build argument 'catkin_skip_building_tests' from command line to 'False'
[0.622s] DEBUG:colcon.colcon_core.verb:Building package 'gnss' with the following arguments: {'ament_cmake_args': None, 'build_base': '/home/mm/longshan11_6/build/gnss', 'catkin_cmake_args': None, 'catkin_skip_building_tests': False, 'cmake_args': None, 'cmake_clean_cache': False, 'cmake_clean_first': False, 'cmake_force_configure': False, 'cmake_target': None, 'cmake_target_skip_unavailable': False, 'install_base': '/home/mm/longshan11_6/install/gnss', 'merge_install': False, 'path': '/home/mm/longshan11_6/src/gnss', 'symlink_install': False, 'test_result_base': None}
[0.623s] Level 5:colcon.colcon_core.verb:set package 'hmi' build argument 'cmake_args' from command line to 'None'
[0.623s] Level 5:colcon.colcon_core.verb:set package 'hmi' build argument 'cmake_target' from command line to 'None'
[0.623s] Level 5:colcon.colcon_core.verb:set package 'hmi' build argument 'cmake_target_skip_unavailable' from command line to 'False'
[0.623s] Level 5:colcon.colcon_core.verb:set package 'hmi' build argument 'cmake_clean_cache' from command line to 'False'
[0.623s] Level 5:colcon.colcon_core.verb:set package 'hmi' build argument 'cmake_clean_first' from command line to 'False'
[0.623s] Level 5:colcon.colcon_core.verb:set package 'hmi' build argument 'cmake_force_configure' from command line to 'False'
[0.623s] Level 5:colcon.colcon_core.verb:set package 'hmi' build argument 'ament_cmake_args' from command line to 'None'
[0.623s] Level 5:colcon.colcon_core.verb:set package 'hmi' build argument 'catkin_cmake_args' from command line to 'None'
[0.623s] Level 5:colcon.colcon_core.verb:set package 'hmi' build argument 'catkin_skip_building_tests' from command line to 'False'
[0.623s] DEBUG:colcon.colcon_core.verb:Building package 'hmi' with the following arguments: {'ament_cmake_args': None, 'build_base': '/home/mm/longshan11_6/build/hmi', 'catkin_cmake_args': None, 'catkin_skip_building_tests': False, 'cmake_args': None, 'cmake_clean_cache': False, 'cmake_clean_first': False, 'cmake_force_configure': False, 'cmake_target': None, 'cmake_target_skip_unavailable': False, 'install_base': '/home/mm/longshan11_6/install/hmi', 'merge_install': False, 'path': '/home/mm/longshan11_6/src/hmi', 'symlink_install': False, 'test_result_base': None}
[0.624s] Level 5:colcon.colcon_core.verb:set package 'lidar_processing' build argument 'cmake_args' from command line to 'None'
[0.624s] Level 5:colcon.colcon_core.verb:set package 'lidar_processing' build argument 'cmake_target' from command line to 'None'
[0.624s] Level 5:colcon.colcon_core.verb:set package 'lidar_processing' build argument 'cmake_target_skip_unavailable' from command line to 'False'
[0.624s] Level 5:colcon.colcon_core.verb:set package 'lidar_processing' build argument 'cmake_clean_cache' from command line to 'False'
[0.624s] Level 5:colcon.colcon_core.verb:set package 'lidar_processing' build argument 'cmake_clean_first' from command line to 'False'
[0.624s] Level 5:colcon.colcon_core.verb:set package 'lidar_processing' build argument 'cmake_force_configure' from command line to 'False'
[0.624s] Level 5:colcon.colcon_core.verb:set package 'lidar_processing' build argument 'ament_cmake_args' from command line to 'None'
[0.624s] Level 5:colcon.colcon_core.verb:set package 'lidar_processing' build argument 'catkin_cmake_args' from command line to 'None'
[0.624s] Level 5:colcon.colcon_core.verb:set package 'lidar_processing' build argument 'catkin_skip_building_tests' from command line to 'False'
[0.624s] DEBUG:colcon.colcon_core.verb:Building package 'lidar_processing' with the following arguments: {'ament_cmake_args': None, 'build_base': '/home/mm/longshan11_6/build/lidar_processing', 'catkin_cmake_args': None, 'catkin_skip_building_tests': False, 'cmake_args': None, 'cmake_clean_cache': False, 'cmake_clean_first': False, 'cmake_force_configure': False, 'cmake_target': None, 'cmake_target_skip_unavailable': False, 'install_base': '/home/mm/longshan11_6/install/lidar_processing', 'merge_install': False, 'path': '/home/mm/longshan11_6/src/lidar_processing', 'symlink_install': False, 'test_result_base': None}
[0.624s] Level 5:colcon.colcon_core.verb:set package 'myrviz' build argument 'cmake_args' from command line to 'None'
[0.624s] Level 5:colcon.colcon_core.verb:set package 'myrviz' build argument 'cmake_target' from command line to 'None'
[0.624s] Level 5:colcon.colcon_core.verb:set package 'myrviz' build argument 'cmake_target_skip_unavailable' from command line to 'False'
[0.625s] Level 5:colcon.colcon_core.verb:set package 'myrviz' build argument 'cmake_clean_cache' from command line to 'False'
[0.625s] Level 5:colcon.colcon_core.verb:set package 'myrviz' build argument 'cmake_clean_first' from command line to 'False'
[0.625s] Level 5:colcon.colcon_core.verb:set package 'myrviz' build argument 'cmake_force_configure' from command line to 'False'
[0.625s] Level 5:colcon.colcon_core.verb:set package 'myrviz' build argument 'ament_cmake_args' from command line to 'None'
[0.625s] Level 5:colcon.colcon_core.verb:set package 'myrviz' build argument 'catkin_cmake_args' from command line to 'None'
[0.625s] Level 5:colcon.colcon_core.verb:set package 'myrviz' build argument 'catkin_skip_building_tests' from command line to 'False'
[0.625s] DEBUG:colcon.colcon_core.verb:Building package 'myrviz' with the following arguments: {'ament_cmake_args': None, 'build_base': '/home/mm/longshan11_6/build/myrviz', 'catkin_cmake_args': None, 'catkin_skip_building_tests': False, 'cmake_args': None, 'cmake_clean_cache': False, 'cmake_clean_first': False, 'cmake_force_configure': False, 'cmake_target': None, 'cmake_target_skip_unavailable': False, 'install_base': '/home/mm/longshan11_6/install/myrviz', 'merge_install': False, 'path': '/home/mm/longshan11_6/src/myrviz', 'symlink_install': False, 'test_result_base': None}
[0.625s] Level 5:colcon.colcon_core.verb:set package 'ros2_path_interfaces' build argument 'cmake_args' from command line to 'None'
[0.625s] Level 5:colcon.colcon_core.verb:set package 'ros2_path_interfaces' build argument 'cmake_target' from command line to 'None'
[0.625s] Level 5:colcon.colcon_core.verb:set package 'ros2_path_interfaces' build argument 'cmake_target_skip_unavailable' from command line to 'False'
[0.625s] Level 5:colcon.colcon_core.verb:set package 'ros2_path_interfaces' build argument 'cmake_clean_cache' from command line to 'False'
[0.625s] Level 5:colcon.colcon_core.verb:set package 'ros2_path_interfaces' build argument 'cmake_clean_first' from command line to 'False'
[0.625s] Level 5:colcon.colcon_core.verb:set package 'ros2_path_interfaces' build argument 'cmake_force_configure' from command line to 'False'
[0.625s] Level 5:colcon.colcon_core.verb:set package 'ros2_path_interfaces' build argument 'ament_cmake_args' from command line to 'None'
[0.625s] Level 5:colcon.colcon_core.verb:set package 'ros2_path_interfaces' build argument 'catkin_cmake_args' from command line to 'None'
[0.625s] Level 5:colcon.colcon_core.verb:set package 'ros2_path_interfaces' build argument 'catkin_skip_building_tests' from command line to 'False'
[0.626s] DEBUG:colcon.colcon_core.verb:Building package 'ros2_path_interfaces' with the following arguments: {'ament_cmake_args': None, 'build_base': '/home/mm/longshan11_6/build/ros2_path_interfaces', 'catkin_cmake_args': None, 'catkin_skip_building_tests': False, 'cmake_args': None, 'cmake_clean_cache': False, 'cmake_clean_first': False, 'cmake_force_configure': False, 'cmake_target': None, 'cmake_target_skip_unavailable': False, 'install_base': '/home/mm/longshan11_6/install/ros2_path_interfaces', 'merge_install': False, 'path': '/home/mm/longshan11_6/src/ros2_path_interfaces', 'symlink_install': False, 'test_result_base': None}
[0.626s] Level 5:colcon.colcon_core.verb:set package 'global' build argument 'cmake_args' from command line to 'None'
[0.626s] Level 5:colcon.colcon_core.verb:set package 'global' build argument 'cmake_target' from command line to 'None'
[0.626s] Level 5:colcon.colcon_core.verb:set package 'global' build argument 'cmake_target_skip_unavailable' from command line to 'False'
[0.626s] Level 5:colcon.colcon_core.verb:set package 'global' build argument 'cmake_clean_cache' from command line to 'False'
[0.626s] Level 5:colcon.colcon_core.verb:set package 'global' build argument 'cmake_clean_first' from command line to 'False'
[0.626s] Level 5:colcon.colcon_core.verb:set package 'global' build argument 'cmake_force_configure' from command line to 'False'
[0.626s] Level 5:colcon.colcon_core.verb:set package 'global' build argument 'ament_cmake_args' from command line to 'None'
[0.626s] Level 5:colcon.colcon_core.verb:set package 'global' build argument 'catkin_cmake_args' from command line to 'None'
[0.626s] Level 5:colcon.colcon_core.verb:set package 'global' build argument 'catkin_skip_building_tests' from command line to 'False'
[0.626s] DEBUG:colcon.colcon_core.verb:Building package 'global' with the following arguments: {'ament_cmake_args': None, 'build_base': '/home/mm/longshan11_6/build/global', 'catkin_cmake_args': None, 'catkin_skip_building_tests': False, 'cmake_args': None, 'cmake_clean_cache': False, 'cmake_clean_first': False, 'cmake_force_configure': False, 'cmake_target': None, 'cmake_target_skip_unavailable': False, 'install_base': '/home/mm/longshan11_6/install/global', 'merge_install': False, 'path': '/home/mm/longshan11_6/src/global', 'symlink_install': False, 'test_result_base': None}
[0.627s] Level 5:colcon.colcon_core.verb:set package 'local' build argument 'cmake_args' from command line to 'None'
[0.627s] Level 5:colcon.colcon_core.verb:set package 'local' build argument 'cmake_target' from command line to 'None'
[0.627s] Level 5:colcon.colcon_core.verb:set package 'local' build argument 'cmake_target_skip_unavailable' from command line to 'False'
[0.627s] Level 5:colcon.colcon_core.verb:set package 'local' build argument 'cmake_clean_cache' from command line to 'False'
[0.627s] Level 5:colcon.colcon_core.verb:set package 'local' build argument 'cmake_clean_first' from command line to 'False'
[0.627s] Level 5:colcon.colcon_core.verb:set package 'local' build argument 'cmake_force_configure' from command line to 'False'
[0.627s] Level 5:colcon.colcon_core.verb:set package 'local' build argument 'ament_cmake_args' from command line to 'None'
[0.627s] Level 5:colcon.colcon_core.verb:set package 'local' build argument 'catkin_cmake_args' from command line to 'None'
[0.627s] Level 5:colcon.colcon_core.verb:set package 'local' build argument 'catkin_skip_building_tests' from command line to 'False'
[0.627s] DEBUG:colcon.colcon_core.verb:Building package 'local' with the following arguments: {'ament_cmake_args': None, 'build_base': '/home/mm/longshan11_6/build/local', 'catkin_cmake_args': None, 'catkin_skip_building_tests': False, 'cmake_args': None, 'cmake_clean_cache': False, 'cmake_clean_first': False, 'cmake_force_configure': False, 'cmake_target': None, 'cmake_target_skip_unavailable': False, 'install_base': '/home/mm/longshan11_6/install/local', 'merge_install': False, 'path': '/home/mm/longshan11_6/src/local', 'symlink_install': False, 'test_result_base': None}
[0.627s] INFO:colcon.colcon_core.executor:Executing jobs using 'parallel' executor
[0.628s] DEBUG:colcon.colcon_parallel_executor.executor.parallel:run_until_complete
[0.629s] INFO:colcon.colcon_ros.task.ament_cmake.build:Building ROS package in '/home/mm/longshan11_6/src/ros2_path_interfaces' with build type 'ament_cmake'
[0.629s] INFO:colcon.colcon_cmake.task.cmake.build:Building CMake package in '/home/mm/longshan11_6/src/ros2_path_interfaces'
[0.633s] INFO:colcon.colcon_core.plugin_system:Skipping extension 'colcon_core.shell.bat': Not used on non-Windows systems
[0.633s] INFO:colcon.colcon_core.shell:Skip shell extension 'powershell' for command environment: Not usable outside of PowerShell
[0.633s] DEBUG:colcon.colcon_core.shell:Skip shell extension 'dsv' for command environment
[0.637s] INFO:colcon.colcon_ros.task.ament_cmake.build:Building ROS package in '/home/mm/longshan11_6/src/can' with build type 'ament_cmake'
[0.637s] INFO:colcon.colcon_cmake.task.cmake.build:Building CMake package in '/home/mm/longshan11_6/src/can'
[0.638s] INFO:colcon.colcon_core.shell:Skip shell extension 'powershell' for command environment: Not usable outside of PowerShell
[0.638s] DEBUG:colcon.colcon_core.shell:Skip shell extension 'dsv' for command environment
[0.645s] INFO:colcon.colcon_ros.task.ament_cmake.build:Building ROS package in '/home/mm/longshan11_6/src/control' with build type 'ament_cmake'
[0.645s] INFO:colcon.colcon_cmake.task.cmake.build:Building CMake package in '/home/mm/longshan11_6/src/control'
[0.645s] INFO:colcon.colcon_core.shell:Skip shell extension 'powershell' for command environment: Not usable outside of PowerShell
[0.646s] DEBUG:colcon.colcon_core.shell:Skip shell extension 'dsv' for command environment
[0.651s] INFO:colcon.colcon_ros.task.ament_cmake.build:Building ROS package in '/home/mm/longshan11_6/src/voxel_dipgseg' with build type 'ament_cmake'
[0.652s] INFO:colcon.colcon_cmake.task.cmake.build:Building CMake package in '/home/mm/longshan11_6/src/voxel_dipgseg'
[0.652s] INFO:colcon.colcon_core.shell:Skip shell extension 'powershell' for command environment: Not usable outside of PowerShell
[0.652s] DEBUG:colcon.colcon_core.shell:Skip shell extension 'dsv' for command environment
[0.666s] DEBUG:colcon.colcon_core.event_handler.log_command:Invoking command in '/home/mm/longshan11_6/build/ros2_path_interfaces': CMAKE_PREFIX_PATH=/opt/ros/foxy /usr/bin/cmake /home/mm/longshan11_6/src/ros2_path_interfaces -DCMAKE_INSTALL_PREFIX=/home/mm/longshan11_6/install/ros2_path_interfaces
[0.675s] DEBUG:colcon.colcon_core.event_handler.log_command:Invoking command in '/home/mm/longshan11_6/build/can': CMAKE_PREFIX_PATH=/opt/ros/foxy /usr/bin/cmake /home/mm/longshan11_6/src/can -DCMAKE_INSTALL_PREFIX=/home/mm/longshan11_6/install/can
[0.697s] DEBUG:colcon.colcon_core.event_handler.log_command:Invoking command in '/home/mm/longshan11_6/build/control': CMAKE_PREFIX_PATH=/opt/ros/foxy /usr/bin/cmake /home/mm/longshan11_6/src/control -DCMAKE_INSTALL_PREFIX=/home/mm/longshan11_6/install/control
[0.702s] DEBUG:colcon.colcon_core.event_handler.log_command:Invoking command in '/home/mm/longshan11_6/build/dipgseg': CMAKE_PREFIX_PATH=/opt/ros/foxy /usr/bin/cmake /home/mm/longshan11_6/src/voxel_dipgseg -DCMAKE_INSTALL_PREFIX=/home/mm/longshan11_6/install/dipgseg
[3.692s] DEBUG:colcon.colcon_core.event_handler.log_command:Invoked command in '/home/mm/longshan11_6/build/ros2_path_interfaces' returned '0': CMAKE_PREFIX_PATH=/opt/ros/foxy /usr/bin/cmake /home/mm/longshan11_6/src/ros2_path_interfaces -DCMAKE_INSTALL_PREFIX=/home/mm/longshan11_6/install/ros2_path_interfaces
[3.695s] DEBUG:colcon.colcon_core.event_handler.log_command:Invoking command in '/home/mm/longshan11_6/build/ros2_path_interfaces': CMAKE_PREFIX_PATH=/opt/ros/foxy /usr/bin/cmake --build /home/mm/longshan11_6/build/ros2_path_interfaces -- -j4 -l4
[4.026s] DEBUG:colcon.colcon_core.event_handler.log_command:Invoked command in '/home/mm/longshan11_6/build/can' returned '0': CMAKE_PREFIX_PATH=/opt/ros/foxy /usr/bin/cmake /home/mm/longshan11_6/src/can -DCMAKE_INSTALL_PREFIX=/home/mm/longshan11_6/install/can
[4.034s] DEBUG:colcon.colcon_core.event_handler.log_command:Invoking command in '/home/mm/longshan11_6/build/can': CMAKE_PREFIX_PATH=/opt/ros/foxy /usr/bin/cmake --build /home/mm/longshan11_6/build/can -- -j4 -l4
[4.153s] DEBUG:colcon.colcon_core.event_handler.log_command:Invoked command in '/home/mm/longshan11_6/build/control' returned '0': CMAKE_PREFIX_PATH=/opt/ros/foxy /usr/bin/cmake /home/mm/longshan11_6/src/control -DCMAKE_INSTALL_PREFIX=/home/mm/longshan11_6/install/control
[4.158s] DEBUG:colcon.colcon_core.event_handler.log_command:Invoking command in '/home/mm/longshan11_6/build/control': CMAKE_PREFIX_PATH=/opt/ros/foxy /usr/bin/cmake --build /home/mm/longshan11_6/build/control -- -j4 -l4
[8.879s] DEBUG:colcon.colcon_core.event_handler.log_command:Invoked command in '/home/mm/longshan11_6/build/dipgseg' returned '0': CMAKE_PREFIX_PATH=/opt/ros/foxy /usr/bin/cmake /home/mm/longshan11_6/src/voxel_dipgseg -DCMAKE_INSTALL_PREFIX=/home/mm/longshan11_6/install/dipgseg
[8.882s] DEBUG:colcon.colcon_core.event_handler.log_command:Invoking command in '/home/mm/longshan11_6/build/dipgseg': CMAKE_PREFIX_PATH=/opt/ros/foxy /usr/bin/cmake --build /home/mm/longshan11_6/build/dipgseg -- -j4 -l4
[20.222s] DEBUG:colcon.colcon_core.event_handler.log_command:Invoked command in '/home/mm/longshan11_6/build/ros2_path_interfaces' returned '0': CMAKE_PREFIX_PATH=/opt/ros/foxy /usr/bin/cmake --build /home/mm/longshan11_6/build/ros2_path_interfaces -- -j4 -l4
[21.179s] DEBUG:colcon.colcon_core.event_handler.log_command:Invoking command in '/home/mm/longshan11_6/build/ros2_path_interfaces': CMAKE_PREFIX_PATH=/opt/ros/foxy /usr/bin/cmake --install /home/mm/longshan11_6/build/ros2_path_interfaces
[21.960s] Level 1:colcon.colcon_core.environment:create_environment_scripts_only(ros2_path_interfaces)
[21.962s] DEBUG:colcon.colcon_core.event_handler.log_command:Invoked command in '/home/mm/longshan11_6/build/ros2_path_interfaces' returned '0': CMAKE_PREFIX_PATH=/opt/ros/foxy /usr/bin/cmake --install /home/mm/longshan11_6/build/ros2_path_interfaces
[21.985s] Level 1:colcon.colcon_core.environment:checking '/home/mm/longshan11_6/install/ros2_path_interfaces' for CMake module files
[21.986s] Level 1:colcon.colcon_core.environment:checking '/home/mm/longshan11_6/install/ros2_path_interfaces' for CMake config files
[21.996s] Level 1:colcon.colcon_core.shell:create_environment_hook('ros2_path_interfaces', 'cmake_prefix_path')
[21.997s] INFO:colcon.colcon_core.shell:Creating environment hook '/home/mm/longshan11_6/install/ros2_path_interfaces/share/ros2_path_interfaces/hook/cmake_prefix_path.ps1'
[22.001s] INFO:colcon.colcon_core.shell:Creating environment descriptor '/home/mm/longshan11_6/install/ros2_path_interfaces/share/ros2_path_interfaces/hook/cmake_prefix_path.dsv'
[22.003s] INFO:colcon.colcon_core.shell:Creating environment hook '/home/mm/longshan11_6/install/ros2_path_interfaces/share/ros2_path_interfaces/hook/cmake_prefix_path.sh'
[22.005s] Level 1:colcon.colcon_core.environment:checking '/home/mm/longshan11_6/install/ros2_path_interfaces/lib'
[22.006s] Level 1:colcon.colcon_core.shell:create_environment_hook('ros2_path_interfaces', 'ld_library_path_lib')
[22.006s] INFO:colcon.colcon_core.shell:Creating environment hook '/home/mm/longshan11_6/install/ros2_path_interfaces/share/ros2_path_interfaces/hook/ld_library_path_lib.ps1'
[22.008s] INFO:colcon.colcon_core.shell:Creating environment descriptor '/home/mm/longshan11_6/install/ros2_path_interfaces/share/ros2_path_interfaces/hook/ld_library_path_lib.dsv'
[22.008s] INFO:colcon.colcon_core.shell:Creating environment hook '/home/mm/longshan11_6/install/ros2_path_interfaces/share/ros2_path_interfaces/hook/ld_library_path_lib.sh'
[22.009s] Level 1:colcon.colcon_core.environment:checking '/home/mm/longshan11_6/install/ros2_path_interfaces/bin'
[22.009s] Level 1:colcon.colcon_core.environment:checking '/home/mm/longshan11_6/install/ros2_path_interfaces/lib/pkgconfig/ros2_path_interfaces.pc'
[22.009s] Level 1:colcon.colcon_core.environment:checking '/home/mm/longshan11_6/install/ros2_path_interfaces/lib/python3.8/site-packages'
[22.009s] Level 1:colcon.colcon_core.shell:create_environment_hook('ros2_path_interfaces', 'pythonpath')
[22.010s] INFO:colcon.colcon_core.shell:Creating environment hook '/home/mm/longshan11_6/install/ros2_path_interfaces/share/ros2_path_interfaces/hook/pythonpath.ps1'
[22.010s] INFO:colcon.colcon_core.shell:Creating environment descriptor '/home/mm/longshan11_6/install/ros2_path_interfaces/share/ros2_path_interfaces/hook/pythonpath.dsv'
[22.011s] INFO:colcon.colcon_core.shell:Creating environment hook '/home/mm/longshan11_6/install/ros2_path_interfaces/share/ros2_path_interfaces/hook/pythonpath.sh'
[22.023s] Level 1:colcon.colcon_core.environment:checking '/home/mm/longshan11_6/install/ros2_path_interfaces/bin'
[22.025s] INFO:colcon.colcon_core.shell:Creating package script '/home/mm/longshan11_6/install/ros2_path_interfaces/share/ros2_path_interfaces/package.ps1'
[22.027s] INFO:colcon.colcon_core.shell:Creating package descriptor '/home/mm/longshan11_6/install/ros2_path_interfaces/share/ros2_path_interfaces/package.dsv'
[22.030s] INFO:colcon.colcon_core.shell:Creating package script '/home/mm/longshan11_6/install/ros2_path_interfaces/share/ros2_path_interfaces/package.sh'
[22.032s] INFO:colcon.colcon_core.shell:Creating package script '/home/mm/longshan11_6/install/ros2_path_interfaces/share/ros2_path_interfaces/package.bash'
[22.035s] INFO:colcon.colcon_core.shell:Creating package script '/home/mm/longshan11_6/install/ros2_path_interfaces/share/ros2_path_interfaces/package.zsh'
[22.046s] Level 1:colcon.colcon_core.environment:create_file_with_runtime_dependencies(/home/mm/longshan11_6/install/ros2_path_interfaces/share/colcon-core/packages/ros2_path_interfaces)
[22.818s] Level 1:colcon.colcon_core.environment:create_environment_scripts_only(ros2_path_interfaces)
[22.819s] Level 1:colcon.colcon_core.environment:checking '/home/mm/longshan11_6/install/ros2_path_interfaces' for CMake module files
[22.820s] Level 1:colcon.colcon_core.environment:checking '/home/mm/longshan11_6/install/ros2_path_interfaces' for CMake config files
[22.821s] Level 1:colcon.colcon_core.shell:create_environment_hook('ros2_path_interfaces', 'cmake_prefix_path')
[22.821s] INFO:colcon.colcon_core.shell:Creating environment hook '/home/mm/longshan11_6/install/ros2_path_interfaces/share/ros2_path_interfaces/hook/cmake_prefix_path.ps1'
[22.822s] INFO:colcon.colcon_core.shell:Creating environment descriptor '/home/mm/longshan11_6/install/ros2_path_interfaces/share/ros2_path_interfaces/hook/cmake_prefix_path.dsv'
[22.823s] INFO:colcon.colcon_core.shell:Creating environment hook '/home/mm/longshan11_6/install/ros2_path_interfaces/share/ros2_path_interfaces/hook/cmake_prefix_path.sh'
[22.824s] Level 1:colcon.colcon_core.environment:checking '/home/mm/longshan11_6/install/ros2_path_interfaces/lib'
[22.825s] Level 1:colcon.colcon_core.shell:create_environment_hook('ros2_path_interfaces', 'ld_library_path_lib')
[22.825s] INFO:colcon.colcon_core.shell:Creating environment hook '/home/mm/longshan11_6/install/ros2_path_interfaces/share/ros2_path_interfaces/hook/ld_library_path_lib.ps1'
[22.826s] INFO:colcon.colcon_core.shell:Creating environment descriptor '/home/mm/longshan11_6/install/ros2_path_interfaces/share/ros2_path_interfaces/hook/ld_library_path_lib.dsv'
[22.826s] INFO:colcon.colcon_core.shell:Creating environment hook '/home/mm/longshan11_6/install/ros2_path_interfaces/share/ros2_path_interfaces/hook/ld_library_path_lib.sh'
[22.843s] Level 1:colcon.colcon_core.environment:checking '/home/mm/longshan11_6/install/ros2_path_interfaces/bin'
[22.844s] Level 1:colcon.colcon_core.environment:checking '/home/mm/longshan11_6/install/ros2_path_interfaces/lib/pkgconfig/ros2_path_interfaces.pc'
[22.844s] Level 1:colcon.colcon_core.environment:checking '/home/mm/longshan11_6/install/ros2_path_interfaces/lib/python3.8/site-packages'
[22.844s] Level 1:colcon.colcon_core.shell:create_environment_hook('ros2_path_interfaces', 'pythonpath')
[22.845s] INFO:colcon.colcon_core.shell:Creating environment hook '/home/mm/longshan11_6/install/ros2_path_interfaces/share/ros2_path_interfaces/hook/pythonpath.ps1'
[22.846s] INFO:colcon.colcon_core.shell:Creating environment descriptor '/home/mm/longshan11_6/install/ros2_path_interfaces/share/ros2_path_interfaces/hook/pythonpath.dsv'
[22.847s] INFO:colcon.colcon_core.shell:Creating environment hook '/home/mm/longshan11_6/install/ros2_path_interfaces/share/ros2_path_interfaces/hook/pythonpath.sh'
[22.848s] Level 1:colcon.colcon_core.environment:checking '/home/mm/longshan11_6/install/ros2_path_interfaces/bin'
[22.849s] INFO:colcon.colcon_core.shell:Creating package script '/home/mm/longshan11_6/install/ros2_path_interfaces/share/ros2_path_interfaces/package.ps1'
[22.850s] INFO:colcon.colcon_core.shell:Creating package descriptor '/home/mm/longshan11_6/install/ros2_path_interfaces/share/ros2_path_interfaces/package.dsv'
[22.851s] INFO:colcon.colcon_core.shell:Creating package script '/home/mm/longshan11_6/install/ros2_path_interfaces/share/ros2_path_interfaces/package.sh'
[22.852s] INFO:colcon.colcon_core.shell:Creating package script '/home/mm/longshan11_6/install/ros2_path_interfaces/share/ros2_path_interfaces/package.bash'
[22.853s] INFO:colcon.colcon_core.shell:Creating package script '/home/mm/longshan11_6/install/ros2_path_interfaces/share/ros2_path_interfaces/package.zsh'
[22.854s] Level 1:colcon.colcon_core.environment:create_file_with_runtime_dependencies(/home/mm/longshan11_6/install/ros2_path_interfaces/share/colcon-core/packages/ros2_path_interfaces)
[22.868s] INFO:colcon.colcon_ros.task.ament_python.build:Building ROS package in '/home/mm/longshan11_6/src/draw_messages' with build type 'ament_python'
[22.870s] Level 1:colcon.colcon_core.shell:create_environment_hook('draw_messages', 'ament_prefix_path')
[22.870s] INFO:colcon.colcon_core.shell:Creating environment hook '/home/mm/longshan11_6/install/draw_messages/share/draw_messages/hook/ament_prefix_path.ps1'
[22.872s] INFO:colcon.colcon_core.shell:Creating environment descriptor '/home/mm/longshan11_6/install/draw_messages/share/draw_messages/hook/ament_prefix_path.dsv'
[22.873s] INFO:colcon.colcon_core.shell:Creating environment hook '/home/mm/longshan11_6/install/draw_messages/share/draw_messages/hook/ament_prefix_path.sh'
[22.874s] INFO:colcon.colcon_core.shell:Skip shell extension 'powershell' for command environment: Not usable outside of PowerShell
[22.874s] DEBUG:colcon.colcon_core.shell:Skip shell extension 'dsv' for command environment
[24.429s] INFO:colcon.colcon_core.task.python.build:Building Python package in '/home/mm/longshan11_6/src/draw_messages'
[24.429s] INFO:colcon.colcon_core.shell:Skip shell extension 'powershell' for command environment: Not usable outside of PowerShell
[24.429s] DEBUG:colcon.colcon_core.shell:Skip shell extension 'dsv' for command environment
[26.056s] DEBUG:colcon.colcon_core.event_handler.log_command:Invoking command in '/home/mm/longshan11_6/src/draw_messages': PYTHONPATH=/home/mm/longshan11_6/build/draw_messages/prefix_override:/home/mm/longshan11_6/install/draw_messages/lib/python3.8/site-packages:${PYTHONPATH} /usr/bin/python3 -W ignore:setup.py install is deprecated setup.py egg_info --egg-base ../../build/draw_messages build --build-base /home/mm/longshan11_6/build/draw_messages/build install --record /home/mm/longshan11_6/build/draw_messages/install.log --install-scripts $base/lib/draw_messages --single-version-externally-managed install_data
[27.409s] Level 1:colcon.colcon_core.environment:checking '/home/mm/longshan11_6/install/draw_messages' for CMake module files
[27.411s] DEBUG:colcon.colcon_core.event_handler.log_command:Invoked command in '/home/mm/longshan11_6/src/draw_messages' returned '0': PYTHONPATH=/home/mm/longshan11_6/build/draw_messages/prefix_override:/home/mm/longshan11_6/install/draw_messages/lib/python3.8/site-packages:${PYTHONPATH} /usr/bin/python3 -W ignore:setup.py install is deprecated setup.py egg_info --egg-base ../../build/draw_messages build --build-base /home/mm/longshan11_6/build/draw_messages/build install --record /home/mm/longshan11_6/build/draw_messages/install.log --install-scripts $base/lib/draw_messages --single-version-externally-managed install_data
[27.411s] Level 1:colcon.colcon_core.environment:checking '/home/mm/longshan11_6/install/draw_messages' for CMake config files
[27.412s] Level 1:colcon.colcon_core.environment:checking '/home/mm/longshan11_6/install/draw_messages/lib'
[27.412s] Level 1:colcon.colcon_core.environment:checking '/home/mm/longshan11_6/install/draw_messages/bin'
[27.412s] Level 1:colcon.colcon_core.environment:checking '/home/mm/longshan11_6/install/draw_messages/lib/pkgconfig/draw_messages.pc'
[27.413s] Level 1:colcon.colcon_core.environment:checking '/home/mm/longshan11_6/install/draw_messages/lib/python3.8/site-packages'
[27.413s] Level 1:colcon.colcon_core.shell:create_environment_hook('draw_messages', 'pythonpath')
[27.413s] INFO:colcon.colcon_core.shell:Creating environment hook '/home/mm/longshan11_6/install/draw_messages/share/draw_messages/hook/pythonpath.ps1'
[27.414s] INFO:colcon.colcon_core.shell:Creating environment descriptor '/home/mm/longshan11_6/install/draw_messages/share/draw_messages/hook/pythonpath.dsv'
[27.415s] INFO:colcon.colcon_core.shell:Creating environment hook '/home/mm/longshan11_6/install/draw_messages/share/draw_messages/hook/pythonpath.sh'
[27.415s] Level 1:colcon.colcon_core.environment:checking '/home/mm/longshan11_6/install/draw_messages/bin'
[27.415s] Level 1:colcon.colcon_core.environment:create_environment_scripts_only(draw_messages)
[27.416s] INFO:colcon.colcon_core.shell:Creating package script '/home/mm/longshan11_6/install/draw_messages/share/draw_messages/package.ps1'
[27.417s] INFO:colcon.colcon_core.shell:Creating package descriptor '/home/mm/longshan11_6/install/draw_messages/share/draw_messages/package.dsv'
[27.417s] INFO:colcon.colcon_core.shell:Creating package script '/home/mm/longshan11_6/install/draw_messages/share/draw_messages/package.sh'
[27.418s] INFO:colcon.colcon_core.shell:Creating package script '/home/mm/longshan11_6/install/draw_messages/share/draw_messages/package.bash'
[27.419s] INFO:colcon.colcon_core.shell:Creating package script '/home/mm/longshan11_6/install/draw_messages/share/draw_messages/package.zsh'
[27.419s] Level 1:colcon.colcon_core.environment:create_file_with_runtime_dependencies(/home/mm/longshan11_6/install/draw_messages/share/colcon-core/packages/draw_messages)
[27.420s] INFO:colcon.colcon_ros.task.ament_cmake.build:Building ROS package in '/home/mm/longshan11_6/src/gnss' with build type 'ament_cmake'
[27.420s] INFO:colcon.colcon_cmake.task.cmake.build:Building CMake package in '/home/mm/longshan11_6/src/gnss'
[27.421s] INFO:colcon.colcon_core.shell:Skip shell extension 'powershell' for command environment: Not usable outside of PowerShell
[27.421s] DEBUG:colcon.colcon_core.shell:Skip shell extension 'dsv' for command environment
[27.534s] DEBUG:colcon.colcon_core.event_handler.log_command:Invoking command in '/home/mm/longshan11_6/build/gnss': CMAKE_PREFIX_PATH=/opt/ros/foxy /usr/bin/cmake /home/mm/longshan11_6/src/gnss -DCMAKE_INSTALL_PREFIX=/home/mm/longshan11_6/install/gnss
[32.939s] DEBUG:colcon.colcon_core.event_handler.log_command:Invoked command in '/home/mm/longshan11_6/build/can' returned '0': CMAKE_PREFIX_PATH=/opt/ros/foxy /usr/bin/cmake --build /home/mm/longshan11_6/build/can -- -j4 -l4
[33.075s] DEBUG:colcon.colcon_core.event_handler.log_command:Invoking command in '/home/mm/longshan11_6/build/can': CMAKE_PREFIX_PATH=/opt/ros/foxy /usr/bin/cmake --install /home/mm/longshan11_6/build/can
[33.144s] Level 1:colcon.colcon_core.environment:create_environment_scripts_only(can)
[33.144s] Level 1:colcon.colcon_core.environment:checking '/home/mm/longshan11_6/install/can' for CMake module files
[33.145s] Level 1:colcon.colcon_core.environment:checking '/home/mm/longshan11_6/install/can' for CMake config files
[33.145s] Level 1:colcon.colcon_core.shell:create_environment_hook('can', 'cmake_prefix_path')
[33.146s] INFO:colcon.colcon_core.shell:Creating environment hook '/home/mm/longshan11_6/install/can/share/can/hook/cmake_prefix_path.ps1'
[33.146s] DEBUG:colcon.colcon_core.event_handler.log_command:Invoked command in '/home/mm/longshan11_6/build/can' returned '0': CMAKE_PREFIX_PATH=/opt/ros/foxy /usr/bin/cmake --install /home/mm/longshan11_6/build/can
[33.147s] INFO:colcon.colcon_core.shell:Creating environment descriptor '/home/mm/longshan11_6/install/can/share/can/hook/cmake_prefix_path.dsv'
[33.149s] INFO:colcon.colcon_core.shell:Creating environment hook '/home/mm/longshan11_6/install/can/share/can/hook/cmake_prefix_path.sh'
[33.150s] Level 1:colcon.colcon_core.environment:checking '/home/mm/longshan11_6/install/can/lib'
[33.150s] Level 1:colcon.colcon_core.environment:checking '/home/mm/longshan11_6/install/can/bin'
[33.150s] Level 1:colcon.colcon_core.environment:checking '/home/mm/longshan11_6/install/can/lib/pkgconfig/can.pc'
[33.151s] Level 1:colcon.colcon_core.environment:checking '/home/mm/longshan11_6/install/can/lib/python3.8/site-packages'
[33.151s] Level 1:colcon.colcon_core.environment:checking '/home/mm/longshan11_6/install/can/bin'
[33.152s] INFO:colcon.colcon_core.shell:Creating package script '/home/mm/longshan11_6/install/can/share/can/package.ps1'
[33.153s] INFO:colcon.colcon_core.shell:Creating package descriptor '/home/mm/longshan11_6/install/can/share/can/package.dsv'
[33.160s] INFO:colcon.colcon_core.shell:Creating package script '/home/mm/longshan11_6/install/can/share/can/package.sh'
[33.170s] INFO:colcon.colcon_core.shell:Creating package script '/home/mm/longshan11_6/install/can/share/can/package.bash'
[33.173s] INFO:colcon.colcon_core.shell:Creating package script '/home/mm/longshan11_6/install/can/share/can/package.zsh'
[33.175s] Level 1:colcon.colcon_core.environment:create_file_with_runtime_dependencies(/home/mm/longshan11_6/install/can/share/colcon-core/packages/can)
[33.518s] Level 1:colcon.colcon_core.environment:create_environment_scripts_only(can)
[33.519s] Level 1:colcon.colcon_core.environment:checking '/home/mm/longshan11_6/install/can' for CMake module files
[33.520s] Level 1:colcon.colcon_core.environment:checking '/home/mm/longshan11_6/install/can' for CMake config files
[33.520s] Level 1:colcon.colcon_core.shell:create_environment_hook('can', 'cmake_prefix_path')
[33.521s] INFO:colcon.colcon_core.shell:Creating environment hook '/home/mm/longshan11_6/install/can/share/can/hook/cmake_prefix_path.ps1'
[33.522s] INFO:colcon.colcon_core.shell:Creating environment descriptor '/home/mm/longshan11_6/install/can/share/can/hook/cmake_prefix_path.dsv'
[33.523s] INFO:colcon.colcon_core.shell:Creating environment hook '/home/mm/longshan11_6/install/can/share/can/hook/cmake_prefix_path.sh'
[33.524s] Level 1:colcon.colcon_core.environment:checking '/home/mm/longshan11_6/install/can/lib'
[33.525s] Level 1:colcon.colcon_core.environment:checking '/home/mm/longshan11_6/install/can/bin'
[33.525s] Level 1:colcon.colcon_core.environment:checking '/home/mm/longshan11_6/install/can/lib/pkgconfig/can.pc'
[33.525s] Level 1:colcon.colcon_core.environment:checking '/home/mm/longshan11_6/install/can/lib/python3.8/site-packages'
[33.526s] Level 1:colcon.colcon_core.environment:checking '/home/mm/longshan11_6/install/can/bin'
[33.528s] INFO:colcon.colcon_core.shell:Creating package script '/home/mm/longshan11_6/install/can/share/can/package.ps1'
[33.536s] INFO:colcon.colcon_core.shell:Creating package descriptor '/home/mm/longshan11_6/install/can/share/can/package.dsv'
[33.537s] INFO:colcon.colcon_core.shell:Creating package script '/home/mm/longshan11_6/install/can/share/can/package.sh'
[33.538s] INFO:colcon.colcon_core.shell:Creating package script '/home/mm/longshan11_6/install/can/share/can/package.bash'
[33.539s] INFO:colcon.colcon_core.shell:Creating package script '/home/mm/longshan11_6/install/can/share/can/package.zsh'
[33.540s] Level 1:colcon.colcon_core.environment:create_file_with_runtime_dependencies(/home/mm/longshan11_6/install/can/share/colcon-core/packages/can)
[33.542s] INFO:colcon.colcon_ros.task.ament_cmake.build:Building ROS package in '/home/mm/longshan11_6/src/hmi' with build type 'ament_cmake'
[33.543s] INFO:colcon.colcon_cmake.task.cmake.build:Building CMake package in '/home/mm/longshan11_6/src/hmi'
[33.543s] INFO:colcon.colcon_core.shell:Skip shell extension 'powershell' for command environment: Not usable outside of PowerShell
[33.543s] DEBUG:colcon.colcon_core.shell:Skip shell extension 'dsv' for command environment
[33.589s] DEBUG:colcon.colcon_core.event_handler.log_command:Invoking command in '/home/mm/longshan11_6/build/hmi': CMAKE_PREFIX_PATH=/opt/ros/foxy /usr/bin/cmake /home/mm/longshan11_6/src/hmi -DCMAKE_INSTALL_PREFIX=/home/mm/longshan11_6/install/hmi
[36.402s] DEBUG:colcon.colcon_core.event_handler.log_command:Invoked command in '/home/mm/longshan11_6/build/gnss' returned '0': CMAKE_PREFIX_PATH=/opt/ros/foxy /usr/bin/cmake /home/mm/longshan11_6/src/gnss -DCMAKE_INSTALL_PREFIX=/home/mm/longshan11_6/install/gnss
[36.404s] DEBUG:colcon.colcon_core.event_handler.log_command:Invoking command in '/home/mm/longshan11_6/build/gnss': CMAKE_PREFIX_PATH=/opt/ros/foxy /usr/bin/cmake --build /home/mm/longshan11_6/build/gnss -- -j4 -l4
[40.189s] DEBUG:colcon.colcon_core.event_handler.log_command:Invoked command in '/home/mm/longshan11_6/build/hmi' returned '0': CMAKE_PREFIX_PATH=/opt/ros/foxy /usr/bin/cmake /home/mm/longshan11_6/src/hmi -DCMAKE_INSTALL_PREFIX=/home/mm/longshan11_6/install/hmi
[40.192s] DEBUG:colcon.colcon_core.event_handler.log_command:Invoking command in '/home/mm/longshan11_6/build/hmi': CMAKE_PREFIX_PATH=/opt/ros/foxy /usr/bin/cmake --build /home/mm/longshan11_6/build/hmi -- -j4 -l4
[60.947s] DEBUG:colcon.colcon_core.event_handler.log_command:Invoked command in '/home/mm/longshan11_6/build/control' returned '0': CMAKE_PREFIX_PATH=/opt/ros/foxy /usr/bin/cmake --build /home/mm/longshan11_6/build/control -- -j4 -l4
[61.032s] DEBUG:colcon.colcon_core.event_handler.log_command:Invoking command in '/home/mm/longshan11_6/build/control': CMAKE_PREFIX_PATH=/opt/ros/foxy /usr/bin/cmake --install /home/mm/longshan11_6/build/control
[61.083s] Level 1:colcon.colcon_core.environment:create_environment_scripts_only(control)
[61.084s] DEBUG:colcon.colcon_core.event_handler.log_command:Invoked command in '/home/mm/longshan11_6/build/control' returned '0': CMAKE_PREFIX_PATH=/opt/ros/foxy /usr/bin/cmake --install /home/mm/longshan11_6/build/control
[61.084s] Level 1:colcon.colcon_core.environment:checking '/home/mm/longshan11_6/install/control' for CMake module files
[61.085s] Level 1:colcon.colcon_core.environment:checking '/home/mm/longshan11_6/install/control' for CMake config files
[61.086s] Level 1:colcon.colcon_core.shell:create_environment_hook('control', 'cmake_prefix_path')
[61.086s] INFO:colcon.colcon_core.shell:Creating environment hook '/home/mm/longshan11_6/install/control/share/control/hook/cmake_prefix_path.ps1'
[61.090s] INFO:colcon.colcon_core.shell:Creating environment descriptor '/home/mm/longshan11_6/install/control/share/control/hook/cmake_prefix_path.dsv'
[61.093s] INFO:colcon.colcon_core.shell:Creating environment hook '/home/mm/longshan11_6/install/control/share/control/hook/cmake_prefix_path.sh'
[61.094s] Level 1:colcon.colcon_core.environment:checking '/home/mm/longshan11_6/install/control/lib'
[61.094s] Level 1:colcon.colcon_core.environment:checking '/home/mm/longshan11_6/install/control/bin'
[61.094s] Level 1:colcon.colcon_core.environment:checking '/home/mm/longshan11_6/install/control/lib/pkgconfig/control.pc'
[61.095s] Level 1:colcon.colcon_core.environment:checking '/home/mm/longshan11_6/install/control/lib/python3.8/site-packages'
[61.095s] Level 1:colcon.colcon_core.environment:checking '/home/mm/longshan11_6/install/control/bin'
[61.095s] INFO:colcon.colcon_core.shell:Creating package script '/home/mm/longshan11_6/install/control/share/control/package.ps1'
[61.097s] INFO:colcon.colcon_core.shell:Creating package descriptor '/home/mm/longshan11_6/install/control/share/control/package.dsv'
[61.098s] INFO:colcon.colcon_core.shell:Creating package script '/home/mm/longshan11_6/install/control/share/control/package.sh'
[61.098s] INFO:colcon.colcon_core.shell:Creating package script '/home/mm/longshan11_6/install/control/share/control/package.bash'
[61.099s] INFO:colcon.colcon_core.shell:Creating package script '/home/mm/longshan11_6/install/control/share/control/package.zsh'
[61.102s] Level 1:colcon.colcon_core.environment:create_file_with_runtime_dependencies(/home/mm/longshan11_6/install/control/share/colcon-core/packages/control)
[61.170s] Level 1:colcon.colcon_core.environment:create_environment_scripts_only(control)
[61.171s] Level 1:colcon.colcon_core.environment:checking '/home/mm/longshan11_6/install/control' for CMake module files
[61.172s] Level 1:colcon.colcon_core.environment:checking '/home/mm/longshan11_6/install/control' for CMake config files
[61.172s] Level 1:colcon.colcon_core.shell:create_environment_hook('control', 'cmake_prefix_path')
[61.172s] INFO:colcon.colcon_core.shell:Creating environment hook '/home/mm/longshan11_6/install/control/share/control/hook/cmake_prefix_path.ps1'
[61.173s] INFO:colcon.colcon_core.shell:Creating environment descriptor '/home/mm/longshan11_6/install/control/share/control/hook/cmake_prefix_path.dsv'
[61.174s] INFO:colcon.colcon_core.shell:Creating environment hook '/home/mm/longshan11_6/install/control/share/control/hook/cmake_prefix_path.sh'
[61.175s] Level 1:colcon.colcon_core.environment:checking '/home/mm/longshan11_6/install/control/lib'
[61.175s] Level 1:colcon.colcon_core.environment:checking '/home/mm/longshan11_6/install/control/bin'
[61.175s] Level 1:colcon.colcon_core.environment:checking '/home/mm/longshan11_6/install/control/lib/pkgconfig/control.pc'
[61.176s] Level 1:colcon.colcon_core.environment:checking '/home/mm/longshan11_6/install/control/lib/python3.8/site-packages'
[61.176s] Level 1:colcon.colcon_core.environment:checking '/home/mm/longshan11_6/install/control/bin'
[61.176s] INFO:colcon.colcon_core.shell:Creating package script '/home/mm/longshan11_6/install/control/share/control/package.ps1'
[61.177s] INFO:colcon.colcon_core.shell:Creating package descriptor '/home/mm/longshan11_6/install/control/share/control/package.dsv'
[61.178s] INFO:colcon.colcon_core.shell:Creating package script '/home/mm/longshan11_6/install/control/share/control/package.sh'
[61.179s] INFO:colcon.colcon_core.shell:Creating package script '/home/mm/longshan11_6/install/control/share/control/package.bash'
[61.179s] INFO:colcon.colcon_core.shell:Creating package script '/home/mm/longshan11_6/install/control/share/control/package.zsh'
[61.180s] Level 1:colcon.colcon_core.environment:create_file_with_runtime_dependencies(/home/mm/longshan11_6/install/control/share/colcon-core/packages/control)
[61.181s] INFO:colcon.colcon_ros.task.ament_cmake.build:Building ROS package in '/home/mm/longshan11_6/src/lidar_processing' with build type 'ament_cmake'
[61.181s] INFO:colcon.colcon_cmake.task.cmake.build:Building CMake package in '/home/mm/longshan11_6/src/lidar_processing'
[61.182s] INFO:colcon.colcon_core.shell:Skip shell extension 'powershell' for command environment: Not usable outside of PowerShell
[61.182s] DEBUG:colcon.colcon_core.shell:Skip shell extension 'dsv' for command environment
[61.205s] DEBUG:colcon.colcon_core.event_handler.log_command:Invoking command in '/home/mm/longshan11_6/build/lidar_processing': CMAKE_PREFIX_PATH=/opt/ros/foxy /usr/bin/cmake /home/mm/longshan11_6/src/lidar_processing -DCMAKE_INSTALL_PREFIX=/home/mm/longshan11_6/install/lidar_processing
[66.097s] DEBUG:colcon.colcon_core.event_handler.log_command:Invoked command in '/home/mm/longshan11_6/build/dipgseg' returned '0': CMAKE_PREFIX_PATH=/opt/ros/foxy /usr/bin/cmake --build /home/mm/longshan11_6/build/dipgseg -- -j4 -l4
[66.153s] DEBUG:colcon.colcon_core.event_handler.log_command:Invoking command in '/home/mm/longshan11_6/build/dipgseg': CMAKE_PREFIX_PATH=/opt/ros/foxy /usr/bin/cmake --install /home/mm/longshan11_6/build/dipgseg
[66.207s] Level 1:colcon.colcon_core.environment:create_environment_scripts_only(dipgseg)
[66.208s] Level 1:colcon.colcon_core.environment:checking '/home/mm/longshan11_6/install/dipgseg' for CMake module files
[66.209s] DEBUG:colcon.colcon_core.event_handler.log_command:Invoked command in '/home/mm/longshan11_6/build/dipgseg' returned '0': CMAKE_PREFIX_PATH=/opt/ros/foxy /usr/bin/cmake --install /home/mm/longshan11_6/build/dipgseg
[66.210s] Level 1:colcon.colcon_core.environment:checking '/home/mm/longshan11_6/install/dipgseg' for CMake config files
[66.210s] Level 1:colcon.colcon_core.shell:create_environment_hook('dipgseg', 'cmake_prefix_path')
[66.211s] INFO:colcon.colcon_core.shell:Creating environment hook '/home/mm/longshan11_6/install/dipgseg/share/dipgseg/hook/cmake_prefix_path.ps1'
[66.211s] INFO:colcon.colcon_core.shell:Creating environment descriptor '/home/mm/longshan11_6/install/dipgseg/share/dipgseg/hook/cmake_prefix_path.dsv'
[66.212s] INFO:colcon.colcon_core.shell:Creating environment hook '/home/mm/longshan11_6/install/dipgseg/share/dipgseg/hook/cmake_prefix_path.sh'
[66.213s] Level 1:colcon.colcon_core.environment:checking '/home/mm/longshan11_6/install/dipgseg/lib'
[66.213s] Level 1:colcon.colcon_core.environment:checking '/home/mm/longshan11_6/install/dipgseg/bin'
[66.213s] Level 1:colcon.colcon_core.environment:checking '/home/mm/longshan11_6/install/dipgseg/lib/pkgconfig/dipgseg.pc'
[66.213s] Level 1:colcon.colcon_core.environment:checking '/home/mm/longshan11_6/install/dipgseg/lib/python3.8/site-packages'
[66.214s] Level 1:colcon.colcon_core.environment:checking '/home/mm/longshan11_6/install/dipgseg/bin'
[66.214s] INFO:colcon.colcon_core.shell:Creating package script '/home/mm/longshan11_6/install/dipgseg/share/dipgseg/package.ps1'
[66.215s] INFO:colcon.colcon_core.shell:Creating package descriptor '/home/mm/longshan11_6/install/dipgseg/share/dipgseg/package.dsv'
[66.215s] INFO:colcon.colcon_core.shell:Creating package script '/home/mm/longshan11_6/install/dipgseg/share/dipgseg/package.sh'
[66.216s] INFO:colcon.colcon_core.shell:Creating package script '/home/mm/longshan11_6/install/dipgseg/share/dipgseg/package.bash'
[66.217s] INFO:colcon.colcon_core.shell:Creating package script '/home/mm/longshan11_6/install/dipgseg/share/dipgseg/package.zsh'
[66.217s] Level 1:colcon.colcon_core.environment:create_file_with_runtime_dependencies(/home/mm/longshan11_6/install/dipgseg/share/colcon-core/packages/dipgseg)
[66.283s] Level 1:colcon.colcon_core.environment:create_environment_scripts_only(dipgseg)
[66.285s] Level 1:colcon.colcon_core.environment:checking '/home/mm/longshan11_6/install/dipgseg' for CMake module files
[66.288s] Level 1:colcon.colcon_core.environment:checking '/home/mm/longshan11_6/install/dipgseg' for CMake config files
[66.290s] Level 1:colcon.colcon_core.shell:create_environment_hook('dipgseg', 'cmake_prefix_path')
[66.291s] INFO:colcon.colcon_core.shell:Creating environment hook '/home/mm/longshan11_6/install/dipgseg/share/dipgseg/hook/cmake_prefix_path.ps1'
[66.292s] INFO:colcon.colcon_core.shell:Creating environment descriptor '/home/mm/longshan11_6/install/dipgseg/share/dipgseg/hook/cmake_prefix_path.dsv'
[66.293s] INFO:colcon.colcon_core.shell:Creating environment hook '/home/mm/longshan11_6/install/dipgseg/share/dipgseg/hook/cmake_prefix_path.sh'
[66.295s] Level 1:colcon.colcon_core.environment:checking '/home/mm/longshan11_6/install/dipgseg/lib'
[66.296s] Level 1:colcon.colcon_core.environment:checking '/home/mm/longshan11_6/install/dipgseg/bin'
[66.296s] Level 1:colcon.colcon_core.environment:checking '/home/mm/longshan11_6/install/dipgseg/lib/pkgconfig/dipgseg.pc'
[66.297s] Level 1:colcon.colcon_core.environment:checking '/home/mm/longshan11_6/install/dipgseg/lib/python3.8/site-packages'
[66.297s] Level 1:colcon.colcon_core.environment:checking '/home/mm/longshan11_6/install/dipgseg/bin'
[66.298s] INFO:colcon.colcon_core.shell:Creating package script '/home/mm/longshan11_6/install/dipgseg/share/dipgseg/package.ps1'
[66.299s] INFO:colcon.colcon_core.shell:Creating package descriptor '/home/mm/longshan11_6/install/dipgseg/share/dipgseg/package.dsv'
[66.300s] INFO:colcon.colcon_core.shell:Creating package script '/home/mm/longshan11_6/install/dipgseg/share/dipgseg/package.sh'
[66.301s] INFO:colcon.colcon_core.shell:Creating package script '/home/mm/longshan11_6/install/dipgseg/share/dipgseg/package.bash'
[66.302s] INFO:colcon.colcon_core.shell:Creating package script '/home/mm/longshan11_6/install/dipgseg/share/dipgseg/package.zsh'
[66.303s] Level 1:colcon.colcon_core.environment:create_file_with_runtime_dependencies(/home/mm/longshan11_6/install/dipgseg/share/colcon-core/packages/dipgseg)
[66.305s] INFO:colcon.colcon_ros.task.ament_cmake.build:Building ROS package in '/home/mm/longshan11_6/src/myrviz' with build type 'ament_cmake'
[66.305s] INFO:colcon.colcon_cmake.task.cmake.build:Building CMake package in '/home/mm/longshan11_6/src/myrviz'
[66.305s] INFO:colcon.colcon_core.shell:Skip shell extension 'powershell' for command environment: Not usable outside of PowerShell
[66.306s] DEBUG:colcon.colcon_core.shell:Skip shell extension 'dsv' for command environment
[66.347s] DEBUG:colcon.colcon_core.event_handler.log_command:Invoking command in '/home/mm/longshan11_6/build/myrviz': CMAKE_PREFIX_PATH=/opt/ros/foxy /usr/bin/cmake /home/mm/longshan11_6/src/myrviz -DCMAKE_INSTALL_PREFIX=/home/mm/longshan11_6/install/myrviz
[67.806s] DEBUG:colcon.colcon_core.event_handler.log_command:Invoked command in '/home/mm/longshan11_6/build/lidar_processing' returned '0': CMAKE_PREFIX_PATH=/opt/ros/foxy /usr/bin/cmake /home/mm/longshan11_6/src/lidar_processing -DCMAKE_INSTALL_PREFIX=/home/mm/longshan11_6/install/lidar_processing
[67.812s] DEBUG:colcon.colcon_core.event_handler.log_command:Invoking command in '/home/mm/longshan11_6/build/lidar_processing': CMAKE_PREFIX_PATH=/opt/ros/foxy /usr/bin/cmake --build /home/mm/longshan11_6/build/lidar_processing -- -j4 -l4
[71.854s] DEBUG:colcon.colcon_core.event_handler.log_command:Invoked command in '/home/mm/longshan11_6/build/myrviz' returned '0': CMAKE_PREFIX_PATH=/opt/ros/foxy /usr/bin/cmake /home/mm/longshan11_6/src/myrviz -DCMAKE_INSTALL_PREFIX=/home/mm/longshan11_6/install/myrviz
[71.855s] DEBUG:colcon.colcon_core.event_handler.log_command:Invoking command in '/home/mm/longshan11_6/build/myrviz': CMAKE_PREFIX_PATH=/opt/ros/foxy /usr/bin/cmake --build /home/mm/longshan11_6/build/myrviz -- -j4 -l4
