[0.049s] Invoking command in '/home/mm/longshan12_2/build/local': AMENT_PREFIX_PATH=/home/mm/longshan12_2/install/ros2_path_interfaces:${AMENT_PREFIX_PATH} CMAKE_PREFIX_PATH=/home/mm/longshan12_2/install/ros2_path_interfaces:/opt/ros/foxy LD_LIBRARY_PATH=/home/mm/longshan12_2/install/ros2_path_interfaces/lib:/usr/local/lib/libosqp.so:/usr/lib/x86_64-linux-gnu/gazebo-11/plugins:/opt/ros/foxy/opt/yaml_cpp_vendor/lib:/opt/ros/foxy/opt/rviz_ogre_vendor/lib:/opt/ros/foxy/lib/x86_64-linux-gnu:/opt/ros/foxy/lib:/usr/local/lib/libosqp.so PYTHONPATH=/home/mm/longshan12_2/install/ros2_path_interfaces/lib/python3.8/site-packages:${PYTHONPATH} /usr/bin/cmake --build /home/mm/longshan12_2/build/local -- -j4 -l4
[0.127s] [35m[1mScanning dependencies of target local_node4[0m
[0.249s] [ 10%] [32mBuilding CXX object CMakeFiles/local_node4.dir/src/local_node4.cpp.o[0m
[0.249s] [ 15%] [32mBuilding CXX object CMakeFiles/local_node4.dir/src/Calobs.cpp.o[0m
[0.250s] [ 10%] [32mBuilding CXX object CMakeFiles/local_node4.dir/src/local_dp_qp.cpp.o[0m
[4.231s] [01m[K/home/mm/longshan12_2/src/local/src/local_node4.cpp:[m[K In member function ‘[01m[Kvoid local_trajs_node::GetLocalPath()[m[K’:
[4.231s] [01m[K/home/mm/longshan12_2/src/local/src/local_node4.cpp:253:96:[m[K [01;31m[Kerror: [m[Kno matching function for call to ‘[01m[Klocal_dp_qp::setPatam(double&, Eigen::DenseCoeffsBase<Eigen::Matrix<double, -1, 1>, 1>::Scalar&, double&, double&, double&, double&, Eigen::MatrixXd&, int, int, int&, std::vector<obses_sd>&, std::vector<Eigen::Matrix<double, -1, 1> >&, double&, double&, double&, double&, double, Decisionflags&, int, bool)[m[K’
[4.231s]   253 |                                     start_l,end_l,delta_l,target_v, -1.5, Decisionflags_,0,true[01;31m[K)[m[K;//最后一位时最近障碍物的位置
[4.231s]       |                                                                                                [01;31m[K^[m[K
[4.231s] In file included from [01m[K/home/mm/longshan12_2/src/local/src/local_node4.cpp:20[m[K:
[4.232s] [01m[K/home/mm/longshan12_2/src/local/./include/local_dp_qp.h:101:8:[m[K [01;36m[Knote: [m[Kcandidate: ‘[01m[Kvoid local_dp_qp::setPatam(double, double, double, double, double, double, const MatrixXd&, int, int, int, std::vector<obses_sd>, std::vector<Eigen::Matrix<double, -1, 1> >, double, double, double, double, double, Decisionflags, double, bool, bool, double, size_t)[m[K’
[4.232s]   101 |   void [01;36m[KsetPatam[m[K(double car_a , double car_v,double car_s,double car_l,double dl,double dll, const Eigen::MatrixXd& globalPath,int all_distances ,
[4.232s]       |        [01;36m[K^~~~~~~~[m[K
[4.232s] [01m[K/home/mm/longshan12_2/src/local/./include/local_dp_qp.h:101:8:[m[K [01;36m[Knote: [m[K  candidate expects 23 arguments, 20 provided
[4.254s] [01m[K/home/mm/longshan12_2/src/local/src/local_node4.cpp:379:129:[m[K [01;31m[Kerror: [m[Kno matching function for call to ‘[01m[Klocal_dp_qp::setPatam(double&, Eigen::DenseCoeffsBase<Eigen::Matrix<double, -1, 1>, 1>::Scalar&, double&, double&, double&, double&, Eigen::MatrixXd&, double&, double&, int&, std::vector<obses_sd>&, std::vector<Eigen::Matrix<double, -1, 1> >&, double&, double&, double&, double&, double&, Decisionflags&, int, bool)[m[K’
[4.254s]   379 |                                                                 start_l,end_l,delta_l,target_v,target_l,Decisionflags_, 0, false[01;31m[K)[m[K;
[4.255s]       |                                                                                                                                 [01;31m[K^[m[K
[4.255s] In file included from [01m[K/home/mm/longshan12_2/src/local/src/local_node4.cpp:20[m[K:
[4.255s] [01m[K/home/mm/longshan12_2/src/local/./include/local_dp_qp.h:101:8:[m[K [01;36m[Knote: [m[Kcandidate: ‘[01m[Kvoid local_dp_qp::setPatam(double, double, double, double, double, double, const MatrixXd&, int, int, int, std::vector<obses_sd>, std::vector<Eigen::Matrix<double, -1, 1> >, double, double, double, double, double, Decisionflags, double, bool, bool, double, size_t)[m[K’
[4.255s]   101 |   void [01;36m[KsetPatam[m[K(double car_a , double car_v,double car_s,double car_l,double dl,double dll, const Eigen::MatrixXd& globalPath,int all_distances ,
[4.255s]       |        [01;36m[K^~~~~~~~[m[K
[4.255s] [01m[K/home/mm/longshan12_2/src/local/./include/local_dp_qp.h:101:8:[m[K [01;36m[Knote: [m[K  candidate expects 23 arguments, 20 provided
[4.255s] [01m[K/home/mm/longshan12_2/src/local/src/local_node4.cpp:398:133:[m[K [01;31m[Kerror: [m[Kno matching function for call to ‘[01m[Klocal_dp_qp::setPatam(double&, Eigen::DenseCoeffsBase<Eigen::Matrix<double, -1, 1>, 1>::Scalar&, double&, double&, double&, double&, Eigen::MatrixXd&, double&, double&, int&, std::vector<obses_sd>&, std::vector<Eigen::Matrix<double, -1, 1> >&, double&, double&, double&, double&, double&, Decisionflags&, int, bool)[m[K’
[4.256s]   398 |                                                                     start_l,end_l,delta_l,target_v,target_l,Decisionflags_, 0, false[01;31m[K)[m[K;
[4.256s]       |                                                                                                                                     [01;31m[K^[m[K
[4.256s] In file included from [01m[K/home/mm/longshan12_2/src/local/src/local_node4.cpp:20[m[K:
[4.256s] [01m[K/home/mm/longshan12_2/src/local/./include/local_dp_qp.h:101:8:[m[K [01;36m[Knote: [m[Kcandidate: ‘[01m[Kvoid local_dp_qp::setPatam(double, double, double, double, double, double, const MatrixXd&, int, int, int, std::vector<obses_sd>, std::vector<Eigen::Matrix<double, -1, 1> >, double, double, double, double, double, Decisionflags, double, bool, bool, double, size_t)[m[K’
[4.256s]   101 |   void [01;36m[KsetPatam[m[K(double car_a , double car_v,double car_s,double car_l,double dl,double dll, const Eigen::MatrixXd& globalPath,int all_distances ,
[4.257s]       |        [01;36m[K^~~~~~~~[m[K
[4.257s] [01m[K/home/mm/longshan12_2/src/local/./include/local_dp_qp.h:101:8:[m[K [01;36m[Knote: [m[K  candidate expects 23 arguments, 20 provided
[4.258s] [01m[K/home/mm/longshan12_2/src/local/src/local_node4.cpp:416:125:[m[K [01;31m[Kerror: [m[Kno matching function for call to ‘[01m[Klocal_dp_qp::setPatam(double&, Eigen::DenseCoeffsBase<Eigen::Matrix<double, -1, 1>, 1>::Scalar&, double&, double&, double&, double&, Eigen::MatrixXd&, double&, double&, int&, std::vector<obses_sd>&, std::vector<Eigen::Matrix<double, -1, 1> >&, double&, double&, double&, double&, double, Decisionflags&, int, bool)[m[K’
[4.258s]   416 |                                                                 start_l,end_l,delta_l,target_v,-1.5,Decisionflags_, 0, false[01;31m[K)[m[K;
[4.258s]       |                                                                                                                             [01;31m[K^[m[K
[4.258s] In file included from [01m[K/home/mm/longshan12_2/src/local/src/local_node4.cpp:20[m[K:
[4.258s] [01m[K/home/mm/longshan12_2/src/local/./include/local_dp_qp.h:101:8:[m[K [01;36m[Knote: [m[Kcandidate: ‘[01m[Kvoid local_dp_qp::setPatam(double, double, double, double, double, double, const MatrixXd&, int, int, int, std::vector<obses_sd>, std::vector<Eigen::Matrix<double, -1, 1> >, double, double, double, double, double, Decisionflags, double, bool, bool, double, size_t)[m[K’
[4.258s]   101 |   void [01;36m[KsetPatam[m[K(double car_a , double car_v,double car_s,double car_l,double dl,double dll, const Eigen::MatrixXd& globalPath,int all_distances ,
[4.258s]       |        [01;36m[K^~~~~~~~[m[K
[4.259s] [01m[K/home/mm/longshan12_2/src/local/./include/local_dp_qp.h:101:8:[m[K [01;36m[Knote: [m[K  candidate expects 23 arguments, 20 provided
[4.259s] [01m[K/home/mm/longshan12_2/src/local/src/local_node4.cpp:439:132:[m[K [01;31m[Kerror: [m[Kno matching function for call to ‘[01m[Klocal_dp_qp::setPatam(double&, Eigen::DenseCoeffsBase<Eigen::Matrix<double, -1, 1>, 1>::Scalar&, double&, double&, double&, double&, Eigen::MatrixXd&, double&, double&, int&, std::vector<obses_sd>&, std::vector<Eigen::Matrix<double, -1, 1> >&, double&, double&, double&, double&, double&, Decisionflags&, int, bool)[m[K’
[4.259s]   439 |                                                                 start_l,end_l,delta_l, target_v, target_l, Decisionflags_, 0, false[01;31m[K)[m[K;
[4.259s]       |                                                                                                                                    [01;31m[K^[m[K
[4.259s] In file included from [01m[K/home/mm/longshan12_2/src/local/src/local_node4.cpp:20[m[K:
[4.259s] [01m[K/home/mm/longshan12_2/src/local/./include/local_dp_qp.h:101:8:[m[K [01;36m[Knote: [m[Kcandidate: ‘[01m[Kvoid local_dp_qp::setPatam(double, double, double, double, double, double, const MatrixXd&, int, int, int, std::vector<obses_sd>, std::vector<Eigen::Matrix<double, -1, 1> >, double, double, double, double, double, Decisionflags, double, bool, bool, double, size_t)[m[K’
[4.260s]   101 |   void [01;36m[KsetPatam[m[K(double car_a , double car_v,double car_s,double car_l,double dl,double dll, const Eigen::MatrixXd& globalPath,int all_distances ,
[4.260s]       |        [01;36m[K^~~~~~~~[m[K
[4.260s] [01m[K/home/mm/longshan12_2/src/local/./include/local_dp_qp.h:101:8:[m[K [01;36m[Knote: [m[K  candidate expects 23 arguments, 20 provided
[4.260s] [01m[K/home/mm/longshan12_2/src/local/src/local_node4.cpp:444:132:[m[K [01;31m[Kerror: [m[Kno matching function for call to ‘[01m[Klocal_dp_qp::setPatam(double&, Eigen::DenseCoeffsBase<Eigen::Matrix<double, -1, 1>, 1>::Scalar&, double&, double&, double&, double&, Eigen::MatrixXd&, int, int, int&, std::vector<obses_sd>&, std::vector<Eigen::Matrix<double, -1, 1> >&, double&, double&, double&, double&, double&, Decisionflags&, int, bool)[m[K’
[4.260s]   444 |                                                                 start_l,end_l,delta_l, target_v, target_l, Decisionflags_, 0, false[01;31m[K)[m[K;
[4.260s]       |                                                                                                                                    [01;31m[K^[m[K
[4.260s] In file included from [01m[K/home/mm/longshan12_2/src/local/src/local_node4.cpp:20[m[K:
[4.260s] [01m[K/home/mm/longshan12_2/src/local/./include/local_dp_qp.h:101:8:[m[K [01;36m[Knote: [m[Kcandidate: ‘[01m[Kvoid local_dp_qp::setPatam(double, double, double, double, double, double, const MatrixXd&, int, int, int, std::vector<obses_sd>, std::vector<Eigen::Matrix<double, -1, 1> >, double, double, double, double, double, Decisionflags, double, bool, bool, double, size_t)[m[K’
[4.260s]   101 |   void [01;36m[KsetPatam[m[K(double car_a , double car_v,double car_s,double car_l,double dl,double dll, const Eigen::MatrixXd& globalPath,int all_distances ,
[4.260s]       |        [01;36m[K^~~~~~~~[m[K
[4.260s] [01m[K/home/mm/longshan12_2/src/local/./include/local_dp_qp.h:101:8:[m[K [01;36m[Knote: [m[K  candidate expects 23 arguments, 20 provided
[4.260s] [01m[K/home/mm/longshan12_2/src/local/src/local_node4.cpp:459:132:[m[K [01;31m[Kerror: [m[Kno matching function for call to ‘[01m[Klocal_dp_qp::setPatam(double&, Eigen::DenseCoeffsBase<Eigen::Matrix<double, -1, 1>, 1>::Scalar&, double&, double&, double&, double&, Eigen::MatrixXd&, double&, double&, int&, std::vector<obses_sd>&, std::vector<Eigen::Matrix<double, -1, 1> >&, double&, double&, double&, double&, double&, Decisionflags&, int, bool)[m[K’
[4.260s]   459 |                                                                 start_l,end_l,delta_l, target_v, target_l, Decisionflags_, 0, false[01;31m[K)[m[K;
[4.260s]       |                                                                                                                                    [01;31m[K^[m[K
[4.260s] In file included from [01m[K/home/mm/longshan12_2/src/local/src/local_node4.cpp:20[m[K:
[4.261s] [01m[K/home/mm/longshan12_2/src/local/./include/local_dp_qp.h:101:8:[m[K [01;36m[Knote: [m[Kcandidate: ‘[01m[Kvoid local_dp_qp::setPatam(double, double, double, double, double, double, const MatrixXd&, int, int, int, std::vector<obses_sd>, std::vector<Eigen::Matrix<double, -1, 1> >, double, double, double, double, double, Decisionflags, double, bool, bool, double, size_t)[m[K’
[4.261s]   101 |   void [01;36m[KsetPatam[m[K(double car_a , double car_v,double car_s,double car_l,double dl,double dll, const Eigen::MatrixXd& globalPath,int all_distances ,
[4.261s]       |        [01;36m[K^~~~~~~~[m[K
[4.261s] [01m[K/home/mm/longshan12_2/src/local/./include/local_dp_qp.h:101:8:[m[K [01;36m[Knote: [m[K  candidate expects 23 arguments, 20 provided
[4.261s] [01m[K/home/mm/longshan12_2/src/local/src/local_node4.cpp:470:133:[m[K [01;31m[Kerror: [m[Kno matching function for call to ‘[01m[Klocal_dp_qp::setPatam(double&, Eigen::DenseCoeffsBase<Eigen::Matrix<double, -1, 1>, 1>::Scalar&, double&, double&, double&, double&, Eigen::MatrixXd&, int, int, int&, std::vector<obses_sd>&, std::vector<Eigen::Matrix<double, -1, 1> >&, double&, double&, double&, double&, double&, Decisionflags&, int, bool)[m[K’
[4.262s]   470 |                                                                     start_l,end_l,delta_l,target_v,target_l,Decisionflags_, 0, false[01;31m[K)[m[K;
[4.262s]       |                                                                                                                                     [01;31m[K^[m[K
[4.262s] In file included from [01m[K/home/mm/longshan12_2/src/local/src/local_node4.cpp:20[m[K:
[4.262s] [01m[K/home/mm/longshan12_2/src/local/./include/local_dp_qp.h:101:8:[m[K [01;36m[Knote: [m[Kcandidate: ‘[01m[Kvoid local_dp_qp::setPatam(double, double, double, double, double, double, const MatrixXd&, int, int, int, std::vector<obses_sd>, std::vector<Eigen::Matrix<double, -1, 1> >, double, double, double, double, double, Decisionflags, double, bool, bool, double, size_t)[m[K’
[4.262s]   101 |   void [01;36m[KsetPatam[m[K(double car_a , double car_v,double car_s,double car_l,double dl,double dll, const Eigen::MatrixXd& globalPath,int all_distances ,
[4.262s]       |        [01;36m[K^~~~~~~~[m[K
[4.262s] [01m[K/home/mm/longshan12_2/src/local/./include/local_dp_qp.h:101:8:[m[K [01;36m[Knote: [m[K  candidate expects 23 arguments, 20 provided
[4.262s] [01m[K/home/mm/longshan12_2/src/local/src/local_node4.cpp:475:133:[m[K [01;31m[Kerror: [m[Kno matching function for call to ‘[01m[Klocal_dp_qp::setPatam(double&, Eigen::DenseCoeffsBase<Eigen::Matrix<double, -1, 1>, 1>::Scalar&, double&, double&, double&, double&, Eigen::MatrixXd&, int, int, int&, std::vector<obses_sd>&, std::vector<Eigen::Matrix<double, -1, 1> >&, double&, double&, double&, double&, double&, Decisionflags&, int, bool)[m[K’
[4.262s]   475 |                                                                     start_l,end_l,delta_l,target_v,target_l,Decisionflags_, 0, false[01;31m[K)[m[K;
[4.263s]       |                                                                                                                                     [01;31m[K^[m[K
[4.263s] In file included from [01m[K/home/mm/longshan12_2/src/local/src/local_node4.cpp:20[m[K:
[4.263s] [01m[K/home/mm/longshan12_2/src/local/./include/local_dp_qp.h:101:8:[m[K [01;36m[Knote: [m[Kcandidate: ‘[01m[Kvoid local_dp_qp::setPatam(double, double, double, double, double, double, const MatrixXd&, int, int, int, std::vector<obses_sd>, std::vector<Eigen::Matrix<double, -1, 1> >, double, double, double, double, double, Decisionflags, double, bool, bool, double, size_t)[m[K’
[4.263s]   101 |   void [01;36m[KsetPatam[m[K(double car_a , double car_v,double car_s,double car_l,double dl,double dll, const Eigen::MatrixXd& globalPath,int all_distances ,
[4.263s]       |        [01;36m[K^~~~~~~~[m[K
[4.263s] [01m[K/home/mm/longshan12_2/src/local/./include/local_dp_qp.h:101:8:[m[K [01;36m[Knote: [m[K  candidate expects 23 arguments, 20 provided
[4.264s] [01m[K/home/mm/longshan12_2/src/local/src/local_node4.cpp:526:120:[m[K [01;31m[Kerror: [m[Kno matching function for call to ‘[01m[Klocal_dp_qp::setPatam(double&, Eigen::DenseCoeffsBase<Eigen::Matrix<double, -1, 1>, 1>::Scalar&, double&, double&, double&, double&, Eigen::MatrixXd&, double&, double&, int&, std::vector<obses_sd>&, std::vector<Eigen::Matrix<double, -1, 1> >&, double&, double&, double&, double&, double&, Decisionflags&, int, bool)[m[K’
[4.264s]   526 |                                                         start_l,end_l,delta_l,target_v,target_l, Decisionflags_,0,false[01;31m[K)[m[K;
[4.264s]       |                                                                                                                        [01;31m[K^[m[K
[4.264s] In file included from [01m[K/home/mm/longshan12_2/src/local/src/local_node4.cpp:20[m[K:
[4.264s] [01m[K/home/mm/longshan12_2/src/local/./include/local_dp_qp.h:101:8:[m[K [01;36m[Knote: [m[Kcandidate: ‘[01m[Kvoid local_dp_qp::setPatam(double, double, double, double, double, double, const MatrixXd&, int, int, int, std::vector<obses_sd>, std::vector<Eigen::Matrix<double, -1, 1> >, double, double, double, double, double, Decisionflags, double, bool, bool, double, size_t)[m[K’
[4.264s]   101 |   void [01;36m[KsetPatam[m[K(double car_a , double car_v,double car_s,double car_l,double dl,double dll, const Eigen::MatrixXd& globalPath,int all_distances ,
[4.264s]       |        [01;36m[K^~~~~~~~[m[K
[4.264s] [01m[K/home/mm/longshan12_2/src/local/./include/local_dp_qp.h:101:8:[m[K [01;36m[Knote: [m[K  candidate expects 23 arguments, 20 provided
[4.264s] [01m[K/home/mm/longshan12_2/src/local/src/local_node4.cpp:543:119:[m[K [01;31m[Kerror: [m[Kno matching function for call to ‘[01m[Klocal_dp_qp::setPatam(double&, Eigen::DenseCoeffsBase<Eigen::Matrix<double, -1, 1>, 1>::Scalar&, double&, double&, double&, double&, Eigen::MatrixXd&, double&, double&, int&, std::vector<obses_sd>&, std::vector<Eigen::Matrix<double, -1, 1> >&, double&, double&, double&, double&, double&, Decisionflags&, int, bool)[m[K’
[4.265s]   543 |                                                         start_l,end_l,delta_l,target_v,target_l,Decisionflags_,0,false[01;31m[K)[m[K;
[4.265s]       |                                                                                                                       [01;31m[K^[m[K
[4.265s] In file included from [01m[K/home/mm/longshan12_2/src/local/src/local_node4.cpp:20[m[K:
[4.265s] [01m[K/home/mm/longshan12_2/src/local/./include/local_dp_qp.h:101:8:[m[K [01;36m[Knote: [m[Kcandidate: ‘[01m[Kvoid local_dp_qp::setPatam(double, double, double, double, double, double, const MatrixXd&, int, int, int, std::vector<obses_sd>, std::vector<Eigen::Matrix<double, -1, 1> >, double, double, double, double, double, Decisionflags, double, bool, bool, double, size_t)[m[K’
[4.265s]   101 |   void [01;36m[KsetPatam[m[K(double car_a , double car_v,double car_s,double car_l,double dl,double dll, const Eigen::MatrixXd& globalPath,int all_distances ,
[4.265s]       |        [01;36m[K^~~~~~~~[m[K
[4.265s] [01m[K/home/mm/longshan12_2/src/local/./include/local_dp_qp.h:101:8:[m[K [01;36m[Knote: [m[K  candidate expects 23 arguments, 20 provided
[4.265s] [01m[K/home/mm/longshan12_2/src/local/src/local_node4.cpp:550:119:[m[K [01;31m[Kerror: [m[Kno matching function for call to ‘[01m[Klocal_dp_qp::setPatam(double&, Eigen::DenseCoeffsBase<Eigen::Matrix<double, -1, 1>, 1>::Scalar&, double&, double&, double&, double&, Eigen::MatrixXd&, int, int, int&, std::vector<obses_sd>&, std::vector<Eigen::Matrix<double, -1, 1> >&, double&, double&, double&, double&, double&, Decisionflags&, int, bool)[m[K’
[4.265s]   550 |                                                         start_l,end_l,delta_l,target_v,target_l,Decisionflags_,0,false[01;31m[K)[m[K;
[4.265s]       |                                                                                                                       [01;31m[K^[m[K
[4.265s] In file included from [01m[K/home/mm/longshan12_2/src/local/src/local_node4.cpp:20[m[K:
[4.265s] [01m[K/home/mm/longshan12_2/src/local/./include/local_dp_qp.h:101:8:[m[K [01;36m[Knote: [m[Kcandidate: ‘[01m[Kvoid local_dp_qp::setPatam(double, double, double, double, double, double, const MatrixXd&, int, int, int, std::vector<obses_sd>, std::vector<Eigen::Matrix<double, -1, 1> >, double, double, double, double, double, Decisionflags, double, bool, bool, double, size_t)[m[K’
[4.265s]   101 |   void [01;36m[KsetPatam[m[K(double car_a , double car_v,double car_s,double car_l,double dl,double dll, const Eigen::MatrixXd& globalPath,int all_distances ,
[4.265s]       |        [01;36m[K^~~~~~~~[m[K
[4.266s] [01m[K/home/mm/longshan12_2/src/local/./include/local_dp_qp.h:101:8:[m[K [01;36m[Knote: [m[K  candidate expects 23 arguments, 20 provided
[4.266s] [01m[K/home/mm/longshan12_2/src/local/src/local_node4.cpp:555:119:[m[K [01;31m[Kerror: [m[Kno matching function for call to ‘[01m[Klocal_dp_qp::setPatam(double&, Eigen::DenseCoeffsBase<Eigen::Matrix<double, -1, 1>, 1>::Scalar&, double&, double&, double&, double&, Eigen::MatrixXd&, int, int, int&, std::vector<obses_sd>&, std::vector<Eigen::Matrix<double, -1, 1> >&, double&, double&, double&, double&, double&, Decisionflags&, int, bool)[m[K’
[4.266s]   555 |                                                         start_l,end_l,delta_l,target_v,target_l,Decisionflags_,0,false[01;31m[K)[m[K;
[4.266s]       |                                                                                                                       [01;31m[K^[m[K
[4.266s] In file included from [01m[K/home/mm/longshan12_2/src/local/src/local_node4.cpp:20[m[K:
[4.266s] [01m[K/home/mm/longshan12_2/src/local/./include/local_dp_qp.h:101:8:[m[K [01;36m[Knote: [m[Kcandidate: ‘[01m[Kvoid local_dp_qp::setPatam(double, double, double, double, double, double, const MatrixXd&, int, int, int, std::vector<obses_sd>, std::vector<Eigen::Matrix<double, -1, 1> >, double, double, double, double, double, Decisionflags, double, bool, bool, double, size_t)[m[K’
[4.266s]   101 |   void [01;36m[KsetPatam[m[K(double car_a , double car_v,double car_s,double car_l,double dl,double dll, const Eigen::MatrixXd& globalPath,int all_distances ,
[4.266s]       |        [01;36m[K^~~~~~~~[m[K
[4.266s] [01m[K/home/mm/longshan12_2/src/local/./include/local_dp_qp.h:101:8:[m[K [01;36m[Knote: [m[K  candidate expects 23 arguments, 20 provided
[4.266s] [01m[K/home/mm/longshan12_2/src/local/src/local_node4.cpp:574:131:[m[K [01;31m[Kerror: [m[Kno matching function for call to ‘[01m[Klocal_dp_qp::setPatam(double&, Eigen::DenseCoeffsBase<Eigen::Matrix<double, -1, 1>, 1>::Scalar&, double&, double&, double&, double&, Eigen::MatrixXd&, double&, double&, int&, std::vector<obses_sd>&, std::vector<Eigen::Matrix<double, -1, 1> >&, double&, double&, double&, double&, double&, Decisionflags&, int, bool)[m[K’
[4.266s]   574 |                                                                     start_l,end_l,delta_l,target_v,target_l,Decisionflags_,0,false[01;31m[K)[m[K;
[4.266s]       |                                                                                                                                   [01;31m[K^[m[K
[4.266s] In file included from [01m[K/home/mm/longshan12_2/src/local/src/local_node4.cpp:20[m[K:
[4.266s] [01m[K/home/mm/longshan12_2/src/local/./include/local_dp_qp.h:101:8:[m[K [01;36m[Knote: [m[Kcandidate: ‘[01m[Kvoid local_dp_qp::setPatam(double, double, double, double, double, double, const MatrixXd&, int, int, int, std::vector<obses_sd>, std::vector<Eigen::Matrix<double, -1, 1> >, double, double, double, double, double, Decisionflags, double, bool, bool, double, size_t)[m[K’
[4.267s]   101 |   void [01;36m[KsetPatam[m[K(double car_a , double car_v,double car_s,double car_l,double dl,double dll, const Eigen::MatrixXd& globalPath,int all_distances ,
[4.267s]       |        [01;36m[K^~~~~~~~[m[K
[4.267s] [01m[K/home/mm/longshan12_2/src/local/./include/local_dp_qp.h:101:8:[m[K [01;36m[Knote: [m[K  candidate expects 23 arguments, 20 provided
[4.267s] [01m[K/home/mm/longshan12_2/src/local/src/local_node4.cpp:624:119:[m[K [01;31m[Kerror: [m[Kno matching function for call to ‘[01m[Klocal_dp_qp::setPatam(double&, Eigen::DenseCoeffsBase<Eigen::Matrix<double, -1, 1>, 1>::Scalar&, double&, double&, double&, double&, Eigen::MatrixXd&, double&, double&, int&, std::vector<obses_sd>&, std::vector<Eigen::Matrix<double, -1, 1> >&, double&, double&, double&, double&, double&, Decisionflags&, int, bool)[m[K’
[4.267s]   624 |                                                         start_l,end_l,delta_l,target_v,target_l,Decisionflags_,0,false[01;31m[K)[m[K;
[4.267s]       |                                                                                                                       [01;31m[K^[m[K
[4.267s] In file included from [01m[K/home/mm/longshan12_2/src/local/src/local_node4.cpp:20[m[K:
[4.267s] [01m[K/home/mm/longshan12_2/src/local/./include/local_dp_qp.h:101:8:[m[K [01;36m[Knote: [m[Kcandidate: ‘[01m[Kvoid local_dp_qp::setPatam(double, double, double, double, double, double, const MatrixXd&, int, int, int, std::vector<obses_sd>, std::vector<Eigen::Matrix<double, -1, 1> >, double, double, double, double, double, Decisionflags, double, bool, bool, double, size_t)[m[K’
[4.267s]   101 |   void [01;36m[KsetPatam[m[K(double car_a , double car_v,double car_s,double car_l,double dl,double dll, const Eigen::MatrixXd& globalPath,int all_distances ,
[4.267s]       |        [01;36m[K^~~~~~~~[m[K
[4.267s] [01m[K/home/mm/longshan12_2/src/local/./include/local_dp_qp.h:101:8:[m[K [01;36m[Knote: [m[K  candidate expects 23 arguments, 20 provided
[4.267s] [01m[K/home/mm/longshan12_2/src/local/src/local_node4.cpp:641:119:[m[K [01;31m[Kerror: [m[Kno matching function for call to ‘[01m[Klocal_dp_qp::setPatam(double&, Eigen::DenseCoeffsBase<Eigen::Matrix<double, -1, 1>, 1>::Scalar&, double&, double&, double&, double&, Eigen::MatrixXd&, double&, double&, int&, std::vector<obses_sd>&, std::vector<Eigen::Matrix<double, -1, 1> >&, double&, double&, double&, double&, double&, Decisionflags&, int, bool)[m[K’
[4.267s]   641 |                                                         start_l,end_l,delta_l,target_v,target_l,Decisionflags_,0,false[01;31m[K)[m[K;
[4.267s]       |                                                                                                                       [01;31m[K^[m[K
[4.267s] In file included from [01m[K/home/mm/longshan12_2/src/local/src/local_node4.cpp:20[m[K:
[4.268s] [01m[K/home/mm/longshan12_2/src/local/./include/local_dp_qp.h:101:8:[m[K [01;36m[Knote: [m[Kcandidate: ‘[01m[Kvoid local_dp_qp::setPatam(double, double, double, double, double, double, const MatrixXd&, int, int, int, std::vector<obses_sd>, std::vector<Eigen::Matrix<double, -1, 1> >, double, double, double, double, double, Decisionflags, double, bool, bool, double, size_t)[m[K’
[4.268s]   101 |   void [01;36m[KsetPatam[m[K(double car_a , double car_v,double car_s,double car_l,double dl,double dll, const Eigen::MatrixXd& globalPath,int all_distances ,
[4.268s]       |        [01;36m[K^~~~~~~~[m[K
[4.268s] [01m[K/home/mm/longshan12_2/src/local/./include/local_dp_qp.h:101:8:[m[K [01;36m[Knote: [m[K  candidate expects 23 arguments, 20 provided
[4.269s] [01m[K/home/mm/longshan12_2/src/local/src/local_node4.cpp:650:123:[m[K [01;31m[Kerror: [m[Kno matching function for call to ‘[01m[Klocal_dp_qp::setPatam(double&, Eigen::DenseCoeffsBase<Eigen::Matrix<double, -1, 1>, 1>::Scalar&, double&, double&, double&, double&, Eigen::MatrixXd&, int, int, int&, std::vector<obses_sd>&, std::vector<Eigen::Matrix<double, -1, 1> >&, double&, double&, double&, double&, double&, Decisionflags&, int, bool)[m[K’
[4.269s]   650 |                                                             start_l,end_l,delta_l,target_v,target_l,Decisionflags_,0,false[01;31m[K)[m[K;
[4.269s]       |                                                                                                                           [01;31m[K^[m[K
[4.269s] In file included from [01m[K/home/mm/longshan12_2/src/local/src/local_node4.cpp:20[m[K:
[4.269s] [01m[K/home/mm/longshan12_2/src/local/./include/local_dp_qp.h:101:8:[m[K [01;36m[Knote: [m[Kcandidate: ‘[01m[Kvoid local_dp_qp::setPatam(double, double, double, double, double, double, const MatrixXd&, int, int, int, std::vector<obses_sd>, std::vector<Eigen::Matrix<double, -1, 1> >, double, double, double, double, double, Decisionflags, double, bool, bool, double, size_t)[m[K’
[4.269s]   101 |   void [01;36m[KsetPatam[m[K(double car_a , double car_v,double car_s,double car_l,double dl,double dll, const Eigen::MatrixXd& globalPath,int all_distances ,
[4.269s]       |        [01;36m[K^~~~~~~~[m[K
[4.269s] [01m[K/home/mm/longshan12_2/src/local/./include/local_dp_qp.h:101:8:[m[K [01;36m[Knote: [m[K  candidate expects 23 arguments, 20 provided
[4.269s] [01m[K/home/mm/longshan12_2/src/local/src/local_node4.cpp:655:123:[m[K [01;31m[Kerror: [m[Kno matching function for call to ‘[01m[Klocal_dp_qp::setPatam(double&, Eigen::DenseCoeffsBase<Eigen::Matrix<double, -1, 1>, 1>::Scalar&, double&, double&, double&, double&, Eigen::MatrixXd&, int, int, int&, std::vector<obses_sd>&, std::vector<Eigen::Matrix<double, -1, 1> >&, double&, double&, double&, double&, double&, Decisionflags&, int, bool)[m[K’
[4.269s]   655 |                                                             start_l,end_l,delta_l,target_v,target_l,Decisionflags_,0,false[01;31m[K)[m[K;
[4.269s]       |                                                                                                                           [01;31m[K^[m[K
[4.270s] In file included from [01m[K/home/mm/longshan12_2/src/local/src/local_node4.cpp:20[m[K:
[4.270s] [01m[K/home/mm/longshan12_2/src/local/./include/local_dp_qp.h:101:8:[m[K [01;36m[Knote: [m[Kcandidate: ‘[01m[Kvoid local_dp_qp::setPatam(double, double, double, double, double, double, const MatrixXd&, int, int, int, std::vector<obses_sd>, std::vector<Eigen::Matrix<double, -1, 1> >, double, double, double, double, double, Decisionflags, double, bool, bool, double, size_t)[m[K’
[4.270s]   101 |   void [01;36m[KsetPatam[m[K(double car_a , double car_v,double car_s,double car_l,double dl,double dll, const Eigen::MatrixXd& globalPath,int all_distances ,
[4.270s]       |        [01;36m[K^~~~~~~~[m[K
[4.270s] [01m[K/home/mm/longshan12_2/src/local/./include/local_dp_qp.h:101:8:[m[K [01;36m[Knote: [m[K  candidate expects 23 arguments, 20 provided
[4.270s] [01m[K/home/mm/longshan12_2/src/local/src/local_node4.cpp:663:123:[m[K [01;31m[Kerror: [m[Kno matching function for call to ‘[01m[Klocal_dp_qp::setPatam(double&, Eigen::DenseCoeffsBase<Eigen::Matrix<double, -1, 1>, 1>::Scalar&, double&, double&, double&, double&, Eigen::MatrixXd&, int, int, int&, std::vector<obses_sd>&, std::vector<Eigen::Matrix<double, -1, 1> >&, double&, double&, double&, double&, double&, Decisionflags&, int, bool)[m[K’
[4.270s]   663 |                                                             start_l,end_l,delta_l,target_v,target_l,Decisionflags_,0,false[01;31m[K)[m[K;
[4.270s]       |                                                                                                                           [01;31m[K^[m[K
[4.270s] In file included from [01m[K/home/mm/longshan12_2/src/local/src/local_node4.cpp:20[m[K:
[4.270s] [01m[K/home/mm/longshan12_2/src/local/./include/local_dp_qp.h:101:8:[m[K [01;36m[Knote: [m[Kcandidate: ‘[01m[Kvoid local_dp_qp::setPatam(double, double, double, double, double, double, const MatrixXd&, int, int, int, std::vector<obses_sd>, std::vector<Eigen::Matrix<double, -1, 1> >, double, double, double, double, double, Decisionflags, double, bool, bool, double, size_t)[m[K’
[4.270s]   101 |   void [01;36m[KsetPatam[m[K(double car_a , double car_v,double car_s,double car_l,double dl,double dll, const Eigen::MatrixXd& globalPath,int all_distances ,
[4.270s]       |        [01;36m[K^~~~~~~~[m[K
[4.270s] [01m[K/home/mm/longshan12_2/src/local/./include/local_dp_qp.h:101:8:[m[K [01;36m[Knote: [m[K  candidate expects 23 arguments, 20 provided
[4.270s] [01m[K/home/mm/longshan12_2/src/local/src/local_node4.cpp:717:114:[m[K [01;31m[Kerror: [m[Kno matching function for call to ‘[01m[Klocal_dp_qp::setPatam(double&, Eigen::DenseCoeffsBase<Eigen::Matrix<double, -1, 1>, 1>::Scalar&, double&, double&, double&, double&, Eigen::MatrixXd&, double&, double&, int&, std::vector<obses_sd>&, std::vector<Eigen::Matrix<double, -1, 1> >&, double&, double&, double&, double&, double&, Decisionflags&, int, bool)[m[K’
[4.270s]   717 |                                                     start_l,end_l,delta_l,target_v,targetl,Decisionflags_,0,false[01;31m[K)[m[K;//里面进行了碰撞检测 外面无需再进行了
[4.271s]       |                                                                                                                  [01;31m[K^[m[K
[4.271s] In file included from [01m[K/home/mm/longshan12_2/src/local/src/local_node4.cpp:20[m[K:
[4.271s] [01m[K/home/mm/longshan12_2/src/local/./include/local_dp_qp.h:101:8:[m[K [01;36m[Knote: [m[Kcandidate: ‘[01m[Kvoid local_dp_qp::setPatam(double, double, double, double, double, double, const MatrixXd&, int, int, int, std::vector<obses_sd>, std::vector<Eigen::Matrix<double, -1, 1> >, double, double, double, double, double, Decisionflags, double, bool, bool, double, size_t)[m[K’
[4.271s]   101 |   void [01;36m[KsetPatam[m[K(double car_a , double car_v,double car_s,double car_l,double dl,double dll, const Eigen::MatrixXd& globalPath,int all_distances ,
[4.271s]       |        [01;36m[K^~~~~~~~[m[K
[4.271s] [01m[K/home/mm/longshan12_2/src/local/./include/local_dp_qp.h:101:8:[m[K [01;36m[Knote: [m[K  candidate expects 23 arguments, 20 provided
[4.271s] [01m[K/home/mm/longshan12_2/src/local/src/local_node4.cpp:730:110:[m[K [01;31m[Kerror: [m[Kno matching function for call to ‘[01m[Klocal_dp_qp::setPatam(double&, Eigen::DenseCoeffsBase<Eigen::Matrix<double, -1, 1>, 1>::Scalar&, double&, double&, double&, double&, Eigen::MatrixXd&, double&, double&, int&, std::vector<obses_sd>&, std::vector<Eigen::Matrix<double, -1, 1> >&, double&, double&, double&, double&, double, Decisionflags&, int, bool)[m[K’
[4.271s]   730 |                                                     start_l,end_l,delta_l,target_v,1.5,Decisionflags_,0,false[01;31m[K)[m[K;//里面进行了碰撞检测 外面无需再进行了
[4.271s]       |                                                                                                              [01;31m[K^[m[K
[4.271s] In file included from [01m[K/home/mm/longshan12_2/src/local/src/local_node4.cpp:20[m[K:
[4.271s] [01m[K/home/mm/longshan12_2/src/local/./include/local_dp_qp.h:101:8:[m[K [01;36m[Knote: [m[Kcandidate: ‘[01m[Kvoid local_dp_qp::setPatam(double, double, double, double, double, double, const MatrixXd&, int, int, int, std::vector<obses_sd>, std::vector<Eigen::Matrix<double, -1, 1> >, double, double, double, double, double, Decisionflags, double, bool, bool, double, size_t)[m[K’
[4.271s]   101 |   void [01;36m[KsetPatam[m[K(double car_a , double car_v,double car_s,double car_l,double dl,double dll, const Eigen::MatrixXd& globalPath,int all_distances ,
[4.271s]       |        [01;36m[K^~~~~~~~[m[K
[4.271s] [01m[K/home/mm/longshan12_2/src/local/./include/local_dp_qp.h:101:8:[m[K [01;36m[Knote: [m[K  candidate expects 23 arguments, 20 provided
[4.271s] [01m[K/home/mm/longshan12_2/src/local/src/local_node4.cpp:736:114:[m[K [01;31m[Kerror: [m[Kno matching function for call to ‘[01m[Klocal_dp_qp::setPatam(double&, Eigen::DenseCoeffsBase<Eigen::Matrix<double, -1, 1>, 1>::Scalar&, double&, double&, double&, double&, Eigen::MatrixXd&, int, int, int&, std::vector<obses_sd>&, std::vector<Eigen::Matrix<double, -1, 1> >&, double&, double&, double&, double&, double, Decisionflags&, int, bool)[m[K’
[4.272s]   736 |                                                         start_l,end_l,delta_l,target_v,1.5,Decisionflags_,0,false[01;31m[K)[m[K;//里面进行了碰撞检测 外面无需再进行了
[4.272s]       |                                                                                                                  [01;31m[K^[m[K
[4.272s] In file included from [01m[K/home/mm/longshan12_2/src/local/src/local_node4.cpp:20[m[K:
[4.272s] [01m[K/home/mm/longshan12_2/src/local/./include/local_dp_qp.h:101:8:[m[K [01;36m[Knote: [m[Kcandidate: ‘[01m[Kvoid local_dp_qp::setPatam(double, double, double, double, double, double, const MatrixXd&, int, int, int, std::vector<obses_sd>, std::vector<Eigen::Matrix<double, -1, 1> >, double, double, double, double, double, Decisionflags, double, bool, bool, double, size_t)[m[K’
[4.272s]   101 |   void [01;36m[KsetPatam[m[K(double car_a , double car_v,double car_s,double car_l,double dl,double dll, const Eigen::MatrixXd& globalPath,int all_distances ,
[4.272s]       |        [01;36m[K^~~~~~~~[m[K
[4.272s] [01m[K/home/mm/longshan12_2/src/local/./include/local_dp_qp.h:101:8:[m[K [01;36m[Knote: [m[K  candidate expects 23 arguments, 20 provided
[4.272s] [01m[K/home/mm/longshan12_2/src/local/src/local_node4.cpp:741:118:[m[K [01;31m[Kerror: [m[Kno matching function for call to ‘[01m[Klocal_dp_qp::setPatam(double&, Eigen::DenseCoeffsBase<Eigen::Matrix<double, -1, 1>, 1>::Scalar&, double&, double&, double&, double&, Eigen::MatrixXd&, int, int, int&, std::vector<obses_sd>&, std::vector<Eigen::Matrix<double, -1, 1> >&, double&, double&, double&, double&, double, Decisionflags&, int, bool)[m[K’
[4.272s]   741 |                                                             start_l,end_l,delta_l,target_v,1.5,Decisionflags_,0,false[01;31m[K)[m[K;//里面进行了碰撞检测 外面无需再进行了
[4.272s]       |                                                                                                                      [01;31m[K^[m[K
[4.272s] In file included from [01m[K/home/mm/longshan12_2/src/local/src/local_node4.cpp:20[m[K:
[4.272s] [01m[K/home/mm/longshan12_2/src/local/./include/local_dp_qp.h:101:8:[m[K [01;36m[Knote: [m[Kcandidate: ‘[01m[Kvoid local_dp_qp::setPatam(double, double, double, double, double, double, const MatrixXd&, int, int, int, std::vector<obses_sd>, std::vector<Eigen::Matrix<double, -1, 1> >, double, double, double, double, double, Decisionflags, double, bool, bool, double, size_t)[m[K’
[4.273s]   101 |   void [01;36m[KsetPatam[m[K(double car_a , double car_v,double car_s,double car_l,double dl,double dll, const Eigen::MatrixXd& globalPath,int all_distances ,
[4.273s]       |        [01;36m[K^~~~~~~~[m[K
[4.273s] [01m[K/home/mm/longshan12_2/src/local/./include/local_dp_qp.h:101:8:[m[K [01;36m[Knote: [m[K  candidate expects 23 arguments, 20 provided
[4.273s] [01m[K/home/mm/longshan12_2/src/local/src/local_node4.cpp:790:115:[m[K [01;31m[Kerror: [m[Kno matching function for call to ‘[01m[Klocal_dp_qp::setPatam(double&, Eigen::DenseCoeffsBase<Eigen::Matrix<double, -1, 1>, 1>::Scalar&, double&, double&, double&, double&, Eigen::MatrixXd&, double&, double&, int&, std::vector<obses_sd>&, std::vector<Eigen::Matrix<double, -1, 1> >&, double&, double&, double&, double&, double, Decisionflags&, int, bool)[m[K’
[4.273s]   790 |                                                         start_l,end_l,delta_l,target_v,-1.5,Decisionflags_,0,false[01;31m[K)[m[K;
[4.273s]       |                                                                                                                   [01;31m[K^[m[K
[4.273s] In file included from [01m[K/home/mm/longshan12_2/src/local/src/local_node4.cpp:20[m[K:
[4.273s] [01m[K/home/mm/longshan12_2/src/local/./include/local_dp_qp.h:101:8:[m[K [01;36m[Knote: [m[Kcandidate: ‘[01m[Kvoid local_dp_qp::setPatam(double, double, double, double, double, double, const MatrixXd&, int, int, int, std::vector<obses_sd>, std::vector<Eigen::Matrix<double, -1, 1> >, double, double, double, double, double, Decisionflags, double, bool, bool, double, size_t)[m[K’
[4.273s]   101 |   void [01;36m[KsetPatam[m[K(double car_a , double car_v,double car_s,double car_l,double dl,double dll, const Eigen::MatrixXd& globalPath,int all_distances ,
[4.273s]       |        [01;36m[K^~~~~~~~[m[K
[4.273s] [01m[K/home/mm/longshan12_2/src/local/./include/local_dp_qp.h:101:8:[m[K [01;36m[Knote: [m[K  candidate expects 23 arguments, 20 provided
[4.273s] [01m[K/home/mm/longshan12_2/src/local/src/local_node4.cpp:804:116:[m[K [01;31m[Kerror: [m[Kno matching function for call to ‘[01m[Klocal_dp_qp::setPatam(double&, Eigen::DenseCoeffsBase<Eigen::Matrix<double, -1, 1>, 1>::Scalar&, double&, double&, double&, double&, Eigen::MatrixXd&, double&, double&, int&, std::vector<obses_sd>&, std::vector<Eigen::Matrix<double, -1, 1> >&, double&, double&, double&, double&, double, Decisionflags&, int, bool)[m[K’
[4.273s]   804 |                                                         start_l, end_l, delta_l,target_v,1.5,Decisionflags_,0,false[01;31m[K)[m[K;
[4.273s]       |                                                                                                                    [01;31m[K^[m[K
[4.274s] In file included from [01m[K/home/mm/longshan12_2/src/local/src/local_node4.cpp:20[m[K:
[4.274s] [01m[K/home/mm/longshan12_2/src/local/./include/local_dp_qp.h:101:8:[m[K [01;36m[Knote: [m[Kcandidate: ‘[01m[Kvoid local_dp_qp::setPatam(double, double, double, double, double, double, const MatrixXd&, int, int, int, std::vector<obses_sd>, std::vector<Eigen::Matrix<double, -1, 1> >, double, double, double, double, double, Decisionflags, double, bool, bool, double, size_t)[m[K’
[4.274s]   101 |   void [01;36m[KsetPatam[m[K(double car_a , double car_v,double car_s,double car_l,double dl,double dll, const Eigen::MatrixXd& globalPath,int all_distances ,
[4.274s]       |        [01;36m[K^~~~~~~~[m[K
[4.274s] [01m[K/home/mm/longshan12_2/src/local/./include/local_dp_qp.h:101:8:[m[K [01;36m[Knote: [m[K  candidate expects 23 arguments, 20 provided
[4.274s] [01m[K/home/mm/longshan12_2/src/local/src/local_node4.cpp:825:115:[m[K [01;31m[Kerror: [m[Kno matching function for call to ‘[01m[Klocal_dp_qp::setPatam(double&, Eigen::DenseCoeffsBase<Eigen::Matrix<double, -1, 1>, 1>::Scalar&, double&, double&, double&, double&, Eigen::MatrixXd&, int&, int&, int&, std::vector<obses_sd>&, std::vector<Eigen::Matrix<double, -1, 1> >&, double&, double&, double&, double&, double, Decisionflags&, int, bool)[m[K’
[4.274s]   825 |                                                         start_l,end_l,delta_l,target_v,-1.5,Decisionflags_,0,false[01;31m[K)[m[K;
[4.274s]       |                                                                                                                   [01;31m[K^[m[K
[4.274s] In file included from [01m[K/home/mm/longshan12_2/src/local/src/local_node4.cpp:20[m[K:
[4.274s] [01m[K/home/mm/longshan12_2/src/local/./include/local_dp_qp.h:101:8:[m[K [01;36m[Knote: [m[Kcandidate: ‘[01m[Kvoid local_dp_qp::setPatam(double, double, double, double, double, double, const MatrixXd&, int, int, int, std::vector<obses_sd>, std::vector<Eigen::Matrix<double, -1, 1> >, double, double, double, double, double, Decisionflags, double, bool, bool, double, size_t)[m[K’
[4.274s]   101 |   void [01;36m[KsetPatam[m[K(double car_a , double car_v,double car_s,double car_l,double dl,double dll, const Eigen::MatrixXd& globalPath,int all_distances ,
[4.274s]       |        [01;36m[K^~~~~~~~[m[K
[4.274s] [01m[K/home/mm/longshan12_2/src/local/./include/local_dp_qp.h:101:8:[m[K [01;36m[Knote: [m[K  candidate expects 23 arguments, 20 provided
[4.274s] [01m[K/home/mm/longshan12_2/src/local/src/local_node4.cpp:887:119:[m[K [01;31m[Kerror: [m[Kno matching function for call to ‘[01m[Klocal_dp_qp::setPatam(double&, Eigen::DenseCoeffsBase<Eigen::Matrix<double, -1, 1>, 1>::Scalar&, double&, double&, double&, double&, Eigen::MatrixXd&, double&, double&, int&, std::vector<obses_sd>&, std::vector<Eigen::Matrix<double, -1, 1> >&, double&, double&, double&, double&, int, Decisionflags&, double&, bool)[m[K’
[4.274s]   887 |                                                         start_l,end_l,delta_l,target_v,-1,Decisionflags_,obsmins,false[01;31m[K)[m[K;
[4.275s]       |                                                                                                                       [01;31m[K^[m[K
[4.275s] In file included from [01m[K/home/mm/longshan12_2/src/local/src/local_node4.cpp:20[m[K:
[4.275s] [01m[K/home/mm/longshan12_2/src/local/./include/local_dp_qp.h:101:8:[m[K [01;36m[Knote: [m[Kcandidate: ‘[01m[Kvoid local_dp_qp::setPatam(double, double, double, double, double, double, const MatrixXd&, int, int, int, std::vector<obses_sd>, std::vector<Eigen::Matrix<double, -1, 1> >, double, double, double, double, double, Decisionflags, double, bool, bool, double, size_t)[m[K’
[4.275s]   101 |   void [01;36m[KsetPatam[m[K(double car_a , double car_v,double car_s,double car_l,double dl,double dll, const Eigen::MatrixXd& globalPath,int all_distances ,
[4.275s]       |        [01;36m[K^~~~~~~~[m[K
[4.275s] [01m[K/home/mm/longshan12_2/src/local/./include/local_dp_qp.h:101:8:[m[K [01;36m[Knote: [m[K  candidate expects 23 arguments, 20 provided
[4.275s] [01m[K/home/mm/longshan12_2/src/local/src/local_node4.cpp:901:118:[m[K [01;31m[Kerror: [m[Kno matching function for call to ‘[01m[Klocal_dp_qp::setPatam(double&, Eigen::DenseCoeffsBase<Eigen::Matrix<double, -1, 1>, 1>::Scalar&, double&, double&, double&, double&, Eigen::MatrixXd&, double&, double&, int&, std::vector<obses_sd>&, std::vector<Eigen::Matrix<double, -1, 1> >&, double&, double&, double&, double&, double, Decisionflags&, int, bool)[m[K’
[4.275s]   901 |                                                             start_l,end_l,delta_l,target_v,1.5,Decisionflags_,0,false[01;31m[K)[m[K;
[4.275s]       |                                                                                                                      [01;31m[K^[m[K
[4.275s] In file included from [01m[K/home/mm/longshan12_2/src/local/src/local_node4.cpp:20[m[K:
[4.275s] [01m[K/home/mm/longshan12_2/src/local/./include/local_dp_qp.h:101:8:[m[K [01;36m[Knote: [m[Kcandidate: ‘[01m[Kvoid local_dp_qp::setPatam(double, double, double, double, double, double, const MatrixXd&, int, int, int, std::vector<obses_sd>, std::vector<Eigen::Matrix<double, -1, 1> >, double, double, double, double, double, Decisionflags, double, bool, bool, double, size_t)[m[K’
[4.275s]   101 |   void [01;36m[KsetPatam[m[K(double car_a , double car_v,double car_s,double car_l,double dl,double dll, const Eigen::MatrixXd& globalPath,int all_distances ,
[4.275s]       |        [01;36m[K^~~~~~~~[m[K
[4.275s] [01m[K/home/mm/longshan12_2/src/local/./include/local_dp_qp.h:101:8:[m[K [01;36m[Knote: [m[K  candidate expects 23 arguments, 20 provided
[4.276s] [01m[K/home/mm/longshan12_2/src/local/src/local_node4.cpp:920:119:[m[K [01;31m[Kerror: [m[Kno matching function for call to ‘[01m[Klocal_dp_qp::setPatam(double&, Eigen::DenseCoeffsBase<Eigen::Matrix<double, -1, 1>, 1>::Scalar&, double&, double&, double&, double&, Eigen::MatrixXd&, int&, int&, int&, std::vector<obses_sd>&, std::vector<Eigen::Matrix<double, -1, 1> >&, double&, double&, double&, double&, double, Decisionflags&, int, bool)[m[K’
[4.276s]   920 |                                                             start_l,end_l,delta_l,target_v,-1.5,Decisionflags_,0,false[01;31m[K)[m[K;
[4.276s]       |                                                                                                                       [01;31m[K^[m[K
[4.276s] In file included from [01m[K/home/mm/longshan12_2/src/local/src/local_node4.cpp:20[m[K:
[4.276s] [01m[K/home/mm/longshan12_2/src/local/./include/local_dp_qp.h:101:8:[m[K [01;36m[Knote: [m[Kcandidate: ‘[01m[Kvoid local_dp_qp::setPatam(double, double, double, double, double, double, const MatrixXd&, int, int, int, std::vector<obses_sd>, std::vector<Eigen::Matrix<double, -1, 1> >, double, double, double, double, double, Decisionflags, double, bool, bool, double, size_t)[m[K’
[4.276s]   101 |   void [01;36m[KsetPatam[m[K(double car_a , double car_v,double car_s,double car_l,double dl,double dll, const Eigen::MatrixXd& globalPath,int all_distances ,
[4.276s]       |        [01;36m[K^~~~~~~~[m[K
[4.276s] [01m[K/home/mm/longshan12_2/src/local/./include/local_dp_qp.h:101:8:[m[K [01;36m[Knote: [m[K  candidate expects 23 arguments, 20 provided
[4.276s] [01m[K/home/mm/longshan12_2/src/local/src/local_node4.cpp:1007:131:[m[K [01;31m[Kerror: [m[Kno matching function for call to ‘[01m[Klocal_dp_qp::setPatam(double&, Eigen::DenseCoeffsBase<Eigen::Matrix<double, -1, 1>, 1>::Scalar&, double&, double&, double&, double&, Eigen::MatrixXd&, double&, double&, int&, std::vector<obses_sd>&, std::vector<Eigen::Matrix<double, -1, 1> >&, double&, double&, double&, double&, double, Decisionflags&, int, bool)[m[K’
[4.276s]  1007 |                                 GlobalcoordinatesystemObsesLimitinlocal,start_l,end_l,delta_l,target_v,-1.5,Decisionflags_,0,false[01;31m[K)[m[K;
[4.276s]       |                                                                                                                                   [01;31m[K^[m[K
[4.276s] In file included from [01m[K/home/mm/longshan12_2/src/local/src/local_node4.cpp:20[m[K:
[4.276s] [01m[K/home/mm/longshan12_2/src/local/./include/local_dp_qp.h:101:8:[m[K [01;36m[Knote: [m[Kcandidate: ‘[01m[Kvoid local_dp_qp::setPatam(double, double, double, double, double, double, const MatrixXd&, int, int, int, std::vector<obses_sd>, std::vector<Eigen::Matrix<double, -1, 1> >, double, double, double, double, double, Decisionflags, double, bool, bool, double, size_t)[m[K’
[4.276s]   101 |   void [01;36m[KsetPatam[m[K(double car_a , double car_v,double car_s,double car_l,double dl,double dll, const Eigen::MatrixXd& globalPath,int all_distances ,
[4.276s]       |        [01;36m[K^~~~~~~~[m[K
[4.276s] [01m[K/home/mm/longshan12_2/src/local/./include/local_dp_qp.h:101:8:[m[K [01;36m[Knote: [m[K  candidate expects 23 arguments, 20 provided
[4.277s] [01m[K/home/mm/longshan12_2/src/local/src/local_node4.cpp:1014:131:[m[K [01;31m[Kerror: [m[Kno matching function for call to ‘[01m[Klocal_dp_qp::setPatam(double&, Eigen::DenseCoeffsBase<Eigen::Matrix<double, -1, 1>, 1>::Scalar&, double&, double&, double&, double&, Eigen::MatrixXd&, int&, int&, int&, std::vector<obses_sd>&, std::vector<Eigen::Matrix<double, -1, 1> >&, double&, double&, double&, double&, double, Decisionflags&, int, bool)[m[K’
[4.277s]  1014 |                                 GlobalcoordinatesystemObsesLimitinlocal,start_l,end_l,delta_l,target_v,-1.5,Decisionflags_,0,false[01;31m[K)[m[K;
[4.277s]       |                                                                                                                                   [01;31m[K^[m[K
[4.277s] In file included from [01m[K/home/mm/longshan12_2/src/local/src/local_node4.cpp:20[m[K:
[4.277s] [01m[K/home/mm/longshan12_2/src/local/./include/local_dp_qp.h:101:8:[m[K [01;36m[Knote: [m[Kcandidate: ‘[01m[Kvoid local_dp_qp::setPatam(double, double, double, double, double, double, const MatrixXd&, int, int, int, std::vector<obses_sd>, std::vector<Eigen::Matrix<double, -1, 1> >, double, double, double, double, double, Decisionflags, double, bool, bool, double, size_t)[m[K’
[4.277s]   101 |   void [01;36m[KsetPatam[m[K(double car_a , double car_v,double car_s,double car_l,double dl,double dll, const Eigen::MatrixXd& globalPath,int all_distances ,
[4.277s]       |        [01;36m[K^~~~~~~~[m[K
[4.277s] [01m[K/home/mm/longshan12_2/src/local/./include/local_dp_qp.h:101:8:[m[K [01;36m[Knote: [m[K  candidate expects 23 arguments, 20 provided
[4.277s] [01m[K/home/mm/longshan12_2/src/local/src/local_node4.cpp:1019:131:[m[K [01;31m[Kerror: [m[Kno matching function for call to ‘[01m[Klocal_dp_qp::setPatam(double&, Eigen::DenseCoeffsBase<Eigen::Matrix<double, -1, 1>, 1>::Scalar&, double&, double&, double&, double&, Eigen::MatrixXd&, int&, int&, int&, std::vector<obses_sd>&, std::vector<Eigen::Matrix<double, -1, 1> >&, double&, double&, double&, double&, double, Decisionflags&, int, bool)[m[K’
[4.277s]  1019 |                                 GlobalcoordinatesystemObsesLimitinlocal,start_l,end_l,delta_l,target_v,-1.5,Decisionflags_,0,false[01;31m[K)[m[K;
[4.277s]       |                                                                                                                                   [01;31m[K^[m[K
[4.277s] In file included from [01m[K/home/mm/longshan12_2/src/local/src/local_node4.cpp:20[m[K:
[4.277s] [01m[K/home/mm/longshan12_2/src/local/./include/local_dp_qp.h:101:8:[m[K [01;36m[Knote: [m[Kcandidate: ‘[01m[Kvoid local_dp_qp::setPatam(double, double, double, double, double, double, const MatrixXd&, int, int, int, std::vector<obses_sd>, std::vector<Eigen::Matrix<double, -1, 1> >, double, double, double, double, double, Decisionflags, double, bool, bool, double, size_t)[m[K’
[4.278s]   101 |   void [01;36m[KsetPatam[m[K(double car_a , double car_v,double car_s,double car_l,double dl,double dll, const Eigen::MatrixXd& globalPath,int all_distances ,
[4.278s]       |        [01;36m[K^~~~~~~~[m[K
[4.278s] [01m[K/home/mm/longshan12_2/src/local/./include/local_dp_qp.h:101:8:[m[K [01;36m[Knote: [m[K  candidate expects 23 arguments, 20 provided
[7.149s] In file included from [01m[K/home/mm/longshan12_2/src/local/./include/localFuns.h:5[m[K,
[7.149s]                  from [01m[K/home/mm/longshan12_2/src/local/src/local_node4.cpp:17[m[K:
[7.149s] [01m[K/home/mm/longshan12_2/src/local/./include/toolKits.h:[m[K At global scope:
[7.149s] [01m[K/home/mm/longshan12_2/src/local/./include/toolKits.h:64:19:[m[K [01;35m[Kwarning: [m[Kinline function ‘[01m[Kdouble tool::d2r(double)[m[K’ used but never defined
[7.149s]    64 |     inline double [01;35m[Kd2r[m[K(double theta);
[7.149s]       |                   [01;35m[K^~~[m[K
[7.707s] make[2]: *** [CMakeFiles/local_node4.dir/build.make:167：CMakeFiles/local_node4.dir/src/local_node4.cpp.o] 错误 1
[7.708s] make[1]: *** [CMakeFiles/Makefile2:78：CMakeFiles/local_node4.dir/all] 错误 2
[7.709s] make: *** [Makefile:141：all] 错误 2
[7.710s] Invoked command in '/home/mm/longshan12_2/build/local' returned '2': AMENT_PREFIX_PATH=/home/mm/longshan12_2/install/ros2_path_interfaces:${AMENT_PREFIX_PATH} CMAKE_PREFIX_PATH=/home/mm/longshan12_2/install/ros2_path_interfaces:/opt/ros/foxy LD_LIBRARY_PATH=/home/mm/longshan12_2/install/ros2_path_interfaces/lib:/usr/local/lib/libosqp.so:/usr/lib/x86_64-linux-gnu/gazebo-11/plugins:/opt/ros/foxy/opt/yaml_cpp_vendor/lib:/opt/ros/foxy/opt/rviz_ogre_vendor/lib:/opt/ros/foxy/lib/x86_64-linux-gnu:/opt/ros/foxy/lib:/usr/local/lib/libosqp.so PYTHONPATH=/home/mm/longshan12_2/install/ros2_path_interfaces/lib/python3.8/site-packages:${PYTHONPATH} /usr/bin/cmake --build /home/mm/longshan12_2/build/local -- -j4 -l4
