[0.030s] Invoking command in '/home/mm/longshan11_6/build/hmi': CMAKE_PREFIX_PATH=/opt/ros/foxy /usr/bin/cmake --build /home/mm/longshan11_6/build/hmi -- -j4 -l4
[0.509s] [100%] Built target hmi
[0.550s] Invoked command in '/home/mm/longshan11_6/build/hmi' returned '0': CMAKE_PREFIX_PATH=/opt/ros/foxy /usr/bin/cmake --build /home/mm/longshan11_6/build/hmi -- -j4 -l4
[0.818s] Invoking command in '/home/mm/longshan11_6/build/hmi': CMAKE_PREFIX_PATH=/opt/ros/foxy /usr/bin/cmake --install /home/mm/longshan11_6/build/hmi
[0.847s] -- Install configuration: ""
[0.848s] -- Up-to-date: /home/mm/longshan11_6/install/hmi/lib/hmi/hmi
[0.851s] -- Up-to-date: /home/mm/longshan11_6/install/hmi/share/hmi/launch
[0.851s] -- Up-to-date: /home/mm/longshan11_6/install/hmi/share/hmi/launch/hmi.launch.py
[0.854s] -- Up-to-date: /home/mm/longshan11_6/install/hmi/share/ament_index/resource_index/package_run_dependencies/hmi
[0.856s] -- Up-to-date: /home/mm/longshan11_6/install/hmi/share/ament_index/resource_index/parent_prefix_path/hmi
[0.857s] -- Up-to-date: /home/mm/longshan11_6/install/hmi/share/hmi/environment/ament_prefix_path.sh
[0.858s] -- Up-to-date: /home/mm/longshan11_6/install/hmi/share/hmi/environment/ament_prefix_path.dsv
[0.858s] -- Up-to-date: /home/mm/longshan11_6/install/hmi/share/hmi/environment/path.sh
[0.859s] -- Up-to-date: /home/mm/longshan11_6/install/hmi/share/hmi/environment/path.dsv
[0.859s] -- Up-to-date: /home/mm/longshan11_6/install/hmi/share/hmi/local_setup.bash
[0.862s] -- Up-to-date: /home/mm/longshan11_6/install/hmi/share/hmi/local_setup.sh
[0.864s] -- Up-to-date: /home/mm/longshan11_6/install/hmi/share/hmi/local_setup.zsh
[0.864s] -- Up-to-date: /home/mm/longshan11_6/install/hmi/share/hmi/local_setup.dsv
[0.866s] -- Installing: /home/mm/longshan11_6/install/hmi/share/hmi/package.dsv
[0.866s] -- Up-to-date: /home/mm/longshan11_6/install/hmi/share/ament_index/resource_index/packages/hmi
[0.879s] -- Up-to-date: /home/mm/longshan11_6/install/hmi/share/hmi/cmake/hmiConfig.cmake
[0.880s] -- Up-to-date: /home/mm/longshan11_6/install/hmi/share/hmi/cmake/hmiConfig-version.cmake
[0.887s] -- Up-to-date: /home/mm/longshan11_6/install/hmi/share/hmi/package.xml
[0.963s] Invoked command in '/home/mm/longshan11_6/build/hmi' returned '0': CMAKE_PREFIX_PATH=/opt/ros/foxy /usr/bin/cmake --install /home/mm/longshan11_6/build/hmi
