[2.344s] Invoking command in '/home/mm/longshan12_2/src/draw_messages': PYTHONPATH=/home/mm/longshan12_2/build/draw_messages/prefix_override:/home/mm/longshan12_2/install/draw_messages/lib/python3.8/site-packages:${PYTHONPATH} /usr/bin/python3 -W ignore:setup.py install is deprecated setup.py egg_info --egg-base ../../build/draw_messages build --build-base /home/mm/longshan12_2/build/draw_messages/build install --record /home/mm/longshan12_2/build/draw_messages/install.log --install-scripts $base/lib/draw_messages --single-version-externally-managed install_data
[2.880s] running egg_info
[2.880s] writing ../../build/draw_messages/draw_messages.egg-info/PKG-INFO
[2.884s] writing dependency_links to ../../build/draw_messages/draw_messages.egg-info/dependency_links.txt
[2.885s] writing entry points to ../../build/draw_messages/draw_messages.egg-info/entry_points.txt
[2.885s] writing requirements to ../../build/draw_messages/draw_messages.egg-info/requires.txt
[2.885s] writing top-level names to ../../build/draw_messages/draw_messages.egg-info/top_level.txt
[3.024s] reading manifest file '../../build/draw_messages/draw_messages.egg-info/SOURCES.txt'
[3.026s] writing manifest file '../../build/draw_messages/draw_messages.egg-info/SOURCES.txt'
[3.026s] running build
[3.027s] running build_py
[3.043s] running install
[3.052s] running install_lib
[3.057s] running install_data
[3.060s] running install_egg_info
[3.061s] removing '/home/mm/longshan12_2/install/draw_messages/lib/python3.8/site-packages/draw_messages-0.0.0-py3.8.egg-info' (and everything under it)
[3.065s] Copying ../../build/draw_messages/draw_messages.egg-info to /home/mm/longshan12_2/install/draw_messages/lib/python3.8/site-packages/draw_messages-0.0.0-py3.8.egg-info
[3.079s] running install_scripts
[3.124s] Installing real_time_plot script to /home/mm/longshan12_2/install/draw_messages/lib/draw_messages
[3.126s] writing list of installed files to '/home/mm/longshan12_2/build/draw_messages/install.log'
[3.232s] Invoked command in '/home/mm/longshan12_2/src/draw_messages' returned '0': PYTHONPATH=/home/mm/longshan12_2/build/draw_messages/prefix_override:/home/mm/longshan12_2/install/draw_messages/lib/python3.8/site-packages:${PYTHONPATH} /usr/bin/python3 -W ignore:setup.py install is deprecated setup.py egg_info --egg-base ../../build/draw_messages build --build-base /home/mm/longshan12_2/build/draw_messages/build install --record /home/mm/longshan12_2/build/draw_messages/install.log --install-scripts $base/lib/draw_messages --single-version-externally-managed install_data
