[0.032s] Invoking command in '/home/mm/longshan12_2/build/dipgseg': CMAKE_PREFIX_PATH=/opt/ros/foxy /usr/bin/cmake /home/mm/longshan12_2/src/voxel_dipgseg -DCMAKE_INSTALL_PREFIX=/home/mm/longshan12_2/install/dipgseg
[0.553s] -- The C compiler identification is GNU 9.4.0
[0.750s] -- The CXX compiler identification is GNU 9.4.0
[0.764s] -- Check for working C compiler: /usr/bin/cc
[0.871s] -- Check for working C compiler: /usr/bin/cc -- works
[0.872s] -- Detecting C compiler ABI info
[0.964s] -- Detecting C compiler ABI info - done
[0.979s] -- Detecting C compile features
[0.980s] -- Detecting C compile features - done
[0.982s] -- Check for working CXX compiler: /usr/bin/c++
[1.108s] -- Check for working CXX compiler: /usr/bin/c++ -- works
[1.109s] -- Detecting CXX compiler ABI info
[1.205s] -- Detecting CXX compiler ABI info - done
[1.216s] -- Detecting CXX compile features
[1.217s] -- Detecting CXX compile features - done
[1.219s] -- Found ament_cmake: 0.9.12 (/opt/ros/foxy/share/ament_cmake/cmake)
[1.241s] -- Found PythonInterp: /usr/bin/python3 (found suitable version "3.8.10", minimum required is "3") 
[1.242s] -- Using PYTHON_EXECUTABLE: /usr/bin/python3
[1.467s] -- Found rclcpp: 2.4.3 (/opt/ros/foxy/share/rclcpp/cmake)
[1.516s] -- Using all available rosidl_typesupport_c: rosidl_typesupport_fastrtps_c;rosidl_typesupport_introspection_c
[1.523s] -- Found rosidl_adapter: 1.3.1 (/opt/ros/foxy/share/rosidl_adapter/cmake)
[1.599s] -- Found OpenSSL: /usr/lib/x86_64-linux-gnu/libcrypto.so (found version "1.1.1f")  
[1.618s] -- Found FastRTPS: /opt/ros/foxy/include  
[1.674s] -- Using all available rosidl_typesupport_cpp: rosidl_typesupport_fastrtps_cpp;rosidl_typesupport_introspection_cpp
[1.731s] -- Found rmw_implementation_cmake: 1.0.4 (/opt/ros/foxy/share/rmw_implementation_cmake/cmake)
[1.733s] -- Using RMW implementation 'rmw_fastrtps_cpp' as default
[1.734s] -- Looking for pthread.h
[1.833s] -- Looking for pthread.h - found
[1.833s] -- Performing Test CMAKE_HAVE_LIBC_PTHREAD
[1.910s] -- Performing Test CMAKE_HAVE_LIBC_PTHREAD - Failed
[1.910s] -- Looking for pthread_create in pthreads
[1.987s] -- Looking for pthread_create in pthreads - not found
[1.988s] -- Looking for pthread_create in pthread
[2.082s] -- Looking for pthread_create in pthread - found
[2.083s] -- Found Threads: TRUE  
[2.292s] -- Found sensor_msgs: 2.0.5 (/opt/ros/foxy/share/sensor_msgs/cmake)
[2.454s] -- Checking for module 'eigen3'
[2.477s] --   Found eigen3, version 3.3.7
[2.533s] -- Found Eigen: /usr/include/eigen3 (Required is at least version "3.1") 
[2.533s] -- Eigen found (include: /usr/include/eigen3, version: 3.3.7)
[2.614s] -- Found Boost: /usr/include (found suitable version "1.71.0", minimum required is "1.55.0") found components: system filesystem date_time iostreams regex 
[2.653s] -- Checking for module 'flann'
[2.678s] --   Found flann, version 1.9.1
[2.738s] -- Found FLANN: /usr/lib/x86_64-linux-gnu/libflann_cpp.so  
[2.861s] -- The imported target "vtkParseOGLExt" references the file
[2.861s]    "/usr/bin/vtkParseOGLExt-7.1"
[2.861s] but this file does not exist.  Possible reasons include:
[2.861s] * The file was deleted, renamed, or moved to another location.
[2.861s] * An install or uninstall procedure did not complete successfully.
[2.861s] * The installation package was faulty and contained
[2.861s]    "/usr/lib/cmake/vtk-7.1/VTKTargets.cmake"
[2.862s] but not all the files it references.
[2.862s] 
[2.869s] -- The imported target "vtkRenderingPythonTkWidgets" references the file
[2.869s]    "/usr/lib/x86_64-linux-gnu/libvtkRenderingPythonTkWidgets.so"
[2.869s] but this file does not exist.  Possible reasons include:
[2.869s] * The file was deleted, renamed, or moved to another location.
[2.869s] * An install or uninstall procedure did not complete successfully.
[2.869s] * The installation package was faulty and contained
[2.869s]    "/usr/lib/cmake/vtk-7.1/VTKTargets.cmake"
[2.870s] but not all the files it references.
[2.870s] 
[2.871s] -- The imported target "vtk" references the file
[2.871s]    "/usr/bin/vtk"
[2.871s] but this file does not exist.  Possible reasons include:
[2.871s] * The file was deleted, renamed, or moved to another location.
[2.871s] * An install or uninstall procedure did not complete successfully.
[2.872s] * The installation package was faulty and contained
[2.872s]    "/usr/lib/cmake/vtk-7.1/VTKTargets.cmake"
[2.872s] but not all the files it references.
[2.872s] 
[2.872s] -- The imported target "pvtk" references the file
[2.872s]    "/usr/bin/pvtk"
[2.872s] but this file does not exist.  Possible reasons include:
[2.873s] * The file was deleted, renamed, or moved to another location.
[2.873s] * An install or uninstall procedure did not complete successfully.
[2.873s] * The installation package was faulty and contained
[2.873s]    "/usr/lib/cmake/vtk-7.1/VTKTargets.cmake"
[2.873s] but not all the files it references.
[2.873s] 
[2.969s] -- Checking for module 'libusb-1.0'
[3.108s] --   Found libusb-1.0, version 1.0.23
[3.453s] -- Found USB_10: /usr/lib/x86_64-linux-gnu/libusb-1.0.so  
[3.997s] -- Found OpenNI: /usr/lib/libOpenNI.so  
[3.997s] -- OpenNI found (include: /usr/include/ni, lib: /usr/lib/libOpenNI.so)
[4.715s] -- Found OpenNI2: /usr/lib/libOpenNI2.so  
[4.715s] -- OpenNI2 found (include: /usr/include/openni2, lib: /usr/lib/libOpenNI2.so)
[4.716s] ** WARNING ** io features related to pcap will be disabled
[4.716s] ** WARNING ** io features related to png will be disabled
[4.745s] -- Found libusb-1.0: /usr/include  
[4.746s] ** WARNING ** io features related to libusb-1.0 will be disabled
[4.753s] -- OpenNI found (include: /usr/include/ni, lib: /usr/lib/libOpenNI.so)
[4.759s] -- OpenNI2 found (include: /usr/include/openni2, lib: /usr/lib/libOpenNI2.so)
[4.799s] -- Found Qhull: optimized;/usr/lib/x86_64-linux-gnu/libqhull.so;debug;/usr/lib/x86_64-linux-gnu/libqhull.so  
[4.799s] -- QHULL found (include: /usr/include, lib: optimized;/usr/lib/x86_64-linux-gnu/libqhull.so;debug;/usr/lib/x86_64-linux-gnu/libqhull.so)
[4.807s] -- OpenNI found (include: /usr/include/ni, lib: /usr/lib/libOpenNI.so)
[4.828s] -- looking for PCL_COMMON
[4.830s] -- Found PCL_COMMON: /usr/lib/x86_64-linux-gnu/libpcl_common.so  
[4.832s] -- looking for PCL_KDTREE
[4.845s] -- Found PCL_KDTREE: /usr/lib/x86_64-linux-gnu/libpcl_kdtree.so  
[4.845s] -- looking for PCL_OCTREE
[4.850s] -- Found PCL_OCTREE: /usr/lib/x86_64-linux-gnu/libpcl_octree.so  
[4.850s] -- looking for PCL_SEARCH
[4.851s] -- Found PCL_SEARCH: /usr/lib/x86_64-linux-gnu/libpcl_search.so  
[4.852s] -- looking for PCL_SAMPLE_CONSENSUS
[4.866s] -- Found PCL_SAMPLE_CONSENSUS: /usr/lib/x86_64-linux-gnu/libpcl_sample_consensus.so  
[4.866s] -- looking for PCL_FILTERS
[4.867s] -- Found PCL_FILTERS: /usr/lib/x86_64-linux-gnu/libpcl_filters.so  
[4.868s] -- looking for PCL_2D
[4.868s] -- Found PCL_2D: /usr/include/pcl-1.10  
[4.869s] -- looking for PCL_GEOMETRY
[4.870s] -- Found PCL_GEOMETRY: /usr/include/pcl-1.10  
[4.870s] -- looking for PCL_IO
[4.872s] -- Found PCL_IO: /usr/lib/x86_64-linux-gnu/libpcl_io.so  
[4.873s] -- looking for PCL_FEATURES
[4.875s] -- Found PCL_FEATURES: /usr/lib/x86_64-linux-gnu/libpcl_features.so  
[4.876s] -- looking for PCL_ML
[4.878s] -- Found PCL_ML: /usr/lib/x86_64-linux-gnu/libpcl_ml.so  
[4.878s] -- looking for PCL_SEGMENTATION
[4.879s] -- Found PCL_SEGMENTATION: /usr/lib/x86_64-linux-gnu/libpcl_segmentation.so  
[4.880s] -- looking for PCL_VISUALIZATION
[4.893s] -- Found PCL_VISUALIZATION: /usr/lib/x86_64-linux-gnu/libpcl_visualization.so  
[4.894s] -- looking for PCL_SURFACE
[4.897s] -- Found PCL_SURFACE: /usr/lib/x86_64-linux-gnu/libpcl_surface.so  
[4.897s] -- looking for PCL_REGISTRATION
[4.899s] -- Found PCL_REGISTRATION: /usr/lib/x86_64-linux-gnu/libpcl_registration.so  
[4.900s] -- looking for PCL_KEYPOINTS
[4.904s] -- Found PCL_KEYPOINTS: /usr/lib/x86_64-linux-gnu/libpcl_keypoints.so  
[4.913s] -- looking for PCL_TRACKING
[4.916s] -- Found PCL_TRACKING: /usr/lib/x86_64-linux-gnu/libpcl_tracking.so  
[4.917s] -- looking for PCL_RECOGNITION
[4.921s] -- Found PCL_RECOGNITION: /usr/lib/x86_64-linux-gnu/libpcl_recognition.so  
[4.933s] -- looking for PCL_STEREO
[4.934s] -- Found PCL_STEREO: /usr/lib/x86_64-linux-gnu/libpcl_stereo.so  
[4.935s] -- looking for PCL_APPS
[4.936s] -- Found PCL_APPS: /usr/lib/x86_64-linux-gnu/libpcl_apps.so  
[4.937s] -- looking for PCL_IN_HAND_SCANNER
[4.937s] -- Found PCL_IN_HAND_SCANNER: /usr/include/pcl-1.10  
[4.938s] -- looking for PCL_POINT_CLOUD_EDITOR
[4.941s] -- Found PCL_POINT_CLOUD_EDITOR: /usr/include/pcl-1.10  
[4.941s] -- looking for PCL_OUTOFCORE
[4.943s] -- Found PCL_OUTOFCORE: /usr/lib/x86_64-linux-gnu/libpcl_outofcore.so  
[4.943s] -- looking for PCL_PEOPLE
[4.944s] -- Found PCL_PEOPLE: /usr/lib/x86_64-linux-gnu/libpcl_people.so  
[4.946s] -- Found PCL: pcl_common;pcl_kdtree;pcl_octree;pcl_search;pcl_sample_consensus;pcl_filters;pcl_io;pcl_features;pcl_ml;pcl_segmentation;pcl_visualization;pcl_surface;pcl_registration;pcl_keypoints;pcl_tracking;pcl_recognition;pcl_stereo;pcl_apps;pcl_outofcore;pcl_people;/usr/lib/x86_64-linux-gnu/libboost_system.so;/usr/lib/x86_64-linux-gnu/libboost_filesystem.so;/usr/lib/x86_64-linux-gnu/libboost_date_time.so;/usr/lib/x86_64-linux-gnu/libboost_iostreams.so;/usr/lib/x86_64-linux-gnu/libboost_regex.so;optimized;/usr/lib/x86_64-linux-gnu/libqhull.so;debug;/usr/lib/x86_64-linux-gnu/libqhull.so;/usr/lib/libOpenNI.so;/usr/lib/libOpenNI2.so;vtkChartsCore;vtkCommonColor;vtkCommonCore;vtksys;vtkCommonDataModel;vtkCommonMath;vtkCommonMisc;vtkCommonSystem;vtkCommonTransforms;vtkCommonExecutionModel;vtkFiltersGeneral;vtkCommonComputationalGeometry;vtkFiltersCore;vtkInfovisCore;vtkFiltersExtraction;vtkFiltersStatistics;vtkImagingFourier;vtkImagingCore;vtkalglib;vtkRenderingContext2D;vtkRenderingCore;vtkFiltersGeometry;vtkFiltersSources;vtkRenderingFreeType;/usr/lib/x86_64-linux-gnu/libfreetype.so;/usr/lib/x86_64-linux-gnu/libz.so;vtkFiltersModeling;vtkImagingSources;vtkInteractionStyle;vtkInteractionWidgets;vtkFiltersHybrid;vtkImagingColor;vtkImagingGeneral;vtkImagingHybrid;vtkIOImage;vtkDICOMParser;vtkmetaio;/usr/lib/x86_64-linux-gnu/libjpeg.so;/usr/lib/x86_64-linux-gnu/libpng.so;/usr/lib/x86_64-linux-gnu/libtiff.so;vtkRenderingAnnotation;vtkRenderingVolume;vtkIOXML;vtkIOCore;vtkIOXMLParser;/usr/lib/x86_64-linux-gnu/libexpat.so;vtkIOGeometry;vtkIOLegacy;vtkIOPLY;vtkRenderingLOD;vtkViewsContext2D;vtkViewsCore;vtkRenderingContextOpenGL2;vtkRenderingOpenGL2;FLANN::FLANN  
[4.965s] -- Found OpenCV: /usr (found version "4.2.0") 
[4.971s] -- Found Boost: /usr/include (found suitable version "1.71.0", minimum required is "1.54")  
[5.056s] -- Configuring done
[5.187s] -- Generating done
[5.189s] -- Build files have been written to: /home/mm/longshan12_2/build/dipgseg
[5.214s] Invoked command in '/home/mm/longshan12_2/build/dipgseg' returned '0': CMAKE_PREFIX_PATH=/opt/ros/foxy /usr/bin/cmake /home/mm/longshan12_2/src/voxel_dipgseg -DCMAKE_INSTALL_PREFIX=/home/mm/longshan12_2/install/dipgseg
[5.219s] Invoking command in '/home/mm/longshan12_2/build/dipgseg': CMAKE_PREFIX_PATH=/opt/ros/foxy /usr/bin/cmake --build /home/mm/longshan12_2/build/dipgseg -- -j4 -l4
[5.413s] [35m[1mScanning dependencies of target demo_node[0m
[5.683s] [ 50%] [32mBuilding CXX object CMakeFiles/demo_node.dir/src/demo.cpp.o[0m
[28.140s] [01m[K/home/mm/longshan12_2/src/voxel_dipgseg/src/demo.cpp:48:74:[m[K [01;35m[Kwarning: [m[K‘[01m[Ksensor_msgs::msg::PointCloud2_<std::allocator<void> >::ConstPtr[m[K’ is deprecated [[01;35m[K-Wdeprecated-declarations[m[K]
[28.140s]    48 |     void callback(const sensor_msgs::msg::PointCloud2::ConstPtr cloud_msg[01;35m[K)[m[K{
[28.140s]       |                                                                          [01;35m[K^[m[K
[28.141s] In file included from [01m[K/opt/ros/foxy/include/sensor_msgs/msg/point_cloud2.hpp:7[m[K,
[28.141s]                  from [01m[K/opt/ros/foxy/include/pcl_conversions/pcl_conversions.h:58[m[K,
[28.141s]                  from [01m[K/home/mm/longshan12_2/src/voxel_dipgseg/src/utils/evaluate.h:2[m[K,
[28.141s]                  from [01m[K/home/mm/longshan12_2/src/voxel_dipgseg/src/demo.cpp:2[m[K:
[28.142s] [01m[K/opt/ros/foxy/include/sensor_msgs/msg/detail/point_cloud2__struct.hpp:193:5:[m[K [01;36m[Knote: [m[Kdeclared here
[28.142s]   193 |     [01;36m[KConstPtr[m[K;
[28.142s]       |     [01;36m[K^~~~~~~~[m[K
[41.740s] [100%] [32m[1mLinking CXX executable demo_node[0m
[43.637s] [100%] Built target demo_node
[43.652s] Invoked command in '/home/mm/longshan12_2/build/dipgseg' returned '0': CMAKE_PREFIX_PATH=/opt/ros/foxy /usr/bin/cmake --build /home/mm/longshan12_2/build/dipgseg -- -j4 -l4
[43.686s] Invoking command in '/home/mm/longshan12_2/build/dipgseg': CMAKE_PREFIX_PATH=/opt/ros/foxy /usr/bin/cmake --install /home/mm/longshan12_2/build/dipgseg
[43.697s] -- Install configuration: ""
[43.698s] -- Installing: /home/mm/longshan12_2/install/dipgseg/lib/dipgseg/demo_node
[43.700s] -- Set runtime path of "/home/mm/longshan12_2/install/dipgseg/lib/dipgseg/demo_node" to ""
[43.700s] -- Installing: /home/mm/longshan12_2/install/dipgseg/share/dipgseg/launch
[43.701s] -- Installing: /home/mm/longshan12_2/install/dipgseg/share/dipgseg/launch/run.launch.py
[43.703s] -- Installing: /home/mm/longshan12_2/install/dipgseg/share/ament_index/resource_index/package_run_dependencies/dipgseg
[43.703s] -- Installing: /home/mm/longshan12_2/install/dipgseg/share/ament_index/resource_index/parent_prefix_path/dipgseg
[43.704s] -- Installing: /home/mm/longshan12_2/install/dipgseg/share/dipgseg/environment/ament_prefix_path.sh
[43.704s] -- Installing: /home/mm/longshan12_2/install/dipgseg/share/dipgseg/environment/ament_prefix_path.dsv
[43.704s] -- Installing: /home/mm/longshan12_2/install/dipgseg/share/dipgseg/environment/path.sh
[43.704s] -- Installing: /home/mm/longshan12_2/install/dipgseg/share/dipgseg/environment/path.dsv
[43.705s] -- Installing: /home/mm/longshan12_2/install/dipgseg/share/dipgseg/local_setup.bash
[43.705s] -- Installing: /home/mm/longshan12_2/install/dipgseg/share/dipgseg/local_setup.sh
[43.705s] -- Installing: /home/mm/longshan12_2/install/dipgseg/share/dipgseg/local_setup.zsh
[43.706s] -- Installing: /home/mm/longshan12_2/install/dipgseg/share/dipgseg/local_setup.dsv
[43.706s] -- Installing: /home/mm/longshan12_2/install/dipgseg/share/dipgseg/package.dsv
[43.706s] -- Installing: /home/mm/longshan12_2/install/dipgseg/share/ament_index/resource_index/packages/dipgseg
[43.707s] -- Installing: /home/mm/longshan12_2/install/dipgseg/share/dipgseg/cmake/dipgsegConfig.cmake
[43.707s] -- Installing: /home/mm/longshan12_2/install/dipgseg/share/dipgseg/cmake/dipgsegConfig-version.cmake
[43.707s] -- Installing: /home/mm/longshan12_2/install/dipgseg/share/dipgseg/package.xml
[43.711s] Invoked command in '/home/mm/longshan12_2/build/dipgseg' returned '0': CMAKE_PREFIX_PATH=/opt/ros/foxy /usr/bin/cmake --install /home/mm/longshan12_2/build/dipgseg
