[0.128s] Invoking command in '/home/mm/longshan12_2/build/global': AMENT_PREFIX_PATH=/home/mm/longshan12_2/install/ros2_path_interfaces:${AMENT_PREFIX_PATH} CMAKE_PREFIX_PATH=/home/mm/longshan12_2/install/ros2_path_interfaces:/opt/ros/foxy LD_LIBRARY_PATH=/home/mm/longshan12_2/install/ros2_path_interfaces/lib:/usr/local/lib/libosqp.so:/usr/lib/x86_64-linux-gnu/gazebo-11/plugins:/opt/ros/foxy/opt/yaml_cpp_vendor/lib:/opt/ros/foxy/opt/rviz_ogre_vendor/lib:/opt/ros/foxy/lib/x86_64-linux-gnu:/opt/ros/foxy/lib:/usr/local/lib/libosqp.so PYTHONPATH=/home/mm/longshan12_2/install/ros2_path_interfaces/lib/python3.8/site-packages:${PYTHONPATH} /usr/bin/cmake --build /home/mm/longshan12_2/build/global -- -j4 -l4
[0.616s] [100%] Built target global_node
[0.690s] Invoked command in '/home/mm/longshan12_2/build/global' returned '0': AMENT_PREFIX_PATH=/home/mm/longshan12_2/install/ros2_path_interfaces:${AMENT_PREFIX_PATH} CMAKE_PREFIX_PATH=/home/mm/longshan12_2/install/ros2_path_interfaces:/opt/ros/foxy LD_LIBRARY_PATH=/home/mm/longshan12_2/install/ros2_path_interfaces/lib:/usr/local/lib/libosqp.so:/usr/lib/x86_64-linux-gnu/gazebo-11/plugins:/opt/ros/foxy/opt/yaml_cpp_vendor/lib:/opt/ros/foxy/opt/rviz_ogre_vendor/lib:/opt/ros/foxy/lib/x86_64-linux-gnu:/opt/ros/foxy/lib:/usr/local/lib/libosqp.so PYTHONPATH=/home/mm/longshan12_2/install/ros2_path_interfaces/lib/python3.8/site-packages:${PYTHONPATH} /usr/bin/cmake --build /home/mm/longshan12_2/build/global -- -j4 -l4
[1.090s] Invoking command in '/home/mm/longshan12_2/build/global': AMENT_PREFIX_PATH=/home/mm/longshan12_2/install/ros2_path_interfaces:${AMENT_PREFIX_PATH} CMAKE_PREFIX_PATH=/home/mm/longshan12_2/install/ros2_path_interfaces:/opt/ros/foxy LD_LIBRARY_PATH=/home/mm/longshan12_2/install/ros2_path_interfaces/lib:/usr/local/lib/libosqp.so:/usr/lib/x86_64-linux-gnu/gazebo-11/plugins:/opt/ros/foxy/opt/yaml_cpp_vendor/lib:/opt/ros/foxy/opt/rviz_ogre_vendor/lib:/opt/ros/foxy/lib/x86_64-linux-gnu:/opt/ros/foxy/lib:/usr/local/lib/libosqp.so PYTHONPATH=/home/mm/longshan12_2/install/ros2_path_interfaces/lib/python3.8/site-packages:${PYTHONPATH} /usr/bin/cmake --install /home/mm/longshan12_2/build/global
[1.117s] -- Install configuration: ""
[1.121s] -- Up-to-date: /home/mm/longshan12_2/install/global/lib/global/global_node
[1.122s] -- Up-to-date: /home/mm/longshan12_2/install/global/share/global/launch
[1.122s] -- Up-to-date: /home/mm/longshan12_2/install/global/share/global/launch/global.launch.py
[1.122s] -- Up-to-date: /home/mm/longshan12_2/install/global/share/ament_index/resource_index/package_run_dependencies/global
[1.122s] -- Up-to-date: /home/mm/longshan12_2/install/global/share/ament_index/resource_index/parent_prefix_path/global
[1.127s] -- Up-to-date: /home/mm/longshan12_2/install/global/share/global/environment/ament_prefix_path.sh
[1.127s] -- Up-to-date: /home/mm/longshan12_2/install/global/share/global/environment/ament_prefix_path.dsv
[1.127s] -- Up-to-date: /home/mm/longshan12_2/install/global/share/global/environment/path.sh
[1.127s] -- Up-to-date: /home/mm/longshan12_2/install/global/share/global/environment/path.dsv
[1.127s] -- Up-to-date: /home/mm/longshan12_2/install/global/share/global/local_setup.bash
[1.127s] -- Up-to-date: /home/mm/longshan12_2/install/global/share/global/local_setup.sh
[1.127s] -- Up-to-date: /home/mm/longshan12_2/install/global/share/global/local_setup.zsh
[1.127s] -- Up-to-date: /home/mm/longshan12_2/install/global/share/global/local_setup.dsv
[1.127s] -- Installing: /home/mm/longshan12_2/install/global/share/global/package.dsv
[1.128s] -- Up-to-date: /home/mm/longshan12_2/install/global/share/ament_index/resource_index/packages/global
[1.128s] -- Up-to-date: /home/mm/longshan12_2/install/global/share/global/cmake/globalConfig.cmake
[1.128s] -- Up-to-date: /home/mm/longshan12_2/install/global/share/global/cmake/globalConfig-version.cmake
[1.128s] -- Up-to-date: /home/mm/longshan12_2/install/global/share/global/package.xml
[1.132s] Invoked command in '/home/mm/longshan12_2/build/global' returned '0': AMENT_PREFIX_PATH=/home/mm/longshan12_2/install/ros2_path_interfaces:${AMENT_PREFIX_PATH} CMAKE_PREFIX_PATH=/home/mm/longshan12_2/install/ros2_path_interfaces:/opt/ros/foxy LD_LIBRARY_PATH=/home/mm/longshan12_2/install/ros2_path_interfaces/lib:/usr/local/lib/libosqp.so:/usr/lib/x86_64-linux-gnu/gazebo-11/plugins:/opt/ros/foxy/opt/yaml_cpp_vendor/lib:/opt/ros/foxy/opt/rviz_ogre_vendor/lib:/opt/ros/foxy/lib/x86_64-linux-gnu:/opt/ros/foxy/lib:/usr/local/lib/libosqp.so PYTHONPATH=/home/mm/longshan12_2/install/ros2_path_interfaces/lib/python3.8/site-packages:${PYTHONPATH} /usr/bin/cmake --install /home/mm/longshan12_2/build/global
