[0.056s] Invoking command in '/home/mm/longshan11_6/build/can': CMAKE_PREFIX_PATH=/opt/ros/foxy /usr/bin/cmake --build /home/mm/longshan11_6/build/can -- -j4 -l4
[0.285s] [ 80%] Built target can_node
[0.286s] [100%] Built target test1
[0.335s] Invoked command in '/home/mm/longshan11_6/build/can' returned '0': CMAKE_PREFIX_PATH=/opt/ros/foxy /usr/bin/cmake --build /home/mm/longshan11_6/build/can -- -j4 -l4
[0.462s] Invoking command in '/home/mm/longshan11_6/build/can': CMAKE_PREFIX_PATH=/opt/ros/foxy /usr/bin/cmake --install /home/mm/longshan11_6/build/can
[0.477s] -- Install configuration: ""
[0.477s] -- Up-to-date: /home/mm/longshan11_6/install/can/share/ament_index/resource_index/package_run_dependencies/can
[0.478s] -- Up-to-date: /home/mm/longshan11_6/install/can/share/ament_index/resource_index/parent_prefix_path/can
[0.479s] -- Up-to-date: /home/mm/longshan11_6/install/can/share/can/environment/ament_prefix_path.sh
[0.479s] -- Up-to-date: /home/mm/longshan11_6/install/can/share/can/environment/ament_prefix_path.dsv
[0.480s] -- Up-to-date: /home/mm/longshan11_6/install/can/share/can/environment/path.sh
[0.481s] -- Up-to-date: /home/mm/longshan11_6/install/can/share/can/environment/path.dsv
[0.481s] -- Up-to-date: /home/mm/longshan11_6/install/can/share/can/local_setup.bash
[0.482s] -- Up-to-date: /home/mm/longshan11_6/install/can/share/can/local_setup.sh
[0.482s] -- Up-to-date: /home/mm/longshan11_6/install/can/share/can/local_setup.zsh
[0.483s] -- Up-to-date: /home/mm/longshan11_6/install/can/share/can/local_setup.dsv
[0.484s] -- Installing: /home/mm/longshan11_6/install/can/share/can/package.dsv
[0.485s] -- Up-to-date: /home/mm/longshan11_6/install/can/share/ament_index/resource_index/packages/can
[0.486s] -- Up-to-date: /home/mm/longshan11_6/install/can/share/can/cmake/canConfig.cmake
[0.486s] -- Up-to-date: /home/mm/longshan11_6/install/can/share/can/cmake/canConfig-version.cmake
[0.487s] -- Up-to-date: /home/mm/longshan11_6/install/can/share/can/package.xml
[0.487s] -- Up-to-date: /home/mm/longshan11_6/install/can/lib/can/can_node
[0.488s] -- Up-to-date: /home/mm/longshan11_6/install/can/lib/can/test1
[0.489s] -- Up-to-date: /home/mm/longshan11_6/install/can/share/can/launch
[0.490s] -- Up-to-date: /home/mm/longshan11_6/install/can/share/can/launch/can.launch.py
[0.494s] Invoked command in '/home/mm/longshan11_6/build/can' returned '0': CMAKE_PREFIX_PATH=/opt/ros/foxy /usr/bin/cmake --install /home/mm/longshan11_6/build/can
