[0.055s] Invoking command in '/home/mm/longshan11_6/build/can': CMAKE_PREFIX_PATH=/opt/ros/foxy /usr/bin/cmake --build /home/mm/longshan11_6/build/can -- -j4 -l4
[0.247s] [ 60%] Built target can_node
[0.256s] [100%] Built target test1
[0.290s] Invoked command in '/home/mm/longshan11_6/build/can' returned '0': CMAKE_PREFIX_PATH=/opt/ros/foxy /usr/bin/cmake --build /home/mm/longshan11_6/build/can -- -j4 -l4
[0.433s] Invoking command in '/home/mm/longshan11_6/build/can': CMAKE_PREFIX_PATH=/opt/ros/foxy /usr/bin/cmake --install /home/mm/longshan11_6/build/can
[0.448s] -- Install configuration: ""
[0.449s] -- Up-to-date: /home/mm/longshan11_6/install/can/share/ament_index/resource_index/package_run_dependencies/can
[0.449s] -- Up-to-date: /home/mm/longshan11_6/install/can/share/ament_index/resource_index/parent_prefix_path/can
[0.449s] -- Up-to-date: /home/mm/longshan11_6/install/can/share/can/environment/ament_prefix_path.sh
[0.449s] -- Up-to-date: /home/mm/longshan11_6/install/can/share/can/environment/ament_prefix_path.dsv
[0.450s] -- Up-to-date: /home/mm/longshan11_6/install/can/share/can/environment/path.sh
[0.450s] -- Up-to-date: /home/mm/longshan11_6/install/can/share/can/environment/path.dsv
[0.450s] -- Up-to-date: /home/mm/longshan11_6/install/can/share/can/local_setup.bash
[0.450s] -- Up-to-date: /home/mm/longshan11_6/install/can/share/can/local_setup.sh
[0.450s] -- Up-to-date: /home/mm/longshan11_6/install/can/share/can/local_setup.zsh
[0.450s] -- Up-to-date: /home/mm/longshan11_6/install/can/share/can/local_setup.dsv
[0.451s] -- Installing: /home/mm/longshan11_6/install/can/share/can/package.dsv
[0.451s] -- Up-to-date: /home/mm/longshan11_6/install/can/share/ament_index/resource_index/packages/can
[0.451s] -- Up-to-date: /home/mm/longshan11_6/install/can/share/can/cmake/canConfig.cmake
[0.451s] -- Up-to-date: /home/mm/longshan11_6/install/can/share/can/cmake/canConfig-version.cmake
[0.451s] -- Up-to-date: /home/mm/longshan11_6/install/can/share/can/package.xml
[0.451s] -- Up-to-date: /home/mm/longshan11_6/install/can/lib/can/can_node
[0.453s] -- Up-to-date: /home/mm/longshan11_6/install/can/lib/can/test1
[0.453s] -- Up-to-date: /home/mm/longshan11_6/install/can/share/can/launch
[0.453s] -- Up-to-date: /home/mm/longshan11_6/install/can/share/can/launch/can.launch.py
[0.457s] Invoked command in '/home/mm/longshan11_6/build/can' returned '0': CMAKE_PREFIX_PATH=/opt/ros/foxy /usr/bin/cmake --install /home/mm/longshan11_6/build/can
