[0.025s] Invoking command in '/home/mm/longshan12_2/build/model': CMAKE_PREFIX_PATH=/opt/ros/foxy /usr/bin/cmake --build /home/mm/longshan12_2/build/model -- -j4 -l4
[0.156s] Invoked command in '/home/mm/longshan12_2/build/model' returned '0': CMAKE_PREFIX_PATH=/opt/ros/foxy /usr/bin/cmake --build /home/mm/longshan12_2/build/model -- -j4 -l4
[0.242s] Invoking command in '/home/mm/longshan12_2/build/model': CMAKE_PREFIX_PATH=/opt/ros/foxy /usr/bin/cmake --install /home/mm/longshan12_2/build/model
[0.270s] -- Install configuration: ""
[0.270s] -- Up-to-date: /home/mm/longshan12_2/install/model/share/model//launch
[0.271s] -- Up-to-date: /home/mm/longshan12_2/install/model/share/model//launch/load_launch.py
[0.272s] -- Up-to-date: /home/mm/longshan12_2/install/model/share/model//car_model
[0.272s] -- Up-to-date: /home/mm/longshan12_2/install/model/share/model//car_model/_51225ex1diffuse.jpeg
[0.273s] -- Up-to-date: /home/mm/longshan12_2/install/model/share/model//car_model/_51225ex2diffuse.jpeg
[0.273s] -- Up-to-date: /home/mm/longshan12_2/install/model/share/model//car_model/CAR_original.dae
[0.274s] -- Up-to-date: /home/mm/longshan12_2/install/model/share/model//car_model/default.urdf
[0.275s] -- Up-to-date: /home/mm/longshan12_2/install/model/share/ament_index/resource_index/package_run_dependencies/model
[0.275s] -- Up-to-date: /home/mm/longshan12_2/install/model/share/ament_index/resource_index/parent_prefix_path/model
[0.280s] -- Up-to-date: /home/mm/longshan12_2/install/model/share/model/environment/ament_prefix_path.sh
[0.280s] -- Up-to-date: /home/mm/longshan12_2/install/model/share/model/environment/ament_prefix_path.dsv
[0.280s] -- Up-to-date: /home/mm/longshan12_2/install/model/share/model/environment/path.sh
[0.281s] -- Up-to-date: /home/mm/longshan12_2/install/model/share/model/environment/path.dsv
[0.281s] -- Up-to-date: /home/mm/longshan12_2/install/model/share/model/local_setup.bash
[0.281s] -- Up-to-date: /home/mm/longshan12_2/install/model/share/model/local_setup.sh
[0.281s] -- Up-to-date: /home/mm/longshan12_2/install/model/share/model/local_setup.zsh
[0.281s] -- Up-to-date: /home/mm/longshan12_2/install/model/share/model/local_setup.dsv
[0.282s] -- Installing: /home/mm/longshan12_2/install/model/share/model/package.dsv
[0.282s] -- Up-to-date: /home/mm/longshan12_2/install/model/share/ament_index/resource_index/packages/model
[0.282s] -- Up-to-date: /home/mm/longshan12_2/install/model/share/model/cmake/modelConfig.cmake
[0.282s] -- Up-to-date: /home/mm/longshan12_2/install/model/share/model/cmake/modelConfig-version.cmake
[0.282s] -- Up-to-date: /home/mm/longshan12_2/install/model/share/model/package.xml
[0.286s] Invoked command in '/home/mm/longshan12_2/build/model' returned '0': CMAKE_PREFIX_PATH=/opt/ros/foxy /usr/bin/cmake --install /home/mm/longshan12_2/build/model
