[0.015s] Invoking command in '/home/mm/longshan11_6/build/myrviz': CMAKE_PREFIX_PATH=/opt/ros/foxy /usr/bin/cmake --build /home/mm/longshan11_6/build/myrviz -- -j4 -l4
[0.135s] [100%] Built target points_and_lines_publisher
[0.182s] Invoked command in '/home/mm/longshan11_6/build/myrviz' returned '0': CMAKE_PREFIX_PATH=/opt/ros/foxy /usr/bin/cmake --build /home/mm/longshan11_6/build/myrviz -- -j4 -l4
[0.213s] Invoking command in '/home/mm/longshan11_6/build/myrviz': CMAKE_PREFIX_PATH=/opt/ros/foxy /usr/bin/cmake --install /home/mm/longshan11_6/build/myrviz
[0.223s] -- Install configuration: ""
[0.223s] -- Up-to-date: /home/mm/longshan11_6/install/myrviz/lib/myrviz/points_and_lines_publisher
[0.224s] -- Up-to-date: /home/mm/longshan11_6/install/myrviz/share/ament_index/resource_index/package_run_dependencies/myrviz
[0.224s] -- Up-to-date: /home/mm/longshan11_6/install/myrviz/share/ament_index/resource_index/parent_prefix_path/myrviz
[0.224s] -- Up-to-date: /home/mm/longshan11_6/install/myrviz/share/myrviz/environment/ament_prefix_path.sh
[0.224s] -- Up-to-date: /home/mm/longshan11_6/install/myrviz/share/myrviz/environment/ament_prefix_path.dsv
[0.225s] -- Up-to-date: /home/mm/longshan11_6/install/myrviz/share/myrviz/environment/path.sh
[0.225s] -- Up-to-date: /home/mm/longshan11_6/install/myrviz/share/myrviz/environment/path.dsv
[0.225s] -- Up-to-date: /home/mm/longshan11_6/install/myrviz/share/myrviz/local_setup.bash
[0.226s] -- Up-to-date: /home/mm/longshan11_6/install/myrviz/share/myrviz/local_setup.sh
[0.226s] -- Up-to-date: /home/mm/longshan11_6/install/myrviz/share/myrviz/local_setup.zsh
[0.226s] -- Up-to-date: /home/mm/longshan11_6/install/myrviz/share/myrviz/local_setup.dsv
[0.226s] -- Installing: /home/mm/longshan11_6/install/myrviz/share/myrviz/package.dsv
[0.227s] -- Up-to-date: /home/mm/longshan11_6/install/myrviz/share/ament_index/resource_index/packages/myrviz
[0.227s] -- Up-to-date: /home/mm/longshan11_6/install/myrviz/share/myrviz/cmake/myrvizConfig.cmake
[0.227s] -- Up-to-date: /home/mm/longshan11_6/install/myrviz/share/myrviz/cmake/myrvizConfig-version.cmake
[0.227s] -- Up-to-date: /home/mm/longshan11_6/install/myrviz/share/myrviz/package.xml
[0.229s] Invoked command in '/home/mm/longshan11_6/build/myrviz' returned '0': CMAKE_PREFIX_PATH=/opt/ros/foxy /usr/bin/cmake --install /home/mm/longshan11_6/build/myrviz
