[0.047s] Invoking command in '/home/mm/longshan11_6/build/hmi': CMAKE_PREFIX_PATH=/opt/ros/foxy /usr/bin/cmake /home/mm/longshan11_6/src/hmi -DCMAKE_INSTALL_PREFIX=/home/mm/longshan11_6/install/hmi
[0.307s] -- The C compiler identification is GNU 9.4.0
[0.526s] -- The CXX compiler identification is GNU 9.4.0
[0.532s] -- Check for working C compiler: /usr/bin/cc
[0.735s] -- Check for working C compiler: /usr/bin/cc -- works
[0.736s] -- Detecting C compiler ABI info
[1.058s] -- Detecting C compiler ABI info - done
[1.095s] -- Detecting C compile features
[1.095s] -- Detecting C compile features - done
[1.099s] -- Check for working CXX compiler: /usr/bin/c++
[1.497s] -- Check for working CXX compiler: /usr/bin/c++ -- works
[1.498s] -- Detecting CXX compiler ABI info
[1.750s] -- Detecting CXX compiler ABI info - done
[1.778s] -- Detecting CXX compile features
[1.779s] -- Detecting CXX compile features - done
[1.781s] -- Found ament_cmake: 0.9.12 (/opt/ros/foxy/share/ament_cmake/cmake)
[1.856s] -- Found PythonInterp: /usr/bin/python3 (found suitable version "3.8.10", minimum required is "3") 
[1.857s] -- Using PYTHON_EXECUTABLE: /usr/bin/python3
[2.410s] -- Found rclcpp: 2.4.3 (/opt/ros/foxy/share/rclcpp/cmake)
[2.528s] -- Using all available rosidl_typesupport_c: rosidl_typesupport_fastrtps_c;rosidl_typesupport_introspection_c
[2.541s] -- Found rosidl_adapter: 1.3.1 (/opt/ros/foxy/share/rosidl_adapter/cmake)
[2.941s] -- Found OpenSSL: /usr/lib/x86_64-linux-gnu/libcrypto.so (found version "1.1.1f")  
[2.989s] -- Found FastRTPS: /opt/ros/foxy/include  
[3.102s] -- Using all available rosidl_typesupport_cpp: rosidl_typesupport_fastrtps_cpp;rosidl_typesupport_introspection_cpp
[3.192s] -- Found rmw_implementation_cmake: 1.0.4 (/opt/ros/foxy/share/rmw_implementation_cmake/cmake)
[3.194s] -- Using RMW implementation 'rmw_fastrtps_cpp' as default
[3.195s] -- Looking for pthread.h
[3.490s] -- Looking for pthread.h - found
[3.491s] -- Performing Test CMAKE_HAVE_LIBC_PTHREAD
[3.859s] -- Performing Test CMAKE_HAVE_LIBC_PTHREAD - Failed
[3.860s] -- Looking for pthread_create in pthreads
[4.073s] -- Looking for pthread_create in pthreads - not found
[4.073s] -- Looking for pthread_create in pthread
[4.491s] -- Looking for pthread_create in pthread - found
[4.493s] -- Found Threads: TRUE  
[4.983s] -- Found sensor_msgs: 2.0.5 (/opt/ros/foxy/share/sensor_msgs/cmake)
[5.853s] -- Found Boost: /usr/lib/x86_64-linux-gnu/cmake/Boost-1.71.0/BoostConfig.cmake (found suitable version "1.71.0", minimum required is "1.65.1") found components: thread 
[6.053s] -- Found OpenCV: /usr (found suitable version "4.2.0", minimum required is "4.2") 
[6.089s] -- Found ament_lint_auto: 0.9.8 (/opt/ros/foxy/share/ament_lint_auto/cmake)
[6.465s] -- Added test 'copyright' to check source files copyright and LICENSE
[6.473s] -- Added test 'cppcheck' to perform static code analysis on C / C++ code
[6.474s] -- Configured cppcheck include dirs: /home/mm/longshan11_6/src/hmi/include
[6.474s] -- Configured cppcheck exclude dirs and/or files: 
[6.478s] -- Added test 'cpplint' to check C / C++ code against the Google style
[6.478s] -- Configured cpplint exclude dirs and/or files: 
[6.479s] -- Added test 'flake8' to check Python code syntax and style conventions
[6.482s] -- Added test 'lint_cmake' to check CMake code style
[6.485s] -- Added test 'pep257' to check Python code against some of the style conventions in PEP 257
[6.500s] -- Added test 'uncrustify' to check C / C++ code style
[6.500s] -- Configured uncrustify additional arguments: 
[6.501s] -- Added test 'xmllint' to check XML markup files
[6.529s] -- Configuring done
[6.608s] -- Generating done
[6.610s] -- Build files have been written to: /home/mm/longshan11_6/build/hmi
[6.647s] Invoked command in '/home/mm/longshan11_6/build/hmi' returned '0': CMAKE_PREFIX_PATH=/opt/ros/foxy /usr/bin/cmake /home/mm/longshan11_6/src/hmi -DCMAKE_INSTALL_PREFIX=/home/mm/longshan11_6/install/hmi
[6.650s] Invoking command in '/home/mm/longshan11_6/build/hmi': CMAKE_PREFIX_PATH=/opt/ros/foxy /usr/bin/cmake --build /home/mm/longshan11_6/build/hmi -- -j4 -l4
[6.865s] [  2%] [34m[1mGenerating include/moc_toolKits.cpp[0m
[7.306s] /home/mm/longshan11_6/src/hmi/include/toolKits.h:0: Note: No relevant classes found. No output generated.
[7.358s] [  4%] [34m[1mGenerating include/moc_mainwindow.cpp[0m
[8.077s] [  6%] [34m[1mGenerating include/moc_mmItem.cpp[0m
[8.164s] [  8%] [34m[1mGenerating include/moc_rclcomm.cpp[0m
[8.539s] [ 11%] [34m[1mGenerating include/moc_runcam.cpp[0m
[8.591s] [ 13%] [34m[1mGenerating include/moc_runcenterpoint.cpp[0m
[8.653s] [ 15%] [34m[1mGenerating include/moc_runcontrol.cpp[0m
[8.686s] [ 17%] [34m[1mGenerating include/moc_runglobal.cpp[0m
[8.723s] [ 20%] [34m[1mGenerating include/moc_rungps.cpp[0m
[8.850s] [ 22%] [34m[1mGenerating include/moc_runlidar.cpp[0m
[8.888s] [ 24%] [34m[1mGenerating include/moc_runlocal.cpp[0m
[9.038s] [ 26%] [34m[1mGenerating include/moc_runrviz.cpp[0m
[9.095s] [ 28%] [34m[1mGenerating include/moc_runsocketcan.cpp[0m
[9.142s] [ 31%] [34m[1mGenerating include/moc_mItem.cpp[0m
[9.628s] [ 33%] [34m[1mGenerating ui_mainwindow.h[0m
[9.704s] [35m[1mScanning dependencies of target hmi[0m
[10.498s] [ 35%] [32mBuilding CXX object CMakeFiles/hmi.dir/src/mItem.cpp.o[0m
[16.158s] [ 37%] [32mBuilding CXX object CMakeFiles/hmi.dir/src/mmItem.cpp.o[0m
[18.308s] [ 40%] [32mBuilding CXX object CMakeFiles/hmi.dir/src/rclcomm.cpp.o[0m
[34.744s] [ 42%] [32mBuilding CXX object CMakeFiles/hmi.dir/src/runcam.cpp.o[0m
[36.641s] [ 44%] [32mBuilding CXX object CMakeFiles/hmi.dir/src/runcenterpoint.cpp.o[0m
[38.409s] [ 46%] [32mBuilding CXX object CMakeFiles/hmi.dir/src/runcontrol.cpp.o[0m
[40.084s] [ 48%] [32mBuilding CXX object CMakeFiles/hmi.dir/src/runglobal.cpp.o[0m
[41.857s] [ 51%] [32mBuilding CXX object CMakeFiles/hmi.dir/src/rungps.cpp.o[0m
[43.651s] [ 53%] [32mBuilding CXX object CMakeFiles/hmi.dir/src/runlidar.cpp.o[0m
[45.860s] [ 55%] [32mBuilding CXX object CMakeFiles/hmi.dir/src/runlocal.cpp.o[0m
[47.780s] [ 57%] [32mBuilding CXX object CMakeFiles/hmi.dir/src/runrviz.cpp.o[0m
[49.605s] [ 60%] [32mBuilding CXX object CMakeFiles/hmi.dir/src/runsocketcan.cpp.o[0m
[51.606s] [ 62%] [32mBuilding CXX object CMakeFiles/hmi.dir/src/toolKits.cpp.o[0m
[58.286s] [ 64%] [32mBuilding CXX object CMakeFiles/hmi.dir/include/moc_mItem.cpp.o[0m
