[0.049s] Invoking command in '/home/mm/longshan11_6/build/lidar_processing': CMAKE_PREFIX_PATH=/opt/ros/foxy /usr/bin/cmake --build /home/mm/longshan11_6/build/lidar_processing -- -j4 -l4
[0.286s] [100%] Built target Lidar_Processing_node
[0.392s] Invoked command in '/home/mm/longshan11_6/build/lidar_processing' returned '0': CMAKE_PREFIX_PATH=/opt/ros/foxy /usr/bin/cmake --build /home/mm/longshan11_6/build/lidar_processing -- -j4 -l4
[0.452s] Invoking command in '/home/mm/longshan11_6/build/lidar_processing': CMAKE_PREFIX_PATH=/opt/ros/foxy /usr/bin/cmake --install /home/mm/longshan11_6/build/lidar_processing
[0.482s] -- Install configuration: ""
[0.485s] -- Up-to-date: /home/mm/longshan11_6/install/lidar_processing/lib/lidar_processing/Lidar_Processing_node
[0.487s] -- Up-to-date: /home/mm/longshan11_6/install/lidar_processing/share/lidar_processing/launch
[0.491s] -- Up-to-date: /home/mm/longshan11_6/install/lidar_processing/share/lidar_processing/launch/lidar_Processing.launch.py
[0.493s] -- Up-to-date: /home/mm/longshan11_6/install/lidar_processing/share/lidar_processing/src
[0.494s] -- Up-to-date: /home/mm/longshan11_6/install/lidar_processing/share/lidar_processing/src/Processing_lidar.cpp
[0.496s] -- Up-to-date: /home/mm/longshan11_6/install/lidar_processing/share/lidar_processing/src/box.hpp
[0.497s] -- Up-to-date: /home/mm/longshan11_6/install/lidar_processing/share/lidar_processing/src/obstacle_detector.hpp
[0.502s] -- Up-to-date: /home/mm/longshan11_6/install/lidar_processing/share/ament_index/resource_index/package_run_dependencies/lidar_processing
[0.505s] -- Up-to-date: /home/mm/longshan11_6/install/lidar_processing/share/ament_index/resource_index/parent_prefix_path/lidar_processing
[0.507s] -- Up-to-date: /home/mm/longshan11_6/install/lidar_processing/share/lidar_processing/environment/ament_prefix_path.sh
[0.507s] -- Up-to-date: /home/mm/longshan11_6/install/lidar_processing/share/lidar_processing/environment/ament_prefix_path.dsv
[0.508s] -- Up-to-date: /home/mm/longshan11_6/install/lidar_processing/share/lidar_processing/environment/path.sh
[0.508s] -- Up-to-date: /home/mm/longshan11_6/install/lidar_processing/share/lidar_processing/environment/path.dsv
[0.508s] -- Up-to-date: /home/mm/longshan11_6/install/lidar_processing/share/lidar_processing/local_setup.bash
[0.509s] -- Up-to-date: /home/mm/longshan11_6/install/lidar_processing/share/lidar_processing/local_setup.sh
[0.509s] -- Up-to-date: /home/mm/longshan11_6/install/lidar_processing/share/lidar_processing/local_setup.zsh
[0.510s] -- Up-to-date: /home/mm/longshan11_6/install/lidar_processing/share/lidar_processing/local_setup.dsv
[0.510s] -- Installing: /home/mm/longshan11_6/install/lidar_processing/share/lidar_processing/package.dsv
[0.511s] -- Up-to-date: /home/mm/longshan11_6/install/lidar_processing/share/ament_index/resource_index/packages/lidar_processing
[0.511s] -- Up-to-date: /home/mm/longshan11_6/install/lidar_processing/share/lidar_processing/cmake/lidar_processingConfig.cmake
[0.511s] -- Up-to-date: /home/mm/longshan11_6/install/lidar_processing/share/lidar_processing/cmake/lidar_processingConfig-version.cmake
[0.511s] -- Up-to-date: /home/mm/longshan11_6/install/lidar_processing/share/lidar_processing/package.xml
[0.512s] Invoked command in '/home/mm/longshan11_6/build/lidar_processing' returned '0': CMAKE_PREFIX_PATH=/opt/ros/foxy /usr/bin/cmake --install /home/mm/longshan11_6/build/lidar_processing
