[01m[K/home/mm/longshan12_2/src/control/src/KineMPCControler.cpp:[m[K In constructor ‘[01m[KKineMPCController::KineMPCController()[m[K’:
[01m[K/home/mm/longshan12_2/src/control/src/KineMPCControler.cpp:11:12:[m[K [01;35m[Kwarning: [m[Kunused variable ‘[01m[Kthetar[m[K’ [[01;35m[K-Wunused-variable[m[K]
   11 |     double [01;35m[Kthetar[m[K = 0;
      |            [01;35m[K^~~~~~[m[K
[01m[K/home/mm/longshan12_2/src/control/src/KineMPCControler.cpp:12:12:[m[K [01;35m[Kwarning: [m[Kunused variable ‘[01m[Kvr[m[K’ [[01;35m[K-Wunused-variable[m[K]
   12 |     double [01;35m[Kvr[m[K = 0;
      |            [01;35m[K^~[m[K
[01m[K/home/mm/longshan12_2/src/control/src/KineMPCControler.cpp:13:12:[m[K [01;35m[Kwarning: [m[Kunused variable ‘[01m[Kdeltar[m[K’ [[01;35m[K-Wunused-variable[m[K]
   13 |     double [01;35m[Kdeltar[m[K = 0;
      |            [01;35m[K^~~~~~[m[K
[01m[K/home/mm/longshan12_2/src/control/src/KineMPCControler.cpp:[m[K In member function ‘[01m[Kvoid KineMPCController::UpdateMatrix(std::tuple<double, double, double, double>&, std::tuple<double, double, double, double>&)[m[K’:
[01m[K/home/mm/longshan12_2/src/control/src/KineMPCControler.cpp:65:79:[m[K [01;35m[Kwarning: [m[Kunused parameter ‘[01m[Kstate[m[K’ [[01;35m[K-Wunused-parameter[m[K]
   65 | dateMatrix([01;35m[Kstd::tuple<double,double,double,double> &state[m[K,
      |            [01;35m[K~~~~~~~~~~~~~~~~~~~~~~~~~~~~~~~~~~~~~~~~~^~~~~[m[K

In file included from [01m[K/home/mm/longshan12_2/src/control/./include/KineMPCControler.h:10[m[K,
                 from [01m[K/home/mm/longshan12_2/src/control/src/KineMPCControler.cpp:4[m[K:
[01m[K/home/mm/longshan12_2/src/control/./include/controlmath.h:[m[K At global scope:
[01m[K/home/mm/longshan12_2/src/control/./include/controlmath.h:10:19:[m[K [01;35m[Kwarning: [m[Kinline function ‘[01m[Kdouble control_math::NormalizeAngle(double)[m[K’ used but never defined
   10 |     inline double [01;35m[KNormalizeAngle[m[K(double angle) ;
      |                   [01;35m[K^~~~~~~~~~~~~~[m[K
