[0.081s] Invoking command in '/home/mm/longshan12_2/build/control': CMAKE_PREFIX_PATH=${CMAKE_PREFIX_PATH}:/home/mm/longshan12_2/install/draw_messages:/opt/ros/foxy /usr/bin/cmake --build /home/mm/longshan12_2/build/control -- -j4 -l4
[0.396s] [35m[1mScanning dependencies of target control_node[0m
[0.527s] [  7%] [32mBuilding CXX object CMakeFiles/control_node.dir/src/KineMPCControler.cpp.o[0m
[3.367s] [01m[K/home/mm/longshan12_2/src/control/src/KineMPCControler.cpp:[m[K In constructor ‘[01m[KKineMPCController::KineMPCController()[m[K’:
[3.367s] [01m[K/home/mm/longshan12_2/src/control/src/KineMPCControler.cpp:11:12:[m[K [01;35m[Kwarning: [m[Kunused variable ‘[01m[Kthetar[m[K’ [[01;35m[K-Wunused-variable[m[K]
[3.367s]    11 |     double [01;35m[Kthetar[m[K = 0;
[3.367s]       |            [01;35m[K^~~~~~[m[K
[3.368s] [01m[K/home/mm/longshan12_2/src/control/src/KineMPCControler.cpp:12:12:[m[K [01;35m[Kwarning: [m[Kunused variable ‘[01m[Kvr[m[K’ [[01;35m[K-Wunused-variable[m[K]
[3.368s]    12 |     double [01;35m[Kvr[m[K = 0;
[3.368s]       |            [01;35m[K^~[m[K
[3.368s] [01m[K/home/mm/longshan12_2/src/control/src/KineMPCControler.cpp:13:12:[m[K [01;35m[Kwarning: [m[Kunused variable ‘[01m[Kdeltar[m[K’ [[01;35m[K-Wunused-variable[m[K]
[3.368s]    13 |     double [01;35m[Kdeltar[m[K = 0;
[3.368s]       |            [01;35m[K^~~~~~[m[K
[3.404s] [01m[K/home/mm/longshan12_2/src/control/src/KineMPCControler.cpp:[m[K In member function ‘[01m[Kvoid KineMPCController::UpdateMatrix(std::tuple<double, double, double, double>&, std::tuple<double, double, double, double>&)[m[K’:
[3.404s] [01m[K/home/mm/longshan12_2/src/control/src/KineMPCControler.cpp:65:79:[m[K [01;35m[Kwarning: [m[Kunused parameter ‘[01m[Kstate[m[K’ [[01;35m[K-Wunused-parameter[m[K]
[3.404s]    65 | dateMatrix([01;35m[Kstd::tuple<double,double,double,double> &state[m[K,
[3.404s]       |            [01;35m[K~~~~~~~~~~~~~~~~~~~~~~~~~~~~~~~~~~~~~~~~~^~~~~[m[K
[3.404s] 
[3.535s] In file included from [01m[K/home/mm/longshan12_2/src/control/./include/KineMPCControler.h:10[m[K,
[3.535s]                  from [01m[K/home/mm/longshan12_2/src/control/src/KineMPCControler.cpp:4[m[K:
[3.535s] [01m[K/home/mm/longshan12_2/src/control/./include/controlmath.h:[m[K At global scope:
[3.535s] [01m[K/home/mm/longshan12_2/src/control/./include/controlmath.h:10:19:[m[K [01;35m[Kwarning: [m[Kinline function ‘[01m[Kdouble control_math::NormalizeAngle(double)[m[K’ used but never defined
[3.535s]    10 |     inline double [01;35m[KNormalizeAngle[m[K(double angle) ;
[3.535s]       |                   [01;35m[K^~~~~~~~~~~~~~[m[K
[4.033s] [ 14%] [32m[1mLinking CXX executable control_node[0m
[6.247s] [100%] Built target control_node
[6.266s] Invoked command in '/home/mm/longshan12_2/build/control' returned '0': CMAKE_PREFIX_PATH=${CMAKE_PREFIX_PATH}:/home/mm/longshan12_2/install/draw_messages:/opt/ros/foxy /usr/bin/cmake --build /home/mm/longshan12_2/build/control -- -j4 -l4
[6.332s] Invoking command in '/home/mm/longshan12_2/build/control': CMAKE_PREFIX_PATH=${CMAKE_PREFIX_PATH}:/home/mm/longshan12_2/install/draw_messages:/opt/ros/foxy /usr/bin/cmake --install /home/mm/longshan12_2/build/control
[6.345s] -- Install configuration: ""
[6.347s] -- Installing: /home/mm/longshan12_2/install/control/lib/control/control_node
[6.360s] -- Set runtime path of "/home/mm/longshan12_2/install/control/lib/control/control_node" to ""
[6.361s] -- Up-to-date: /home/mm/longshan12_2/install/control/share/control/launch
[6.361s] -- Up-to-date: /home/mm/longshan12_2/install/control/share/control/launch/control.launch.py
[6.362s] -- Up-to-date: /home/mm/longshan12_2/install/control/share/ament_index/resource_index/package_run_dependencies/control
[6.363s] -- Up-to-date: /home/mm/longshan12_2/install/control/share/ament_index/resource_index/parent_prefix_path/control
[6.363s] -- Up-to-date: /home/mm/longshan12_2/install/control/share/control/environment/ament_prefix_path.sh
[6.363s] -- Up-to-date: /home/mm/longshan12_2/install/control/share/control/environment/ament_prefix_path.dsv
[6.363s] -- Up-to-date: /home/mm/longshan12_2/install/control/share/control/environment/path.sh
[6.364s] -- Up-to-date: /home/mm/longshan12_2/install/control/share/control/environment/path.dsv
[6.364s] -- Up-to-date: /home/mm/longshan12_2/install/control/share/control/local_setup.bash
[6.364s] -- Up-to-date: /home/mm/longshan12_2/install/control/share/control/local_setup.sh
[6.364s] -- Up-to-date: /home/mm/longshan12_2/install/control/share/control/local_setup.zsh
[6.364s] -- Up-to-date: /home/mm/longshan12_2/install/control/share/control/local_setup.dsv
[6.365s] -- Installing: /home/mm/longshan12_2/install/control/share/control/package.dsv
[6.365s] -- Up-to-date: /home/mm/longshan12_2/install/control/share/ament_index/resource_index/packages/control
[6.365s] -- Up-to-date: /home/mm/longshan12_2/install/control/share/control/cmake/controlConfig.cmake
[6.365s] -- Up-to-date: /home/mm/longshan12_2/install/control/share/control/cmake/controlConfig-version.cmake
[6.366s] -- Up-to-date: /home/mm/longshan12_2/install/control/share/control/package.xml
[6.369s] Invoked command in '/home/mm/longshan12_2/build/control' returned '0': CMAKE_PREFIX_PATH=${CMAKE_PREFIX_PATH}:/home/mm/longshan12_2/install/draw_messages:/opt/ros/foxy /usr/bin/cmake --install /home/mm/longshan12_2/build/control
