[0.055s] Invoking command in '/home/mm/longshan12_2/build/can': CMAKE_PREFIX_PATH=/opt/ros/foxy /usr/bin/cmake --build /home/mm/longshan12_2/build/can -- -j4 -l4
[0.313s] [ 60%] Built target test1
[0.314s] [100%] Built target can_node
[0.350s] Invoked command in '/home/mm/longshan12_2/build/can' returned '0': CMAKE_PREFIX_PATH=/opt/ros/foxy /usr/bin/cmake --build /home/mm/longshan12_2/build/can -- -j4 -l4
[0.439s] Invoking command in '/home/mm/longshan12_2/build/can': CMAKE_PREFIX_PATH=/opt/ros/foxy /usr/bin/cmake --install /home/mm/longshan12_2/build/can
[0.452s] -- Install configuration: ""
[0.453s] -- Up-to-date: /home/mm/longshan12_2/install/can/share/ament_index/resource_index/package_run_dependencies/can
[0.461s] -- Up-to-date: /home/mm/longshan12_2/install/can/share/ament_index/resource_index/parent_prefix_path/can
[0.462s] -- Up-to-date: /home/mm/longshan12_2/install/can/share/can/environment/ament_prefix_path.sh
[0.463s] -- Up-to-date: /home/mm/longshan12_2/install/can/share/can/environment/ament_prefix_path.dsv
[0.463s] -- Up-to-date: /home/mm/longshan12_2/install/can/share/can/environment/path.sh
[0.464s] -- Up-to-date: /home/mm/longshan12_2/install/can/share/can/environment/path.dsv
[0.465s] -- Up-to-date: /home/mm/longshan12_2/install/can/share/can/local_setup.bash
[0.465s] -- Up-to-date: /home/mm/longshan12_2/install/can/share/can/local_setup.sh
[0.466s] -- Up-to-date: /home/mm/longshan12_2/install/can/share/can/local_setup.zsh
[0.466s] -- Up-to-date: /home/mm/longshan12_2/install/can/share/can/local_setup.dsv
[0.467s] -- Installing: /home/mm/longshan12_2/install/can/share/can/package.dsv
[0.471s] -- Up-to-date: /home/mm/longshan12_2/install/can/share/ament_index/resource_index/packages/can
[0.471s] -- Up-to-date: /home/mm/longshan12_2/install/can/share/can/cmake/canConfig.cmake
[0.472s] -- Up-to-date: /home/mm/longshan12_2/install/can/share/can/cmake/canConfig-version.cmake
[0.472s] -- Up-to-date: /home/mm/longshan12_2/install/can/share/can/package.xml
[0.473s] -- Up-to-date: /home/mm/longshan12_2/install/can/lib/can/can_node
[0.474s] -- Up-to-date: /home/mm/longshan12_2/install/can/lib/can/test1
[0.477s] -- Up-to-date: /home/mm/longshan12_2/install/can/share/can/launch
[0.477s] -- Up-to-date: /home/mm/longshan12_2/install/can/share/can/launch/can.launch.py
[0.494s] Invoked command in '/home/mm/longshan12_2/build/can' returned '0': CMAKE_PREFIX_PATH=/opt/ros/foxy /usr/bin/cmake --install /home/mm/longshan12_2/build/can
