[0.351s] DEBUG:colcon:Command line arguments: ['/usr/bin/colcon', 'build']
[0.352s] DEBUG:colcon:Parsed command line arguments: Namespace(allow_overriding=[], ament_cmake_args=None, base_paths=['.'], build_base='build', catkin_cmake_args=None, catkin_skip_building_tests=False, cmake_args=None, cmake_clean_cache=False, cmake_clean_first=False, cmake_force_configure=False, cmake_target=None, cmake_target_skip_unavailable=False, continue_on_error=False, event_handlers=None, executor='parallel', ignore_user_meta=False, install_base='install', log_base=None, log_level=None, main=<bound method BuildVerb.main of <colcon_core.verb.build.BuildVerb object at 0x7f2e6f572160>>, merge_install=False, metas=['./colcon.meta'], packages_above=None, packages_above_and_dependencies=None, packages_above_depth=None, packages_end=None, packages_ignore=None, packages_ignore_regex=None, packages_select=None, packages_select_build_failed=False, packages_select_by_dep=None, packages_select_regex=None, packages_select_test_failures=False, packages_skip=None, packages_skip_build_finished=False, packages_skip_by_dep=None, packages_skip_regex=None, packages_skip_test_passed=False, packages_skip_up_to=None, packages_start=None, packages_up_to=None, packages_up_to_regex=None, parallel_workers=4, paths=None, symlink_install=False, test_result_base=None, verb_extension=<colcon_core.verb.build.BuildVerb object at 0x7f2e6f572160>, verb_name='build', verb_parser=<colcon_defaults.argument_parser.defaults.DefaultArgumentsDecorator object at 0x7f2e6f3e0c40>)
[0.554s] Level 1:colcon.colcon_core.package_discovery:discover_packages(colcon_meta) check parameters
[0.554s] Level 1:colcon.colcon_core.package_discovery:discover_packages(recursive) check parameters
[0.554s] Level 1:colcon.colcon_core.package_discovery:discover_packages(ignore) check parameters
[0.554s] Level 1:colcon.colcon_core.package_discovery:discover_packages(path) check parameters
[0.554s] Level 1:colcon.colcon_core.package_discovery:discover_packages(colcon_meta) discover
[0.555s] Level 1:colcon.colcon_core.package_discovery:discover_packages(recursive) discover
[0.555s] INFO:colcon.colcon_core.package_discovery:Crawling recursively for packages in '/home/mm/longshan12_2'
[0.555s] Level 1:colcon.colcon_core.package_identification:_identify(.) by extensions ['ignore', 'ignore_ament_install']
[0.555s] Level 1:colcon.colcon_core.package_identification:_identify(.) by extension 'ignore'
[0.555s] Level 1:colcon.colcon_core.package_identification:_identify(.) by extension 'ignore_ament_install'
[0.555s] Level 1:colcon.colcon_core.package_identification:_identify(.) by extensions ['colcon_pkg']
[0.555s] Level 1:colcon.colcon_core.package_identification:_identify(.) by extension 'colcon_pkg'
[0.555s] Level 1:colcon.colcon_core.package_identification:_identify(.) by extensions ['colcon_meta']
[0.555s] Level 1:colcon.colcon_core.package_identification:_identify(.) by extension 'colcon_meta'
[0.555s] Level 1:colcon.colcon_core.package_identification:_identify(.) by extensions ['ros']
[0.555s] Level 1:colcon.colcon_core.package_identification:_identify(.) by extension 'ros'
[0.570s] Level 1:colcon.colcon_core.package_identification:_identify(.) by extensions ['cmake', 'python']
[0.571s] Level 1:colcon.colcon_core.package_identification:_identify(.) by extension 'cmake'
[0.571s] Level 1:colcon.colcon_core.package_identification:_identify(.) by extension 'python'
[0.571s] Level 1:colcon.colcon_core.package_identification:_identify(.) by extensions ['python_setup_py']
[0.571s] Level 1:colcon.colcon_core.package_identification:_identify(.) by extension 'python_setup_py'
[0.571s] Level 1:colcon.colcon_core.package_identification:_identify(build) by extensions ['ignore', 'ignore_ament_install']
[0.571s] Level 1:colcon.colcon_core.package_identification:_identify(build) by extension 'ignore'
[0.571s] Level 1:colcon.colcon_core.package_identification:_identify(build) ignored
[0.571s] Level 1:colcon.colcon_core.package_identification:_identify(install) by extensions ['ignore', 'ignore_ament_install']
[0.571s] Level 1:colcon.colcon_core.package_identification:_identify(install) by extension 'ignore'
[0.571s] Level 1:colcon.colcon_core.package_identification:_identify(install) ignored
[0.571s] Level 1:colcon.colcon_core.package_identification:_identify(log) by extensions ['ignore', 'ignore_ament_install']
[0.572s] Level 1:colcon.colcon_core.package_identification:_identify(log) by extension 'ignore'
[0.572s] Level 1:colcon.colcon_core.package_identification:_identify(log) ignored
[0.572s] Level 1:colcon.colcon_core.package_identification:_identify(src) by extensions ['ignore', 'ignore_ament_install']
[0.572s] Level 1:colcon.colcon_core.package_identification:_identify(src) by extension 'ignore'
[0.572s] Level 1:colcon.colcon_core.package_identification:_identify(src) by extension 'ignore_ament_install'
[0.572s] Level 1:colcon.colcon_core.package_identification:_identify(src) by extensions ['colcon_pkg']
[0.572s] Level 1:colcon.colcon_core.package_identification:_identify(src) by extension 'colcon_pkg'
[0.572s] Level 1:colcon.colcon_core.package_identification:_identify(src) by extensions ['colcon_meta']
[0.572s] Level 1:colcon.colcon_core.package_identification:_identify(src) by extension 'colcon_meta'
[0.572s] Level 1:colcon.colcon_core.package_identification:_identify(src) by extensions ['ros']
[0.572s] Level 1:colcon.colcon_core.package_identification:_identify(src) by extension 'ros'
[0.572s] Level 1:colcon.colcon_core.package_identification:_identify(src) by extensions ['cmake', 'python']
[0.572s] Level 1:colcon.colcon_core.package_identification:_identify(src) by extension 'cmake'
[0.572s] Level 1:colcon.colcon_core.package_identification:_identify(src) by extension 'python'
[0.573s] Level 1:colcon.colcon_core.package_identification:_identify(src) by extensions ['python_setup_py']
[0.573s] Level 1:colcon.colcon_core.package_identification:_identify(src) by extension 'python_setup_py'
[0.573s] Level 1:colcon.colcon_core.package_identification:_identify(src/can) by extensions ['ignore', 'ignore_ament_install']
[0.573s] Level 1:colcon.colcon_core.package_identification:_identify(src/can) by extension 'ignore'
[0.573s] Level 1:colcon.colcon_core.package_identification:_identify(src/can) by extension 'ignore_ament_install'
[0.573s] Level 1:colcon.colcon_core.package_identification:_identify(src/can) by extensions ['colcon_pkg']
[0.573s] Level 1:colcon.colcon_core.package_identification:_identify(src/can) by extension 'colcon_pkg'
[0.573s] Level 1:colcon.colcon_core.package_identification:_identify(src/can) by extensions ['colcon_meta']
[0.573s] Level 1:colcon.colcon_core.package_identification:_identify(src/can) by extension 'colcon_meta'
[0.573s] Level 1:colcon.colcon_core.package_identification:_identify(src/can) by extensions ['ros']
[0.573s] Level 1:colcon.colcon_core.package_identification:_identify(src/can) by extension 'ros'
[0.577s] DEBUG:colcon.colcon_core.package_identification:Package 'src/can' with type 'ros.ament_cmake' and name 'can'
[0.577s] Level 1:colcon.colcon_core.package_identification:_identify(src/control) by extensions ['ignore', 'ignore_ament_install']
[0.577s] Level 1:colcon.colcon_core.package_identification:_identify(src/control) by extension 'ignore'
[0.577s] Level 1:colcon.colcon_core.package_identification:_identify(src/control) by extension 'ignore_ament_install'
[0.577s] Level 1:colcon.colcon_core.package_identification:_identify(src/control) by extensions ['colcon_pkg']
[0.577s] Level 1:colcon.colcon_core.package_identification:_identify(src/control) by extension 'colcon_pkg'
[0.577s] Level 1:colcon.colcon_core.package_identification:_identify(src/control) by extensions ['colcon_meta']
[0.577s] Level 1:colcon.colcon_core.package_identification:_identify(src/control) by extension 'colcon_meta'
[0.577s] Level 1:colcon.colcon_core.package_identification:_identify(src/control) by extensions ['ros']
[0.577s] Level 1:colcon.colcon_core.package_identification:_identify(src/control) by extension 'ros'
[0.578s] DEBUG:colcon.colcon_core.package_identification:Package 'src/control' with type 'ros.ament_cmake' and name 'control'
[0.578s] Level 1:colcon.colcon_core.package_identification:_identify(src/draw_messages) by extensions ['ignore', 'ignore_ament_install']
[0.578s] Level 1:colcon.colcon_core.package_identification:_identify(src/draw_messages) by extension 'ignore'
[0.578s] Level 1:colcon.colcon_core.package_identification:_identify(src/draw_messages) by extension 'ignore_ament_install'
[0.578s] Level 1:colcon.colcon_core.package_identification:_identify(src/draw_messages) by extensions ['colcon_pkg']
[0.578s] Level 1:colcon.colcon_core.package_identification:_identify(src/draw_messages) by extension 'colcon_pkg'
[0.578s] Level 1:colcon.colcon_core.package_identification:_identify(src/draw_messages) by extensions ['colcon_meta']
[0.578s] Level 1:colcon.colcon_core.package_identification:_identify(src/draw_messages) by extension 'colcon_meta'
[0.578s] Level 1:colcon.colcon_core.package_identification:_identify(src/draw_messages) by extensions ['ros']
[0.578s] Level 1:colcon.colcon_core.package_identification:_identify(src/draw_messages) by extension 'ros'
[0.579s] DEBUG:colcon.colcon_core.package_identification:Package 'src/draw_messages' with type 'ros.ament_python' and name 'draw_messages'
[0.579s] Level 1:colcon.colcon_core.package_identification:_identify(src/global) by extensions ['ignore', 'ignore_ament_install']
[0.579s] Level 1:colcon.colcon_core.package_identification:_identify(src/global) by extension 'ignore'
[0.579s] Level 1:colcon.colcon_core.package_identification:_identify(src/global) by extension 'ignore_ament_install'
[0.579s] Level 1:colcon.colcon_core.package_identification:_identify(src/global) by extensions ['colcon_pkg']
[0.579s] Level 1:colcon.colcon_core.package_identification:_identify(src/global) by extension 'colcon_pkg'
[0.579s] Level 1:colcon.colcon_core.package_identification:_identify(src/global) by extensions ['colcon_meta']
[0.579s] Level 1:colcon.colcon_core.package_identification:_identify(src/global) by extension 'colcon_meta'
[0.579s] Level 1:colcon.colcon_core.package_identification:_identify(src/global) by extensions ['ros']
[0.579s] Level 1:colcon.colcon_core.package_identification:_identify(src/global) by extension 'ros'
[0.580s] DEBUG:colcon.colcon_core.package_identification:Package 'src/global' with type 'ros.ament_cmake' and name 'global'
[0.580s] Level 1:colcon.colcon_core.package_identification:_identify(src/gnss) by extensions ['ignore', 'ignore_ament_install']
[0.580s] Level 1:colcon.colcon_core.package_identification:_identify(src/gnss) by extension 'ignore'
[0.580s] Level 1:colcon.colcon_core.package_identification:_identify(src/gnss) by extension 'ignore_ament_install'
[0.580s] Level 1:colcon.colcon_core.package_identification:_identify(src/gnss) by extensions ['colcon_pkg']
[0.580s] Level 1:colcon.colcon_core.package_identification:_identify(src/gnss) by extension 'colcon_pkg'
[0.581s] Level 1:colcon.colcon_core.package_identification:_identify(src/gnss) by extensions ['colcon_meta']
[0.581s] Level 1:colcon.colcon_core.package_identification:_identify(src/gnss) by extension 'colcon_meta'
[0.581s] Level 1:colcon.colcon_core.package_identification:_identify(src/gnss) by extensions ['ros']
[0.581s] Level 1:colcon.colcon_core.package_identification:_identify(src/gnss) by extension 'ros'
[0.581s] DEBUG:colcon.colcon_core.package_identification:Package 'src/gnss' with type 'ros.ament_cmake' and name 'gnss'
[0.581s] Level 1:colcon.colcon_core.package_identification:_identify(src/hmi) by extensions ['ignore', 'ignore_ament_install']
[0.581s] Level 1:colcon.colcon_core.package_identification:_identify(src/hmi) by extension 'ignore'
[0.582s] Level 1:colcon.colcon_core.package_identification:_identify(src/hmi) by extension 'ignore_ament_install'
[0.582s] Level 1:colcon.colcon_core.package_identification:_identify(src/hmi) by extensions ['colcon_pkg']
[0.582s] Level 1:colcon.colcon_core.package_identification:_identify(src/hmi) by extension 'colcon_pkg'
[0.582s] Level 1:colcon.colcon_core.package_identification:_identify(src/hmi) by extensions ['colcon_meta']
[0.582s] Level 1:colcon.colcon_core.package_identification:_identify(src/hmi) by extension 'colcon_meta'
[0.582s] Level 1:colcon.colcon_core.package_identification:_identify(src/hmi) by extensions ['ros']
[0.582s] Level 1:colcon.colcon_core.package_identification:_identify(src/hmi) by extension 'ros'
[0.583s] DEBUG:colcon.colcon_core.package_identification:Package 'src/hmi' with type 'ros.ament_cmake' and name 'hmi'
[0.583s] Level 1:colcon.colcon_core.package_identification:_identify(src/lidar_processing) by extensions ['ignore', 'ignore_ament_install']
[0.583s] Level 1:colcon.colcon_core.package_identification:_identify(src/lidar_processing) by extension 'ignore'
[0.583s] Level 1:colcon.colcon_core.package_identification:_identify(src/lidar_processing) by extension 'ignore_ament_install'
[0.583s] Level 1:colcon.colcon_core.package_identification:_identify(src/lidar_processing) by extensions ['colcon_pkg']
[0.583s] Level 1:colcon.colcon_core.package_identification:_identify(src/lidar_processing) by extension 'colcon_pkg'
[0.583s] Level 1:colcon.colcon_core.package_identification:_identify(src/lidar_processing) by extensions ['colcon_meta']
[0.583s] Level 1:colcon.colcon_core.package_identification:_identify(src/lidar_processing) by extension 'colcon_meta'
[0.583s] Level 1:colcon.colcon_core.package_identification:_identify(src/lidar_processing) by extensions ['ros']
[0.583s] Level 1:colcon.colcon_core.package_identification:_identify(src/lidar_processing) by extension 'ros'
[0.584s] DEBUG:colcon.colcon_core.package_identification:Package 'src/lidar_processing' with type 'ros.ament_cmake' and name 'lidar_processing'
[0.584s] Level 1:colcon.colcon_core.package_identification:_identify(src/local) by extensions ['ignore', 'ignore_ament_install']
[0.584s] Level 1:colcon.colcon_core.package_identification:_identify(src/local) by extension 'ignore'
[0.585s] Level 1:colcon.colcon_core.package_identification:_identify(src/local) by extension 'ignore_ament_install'
[0.585s] Level 1:colcon.colcon_core.package_identification:_identify(src/local) by extensions ['colcon_pkg']
[0.585s] Level 1:colcon.colcon_core.package_identification:_identify(src/local) by extension 'colcon_pkg'
[0.585s] Level 1:colcon.colcon_core.package_identification:_identify(src/local) by extensions ['colcon_meta']
[0.585s] Level 1:colcon.colcon_core.package_identification:_identify(src/local) by extension 'colcon_meta'
[0.585s] Level 1:colcon.colcon_core.package_identification:_identify(src/local) by extensions ['ros']
[0.585s] Level 1:colcon.colcon_core.package_identification:_identify(src/local) by extension 'ros'
[0.585s] DEBUG:colcon.colcon_core.package_identification:Package 'src/local' with type 'ros.ament_cmake' and name 'local'
[0.586s] Level 1:colcon.colcon_core.package_identification:_identify(src/myrviz) by extensions ['ignore', 'ignore_ament_install']
[0.586s] Level 1:colcon.colcon_core.package_identification:_identify(src/myrviz) by extension 'ignore'
[0.586s] Level 1:colcon.colcon_core.package_identification:_identify(src/myrviz) by extension 'ignore_ament_install'
[0.586s] Level 1:colcon.colcon_core.package_identification:_identify(src/myrviz) by extensions ['colcon_pkg']
[0.586s] Level 1:colcon.colcon_core.package_identification:_identify(src/myrviz) by extension 'colcon_pkg'
[0.586s] Level 1:colcon.colcon_core.package_identification:_identify(src/myrviz) by extensions ['colcon_meta']
[0.586s] Level 1:colcon.colcon_core.package_identification:_identify(src/myrviz) by extension 'colcon_meta'
[0.586s] Level 1:colcon.colcon_core.package_identification:_identify(src/myrviz) by extensions ['ros']
[0.586s] Level 1:colcon.colcon_core.package_identification:_identify(src/myrviz) by extension 'ros'
[0.587s] DEBUG:colcon.colcon_core.package_identification:Package 'src/myrviz' with type 'ros.ament_cmake' and name 'myrviz'
[0.587s] Level 1:colcon.colcon_core.package_identification:_identify(src/ros2_path_interfaces) by extensions ['ignore', 'ignore_ament_install']
[0.587s] Level 1:colcon.colcon_core.package_identification:_identify(src/ros2_path_interfaces) by extension 'ignore'
[0.587s] Level 1:colcon.colcon_core.package_identification:_identify(src/ros2_path_interfaces) by extension 'ignore_ament_install'
[0.587s] Level 1:colcon.colcon_core.package_identification:_identify(src/ros2_path_interfaces) by extensions ['colcon_pkg']
[0.587s] Level 1:colcon.colcon_core.package_identification:_identify(src/ros2_path_interfaces) by extension 'colcon_pkg'
[0.587s] Level 1:colcon.colcon_core.package_identification:_identify(src/ros2_path_interfaces) by extensions ['colcon_meta']
[0.587s] Level 1:colcon.colcon_core.package_identification:_identify(src/ros2_path_interfaces) by extension 'colcon_meta'
[0.587s] Level 1:colcon.colcon_core.package_identification:_identify(src/ros2_path_interfaces) by extensions ['ros']
[0.587s] Level 1:colcon.colcon_core.package_identification:_identify(src/ros2_path_interfaces) by extension 'ros'
[0.588s] DEBUG:colcon.colcon_core.package_identification:Package 'src/ros2_path_interfaces' with type 'ros.ament_cmake' and name 'ros2_path_interfaces'
[0.588s] Level 1:colcon.colcon_core.package_identification:_identify(src/voxel_dipgseg) by extensions ['ignore', 'ignore_ament_install']
[0.588s] Level 1:colcon.colcon_core.package_identification:_identify(src/voxel_dipgseg) by extension 'ignore'
[0.588s] Level 1:colcon.colcon_core.package_identification:_identify(src/voxel_dipgseg) by extension 'ignore_ament_install'
[0.588s] Level 1:colcon.colcon_core.package_identification:_identify(src/voxel_dipgseg) by extensions ['colcon_pkg']
[0.588s] Level 1:colcon.colcon_core.package_identification:_identify(src/voxel_dipgseg) by extension 'colcon_pkg'
[0.588s] Level 1:colcon.colcon_core.package_identification:_identify(src/voxel_dipgseg) by extensions ['colcon_meta']
[0.588s] Level 1:colcon.colcon_core.package_identification:_identify(src/voxel_dipgseg) by extension 'colcon_meta'
[0.588s] Level 1:colcon.colcon_core.package_identification:_identify(src/voxel_dipgseg) by extensions ['ros']
[0.588s] Level 1:colcon.colcon_core.package_identification:_identify(src/voxel_dipgseg) by extension 'ros'
[0.589s] DEBUG:colcon.colcon_core.package_identification:Package 'src/voxel_dipgseg' with type 'ros.ament_cmake' and name 'dipgseg'
[0.589s] Level 1:colcon.colcon_core.package_discovery:discover_packages(recursive) using defaults
[0.589s] Level 1:colcon.colcon_core.package_discovery:discover_packages(ignore) discover
[0.589s] Level 1:colcon.colcon_core.package_discovery:discover_packages(ignore) using defaults
[0.589s] Level 1:colcon.colcon_core.package_discovery:discover_packages(path) discover
[0.589s] Level 1:colcon.colcon_core.package_discovery:discover_packages(path) using defaults
[0.613s] Level 1:colcon.colcon_core.package_discovery:discover_packages(prefix_path) check parameters
[0.613s] Level 1:colcon.colcon_core.package_discovery:discover_packages(prefix_path) discover
[0.617s] DEBUG:colcon.colcon_installed_package_information.package_discovery:Found 266 installed packages in /opt/ros/foxy
[0.618s] Level 1:colcon.colcon_core.package_discovery:discover_packages(prefix_path) using defaults
[0.751s] Level 5:colcon.colcon_core.verb:set package 'can' build argument 'cmake_args' from command line to 'None'
[0.751s] Level 5:colcon.colcon_core.verb:set package 'can' build argument 'cmake_target' from command line to 'None'
[0.751s] Level 5:colcon.colcon_core.verb:set package 'can' build argument 'cmake_target_skip_unavailable' from command line to 'False'
[0.751s] Level 5:colcon.colcon_core.verb:set package 'can' build argument 'cmake_clean_cache' from command line to 'False'
[0.751s] Level 5:colcon.colcon_core.verb:set package 'can' build argument 'cmake_clean_first' from command line to 'False'
[0.751s] Level 5:colcon.colcon_core.verb:set package 'can' build argument 'cmake_force_configure' from command line to 'False'
[0.751s] Level 5:colcon.colcon_core.verb:set package 'can' build argument 'ament_cmake_args' from command line to 'None'
[0.751s] Level 5:colcon.colcon_core.verb:set package 'can' build argument 'catkin_cmake_args' from command line to 'None'
[0.751s] Level 5:colcon.colcon_core.verb:set package 'can' build argument 'catkin_skip_building_tests' from command line to 'False'
[0.751s] DEBUG:colcon.colcon_core.verb:Building package 'can' with the following arguments: {'ament_cmake_args': None, 'build_base': '/home/mm/longshan12_2/build/can', 'catkin_cmake_args': None, 'catkin_skip_building_tests': False, 'cmake_args': None, 'cmake_clean_cache': False, 'cmake_clean_first': False, 'cmake_force_configure': False, 'cmake_target': None, 'cmake_target_skip_unavailable': False, 'install_base': '/home/mm/longshan12_2/install/can', 'merge_install': False, 'path': '/home/mm/longshan12_2/src/can', 'symlink_install': False, 'test_result_base': None}
[0.752s] Level 5:colcon.colcon_core.verb:set package 'control' build argument 'cmake_args' from command line to 'None'
[0.752s] Level 5:colcon.colcon_core.verb:set package 'control' build argument 'cmake_target' from command line to 'None'
[0.752s] Level 5:colcon.colcon_core.verb:set package 'control' build argument 'cmake_target_skip_unavailable' from command line to 'False'
[0.752s] Level 5:colcon.colcon_core.verb:set package 'control' build argument 'cmake_clean_cache' from command line to 'False'
[0.752s] Level 5:colcon.colcon_core.verb:set package 'control' build argument 'cmake_clean_first' from command line to 'False'
[0.752s] Level 5:colcon.colcon_core.verb:set package 'control' build argument 'cmake_force_configure' from command line to 'False'
[0.752s] Level 5:colcon.colcon_core.verb:set package 'control' build argument 'ament_cmake_args' from command line to 'None'
[0.752s] Level 5:colcon.colcon_core.verb:set package 'control' build argument 'catkin_cmake_args' from command line to 'None'
[0.752s] Level 5:colcon.colcon_core.verb:set package 'control' build argument 'catkin_skip_building_tests' from command line to 'False'
[0.752s] DEBUG:colcon.colcon_core.verb:Building package 'control' with the following arguments: {'ament_cmake_args': None, 'build_base': '/home/mm/longshan12_2/build/control', 'catkin_cmake_args': None, 'catkin_skip_building_tests': False, 'cmake_args': None, 'cmake_clean_cache': False, 'cmake_clean_first': False, 'cmake_force_configure': False, 'cmake_target': None, 'cmake_target_skip_unavailable': False, 'install_base': '/home/mm/longshan12_2/install/control', 'merge_install': False, 'path': '/home/mm/longshan12_2/src/control', 'symlink_install': False, 'test_result_base': None}
[0.752s] Level 5:colcon.colcon_core.verb:set package 'dipgseg' build argument 'cmake_args' from command line to 'None'
[0.752s] Level 5:colcon.colcon_core.verb:set package 'dipgseg' build argument 'cmake_target' from command line to 'None'
[0.752s] Level 5:colcon.colcon_core.verb:set package 'dipgseg' build argument 'cmake_target_skip_unavailable' from command line to 'False'
[0.752s] Level 5:colcon.colcon_core.verb:set package 'dipgseg' build argument 'cmake_clean_cache' from command line to 'False'
[0.752s] Level 5:colcon.colcon_core.verb:set package 'dipgseg' build argument 'cmake_clean_first' from command line to 'False'
[0.753s] Level 5:colcon.colcon_core.verb:set package 'dipgseg' build argument 'cmake_force_configure' from command line to 'False'
[0.753s] Level 5:colcon.colcon_core.verb:set package 'dipgseg' build argument 'ament_cmake_args' from command line to 'None'
[0.753s] Level 5:colcon.colcon_core.verb:set package 'dipgseg' build argument 'catkin_cmake_args' from command line to 'None'
[0.753s] Level 5:colcon.colcon_core.verb:set package 'dipgseg' build argument 'catkin_skip_building_tests' from command line to 'False'
[0.753s] DEBUG:colcon.colcon_core.verb:Building package 'dipgseg' with the following arguments: {'ament_cmake_args': None, 'build_base': '/home/mm/longshan12_2/build/dipgseg', 'catkin_cmake_args': None, 'catkin_skip_building_tests': False, 'cmake_args': None, 'cmake_clean_cache': False, 'cmake_clean_first': False, 'cmake_force_configure': False, 'cmake_target': None, 'cmake_target_skip_unavailable': False, 'install_base': '/home/mm/longshan12_2/install/dipgseg', 'merge_install': False, 'path': '/home/mm/longshan12_2/src/voxel_dipgseg', 'symlink_install': False, 'test_result_base': None}
[0.753s] Level 5:colcon.colcon_core.verb:set package 'draw_messages' build argument 'cmake_args' from command line to 'None'
[0.753s] Level 5:colcon.colcon_core.verb:set package 'draw_messages' build argument 'cmake_target' from command line to 'None'
[0.753s] Level 5:colcon.colcon_core.verb:set package 'draw_messages' build argument 'cmake_target_skip_unavailable' from command line to 'False'
[0.753s] Level 5:colcon.colcon_core.verb:set package 'draw_messages' build argument 'cmake_clean_cache' from command line to 'False'
[0.753s] Level 5:colcon.colcon_core.verb:set package 'draw_messages' build argument 'cmake_clean_first' from command line to 'False'
[0.753s] Level 5:colcon.colcon_core.verb:set package 'draw_messages' build argument 'cmake_force_configure' from command line to 'False'
[0.753s] Level 5:colcon.colcon_core.verb:set package 'draw_messages' build argument 'ament_cmake_args' from command line to 'None'
[0.753s] Level 5:colcon.colcon_core.verb:set package 'draw_messages' build argument 'catkin_cmake_args' from command line to 'None'
[0.753s] Level 5:colcon.colcon_core.verb:set package 'draw_messages' build argument 'catkin_skip_building_tests' from command line to 'False'
[0.753s] DEBUG:colcon.colcon_core.verb:Building package 'draw_messages' with the following arguments: {'ament_cmake_args': None, 'build_base': '/home/mm/longshan12_2/build/draw_messages', 'catkin_cmake_args': None, 'catkin_skip_building_tests': False, 'cmake_args': None, 'cmake_clean_cache': False, 'cmake_clean_first': False, 'cmake_force_configure': False, 'cmake_target': None, 'cmake_target_skip_unavailable': False, 'install_base': '/home/mm/longshan12_2/install/draw_messages', 'merge_install': False, 'path': '/home/mm/longshan12_2/src/draw_messages', 'symlink_install': False, 'test_result_base': None}
[0.754s] Level 5:colcon.colcon_core.verb:set package 'gnss' build argument 'cmake_args' from command line to 'None'
[0.754s] Level 5:colcon.colcon_core.verb:set package 'gnss' build argument 'cmake_target' from command line to 'None'
[0.754s] Level 5:colcon.colcon_core.verb:set package 'gnss' build argument 'cmake_target_skip_unavailable' from command line to 'False'
[0.754s] Level 5:colcon.colcon_core.verb:set package 'gnss' build argument 'cmake_clean_cache' from command line to 'False'
[0.754s] Level 5:colcon.colcon_core.verb:set package 'gnss' build argument 'cmake_clean_first' from command line to 'False'
[0.754s] Level 5:colcon.colcon_core.verb:set package 'gnss' build argument 'cmake_force_configure' from command line to 'False'
[0.754s] Level 5:colcon.colcon_core.verb:set package 'gnss' build argument 'ament_cmake_args' from command line to 'None'
[0.754s] Level 5:colcon.colcon_core.verb:set package 'gnss' build argument 'catkin_cmake_args' from command line to 'None'
[0.754s] Level 5:colcon.colcon_core.verb:set package 'gnss' build argument 'catkin_skip_building_tests' from command line to 'False'
[0.754s] DEBUG:colcon.colcon_core.verb:Building package 'gnss' with the following arguments: {'ament_cmake_args': None, 'build_base': '/home/mm/longshan12_2/build/gnss', 'catkin_cmake_args': None, 'catkin_skip_building_tests': False, 'cmake_args': None, 'cmake_clean_cache': False, 'cmake_clean_first': False, 'cmake_force_configure': False, 'cmake_target': None, 'cmake_target_skip_unavailable': False, 'install_base': '/home/mm/longshan12_2/install/gnss', 'merge_install': False, 'path': '/home/mm/longshan12_2/src/gnss', 'symlink_install': False, 'test_result_base': None}
[0.754s] Level 5:colcon.colcon_core.verb:set package 'hmi' build argument 'cmake_args' from command line to 'None'
[0.754s] Level 5:colcon.colcon_core.verb:set package 'hmi' build argument 'cmake_target' from command line to 'None'
[0.754s] Level 5:colcon.colcon_core.verb:set package 'hmi' build argument 'cmake_target_skip_unavailable' from command line to 'False'
[0.754s] Level 5:colcon.colcon_core.verb:set package 'hmi' build argument 'cmake_clean_cache' from command line to 'False'
[0.754s] Level 5:colcon.colcon_core.verb:set package 'hmi' build argument 'cmake_clean_first' from command line to 'False'
[0.755s] Level 5:colcon.colcon_core.verb:set package 'hmi' build argument 'cmake_force_configure' from command line to 'False'
[0.755s] Level 5:colcon.colcon_core.verb:set package 'hmi' build argument 'ament_cmake_args' from command line to 'None'
[0.755s] Level 5:colcon.colcon_core.verb:set package 'hmi' build argument 'catkin_cmake_args' from command line to 'None'
[0.755s] Level 5:colcon.colcon_core.verb:set package 'hmi' build argument 'catkin_skip_building_tests' from command line to 'False'
[0.755s] DEBUG:colcon.colcon_core.verb:Building package 'hmi' with the following arguments: {'ament_cmake_args': None, 'build_base': '/home/mm/longshan12_2/build/hmi', 'catkin_cmake_args': None, 'catkin_skip_building_tests': False, 'cmake_args': None, 'cmake_clean_cache': False, 'cmake_clean_first': False, 'cmake_force_configure': False, 'cmake_target': None, 'cmake_target_skip_unavailable': False, 'install_base': '/home/mm/longshan12_2/install/hmi', 'merge_install': False, 'path': '/home/mm/longshan12_2/src/hmi', 'symlink_install': False, 'test_result_base': None}
[0.755s] Level 5:colcon.colcon_core.verb:set package 'lidar_processing' build argument 'cmake_args' from command line to 'None'
[0.755s] Level 5:colcon.colcon_core.verb:set package 'lidar_processing' build argument 'cmake_target' from command line to 'None'
[0.755s] Level 5:colcon.colcon_core.verb:set package 'lidar_processing' build argument 'cmake_target_skip_unavailable' from command line to 'False'
[0.755s] Level 5:colcon.colcon_core.verb:set package 'lidar_processing' build argument 'cmake_clean_cache' from command line to 'False'
[0.755s] Level 5:colcon.colcon_core.verb:set package 'lidar_processing' build argument 'cmake_clean_first' from command line to 'False'
[0.755s] Level 5:colcon.colcon_core.verb:set package 'lidar_processing' build argument 'cmake_force_configure' from command line to 'False'
[0.755s] Level 5:colcon.colcon_core.verb:set package 'lidar_processing' build argument 'ament_cmake_args' from command line to 'None'
[0.755s] Level 5:colcon.colcon_core.verb:set package 'lidar_processing' build argument 'catkin_cmake_args' from command line to 'None'
[0.755s] Level 5:colcon.colcon_core.verb:set package 'lidar_processing' build argument 'catkin_skip_building_tests' from command line to 'False'
[0.755s] DEBUG:colcon.colcon_core.verb:Building package 'lidar_processing' with the following arguments: {'ament_cmake_args': None, 'build_base': '/home/mm/longshan12_2/build/lidar_processing', 'catkin_cmake_args': None, 'catkin_skip_building_tests': False, 'cmake_args': None, 'cmake_clean_cache': False, 'cmake_clean_first': False, 'cmake_force_configure': False, 'cmake_target': None, 'cmake_target_skip_unavailable': False, 'install_base': '/home/mm/longshan12_2/install/lidar_processing', 'merge_install': False, 'path': '/home/mm/longshan12_2/src/lidar_processing', 'symlink_install': False, 'test_result_base': None}
[0.756s] Level 5:colcon.colcon_core.verb:set package 'myrviz' build argument 'cmake_args' from command line to 'None'
[0.756s] Level 5:colcon.colcon_core.verb:set package 'myrviz' build argument 'cmake_target' from command line to 'None'
[0.756s] Level 5:colcon.colcon_core.verb:set package 'myrviz' build argument 'cmake_target_skip_unavailable' from command line to 'False'
[0.756s] Level 5:colcon.colcon_core.verb:set package 'myrviz' build argument 'cmake_clean_cache' from command line to 'False'
[0.756s] Level 5:colcon.colcon_core.verb:set package 'myrviz' build argument 'cmake_clean_first' from command line to 'False'
[0.756s] Level 5:colcon.colcon_core.verb:set package 'myrviz' build argument 'cmake_force_configure' from command line to 'False'
[0.756s] Level 5:colcon.colcon_core.verb:set package 'myrviz' build argument 'ament_cmake_args' from command line to 'None'
[0.756s] Level 5:colcon.colcon_core.verb:set package 'myrviz' build argument 'catkin_cmake_args' from command line to 'None'
[0.756s] Level 5:colcon.colcon_core.verb:set package 'myrviz' build argument 'catkin_skip_building_tests' from command line to 'False'
[0.756s] DEBUG:colcon.colcon_core.verb:Building package 'myrviz' with the following arguments: {'ament_cmake_args': None, 'build_base': '/home/mm/longshan12_2/build/myrviz', 'catkin_cmake_args': None, 'catkin_skip_building_tests': False, 'cmake_args': None, 'cmake_clean_cache': False, 'cmake_clean_first': False, 'cmake_force_configure': False, 'cmake_target': None, 'cmake_target_skip_unavailable': False, 'install_base': '/home/mm/longshan12_2/install/myrviz', 'merge_install': False, 'path': '/home/mm/longshan12_2/src/myrviz', 'symlink_install': False, 'test_result_base': None}
[0.756s] Level 5:colcon.colcon_core.verb:set package 'ros2_path_interfaces' build argument 'cmake_args' from command line to 'None'
[0.756s] Level 5:colcon.colcon_core.verb:set package 'ros2_path_interfaces' build argument 'cmake_target' from command line to 'None'
[0.757s] Level 5:colcon.colcon_core.verb:set package 'ros2_path_interfaces' build argument 'cmake_target_skip_unavailable' from command line to 'False'
[0.757s] Level 5:colcon.colcon_core.verb:set package 'ros2_path_interfaces' build argument 'cmake_clean_cache' from command line to 'False'
[0.757s] Level 5:colcon.colcon_core.verb:set package 'ros2_path_interfaces' build argument 'cmake_clean_first' from command line to 'False'
[0.757s] Level 5:colcon.colcon_core.verb:set package 'ros2_path_interfaces' build argument 'cmake_force_configure' from command line to 'False'
[0.757s] Level 5:colcon.colcon_core.verb:set package 'ros2_path_interfaces' build argument 'ament_cmake_args' from command line to 'None'
[0.757s] Level 5:colcon.colcon_core.verb:set package 'ros2_path_interfaces' build argument 'catkin_cmake_args' from command line to 'None'
[0.757s] Level 5:colcon.colcon_core.verb:set package 'ros2_path_interfaces' build argument 'catkin_skip_building_tests' from command line to 'False'
[0.757s] DEBUG:colcon.colcon_core.verb:Building package 'ros2_path_interfaces' with the following arguments: {'ament_cmake_args': None, 'build_base': '/home/mm/longshan12_2/build/ros2_path_interfaces', 'catkin_cmake_args': None, 'catkin_skip_building_tests': False, 'cmake_args': None, 'cmake_clean_cache': False, 'cmake_clean_first': False, 'cmake_force_configure': False, 'cmake_target': None, 'cmake_target_skip_unavailable': False, 'install_base': '/home/mm/longshan12_2/install/ros2_path_interfaces', 'merge_install': False, 'path': '/home/mm/longshan12_2/src/ros2_path_interfaces', 'symlink_install': False, 'test_result_base': None}
[0.757s] Level 5:colcon.colcon_core.verb:set package 'global' build argument 'cmake_args' from command line to 'None'
[0.757s] Level 5:colcon.colcon_core.verb:set package 'global' build argument 'cmake_target' from command line to 'None'
[0.757s] Level 5:colcon.colcon_core.verb:set package 'global' build argument 'cmake_target_skip_unavailable' from command line to 'False'
[0.757s] Level 5:colcon.colcon_core.verb:set package 'global' build argument 'cmake_clean_cache' from command line to 'False'
[0.757s] Level 5:colcon.colcon_core.verb:set package 'global' build argument 'cmake_clean_first' from command line to 'False'
[0.757s] Level 5:colcon.colcon_core.verb:set package 'global' build argument 'cmake_force_configure' from command line to 'False'
[0.757s] Level 5:colcon.colcon_core.verb:set package 'global' build argument 'ament_cmake_args' from command line to 'None'
[0.757s] Level 5:colcon.colcon_core.verb:set package 'global' build argument 'catkin_cmake_args' from command line to 'None'
[0.757s] Level 5:colcon.colcon_core.verb:set package 'global' build argument 'catkin_skip_building_tests' from command line to 'False'
[0.757s] DEBUG:colcon.colcon_core.verb:Building package 'global' with the following arguments: {'ament_cmake_args': None, 'build_base': '/home/mm/longshan12_2/build/global', 'catkin_cmake_args': None, 'catkin_skip_building_tests': False, 'cmake_args': None, 'cmake_clean_cache': False, 'cmake_clean_first': False, 'cmake_force_configure': False, 'cmake_target': None, 'cmake_target_skip_unavailable': False, 'install_base': '/home/mm/longshan12_2/install/global', 'merge_install': False, 'path': '/home/mm/longshan12_2/src/global', 'symlink_install': False, 'test_result_base': None}
[0.758s] Level 5:colcon.colcon_core.verb:set package 'local' build argument 'cmake_args' from command line to 'None'
[0.758s] Level 5:colcon.colcon_core.verb:set package 'local' build argument 'cmake_target' from command line to 'None'
[0.758s] Level 5:colcon.colcon_core.verb:set package 'local' build argument 'cmake_target_skip_unavailable' from command line to 'False'
[0.758s] Level 5:colcon.colcon_core.verb:set package 'local' build argument 'cmake_clean_cache' from command line to 'False'
[0.758s] Level 5:colcon.colcon_core.verb:set package 'local' build argument 'cmake_clean_first' from command line to 'False'
[0.758s] Level 5:colcon.colcon_core.verb:set package 'local' build argument 'cmake_force_configure' from command line to 'False'
[0.758s] Level 5:colcon.colcon_core.verb:set package 'local' build argument 'ament_cmake_args' from command line to 'None'
[0.758s] Level 5:colcon.colcon_core.verb:set package 'local' build argument 'catkin_cmake_args' from command line to 'None'
[0.758s] Level 5:colcon.colcon_core.verb:set package 'local' build argument 'catkin_skip_building_tests' from command line to 'False'
[0.758s] DEBUG:colcon.colcon_core.verb:Building package 'local' with the following arguments: {'ament_cmake_args': None, 'build_base': '/home/mm/longshan12_2/build/local', 'catkin_cmake_args': None, 'catkin_skip_building_tests': False, 'cmake_args': None, 'cmake_clean_cache': False, 'cmake_clean_first': False, 'cmake_force_configure': False, 'cmake_target': None, 'cmake_target_skip_unavailable': False, 'install_base': '/home/mm/longshan12_2/install/local', 'merge_install': False, 'path': '/home/mm/longshan12_2/src/local', 'symlink_install': False, 'test_result_base': None}
[0.758s] INFO:colcon.colcon_core.executor:Executing jobs using 'parallel' executor
[0.759s] DEBUG:colcon.colcon_parallel_executor.executor.parallel:run_until_complete
[0.760s] INFO:colcon.colcon_ros.task.ament_cmake.build:Building ROS package in '/home/mm/longshan12_2/src/ros2_path_interfaces' with build type 'ament_cmake'
[0.760s] INFO:colcon.colcon_cmake.task.cmake.build:Building CMake package in '/home/mm/longshan12_2/src/ros2_path_interfaces'
[0.765s] INFO:colcon.colcon_core.plugin_system:Skipping extension 'colcon_core.shell.bat': Not used on non-Windows systems
[0.766s] INFO:colcon.colcon_core.shell:Skip shell extension 'powershell' for command environment: Not usable outside of PowerShell
[0.766s] DEBUG:colcon.colcon_core.shell:Skip shell extension 'dsv' for command environment
[0.770s] INFO:colcon.colcon_ros.task.ament_cmake.build:Building ROS package in '/home/mm/longshan12_2/src/can' with build type 'ament_cmake'
[0.771s] INFO:colcon.colcon_cmake.task.cmake.build:Building CMake package in '/home/mm/longshan12_2/src/can'
[0.771s] INFO:colcon.colcon_core.shell:Skip shell extension 'powershell' for command environment: Not usable outside of PowerShell
[0.771s] DEBUG:colcon.colcon_core.shell:Skip shell extension 'dsv' for command environment
[0.779s] INFO:colcon.colcon_ros.task.ament_cmake.build:Building ROS package in '/home/mm/longshan12_2/src/control' with build type 'ament_cmake'
[0.780s] INFO:colcon.colcon_cmake.task.cmake.build:Building CMake package in '/home/mm/longshan12_2/src/control'
[0.780s] INFO:colcon.colcon_core.shell:Skip shell extension 'powershell' for command environment: Not usable outside of PowerShell
[0.781s] DEBUG:colcon.colcon_core.shell:Skip shell extension 'dsv' for command environment
[0.788s] INFO:colcon.colcon_ros.task.ament_cmake.build:Building ROS package in '/home/mm/longshan12_2/src/voxel_dipgseg' with build type 'ament_cmake'
[0.788s] INFO:colcon.colcon_cmake.task.cmake.build:Building CMake package in '/home/mm/longshan12_2/src/voxel_dipgseg'
[0.789s] INFO:colcon.colcon_core.shell:Skip shell extension 'powershell' for command environment: Not usable outside of PowerShell
[0.789s] DEBUG:colcon.colcon_core.shell:Skip shell extension 'dsv' for command environment
[0.804s] DEBUG:colcon.colcon_core.event_handler.log_command:Invoking command in '/home/mm/longshan12_2/build/ros2_path_interfaces': CMAKE_PREFIX_PATH=/opt/ros/foxy /usr/bin/cmake --build /home/mm/longshan12_2/build/ros2_path_interfaces -- -j4 -l4
[0.821s] DEBUG:colcon.colcon_core.event_handler.log_command:Invoking command in '/home/mm/longshan12_2/build/can': CMAKE_PREFIX_PATH=/opt/ros/foxy /usr/bin/cmake --build /home/mm/longshan12_2/build/can -- -j4 -l4
[0.834s] DEBUG:colcon.colcon_core.event_handler.log_command:Invoking command in '/home/mm/longshan12_2/build/control': CMAKE_PREFIX_PATH=/opt/ros/foxy /usr/bin/cmake --build /home/mm/longshan12_2/build/control -- -j4 -l4
[0.864s] DEBUG:colcon.colcon_core.event_handler.log_command:Invoking command in '/home/mm/longshan12_2/build/dipgseg': CMAKE_PREFIX_PATH=/opt/ros/foxy /usr/bin/cmake --build /home/mm/longshan12_2/build/dipgseg -- -j4 -l4
[1.062s] DEBUG:colcon.colcon_core.event_handler.log_command:Invoked command in '/home/mm/longshan12_2/build/can' returned '0': CMAKE_PREFIX_PATH=/opt/ros/foxy /usr/bin/cmake --build /home/mm/longshan12_2/build/can -- -j4 -l4
[1.073s] DEBUG:colcon.colcon_core.event_handler.log_command:Invoked command in '/home/mm/longshan12_2/build/dipgseg' returned '0': CMAKE_PREFIX_PATH=/opt/ros/foxy /usr/bin/cmake --build /home/mm/longshan12_2/build/dipgseg -- -j4 -l4
[1.130s] DEBUG:colcon.colcon_core.event_handler.log_command:Invoking command in '/home/mm/longshan12_2/build/can': CMAKE_PREFIX_PATH=/opt/ros/foxy /usr/bin/cmake --install /home/mm/longshan12_2/build/can
[1.136s] DEBUG:colcon.colcon_core.event_handler.log_command:Invoking command in '/home/mm/longshan12_2/build/dipgseg': CMAKE_PREFIX_PATH=/opt/ros/foxy /usr/bin/cmake --install /home/mm/longshan12_2/build/dipgseg
[1.161s] Level 1:colcon.colcon_core.environment:create_environment_scripts_only(can)
[1.161s] DEBUG:colcon.colcon_core.event_handler.log_command:Invoked command in '/home/mm/longshan12_2/build/can' returned '0': CMAKE_PREFIX_PATH=/opt/ros/foxy /usr/bin/cmake --install /home/mm/longshan12_2/build/can
[1.165s] Level 1:colcon.colcon_core.environment:checking '/home/mm/longshan12_2/install/can' for CMake module files
[1.165s] Level 1:colcon.colcon_core.environment:checking '/home/mm/longshan12_2/install/can' for CMake config files
[1.166s] Level 1:colcon.colcon_core.shell:create_environment_hook('can', 'cmake_prefix_path')
[1.166s] INFO:colcon.colcon_core.shell:Creating environment hook '/home/mm/longshan12_2/install/can/share/can/hook/cmake_prefix_path.ps1'
[1.167s] INFO:colcon.colcon_core.shell:Creating environment descriptor '/home/mm/longshan12_2/install/can/share/can/hook/cmake_prefix_path.dsv'
[1.168s] INFO:colcon.colcon_core.shell:Creating environment hook '/home/mm/longshan12_2/install/can/share/can/hook/cmake_prefix_path.sh'
[1.168s] Level 1:colcon.colcon_core.environment:checking '/home/mm/longshan12_2/install/can/lib'
[1.169s] Level 1:colcon.colcon_core.environment:checking '/home/mm/longshan12_2/install/can/bin'
[1.169s] Level 1:colcon.colcon_core.environment:checking '/home/mm/longshan12_2/install/can/lib/pkgconfig/can.pc'
[1.169s] Level 1:colcon.colcon_core.environment:checking '/home/mm/longshan12_2/install/can/lib/python3.8/site-packages'
[1.169s] Level 1:colcon.colcon_core.environment:checking '/home/mm/longshan12_2/install/can/bin'
[1.169s] INFO:colcon.colcon_core.shell:Creating package script '/home/mm/longshan12_2/install/can/share/can/package.ps1'
[1.170s] INFO:colcon.colcon_core.shell:Creating package descriptor '/home/mm/longshan12_2/install/can/share/can/package.dsv'
[1.171s] INFO:colcon.colcon_core.shell:Creating package script '/home/mm/longshan12_2/install/can/share/can/package.sh'
[1.172s] INFO:colcon.colcon_core.shell:Creating package script '/home/mm/longshan12_2/install/can/share/can/package.bash'
[1.173s] INFO:colcon.colcon_core.shell:Creating package script '/home/mm/longshan12_2/install/can/share/can/package.zsh'
[1.173s] Level 1:colcon.colcon_core.environment:create_file_with_runtime_dependencies(/home/mm/longshan12_2/install/can/share/colcon-core/packages/can)
[1.187s] Level 1:colcon.colcon_core.environment:create_environment_scripts_only(dipgseg)
[1.188s] Level 1:colcon.colcon_core.environment:checking '/home/mm/longshan12_2/install/dipgseg' for CMake module files
[1.189s] Level 1:colcon.colcon_core.environment:checking '/home/mm/longshan12_2/install/dipgseg' for CMake config files
[1.190s] Level 1:colcon.colcon_core.shell:create_environment_hook('dipgseg', 'cmake_prefix_path')
[1.190s] INFO:colcon.colcon_core.shell:Creating environment hook '/home/mm/longshan12_2/install/dipgseg/share/dipgseg/hook/cmake_prefix_path.ps1'
[1.190s] DEBUG:colcon.colcon_core.event_handler.log_command:Invoked command in '/home/mm/longshan12_2/build/dipgseg' returned '0': CMAKE_PREFIX_PATH=/opt/ros/foxy /usr/bin/cmake --install /home/mm/longshan12_2/build/dipgseg
[1.191s] INFO:colcon.colcon_core.shell:Creating environment descriptor '/home/mm/longshan12_2/install/dipgseg/share/dipgseg/hook/cmake_prefix_path.dsv'
[1.192s] INFO:colcon.colcon_core.shell:Creating environment hook '/home/mm/longshan12_2/install/dipgseg/share/dipgseg/hook/cmake_prefix_path.sh'
[1.193s] Level 1:colcon.colcon_core.environment:checking '/home/mm/longshan12_2/install/dipgseg/lib'
[1.193s] Level 1:colcon.colcon_core.environment:checking '/home/mm/longshan12_2/install/dipgseg/bin'
[1.193s] Level 1:colcon.colcon_core.environment:checking '/home/mm/longshan12_2/install/dipgseg/lib/pkgconfig/dipgseg.pc'
[1.193s] Level 1:colcon.colcon_core.environment:checking '/home/mm/longshan12_2/install/dipgseg/lib/python3.8/site-packages'
[1.193s] Level 1:colcon.colcon_core.environment:checking '/home/mm/longshan12_2/install/dipgseg/bin'
[1.194s] INFO:colcon.colcon_core.shell:Creating package script '/home/mm/longshan12_2/install/dipgseg/share/dipgseg/package.ps1'
[1.195s] INFO:colcon.colcon_core.shell:Creating package descriptor '/home/mm/longshan12_2/install/dipgseg/share/dipgseg/package.dsv'
[1.195s] INFO:colcon.colcon_core.shell:Creating package script '/home/mm/longshan12_2/install/dipgseg/share/dipgseg/package.sh'
[1.196s] INFO:colcon.colcon_core.shell:Creating package script '/home/mm/longshan12_2/install/dipgseg/share/dipgseg/package.bash'
[1.197s] INFO:colcon.colcon_core.shell:Creating package script '/home/mm/longshan12_2/install/dipgseg/share/dipgseg/package.zsh'
[1.197s] Level 1:colcon.colcon_core.environment:create_file_with_runtime_dependencies(/home/mm/longshan12_2/install/dipgseg/share/colcon-core/packages/dipgseg)
[1.224s] Level 1:colcon.colcon_core.environment:create_environment_scripts_only(can)
[1.224s] Level 1:colcon.colcon_core.environment:checking '/home/mm/longshan12_2/install/can' for CMake module files
[1.225s] Level 1:colcon.colcon_core.environment:checking '/home/mm/longshan12_2/install/can' for CMake config files
[1.225s] Level 1:colcon.colcon_core.shell:create_environment_hook('can', 'cmake_prefix_path')
[1.226s] INFO:colcon.colcon_core.shell:Creating environment hook '/home/mm/longshan12_2/install/can/share/can/hook/cmake_prefix_path.ps1'
[1.226s] INFO:colcon.colcon_core.shell:Creating environment descriptor '/home/mm/longshan12_2/install/can/share/can/hook/cmake_prefix_path.dsv'
[1.227s] INFO:colcon.colcon_core.shell:Creating environment hook '/home/mm/longshan12_2/install/can/share/can/hook/cmake_prefix_path.sh'
[1.227s] Level 1:colcon.colcon_core.environment:checking '/home/mm/longshan12_2/install/can/lib'
[1.228s] Level 1:colcon.colcon_core.environment:checking '/home/mm/longshan12_2/install/can/bin'
[1.228s] Level 1:colcon.colcon_core.environment:checking '/home/mm/longshan12_2/install/can/lib/pkgconfig/can.pc'
[1.228s] Level 1:colcon.colcon_core.environment:checking '/home/mm/longshan12_2/install/can/lib/python3.8/site-packages'
[1.228s] Level 1:colcon.colcon_core.environment:checking '/home/mm/longshan12_2/install/can/bin'
[1.229s] INFO:colcon.colcon_core.shell:Creating package script '/home/mm/longshan12_2/install/can/share/can/package.ps1'
[1.229s] INFO:colcon.colcon_core.shell:Creating package descriptor '/home/mm/longshan12_2/install/can/share/can/package.dsv'
[1.230s] INFO:colcon.colcon_core.shell:Creating package script '/home/mm/longshan12_2/install/can/share/can/package.sh'
[1.230s] INFO:colcon.colcon_core.shell:Creating package script '/home/mm/longshan12_2/install/can/share/can/package.bash'
[1.231s] INFO:colcon.colcon_core.shell:Creating package script '/home/mm/longshan12_2/install/can/share/can/package.zsh'
[1.231s] Level 1:colcon.colcon_core.environment:create_file_with_runtime_dependencies(/home/mm/longshan12_2/install/can/share/colcon-core/packages/can)
[1.232s] INFO:colcon.colcon_ros.task.ament_python.build:Building ROS package in '/home/mm/longshan12_2/src/draw_messages' with build type 'ament_python'
[1.233s] Level 1:colcon.colcon_core.shell:create_environment_hook('draw_messages', 'ament_prefix_path')
[1.233s] INFO:colcon.colcon_core.shell:Creating environment hook '/home/mm/longshan12_2/install/draw_messages/share/draw_messages/hook/ament_prefix_path.ps1'
[1.234s] INFO:colcon.colcon_core.shell:Creating environment descriptor '/home/mm/longshan12_2/install/draw_messages/share/draw_messages/hook/ament_prefix_path.dsv'
[1.235s] INFO:colcon.colcon_core.shell:Creating environment hook '/home/mm/longshan12_2/install/draw_messages/share/draw_messages/hook/ament_prefix_path.sh'
[1.236s] INFO:colcon.colcon_core.shell:Skip shell extension 'powershell' for command environment: Not usable outside of PowerShell
[1.236s] DEBUG:colcon.colcon_core.shell:Skip shell extension 'dsv' for command environment
[1.245s] Level 1:colcon.colcon_core.environment:create_environment_scripts_only(dipgseg)
[1.246s] Level 1:colcon.colcon_core.environment:checking '/home/mm/longshan12_2/install/dipgseg' for CMake module files
[1.246s] Level 1:colcon.colcon_core.environment:checking '/home/mm/longshan12_2/install/dipgseg' for CMake config files
[1.247s] Level 1:colcon.colcon_core.shell:create_environment_hook('dipgseg', 'cmake_prefix_path')
[1.247s] INFO:colcon.colcon_core.shell:Creating environment hook '/home/mm/longshan12_2/install/dipgseg/share/dipgseg/hook/cmake_prefix_path.ps1'
[1.248s] INFO:colcon.colcon_core.shell:Creating environment descriptor '/home/mm/longshan12_2/install/dipgseg/share/dipgseg/hook/cmake_prefix_path.dsv'
[1.249s] INFO:colcon.colcon_core.shell:Creating environment hook '/home/mm/longshan12_2/install/dipgseg/share/dipgseg/hook/cmake_prefix_path.sh'
[1.249s] Level 1:colcon.colcon_core.environment:checking '/home/mm/longshan12_2/install/dipgseg/lib'
[1.249s] Level 1:colcon.colcon_core.environment:checking '/home/mm/longshan12_2/install/dipgseg/bin'
[1.250s] Level 1:colcon.colcon_core.environment:checking '/home/mm/longshan12_2/install/dipgseg/lib/pkgconfig/dipgseg.pc'
[1.250s] Level 1:colcon.colcon_core.environment:checking '/home/mm/longshan12_2/install/dipgseg/lib/python3.8/site-packages'
[1.250s] Level 1:colcon.colcon_core.environment:checking '/home/mm/longshan12_2/install/dipgseg/bin'
[1.251s] INFO:colcon.colcon_core.shell:Creating package script '/home/mm/longshan12_2/install/dipgseg/share/dipgseg/package.ps1'
[1.251s] INFO:colcon.colcon_core.shell:Creating package descriptor '/home/mm/longshan12_2/install/dipgseg/share/dipgseg/package.dsv'
[1.252s] INFO:colcon.colcon_core.shell:Creating package script '/home/mm/longshan12_2/install/dipgseg/share/dipgseg/package.sh'
[1.253s] INFO:colcon.colcon_core.shell:Creating package script '/home/mm/longshan12_2/install/dipgseg/share/dipgseg/package.bash'
[1.255s] INFO:colcon.colcon_core.shell:Creating package script '/home/mm/longshan12_2/install/dipgseg/share/dipgseg/package.zsh'
[1.256s] Level 1:colcon.colcon_core.environment:create_file_with_runtime_dependencies(/home/mm/longshan12_2/install/dipgseg/share/colcon-core/packages/dipgseg)
[1.258s] INFO:colcon.colcon_ros.task.ament_cmake.build:Building ROS package in '/home/mm/longshan12_2/src/gnss' with build type 'ament_cmake'
[1.258s] INFO:colcon.colcon_cmake.task.cmake.build:Building CMake package in '/home/mm/longshan12_2/src/gnss'
[1.259s] INFO:colcon.colcon_core.shell:Skip shell extension 'powershell' for command environment: Not usable outside of PowerShell
[1.260s] DEBUG:colcon.colcon_core.shell:Skip shell extension 'dsv' for command environment
[1.608s] INFO:colcon.colcon_core.task.python.build:Building Python package in '/home/mm/longshan12_2/src/draw_messages'
[1.609s] INFO:colcon.colcon_core.shell:Skip shell extension 'powershell' for command environment: Not usable outside of PowerShell
[1.609s] DEBUG:colcon.colcon_core.shell:Skip shell extension 'dsv' for command environment
[1.623s] DEBUG:colcon.colcon_core.event_handler.log_command:Invoking command in '/home/mm/longshan12_2/build/gnss': CMAKE_PREFIX_PATH=/opt/ros/foxy /usr/bin/cmake --build /home/mm/longshan12_2/build/gnss -- -j4 -l4
[1.625s] DEBUG:colcon.colcon_core.event_handler.log_command:Invoked command in '/home/mm/longshan12_2/build/ros2_path_interfaces' returned '0': CMAKE_PREFIX_PATH=/opt/ros/foxy /usr/bin/cmake --build /home/mm/longshan12_2/build/ros2_path_interfaces -- -j4 -l4
[1.788s] DEBUG:colcon.colcon_core.event_handler.log_command:Invoking command in '/home/mm/longshan12_2/build/ros2_path_interfaces': CMAKE_PREFIX_PATH=/opt/ros/foxy /usr/bin/cmake --install /home/mm/longshan12_2/build/ros2_path_interfaces
[1.914s] Level 1:colcon.colcon_core.environment:create_environment_scripts_only(ros2_path_interfaces)
[1.914s] DEBUG:colcon.colcon_core.event_handler.log_command:Invoked command in '/home/mm/longshan12_2/build/ros2_path_interfaces' returned '0': CMAKE_PREFIX_PATH=/opt/ros/foxy /usr/bin/cmake --install /home/mm/longshan12_2/build/ros2_path_interfaces
[1.915s] Level 1:colcon.colcon_core.environment:checking '/home/mm/longshan12_2/install/ros2_path_interfaces' for CMake module files
[1.916s] Level 1:colcon.colcon_core.environment:checking '/home/mm/longshan12_2/install/ros2_path_interfaces' for CMake config files
[1.916s] Level 1:colcon.colcon_core.shell:create_environment_hook('ros2_path_interfaces', 'cmake_prefix_path')
[1.917s] INFO:colcon.colcon_core.shell:Creating environment hook '/home/mm/longshan12_2/install/ros2_path_interfaces/share/ros2_path_interfaces/hook/cmake_prefix_path.ps1'
[1.918s] INFO:colcon.colcon_core.shell:Creating environment descriptor '/home/mm/longshan12_2/install/ros2_path_interfaces/share/ros2_path_interfaces/hook/cmake_prefix_path.dsv'
[1.918s] INFO:colcon.colcon_core.shell:Creating environment hook '/home/mm/longshan12_2/install/ros2_path_interfaces/share/ros2_path_interfaces/hook/cmake_prefix_path.sh'
[1.919s] Level 1:colcon.colcon_core.environment:checking '/home/mm/longshan12_2/install/ros2_path_interfaces/lib'
[1.919s] Level 1:colcon.colcon_core.shell:create_environment_hook('ros2_path_interfaces', 'ld_library_path_lib')
[1.919s] INFO:colcon.colcon_core.shell:Creating environment hook '/home/mm/longshan12_2/install/ros2_path_interfaces/share/ros2_path_interfaces/hook/ld_library_path_lib.ps1'
[1.920s] INFO:colcon.colcon_core.shell:Creating environment descriptor '/home/mm/longshan12_2/install/ros2_path_interfaces/share/ros2_path_interfaces/hook/ld_library_path_lib.dsv'
[1.923s] INFO:colcon.colcon_core.shell:Creating environment hook '/home/mm/longshan12_2/install/ros2_path_interfaces/share/ros2_path_interfaces/hook/ld_library_path_lib.sh'
[1.924s] Level 1:colcon.colcon_core.environment:checking '/home/mm/longshan12_2/install/ros2_path_interfaces/bin'
[1.924s] Level 1:colcon.colcon_core.environment:checking '/home/mm/longshan12_2/install/ros2_path_interfaces/lib/pkgconfig/ros2_path_interfaces.pc'
[1.924s] Level 1:colcon.colcon_core.environment:checking '/home/mm/longshan12_2/install/ros2_path_interfaces/lib/python3.8/site-packages'
[1.924s] Level 1:colcon.colcon_core.shell:create_environment_hook('ros2_path_interfaces', 'pythonpath')
[1.925s] INFO:colcon.colcon_core.shell:Creating environment hook '/home/mm/longshan12_2/install/ros2_path_interfaces/share/ros2_path_interfaces/hook/pythonpath.ps1'
[1.925s] INFO:colcon.colcon_core.shell:Creating environment descriptor '/home/mm/longshan12_2/install/ros2_path_interfaces/share/ros2_path_interfaces/hook/pythonpath.dsv'
[1.926s] INFO:colcon.colcon_core.shell:Creating environment hook '/home/mm/longshan12_2/install/ros2_path_interfaces/share/ros2_path_interfaces/hook/pythonpath.sh'
[1.926s] Level 1:colcon.colcon_core.environment:checking '/home/mm/longshan12_2/install/ros2_path_interfaces/bin'
[1.927s] INFO:colcon.colcon_core.shell:Creating package script '/home/mm/longshan12_2/install/ros2_path_interfaces/share/ros2_path_interfaces/package.ps1'
[1.927s] INFO:colcon.colcon_core.shell:Creating package descriptor '/home/mm/longshan12_2/install/ros2_path_interfaces/share/ros2_path_interfaces/package.dsv'
[1.931s] INFO:colcon.colcon_core.shell:Creating package script '/home/mm/longshan12_2/install/ros2_path_interfaces/share/ros2_path_interfaces/package.sh'
[1.933s] INFO:colcon.colcon_core.shell:Creating package script '/home/mm/longshan12_2/install/ros2_path_interfaces/share/ros2_path_interfaces/package.bash'
[1.933s] INFO:colcon.colcon_core.shell:Creating package script '/home/mm/longshan12_2/install/ros2_path_interfaces/share/ros2_path_interfaces/package.zsh'
[1.934s] Level 1:colcon.colcon_core.environment:create_file_with_runtime_dependencies(/home/mm/longshan12_2/install/ros2_path_interfaces/share/colcon-core/packages/ros2_path_interfaces)
[2.191s] Level 1:colcon.colcon_core.environment:create_environment_scripts_only(ros2_path_interfaces)
[2.192s] Level 1:colcon.colcon_core.environment:checking '/home/mm/longshan12_2/install/ros2_path_interfaces' for CMake module files
[2.193s] Level 1:colcon.colcon_core.environment:checking '/home/mm/longshan12_2/install/ros2_path_interfaces' for CMake config files
[2.193s] Level 1:colcon.colcon_core.shell:create_environment_hook('ros2_path_interfaces', 'cmake_prefix_path')
[2.193s] INFO:colcon.colcon_core.shell:Creating environment hook '/home/mm/longshan12_2/install/ros2_path_interfaces/share/ros2_path_interfaces/hook/cmake_prefix_path.ps1'
[2.194s] INFO:colcon.colcon_core.shell:Creating environment descriptor '/home/mm/longshan12_2/install/ros2_path_interfaces/share/ros2_path_interfaces/hook/cmake_prefix_path.dsv'
[2.195s] INFO:colcon.colcon_core.shell:Creating environment hook '/home/mm/longshan12_2/install/ros2_path_interfaces/share/ros2_path_interfaces/hook/cmake_prefix_path.sh'
[2.195s] Level 1:colcon.colcon_core.environment:checking '/home/mm/longshan12_2/install/ros2_path_interfaces/lib'
[2.196s] Level 1:colcon.colcon_core.shell:create_environment_hook('ros2_path_interfaces', 'ld_library_path_lib')
[2.196s] INFO:colcon.colcon_core.shell:Creating environment hook '/home/mm/longshan12_2/install/ros2_path_interfaces/share/ros2_path_interfaces/hook/ld_library_path_lib.ps1'
[2.196s] INFO:colcon.colcon_core.shell:Creating environment descriptor '/home/mm/longshan12_2/install/ros2_path_interfaces/share/ros2_path_interfaces/hook/ld_library_path_lib.dsv'
[2.197s] INFO:colcon.colcon_core.shell:Creating environment hook '/home/mm/longshan12_2/install/ros2_path_interfaces/share/ros2_path_interfaces/hook/ld_library_path_lib.sh'
[2.197s] Level 1:colcon.colcon_core.environment:checking '/home/mm/longshan12_2/install/ros2_path_interfaces/bin'
[2.198s] Level 1:colcon.colcon_core.environment:checking '/home/mm/longshan12_2/install/ros2_path_interfaces/lib/pkgconfig/ros2_path_interfaces.pc'
[2.198s] Level 1:colcon.colcon_core.environment:checking '/home/mm/longshan12_2/install/ros2_path_interfaces/lib/python3.8/site-packages'
[2.198s] Level 1:colcon.colcon_core.shell:create_environment_hook('ros2_path_interfaces', 'pythonpath')
[2.198s] INFO:colcon.colcon_core.shell:Creating environment hook '/home/mm/longshan12_2/install/ros2_path_interfaces/share/ros2_path_interfaces/hook/pythonpath.ps1'
[2.199s] INFO:colcon.colcon_core.shell:Creating environment descriptor '/home/mm/longshan12_2/install/ros2_path_interfaces/share/ros2_path_interfaces/hook/pythonpath.dsv'
[2.199s] INFO:colcon.colcon_core.shell:Creating environment hook '/home/mm/longshan12_2/install/ros2_path_interfaces/share/ros2_path_interfaces/hook/pythonpath.sh'
[2.200s] Level 1:colcon.colcon_core.environment:checking '/home/mm/longshan12_2/install/ros2_path_interfaces/bin'
[2.200s] INFO:colcon.colcon_core.shell:Creating package script '/home/mm/longshan12_2/install/ros2_path_interfaces/share/ros2_path_interfaces/package.ps1'
[2.201s] INFO:colcon.colcon_core.shell:Creating package descriptor '/home/mm/longshan12_2/install/ros2_path_interfaces/share/ros2_path_interfaces/package.dsv'
[2.208s] INFO:colcon.colcon_core.shell:Creating package script '/home/mm/longshan12_2/install/ros2_path_interfaces/share/ros2_path_interfaces/package.sh'
[2.210s] INFO:colcon.colcon_core.shell:Creating package script '/home/mm/longshan12_2/install/ros2_path_interfaces/share/ros2_path_interfaces/package.bash'
[2.211s] INFO:colcon.colcon_core.shell:Creating package script '/home/mm/longshan12_2/install/ros2_path_interfaces/share/ros2_path_interfaces/package.zsh'
[2.212s] Level 1:colcon.colcon_core.environment:create_file_with_runtime_dependencies(/home/mm/longshan12_2/install/ros2_path_interfaces/share/colcon-core/packages/ros2_path_interfaces)
[2.215s] INFO:colcon.colcon_ros.task.ament_cmake.build:Building ROS package in '/home/mm/longshan12_2/src/hmi' with build type 'ament_cmake'
[2.215s] INFO:colcon.colcon_cmake.task.cmake.build:Building CMake package in '/home/mm/longshan12_2/src/hmi'
[2.215s] INFO:colcon.colcon_core.shell:Skip shell extension 'powershell' for command environment: Not usable outside of PowerShell
[2.216s] DEBUG:colcon.colcon_core.shell:Skip shell extension 'dsv' for command environment
[2.254s] DEBUG:colcon.colcon_core.event_handler.log_command:Invoking command in '/home/mm/longshan12_2/build/hmi': CMAKE_PREFIX_PATH=/opt/ros/foxy /usr/bin/cmake --build /home/mm/longshan12_2/build/hmi -- -j4 -l4
[2.297s] DEBUG:colcon.colcon_core.event_handler.log_command:Invoking command in '/home/mm/longshan12_2/src/draw_messages': PYTHONPATH=/home/mm/longshan12_2/build/draw_messages/prefix_override:/home/mm/longshan12_2/install/draw_messages/lib/python3.8/site-packages:${PYTHONPATH} /usr/bin/python3 -W ignore:setup.py install is deprecated setup.py egg_info --egg-base ../../build/draw_messages build --build-base /home/mm/longshan12_2/build/draw_messages/build install --record /home/mm/longshan12_2/build/draw_messages/install.log --install-scripts $base/lib/draw_messages --single-version-externally-managed install_data
[2.303s] DEBUG:colcon.colcon_core.event_handler.log_command:Invoked command in '/home/mm/longshan12_2/build/control' returned '2': CMAKE_PREFIX_PATH=/opt/ros/foxy /usr/bin/cmake --build /home/mm/longshan12_2/build/control -- -j4 -l4
[2.360s] DEBUG:colcon.colcon_core.event_handler.log_command:Invoked command in '/home/mm/longshan12_2/build/gnss' returned '0': CMAKE_PREFIX_PATH=/opt/ros/foxy /usr/bin/cmake --build /home/mm/longshan12_2/build/gnss -- -j4 -l4
[2.429s] Level 1:colcon.colcon_core.environment:create_environment_scripts_only(control)
[2.430s] Level 1:colcon.colcon_core.environment:checking '/home/mm/longshan12_2/install/control' for CMake module files
[2.430s] Level 1:colcon.colcon_core.environment:checking '/home/mm/longshan12_2/install/control' for CMake config files
[2.430s] Level 1:colcon.colcon_core.shell:create_environment_hook('control', 'cmake_prefix_path')
[2.431s] INFO:colcon.colcon_core.shell:Creating environment hook '/home/mm/longshan12_2/install/control/share/control/hook/cmake_prefix_path.ps1'
[2.431s] INFO:colcon.colcon_core.shell:Creating environment descriptor '/home/mm/longshan12_2/install/control/share/control/hook/cmake_prefix_path.dsv'
[2.432s] INFO:colcon.colcon_core.shell:Creating environment hook '/home/mm/longshan12_2/install/control/share/control/hook/cmake_prefix_path.sh'
[2.432s] Level 1:colcon.colcon_core.environment:checking '/home/mm/longshan12_2/install/control/lib'
[2.433s] Level 1:colcon.colcon_core.environment:checking '/home/mm/longshan12_2/install/control/bin'
[2.433s] Level 1:colcon.colcon_core.environment:checking '/home/mm/longshan12_2/install/control/lib/pkgconfig/control.pc'
[2.433s] Level 1:colcon.colcon_core.environment:checking '/home/mm/longshan12_2/install/control/lib/python3.8/site-packages'
[2.433s] Level 1:colcon.colcon_core.environment:checking '/home/mm/longshan12_2/install/control/bin'
[2.433s] INFO:colcon.colcon_core.shell:Creating package script '/home/mm/longshan12_2/install/control/share/control/package.ps1'
[2.434s] INFO:colcon.colcon_core.shell:Creating package descriptor '/home/mm/longshan12_2/install/control/share/control/package.dsv'
[2.435s] INFO:colcon.colcon_core.shell:Creating package script '/home/mm/longshan12_2/install/control/share/control/package.sh'
[2.435s] INFO:colcon.colcon_core.shell:Creating package script '/home/mm/longshan12_2/install/control/share/control/package.bash'
[2.436s] INFO:colcon.colcon_core.shell:Creating package script '/home/mm/longshan12_2/install/control/share/control/package.zsh'
[2.436s] Level 1:colcon.colcon_core.environment:create_file_with_runtime_dependencies(/home/mm/longshan12_2/install/control/share/colcon-core/packages/control)
[2.705s] DEBUG:colcon.colcon_parallel_executor.executor.parallel:closing loop
[2.706s] DEBUG:colcon.colcon_parallel_executor.executor.parallel:loop closed
[2.706s] DEBUG:colcon.colcon_parallel_executor.executor.parallel:run_until_complete finished with '2'
[2.706s] DEBUG:colcon.colcon_core.event_reactor:joining thread
[2.713s] INFO:colcon.colcon_core.plugin_system:Skipping extension 'colcon_notification.desktop_notification.terminal_notifier': Not used on non-Darwin systems
[2.713s] INFO:colcon.colcon_core.plugin_system:Skipping extension 'colcon_notification.desktop_notification.win32': Not used on non-Windows systems
[2.714s] INFO:colcon.colcon_notification.desktop_notification:Sending desktop notification using 'notify2'
[2.742s] DEBUG:colcon.colcon_core.event_reactor:joined thread
[2.743s] INFO:colcon.colcon_core.shell:Creating prefix script '/home/mm/longshan12_2/install/local_setup.ps1'
[2.744s] INFO:colcon.colcon_core.shell:Creating prefix util module '/home/mm/longshan12_2/install/_local_setup_util_ps1.py'
[2.745s] INFO:colcon.colcon_core.shell:Creating prefix chain script '/home/mm/longshan12_2/install/setup.ps1'
[2.747s] INFO:colcon.colcon_core.shell:Creating prefix script '/home/mm/longshan12_2/install/local_setup.sh'
[2.747s] INFO:colcon.colcon_core.shell:Creating prefix util module '/home/mm/longshan12_2/install/_local_setup_util_sh.py'
[2.748s] INFO:colcon.colcon_core.shell:Creating prefix chain script '/home/mm/longshan12_2/install/setup.sh'
[2.749s] INFO:colcon.colcon_core.shell:Creating prefix script '/home/mm/longshan12_2/install/local_setup.bash'
[2.750s] INFO:colcon.colcon_core.shell:Creating prefix chain script '/home/mm/longshan12_2/install/setup.bash'
[2.751s] INFO:colcon.colcon_core.shell:Creating prefix script '/home/mm/longshan12_2/install/local_setup.zsh'
[2.751s] INFO:colcon.colcon_core.shell:Creating prefix chain script '/home/mm/longshan12_2/install/setup.zsh'
