[0.037s] Invoking command in '/home/mm/longshan12_2/build/myrviz': CMAKE_PREFIX_PATH=/opt/ros/foxy /usr/bin/cmake --build /home/mm/longshan12_2/build/myrviz -- -j4 -l4
[0.180s] [35m[1mScanning dependencies of target points_and_lines_publisher[0m
[0.302s] [ 50%] [32mBuilding CXX object CMakeFiles/points_and_lines_publisher.dir/src/pubrviz.cpp.o[0m
[6.650s] [01m[K/home/mm/longshan12_2/src/myrviz/src/pubrviz.cpp:[m[K In member function ‘[01m[Kvoid PointsAndLinesPublisher::publocal(std_msgs::msg::Float64MultiArray_<std::allocator<void> >::SharedPtr)[m[K’:
[6.650s] [01m[K/home/mm/longshan12_2/src/myrviz/src/pubrviz.cpp:291:20:[m[K [01;35m[Kwarning: [m[Kunused variable ‘[01m[Klocalid[m[K’ [[01;35m[K-Wunused-variable[m[K]
[6.650s]   291 |         static int [01;35m[Klocalid[m[K =0;
[6.650s]       |                    [01;35m[K^~~~~~~[m[K
[17.238s] [100%] [32m[1mLinking CXX executable points_and_lines_publisher[0m
[18.380s] [100%] Built target points_and_lines_publisher
[18.404s] Invoked command in '/home/mm/longshan12_2/build/myrviz' returned '0': CMAKE_PREFIX_PATH=/opt/ros/foxy /usr/bin/cmake --build /home/mm/longshan12_2/build/myrviz -- -j4 -l4
[18.445s] Invoking command in '/home/mm/longshan12_2/build/myrviz': CMAKE_PREFIX_PATH=/opt/ros/foxy /usr/bin/cmake --install /home/mm/longshan12_2/build/myrviz
[18.457s] -- Install configuration: ""
[18.458s] -- Installing: /home/mm/longshan12_2/install/myrviz/lib/myrviz/points_and_lines_publisher
[18.463s] -- Set runtime path of "/home/mm/longshan12_2/install/myrviz/lib/myrviz/points_and_lines_publisher" to ""
[18.463s] -- Up-to-date: /home/mm/longshan12_2/install/myrviz/share/ament_index/resource_index/package_run_dependencies/myrviz
[18.464s] -- Up-to-date: /home/mm/longshan12_2/install/myrviz/share/ament_index/resource_index/parent_prefix_path/myrviz
[18.464s] -- Up-to-date: /home/mm/longshan12_2/install/myrviz/share/myrviz/environment/ament_prefix_path.sh
[18.464s] -- Up-to-date: /home/mm/longshan12_2/install/myrviz/share/myrviz/environment/ament_prefix_path.dsv
[18.465s] -- Up-to-date: /home/mm/longshan12_2/install/myrviz/share/myrviz/environment/path.sh
[18.465s] -- Up-to-date: /home/mm/longshan12_2/install/myrviz/share/myrviz/environment/path.dsv
[18.465s] -- Up-to-date: /home/mm/longshan12_2/install/myrviz/share/myrviz/local_setup.bash
[18.465s] -- Up-to-date: /home/mm/longshan12_2/install/myrviz/share/myrviz/local_setup.sh
[18.465s] -- Up-to-date: /home/mm/longshan12_2/install/myrviz/share/myrviz/local_setup.zsh
[18.466s] -- Up-to-date: /home/mm/longshan12_2/install/myrviz/share/myrviz/local_setup.dsv
[18.466s] -- Installing: /home/mm/longshan12_2/install/myrviz/share/myrviz/package.dsv
[18.466s] -- Up-to-date: /home/mm/longshan12_2/install/myrviz/share/ament_index/resource_index/packages/myrviz
[18.466s] -- Up-to-date: /home/mm/longshan12_2/install/myrviz/share/myrviz/cmake/myrvizConfig.cmake
[18.466s] -- Up-to-date: /home/mm/longshan12_2/install/myrviz/share/myrviz/cmake/myrvizConfig-version.cmake
[18.467s] -- Up-to-date: /home/mm/longshan12_2/install/myrviz/share/myrviz/package.xml
[18.470s] Invoked command in '/home/mm/longshan12_2/build/myrviz' returned '0': CMAKE_PREFIX_PATH=/opt/ros/foxy /usr/bin/cmake --install /home/mm/longshan12_2/build/myrviz
