[0.047s] Invoking command in '/home/mm/longshan12_2/build/control': CMAKE_PREFIX_PATH=/opt/ros/foxy /usr/bin/cmake --build /home/mm/longshan12_2/build/control -- -j4 -l4
[0.332s] [35m[1mScanning dependencies of target control_node[0m
[0.584s] [  7%] [32mBuilding CXX object CMakeFiles/control_node.dir/src/KineMPCControler.cpp.o[0m
[0.596s] [ 15%] [32mBuilding CXX object CMakeFiles/control_node.dir/src/control_node.cpp.o[0m
[2.735s] [01m[K/home/mm/longshan12_2/src/control/src/KineMPCControler.cpp:[m[K In member function ‘[01m[Kbool KineMPCController::ComputeControlCommand(std::tuple<double, double, double, double>&, std::tuple<double, double, double, double>&, std::vector<double>&)[m[K’:
[2.735s] [01m[K/home/mm/longshan12_2/src/control/src/KineMPCControler.cpp:85:22:[m[K [01;35m[Kwarning: [m[Kunused variable ‘[01m[Kmax_acceleration_[m[K’ [[01;35m[K-Wunused-variable[m[K]
[2.735s]    85 |     constexpr double [01;35m[Kmax_acceleration_[m[K = 3.0;
[2.735s]       |                      [01;35m[K^~~~~~~~~~~~~~~~~[m[K
[5.449s] [01m[K/home/mm/longshan12_2/src/control/src/control_node.cpp:[m[K In member function ‘[01m[Kvoid control_node::gps_callback(std_msgs::msg::Float64MultiArray_<std::allocator<void> >::SharedPtr)[m[K’:
[5.449s] [01m[K/home/mm/longshan12_2/src/control/src/control_node.cpp:152:76:[m[K [01;31m[Kerror: [m[Kexpected ‘[01m[K;[m[K’ before ‘[01m[Kvehicle_state[m[K’
[5.449s]   152 |                             std::make_tuple<double, double, double, double>[01;31m[K [m[K[32m[Kvehicle_state[m[K = {car(0), car(1), tool::normalizeAngle(tool::d2r(car(3))), car(2)};
[5.450s]       |                                                                            [01;31m[K^[m[K[32m[K~~~~~~~~~~~~~[m[K
[5.450s]       |                                                                            [32m[K;[m[K
[5.450s] [01m[K/home/mm/longshan12_2/src/control/src/control_node.cpp:152:34:[m[K [01;35m[Kwarning: [m[Kstatement is a reference, not call, to function ‘[01m[Kstd::make_tuple<double, double, double, double>[m[K’ [[01;35m[K-Waddress[m[K]
[5.450s]   152 |                             [01;35m[Kstd::make_tuple<double, double, double, double>[m[K vehicle_state = {car(0), car(1), tool::normalizeAngle(tool::d2r(car(3))), car(2)};
[5.450s]       |                             [01;35m[K~~~~~^~~~~~~~~~~~~~~~~~~~~~~~~~~~~~~~~~~~~~~~~~[m[K
[5.450s] [01m[K/home/mm/longshan12_2/src/control/src/control_node.cpp:152:34:[m[K [01;35m[Kwarning: [m[Kstatement has no effect [[01;35m[K-Wunused-value[m[K]
[5.450s] [01m[K/home/mm/longshan12_2/src/control/src/control_node.cpp:153:76:[m[K [01;31m[Kerror: [m[Kexpected ‘[01m[K;[m[K’ before ‘[01m[Kreference_point[m[K’
[5.450s]   153 |                             std::make_tuple<double, double, double, double>[01;31m[K [m[K[32m[Kreference_point[m[K = {optTrajxy(0,closestIndex), optTrajxy(1,closestIndex),
[5.450s]       |                                                                            [01;31m[K^[m[K[32m[K~~~~~~~~~~~~~~~[m[K
[5.450s]       |                                                                            [32m[K;[m[K
[5.450s] [01m[K/home/mm/longshan12_2/src/control/src/control_node.cpp:153:34:[m[K [01;35m[Kwarning: [m[Kstatement is a reference, not call, to function ‘[01m[Kstd::make_tuple<double, double, double, double>[m[K’ [[01;35m[K-Waddress[m[K]
[5.450s]   153 |                             [01;35m[Kstd::make_tuple<double, double, double, double>[m[K reference_point = {optTrajxy(0,closestIndex), optTrajxy(1,closestIndex),
[5.451s]       |                             [01;35m[K~~~~~^~~~~~~~~~~~~~~~~~~~~~~~~~~~~~~~~~~~~~~~~~[m[K
[5.451s] [01m[K/home/mm/longshan12_2/src/control/src/control_node.cpp:153:34:[m[K [01;35m[Kwarning: [m[Kstatement has no effect [[01;35m[K-Wunused-value[m[K]
[5.453s] [01m[K/home/mm/longshan12_2/src/control/src/control_node.cpp:156:59:[m[K [01;31m[Kerror: [m[K‘[01m[Kvehicle_state[m[K’ was not declared in this scope; did you mean ‘[01m[KVehicleState[m[K’?
[5.453s]   156 |                             if (mpc.ComputeControlCommand([01;31m[Kvehicle_state[m[K, reference_point,cmd)){
[5.453s]       |                                                           [01;31m[K^~~~~~~~~~~~~[m[K
[5.454s]       |                                                           [32m[KVehicleState[m[K
[5.457s] [01m[K/home/mm/longshan12_2/src/control/src/control_node.cpp:156:74:[m[K [01;31m[Kerror: [m[K‘[01m[Kreference_point[m[K’ was not declared in this scope
[5.457s]   156 |                             if (mpc.ComputeControlCommand(vehicle_state, [01;31m[Kreference_point[m[K,cmd)){
[5.457s]       |                                                                          [01;31m[K^~~~~~~~~~~~~~~[m[K
[5.466s] [01m[K/home/mm/longshan12_2/src/control/src/control_node.cpp:129:36:[m[K [01;35m[Kwarning: [m[Kunused variable ‘[01m[KdeltaX[m[K’ [[01;35m[K-Wunused-variable[m[K]
[5.466s]   129 |                             double [01;35m[KdeltaX[m[K =  dx;
[5.466s]       |                                    [01;35m[K^~~~~~[m[K
[5.466s] [01m[K/home/mm/longshan12_2/src/control/src/control_node.cpp:130:36:[m[K [01;35m[Kwarning: [m[Kunused variable ‘[01m[KdeltaY[m[K’ [[01;35m[K-Wunused-variable[m[K]
[5.466s]   130 |                             double [01;35m[KdeltaY[m[K =  dy;
[5.467s]       |                                    [01;35m[K^~~~~~[m[K
[5.467s] [01m[K/home/mm/longshan12_2/src/control/src/control_node.cpp:131:36:[m[K [01;35m[Kwarning: [m[Kunused variable ‘[01m[KdeltaYAW[m[K’ [[01;35m[K-Wunused-variable[m[K]
[5.467s]   131 |                             double [01;35m[KdeltaYAW[m[K = tool::normalizeAngle(tool::d2r(car(3)) - theta);
[5.467s]       |                                    [01;35m[K^~~~~~~~[m[K
[9.209s] make[2]: *** [CMakeFiles/control_node.dir/build.make:76：CMakeFiles/control_node.dir/src/control_node.cpp.o] 错误 1
[9.211s] make[1]: *** [CMakeFiles/Makefile2:78：CMakeFiles/control_node.dir/all] 错误 2
[9.211s] make: *** [Makefile:141：all] 错误 2
[9.215s] Invoked command in '/home/mm/longshan12_2/build/control' returned '2': CMAKE_PREFIX_PATH=/opt/ros/foxy /usr/bin/cmake --build /home/mm/longshan12_2/build/control -- -j4 -l4
