[0.065s] Invoking command in '/home/mm/longshan12_2/build/control': CMAKE_PREFIX_PATH=/opt/ros/foxy /usr/bin/cmake --build /home/mm/longshan12_2/build/control -- -j4 -l4
[0.351s] [100%] Built target control_node
[0.431s] Invoked command in '/home/mm/longshan12_2/build/control' returned '0': CMAKE_PREFIX_PATH=/opt/ros/foxy /usr/bin/cmake --build /home/mm/longshan12_2/build/control -- -j4 -l4
[0.698s] Invoking command in '/home/mm/longshan12_2/build/control': CMAKE_PREFIX_PATH=/opt/ros/foxy /usr/bin/cmake --install /home/mm/longshan12_2/build/control
[0.729s] -- Install configuration: ""
[0.729s] -- Up-to-date: /home/mm/longshan12_2/install/control/lib/control/control_node
[0.731s] -- Up-to-date: /home/mm/longshan12_2/install/control/share/control/launch
[0.732s] -- Up-to-date: /home/mm/longshan12_2/install/control/share/control/launch/control.launch.py
[0.732s] -- Up-to-date: /home/mm/longshan12_2/install/control/share/ament_index/resource_index/package_run_dependencies/control
[0.732s] -- Up-to-date: /home/mm/longshan12_2/install/control/share/ament_index/resource_index/parent_prefix_path/control
[0.732s] -- Up-to-date: /home/mm/longshan12_2/install/control/share/control/environment/ament_prefix_path.sh
[0.733s] -- Up-to-date: /home/mm/longshan12_2/install/control/share/control/environment/ament_prefix_path.dsv
[0.734s] -- Up-to-date: /home/mm/longshan12_2/install/control/share/control/environment/path.sh
[0.734s] -- Up-to-date: /home/mm/longshan12_2/install/control/share/control/environment/path.dsv
[0.735s] -- Up-to-date: /home/mm/longshan12_2/install/control/share/control/local_setup.bash
[0.735s] -- Up-to-date: /home/mm/longshan12_2/install/control/share/control/local_setup.sh
[0.735s] -- Up-to-date: /home/mm/longshan12_2/install/control/share/control/local_setup.zsh
[0.735s] -- Up-to-date: /home/mm/longshan12_2/install/control/share/control/local_setup.dsv
[0.735s] -- Installing: /home/mm/longshan12_2/install/control/share/control/package.dsv
[0.736s] -- Up-to-date: /home/mm/longshan12_2/install/control/share/ament_index/resource_index/packages/control
[0.736s] -- Up-to-date: /home/mm/longshan12_2/install/control/share/control/cmake/controlConfig.cmake
[0.736s] -- Up-to-date: /home/mm/longshan12_2/install/control/share/control/cmake/controlConfig-version.cmake
[0.736s] -- Up-to-date: /home/mm/longshan12_2/install/control/share/control/package.xml
[0.737s] Invoked command in '/home/mm/longshan12_2/build/control' returned '0': CMAKE_PREFIX_PATH=/opt/ros/foxy /usr/bin/cmake --install /home/mm/longshan12_2/build/control
