-- The C compiler identification is GNU 9.4.0
-- The CXX compiler identification is GNU 9.4.0
-- Check for working C compiler: /usr/bin/cc
-- Check for working C compiler: /usr/bin/cc -- works
-- Detecting C compiler ABI info
-- Detecting C compiler ABI info - done
-- Detecting C compile features
-- Detecting C compile features - done
-- Check for working CXX compiler: /usr/bin/c++
-- Check for working CXX compiler: /usr/bin/c++ -- works
-- Detecting CXX compiler ABI info
-- Detecting CXX compiler ABI info - done
-- Detecting CXX compile features
-- Detecting CXX compile features - done
-- Found ament_cmake: 0.9.12 (/opt/ros/foxy/share/ament_cmake/cmake)
-- Found PythonInterp: /usr/bin/python3 (found suitable version "3.8.10", minimum required is "3") 
-- Using PYTHON_EXECUTABLE: /usr/bin/python3
-- Found rclcpp: 2.4.3 (/opt/ros/foxy/share/rclcpp/cmake)
-- Using all available rosidl_typesupport_c: rosidl_typesupport_fastrtps_c;rosidl_typesupport_introspection_c
-- Found rosidl_adapter: 1.3.1 (/opt/ros/foxy/share/rosidl_adapter/cmake)
-- Found OpenSSL: /usr/lib/x86_64-linux-gnu/libcrypto.so (found version "1.1.1f")  
-- Found FastRTPS: /opt/ros/foxy/include  
-- Using all available rosidl_typesupport_cpp: rosidl_typesupport_fastrtps_cpp;rosidl_typesupport_introspection_cpp
-- Found rmw_implementation_cmake: 1.0.4 (/opt/ros/foxy/share/rmw_implementation_cmake/cmake)
-- Using RMW implementation 'rmw_fastrtps_cpp' as default
-- Looking for pthread.h
-- Looking for pthread.h - found
-- Performing Test CMAKE_HAVE_LIBC_PTHREAD
-- Performing Test CMAKE_HAVE_LIBC_PTHREAD - Failed
-- Looking for pthread_create in pthreads
-- Looking for pthread_create in pthreads - not found
-- Looking for pthread_create in pthread
-- Looking for pthread_create in pthread - found
-- Found Threads: TRUE  
-- Found sensor_msgs: 2.0.5 (/opt/ros/foxy/share/sensor_msgs/cmake)
-- Found message_filters: 3.2.7 (/opt/ros/foxy/share/message_filters/cmake)
-- Found vision_msgs: 2.0.0 (/opt/ros/foxy/share/vision_msgs/cmake)
-- Found visualization_msgs: 2.0.5 (/opt/ros/foxy/share/visualization_msgs/cmake)
-- Found tf2_ros: 0.13.14 (/opt/ros/foxy/share/tf2_ros/cmake)
-- Found OpenCV: /usr (found version "4.2.0") 
-- Checking for module 'eigen3'
--   Found eigen3, version 3.3.7
-- Found Eigen: /usr/include/eigen3 (Required is at least version "3.1") 
-- Eigen found (include: /usr/include/eigen3, version: 3.3.7)
-- Found Boost: /usr/include (found suitable version "1.71.0", minimum required is "1.55.0") found components: system filesystem date_time iostreams regex 
-- Checking for module 'flann'
--   Found flann, version 1.9.1
-- Found FLANN: /usr/lib/x86_64-linux-gnu/libflann_cpp.so  
-- The imported target "vtkParseOGLExt" references the file
   "/usr/bin/vtkParseOGLExt-7.1"
but this file does not exist.  Possible reasons include:
* The file was deleted, renamed, or moved to another location.
* An install or uninstall procedure did not complete successfully.
* The installation package was faulty and contained
   "/usr/lib/cmake/vtk-7.1/VTKTargets.cmake"
but not all the files it references.

-- The imported target "vtkRenderingPythonTkWidgets" references the file
   "/usr/lib/x86_64-linux-gnu/libvtkRenderingPythonTkWidgets.so"
but this file does not exist.  Possible reasons include:
* The file was deleted, renamed, or moved to another location.
* An install or uninstall procedure did not complete successfully.
* The installation package was faulty and contained
   "/usr/lib/cmake/vtk-7.1/VTKTargets.cmake"
but not all the files it references.

-- The imported target "vtk" references the file
   "/usr/bin/vtk"
but this file does not exist.  Possible reasons include:
* The file was deleted, renamed, or moved to another location.
* An install or uninstall procedure did not complete successfully.
* The installation package was faulty and contained
   "/usr/lib/cmake/vtk-7.1/VTKTargets.cmake"
but not all the files it references.

-- The imported target "pvtk" references the file
   "/usr/bin/pvtk"
but this file does not exist.  Possible reasons include:
* The file was deleted, renamed, or moved to another location.
* An install or uninstall procedure did not complete successfully.
* The installation package was faulty and contained
   "/usr/lib/cmake/vtk-7.1/VTKTargets.cmake"
but not all the files it references.

-- Checking for module 'libusb-1.0'
--   Found libusb-1.0, version 1.0.23
-- Found USB_10: /usr/lib/x86_64-linux-gnu/libusb-1.0.so  
-- Found OpenNI: /usr/lib/libOpenNI.so  
-- OpenNI found (include: /usr/include/ni, lib: /usr/lib/libOpenNI.so)
-- Found OpenNI2: /usr/lib/libOpenNI2.so  
-- OpenNI2 found (include: /usr/include/openni2, lib: /usr/lib/libOpenNI2.so)
** WARNING ** io features related to pcap will be disabled
** WARNING ** io features related to png will be disabled
-- Found libusb-1.0: /usr/include  
** WARNING ** io features related to libusb-1.0 will be disabled
-- OpenNI found (include: /usr/include/ni, lib: /usr/lib/libOpenNI.so)
-- OpenNI2 found (include: /usr/include/openni2, lib: /usr/lib/libOpenNI2.so)
-- Found Qhull: optimized;/usr/lib/x86_64-linux-gnu/libqhull.so;debug;/usr/lib/x86_64-linux-gnu/libqhull.so  
-- QHULL found (include: /usr/include, lib: optimized;/usr/lib/x86_64-linux-gnu/libqhull.so;debug;/usr/lib/x86_64-linux-gnu/libqhull.so)
-- OpenNI found (include: /usr/include/ni, lib: /usr/lib/libOpenNI.so)
-- looking for PCL_COMMON
-- Found PCL_COMMON: /usr/lib/x86_64-linux-gnu/libpcl_common.so  
-- looking for PCL_KDTREE
-- Found PCL_KDTREE: /usr/lib/x86_64-linux-gnu/libpcl_kdtree.so  
-- looking for PCL_OCTREE
-- Found PCL_OCTREE: /usr/lib/x86_64-linux-gnu/libpcl_octree.so  
-- looking for PCL_SEARCH
-- Found PCL_SEARCH: /usr/lib/x86_64-linux-gnu/libpcl_search.so  
-- looking for PCL_SAMPLE_CONSENSUS
-- Found PCL_SAMPLE_CONSENSUS: /usr/lib/x86_64-linux-gnu/libpcl_sample_consensus.so  
-- looking for PCL_FILTERS
-- Found PCL_FILTERS: /usr/lib/x86_64-linux-gnu/libpcl_filters.so  
-- looking for PCL_2D
-- Found PCL_2D: /usr/include/pcl-1.10  
-- looking for PCL_GEOMETRY
-- Found PCL_GEOMETRY: /usr/include/pcl-1.10  
-- looking for PCL_IO
-- Found PCL_IO: /usr/lib/x86_64-linux-gnu/libpcl_io.so  
-- looking for PCL_FEATURES
-- Found PCL_FEATURES: /usr/lib/x86_64-linux-gnu/libpcl_features.so  
-- looking for PCL_ML
-- Found PCL_ML: /usr/lib/x86_64-linux-gnu/libpcl_ml.so  
-- looking for PCL_SEGMENTATION
-- Found PCL_SEGMENTATION: /usr/lib/x86_64-linux-gnu/libpcl_segmentation.so  
-- looking for PCL_VISUALIZATION
-- Found PCL_VISUALIZATION: /usr/lib/x86_64-linux-gnu/libpcl_visualization.so  
-- looking for PCL_SURFACE
-- Found PCL_SURFACE: /usr/lib/x86_64-linux-gnu/libpcl_surface.so  
-- looking for PCL_REGISTRATION
-- Found PCL_REGISTRATION: /usr/lib/x86_64-linux-gnu/libpcl_registration.so  
-- looking for PCL_KEYPOINTS
-- Found PCL_KEYPOINTS: /usr/lib/x86_64-linux-gnu/libpcl_keypoints.so  
-- looking for PCL_TRACKING
-- Found PCL_TRACKING: /usr/lib/x86_64-linux-gnu/libpcl_tracking.so  
-- looking for PCL_RECOGNITION
-- Found PCL_RECOGNITION: /usr/lib/x86_64-linux-gnu/libpcl_recognition.so  
-- looking for PCL_STEREO
-- Found PCL_STEREO: /usr/lib/x86_64-linux-gnu/libpcl_stereo.so  
-- looking for PCL_APPS
-- Found PCL_APPS: /usr/lib/x86_64-linux-gnu/libpcl_apps.so  
-- looking for PCL_IN_HAND_SCANNER
-- Found PCL_IN_HAND_SCANNER: /usr/include/pcl-1.10  
-- looking for PCL_POINT_CLOUD_EDITOR
-- Found PCL_POINT_CLOUD_EDITOR: /usr/include/pcl-1.10  
-- looking for PCL_OUTOFCORE
-- Found PCL_OUTOFCORE: /usr/lib/x86_64-linux-gnu/libpcl_outofcore.so  
-- looking for PCL_PEOPLE
-- Found PCL_PEOPLE: /usr/lib/x86_64-linux-gnu/libpcl_people.so  
-- Found PCL: pcl_common;pcl_kdtree;pcl_octree;pcl_search;pcl_sample_consensus;pcl_filters;pcl_io;pcl_features;pcl_ml;pcl_segmentation;pcl_visualization;pcl_surface;pcl_registration;pcl_keypoints;pcl_tracking;pcl_recognition;pcl_stereo;pcl_apps;pcl_outofcore;pcl_people;/usr/lib/x86_64-linux-gnu/libboost_system.so;/usr/lib/x86_64-linux-gnu/libboost_filesystem.so;/usr/lib/x86_64-linux-gnu/libboost_date_time.so;/usr/lib/x86_64-linux-gnu/libboost_iostreams.so;/usr/lib/x86_64-linux-gnu/libboost_regex.so;optimized;/usr/lib/x86_64-linux-gnu/libqhull.so;debug;/usr/lib/x86_64-linux-gnu/libqhull.so;/usr/lib/libOpenNI.so;/usr/lib/libOpenNI2.so;vtkChartsCore;vtkCommonColor;vtkCommonCore;vtksys;vtkCommonDataModel;vtkCommonMath;vtkCommonMisc;vtkCommonSystem;vtkCommonTransforms;vtkCommonExecutionModel;vtkFiltersGeneral;vtkCommonComputationalGeometry;vtkFiltersCore;vtkInfovisCore;vtkFiltersExtraction;vtkFiltersStatistics;vtkImagingFourier;vtkImagingCore;vtkalglib;vtkRenderingContext2D;vtkRenderingCore;vtkFiltersGeometry;vtkFiltersSources;vtkRenderingFreeType;/usr/lib/x86_64-linux-gnu/libfreetype.so;/usr/lib/x86_64-linux-gnu/libz.so;vtkFiltersModeling;vtkImagingSources;vtkInteractionStyle;vtkInteractionWidgets;vtkFiltersHybrid;vtkImagingColor;vtkImagingGeneral;vtkImagingHybrid;vtkIOImage;vtkDICOMParser;vtkmetaio;/usr/lib/x86_64-linux-gnu/libjpeg.so;/usr/lib/x86_64-linux-gnu/libpng.so;/usr/lib/x86_64-linux-gnu/libtiff.so;vtkRenderingAnnotation;vtkRenderingVolume;vtkIOXML;vtkIOCore;vtkIOXMLParser;/usr/lib/x86_64-linux-gnu/libexpat.so;vtkIOGeometry;vtkIOLegacy;vtkIOPLY;vtkRenderingLOD;vtkViewsContext2D;vtkViewsCore;vtkRenderingContextOpenGL2;vtkRenderingOpenGL2;FLANN::FLANN  
-- Found pcl_conversions: 2.2.1 (/opt/ros/foxy/share/pcl_conversions/cmake)
-- Found image_geometry: 3.0.7 (/opt/ros/foxy/share/image_geometry/cmake)
-- Found ament_lint_auto: 0.9.8 (/opt/ros/foxy/share/ament_lint_auto/cmake)
-- Added test 'cppcheck' to perform static code analysis on C / C++ code
-- Configured cppcheck include dirs: /home/mm/longshan12_2/src/lidar_processing/include
-- Configured cppcheck exclude dirs and/or files: 
-- Added test 'flake8' to check Python code syntax and style conventions
-- Added test 'lint_cmake' to check CMake code style
-- Added test 'pep257' to check Python code against some of the style conventions in PEP 257
-- Added test 'uncrustify' to check C / C++ code style
-- Configured uncrustify additional arguments: 
-- Added test 'xmllint' to check XML markup files
-- Configuring done
-- Generating done
-- Build files have been written to: /home/mm/longshan12_2/build/lidar_processing
[35m[1mScanning dependencies of target Lidar_Processing_node[0m
[ 50%] [32mBuilding CXX object CMakeFiles/Lidar_Processing_node.dir/src/Processing_lidar.cpp.o[0m
[01m[K/home/mm/longshan12_2/src/lidar_processing/src/Processing_lidar.cpp:[m[K In member function ‘[01m[Kvoid Processing_lidar::pointCloudCallback(sensor_msgs::msg::PointCloud2_<std::allocator<void> >::SharedPtr)[m[K’:
[01m[K/home/mm/longshan12_2/src/lidar_processing/src/Processing_lidar.cpp:126:12:[m[K [01;35m[Kwarning: [m[Kunused variable ‘[01m[Ksync_duration_ms[m[K’ [[01;35m[K-Wunused-variable[m[K]
  126 |     double [01;35m[Ksync_duration_ms[m[K = std::chrono::duration_cast<std::chrono::nanoseconds>(Clock::now() - m_sync_start_time_).count() / 1e6;
      |            [01;35m[K^~~~~~~~~~~~~~~~[m[K
In file included from [01m[K/home/mm/longshan12_2/src/lidar_processing/src/Processing_lidar.cpp:40[m[K:
/home/mm/longshan12_2/src/lidar_processing/src/obstacle_detector.hpp: In instantiation of ‘[01m[KBox lidar_obstacle_detector::ObstacleDetector<PointT>::pcaBoundingBox(typename pcl::PointCloud<PointT>::Ptr&, int) [with PointT = pcl::PointXYZ; typename pcl::PointCloud<PointT>::Ptr = boost::shared_ptr<pcl::PointCloud<pcl::PointXYZ> >][m[K’:
[01m[K/home/mm/longshan12_2/src/lidar_processing/src/Processing_lidar.cpp:138:66:[m[K   required from here
[01m[K/home/mm/longshan12_2/src/lidar_processing/src/obstacle_detector.hpp:247:15:[m[K [01;35m[Kwarning: [m[Kunused variable ‘[01m[Kbox_z[m[K’ [[01;35m[K-Wunused-variable[m[K]
  247 |   const float [01;35m[Kbox_z[m[K = (max_pt.z + min_pt.z)/2;
      |               [01;35m[K^~~~~[m[K
/home/mm/longshan12_2/src/lidar_processing/src/obstacle_detector.hpp: In instantiation of ‘[01m[Kvoid lidar_obstacle_detector::ObstacleDetector<PointT>::obstacleTracking(const std::vector<Box>&, std::vector<Box>&, float, float) [with PointT = pcl::PointXYZ][m[K’:
[01m[K/home/mm/longshan12_2/src/lidar_processing/src/Processing_lidar.cpp:150:102:[m[K   required from here
[01m[K/home/mm/longshan12_2/src/lidar_processing/src/obstacle_detector.hpp:307:23:[m[K [01;35m[Kwarning: [m[Kcomparison of integer expressions of different signedness: ‘[01m[Kint[m[K’ and ‘[01m[Kstd::vector<int>::size_type[m[K’ {aka ‘[01m[Klong unsigned int[m[K’} [[01;35m[K-Wsign-compare[m[K]
  307 |     for (int j = 0; [01;35m[Kj < matches.size()[m[K; ++j)
      |                     [01;35m[K~~^~~~~~~~~~~~~~~~[m[K
/home/mm/longshan12_2/src/lidar_processing/src/obstacle_detector.hpp: In instantiation of ‘[01m[Kstd::vector<std::vector<int> > lidar_obstacle_detector::ObstacleDetector<PointT>::connectionMatrix(const std::vector<std::vector<int> >&, std::vector<int>&, std::vector<int>&) [with PointT = pcl::PointXYZ][m[K’:
[01m[K/home/mm/longshan12_2/src/lidar_processing/src/obstacle_detector.hpp:302:30:[m[K   required from ‘[01m[Kvoid lidar_obstacle_detector::ObstacleDetector<PointT>::obstacleTracking(const std::vector<Box>&, std::vector<Box>&, float, float) [with PointT = pcl::PointXYZ][m[K’
[01m[K/home/mm/longshan12_2/src/lidar_processing/src/Processing_lidar.cpp:150:102:[m[K   required from here
[01m[K/home/mm/longshan12_2/src/lidar_processing/src/obstacle_detector.hpp:401:23:[m[K [01;35m[Kwarning: [m[Kcomparison of integer expressions of different signedness: ‘[01m[Kint[m[K’ and ‘[01m[Kstd::vector<int>::size_type[m[K’ {aka ‘[01m[Klong unsigned int[m[K’} [[01;35m[K-Wsign-compare[m[K]
  401 |     for (int i = 0; [01;35m[Ki < left.size()[m[K; ++i)
      |                     [01;35m[K~~^~~~~~~~~~~~~[m[K
[01m[K/home/mm/longshan12_2/src/lidar_processing/src/obstacle_detector.hpp:408:23:[m[K [01;35m[Kwarning: [m[Kcomparison of integer expressions of different signedness: ‘[01m[Kint[m[K’ and ‘[01m[Kstd::vector<int>::size_type[m[K’ {aka ‘[01m[Klong unsigned int[m[K’} [[01;35m[K-Wsign-compare[m[K]
  408 |     for (int i = 0; [01;35m[Ki < right.size()[m[K; ++i)
      |                     [01;35m[K~~^~~~~~~~~~~~~~[m[K
/home/mm/longshan12_2/src/lidar_processing/src/obstacle_detector.hpp: In instantiation of ‘[01m[Kstd::vector<int> lidar_obstacle_detector::ObstacleDetector<PointT>::hungarian(const std::vector<std::vector<int> >&) [with PointT = pcl::PointXYZ][m[K’:
[01m[K/home/mm/longshan12_2/src/lidar_processing/src/obstacle_detector.hpp:305:15:[m[K   required from ‘[01m[Kvoid lidar_obstacle_detector::ObstacleDetector<PointT>::obstacleTracking(const std::vector<Box>&, std::vector<Box>&, float, float) [with PointT = pcl::PointXYZ][m[K’
[01m[K/home/mm/longshan12_2/src/lidar_processing/src/Processing_lidar.cpp:150:102:[m[K   required from here
[01m[K/home/mm/longshan12_2/src/lidar_processing/src/obstacle_detector.hpp:446:21:[m[K [01;35m[Kwarning: [m[Kcomparison of integer expressions of different signedness: ‘[01m[Kint[m[K’ and ‘[01m[Kstd::vector<std::vector<int> >::size_type[m[K’ {aka ‘[01m[Klong unsigned int[m[K’} [[01;35m[K-Wsign-compare[m[K]
  446 |   for (int i = 0; [01;35m[Ki < connection_matrix.size()[m[K; ++i)
      |                   [01;35m[K~~^~~~~~~~~~~~~~~~~~~~~~~~~~[m[K
/home/mm/longshan12_2/src/lidar_processing/src/obstacle_detector.hpp: In instantiation of ‘[01m[Kint lidar_obstacle_detector::ObstacleDetector<PointT>::searchBoxIndex(const std::vector<Box>&, int) [with PointT = pcl::PointXYZ][m[K’:
[01m[K/home/mm/longshan12_2/src/lidar_processing/src/obstacle_detector.hpp:311:30:[m[K   required from ‘[01m[Kvoid lidar_obstacle_detector::ObstacleDetector<PointT>::obstacleTracking(const std::vector<Box>&, std::vector<Box>&, float, float) [with PointT = pcl::PointXYZ][m[K’
[01m[K/home/mm/longshan12_2/src/lidar_processing/src/Processing_lidar.cpp:150:102:[m[K   required from here
[01m[K/home/mm/longshan12_2/src/lidar_processing/src/obstacle_detector.hpp:460:21:[m[K [01;35m[Kwarning: [m[Kcomparison of integer expressions of different signedness: ‘[01m[Kint[m[K’ and ‘[01m[Kstd::vector<Box>::size_type[m[K’ {aka ‘[01m[Klong unsigned int[m[K’} [[01;35m[K-Wsign-compare[m[K]
  460 |   for (int i = 0; [01;35m[Ki < boxes.size()[m[K; i++)
      |                   [01;35m[K~~^~~~~~~~~~~~~~[m[K
/home/mm/longshan12_2/src/lidar_processing/src/obstacle_detector.hpp: In instantiation of ‘[01m[Kbool lidar_obstacle_detector::ObstacleDetector<PointT>::hungarianFind(int, const std::vector<std::vector<int> >&, std::vector<bool, std::allocator<bool> >&, std::vector<int>&) [with PointT = pcl::PointXYZ][m[K’:
[01m[K/home/mm/longshan12_2/src/lidar_processing/src/obstacle_detector.hpp:448:9:[m[K   required from ‘[01m[Kstd::vector<int> lidar_obstacle_detector::ObstacleDetector<PointT>::hungarian(const std::vector<std::vector<int> >&) [with PointT = pcl::PointXYZ][m[K’
[01m[K/home/mm/longshan12_2/src/lidar_processing/src/obstacle_detector.hpp:305:15:[m[K   required from ‘[01m[Kvoid lidar_obstacle_detector::ObstacleDetector<PointT>::obstacleTracking(const std::vector<Box>&, std::vector<Box>&, float, float) [with PointT = pcl::PointXYZ][m[K’
[01m[K/home/mm/longshan12_2/src/lidar_processing/src/Processing_lidar.cpp:150:102:[m[K   required from here
[01m[K/home/mm/longshan12_2/src/lidar_processing/src/obstacle_detector.hpp:424:21:[m[K [01;35m[Kwarning: [m[Kcomparison of integer expressions of different signedness: ‘[01m[Kint[m[K’ and ‘[01m[Kstd::vector<int>::size_type[m[K’ {aka ‘[01m[Klong unsigned int[m[K’} [[01;35m[K-Wsign-compare[m[K]
  424 |   for (int j = 0; [01;35m[Kj < connection_matrix[0].size()[m[K; ++j)
      |                   [01;35m[K~~^~~~~~~~~~~~~~~~~~~~~~~~~~~~~[m[K
[01m[K/home/mm/longshan12_2/src/lidar_processing/src/obstacle_detector.hpp:[m[K In member function ‘[01m[Kbool lidar_obstacle_detector::ObstacleDetector<PointT>::hungarianFind(int, const std::vector<std::vector<int> >&, std::vector<bool, std::allocator<bool> >&, std::vector<int>&) [with PointT = pcl::PointXYZ][m[K’:
[01m[K/home/mm/longshan12_2/src/lidar_processing/src/obstacle_detector.hpp:437:1:[m[K [01;35m[Kwarning: [m[Kcontrol reaches end of non-void function [[01;35m[K-Wreturn-type[m[K]
  437 | [01;35m[K}[m[K
      | [01;35m[K^[m[K
[100%] [32m[1mLinking CXX executable Lidar_Processing_node[0m
[100%] Built target Lidar_Processing_node
-- Install configuration: ""
-- Installing: /home/mm/longshan12_2/install/lidar_processing/lib/lidar_processing/Lidar_Processing_node
-- Set runtime path of "/home/mm/longshan12_2/install/lidar_processing/lib/lidar_processing/Lidar_Processing_node" to ""
-- Installing: /home/mm/longshan12_2/install/lidar_processing/share/lidar_processing/launch
-- Installing: /home/mm/longshan12_2/install/lidar_processing/share/lidar_processing/launch/lidar_Processing.launch.py
-- Installing: /home/mm/longshan12_2/install/lidar_processing/share/lidar_processing/src
-- Installing: /home/mm/longshan12_2/install/lidar_processing/share/lidar_processing/src/Processing_lidar.cpp
-- Installing: /home/mm/longshan12_2/install/lidar_processing/share/lidar_processing/src/box.hpp
-- Installing: /home/mm/longshan12_2/install/lidar_processing/share/lidar_processing/src/obstacle_detector.hpp
-- Installing: /home/mm/longshan12_2/install/lidar_processing/share/ament_index/resource_index/package_run_dependencies/lidar_processing
-- Installing: /home/mm/longshan12_2/install/lidar_processing/share/ament_index/resource_index/parent_prefix_path/lidar_processing
-- Installing: /home/mm/longshan12_2/install/lidar_processing/share/lidar_processing/environment/ament_prefix_path.sh
-- Installing: /home/mm/longshan12_2/install/lidar_processing/share/lidar_processing/environment/ament_prefix_path.dsv
-- Installing: /home/mm/longshan12_2/install/lidar_processing/share/lidar_processing/environment/path.sh
-- Installing: /home/mm/longshan12_2/install/lidar_processing/share/lidar_processing/environment/path.dsv
-- Installing: /home/mm/longshan12_2/install/lidar_processing/share/lidar_processing/local_setup.bash
-- Installing: /home/mm/longshan12_2/install/lidar_processing/share/lidar_processing/local_setup.sh
-- Installing: /home/mm/longshan12_2/install/lidar_processing/share/lidar_processing/local_setup.zsh
-- Installing: /home/mm/longshan12_2/install/lidar_processing/share/lidar_processing/local_setup.dsv
-- Installing: /home/mm/longshan12_2/install/lidar_processing/share/lidar_processing/package.dsv
-- Installing: /home/mm/longshan12_2/install/lidar_processing/share/ament_index/resource_index/packages/lidar_processing
-- Installing: /home/mm/longshan12_2/install/lidar_processing/share/lidar_processing/cmake/lidar_processingConfig.cmake
-- Installing: /home/mm/longshan12_2/install/lidar_processing/share/lidar_processing/cmake/lidar_processingConfig-version.cmake
-- Installing: /home/mm/longshan12_2/install/lidar_processing/share/lidar_processing/package.xml
