[0.010s] Invoking command in '/home/mm/longshan12_2/build/lidar_processing': CMAKE_PREFIX_PATH=/opt/ros/foxy /usr/bin/cmake /home/mm/longshan12_2/src/lidar_processing -DCMAKE_INSTALL_PREFIX=/home/mm/longshan12_2/install/lidar_processing
[0.097s] -- The C compiler identification is GNU 9.4.0
[0.152s] -- The CXX compiler identification is GNU 9.4.0
[0.155s] -- Check for working C compiler: /usr/bin/cc
[0.216s] -- Check for working C compiler: /usr/bin/cc -- works
[0.217s] -- Detecting C compiler ABI info
[0.295s] -- Detecting C compiler ABI info - done
[0.304s] -- Detecting C compile features
[0.304s] -- Detecting C compile features - done
[0.307s] -- Check for working CXX compiler: /usr/bin/c++
[0.387s] -- Check for working CXX compiler: /usr/bin/c++ -- works
[0.387s] -- Detecting CXX compiler ABI info
[0.469s] -- Detecting CXX compiler ABI info - done
[0.482s] -- Detecting CXX compile features
[0.483s] -- Detecting CXX compile features - done
[0.485s] -- Found ament_cmake: 0.9.12 (/opt/ros/foxy/share/ament_cmake/cmake)
[0.507s] -- Found PythonInterp: /usr/bin/python3 (found suitable version "3.8.10", minimum required is "3") 
[0.507s] -- Using PYTHON_EXECUTABLE: /usr/bin/python3
[0.810s] -- Found rclcpp: 2.4.3 (/opt/ros/foxy/share/rclcpp/cmake)
[0.847s] -- Using all available rosidl_typesupport_c: rosidl_typesupport_fastrtps_c;rosidl_typesupport_introspection_c
[0.853s] -- Found rosidl_adapter: 1.3.1 (/opt/ros/foxy/share/rosidl_adapter/cmake)
[0.918s] -- Found OpenSSL: /usr/lib/x86_64-linux-gnu/libcrypto.so (found version "1.1.1f")  
[0.942s] -- Found FastRTPS: /opt/ros/foxy/include  
[0.998s] -- Using all available rosidl_typesupport_cpp: rosidl_typesupport_fastrtps_cpp;rosidl_typesupport_introspection_cpp
[1.050s] -- Found rmw_implementation_cmake: 1.0.4 (/opt/ros/foxy/share/rmw_implementation_cmake/cmake)
[1.052s] -- Using RMW implementation 'rmw_fastrtps_cpp' as default
[1.054s] -- Looking for pthread.h
[1.124s] -- Looking for pthread.h - found
[1.125s] -- Performing Test CMAKE_HAVE_LIBC_PTHREAD
[1.196s] -- Performing Test CMAKE_HAVE_LIBC_PTHREAD - Failed
[1.196s] -- Looking for pthread_create in pthreads
[1.255s] -- Looking for pthread_create in pthreads - not found
[1.256s] -- Looking for pthread_create in pthread
[1.328s] -- Looking for pthread_create in pthread - found
[1.329s] -- Found Threads: TRUE  
[1.496s] -- Found sensor_msgs: 2.0.5 (/opt/ros/foxy/share/sensor_msgs/cmake)
[1.613s] -- Found message_filters: 3.2.7 (/opt/ros/foxy/share/message_filters/cmake)
[1.620s] -- Found vision_msgs: 2.0.0 (/opt/ros/foxy/share/vision_msgs/cmake)
[1.742s] -- Found visualization_msgs: 2.0.5 (/opt/ros/foxy/share/visualization_msgs/cmake)
[1.814s] -- Found tf2_ros: 0.13.14 (/opt/ros/foxy/share/tf2_ros/cmake)
[2.222s] -- Found OpenCV: /usr (found version "4.2.0") 
[2.245s] -- Checking for module 'eigen3'
[2.265s] --   Found eigen3, version 3.3.7
[2.296s] -- Found Eigen: /usr/include/eigen3 (Required is at least version "3.1") 
[2.296s] -- Eigen found (include: /usr/include/eigen3, version: 3.3.7)
[2.339s] -- Found Boost: /usr/include (found suitable version "1.71.0", minimum required is "1.55.0") found components: system filesystem date_time iostreams regex 
[2.355s] -- Checking for module 'flann'
[2.371s] --   Found flann, version 1.9.1
[2.412s] -- Found FLANN: /usr/lib/x86_64-linux-gnu/libflann_cpp.so  
[2.476s] -- The imported target "vtkParseOGLExt" references the file
[2.476s]    "/usr/bin/vtkParseOGLExt-7.1"
[2.476s] but this file does not exist.  Possible reasons include:
[2.476s] * The file was deleted, renamed, or moved to another location.
[2.476s] * An install or uninstall procedure did not complete successfully.
[2.476s] * The installation package was faulty and contained
[2.476s]    "/usr/lib/cmake/vtk-7.1/VTKTargets.cmake"
[2.476s] but not all the files it references.
[2.476s] 
[2.477s] -- The imported target "vtkRenderingPythonTkWidgets" references the file
[2.477s]    "/usr/lib/x86_64-linux-gnu/libvtkRenderingPythonTkWidgets.so"
[2.477s] but this file does not exist.  Possible reasons include:
[2.477s] * The file was deleted, renamed, or moved to another location.
[2.477s] * An install or uninstall procedure did not complete successfully.
[2.477s] * The installation package was faulty and contained
[2.477s]    "/usr/lib/cmake/vtk-7.1/VTKTargets.cmake"
[2.477s] but not all the files it references.
[2.477s] 
[2.478s] -- The imported target "vtk" references the file
[2.478s]    "/usr/bin/vtk"
[2.478s] but this file does not exist.  Possible reasons include:
[2.478s] * The file was deleted, renamed, or moved to another location.
[2.478s] * An install or uninstall procedure did not complete successfully.
[2.478s] * The installation package was faulty and contained
[2.478s]    "/usr/lib/cmake/vtk-7.1/VTKTargets.cmake"
[2.478s] but not all the files it references.
[2.478s] 
[2.478s] -- The imported target "pvtk" references the file
[2.478s]    "/usr/bin/pvtk"
[2.478s] but this file does not exist.  Possible reasons include:
[2.478s] * The file was deleted, renamed, or moved to another location.
[2.479s] * An install or uninstall procedure did not complete successfully.
[2.479s] * The installation package was faulty and contained
[2.479s]    "/usr/lib/cmake/vtk-7.1/VTKTargets.cmake"
[2.479s] but not all the files it references.
[2.479s] 
[2.517s] -- Checking for module 'libusb-1.0'
[2.542s] --   Found libusb-1.0, version 1.0.23
[2.627s] -- Found USB_10: /usr/lib/x86_64-linux-gnu/libusb-1.0.so  
[2.700s] -- Found OpenNI: /usr/lib/libOpenNI.so  
[2.700s] -- OpenNI found (include: /usr/include/ni, lib: /usr/lib/libOpenNI.so)
[2.800s] -- Found OpenNI2: /usr/lib/libOpenNI2.so  
[2.800s] -- OpenNI2 found (include: /usr/include/openni2, lib: /usr/lib/libOpenNI2.so)
[2.800s] ** WARNING ** io features related to pcap will be disabled
[2.800s] ** WARNING ** io features related to png will be disabled
[2.814s] -- Found libusb-1.0: /usr/include  
[2.814s] ** WARNING ** io features related to libusb-1.0 will be disabled
[2.822s] -- OpenNI found (include: /usr/include/ni, lib: /usr/lib/libOpenNI.so)
[2.831s] -- OpenNI2 found (include: /usr/include/openni2, lib: /usr/lib/libOpenNI2.so)
[2.866s] -- Found Qhull: optimized;/usr/lib/x86_64-linux-gnu/libqhull.so;debug;/usr/lib/x86_64-linux-gnu/libqhull.so  
[2.866s] -- QHULL found (include: /usr/include, lib: optimized;/usr/lib/x86_64-linux-gnu/libqhull.so;debug;/usr/lib/x86_64-linux-gnu/libqhull.so)
[2.873s] -- OpenNI found (include: /usr/include/ni, lib: /usr/lib/libOpenNI.so)
[2.884s] -- looking for PCL_COMMON
[2.886s] -- Found PCL_COMMON: /usr/lib/x86_64-linux-gnu/libpcl_common.so  
[2.886s] -- looking for PCL_KDTREE
[2.888s] -- Found PCL_KDTREE: /usr/lib/x86_64-linux-gnu/libpcl_kdtree.so  
[2.888s] -- looking for PCL_OCTREE
[2.889s] -- Found PCL_OCTREE: /usr/lib/x86_64-linux-gnu/libpcl_octree.so  
[2.890s] -- looking for PCL_SEARCH
[2.891s] -- Found PCL_SEARCH: /usr/lib/x86_64-linux-gnu/libpcl_search.so  
[2.891s] -- looking for PCL_SAMPLE_CONSENSUS
[2.892s] -- Found PCL_SAMPLE_CONSENSUS: /usr/lib/x86_64-linux-gnu/libpcl_sample_consensus.so  
[2.893s] -- looking for PCL_FILTERS
[2.894s] -- Found PCL_FILTERS: /usr/lib/x86_64-linux-gnu/libpcl_filters.so  
[2.894s] -- looking for PCL_2D
[2.894s] -- Found PCL_2D: /usr/include/pcl-1.10  
[2.899s] -- looking for PCL_GEOMETRY
[2.900s] -- Found PCL_GEOMETRY: /usr/include/pcl-1.10  
[2.900s] -- looking for PCL_IO
[2.902s] -- Found PCL_IO: /usr/lib/x86_64-linux-gnu/libpcl_io.so  
[2.902s] -- looking for PCL_FEATURES
[2.904s] -- Found PCL_FEATURES: /usr/lib/x86_64-linux-gnu/libpcl_features.so  
[2.904s] -- looking for PCL_ML
[2.905s] -- Found PCL_ML: /usr/lib/x86_64-linux-gnu/libpcl_ml.so  
[2.905s] -- looking for PCL_SEGMENTATION
[2.907s] -- Found PCL_SEGMENTATION: /usr/lib/x86_64-linux-gnu/libpcl_segmentation.so  
[2.907s] -- looking for PCL_VISUALIZATION
[2.908s] -- Found PCL_VISUALIZATION: /usr/lib/x86_64-linux-gnu/libpcl_visualization.so  
[2.908s] -- looking for PCL_SURFACE
[2.909s] -- Found PCL_SURFACE: /usr/lib/x86_64-linux-gnu/libpcl_surface.so  
[2.913s] -- looking for PCL_REGISTRATION
[2.914s] -- Found PCL_REGISTRATION: /usr/lib/x86_64-linux-gnu/libpcl_registration.so  
[2.914s] -- looking for PCL_KEYPOINTS
[2.914s] -- Found PCL_KEYPOINTS: /usr/lib/x86_64-linux-gnu/libpcl_keypoints.so  
[2.914s] -- looking for PCL_TRACKING
[2.914s] -- Found PCL_TRACKING: /usr/lib/x86_64-linux-gnu/libpcl_tracking.so  
[2.914s] -- looking for PCL_RECOGNITION
[2.915s] -- Found PCL_RECOGNITION: /usr/lib/x86_64-linux-gnu/libpcl_recognition.so  
[2.919s] -- looking for PCL_STEREO
[2.920s] -- Found PCL_STEREO: /usr/lib/x86_64-linux-gnu/libpcl_stereo.so  
[2.920s] -- looking for PCL_APPS
[2.920s] -- Found PCL_APPS: /usr/lib/x86_64-linux-gnu/libpcl_apps.so  
[2.920s] -- looking for PCL_IN_HAND_SCANNER
[2.920s] -- Found PCL_IN_HAND_SCANNER: /usr/include/pcl-1.10  
[2.920s] -- looking for PCL_POINT_CLOUD_EDITOR
[2.931s] -- Found PCL_POINT_CLOUD_EDITOR: /usr/include/pcl-1.10  
[2.931s] -- looking for PCL_OUTOFCORE
[2.933s] -- Found PCL_OUTOFCORE: /usr/lib/x86_64-linux-gnu/libpcl_outofcore.so  
[2.933s] -- looking for PCL_PEOPLE
[2.935s] -- Found PCL_PEOPLE: /usr/lib/x86_64-linux-gnu/libpcl_people.so  
[2.936s] -- Found PCL: pcl_common;pcl_kdtree;pcl_octree;pcl_search;pcl_sample_consensus;pcl_filters;pcl_io;pcl_features;pcl_ml;pcl_segmentation;pcl_visualization;pcl_surface;pcl_registration;pcl_keypoints;pcl_tracking;pcl_recognition;pcl_stereo;pcl_apps;pcl_outofcore;pcl_people;/usr/lib/x86_64-linux-gnu/libboost_system.so;/usr/lib/x86_64-linux-gnu/libboost_filesystem.so;/usr/lib/x86_64-linux-gnu/libboost_date_time.so;/usr/lib/x86_64-linux-gnu/libboost_iostreams.so;/usr/lib/x86_64-linux-gnu/libboost_regex.so;optimized;/usr/lib/x86_64-linux-gnu/libqhull.so;debug;/usr/lib/x86_64-linux-gnu/libqhull.so;/usr/lib/libOpenNI.so;/usr/lib/libOpenNI2.so;vtkChartsCore;vtkCommonColor;vtkCommonCore;vtksys;vtkCommonDataModel;vtkCommonMath;vtkCommonMisc;vtkCommonSystem;vtkCommonTransforms;vtkCommonExecutionModel;vtkFiltersGeneral;vtkCommonComputationalGeometry;vtkFiltersCore;vtkInfovisCore;vtkFiltersExtraction;vtkFiltersStatistics;vtkImagingFourier;vtkImagingCore;vtkalglib;vtkRenderingContext2D;vtkRenderingCore;vtkFiltersGeometry;vtkFiltersSources;vtkRenderingFreeType;/usr/lib/x86_64-linux-gnu/libfreetype.so;/usr/lib/x86_64-linux-gnu/libz.so;vtkFiltersModeling;vtkImagingSources;vtkInteractionStyle;vtkInteractionWidgets;vtkFiltersHybrid;vtkImagingColor;vtkImagingGeneral;vtkImagingHybrid;vtkIOImage;vtkDICOMParser;vtkmetaio;/usr/lib/x86_64-linux-gnu/libjpeg.so;/usr/lib/x86_64-linux-gnu/libpng.so;/usr/lib/x86_64-linux-gnu/libtiff.so;vtkRenderingAnnotation;vtkRenderingVolume;vtkIOXML;vtkIOCore;vtkIOXMLParser;/usr/lib/x86_64-linux-gnu/libexpat.so;vtkIOGeometry;vtkIOLegacy;vtkIOPLY;vtkRenderingLOD;vtkViewsContext2D;vtkViewsCore;vtkRenderingContextOpenGL2;vtkRenderingOpenGL2;FLANN::FLANN  
[2.941s] -- Found pcl_conversions: 2.2.1 (/opt/ros/foxy/share/pcl_conversions/cmake)
[3.137s] -- Found image_geometry: 3.0.7 (/opt/ros/foxy/share/image_geometry/cmake)
[3.144s] -- Found ament_lint_auto: 0.9.8 (/opt/ros/foxy/share/ament_lint_auto/cmake)
[3.299s] -- Added test 'cppcheck' to perform static code analysis on C / C++ code
[3.301s] -- Configured cppcheck include dirs: /home/mm/longshan12_2/src/lidar_processing/include
[3.301s] -- Configured cppcheck exclude dirs and/or files: 
[3.302s] -- Added test 'flake8' to check Python code syntax and style conventions
[3.304s] -- Added test 'lint_cmake' to check CMake code style
[3.306s] -- Added test 'pep257' to check Python code against some of the style conventions in PEP 257
[3.306s] -- Added test 'uncrustify' to check C / C++ code style
[3.306s] -- Configured uncrustify additional arguments: 
[3.308s] -- Added test 'xmllint' to check XML markup files
[3.314s] -- Configuring done
[3.428s] -- Generating done
[3.432s] -- Build files have been written to: /home/mm/longshan12_2/build/lidar_processing
[3.474s] Invoked command in '/home/mm/longshan12_2/build/lidar_processing' returned '0': CMAKE_PREFIX_PATH=/opt/ros/foxy /usr/bin/cmake /home/mm/longshan12_2/src/lidar_processing -DCMAKE_INSTALL_PREFIX=/home/mm/longshan12_2/install/lidar_processing
[3.476s] Invoking command in '/home/mm/longshan12_2/build/lidar_processing': CMAKE_PREFIX_PATH=/opt/ros/foxy /usr/bin/cmake --build /home/mm/longshan12_2/build/lidar_processing -- -j4 -l4
[3.544s] [35m[1mScanning dependencies of target Lidar_Processing_node[0m
[3.794s] [ 50%] [32mBuilding CXX object CMakeFiles/Lidar_Processing_node.dir/src/Processing_lidar.cpp.o[0m
[12.574s] [01m[K/home/mm/longshan12_2/src/lidar_processing/src/Processing_lidar.cpp:[m[K In member function ‘[01m[Kvoid Processing_lidar::pointCloudCallback(sensor_msgs::msg::PointCloud2_<std::allocator<void> >::SharedPtr)[m[K’:
[12.574s] [01m[K/home/mm/longshan12_2/src/lidar_processing/src/Processing_lidar.cpp:126:12:[m[K [01;35m[Kwarning: [m[Kunused variable ‘[01m[Ksync_duration_ms[m[K’ [[01;35m[K-Wunused-variable[m[K]
[12.574s]   126 |     double [01;35m[Ksync_duration_ms[m[K = std::chrono::duration_cast<std::chrono::nanoseconds>(Clock::now() - m_sync_start_time_).count() / 1e6;
[12.574s]       |            [01;35m[K^~~~~~~~~~~~~~~~[m[K
[13.439s] In file included from [01m[K/home/mm/longshan12_2/src/lidar_processing/src/Processing_lidar.cpp:40[m[K:
[13.439s] /home/mm/longshan12_2/src/lidar_processing/src/obstacle_detector.hpp: In instantiation of ‘[01m[KBox lidar_obstacle_detector::ObstacleDetector<PointT>::pcaBoundingBox(typename pcl::PointCloud<PointT>::Ptr&, int) [with PointT = pcl::PointXYZ; typename pcl::PointCloud<PointT>::Ptr = boost::shared_ptr<pcl::PointCloud<pcl::PointXYZ> >][m[K’:
[13.439s] [01m[K/home/mm/longshan12_2/src/lidar_processing/src/Processing_lidar.cpp:138:66:[m[K   required from here
[13.439s] [01m[K/home/mm/longshan12_2/src/lidar_processing/src/obstacle_detector.hpp:247:15:[m[K [01;35m[Kwarning: [m[Kunused variable ‘[01m[Kbox_z[m[K’ [[01;35m[K-Wunused-variable[m[K]
[13.439s]   247 |   const float [01;35m[Kbox_z[m[K = (max_pt.z + min_pt.z)/2;
[13.439s]       |               [01;35m[K^~~~~[m[K
[13.441s] /home/mm/longshan12_2/src/lidar_processing/src/obstacle_detector.hpp: In instantiation of ‘[01m[Kvoid lidar_obstacle_detector::ObstacleDetector<PointT>::obstacleTracking(const std::vector<Box>&, std::vector<Box>&, float, float) [with PointT = pcl::PointXYZ][m[K’:
[13.441s] [01m[K/home/mm/longshan12_2/src/lidar_processing/src/Processing_lidar.cpp:150:102:[m[K   required from here
[13.441s] [01m[K/home/mm/longshan12_2/src/lidar_processing/src/obstacle_detector.hpp:307:23:[m[K [01;35m[Kwarning: [m[Kcomparison of integer expressions of different signedness: ‘[01m[Kint[m[K’ and ‘[01m[Kstd::vector<int>::size_type[m[K’ {aka ‘[01m[Klong unsigned int[m[K’} [[01;35m[K-Wsign-compare[m[K]
[13.441s]   307 |     for (int j = 0; [01;35m[Kj < matches.size()[m[K; ++j)
[13.441s]       |                     [01;35m[K~~^~~~~~~~~~~~~~~~[m[K
[14.200s] /home/mm/longshan12_2/src/lidar_processing/src/obstacle_detector.hpp: In instantiation of ‘[01m[Kstd::vector<std::vector<int> > lidar_obstacle_detector::ObstacleDetector<PointT>::connectionMatrix(const std::vector<std::vector<int> >&, std::vector<int>&, std::vector<int>&) [with PointT = pcl::PointXYZ][m[K’:
[14.201s] [01m[K/home/mm/longshan12_2/src/lidar_processing/src/obstacle_detector.hpp:302:30:[m[K   required from ‘[01m[Kvoid lidar_obstacle_detector::ObstacleDetector<PointT>::obstacleTracking(const std::vector<Box>&, std::vector<Box>&, float, float) [with PointT = pcl::PointXYZ][m[K’
[14.201s] [01m[K/home/mm/longshan12_2/src/lidar_processing/src/Processing_lidar.cpp:150:102:[m[K   required from here
[14.201s] [01m[K/home/mm/longshan12_2/src/lidar_processing/src/obstacle_detector.hpp:401:23:[m[K [01;35m[Kwarning: [m[Kcomparison of integer expressions of different signedness: ‘[01m[Kint[m[K’ and ‘[01m[Kstd::vector<int>::size_type[m[K’ {aka ‘[01m[Klong unsigned int[m[K’} [[01;35m[K-Wsign-compare[m[K]
[14.201s]   401 |     for (int i = 0; [01;35m[Ki < left.size()[m[K; ++i)
[14.201s]       |                     [01;35m[K~~^~~~~~~~~~~~~[m[K
[14.201s] [01m[K/home/mm/longshan12_2/src/lidar_processing/src/obstacle_detector.hpp:408:23:[m[K [01;35m[Kwarning: [m[Kcomparison of integer expressions of different signedness: ‘[01m[Kint[m[K’ and ‘[01m[Kstd::vector<int>::size_type[m[K’ {aka ‘[01m[Klong unsigned int[m[K’} [[01;35m[K-Wsign-compare[m[K]
[14.201s]   408 |     for (int i = 0; [01;35m[Ki < right.size()[m[K; ++i)
[14.201s]       |                     [01;35m[K~~^~~~~~~~~~~~~~[m[K
[14.202s] /home/mm/longshan12_2/src/lidar_processing/src/obstacle_detector.hpp: In instantiation of ‘[01m[Kstd::vector<int> lidar_obstacle_detector::ObstacleDetector<PointT>::hungarian(const std::vector<std::vector<int> >&) [with PointT = pcl::PointXYZ][m[K’:
[14.202s] [01m[K/home/mm/longshan12_2/src/lidar_processing/src/obstacle_detector.hpp:305:15:[m[K   required from ‘[01m[Kvoid lidar_obstacle_detector::ObstacleDetector<PointT>::obstacleTracking(const std::vector<Box>&, std::vector<Box>&, float, float) [with PointT = pcl::PointXYZ][m[K’
[14.202s] [01m[K/home/mm/longshan12_2/src/lidar_processing/src/Processing_lidar.cpp:150:102:[m[K   required from here
[14.202s] [01m[K/home/mm/longshan12_2/src/lidar_processing/src/obstacle_detector.hpp:446:21:[m[K [01;35m[Kwarning: [m[Kcomparison of integer expressions of different signedness: ‘[01m[Kint[m[K’ and ‘[01m[Kstd::vector<std::vector<int> >::size_type[m[K’ {aka ‘[01m[Klong unsigned int[m[K’} [[01;35m[K-Wsign-compare[m[K]
[14.202s]   446 |   for (int i = 0; [01;35m[Ki < connection_matrix.size()[m[K; ++i)
[14.202s]       |                   [01;35m[K~~^~~~~~~~~~~~~~~~~~~~~~~~~~[m[K
[14.202s] /home/mm/longshan12_2/src/lidar_processing/src/obstacle_detector.hpp: In instantiation of ‘[01m[Kint lidar_obstacle_detector::ObstacleDetector<PointT>::searchBoxIndex(const std::vector<Box>&, int) [with PointT = pcl::PointXYZ][m[K’:
[14.202s] [01m[K/home/mm/longshan12_2/src/lidar_processing/src/obstacle_detector.hpp:311:30:[m[K   required from ‘[01m[Kvoid lidar_obstacle_detector::ObstacleDetector<PointT>::obstacleTracking(const std::vector<Box>&, std::vector<Box>&, float, float) [with PointT = pcl::PointXYZ][m[K’
[14.203s] [01m[K/home/mm/longshan12_2/src/lidar_processing/src/Processing_lidar.cpp:150:102:[m[K   required from here
[14.203s] [01m[K/home/mm/longshan12_2/src/lidar_processing/src/obstacle_detector.hpp:460:21:[m[K [01;35m[Kwarning: [m[Kcomparison of integer expressions of different signedness: ‘[01m[Kint[m[K’ and ‘[01m[Kstd::vector<Box>::size_type[m[K’ {aka ‘[01m[Klong unsigned int[m[K’} [[01;35m[K-Wsign-compare[m[K]
[14.203s]   460 |   for (int i = 0; [01;35m[Ki < boxes.size()[m[K; i++)
[14.203s]       |                   [01;35m[K~~^~~~~~~~~~~~~~[m[K
[15.180s] /home/mm/longshan12_2/src/lidar_processing/src/obstacle_detector.hpp: In instantiation of ‘[01m[Kbool lidar_obstacle_detector::ObstacleDetector<PointT>::hungarianFind(int, const std::vector<std::vector<int> >&, std::vector<bool, std::allocator<bool> >&, std::vector<int>&) [with PointT = pcl::PointXYZ][m[K’:
[15.181s] [01m[K/home/mm/longshan12_2/src/lidar_processing/src/obstacle_detector.hpp:448:9:[m[K   required from ‘[01m[Kstd::vector<int> lidar_obstacle_detector::ObstacleDetector<PointT>::hungarian(const std::vector<std::vector<int> >&) [with PointT = pcl::PointXYZ][m[K’
[15.181s] [01m[K/home/mm/longshan12_2/src/lidar_processing/src/obstacle_detector.hpp:305:15:[m[K   required from ‘[01m[Kvoid lidar_obstacle_detector::ObstacleDetector<PointT>::obstacleTracking(const std::vector<Box>&, std::vector<Box>&, float, float) [with PointT = pcl::PointXYZ][m[K’
[15.181s] [01m[K/home/mm/longshan12_2/src/lidar_processing/src/Processing_lidar.cpp:150:102:[m[K   required from here
[15.181s] [01m[K/home/mm/longshan12_2/src/lidar_processing/src/obstacle_detector.hpp:424:21:[m[K [01;35m[Kwarning: [m[Kcomparison of integer expressions of different signedness: ‘[01m[Kint[m[K’ and ‘[01m[Kstd::vector<int>::size_type[m[K’ {aka ‘[01m[Klong unsigned int[m[K’} [[01;35m[K-Wsign-compare[m[K]
[15.181s]   424 |   for (int j = 0; [01;35m[Kj < connection_matrix[0].size()[m[K; ++j)
[15.181s]       |                   [01;35m[K~~^~~~~~~~~~~~~~~~~~~~~~~~~~~~~[m[K
[23.385s] [01m[K/home/mm/longshan12_2/src/lidar_processing/src/obstacle_detector.hpp:[m[K In member function ‘[01m[Kbool lidar_obstacle_detector::ObstacleDetector<PointT>::hungarianFind(int, const std::vector<std::vector<int> >&, std::vector<bool, std::allocator<bool> >&, std::vector<int>&) [with PointT = pcl::PointXYZ][m[K’:
[23.385s] [01m[K/home/mm/longshan12_2/src/lidar_processing/src/obstacle_detector.hpp:437:1:[m[K [01;35m[Kwarning: [m[Kcontrol reaches end of non-void function [[01;35m[K-Wreturn-type[m[K]
[23.385s]   437 | [01;35m[K}[m[K
[23.385s]       | [01;35m[K^[m[K
[29.820s] [100%] [32m[1mLinking CXX executable Lidar_Processing_node[0m
[32.193s] [100%] Built target Lidar_Processing_node
[32.207s] Invoked command in '/home/mm/longshan12_2/build/lidar_processing' returned '0': CMAKE_PREFIX_PATH=/opt/ros/foxy /usr/bin/cmake --build /home/mm/longshan12_2/build/lidar_processing -- -j4 -l4
[32.245s] Invoking command in '/home/mm/longshan12_2/build/lidar_processing': CMAKE_PREFIX_PATH=/opt/ros/foxy /usr/bin/cmake --install /home/mm/longshan12_2/build/lidar_processing
[32.255s] -- Install configuration: ""
[32.256s] -- Installing: /home/mm/longshan12_2/install/lidar_processing/lib/lidar_processing/Lidar_Processing_node
[32.260s] -- Set runtime path of "/home/mm/longshan12_2/install/lidar_processing/lib/lidar_processing/Lidar_Processing_node" to ""
[32.261s] -- Installing: /home/mm/longshan12_2/install/lidar_processing/share/lidar_processing/launch
[32.261s] -- Installing: /home/mm/longshan12_2/install/lidar_processing/share/lidar_processing/launch/lidar_Processing.launch.py
[32.261s] -- Installing: /home/mm/longshan12_2/install/lidar_processing/share/lidar_processing/src
[32.261s] -- Installing: /home/mm/longshan12_2/install/lidar_processing/share/lidar_processing/src/Processing_lidar.cpp
[32.261s] -- Installing: /home/mm/longshan12_2/install/lidar_processing/share/lidar_processing/src/box.hpp
[32.262s] -- Installing: /home/mm/longshan12_2/install/lidar_processing/share/lidar_processing/src/obstacle_detector.hpp
[32.263s] -- Installing: /home/mm/longshan12_2/install/lidar_processing/share/ament_index/resource_index/package_run_dependencies/lidar_processing
[32.264s] -- Installing: /home/mm/longshan12_2/install/lidar_processing/share/ament_index/resource_index/parent_prefix_path/lidar_processing
[32.264s] -- Installing: /home/mm/longshan12_2/install/lidar_processing/share/lidar_processing/environment/ament_prefix_path.sh
[32.264s] -- Installing: /home/mm/longshan12_2/install/lidar_processing/share/lidar_processing/environment/ament_prefix_path.dsv
[32.265s] -- Installing: /home/mm/longshan12_2/install/lidar_processing/share/lidar_processing/environment/path.sh
[32.265s] -- Installing: /home/mm/longshan12_2/install/lidar_processing/share/lidar_processing/environment/path.dsv
[32.265s] -- Installing: /home/mm/longshan12_2/install/lidar_processing/share/lidar_processing/local_setup.bash
[32.266s] -- Installing: /home/mm/longshan12_2/install/lidar_processing/share/lidar_processing/local_setup.sh
[32.266s] -- Installing: /home/mm/longshan12_2/install/lidar_processing/share/lidar_processing/local_setup.zsh
[32.266s] -- Installing: /home/mm/longshan12_2/install/lidar_processing/share/lidar_processing/local_setup.dsv
[32.267s] -- Installing: /home/mm/longshan12_2/install/lidar_processing/share/lidar_processing/package.dsv
[32.267s] -- Installing: /home/mm/longshan12_2/install/lidar_processing/share/ament_index/resource_index/packages/lidar_processing
[32.267s] -- Installing: /home/mm/longshan12_2/install/lidar_processing/share/lidar_processing/cmake/lidar_processingConfig.cmake
[32.268s] -- Installing: /home/mm/longshan12_2/install/lidar_processing/share/lidar_processing/cmake/lidar_processingConfig-version.cmake
[32.268s] -- Installing: /home/mm/longshan12_2/install/lidar_processing/share/lidar_processing/package.xml
[32.271s] Invoked command in '/home/mm/longshan12_2/build/lidar_processing' returned '0': CMAKE_PREFIX_PATH=/opt/ros/foxy /usr/bin/cmake --install /home/mm/longshan12_2/build/lidar_processing
