[35m[1mScanning dependencies of target control_node[0m
[  7%] [32mBuilding CXX object CMakeFiles/control_node.dir/src/controlmath.cpp.o[0m
[ 14%] [32m[1mLinking CXX executable control_node[0m
[100%] Built target control_node
-- Install configuration: ""
-- Installing: /home/mm/longshan12_2/install/control/lib/control/control_node
-- Set runtime path of "/home/mm/longshan12_2/install/control/lib/control/control_node" to ""
-- Up-to-date: /home/mm/longshan12_2/install/control/share/control/launch
-- Up-to-date: /home/mm/longshan12_2/install/control/share/control/launch/control.launch.py
-- Up-to-date: /home/mm/longshan12_2/install/control/share/ament_index/resource_index/package_run_dependencies/control
-- Up-to-date: /home/mm/longshan12_2/install/control/share/ament_index/resource_index/parent_prefix_path/control
-- Up-to-date: /home/mm/longshan12_2/install/control/share/control/environment/ament_prefix_path.sh
-- Up-to-date: /home/mm/longshan12_2/install/control/share/control/environment/ament_prefix_path.dsv
-- Up-to-date: /home/mm/longshan12_2/install/control/share/control/environment/path.sh
-- Up-to-date: /home/mm/longshan12_2/install/control/share/control/environment/path.dsv
-- Up-to-date: /home/mm/longshan12_2/install/control/share/control/local_setup.bash
-- Up-to-date: /home/mm/longshan12_2/install/control/share/control/local_setup.sh
-- Up-to-date: /home/mm/longshan12_2/install/control/share/control/local_setup.zsh
-- Up-to-date: /home/mm/longshan12_2/install/control/share/control/local_setup.dsv
-- Installing: /home/mm/longshan12_2/install/control/share/control/package.dsv
-- Up-to-date: /home/mm/longshan12_2/install/control/share/ament_index/resource_index/packages/control
-- Up-to-date: /home/mm/longshan12_2/install/control/share/control/cmake/controlConfig.cmake
-- Up-to-date: /home/mm/longshan12_2/install/control/share/control/cmake/controlConfig-version.cmake
-- Up-to-date: /home/mm/longshan12_2/install/control/share/control/package.xml
