[0.040s] Invoking command in '/home/mm/longshan12_2/build/control': CMAKE_PREFIX_PATH=/opt/ros/foxy /usr/bin/cmake --build /home/mm/longshan12_2/build/control -- -j4 -l4
[0.158s] [35m[1mScanning dependencies of target control_node[0m
[0.273s] [  7%] [32mBuilding CXX object CMakeFiles/control_node.dir/src/controlmath.cpp.o[0m
[1.932s] [01m[K/home/mm/longshan12_2/src/control/src/controlmath.cpp:[m[K In function ‘[01m[Kvoid control_math::InterpolateUsingS(Eigen::MatrixXd&, Eigen::MatrixXd&)[m[K’:
[1.932s] [01m[K/home/mm/longshan12_2/src/control/src/controlmath.cpp:34:30:[m[K [01;35m[Kwarning: [m[Kcomparison of integer expressions of different signedness: ‘[01m[Ksize_t[m[K’ {aka ‘[01m[Klong unsigned int[m[K’} and ‘[01m[KEigen::Index[m[K’ {aka ‘[01m[Klong int[m[K’} [[01;35m[K-Wsign-compare[m[K]
[1.932s]    34 |         for (size_t i = 0; [01;35m[Ki < localpath.cols()[m[K; ++i){
[1.933s]       |                            [01;35m[K~~^~~~~~~~~~~~~~~~~~[m[K
[2.320s] [ 14%] [32m[1mLinking CXX executable control_node[0m
[4.593s] [100%] Built target control_node
[4.609s] Invoked command in '/home/mm/longshan12_2/build/control' returned '0': CMAKE_PREFIX_PATH=/opt/ros/foxy /usr/bin/cmake --build /home/mm/longshan12_2/build/control -- -j4 -l4
[4.662s] Invoking command in '/home/mm/longshan12_2/build/control': CMAKE_PREFIX_PATH=/opt/ros/foxy /usr/bin/cmake --install /home/mm/longshan12_2/build/control
[4.671s] -- Install configuration: ""
[4.671s] -- Installing: /home/mm/longshan12_2/install/control/lib/control/control_node
[4.684s] -- Set runtime path of "/home/mm/longshan12_2/install/control/lib/control/control_node" to ""
[4.684s] -- Up-to-date: /home/mm/longshan12_2/install/control/share/control/launch
[4.684s] -- Up-to-date: /home/mm/longshan12_2/install/control/share/control/launch/control.launch.py
[4.684s] -- Up-to-date: /home/mm/longshan12_2/install/control/share/ament_index/resource_index/package_run_dependencies/control
[4.684s] -- Up-to-date: /home/mm/longshan12_2/install/control/share/ament_index/resource_index/parent_prefix_path/control
[4.684s] -- Up-to-date: /home/mm/longshan12_2/install/control/share/control/environment/ament_prefix_path.sh
[4.684s] -- Up-to-date: /home/mm/longshan12_2/install/control/share/control/environment/ament_prefix_path.dsv
[4.684s] -- Up-to-date: /home/mm/longshan12_2/install/control/share/control/environment/path.sh
[4.685s] -- Up-to-date: /home/mm/longshan12_2/install/control/share/control/environment/path.dsv
[4.685s] -- Up-to-date: /home/mm/longshan12_2/install/control/share/control/local_setup.bash
[4.685s] -- Up-to-date: /home/mm/longshan12_2/install/control/share/control/local_setup.sh
[4.685s] -- Up-to-date: /home/mm/longshan12_2/install/control/share/control/local_setup.zsh
[4.685s] -- Up-to-date: /home/mm/longshan12_2/install/control/share/control/local_setup.dsv
[4.685s] -- Installing: /home/mm/longshan12_2/install/control/share/control/package.dsv
[4.685s] -- Up-to-date: /home/mm/longshan12_2/install/control/share/ament_index/resource_index/packages/control
[4.685s] -- Up-to-date: /home/mm/longshan12_2/install/control/share/control/cmake/controlConfig.cmake
[4.685s] -- Up-to-date: /home/mm/longshan12_2/install/control/share/control/cmake/controlConfig-version.cmake
[4.685s] -- Up-to-date: /home/mm/longshan12_2/install/control/share/control/package.xml
[4.688s] Invoked command in '/home/mm/longshan12_2/build/control' returned '0': CMAKE_PREFIX_PATH=/opt/ros/foxy /usr/bin/cmake --install /home/mm/longshan12_2/build/control
