[0.042s] Invoking command in '/home/mm/longshan11_6/build/can': CMAKE_PREFIX_PATH=/opt/ros/foxy /usr/bin/cmake --build /home/mm/longshan11_6/build/can -- -j4 -l4
[0.262s] [ 40%] Built target test1
[0.269s] [100%] Built target can_node
[0.287s] Invoked command in '/home/mm/longshan11_6/build/can' returned '0': CMAKE_PREFIX_PATH=/opt/ros/foxy /usr/bin/cmake --build /home/mm/longshan11_6/build/can -- -j4 -l4
[0.399s] Invoking command in '/home/mm/longshan11_6/build/can': CMAKE_PREFIX_PATH=/opt/ros/foxy /usr/bin/cmake --install /home/mm/longshan11_6/build/can
[0.416s] -- Install configuration: ""
[0.420s] -- Up-to-date: /home/mm/longshan11_6/install/can/share/ament_index/resource_index/package_run_dependencies/can
[0.422s] -- Up-to-date: /home/mm/longshan11_6/install/can/share/ament_index/resource_index/parent_prefix_path/can
[0.424s] -- Up-to-date: /home/mm/longshan11_6/install/can/share/can/environment/ament_prefix_path.sh
[0.425s] -- Up-to-date: /home/mm/longshan11_6/install/can/share/can/environment/ament_prefix_path.dsv
[0.426s] -- Up-to-date: /home/mm/longshan11_6/install/can/share/can/environment/path.sh
[0.428s] -- Up-to-date: /home/mm/longshan11_6/install/can/share/can/environment/path.dsv
[0.429s] -- Up-to-date: /home/mm/longshan11_6/install/can/share/can/local_setup.bash
[0.429s] -- Up-to-date: /home/mm/longshan11_6/install/can/share/can/local_setup.sh
[0.429s] -- Up-to-date: /home/mm/longshan11_6/install/can/share/can/local_setup.zsh
[0.430s] -- Up-to-date: /home/mm/longshan11_6/install/can/share/can/local_setup.dsv
[0.431s] -- Installing: /home/mm/longshan11_6/install/can/share/can/package.dsv
[0.448s] -- Up-to-date: /home/mm/longshan11_6/install/can/share/ament_index/resource_index/packages/can
[0.452s] -- Up-to-date: /home/mm/longshan11_6/install/can/share/can/cmake/canConfig.cmake
[0.453s] -- Up-to-date: /home/mm/longshan11_6/install/can/share/can/cmake/canConfig-version.cmake
[0.453s] -- Up-to-date: /home/mm/longshan11_6/install/can/share/can/package.xml
[0.456s] -- Up-to-date: /home/mm/longshan11_6/install/can/lib/can/can_node
[0.456s] -- Up-to-date: /home/mm/longshan11_6/install/can/lib/can/test1
[0.456s] -- Up-to-date: /home/mm/longshan11_6/install/can/share/can/launch
[0.462s] -- Up-to-date: /home/mm/longshan11_6/install/can/share/can/launch/can.launch.py
[0.462s] Invoked command in '/home/mm/longshan11_6/build/can' returned '0': CMAKE_PREFIX_PATH=/opt/ros/foxy /usr/bin/cmake --install /home/mm/longshan11_6/build/can
