[0.026s] Invoking command in '/home/mm/longshan11_6/build/lidar_processing': CMAKE_PREFIX_PATH=/opt/ros/foxy /usr/bin/cmake --build /home/mm/longshan11_6/build/lidar_processing -- -j4 -l4
[0.167s] [100%] Built target Lidar_Processing_node
[0.208s] Invoked command in '/home/mm/longshan11_6/build/lidar_processing' returned '0': CMAKE_PREFIX_PATH=/opt/ros/foxy /usr/bin/cmake --build /home/mm/longshan11_6/build/lidar_processing -- -j4 -l4
[0.267s] Invoking command in '/home/mm/longshan11_6/build/lidar_processing': CMAKE_PREFIX_PATH=/opt/ros/foxy /usr/bin/cmake --install /home/mm/longshan11_6/build/lidar_processing
[0.285s] -- Install configuration: ""
[0.286s] -- Up-to-date: /home/mm/longshan11_6/install/lidar_processing/lib/lidar_processing/Lidar_Processing_node
[0.286s] -- Up-to-date: /home/mm/longshan11_6/install/lidar_processing/share/lidar_processing/launch
[0.287s] -- Up-to-date: /home/mm/longshan11_6/install/lidar_processing/share/lidar_processing/launch/lidar_Processing.launch.py
[0.287s] -- Up-to-date: /home/mm/longshan11_6/install/lidar_processing/share/lidar_processing/src
[0.288s] -- Up-to-date: /home/mm/longshan11_6/install/lidar_processing/share/lidar_processing/src/Processing_lidar.cpp
[0.289s] -- Up-to-date: /home/mm/longshan11_6/install/lidar_processing/share/lidar_processing/src/box.hpp
[0.289s] -- Up-to-date: /home/mm/longshan11_6/install/lidar_processing/share/lidar_processing/src/obstacle_detector.hpp
[0.291s] -- Up-to-date: /home/mm/longshan11_6/install/lidar_processing/share/ament_index/resource_index/package_run_dependencies/lidar_processing
[0.292s] -- Up-to-date: /home/mm/longshan11_6/install/lidar_processing/share/ament_index/resource_index/parent_prefix_path/lidar_processing
[0.293s] -- Up-to-date: /home/mm/longshan11_6/install/lidar_processing/share/lidar_processing/environment/ament_prefix_path.sh
[0.294s] -- Up-to-date: /home/mm/longshan11_6/install/lidar_processing/share/lidar_processing/environment/ament_prefix_path.dsv
[0.295s] -- Up-to-date: /home/mm/longshan11_6/install/lidar_processing/share/lidar_processing/environment/path.sh
[0.296s] -- Up-to-date: /home/mm/longshan11_6/install/lidar_processing/share/lidar_processing/environment/path.dsv
[0.299s] -- Up-to-date: /home/mm/longshan11_6/install/lidar_processing/share/lidar_processing/local_setup.bash
[0.301s] -- Up-to-date: /home/mm/longshan11_6/install/lidar_processing/share/lidar_processing/local_setup.sh
[0.302s] -- Up-to-date: /home/mm/longshan11_6/install/lidar_processing/share/lidar_processing/local_setup.zsh
[0.303s] -- Up-to-date: /home/mm/longshan11_6/install/lidar_processing/share/lidar_processing/local_setup.dsv
[0.303s] -- Installing: /home/mm/longshan11_6/install/lidar_processing/share/lidar_processing/package.dsv
[0.306s] -- Up-to-date: /home/mm/longshan11_6/install/lidar_processing/share/ament_index/resource_index/packages/lidar_processing
[0.307s] -- Up-to-date: /home/mm/longshan11_6/install/lidar_processing/share/lidar_processing/cmake/lidar_processingConfig.cmake
[0.308s] -- Up-to-date: /home/mm/longshan11_6/install/lidar_processing/share/lidar_processing/cmake/lidar_processingConfig-version.cmake
[0.309s] -- Up-to-date: /home/mm/longshan11_6/install/lidar_processing/share/lidar_processing/package.xml
[0.312s] Invoked command in '/home/mm/longshan11_6/build/lidar_processing' returned '0': CMAKE_PREFIX_PATH=/opt/ros/foxy /usr/bin/cmake --install /home/mm/longshan11_6/build/lidar_processing
