[0.054s] Invoking command in '/home/mm/longshan12_2/build/can': CMAKE_PREFIX_PATH=/opt/ros/foxy /usr/bin/cmake --build /home/mm/longshan12_2/build/can -- -j4 -l4
[0.198s] [ 40%] Built target test1
[0.205s] [100%] Built target can_node
[0.269s] Invoked command in '/home/mm/longshan12_2/build/can' returned '0': CMAKE_PREFIX_PATH=/opt/ros/foxy /usr/bin/cmake --build /home/mm/longshan12_2/build/can -- -j4 -l4
[0.355s] Invoking command in '/home/mm/longshan12_2/build/can': CMAKE_PREFIX_PATH=/opt/ros/foxy /usr/bin/cmake --install /home/mm/longshan12_2/build/can
[0.365s] -- Install configuration: ""
[0.365s] -- Up-to-date: /home/mm/longshan12_2/install/can/share/ament_index/resource_index/package_run_dependencies/can
[0.365s] -- Up-to-date: /home/mm/longshan12_2/install/can/share/ament_index/resource_index/parent_prefix_path/can
[0.365s] -- Up-to-date: /home/mm/longshan12_2/install/can/share/can/environment/ament_prefix_path.sh
[0.366s] -- Up-to-date: /home/mm/longshan12_2/install/can/share/can/environment/ament_prefix_path.dsv
[0.366s] -- Up-to-date: /home/mm/longshan12_2/install/can/share/can/environment/path.sh
[0.366s] -- Up-to-date: /home/mm/longshan12_2/install/can/share/can/environment/path.dsv
[0.366s] -- Up-to-date: /home/mm/longshan12_2/install/can/share/can/local_setup.bash
[0.366s] -- Up-to-date: /home/mm/longshan12_2/install/can/share/can/local_setup.sh
[0.369s] -- Up-to-date: /home/mm/longshan12_2/install/can/share/can/local_setup.zsh
[0.369s] -- Up-to-date: /home/mm/longshan12_2/install/can/share/can/local_setup.dsv
[0.370s] -- Installing: /home/mm/longshan12_2/install/can/share/can/package.dsv
[0.370s] -- Up-to-date: /home/mm/longshan12_2/install/can/share/ament_index/resource_index/packages/can
[0.370s] -- Up-to-date: /home/mm/longshan12_2/install/can/share/can/cmake/canConfig.cmake
[0.371s] -- Up-to-date: /home/mm/longshan12_2/install/can/share/can/cmake/canConfig-version.cmake
[0.371s] -- Up-to-date: /home/mm/longshan12_2/install/can/share/can/package.xml
[0.371s] -- Up-to-date: /home/mm/longshan12_2/install/can/lib/can/can_node
[0.371s] -- Up-to-date: /home/mm/longshan12_2/install/can/lib/can/test1
[0.371s] -- Up-to-date: /home/mm/longshan12_2/install/can/share/can/launch
[0.371s] -- Up-to-date: /home/mm/longshan12_2/install/can/share/can/launch/can.launch.py
[0.393s] Invoked command in '/home/mm/longshan12_2/build/can' returned '0': CMAKE_PREFIX_PATH=/opt/ros/foxy /usr/bin/cmake --install /home/mm/longshan12_2/build/can
