[0.045s] Invoking command in '/home/mm/longshan11_6/build/control': CMAKE_PREFIX_PATH=/opt/ros/foxy /usr/bin/cmake --build /home/mm/longshan11_6/build/control -- -j4 -l4
[0.166s] [100%] Built target control_node
[0.183s] Invoked command in '/home/mm/longshan11_6/build/control' returned '0': CMAKE_PREFIX_PATH=/opt/ros/foxy /usr/bin/cmake --build /home/mm/longshan11_6/build/control -- -j4 -l4
[0.256s] Invoking command in '/home/mm/longshan11_6/build/control': CMAKE_PREFIX_PATH=/opt/ros/foxy /usr/bin/cmake --install /home/mm/longshan11_6/build/control
[0.267s] -- Install configuration: ""
[0.268s] -- Up-to-date: /home/mm/longshan11_6/install/control/lib/control/control_node
[0.275s] -- Up-to-date: /home/mm/longshan11_6/install/control/share/control/launch
[0.275s] -- Up-to-date: /home/mm/longshan11_6/install/control/share/control/launch/control.launch.py
[0.275s] -- Up-to-date: /home/mm/longshan11_6/install/control/share/ament_index/resource_index/package_run_dependencies/control
[0.275s] -- Up-to-date: /home/mm/longshan11_6/install/control/share/ament_index/resource_index/parent_prefix_path/control
[0.276s] -- Up-to-date: /home/mm/longshan11_6/install/control/share/control/environment/ament_prefix_path.sh
[0.277s] -- Up-to-date: /home/mm/longshan11_6/install/control/share/control/environment/ament_prefix_path.dsv
[0.277s] -- Up-to-date: /home/mm/longshan11_6/install/control/share/control/environment/path.sh
[0.277s] -- Up-to-date: /home/mm/longshan11_6/install/control/share/control/environment/path.dsv
[0.277s] -- Up-to-date: /home/mm/longshan11_6/install/control/share/control/local_setup.bash
[0.277s] -- Up-to-date: /home/mm/longshan11_6/install/control/share/control/local_setup.sh
[0.278s] -- Up-to-date: /home/mm/longshan11_6/install/control/share/control/local_setup.zsh
[0.278s] -- Up-to-date: /home/mm/longshan11_6/install/control/share/control/local_setup.dsv
[0.278s] -- Installing: /home/mm/longshan11_6/install/control/share/control/package.dsv
[0.278s] -- Up-to-date: /home/mm/longshan11_6/install/control/share/ament_index/resource_index/packages/control
[0.278s] -- Up-to-date: /home/mm/longshan11_6/install/control/share/control/cmake/controlConfig.cmake
[0.279s] -- Up-to-date: /home/mm/longshan11_6/install/control/share/control/cmake/controlConfig-version.cmake
[0.280s] -- Up-to-date: /home/mm/longshan11_6/install/control/share/control/package.xml
[0.281s] Invoked command in '/home/mm/longshan11_6/build/control' returned '0': CMAKE_PREFIX_PATH=/opt/ros/foxy /usr/bin/cmake --install /home/mm/longshan11_6/build/control
