[0.070s] Invoking command in '/home/mm/longshan12_2/build/dipgseg': CMAKE_PREFIX_PATH=/opt/ros/foxy /usr/bin/cmake --build /home/mm/longshan12_2/build/dipgseg -- -j4 -l4
[0.366s] [100%] Built target demo_node
[0.403s] Invoked command in '/home/mm/longshan12_2/build/dipgseg' returned '0': CMAKE_PREFIX_PATH=/opt/ros/foxy /usr/bin/cmake --build /home/mm/longshan12_2/build/dipgseg -- -j4 -l4
[0.483s] Invoking command in '/home/mm/longshan12_2/build/dipgseg': CMAKE_PREFIX_PATH=/opt/ros/foxy /usr/bin/cmake --install /home/mm/longshan12_2/build/dipgseg
[0.499s] -- Install configuration: ""
[0.500s] -- Up-to-date: /home/mm/longshan12_2/install/dipgseg/lib/dipgseg/demo_node
[0.501s] -- Up-to-date: /home/mm/longshan12_2/install/dipgseg/share/dipgseg/launch
[0.509s] -- Up-to-date: /home/mm/longshan12_2/install/dipgseg/share/dipgseg/launch/run.launch.py
[0.509s] -- Up-to-date: /home/mm/longshan12_2/install/dipgseg/share/ament_index/resource_index/package_run_dependencies/dipgseg
[0.514s] -- Up-to-date: /home/mm/longshan12_2/install/dipgseg/share/ament_index/resource_index/parent_prefix_path/dipgseg
[0.514s] -- Up-to-date: /home/mm/longshan12_2/install/dipgseg/share/dipgseg/environment/ament_prefix_path.sh
[0.514s] -- Up-to-date: /home/mm/longshan12_2/install/dipgseg/share/dipgseg/environment/ament_prefix_path.dsv
[0.514s] -- Up-to-date: /home/mm/longshan12_2/install/dipgseg/share/dipgseg/environment/path.sh
[0.514s] -- Up-to-date: /home/mm/longshan12_2/install/dipgseg/share/dipgseg/environment/path.dsv
[0.514s] -- Up-to-date: /home/mm/longshan12_2/install/dipgseg/share/dipgseg/local_setup.bash
[0.514s] -- Up-to-date: /home/mm/longshan12_2/install/dipgseg/share/dipgseg/local_setup.sh
[0.514s] -- Up-to-date: /home/mm/longshan12_2/install/dipgseg/share/dipgseg/local_setup.zsh
[0.514s] -- Up-to-date: /home/mm/longshan12_2/install/dipgseg/share/dipgseg/local_setup.dsv
[0.515s] -- Installing: /home/mm/longshan12_2/install/dipgseg/share/dipgseg/package.dsv
[0.515s] -- Up-to-date: /home/mm/longshan12_2/install/dipgseg/share/ament_index/resource_index/packages/dipgseg
[0.515s] -- Up-to-date: /home/mm/longshan12_2/install/dipgseg/share/dipgseg/cmake/dipgsegConfig.cmake
[0.515s] -- Up-to-date: /home/mm/longshan12_2/install/dipgseg/share/dipgseg/cmake/dipgsegConfig-version.cmake
[0.515s] -- Up-to-date: /home/mm/longshan12_2/install/dipgseg/share/dipgseg/package.xml
[0.532s] Invoked command in '/home/mm/longshan12_2/build/dipgseg' returned '0': CMAKE_PREFIX_PATH=/opt/ros/foxy /usr/bin/cmake --install /home/mm/longshan12_2/build/dipgseg
