In file included from [01m[K/home/mm/longshan11_6/src/local/./include/localFuns.h:5[m[K,
                 from [01m[K/home/mm/longshan11_6/src/local/src/localFuns.cpp:1[m[K:
[01m[K/home/mm/longshan11_6/src/local/./include/toolKits.h:64:19:[m[K [01;35m[Kwarning: [m[Kinline function ‘[01m[Kdouble tool::d2r(double)[m[K’ used but never defined
   64 |     inline double [01;35m[Kd2r[m[K(double theta);
      |                   [01;35m[K^~~[m[K
[01m[K/home/mm/longshan11_6/src/local/src/local_node3.cpp:[m[K In member function ‘[01m[Kstd::array<double, 6> local_trajs_node::Decidestartsl(tool::frentPoint&, int, bool, int, Eigen::MatrixXd&, Eigen::VectorXd&, bool)[m[K’:
[01m[K/home/mm/longshan11_6/src/local/src/local_node3.cpp:1547:99:[m[K [01;31m[Kerror: [m[Kno matching function for call to ‘[01m[Kmin(int, size_t)[m[K’
 1547 | std::min(position_matched_index + 1, prev_trajectory_size - 1[01;31m[K)[m[K;
      |                                                              [01;31m[K^[m[K

In file included from [01m[K/usr/include/c++/9/memory:62[m[K,
                 from [01m[K/opt/ros/foxy/include/rclcpp/rclcpp.hpp:144[m[K,
                 from [01m[K/home/mm/longshan11_6/src/local/src/local_node3.cpp:1[m[K:
[01m[K/usr/include/c++/9/bits/stl_algobase.h:198:5:[m[K [01;36m[Knote: [m[Kcandidate: ‘[01m[Ktemplate<class _Tp> constexpr const _Tp& std::min(const _Tp&, const _Tp&)[m[K’
  198 |     [01;36m[Kmin[m[K(const _Tp& __a, const _Tp& __b)
      |     [01;36m[K^~~[m[K
[01m[K/usr/include/c++/9/bits/stl_algobase.h:198:5:[m[K [01;36m[Knote: [m[K  template argument deduction/substitution failed:
[01m[K/home/mm/longshan11_6/src/local/src/local_node3.cpp:1547:99:[m[K [01;36m[Knote: [m[K  deduced conflicting types for parameter ‘[01m[Kconst _Tp[m[K’ (‘[01m[Kint[m[K’ and ‘[01m[Ksize_t[m[K’ {aka ‘[01m[Klong unsigned int[m[K’})
 1547 | std::min(position_matched_index + 1, prev_trajectory_size - 1[01;36m[K)[m[K;
      |                                                              [01;36m[K^[m[K

In file included from [01m[K/usr/include/c++/9/memory:62[m[K,
                 from [01m[K/opt/ros/foxy/include/rclcpp/rclcpp.hpp:144[m[K,
                 from [01m[K/home/mm/longshan11_6/src/local/src/local_node3.cpp:1[m[K:
[01m[K/usr/include/c++/9/bits/stl_algobase.h:246:5:[m[K [01;36m[Knote: [m[Kcandidate: ‘[01m[Ktemplate<class _Tp, class _Compare> constexpr const _Tp& std::min(const _Tp&, const _Tp&, _Compare)[m[K’
  246 |     [01;36m[Kmin[m[K(const _Tp& __a, const _Tp& __b, _Compare __comp)
      |     [01;36m[K^~~[m[K
[01m[K/usr/include/c++/9/bits/stl_algobase.h:246:5:[m[K [01;36m[Knote: [m[K  template argument deduction/substitution failed:
[01m[K/home/mm/longshan11_6/src/local/src/local_node3.cpp:1547:99:[m[K [01;36m[Knote: [m[K  deduced conflicting types for parameter ‘[01m[Kconst _Tp[m[K’ (‘[01m[Kint[m[K’ and ‘[01m[Ksize_t[m[K’ {aka ‘[01m[Klong unsigned int[m[K’})
 1547 | std::min(position_matched_index + 1, prev_trajectory_size - 1[01;36m[K)[m[K;
      |                                                              [01;36m[K^[m[K

In file included from [01m[K/usr/include/c++/9/algorithm:62[m[K,
                 from [01m[K/opt/ros/foxy/include/rclcpp/executor.hpp:18[m[K,
                 from [01m[K/opt/ros/foxy/include/rclcpp/executors/multi_threaded_executor.hpp:26[m[K,
                 from [01m[K/opt/ros/foxy/include/rclcpp/executors.hpp:21[m[K,
                 from [01m[K/opt/ros/foxy/include/rclcpp/rclcpp.hpp:146[m[K,
                 from [01m[K/home/mm/longshan11_6/src/local/src/local_node3.cpp:1[m[K:
[01m[K/usr/include/c++/9/bits/stl_algo.h:3450:5:[m[K [01;36m[Knote: [m[Kcandidate: ‘[01m[Ktemplate<class _Tp> constexpr _Tp std::min(std::initializer_list<_Tp>)[m[K’
 3450 |     [01;36m[Kmin[m[K(initializer_list<_Tp> __l)
      |     [01;36m[K^~~[m[K
[01m[K/usr/include/c++/9/bits/stl_algo.h:3450:5:[m[K [01;36m[Knote: [m[K  template argument deduction/substitution failed:
[01m[K/home/mm/longshan11_6/src/local/src/local_node3.cpp:1547:99:[m[K [01;36m[Knote: [m[K  mismatched types ‘[01m[Kstd::initializer_list<_Tp>[m[K’ and ‘[01m[Kint[m[K’
 1547 | std::min(position_matched_index + 1, prev_trajectory_size - 1[01;36m[K)[m[K;
      |                                                              [01;36m[K^[m[K

In file included from [01m[K/usr/include/c++/9/algorithm:62[m[K,
                 from [01m[K/opt/ros/foxy/include/rclcpp/executor.hpp:18[m[K,
                 from [01m[K/opt/ros/foxy/include/rclcpp/executors/multi_threaded_executor.hpp:26[m[K,
                 from [01m[K/opt/ros/foxy/include/rclcpp/executors.hpp:21[m[K,
                 from [01m[K/opt/ros/foxy/include/rclcpp/rclcpp.hpp:146[m[K,
                 from [01m[K/home/mm/longshan11_6/src/local/src/local_node3.cpp:1[m[K:
[01m[K/usr/include/c++/9/bits/stl_algo.h:3456:5:[m[K [01;36m[Knote: [m[Kcandidate: ‘[01m[Ktemplate<class _Tp, class _Compare> constexpr _Tp std::min(std::initializer_list<_Tp>, _Compare)[m[K’
 3456 |     [01;36m[Kmin[m[K(initializer_list<_Tp> __l, _Compare __comp)
      |     [01;36m[K^~~[m[K
[01m[K/usr/include/c++/9/bits/stl_algo.h:3456:5:[m[K [01;36m[Knote: [m[K  template argument deduction/substitution failed:
[01m[K/home/mm/longshan11_6/src/local/src/local_node3.cpp:1547:99:[m[K [01;36m[Knote: [m[K  mismatched types ‘[01m[Kstd::initializer_list<_Tp>[m[K’ and ‘[01m[Kint[m[K’
 1547 | std::min(position_matched_index + 1, prev_trajectory_size - 1[01;36m[K)[m[K;
      |                                                              [01;36m[K^[m[K

[01m[K/home/mm/longshan11_6/src/local/src/local_node3.cpp:1567:47:[m[K [01;31m[Kerror: [m[K‘[01m[Kforward_time_index[m[K’ was not declared in this scope
 1567 |             prev_state << x , y, localpath(3, [01;31m[Kforward_time_index[m[K);
      |                                               [01;31m[K^~~~~~~~~~~~~~~~~~[m[K
[01m[K/home/mm/longshan11_6/src/local/src/local_node3.cpp:1586:83:[m[K [01;31m[Kerror: [m[Kno match for ‘[01m[Koperator=[m[K’ (operand types are ‘[01m[Kstd::array<double, 6>[m[K’ and ‘[01m[K<brace-enclosed initializer list>[m[K’)
 1586 | path(2, prev_matched_index), localpath(6, prev_matched_index)[01;31m[K}[m[K;
      |                                                              [01;31m[K^[m[K

In file included from [01m[K/usr/include/c++/9/tuple:39[m[K,
                 from [01m[K/usr/include/c++/9/bits/unique_ptr.h:37[m[K,
                 from [01m[K/usr/include/c++/9/memory:80[m[K,
                 from [01m[K/opt/ros/foxy/include/rclcpp/rclcpp.hpp:144[m[K,
                 from [01m[K/home/mm/longshan11_6/src/local/src/local_node3.cpp:1[m[K:
[01m[K/usr/include/c++/9/array:94:12:[m[K [01;36m[Knote: [m[Kcandidate: ‘[01m[Kconstexpr std::array<double, 6>& std::array<double, 6>::operator=(const std::array<double, 6>&)[m[K’
   94 |     struct [01;36m[Karray[m[K
      |            [01;36m[K^~~~~[m[K
[01m[K/usr/include/c++/9/array:94:12:[m[K [01;36m[Knote: [m[K  no known conversion for argument 1 from ‘[01m[K<brace-enclosed initializer list>[m[K’ to ‘[01m[Kconst std::array<double, 6>&[m[K’
[01m[K/usr/include/c++/9/array:94:12:[m[K [01;36m[Knote: [m[Kcandidate: ‘[01m[Kconstexpr std::array<double, 6>& std::array<double, 6>::operator=(std::array<double, 6>&&)[m[K’
[01m[K/usr/include/c++/9/array:94:12:[m[K [01;36m[Knote: [m[K  no known conversion for argument 1 from ‘[01m[K<brace-enclosed initializer list>[m[K’ to ‘[01m[Kstd::array<double, 6>&&[m[K’
In file included from [01m[K/home/mm/longshan11_6/src/local/./include/localFuns.h:5[m[K,
                 from [01m[K/home/mm/longshan11_6/src/local/src/local_node3.cpp:14[m[K:
[01m[K/home/mm/longshan11_6/src/local/./include/toolKits.h:[m[K At global scope:
[01m[K/home/mm/longshan11_6/src/local/./include/toolKits.h:64:19:[m[K [01;35m[Kwarning: [m[Kinline function ‘[01m[Kdouble tool::d2r(double)[m[K’ used but never defined
   64 |     inline double [01;35m[Kd2r[m[K(double theta);
      |                   [01;35m[K^~~[m[K
make[2]: *** [CMakeFiles/local_node3.dir/build.make:154：CMakeFiles/local_node3.dir/src/local_node3.cpp.o] 错误 1
make[1]: *** [CMakeFiles/Makefile2:78：CMakeFiles/local_node3.dir/all] 错误 2
make: *** [Makefile:141：all] 错误 2
