[1.715s] Invoking command in '/home/mm/longshan11_6/src/draw_messages': PYTHONPATH=/home/mm/longshan11_6/build/draw_messages/prefix_override:/home/mm/longshan11_6/install/draw_messages/lib/python3.8/site-packages:${PYTHONPATH} /usr/bin/python3 -W ignore:setup.py install is deprecated setup.py egg_info --egg-base ../../build/draw_messages build --build-base /home/mm/longshan11_6/build/draw_messages/build install --record /home/mm/longshan11_6/build/draw_messages/install.log --install-scripts $base/lib/draw_messages --single-version-externally-managed install_data
[2.183s] running egg_info
[2.184s] writing ../../build/draw_messages/draw_messages.egg-info/PKG-INFO
[2.184s] writing dependency_links to ../../build/draw_messages/draw_messages.egg-info/dependency_links.txt
[2.185s] writing entry points to ../../build/draw_messages/draw_messages.egg-info/entry_points.txt
[2.186s] writing requirements to ../../build/draw_messages/draw_messages.egg-info/requires.txt
[2.186s] writing top-level names to ../../build/draw_messages/draw_messages.egg-info/top_level.txt
[2.247s] reading manifest file '../../build/draw_messages/draw_messages.egg-info/SOURCES.txt'
[2.249s] writing manifest file '../../build/draw_messages/draw_messages.egg-info/SOURCES.txt'
[2.249s] running build
[2.249s] running build_py
[2.249s] running install
[2.250s] running install_lib
[2.253s] running install_data
[2.253s] running install_egg_info
[2.258s] removing '/home/mm/longshan11_6/install/draw_messages/lib/python3.8/site-packages/draw_messages-0.0.0-py3.8.egg-info' (and everything under it)
[2.261s] Copying ../../build/draw_messages/draw_messages.egg-info to /home/mm/longshan11_6/install/draw_messages/lib/python3.8/site-packages/draw_messages-0.0.0-py3.8.egg-info
[2.264s] running install_scripts
[2.295s] Installing real_time_plot script to /home/mm/longshan11_6/install/draw_messages/lib/draw_messages
[2.296s] writing list of installed files to '/home/mm/longshan11_6/build/draw_messages/install.log'
[2.339s] Invoked command in '/home/mm/longshan11_6/src/draw_messages' returned '0': PYTHONPATH=/home/mm/longshan11_6/build/draw_messages/prefix_override:/home/mm/longshan11_6/install/draw_messages/lib/python3.8/site-packages:${PYTHONPATH} /usr/bin/python3 -W ignore:setup.py install is deprecated setup.py egg_info --egg-base ../../build/draw_messages build --build-base /home/mm/longshan11_6/build/draw_messages/build install --record /home/mm/longshan11_6/build/draw_messages/install.log --install-scripts $base/lib/draw_messages --single-version-externally-managed install_data
