-- The C compiler identification is GNU 9.4.0
-- The CXX compiler identification is GNU 9.4.0
-- Check for working C compiler: /usr/bin/cc
-- Check for working C compiler: /usr/bin/cc -- works
-- Detecting C compiler ABI info
-- Detecting C compiler ABI info - done
-- Detecting C compile features
-- Detecting C compile features - done
-- Check for working CXX compiler: /usr/bin/c++
-- Check for working CXX compiler: /usr/bin/c++ -- works
-- Detecting CXX compiler ABI info
-- Detecting CXX compiler ABI info - done
-- Detecting CXX compile features
-- Detecting CXX compile features - done
-- Found ament_cmake: 0.9.12 (/opt/ros/foxy/share/ament_cmake/cmake)
-- Found PythonInterp: /usr/bin/python3 (found suitable version "3.8.10", minimum required is "3") 
-- Using PYTHON_EXECUTABLE: /usr/bin/python3
-- Found rclcpp: 2.4.3 (/opt/ros/foxy/share/rclcpp/cmake)
-- Using all available rosidl_typesupport_c: rosidl_typesupport_fastrtps_c;rosidl_typesupport_introspection_c
-- Found rosidl_adapter: 1.3.1 (/opt/ros/foxy/share/rosidl_adapter/cmake)
-- Found OpenSSL: /usr/lib/x86_64-linux-gnu/libcrypto.so (found version "1.1.1f")  
-- Found FastRTPS: /opt/ros/foxy/include  
-- Using all available rosidl_typesupport_cpp: rosidl_typesupport_fastrtps_cpp;rosidl_typesupport_introspection_cpp
-- Found rmw_implementation_cmake: 1.0.4 (/opt/ros/foxy/share/rmw_implementation_cmake/cmake)
-- Using RMW implementation 'rmw_fastrtps_cpp' as default
-- Looking for pthread.h
-- Looking for pthread.h - found
-- Performing Test CMAKE_HAVE_LIBC_PTHREAD
-- Performing Test CMAKE_HAVE_LIBC_PTHREAD - Failed
-- Looking for pthread_create in pthreads
-- Looking for pthread_create in pthreads - not found
-- Looking for pthread_create in pthread
-- Looking for pthread_create in pthread - found
-- Found Threads: TRUE  
-- Found ament_lint_auto: 0.9.8 (/opt/ros/foxy/share/ament_lint_auto/cmake)
-- Added test 'copyright' to check source files copyright and LICENSE
-- Added test 'cppcheck' to perform static code analysis on C / C++ code
-- Configured cppcheck include dirs: 
-- Configured cppcheck exclude dirs and/or files: 
-- Added test 'cpplint' to check C / C++ code against the Google style
-- Configured cpplint exclude dirs and/or files: 
-- Added test 'flake8' to check Python code syntax and style conventions
-- Added test 'lint_cmake' to check CMake code style
-- Added test 'pep257' to check Python code against some of the style conventions in PEP 257
-- Added test 'uncrustify' to check C / C++ code style
-- Configured uncrustify additional arguments: 
-- Added test 'xmllint' to check XML markup files
-- Configuring done
-- Generating done
-- Build files have been written to: /home/mm/longshan11_6/build/can
[35m[1mScanning dependencies of target test1[0m
[35m[1mScanning dependencies of target can_node[0m
[ 20%] [32mBuilding CXX object CMakeFiles/can_node.dir/src/can_node.cpp.o[0m
[ 40%] [32mBuilding CXX object CMakeFiles/test1.dir/src/test.cpp.o[0m
[ 60%] [32mBuilding CXX object CMakeFiles/can_node.dir/src/socketcan.cpp.o[0m
[ 80%] [32m[1mLinking CXX executable test1[0m
[ 80%] Built target test1
[100%] [32m[1mLinking CXX executable can_node[0m
[100%] Built target can_node
-- Install configuration: ""
-- Installing: /home/mm/longshan11_6/install/can/share/ament_index/resource_index/package_run_dependencies/can
-- Installing: /home/mm/longshan11_6/install/can/share/ament_index/resource_index/parent_prefix_path/can
-- Installing: /home/mm/longshan11_6/install/can/share/can/environment/ament_prefix_path.sh
-- Installing: /home/mm/longshan11_6/install/can/share/can/environment/ament_prefix_path.dsv
-- Installing: /home/mm/longshan11_6/install/can/share/can/environment/path.sh
-- Installing: /home/mm/longshan11_6/install/can/share/can/environment/path.dsv
-- Installing: /home/mm/longshan11_6/install/can/share/can/local_setup.bash
-- Installing: /home/mm/longshan11_6/install/can/share/can/local_setup.sh
-- Installing: /home/mm/longshan11_6/install/can/share/can/local_setup.zsh
-- Installing: /home/mm/longshan11_6/install/can/share/can/local_setup.dsv
-- Installing: /home/mm/longshan11_6/install/can/share/can/package.dsv
-- Installing: /home/mm/longshan11_6/install/can/share/ament_index/resource_index/packages/can
-- Installing: /home/mm/longshan11_6/install/can/share/can/cmake/canConfig.cmake
-- Installing: /home/mm/longshan11_6/install/can/share/can/cmake/canConfig-version.cmake
-- Installing: /home/mm/longshan11_6/install/can/share/can/package.xml
-- Installing: /home/mm/longshan11_6/install/can/lib/can/can_node
-- Set runtime path of "/home/mm/longshan11_6/install/can/lib/can/can_node" to ""
-- Installing: /home/mm/longshan11_6/install/can/lib/can/test1
-- Set runtime path of "/home/mm/longshan11_6/install/can/lib/can/test1" to ""
-- Installing: /home/mm/longshan11_6/install/can/share/can/launch
-- Installing: /home/mm/longshan11_6/install/can/share/can/launch/can.launch.py
