[0.037s] Invoking command in '/home/mm/longshan11_6/build/can': CMAKE_PREFIX_PATH=/opt/ros/foxy /usr/bin/cmake /home/mm/longshan11_6/src/can -DCMAKE_INSTALL_PREFIX=/home/mm/longshan11_6/install/can
[0.348s] -- The C compiler identification is GNU 9.4.0
[0.591s] -- The CXX compiler identification is GNU 9.4.0
[0.606s] -- Check for working C compiler: /usr/bin/cc
[0.757s] -- Check for working C compiler: /usr/bin/cc -- works
[0.760s] -- Detecting C compiler ABI info
[0.885s] -- Detecting C compiler ABI info - done
[0.897s] -- Detecting C compile features
[0.898s] -- Detecting C compile features - done
[0.903s] -- Check for working CXX compiler: /usr/bin/c++
[1.053s] -- Check for working CXX compiler: /usr/bin/c++ -- works
[1.057s] -- Detecting CXX compiler ABI info
[1.209s] -- Detecting CXX compiler ABI info - done
[1.228s] -- Detecting CXX compile features
[1.228s] -- Detecting CXX compile features - done
[1.232s] -- Found ament_cmake: 0.9.12 (/opt/ros/foxy/share/ament_cmake/cmake)
[1.281s] -- Found PythonInterp: /usr/bin/python3 (found suitable version "3.8.10", minimum required is "3") 
[1.281s] -- Using PYTHON_EXECUTABLE: /usr/bin/python3
[1.669s] -- Found rclcpp: 2.4.3 (/opt/ros/foxy/share/rclcpp/cmake)
[1.777s] -- Using all available rosidl_typesupport_c: rosidl_typesupport_fastrtps_c;rosidl_typesupport_introspection_c
[1.787s] -- Found rosidl_adapter: 1.3.1 (/opt/ros/foxy/share/rosidl_adapter/cmake)
[1.927s] -- Found OpenSSL: /usr/lib/x86_64-linux-gnu/libcrypto.so (found version "1.1.1f")  
[1.960s] -- Found FastRTPS: /opt/ros/foxy/include  
[2.087s] -- Using all available rosidl_typesupport_cpp: rosidl_typesupport_fastrtps_cpp;rosidl_typesupport_introspection_cpp
[2.218s] -- Found rmw_implementation_cmake: 1.0.4 (/opt/ros/foxy/share/rmw_implementation_cmake/cmake)
[2.223s] -- Using RMW implementation 'rmw_fastrtps_cpp' as default
[2.227s] -- Looking for pthread.h
[2.362s] -- Looking for pthread.h - found
[2.363s] -- Performing Test CMAKE_HAVE_LIBC_PTHREAD
[2.511s] -- Performing Test CMAKE_HAVE_LIBC_PTHREAD - Failed
[2.511s] -- Looking for pthread_create in pthreads
[2.684s] -- Looking for pthread_create in pthreads - not found
[2.684s] -- Looking for pthread_create in pthread
[2.859s] -- Looking for pthread_create in pthread - found
[2.862s] -- Found Threads: TRUE  
[3.212s] -- Found ament_lint_auto: 0.9.8 (/opt/ros/foxy/share/ament_lint_auto/cmake)
[3.334s] -- Added test 'copyright' to check source files copyright and LICENSE
[3.337s] -- Added test 'cppcheck' to perform static code analysis on C / C++ code
[3.338s] -- Configured cppcheck include dirs: 
[3.338s] -- Configured cppcheck exclude dirs and/or files: 
[3.341s] -- Added test 'cpplint' to check C / C++ code against the Google style
[3.341s] -- Configured cpplint exclude dirs and/or files: 
[3.342s] -- Added test 'flake8' to check Python code syntax and style conventions
[3.344s] -- Added test 'lint_cmake' to check CMake code style
[3.345s] -- Added test 'pep257' to check Python code against some of the style conventions in PEP 257
[3.347s] -- Added test 'uncrustify' to check C / C++ code style
[3.347s] -- Configured uncrustify additional arguments: 
[3.348s] -- Added test 'xmllint' to check XML markup files
[3.356s] -- Configuring done
[3.374s] -- Generating done
[3.377s] -- Build files have been written to: /home/mm/longshan11_6/build/can
[3.387s] Invoked command in '/home/mm/longshan11_6/build/can' returned '0': CMAKE_PREFIX_PATH=/opt/ros/foxy /usr/bin/cmake /home/mm/longshan11_6/src/can -DCMAKE_INSTALL_PREFIX=/home/mm/longshan11_6/install/can
[3.395s] Invoking command in '/home/mm/longshan11_6/build/can': CMAKE_PREFIX_PATH=/opt/ros/foxy /usr/bin/cmake --build /home/mm/longshan11_6/build/can -- -j4 -l4
[3.534s] [35m[1mScanning dependencies of target test1[0m
[3.542s] [35m[1mScanning dependencies of target can_node[0m
[3.689s] [ 20%] [32mBuilding CXX object CMakeFiles/can_node.dir/src/can_node.cpp.o[0m
[3.710s] [ 40%] [32mBuilding CXX object CMakeFiles/test1.dir/src/test.cpp.o[0m
[3.715s] [ 60%] [32mBuilding CXX object CMakeFiles/can_node.dir/src/socketcan.cpp.o[0m
[5.129s] [01m[K/home/mm/longshan11_6/src/can/src/socketcan.cpp:[m[K In constructor ‘[01m[Ksocketcan::socketcan()[m[K’:
[5.130s] [01m[K/home/mm/longshan11_6/src/can/src/socketcan.cpp:27:16:[m[K [01;35m[Kwarning: [m[Kunused variable ‘[01m[KactualFrameRate[m[K’ [[01;35m[K-Wunused-variable[m[K]
[5.130s]    27 |         double [01;35m[KactualFrameRate[m[K = 1.0 / frameDuration.count();
[5.130s]       |                [01;35m[K^~~~~~~~~~~~~~~[m[K
[5.131s] [01m[K/home/mm/longshan11_6/src/can/src/socketcan.cpp:[m[K In destructor ‘[01m[Ksocketcan::~socketcan()[m[K’:
[5.131s] [01m[K/home/mm/longshan11_6/src/can/src/socketcan.cpp:75:16:[m[K [01;35m[Kwarning: [m[Kunused variable ‘[01m[KactualFrameRate[m[K’ [[01;35m[K-Wunused-variable[m[K]
[5.132s]    75 |         double [01;35m[KactualFrameRate[m[K = 1.0 / frameDuration.count();
[5.132s]       |                [01;35m[K^~~~~~~~~~~~~~~[m[K
[5.132s] [01m[K/home/mm/longshan11_6/src/can/src/socketcan.cpp:100:6:[m[K [01;35m[Kwarning: [m[Kunused variable ‘[01m[Kreturn_code2[m[K’ [[01;35m[K-Wunused-variable[m[K]
[5.132s]   100 |  int [01;35m[Kreturn_code2[m[K = send_init(0x1C5, data1); //0x1C5
[5.132s]       |      [01;35m[K^~~~~~~~~~~~[m[K
[5.134s] [01m[K/home/mm/longshan11_6/src/can/src/socketcan.cpp:[m[K In member function ‘[01m[Kvoid socketcan::exit_socketcan()[m[K’:
[5.134s] [01m[K/home/mm/longshan11_6/src/can/src/socketcan.cpp:127:16:[m[K [01;35m[Kwarning: [m[Kunused variable ‘[01m[KactualFrameRate[m[K’ [[01;35m[K-Wunused-variable[m[K]
[5.134s]   127 |         double [01;35m[KactualFrameRate[m[K = 1.0 / frameDuration.count();
[5.134s]       |                [01;35m[K^~~~~~~~~~~~~~~[m[K
[5.134s] [01m[K/home/mm/longshan11_6/src/can/src/socketcan.cpp:153:6:[m[K [01;35m[Kwarning: [m[Kunused variable ‘[01m[Kreturn_code2[m[K’ [[01;35m[K-Wunused-variable[m[K]
[5.135s]   153 |  int [01;35m[Kreturn_code2[m[K = send_init(0x1C5, data1); //0x1C5
[5.135s]       |      [01;35m[K^~~~~~~~~~~~[m[K
[5.535s] [01m[K/home/mm/longshan11_6/src/can/src/socketcan.cpp:[m[K In member function ‘[01m[Kint socketcan::send_init(unsigned int, unsigned char*)[m[K’:
[5.535s] [01m[K/home/mm/longshan11_6/src/can/src/socketcan.cpp:200:1:[m[K [01;35m[Kwarning: [m[Kcontrol reaches end of non-void function [[01;35m[K-Wreturn-type[m[K]
[5.535s]   200 | [01;35m[K}[m[K
[5.535s]       | [01;35m[K^[m[K
[23.478s] [ 80%] [32m[1mLinking CXX executable test1[0m
[24.178s] [ 80%] Built target test1
[31.448s] [100%] [32m[1mLinking CXX executable can_node[0m
[32.272s] [100%] Built target can_node
[32.301s] Invoked command in '/home/mm/longshan11_6/build/can' returned '0': CMAKE_PREFIX_PATH=/opt/ros/foxy /usr/bin/cmake --build /home/mm/longshan11_6/build/can -- -j4 -l4
[32.436s] Invoking command in '/home/mm/longshan11_6/build/can': CMAKE_PREFIX_PATH=/opt/ros/foxy /usr/bin/cmake --install /home/mm/longshan11_6/build/can
[32.481s] -- Install configuration: ""
[32.484s] -- Installing: /home/mm/longshan11_6/install/can/share/ament_index/resource_index/package_run_dependencies/can
[32.485s] -- Installing: /home/mm/longshan11_6/install/can/share/ament_index/resource_index/parent_prefix_path/can
[32.486s] -- Installing: /home/mm/longshan11_6/install/can/share/can/environment/ament_prefix_path.sh
[32.486s] -- Installing: /home/mm/longshan11_6/install/can/share/can/environment/ament_prefix_path.dsv
[32.487s] -- Installing: /home/mm/longshan11_6/install/can/share/can/environment/path.sh
[32.487s] -- Installing: /home/mm/longshan11_6/install/can/share/can/environment/path.dsv
[32.488s] -- Installing: /home/mm/longshan11_6/install/can/share/can/local_setup.bash
[32.488s] -- Installing: /home/mm/longshan11_6/install/can/share/can/local_setup.sh
[32.489s] -- Installing: /home/mm/longshan11_6/install/can/share/can/local_setup.zsh
[32.490s] -- Installing: /home/mm/longshan11_6/install/can/share/can/local_setup.dsv
[32.490s] -- Installing: /home/mm/longshan11_6/install/can/share/can/package.dsv
[32.491s] -- Installing: /home/mm/longshan11_6/install/can/share/ament_index/resource_index/packages/can
[32.492s] -- Installing: /home/mm/longshan11_6/install/can/share/can/cmake/canConfig.cmake
[32.492s] -- Installing: /home/mm/longshan11_6/install/can/share/can/cmake/canConfig-version.cmake
[32.493s] -- Installing: /home/mm/longshan11_6/install/can/share/can/package.xml
[32.494s] -- Installing: /home/mm/longshan11_6/install/can/lib/can/can_node
[32.497s] -- Set runtime path of "/home/mm/longshan11_6/install/can/lib/can/can_node" to ""
[32.497s] -- Installing: /home/mm/longshan11_6/install/can/lib/can/test1
[32.501s] -- Set runtime path of "/home/mm/longshan11_6/install/can/lib/can/test1" to ""
[32.502s] -- Installing: /home/mm/longshan11_6/install/can/share/can/launch
[32.502s] -- Installing: /home/mm/longshan11_6/install/can/share/can/launch/can.launch.py
[32.508s] Invoked command in '/home/mm/longshan11_6/build/can' returned '0': CMAKE_PREFIX_PATH=/opt/ros/foxy /usr/bin/cmake --install /home/mm/longshan11_6/build/can
