[0.045s] Invoking command in '/home/mm/longshan12_2/build/lidar_processing': CMAKE_PREFIX_PATH=${CMAKE_PREFIX_PATH}:/home/mm/longshan12_2/install/draw_messages:/opt/ros/foxy /usr/bin/cmake --build /home/mm/longshan12_2/build/lidar_processing -- -j4 -l4
[0.282s] [100%] Built target Lidar_Processing_node
[0.341s] Invoked command in '/home/mm/longshan12_2/build/lidar_processing' returned '0': CMAKE_PREFIX_PATH=${CMAKE_PREFIX_PATH}:/home/mm/longshan12_2/install/draw_messages:/opt/ros/foxy /usr/bin/cmake --build /home/mm/longshan12_2/build/lidar_processing -- -j4 -l4
[0.383s] Invoking command in '/home/mm/longshan12_2/build/lidar_processing': CMAKE_PREFIX_PATH=${CMAKE_PREFIX_PATH}:/home/mm/longshan12_2/install/draw_messages:/opt/ros/foxy /usr/bin/cmake --install /home/mm/longshan12_2/build/lidar_processing
[0.400s] -- Install configuration: ""
[0.403s] -- Up-to-date: /home/mm/longshan12_2/install/lidar_processing/lib/lidar_processing/Lidar_Processing_node
[0.403s] -- Up-to-date: /home/mm/longshan12_2/install/lidar_processing/share/lidar_processing/launch
[0.404s] -- Up-to-date: /home/mm/longshan12_2/install/lidar_processing/share/lidar_processing/launch/lidar_Processing.launch.py
[0.404s] -- Up-to-date: /home/mm/longshan12_2/install/lidar_processing/share/lidar_processing/src
[0.404s] -- Up-to-date: /home/mm/longshan12_2/install/lidar_processing/share/lidar_processing/src/Processing_lidar.cpp
[0.406s] -- Up-to-date: /home/mm/longshan12_2/install/lidar_processing/share/lidar_processing/src/box.hpp
[0.406s] -- Up-to-date: /home/mm/longshan12_2/install/lidar_processing/share/lidar_processing/src/obstacle_detector.hpp
[0.407s] -- Up-to-date: /home/mm/longshan12_2/install/lidar_processing/share/ament_index/resource_index/package_run_dependencies/lidar_processing
[0.408s] -- Up-to-date: /home/mm/longshan12_2/install/lidar_processing/share/ament_index/resource_index/parent_prefix_path/lidar_processing
[0.408s] -- Up-to-date: /home/mm/longshan12_2/install/lidar_processing/share/lidar_processing/environment/ament_prefix_path.sh
[0.408s] -- Up-to-date: /home/mm/longshan12_2/install/lidar_processing/share/lidar_processing/environment/ament_prefix_path.dsv
[0.408s] -- Up-to-date: /home/mm/longshan12_2/install/lidar_processing/share/lidar_processing/environment/path.sh
[0.408s] -- Up-to-date: /home/mm/longshan12_2/install/lidar_processing/share/lidar_processing/environment/path.dsv
[0.409s] -- Up-to-date: /home/mm/longshan12_2/install/lidar_processing/share/lidar_processing/local_setup.bash
[0.409s] -- Up-to-date: /home/mm/longshan12_2/install/lidar_processing/share/lidar_processing/local_setup.sh
[0.409s] -- Up-to-date: /home/mm/longshan12_2/install/lidar_processing/share/lidar_processing/local_setup.zsh
[0.410s] -- Up-to-date: /home/mm/longshan12_2/install/lidar_processing/share/lidar_processing/local_setup.dsv
[0.411s] -- Installing: /home/mm/longshan12_2/install/lidar_processing/share/lidar_processing/package.dsv
[0.412s] -- Up-to-date: /home/mm/longshan12_2/install/lidar_processing/share/ament_index/resource_index/packages/lidar_processing
[0.412s] -- Up-to-date: /home/mm/longshan12_2/install/lidar_processing/share/lidar_processing/cmake/lidar_processingConfig.cmake
[0.412s] -- Up-to-date: /home/mm/longshan12_2/install/lidar_processing/share/lidar_processing/cmake/lidar_processingConfig-version.cmake
[0.413s] -- Up-to-date: /home/mm/longshan12_2/install/lidar_processing/share/lidar_processing/package.xml
[0.425s] Invoked command in '/home/mm/longshan12_2/build/lidar_processing' returned '0': CMAKE_PREFIX_PATH=${CMAKE_PREFIX_PATH}:/home/mm/longshan12_2/install/draw_messages:/opt/ros/foxy /usr/bin/cmake --install /home/mm/longshan12_2/build/lidar_processing
