[0.048s] Invoking command in '/home/mm/longshan12_2/build/control': CMAKE_PREFIX_PATH=/opt/ros/foxy /usr/bin/cmake --build /home/mm/longshan12_2/build/control -- -j4 -l4
[0.159s] [35m[1mScanning dependencies of target control_node[0m
[0.284s] [  7%] [32mBuilding CXX object CMakeFiles/control_node.dir/src/KineMPCControler.cpp.o[0m
[2.361s] [01m[K/home/mm/longshan12_2/src/control/src/KineMPCControler.cpp:[m[K In member function ‘[01m[Kvoid KineMPCController::UpdateMatrix(std::tuple<double, double, double, double>&, std::tuple<double, double, double, double>&)[m[K’:
[2.362s] [01m[K/home/mm/longshan12_2/src/control/src/KineMPCControler.cpp:59:79:[m[K [01;35m[Kwarning: [m[Kunused parameter ‘[01m[Kstate[m[K’ [[01;35m[K-Wunused-parameter[m[K]
[2.362s]    59 | void KineMPCController::UpdateMatrix([01;35m[Kstd::tuple<double,double,double,double> &state[m[K,
[2.362s]       |                                      [01;35m[K~~~~~~~~~~~~~~~~~~~~~~~~~~~~~~~~~~~~~~~~~^~~~~[m[K
[2.801s] [ 15%] [32m[1mLinking CXX executable control_node[0m
[4.456s] [100%] Built target control_node
[4.469s] Invoked command in '/home/mm/longshan12_2/build/control' returned '0': CMAKE_PREFIX_PATH=/opt/ros/foxy /usr/bin/cmake --build /home/mm/longshan12_2/build/control -- -j4 -l4
[4.531s] Invoking command in '/home/mm/longshan12_2/build/control': CMAKE_PREFIX_PATH=/opt/ros/foxy /usr/bin/cmake --install /home/mm/longshan12_2/build/control
[4.544s] -- Install configuration: ""
[4.544s] -- Installing: /home/mm/longshan12_2/install/control/lib/control/control_node
[4.568s] -- Set runtime path of "/home/mm/longshan12_2/install/control/lib/control/control_node" to ""
[4.568s] -- Up-to-date: /home/mm/longshan12_2/install/control/share/control/launch
[4.568s] -- Up-to-date: /home/mm/longshan12_2/install/control/share/control/launch/control.launch.py
[4.568s] -- Up-to-date: /home/mm/longshan12_2/install/control/share/ament_index/resource_index/package_run_dependencies/control
[4.569s] -- Up-to-date: /home/mm/longshan12_2/install/control/share/ament_index/resource_index/parent_prefix_path/control
[4.569s] -- Up-to-date: /home/mm/longshan12_2/install/control/share/control/environment/ament_prefix_path.sh
[4.569s] -- Up-to-date: /home/mm/longshan12_2/install/control/share/control/environment/ament_prefix_path.dsv
[4.569s] -- Up-to-date: /home/mm/longshan12_2/install/control/share/control/environment/path.sh
[4.569s] -- Up-to-date: /home/mm/longshan12_2/install/control/share/control/environment/path.dsv
[4.569s] -- Up-to-date: /home/mm/longshan12_2/install/control/share/control/local_setup.bash
[4.569s] -- Up-to-date: /home/mm/longshan12_2/install/control/share/control/local_setup.sh
[4.569s] -- Up-to-date: /home/mm/longshan12_2/install/control/share/control/local_setup.zsh
[4.570s] -- Up-to-date: /home/mm/longshan12_2/install/control/share/control/local_setup.dsv
[4.570s] -- Installing: /home/mm/longshan12_2/install/control/share/control/package.dsv
[4.570s] -- Up-to-date: /home/mm/longshan12_2/install/control/share/ament_index/resource_index/packages/control
[4.570s] -- Up-to-date: /home/mm/longshan12_2/install/control/share/control/cmake/controlConfig.cmake
[4.570s] -- Up-to-date: /home/mm/longshan12_2/install/control/share/control/cmake/controlConfig-version.cmake
[4.570s] -- Up-to-date: /home/mm/longshan12_2/install/control/share/control/package.xml
[4.577s] Invoked command in '/home/mm/longshan12_2/build/control' returned '0': CMAKE_PREFIX_PATH=/opt/ros/foxy /usr/bin/cmake --install /home/mm/longshan12_2/build/control
