[0.022s] Invoking command in '/home/mm/longshan12_2/build/myrviz': CMAKE_PREFIX_PATH=/opt/ros/foxy /usr/bin/cmake --build /home/mm/longshan12_2/build/myrviz -- -j4 -l4
[0.170s] [100%] Built target points_and_lines_publisher
[0.198s] Invoked command in '/home/mm/longshan12_2/build/myrviz' returned '0': CMAKE_PREFIX_PATH=/opt/ros/foxy /usr/bin/cmake --build /home/mm/longshan12_2/build/myrviz -- -j4 -l4
[0.228s] Invoking command in '/home/mm/longshan12_2/build/myrviz': CMAKE_PREFIX_PATH=/opt/ros/foxy /usr/bin/cmake --install /home/mm/longshan12_2/build/myrviz
[0.239s] -- Install configuration: ""
[0.242s] -- Up-to-date: /home/mm/longshan12_2/install/myrviz/lib/myrviz/points_and_lines_publisher
[0.243s] -- Up-to-date: /home/mm/longshan12_2/install/myrviz/share/ament_index/resource_index/package_run_dependencies/myrviz
[0.245s] -- Up-to-date: /home/mm/longshan12_2/install/myrviz/share/ament_index/resource_index/parent_prefix_path/myrviz
[0.245s] -- Up-to-date: /home/mm/longshan12_2/install/myrviz/share/myrviz/environment/ament_prefix_path.sh
[0.246s] -- Up-to-date: /home/mm/longshan12_2/install/myrviz/share/myrviz/environment/ament_prefix_path.dsv
[0.246s] -- Up-to-date: /home/mm/longshan12_2/install/myrviz/share/myrviz/environment/path.sh
[0.246s] -- Up-to-date: /home/mm/longshan12_2/install/myrviz/share/myrviz/environment/path.dsv
[0.246s] -- Up-to-date: /home/mm/longshan12_2/install/myrviz/share/myrviz/local_setup.bash
[0.246s] -- Up-to-date: /home/mm/longshan12_2/install/myrviz/share/myrviz/local_setup.sh
[0.246s] -- Up-to-date: /home/mm/longshan12_2/install/myrviz/share/myrviz/local_setup.zsh
[0.247s] -- Up-to-date: /home/mm/longshan12_2/install/myrviz/share/myrviz/local_setup.dsv
[0.247s] -- Installing: /home/mm/longshan12_2/install/myrviz/share/myrviz/package.dsv
[0.248s] -- Up-to-date: /home/mm/longshan12_2/install/myrviz/share/ament_index/resource_index/packages/myrviz
[0.248s] -- Up-to-date: /home/mm/longshan12_2/install/myrviz/share/myrviz/cmake/myrvizConfig.cmake
[0.248s] -- Up-to-date: /home/mm/longshan12_2/install/myrviz/share/myrviz/cmake/myrvizConfig-version.cmake
[0.248s] -- Up-to-date: /home/mm/longshan12_2/install/myrviz/share/myrviz/package.xml
[0.249s] Invoked command in '/home/mm/longshan12_2/build/myrviz' returned '0': CMAKE_PREFIX_PATH=/opt/ros/foxy /usr/bin/cmake --install /home/mm/longshan12_2/build/myrviz
