In file included from [01m[K/home/mm/longshan12_2/src/gnss/parser/data_parser.h:27[m[K,
                 from [01m[K/home/mm/longshan12_2/src/gnss/parser/data_parser.cc:26[m[K:
[01m[K/home/mm/longshan12_2/src/gnss/parser/parser.h:[m[K In member function ‘[01m[Kvirtual gnss::MessageType gnss::Parser::GetMessage(void**)[m[K’:
[01m[K/home/mm/longshan12_2/src/gnss/parser/parser.h:95:46:[m[K [01;35m[Kwarning: [m[Kunused parameter ‘[01m[Kmessage_ptr[m[K’ [[01;35m[K-Wunused-parameter[m[K]
   95 |   virtual MessageType GetMessage([01;35m[KMessagePtr* message_ptr[m[K) { return MessageType::NONE; }
      |                                  [01;35m[K~~~~~~~~~~~~^~~~~~~~~~~[m[K
[01m[K/home/mm/longshan12_2/src/gnss/parser/parser.h:[m[K In member function ‘[01m[Kvirtual void gnss::Parser::GetMessages(gnss::MessageInfoVec*)[m[K’:
[01m[K/home/mm/longshan12_2/src/gnss/parser/parser.h:96:44:[m[K [01;35m[Kwarning: [m[Kunused parameter ‘[01m[Kmessages[m[K’ [[01;35m[K-Wunused-parameter[m[K]
   96 |   virtual void GetMessages([01;35m[KMessageInfoVec* messages[m[K) {}
      |                            [01;35m[K~~~~~~~~~~~~~~~~^~~~~~~~[m[K
[01m[K/home/mm/longshan12_2/src/gnss/parser/parser.h:[m[K In member function ‘[01m[Kvirtual void gnss::Parser::GetMessages(gnss::MessageInfo*)[m[K’:
[01m[K/home/mm/longshan12_2/src/gnss/parser/parser.h:97:41:[m[K [01;35m[Kwarning: [m[Kunused parameter ‘[01m[Kmessage[m[K’ [[01;35m[K-Wunused-parameter[m[K]
   97 |   virtual void GetMessages([01;35m[KMessageInfo* message[m[K) {}
      |                            [01;35m[K~~~~~~~~~~~~~^~~~~~~[m[K
[01m[K/home/mm/longshan12_2/src/gnss/parser/parser.h:[m[K In member function ‘[01m[Kvirtual bool gnss::Parser::GetInsStat(void**)[m[K’:
[01m[K/home/mm/longshan12_2/src/gnss/parser/parser.h:98:39:[m[K [01;35m[Kwarning: [m[Kunused parameter ‘[01m[Kmessage_ptr[m[K’ [[01;35m[K-Wunused-parameter[m[K]
   98 |   virtual bool GetInsStat([01;35m[KMessagePtr *message_ptr[m[K) { return false; }
      |                           [01;35m[K~~~~~~~~~~~~^~~~~~~~~~~[m[K
In file included from [01m[K/home/mm/longshan12_2/src/gnss/parser/novatel_parser.cc:37[m[K:
[01m[K/home/mm/longshan12_2/src/gnss/parser/parser.h:[m[K In member function ‘[01m[Kvirtual gnss::MessageType gnss::Parser::GetMessage(void**)[m[K’:
[01m[K/home/mm/longshan12_2/src/gnss/parser/parser.h:95:46:[m[K [01;35m[Kwarning: [m[Kunused parameter ‘[01m[Kmessage_ptr[m[K’ [[01;35m[K-Wunused-parameter[m[K]
   95 |   virtual MessageType GetMessage([01;35m[KMessagePtr* message_ptr[m[K) { return MessageType::NONE; }
      |                                  [01;35m[K~~~~~~~~~~~~^~~~~~~~~~~[m[K
[01m[K/home/mm/longshan12_2/src/gnss/parser/parser.h:[m[K In member function ‘[01m[Kvirtual void gnss::Parser::GetMessages(gnss::MessageInfoVec*)[m[K’:
[01m[K/home/mm/longshan12_2/src/gnss/parser/parser.h:96:44:[m[K [01;35m[Kwarning: [m[Kunused parameter ‘[01m[Kmessages[m[K’ [[01;35m[K-Wunused-parameter[m[K]
   96 |   virtual void GetMessages([01;35m[KMessageInfoVec* messages[m[K) {}
      |                            [01;35m[K~~~~~~~~~~~~~~~~^~~~~~~~[m[K
[01m[K/home/mm/longshan12_2/src/gnss/parser/parser.h:[m[K In member function ‘[01m[Kvirtual void gnss::Parser::GetMessages(gnss::MessageInfo*)[m[K’:
[01m[K/home/mm/longshan12_2/src/gnss/parser/parser.h:97:41:[m[K [01;35m[Kwarning: [m[Kunused parameter ‘[01m[Kmessage[m[K’ [[01;35m[K-Wunused-parameter[m[K]
   97 |   virtual void GetMessages([01;35m[KMessageInfo* message[m[K) {}
      |                            [01;35m[K~~~~~~~~~~~~~^~~~~~~[m[K
[01m[K/home/mm/longshan12_2/src/gnss/parser/parser.h:[m[K In member function ‘[01m[Kvirtual bool gnss::Parser::GetInsStat(void**)[m[K’:
[01m[K/home/mm/longshan12_2/src/gnss/parser/parser.h:98:39:[m[K [01;35m[Kwarning: [m[Kunused parameter ‘[01m[Kmessage_ptr[m[K’ [[01;35m[K-Wunused-parameter[m[K]
   98 |   virtual bool GetInsStat([01;35m[KMessagePtr *message_ptr[m[K) { return false; }
      |                           [01;35m[K~~~~~~~~~~~~^~~~~~~~~~~[m[K
[01m[K/home/mm/longshan12_2/src/gnss/parser/novatel_parser.cc:[m[K In constructor ‘[01m[Kgnss::NovatelParser::NovatelParser(const config::Config&)[m[K’:
[01m[K/home/mm/longshan12_2/src/gnss/parser/novatel_parser.cc:198:54:[m[K [01;35m[Kwarning: [m[Kunused parameter ‘[01m[Kconfig[m[K’ [[01;35m[K-Wunused-parameter[m[K]
  198 |   NovatelParser::NovatelParser([01;35m[Kconst config::Config &config[m[K)
      |                                [01;35m[K~~~~~~~~~~~~~~~~~~~~~~^~~~~~[m[K
In file included from [01m[K/home/mm/longshan12_2/src/gnss/stream/../parser/data_parser.h:27[m[K,
                 from [01m[K/home/mm/longshan12_2/src/gnss/stream/raw_stream.h:27[m[K,
                 from [01m[K/home/mm/longshan12_2/src/gnss/stream/raw_stream.cc:17[m[K:
[01m[K/home/mm/longshan12_2/src/gnss/stream/../parser/parser.h:[m[K In member function ‘[01m[Kvirtual gnss::MessageType gnss::Parser::GetMessage(void**)[m[K’:
[01m[K/home/mm/longshan12_2/src/gnss/stream/../parser/parser.h:95:46:[m[K [01;35m[Kwarning: [m[Kunused parameter ‘[01m[Kmessage_ptr[m[K’ [[01;35m[K-Wunused-parameter[m[K]
   95 |   virtual MessageType GetMessage([01;35m[KMessagePtr* message_ptr[m[K) { return MessageType::NONE; }
      |                                  [01;35m[K~~~~~~~~~~~~^~~~~~~~~~~[m[K
[01m[K/home/mm/longshan12_2/src/gnss/stream/../parser/parser.h:[m[K In member function ‘[01m[Kvirtual void gnss::Parser::GetMessages(gnss::MessageInfoVec*)[m[K’:
[01m[K/home/mm/longshan12_2/src/gnss/stream/../parser/parser.h:96:44:[m[K [01;35m[Kwarning: [m[Kunused parameter ‘[01m[Kmessages[m[K’ [[01;35m[K-Wunused-parameter[m[K]
   96 |   virtual void GetMessages([01;35m[KMessageInfoVec* messages[m[K) {}
      |                            [01;35m[K~~~~~~~~~~~~~~~~^~~~~~~~[m[K
[01m[K/home/mm/longshan12_2/src/gnss/stream/../parser/parser.h:[m[K In member function ‘[01m[Kvirtual void gnss::Parser::GetMessages(gnss::MessageInfo*)[m[K’:
[01m[K/home/mm/longshan12_2/src/gnss/stream/../parser/parser.h:97:41:[m[K [01;35m[Kwarning: [m[Kunused parameter ‘[01m[Kmessage[m[K’ [[01;35m[K-Wunused-parameter[m[K]
   97 |   virtual void GetMessages([01;35m[KMessageInfo* message[m[K) {}
      |                            [01;35m[K~~~~~~~~~~~~~^~~~~~~[m[K
[01m[K/home/mm/longshan12_2/src/gnss/stream/../parser/parser.h:[m[K In member function ‘[01m[Kvirtual bool gnss::Parser::GetInsStat(void**)[m[K’:
[01m[K/home/mm/longshan12_2/src/gnss/stream/../parser/parser.h:98:39:[m[K [01;35m[Kwarning: [m[Kunused parameter ‘[01m[Kmessage_ptr[m[K’ [[01;35m[K-Wunused-parameter[m[K]
   98 |   virtual bool GetInsStat([01;35m[KMessagePtr *message_ptr[m[K) { return false; }
      |                           [01;35m[K~~~~~~~~~~~~^~~~~~~~~~~[m[K
[01m[K/home/mm/longshan12_2/src/gnss/stream/serial_stream.cc:[m[K In member function ‘[01m[Kvirtual size_t gnss::SerialStream::read(uint8_t*, size_t)[m[K’:
[01m[K/home/mm/longshan12_2/src/gnss/stream/serial_stream.cc:330:9:[m[K [01;35m[Kwarning: [m[Kthis statement may fall through [[01;35m[K-Wimplicit-fallthrough=[m[K]
  330 |         [01;35m[Kif[m[K (Connect())
      |         [01;35m[K^~[m[K
[01m[K/home/mm/longshan12_2/src/gnss/stream/serial_stream.cc:337:7:[m[K [01;36m[Knote: [m[Khere
  337 |       [01;36m[Kdefault[m[K:
      |       [01;36m[K^~~~~~~[m[K
[01m[K/home/mm/longshan12_2/src/gnss/stream/serial_stream.cc:[m[K In member function ‘[01m[Kvirtual size_t gnss::SerialStream::write(const uint8_t*, size_t)[m[K’:
[01m[K/home/mm/longshan12_2/src/gnss/stream/serial_stream.cc:394:9:[m[K [01;35m[Kwarning: [m[Kthis statement may fall through [[01;35m[K-Wimplicit-fallthrough=[m[K]
  394 |         [01;35m[Kif[m[K (Connect())
      |         [01;35m[K^~[m[K
[01m[K/home/mm/longshan12_2/src/gnss/stream/serial_stream.cc:401:7:[m[K [01;36m[Knote: [m[Khere
  401 |       [01;36m[Kdefault[m[K:
      |       [01;36m[K^~~~~~~[m[K
In file included from [01m[K/home/mm/longshan12_2/src/gnss/stream/../parser/data_parser.h:27[m[K,
                 from [01m[K/home/mm/longshan12_2/src/gnss/stream/raw_stream.h:27[m[K,
                 from [01m[K/home/mm/longshan12_2/src/gnss/gnss_node.cc:3[m[K:
[01m[K/home/mm/longshan12_2/src/gnss/stream/../parser/parser.h:[m[K In member function ‘[01m[Kvirtual gnss::MessageType gnss::Parser::GetMessage(void**)[m[K’:
[01m[K/home/mm/longshan12_2/src/gnss/stream/../parser/parser.h:95:46:[m[K [01;35m[Kwarning: [m[Kunused parameter ‘[01m[Kmessage_ptr[m[K’ [[01;35m[K-Wunused-parameter[m[K]
   95 |   virtual MessageType GetMessage([01;35m[KMessagePtr* message_ptr[m[K) { return MessageType::NONE; }
      |                                  [01;35m[K~~~~~~~~~~~~^~~~~~~~~~~[m[K
[01m[K/home/mm/longshan12_2/src/gnss/stream/../parser/parser.h:[m[K In member function ‘[01m[Kvirtual void gnss::Parser::GetMessages(gnss::MessageInfoVec*)[m[K’:
[01m[K/home/mm/longshan12_2/src/gnss/stream/../parser/parser.h:96:44:[m[K [01;35m[Kwarning: [m[Kunused parameter ‘[01m[Kmessages[m[K’ [[01;35m[K-Wunused-parameter[m[K]
   96 |   virtual void GetMessages([01;35m[KMessageInfoVec* messages[m[K) {}
      |                            [01;35m[K~~~~~~~~~~~~~~~~^~~~~~~~[m[K
[01m[K/home/mm/longshan12_2/src/gnss/stream/../parser/parser.h:[m[K In member function ‘[01m[Kvirtual void gnss::Parser::GetMessages(gnss::MessageInfo*)[m[K’:
[01m[K/home/mm/longshan12_2/src/gnss/stream/../parser/parser.h:97:41:[m[K [01;35m[Kwarning: [m[Kunused parameter ‘[01m[Kmessage[m[K’ [[01;35m[K-Wunused-parameter[m[K]
   97 |   virtual void GetMessages([01;35m[KMessageInfo* message[m[K) {}
      |                            [01;35m[K~~~~~~~~~~~~~^~~~~~~[m[K
[01m[K/home/mm/longshan12_2/src/gnss/stream/../parser/parser.h:[m[K In member function ‘[01m[Kvirtual bool gnss::Parser::GetInsStat(void**)[m[K’:
[01m[K/home/mm/longshan12_2/src/gnss/stream/../parser/parser.h:98:39:[m[K [01;35m[Kwarning: [m[Kunused parameter ‘[01m[Kmessage_ptr[m[K’ [[01;35m[K-Wunused-parameter[m[K]
   98 |   virtual bool GetInsStat([01;35m[KMessagePtr *message_ptr[m[K) { return false; }
      |                           [01;35m[K~~~~~~~~~~~~^~~~~~~~~~~[m[K
