-- The C compiler identification is GNU 9.4.0
-- The CXX compiler identification is GNU 9.4.0
-- Check for working C compiler: /usr/bin/cc
-- Check for working C compiler: /usr/bin/cc -- works
-- Detecting C compiler ABI info
-- Detecting C compiler ABI info - done
-- Detecting C compile features
-- Detecting C compile features - done
-- Check for working CXX compiler: /usr/bin/c++
-- Check for working CXX compiler: /usr/bin/c++ -- works
-- Detecting CXX compiler ABI info
-- Detecting CXX compiler ABI info - done
-- Detecting CXX compile features
-- Detecting CXX compile features - done
-- Found ament_cmake: 0.9.12 (/opt/ros/foxy/share/ament_cmake/cmake)
-- Found PythonInterp: /usr/bin/python3 (found suitable version "3.8.10", minimum required is "3") 
-- Using PYTHON_EXECUTABLE: /usr/bin/python3
-- Found rosidl_default_generators: 1.0.1 (/opt/ros/foxy/share/rosidl_default_generators/cmake)
-- Using all available rosidl_typesupport_c: rosidl_typesupport_fastrtps_c;rosidl_typesupport_introspection_c
-- Found rosidl_adapter: 1.3.1 (/opt/ros/foxy/share/rosidl_adapter/cmake)
-- Found OpenSSL: /usr/lib/x86_64-linux-gnu/libcrypto.so (found version "1.1.1f")  
-- Found FastRTPS: /opt/ros/foxy/include  
-- Using all available rosidl_typesupport_cpp: rosidl_typesupport_fastrtps_cpp;rosidl_typesupport_introspection_cpp
-- Found rclcpp: 2.4.3 (/opt/ros/foxy/share/rclcpp/cmake)
-- Found rmw_implementation_cmake: 1.0.4 (/opt/ros/foxy/share/rmw_implementation_cmake/cmake)
-- Using RMW implementation 'rmw_fastrtps_cpp' as default
-- Looking for pthread.h
-- Looking for pthread.h - found
-- Performing Test CMAKE_HAVE_LIBC_PTHREAD
-- Performing Test CMAKE_HAVE_LIBC_PTHREAD - Failed
-- Looking for pthread_create in pthreads
-- Looking for pthread_create in pthreads - not found
-- Looking for pthread_create in pthread
-- Looking for pthread_create in pthread - found
-- Found Threads: TRUE  
-- Found message_filters: 3.2.7 (/opt/ros/foxy/share/message_filters/cmake)
-- Found ament_lint_auto: 0.9.8 (/opt/ros/foxy/share/ament_lint_auto/cmake)
-- Found PythonInterp: /usr/bin/python3 (found version "3.8.10") 
-- Found ament_cmake_ros: 0.9.2 (/opt/ros/foxy/share/ament_cmake_ros/cmake)
-- Using all available rosidl_typesupport_c: rosidl_typesupport_fastrtps_c;rosidl_typesupport_introspection_c
-- Using all available rosidl_typesupport_cpp: rosidl_typesupport_fastrtps_cpp;rosidl_typesupport_introspection_cpp
-- Found PythonInterp: /usr/bin/python3 (found suitable version "3.8.10", minimum required is "3.5") 
-- Found python_cmake_module: 0.8.1 (/opt/ros/foxy/share/python_cmake_module/cmake)
-- Found PythonLibs: /usr/lib/x86_64-linux-gnu/libpython3.8.so (found suitable version "3.8.10", minimum required is "3.5") 
-- Using PYTHON_EXECUTABLE: /usr/bin/python3
-- Using PYTHON_INCLUDE_DIRS: /usr/include/python3.8
-- Using PYTHON_LIBRARIES: /usr/lib/x86_64-linux-gnu/libpython3.8.so
-- Found PythonExtra: .so  
-- Added test 'copyright' to check source files copyright and LICENSE
-- Added test 'cppcheck' to perform static code analysis on C / C++ code
-- Configured cppcheck include dirs: /home/mm/longshan12_2/src/gnss/config;/home/mm/longshan12_2/src/gnss/parser;/home/mm/longshan12_2/src/gnss/stream;/home/mm/longshan12_2/src/gnss/util
-- Configured cppcheck exclude dirs and/or files: 
-- Added test 'cpplint' to check C / C++ code against the Google style
-- Configured cpplint exclude dirs and/or files: 
-- Added test 'flake8' to check Python code syntax and style conventions
-- Added test 'lint_cmake' to check CMake code style
-- Added test 'pep257' to check Python code against some of the style conventions in PEP 257
-- Added test 'uncrustify' to check C / C++ code style
-- Configured uncrustify additional arguments: 
-- Added test 'xmllint' to check XML markup files
-- Configuring done
-- Generating done
-- Build files have been written to: /home/mm/longshan12_2/build/gnss
[35m[1mScanning dependencies of target gnss__cpp[0m
[  1%] [34m[1mGenerating C code for ROS interfaces[0m
[  3%] [34m[1mGenerating C++ code for ROS interfaces[0m
[  3%] Built target gnss__cpp
[35m[1mScanning dependencies of target gnss__rosidl_generator_c[0m
[  5%] [34m[1mGenerating C++ type support dispatch for ROS interfaces[0m
[  7%] [34m[1mGenerating C++ introspection for ROS interfaces[0m
[  8%] [32mBuilding C object CMakeFiles/gnss__rosidl_generator_c.dir/rosidl_generator_c/gnss/msg/detail/imu__functions.c.o[0m
[ 10%] [32mBuilding C object CMakeFiles/gnss__rosidl_generator_c.dir/rosidl_generator_c/gnss/msg/detail/ins__functions.c.o[0m
[35m[1mScanning dependencies of target gnss__rosidl_typesupport_cpp[0m
[ 12%] [32mBuilding C object CMakeFiles/gnss__rosidl_generator_c.dir/rosidl_generator_c/gnss/msg/detail/message__functions.c.o[0m
[ 14%] [32mBuilding CXX object CMakeFiles/gnss__rosidl_typesupport_cpp.dir/rosidl_typesupport_cpp/gnss/msg/imu__type_support.cpp.o[0m
[ 16%] [32m[1mLinking C shared library libgnss__rosidl_generator_c.so[0m
[35m[1mScanning dependencies of target gnss__rosidl_typesupport_introspection_cpp[0m
[ 17%] [32mBuilding CXX object CMakeFiles/gnss__rosidl_typesupport_introspection_cpp.dir/rosidl_typesupport_introspection_cpp/gnss/msg/detail/imu__type_support.cpp.o[0m
[ 17%] Built target gnss__rosidl_generator_c
[ 19%] [32mBuilding CXX object CMakeFiles/gnss__rosidl_typesupport_cpp.dir/rosidl_typesupport_cpp/gnss/msg/ins__type_support.cpp.o[0m
[ 21%] [32mBuilding CXX object CMakeFiles/gnss__rosidl_typesupport_introspection_cpp.dir/rosidl_typesupport_introspection_cpp/gnss/msg/detail/ins__type_support.cpp.o[0m
[ 23%] [32mBuilding CXX object CMakeFiles/gnss__rosidl_typesupport_cpp.dir/rosidl_typesupport_cpp/gnss/msg/message__type_support.cpp.o[0m
[ 25%] [32mBuilding CXX object CMakeFiles/gnss__rosidl_typesupport_introspection_cpp.dir/rosidl_typesupport_introspection_cpp/gnss/msg/detail/message__type_support.cpp.o[0m
[ 26%] [32m[1mLinking CXX shared library libgnss__rosidl_typesupport_cpp.so[0m
[ 26%] Built target gnss__rosidl_typesupport_cpp
[ 28%] [32m[1mLinking CXX shared library libgnss__rosidl_typesupport_introspection_cpp.so[0m
[ 28%] Built target gnss__rosidl_typesupport_introspection_cpp
[ 30%] [34m[1mGenerating C type support dispatch for ROS interfaces[0m
[35m[1mScanning dependencies of target gnss__rosidl_typesupport_c[0m
[ 32%] [32mBuilding CXX object CMakeFiles/gnss__rosidl_typesupport_c.dir/rosidl_typesupport_c/gnss/msg/imu__type_support.cpp.o[0m
[ 33%] [32mBuilding CXX object CMakeFiles/gnss__rosidl_typesupport_c.dir/rosidl_typesupport_c/gnss/msg/ins__type_support.cpp.o[0m
[ 35%] [32mBuilding CXX object CMakeFiles/gnss__rosidl_typesupport_c.dir/rosidl_typesupport_c/gnss/msg/message__type_support.cpp.o[0m
[ 37%] [32m[1mLinking CXX shared library libgnss__rosidl_typesupport_c.so[0m
[ 37%] Built target gnss__rosidl_typesupport_c
[ 39%] [34m[1mGenerating C introspection for ROS interfaces[0m
[35m[1mScanning dependencies of target gnss__rosidl_typesupport_introspection_c[0m
[ 41%] [32mBuilding C object CMakeFiles/gnss__rosidl_typesupport_introspection_c.dir/rosidl_typesupport_introspection_c/gnss/msg/detail/imu__type_support.c.o[0m
[ 42%] [32mBuilding C object CMakeFiles/gnss__rosidl_typesupport_introspection_c.dir/rosidl_typesupport_introspection_c/gnss/msg/detail/message__type_support.c.o[0m
[ 44%] [32mBuilding C object CMakeFiles/gnss__rosidl_typesupport_introspection_c.dir/rosidl_typesupport_introspection_c/gnss/msg/detail/ins__type_support.c.o[0m
[ 46%] [32m[1mLinking C shared library libgnss__rosidl_typesupport_introspection_c.so[0m
[ 46%] Built target gnss__rosidl_typesupport_introspection_c
[ 48%] [34m[1mGenerating C++ type support for eProsima Fast-RTPS[0m
[35m[1mScanning dependencies of target gnss__rosidl_typesupport_fastrtps_cpp[0m
[ 50%] [32mBuilding CXX object CMakeFiles/gnss__rosidl_typesupport_fastrtps_cpp.dir/rosidl_typesupport_fastrtps_cpp/gnss/msg/detail/dds_fastrtps/imu__type_support.cpp.o[0m
[ 51%] [32mBuilding CXX object CMakeFiles/gnss__rosidl_typesupport_fastrtps_cpp.dir/rosidl_typesupport_fastrtps_cpp/gnss/msg/detail/dds_fastrtps/message__type_support.cpp.o[0m
[ 53%] [32mBuilding CXX object CMakeFiles/gnss__rosidl_typesupport_fastrtps_cpp.dir/rosidl_typesupport_fastrtps_cpp/gnss/msg/detail/dds_fastrtps/ins__type_support.cpp.o[0m
[ 55%] [32m[1mLinking CXX shared library libgnss__rosidl_typesupport_fastrtps_cpp.so[0m
[ 55%] Built target gnss__rosidl_typesupport_fastrtps_cpp
[ 57%] [34m[1mGenerating C type support for eProsima Fast-RTPS[0m
[35m[1mScanning dependencies of target gnss__rosidl_typesupport_fastrtps_c[0m
[ 58%] [32mBuilding CXX object CMakeFiles/gnss__rosidl_typesupport_fastrtps_c.dir/rosidl_typesupport_fastrtps_c/gnss/msg/detail/imu__type_support_c.cpp.o[0m
[ 60%] [32mBuilding CXX object CMakeFiles/gnss__rosidl_typesupport_fastrtps_c.dir/rosidl_typesupport_fastrtps_c/gnss/msg/detail/message__type_support_c.cpp.o[0m
[ 62%] [32mBuilding CXX object CMakeFiles/gnss__rosidl_typesupport_fastrtps_c.dir/rosidl_typesupport_fastrtps_c/gnss/msg/detail/ins__type_support_c.cpp.o[0m
[ 64%] [32m[1mLinking CXX shared library libgnss__rosidl_typesupport_fastrtps_c.so[0m
[ 64%] Built target gnss__rosidl_typesupport_fastrtps_c
[35m[1mScanning dependencies of target gnss[0m
[ 64%] Built target gnss
[35m[1mScanning dependencies of target gnss_lib[0m
[ 66%] [32mBuilding CXX object CMakeFiles/gnss_lib.dir/parser/data_parser.cc.o[0m
[ 67%] [32mBuilding CXX object CMakeFiles/gnss_lib.dir/parser/novatel_parser.cc.o[0m
[ 69%] [32mBuilding CXX object CMakeFiles/gnss_lib.dir/stream/raw_stream.cc.o[0m
[ 71%] [32mBuilding CXX object CMakeFiles/gnss_lib.dir/stream/serial_stream.cc.o[0m
[ 73%] [32m[1mLinking CXX shared library libgnss_lib.so[0m
[ 73%] Built target gnss_lib
[35m[1mScanning dependencies of target gnss_sync_node[0m
[ 75%] [32mBuilding CXX object CMakeFiles/gnss_sync_node.dir/gnss_sync_node.cc.o[0m
[ 76%] [32m[1mLinking CXX executable gnss_sync_node[0m
[ 76%] Built target gnss_sync_node
[35m[1mScanning dependencies of target gnss_node[0m
[ 78%] [32mBuilding CXX object CMakeFiles/gnss_node.dir/gnss_node.cc.o[0m
[ 80%] [32m[1mLinking CXX executable gnss_node[0m
[ 80%] Built target gnss_node
[35m[1mScanning dependencies of target gnss__py[0m
[ 82%] [34m[1mGenerating Python code for ROS interfaces[0m
[ 82%] Built target gnss__py
[35m[1mScanning dependencies of target gnss__python[0m
[ 83%] [32mBuilding C object CMakeFiles/gnss__python.dir/rosidl_generator_py/gnss/msg/_imu_s.c.o[0m
[ 85%] [32mBuilding C object CMakeFiles/gnss__python.dir/rosidl_generator_py/gnss/msg/_message_s.c.o[0m
[ 87%] [32mBuilding C object CMakeFiles/gnss__python.dir/rosidl_generator_py/gnss/msg/_ins_s.c.o[0m
[ 89%] [32m[1mLinking C shared library rosidl_generator_py/gnss/libgnss__python.so[0m
[ 89%] Built target gnss__python
[35m[1mScanning dependencies of target gnss__rosidl_typesupport_c__pyext[0m
[ 91%] [32mBuilding C object CMakeFiles/gnss__rosidl_typesupport_c__pyext.dir/rosidl_generator_py/gnss/_gnss_s.ep.rosidl_typesupport_c.c.o[0m
[ 92%] [32m[1mLinking C shared library rosidl_generator_py/gnss/gnss_s__rosidl_typesupport_c.cpython-38-x86_64-linux-gnu.so[0m
[ 92%] Built target gnss__rosidl_typesupport_c__pyext
[35m[1mScanning dependencies of target gnss__rosidl_typesupport_introspection_c__pyext[0m
[ 94%] [32mBuilding C object CMakeFiles/gnss__rosidl_typesupport_introspection_c__pyext.dir/rosidl_generator_py/gnss/_gnss_s.ep.rosidl_typesupport_introspection_c.c.o[0m
[ 96%] [32m[1mLinking C shared library rosidl_generator_py/gnss/gnss_s__rosidl_typesupport_introspection_c.cpython-38-x86_64-linux-gnu.so[0m
[ 96%] Built target gnss__rosidl_typesupport_introspection_c__pyext
[35m[1mScanning dependencies of target gnss__rosidl_typesupport_fastrtps_c__pyext[0m
[ 98%] [32mBuilding C object CMakeFiles/gnss__rosidl_typesupport_fastrtps_c__pyext.dir/rosidl_generator_py/gnss/_gnss_s.ep.rosidl_typesupport_fastrtps_c.c.o[0m
[100%] [32m[1mLinking CXX shared library rosidl_generator_py/gnss/gnss_s__rosidl_typesupport_fastrtps_c.cpython-38-x86_64-linux-gnu.so[0m
[100%] Built target gnss__rosidl_typesupport_fastrtps_c__pyext
-- Install configuration: ""
-- Installing: /home/mm/longshan12_2/install/gnss/share/ament_index/resource_index/rosidl_interfaces/gnss
-- Installing: /home/mm/longshan12_2/install/gnss/include/gnss
-- Installing: /home/mm/longshan12_2/install/gnss/include/gnss/msg
-- Installing: /home/mm/longshan12_2/install/gnss/include/gnss/msg/ins.h
-- Installing: /home/mm/longshan12_2/install/gnss/include/gnss/msg/message.h
-- Installing: /home/mm/longshan12_2/install/gnss/include/gnss/msg/imu.h
-- Installing: /home/mm/longshan12_2/install/gnss/include/gnss/msg/rosidl_generator_c__visibility_control.h
-- Installing: /home/mm/longshan12_2/install/gnss/include/gnss/msg/detail
-- Installing: /home/mm/longshan12_2/install/gnss/include/gnss/msg/detail/message__type_support.h
-- Installing: /home/mm/longshan12_2/install/gnss/include/gnss/msg/detail/imu__functions.c
-- Installing: /home/mm/longshan12_2/install/gnss/include/gnss/msg/detail/ins__type_support.h
-- Installing: /home/mm/longshan12_2/install/gnss/include/gnss/msg/detail/imu__functions.h
-- Installing: /home/mm/longshan12_2/install/gnss/include/gnss/msg/detail/message__functions.h
-- Installing: /home/mm/longshan12_2/install/gnss/include/gnss/msg/detail/ins__functions.c
-- Installing: /home/mm/longshan12_2/install/gnss/include/gnss/msg/detail/imu__type_support.h
-- Installing: /home/mm/longshan12_2/install/gnss/include/gnss/msg/detail/message__struct.h
-- Installing: /home/mm/longshan12_2/install/gnss/include/gnss/msg/detail/ins__functions.h
-- Installing: /home/mm/longshan12_2/install/gnss/include/gnss/msg/detail/message__functions.c
-- Installing: /home/mm/longshan12_2/install/gnss/include/gnss/msg/detail/imu__struct.h
-- Installing: /home/mm/longshan12_2/install/gnss/include/gnss/msg/detail/ins__struct.h
-- Installing: /home/mm/longshan12_2/install/gnss/share/gnss/environment/library_path.sh
-- Installing: /home/mm/longshan12_2/install/gnss/share/gnss/environment/library_path.dsv
-- Installing: /home/mm/longshan12_2/install/gnss/lib/libgnss__rosidl_generator_c.so
-- Set runtime path of "/home/mm/longshan12_2/install/gnss/lib/libgnss__rosidl_generator_c.so" to ""
-- Up-to-date: /home/mm/longshan12_2/install/gnss/include/gnss
-- Up-to-date: /home/mm/longshan12_2/install/gnss/include/gnss/msg
-- Installing: /home/mm/longshan12_2/install/gnss/include/gnss/msg/rosidl_typesupport_fastrtps_c__visibility_control.h
-- Up-to-date: /home/mm/longshan12_2/install/gnss/include/gnss/msg/detail
-- Installing: /home/mm/longshan12_2/install/gnss/include/gnss/msg/detail/ins__rosidl_typesupport_fastrtps_c.h
-- Installing: /home/mm/longshan12_2/install/gnss/include/gnss/msg/detail/message__rosidl_typesupport_fastrtps_c.h
-- Installing: /home/mm/longshan12_2/install/gnss/include/gnss/msg/detail/imu__rosidl_typesupport_fastrtps_c.h
-- Installing: /home/mm/longshan12_2/install/gnss/lib/libgnss__rosidl_typesupport_fastrtps_c.so
-- Set runtime path of "/home/mm/longshan12_2/install/gnss/lib/libgnss__rosidl_typesupport_fastrtps_c.so" to ""
-- Up-to-date: /home/mm/longshan12_2/install/gnss/include/gnss
-- Up-to-date: /home/mm/longshan12_2/install/gnss/include/gnss/msg
-- Installing: /home/mm/longshan12_2/install/gnss/include/gnss/msg/rosidl_typesupport_fastrtps_cpp__visibility_control.h
-- Up-to-date: /home/mm/longshan12_2/install/gnss/include/gnss/msg/detail
-- Installing: /home/mm/longshan12_2/install/gnss/include/gnss/msg/detail/message__rosidl_typesupport_fastrtps_cpp.hpp
-- Installing: /home/mm/longshan12_2/install/gnss/include/gnss/msg/detail/ins__rosidl_typesupport_fastrtps_cpp.hpp
-- Installing: /home/mm/longshan12_2/install/gnss/include/gnss/msg/detail/dds_fastrtps
-- Installing: /home/mm/longshan12_2/install/gnss/include/gnss/msg/detail/imu__rosidl_typesupport_fastrtps_cpp.hpp
-- Installing: /home/mm/longshan12_2/install/gnss/lib/libgnss__rosidl_typesupport_fastrtps_cpp.so
-- Set runtime path of "/home/mm/longshan12_2/install/gnss/lib/libgnss__rosidl_typesupport_fastrtps_cpp.so" to ""
-- Up-to-date: /home/mm/longshan12_2/install/gnss/include/gnss
-- Up-to-date: /home/mm/longshan12_2/install/gnss/include/gnss/msg
-- Installing: /home/mm/longshan12_2/install/gnss/include/gnss/msg/rosidl_typesupport_introspection_c__visibility_control.h
-- Up-to-date: /home/mm/longshan12_2/install/gnss/include/gnss/msg/detail
-- Installing: /home/mm/longshan12_2/install/gnss/include/gnss/msg/detail/ins__type_support.c
-- Installing: /home/mm/longshan12_2/install/gnss/include/gnss/msg/detail/message__type_support.c
-- Installing: /home/mm/longshan12_2/install/gnss/include/gnss/msg/detail/imu__type_support.c
-- Installing: /home/mm/longshan12_2/install/gnss/include/gnss/msg/detail/message__rosidl_typesupport_introspection_c.h
-- Installing: /home/mm/longshan12_2/install/gnss/include/gnss/msg/detail/imu__rosidl_typesupport_introspection_c.h
-- Installing: /home/mm/longshan12_2/install/gnss/include/gnss/msg/detail/ins__rosidl_typesupport_introspection_c.h
-- Installing: /home/mm/longshan12_2/install/gnss/lib/libgnss__rosidl_typesupport_introspection_c.so
-- Set runtime path of "/home/mm/longshan12_2/install/gnss/lib/libgnss__rosidl_typesupport_introspection_c.so" to ""
-- Installing: /home/mm/longshan12_2/install/gnss/lib/libgnss__rosidl_typesupport_c.so
-- Set runtime path of "/home/mm/longshan12_2/install/gnss/lib/libgnss__rosidl_typesupport_c.so" to ""
-- Up-to-date: /home/mm/longshan12_2/install/gnss/include/gnss
-- Up-to-date: /home/mm/longshan12_2/install/gnss/include/gnss/msg
-- Installing: /home/mm/longshan12_2/install/gnss/include/gnss/msg/rosidl_generator_cpp__visibility_control.hpp
-- Installing: /home/mm/longshan12_2/install/gnss/include/gnss/msg/ins.hpp
-- Installing: /home/mm/longshan12_2/install/gnss/include/gnss/msg/message.hpp
-- Installing: /home/mm/longshan12_2/install/gnss/include/gnss/msg/imu.hpp
-- Up-to-date: /home/mm/longshan12_2/install/gnss/include/gnss/msg/detail
-- Installing: /home/mm/longshan12_2/install/gnss/include/gnss/msg/detail/ins__type_support.hpp
-- Installing: /home/mm/longshan12_2/install/gnss/include/gnss/msg/detail/message__type_support.hpp
-- Installing: /home/mm/longshan12_2/install/gnss/include/gnss/msg/detail/message__struct.hpp
-- Installing: /home/mm/longshan12_2/install/gnss/include/gnss/msg/detail/imu__builder.hpp
-- Installing: /home/mm/longshan12_2/install/gnss/include/gnss/msg/detail/ins__struct.hpp
-- Installing: /home/mm/longshan12_2/install/gnss/include/gnss/msg/detail/message__traits.hpp
-- Installing: /home/mm/longshan12_2/install/gnss/include/gnss/msg/detail/imu__struct.hpp
-- Installing: /home/mm/longshan12_2/install/gnss/include/gnss/msg/detail/ins__builder.hpp
-- Installing: /home/mm/longshan12_2/install/gnss/include/gnss/msg/detail/message__builder.hpp
-- Installing: /home/mm/longshan12_2/install/gnss/include/gnss/msg/detail/imu__traits.hpp
-- Installing: /home/mm/longshan12_2/install/gnss/include/gnss/msg/detail/ins__traits.hpp
-- Installing: /home/mm/longshan12_2/install/gnss/include/gnss/msg/detail/imu__type_support.hpp
-- Up-to-date: /home/mm/longshan12_2/install/gnss/include/gnss
-- Up-to-date: /home/mm/longshan12_2/install/gnss/include/gnss/msg
-- Up-to-date: /home/mm/longshan12_2/install/gnss/include/gnss/msg/detail
-- Installing: /home/mm/longshan12_2/install/gnss/include/gnss/msg/detail/ins__type_support.cpp
-- Installing: /home/mm/longshan12_2/install/gnss/include/gnss/msg/detail/message__type_support.cpp
-- Installing: /home/mm/longshan12_2/install/gnss/include/gnss/msg/detail/imu__type_support.cpp
-- Installing: /home/mm/longshan12_2/install/gnss/include/gnss/msg/detail/message__rosidl_typesupport_introspection_cpp.hpp
-- Installing: /home/mm/longshan12_2/install/gnss/include/gnss/msg/detail/imu__rosidl_typesupport_introspection_cpp.hpp
-- Installing: /home/mm/longshan12_2/install/gnss/include/gnss/msg/detail/ins__rosidl_typesupport_introspection_cpp.hpp
-- Installing: /home/mm/longshan12_2/install/gnss/lib/libgnss__rosidl_typesupport_introspection_cpp.so
-- Set runtime path of "/home/mm/longshan12_2/install/gnss/lib/libgnss__rosidl_typesupport_introspection_cpp.so" to ""
-- Installing: /home/mm/longshan12_2/install/gnss/lib/libgnss__rosidl_typesupport_cpp.so
-- Set runtime path of "/home/mm/longshan12_2/install/gnss/lib/libgnss__rosidl_typesupport_cpp.so" to ""
-- Installing: /home/mm/longshan12_2/install/gnss/share/gnss/environment/pythonpath.sh
-- Installing: /home/mm/longshan12_2/install/gnss/share/gnss/environment/pythonpath.dsv
-- Installing: /home/mm/longshan12_2/install/gnss/lib/python3.8/site-packages/gnss/__init__.py
Compiling '/home/mm/longshan12_2/install/gnss/lib/python3.8/site-packages/gnss/__init__.py'...
-- Installing: /home/mm/longshan12_2/install/gnss/lib/python3.8/site-packages/gnss/msg
-- Installing: /home/mm/longshan12_2/install/gnss/lib/python3.8/site-packages/gnss/msg/_message_s.c
-- Installing: /home/mm/longshan12_2/install/gnss/lib/python3.8/site-packages/gnss/msg/__init__.py
-- Installing: /home/mm/longshan12_2/install/gnss/lib/python3.8/site-packages/gnss/msg/_ins_s.c
-- Installing: /home/mm/longshan12_2/install/gnss/lib/python3.8/site-packages/gnss/msg/_message.py
-- Installing: /home/mm/longshan12_2/install/gnss/lib/python3.8/site-packages/gnss/msg/_ins.py
-- Installing: /home/mm/longshan12_2/install/gnss/lib/python3.8/site-packages/gnss/msg/_imu.py
-- Installing: /home/mm/longshan12_2/install/gnss/lib/python3.8/site-packages/gnss/msg/_imu_s.c
-- Installing: /home/mm/longshan12_2/install/gnss/lib/python3.8/site-packages/gnss/gnss_s__rosidl_typesupport_fastrtps_c.cpython-38-x86_64-linux-gnu.so
-- Set runtime path of "/home/mm/longshan12_2/install/gnss/lib/python3.8/site-packages/gnss/gnss_s__rosidl_typesupport_fastrtps_c.cpython-38-x86_64-linux-gnu.so" to ""
-- Installing: /home/mm/longshan12_2/install/gnss/lib/python3.8/site-packages/gnss/gnss_s__rosidl_typesupport_introspection_c.cpython-38-x86_64-linux-gnu.so
-- Set runtime path of "/home/mm/longshan12_2/install/gnss/lib/python3.8/site-packages/gnss/gnss_s__rosidl_typesupport_introspection_c.cpython-38-x86_64-linux-gnu.so" to ""
-- Installing: /home/mm/longshan12_2/install/gnss/lib/python3.8/site-packages/gnss/gnss_s__rosidl_typesupport_c.cpython-38-x86_64-linux-gnu.so
-- Set runtime path of "/home/mm/longshan12_2/install/gnss/lib/python3.8/site-packages/gnss/gnss_s__rosidl_typesupport_c.cpython-38-x86_64-linux-gnu.so" to ""
-- Installing: /home/mm/longshan12_2/install/gnss/lib/libgnss__python.so
-- Set runtime path of "/home/mm/longshan12_2/install/gnss/lib/libgnss__python.so" to ""
-- Installing: /home/mm/longshan12_2/install/gnss/share/gnss/msg/Imu.idl
-- Installing: /home/mm/longshan12_2/install/gnss/share/gnss/msg/Ins.idl
-- Installing: /home/mm/longshan12_2/install/gnss/share/gnss/msg/Message.idl
-- Installing: /home/mm/longshan12_2/install/gnss/share/gnss/msg/Imu.msg
-- Installing: /home/mm/longshan12_2/install/gnss/share/gnss/msg/Ins.msg
-- Installing: /home/mm/longshan12_2/install/gnss/share/gnss/msg/Message.msg
-- Installing: /home/mm/longshan12_2/install/gnss/lib/libgnss_lib.so
-- Set runtime path of "/home/mm/longshan12_2/install/gnss/lib/libgnss_lib.so" to ""
-- Installing: /home/mm/longshan12_2/install/gnss/lib/gnss/gnss_node
-- Set runtime path of "/home/mm/longshan12_2/install/gnss/lib/gnss/gnss_node" to ""
-- Installing: /home/mm/longshan12_2/install/gnss/lib/gnss/gnss_sync_node
-- Set runtime path of "/home/mm/longshan12_2/install/gnss/lib/gnss/gnss_sync_node" to ""
-- Installing: /home/mm/longshan12_2/install/gnss/share/gnss/launch
-- Installing: /home/mm/longshan12_2/install/gnss/share/gnss/launch/gnss.launch.py
-- Installing: /home/mm/longshan12_2/install/gnss/share/ament_index/resource_index/package_run_dependencies/gnss
-- Installing: /home/mm/longshan12_2/install/gnss/share/ament_index/resource_index/parent_prefix_path/gnss
-- Installing: /home/mm/longshan12_2/install/gnss/share/gnss/environment/ament_prefix_path.sh
-- Installing: /home/mm/longshan12_2/install/gnss/share/gnss/environment/ament_prefix_path.dsv
-- Installing: /home/mm/longshan12_2/install/gnss/share/gnss/environment/path.sh
-- Installing: /home/mm/longshan12_2/install/gnss/share/gnss/environment/path.dsv
-- Installing: /home/mm/longshan12_2/install/gnss/share/gnss/local_setup.bash
-- Installing: /home/mm/longshan12_2/install/gnss/share/gnss/local_setup.sh
-- Installing: /home/mm/longshan12_2/install/gnss/share/gnss/local_setup.zsh
-- Installing: /home/mm/longshan12_2/install/gnss/share/gnss/local_setup.dsv
-- Installing: /home/mm/longshan12_2/install/gnss/share/gnss/package.dsv
-- Installing: /home/mm/longshan12_2/install/gnss/share/ament_index/resource_index/packages/gnss
-- Installing: /home/mm/longshan12_2/install/gnss/share/gnss/cmake/gnss__rosidl_generator_cExport.cmake
-- Installing: /home/mm/longshan12_2/install/gnss/share/gnss/cmake/gnss__rosidl_generator_cExport-noconfig.cmake
-- Installing: /home/mm/longshan12_2/install/gnss/share/gnss/cmake/gnss__rosidl_typesupport_introspection_cExport.cmake
-- Installing: /home/mm/longshan12_2/install/gnss/share/gnss/cmake/gnss__rosidl_typesupport_introspection_cExport-noconfig.cmake
-- Installing: /home/mm/longshan12_2/install/gnss/share/gnss/cmake/gnss__rosidl_typesupport_cExport.cmake
-- Installing: /home/mm/longshan12_2/install/gnss/share/gnss/cmake/gnss__rosidl_typesupport_cExport-noconfig.cmake
-- Installing: /home/mm/longshan12_2/install/gnss/share/gnss/cmake/gnss__rosidl_generator_cppExport.cmake
-- Installing: /home/mm/longshan12_2/install/gnss/share/gnss/cmake/gnss__rosidl_typesupport_introspection_cppExport.cmake
-- Installing: /home/mm/longshan12_2/install/gnss/share/gnss/cmake/gnss__rosidl_typesupport_introspection_cppExport-noconfig.cmake
-- Installing: /home/mm/longshan12_2/install/gnss/share/gnss/cmake/gnss__rosidl_typesupport_cppExport.cmake
-- Installing: /home/mm/longshan12_2/install/gnss/share/gnss/cmake/gnss__rosidl_typesupport_cppExport-noconfig.cmake
-- Installing: /home/mm/longshan12_2/install/gnss/share/gnss/cmake/rosidl_cmake-extras.cmake
-- Installing: /home/mm/longshan12_2/install/gnss/share/gnss/cmake/ament_cmake_export_dependencies-extras.cmake
-- Installing: /home/mm/longshan12_2/install/gnss/share/gnss/cmake/ament_cmake_export_libraries-extras.cmake
-- Installing: /home/mm/longshan12_2/install/gnss/share/gnss/cmake/ament_cmake_export_targets-extras.cmake
-- Installing: /home/mm/longshan12_2/install/gnss/share/gnss/cmake/ament_cmake_export_include_directories-extras.cmake
-- Installing: /home/mm/longshan12_2/install/gnss/share/gnss/cmake/rosidl_cmake_export_typesupport_libraries-extras.cmake
-- Installing: /home/mm/longshan12_2/install/gnss/share/gnss/cmake/rosidl_cmake_export_typesupport_targets-extras.cmake
-- Installing: /home/mm/longshan12_2/install/gnss/share/gnss/cmake/gnssConfig.cmake
-- Installing: /home/mm/longshan12_2/install/gnss/share/gnss/cmake/gnssConfig-version.cmake
-- Installing: /home/mm/longshan12_2/install/gnss/share/gnss/package.xml
