[0.015s] Invoking command in '/home/mm/longshan11_6/build/hmi': CMAKE_PREFIX_PATH=/opt/ros/foxy /usr/bin/cmake --build /home/mm/longshan11_6/build/hmi -- -j4 -l4
[0.164s] [100%] Built target hmi
[0.189s] Invoked command in '/home/mm/longshan11_6/build/hmi' returned '0': CMAKE_PREFIX_PATH=/opt/ros/foxy /usr/bin/cmake --build /home/mm/longshan11_6/build/hmi -- -j4 -l4
[0.323s] Invoking command in '/home/mm/longshan11_6/build/hmi': CMAKE_PREFIX_PATH=/opt/ros/foxy /usr/bin/cmake --install /home/mm/longshan11_6/build/hmi
[0.335s] -- Install configuration: ""
[0.335s] -- Up-to-date: /home/mm/longshan11_6/install/hmi/lib/hmi/hmi
[0.336s] -- Up-to-date: /home/mm/longshan11_6/install/hmi/share/hmi/launch
[0.336s] -- Up-to-date: /home/mm/longshan11_6/install/hmi/share/hmi/launch/hmi.launch.py
[0.336s] -- Up-to-date: /home/mm/longshan11_6/install/hmi/share/ament_index/resource_index/package_run_dependencies/hmi
[0.336s] -- Up-to-date: /home/mm/longshan11_6/install/hmi/share/ament_index/resource_index/parent_prefix_path/hmi
[0.336s] -- Up-to-date: /home/mm/longshan11_6/install/hmi/share/hmi/environment/ament_prefix_path.sh
[0.336s] -- Up-to-date: /home/mm/longshan11_6/install/hmi/share/hmi/environment/ament_prefix_path.dsv
[0.336s] -- Up-to-date: /home/mm/longshan11_6/install/hmi/share/hmi/environment/path.sh
[0.336s] -- Up-to-date: /home/mm/longshan11_6/install/hmi/share/hmi/environment/path.dsv
[0.336s] -- Up-to-date: /home/mm/longshan11_6/install/hmi/share/hmi/local_setup.bash
[0.336s] -- Up-to-date: /home/mm/longshan11_6/install/hmi/share/hmi/local_setup.sh
[0.336s] -- Up-to-date: /home/mm/longshan11_6/install/hmi/share/hmi/local_setup.zsh
[0.337s] -- Up-to-date: /home/mm/longshan11_6/install/hmi/share/hmi/local_setup.dsv
[0.337s] -- Installing: /home/mm/longshan11_6/install/hmi/share/hmi/package.dsv
[0.337s] -- Up-to-date: /home/mm/longshan11_6/install/hmi/share/ament_index/resource_index/packages/hmi
[0.337s] -- Up-to-date: /home/mm/longshan11_6/install/hmi/share/hmi/cmake/hmiConfig.cmake
[0.337s] -- Up-to-date: /home/mm/longshan11_6/install/hmi/share/hmi/cmake/hmiConfig-version.cmake
[0.337s] -- Up-to-date: /home/mm/longshan11_6/install/hmi/share/hmi/package.xml
[0.341s] Invoked command in '/home/mm/longshan11_6/build/hmi' returned '0': CMAKE_PREFIX_PATH=/opt/ros/foxy /usr/bin/cmake --install /home/mm/longshan11_6/build/hmi
