[0.053s] Invoking command in '/home/mm/longshan12_2/build/control': CMAKE_PREFIX_PATH=/opt/ros/foxy /usr/bin/cmake --build /home/mm/longshan12_2/build/control -- -j4 -l4
[0.414s] [35m[1mScanning dependencies of target control_node[0m
[0.619s] [  7%] [32mBuilding CXX object CMakeFiles/control_node.dir/src/controlmath.cpp.o[0m
[0.635s] [ 14%] [32mBuilding CXX object CMakeFiles/control_node.dir/src/control_node.cpp.o[0m
[3.079s] [01m[K/home/mm/longshan12_2/src/control/src/controlmath.cpp:[m[K In function ‘[01m[Kint control_math::findcloseindex(const MatrixXd&, int&, const double&)[m[K’:
[3.079s] [01m[K/home/mm/longshan12_2/src/control/src/controlmath.cpp:11:39:[m[K [01;35m[Kwarning: [m[Kcomparison of integer expressions of different signedness: ‘[01m[Ksize_t[m[K’ {aka ‘[01m[Klong unsigned int[m[K’} and ‘[01m[Kint[m[K’ [[01;35m[K-Wsign-compare[m[K]
[3.079s]    11 |         for (size_t i = startindex; [01;35m[Ki < endindex[m[K; ++i) {
[3.079s]       |                                     [01;35m[K~~^~~~~~~~~~[m[K
[3.095s] [01m[K/home/mm/longshan12_2/src/control/src/controlmath.cpp:[m[K In function ‘[01m[Kvoid control_math::InterpolateUsingS(Eigen::MatrixXd&, Eigen::MatrixXd&)[m[K’:
[3.095s] [01m[K/home/mm/longshan12_2/src/control/src/controlmath.cpp:51:30:[m[K [01;35m[Kwarning: [m[Kcomparison of integer expressions of different signedness: ‘[01m[Ksize_t[m[K’ {aka ‘[01m[Klong unsigned int[m[K’} and ‘[01m[KEigen::Index[m[K’ {aka ‘[01m[Klong int[m[K’} [[01;35m[K-Wsign-compare[m[K]
[3.095s]    51 |         for (size_t i = 0; [01;35m[Ki < localpath.cols()[m[K; ++i){
[3.095s]       |                            [01;35m[K~~^~~~~~~~~~~~~~~~~~[m[K
[5.649s] [01m[K/home/mm/longshan12_2/src/control/src/control_node.cpp:[m[K In member function ‘[01m[Kvoid control_node::gps_callback(std_msgs::msg::Float64MultiArray_<std::allocator<void> >::SharedPtr)[m[K’:
[5.649s] [01m[K/home/mm/longshan12_2/src/control/src/control_node.cpp:131:36:[m[K [01;35m[Kwarning: [m[Kunused variable ‘[01m[KdeltaX[m[K’ [[01;35m[K-Wunused-variable[m[K]
[5.649s]   131 |                             double [01;35m[KdeltaX[m[K =  dx;
[5.649s]       |                                    [01;35m[K^~~~~~[m[K
[5.649s] [01m[K/home/mm/longshan12_2/src/control/src/control_node.cpp:132:36:[m[K [01;35m[Kwarning: [m[Kunused variable ‘[01m[KdeltaY[m[K’ [[01;35m[K-Wunused-variable[m[K]
[5.649s]   132 |                             double [01;35m[KdeltaY[m[K =  dy;
[5.649s]       |                                    [01;35m[K^~~~~~[m[K
[5.649s] [01m[K/home/mm/longshan12_2/src/control/src/control_node.cpp:133:36:[m[K [01;35m[Kwarning: [m[Kunused variable ‘[01m[KdeltaYAW[m[K’ [[01;35m[K-Wunused-variable[m[K]
[5.649s]   133 |                             double [01;35m[KdeltaYAW[m[K = tool::normalizeAngle(tool::d2r(car(3)) - theta);
[5.649s]       |                                    [01;35m[K^~~~~~~~[m[K
[14.611s] [ 21%] [32m[1mLinking CXX executable control_node[0m
[16.309s] [100%] Built target control_node
[16.323s] Invoked command in '/home/mm/longshan12_2/build/control' returned '0': CMAKE_PREFIX_PATH=/opt/ros/foxy /usr/bin/cmake --build /home/mm/longshan12_2/build/control -- -j4 -l4
[16.374s] Invoking command in '/home/mm/longshan12_2/build/control': CMAKE_PREFIX_PATH=/opt/ros/foxy /usr/bin/cmake --install /home/mm/longshan12_2/build/control
[16.384s] -- Install configuration: ""
[16.385s] -- Installing: /home/mm/longshan12_2/install/control/lib/control/control_node
[16.395s] -- Set runtime path of "/home/mm/longshan12_2/install/control/lib/control/control_node" to ""
[16.396s] -- Up-to-date: /home/mm/longshan12_2/install/control/share/control/launch
[16.396s] -- Up-to-date: /home/mm/longshan12_2/install/control/share/control/launch/control.launch.py
[16.396s] -- Up-to-date: /home/mm/longshan12_2/install/control/share/ament_index/resource_index/package_run_dependencies/control
[16.396s] -- Up-to-date: /home/mm/longshan12_2/install/control/share/ament_index/resource_index/parent_prefix_path/control
[16.396s] -- Up-to-date: /home/mm/longshan12_2/install/control/share/control/environment/ament_prefix_path.sh
[16.396s] -- Up-to-date: /home/mm/longshan12_2/install/control/share/control/environment/ament_prefix_path.dsv
[16.396s] -- Up-to-date: /home/mm/longshan12_2/install/control/share/control/environment/path.sh
[16.396s] -- Up-to-date: /home/mm/longshan12_2/install/control/share/control/environment/path.dsv
[16.396s] -- Up-to-date: /home/mm/longshan12_2/install/control/share/control/local_setup.bash
[16.396s] -- Up-to-date: /home/mm/longshan12_2/install/control/share/control/local_setup.sh
[16.396s] -- Up-to-date: /home/mm/longshan12_2/install/control/share/control/local_setup.zsh
[16.397s] -- Up-to-date: /home/mm/longshan12_2/install/control/share/control/local_setup.dsv
[16.397s] -- Installing: /home/mm/longshan12_2/install/control/share/control/package.dsv
[16.397s] -- Up-to-date: /home/mm/longshan12_2/install/control/share/ament_index/resource_index/packages/control
[16.397s] -- Up-to-date: /home/mm/longshan12_2/install/control/share/control/cmake/controlConfig.cmake
[16.397s] -- Up-to-date: /home/mm/longshan12_2/install/control/share/control/cmake/controlConfig-version.cmake
[16.397s] -- Up-to-date: /home/mm/longshan12_2/install/control/share/control/package.xml
[16.399s] Invoked command in '/home/mm/longshan12_2/build/control' returned '0': CMAKE_PREFIX_PATH=/opt/ros/foxy /usr/bin/cmake --install /home/mm/longshan12_2/build/control
