[0.106s] Invoking command in '/home/mm/longshan12_2/build/lidar_processing': CMAKE_PREFIX_PATH=/opt/ros/foxy /usr/bin/cmake --build /home/mm/longshan12_2/build/lidar_processing -- -j4 -l4
[0.641s] [100%] Built target Lidar_Processing_node
[0.696s] Invoked command in '/home/mm/longshan12_2/build/lidar_processing' returned '0': CMAKE_PREFIX_PATH=/opt/ros/foxy /usr/bin/cmake --build /home/mm/longshan12_2/build/lidar_processing -- -j4 -l4
[0.963s] Invoking command in '/home/mm/longshan12_2/build/lidar_processing': CMAKE_PREFIX_PATH=/opt/ros/foxy /usr/bin/cmake --install /home/mm/longshan12_2/build/lidar_processing
[1.015s] -- Install configuration: ""
[1.016s] -- Up-to-date: /home/mm/longshan12_2/install/lidar_processing/lib/lidar_processing/Lidar_Processing_node
[1.018s] -- Up-to-date: /home/mm/longshan12_2/install/lidar_processing/share/lidar_processing/launch
[1.018s] -- Up-to-date: /home/mm/longshan12_2/install/lidar_processing/share/lidar_processing/launch/lidar_Processing.launch.py
[1.018s] -- Up-to-date: /home/mm/longshan12_2/install/lidar_processing/share/lidar_processing/src
[1.018s] -- Up-to-date: /home/mm/longshan12_2/install/lidar_processing/share/lidar_processing/src/Processing_lidar.cpp
[1.018s] -- Up-to-date: /home/mm/longshan12_2/install/lidar_processing/share/lidar_processing/src/box.hpp
[1.018s] -- Up-to-date: /home/mm/longshan12_2/install/lidar_processing/share/lidar_processing/src/obstacle_detector.hpp
[1.027s] -- Up-to-date: /home/mm/longshan12_2/install/lidar_processing/share/ament_index/resource_index/package_run_dependencies/lidar_processing
[1.027s] -- Up-to-date: /home/mm/longshan12_2/install/lidar_processing/share/ament_index/resource_index/parent_prefix_path/lidar_processing
[1.027s] -- Up-to-date: /home/mm/longshan12_2/install/lidar_processing/share/lidar_processing/environment/ament_prefix_path.sh
[1.027s] -- Up-to-date: /home/mm/longshan12_2/install/lidar_processing/share/lidar_processing/environment/ament_prefix_path.dsv
[1.027s] -- Up-to-date: /home/mm/longshan12_2/install/lidar_processing/share/lidar_processing/environment/path.sh
[1.027s] -- Up-to-date: /home/mm/longshan12_2/install/lidar_processing/share/lidar_processing/environment/path.dsv
[1.027s] -- Up-to-date: /home/mm/longshan12_2/install/lidar_processing/share/lidar_processing/local_setup.bash
[1.027s] -- Up-to-date: /home/mm/longshan12_2/install/lidar_processing/share/lidar_processing/local_setup.sh
[1.027s] -- Up-to-date: /home/mm/longshan12_2/install/lidar_processing/share/lidar_processing/local_setup.zsh
[1.027s] -- Up-to-date: /home/mm/longshan12_2/install/lidar_processing/share/lidar_processing/local_setup.dsv
[1.028s] -- Installing: /home/mm/longshan12_2/install/lidar_processing/share/lidar_processing/package.dsv
[1.028s] -- Up-to-date: /home/mm/longshan12_2/install/lidar_processing/share/ament_index/resource_index/packages/lidar_processing
[1.028s] -- Up-to-date: /home/mm/longshan12_2/install/lidar_processing/share/lidar_processing/cmake/lidar_processingConfig.cmake
[1.028s] -- Up-to-date: /home/mm/longshan12_2/install/lidar_processing/share/lidar_processing/cmake/lidar_processingConfig-version.cmake
[1.028s] -- Up-to-date: /home/mm/longshan12_2/install/lidar_processing/share/lidar_processing/package.xml
[1.036s] Invoked command in '/home/mm/longshan12_2/build/lidar_processing' returned '0': CMAKE_PREFIX_PATH=/opt/ros/foxy /usr/bin/cmake --install /home/mm/longshan12_2/build/lidar_processing
