[100%] Built target global_node
-- Install configuration: ""
-- Up-to-date: /home/mm/longshan11_6/install/global/lib/global/global_node
-- Up-to-date: /home/mm/longshan11_6/install/global/share/global/launch
-- Up-to-date: /home/mm/longshan11_6/install/global/share/global/launch/global.launch.py
-- Up-to-date: /home/mm/longshan11_6/install/global/share/ament_index/resource_index/package_run_dependencies/global
-- Up-to-date: /home/mm/longshan11_6/install/global/share/ament_index/resource_index/parent_prefix_path/global
-- Up-to-date: /home/mm/longshan11_6/install/global/share/global/environment/ament_prefix_path.sh
-- Up-to-date: /home/mm/longshan11_6/install/global/share/global/environment/ament_prefix_path.dsv
-- Up-to-date: /home/mm/longshan11_6/install/global/share/global/environment/path.sh
-- Up-to-date: /home/mm/longshan11_6/install/global/share/global/environment/path.dsv
-- Up-to-date: /home/mm/longshan11_6/install/global/share/global/local_setup.bash
-- Up-to-date: /home/mm/longshan11_6/install/global/share/global/local_setup.sh
-- Up-to-date: /home/mm/longshan11_6/install/global/share/global/local_setup.zsh
-- Up-to-date: /home/mm/longshan11_6/install/global/share/global/local_setup.dsv
-- Installing: /home/mm/longshan11_6/install/global/share/global/package.dsv
-- Up-to-date: /home/mm/longshan11_6/install/global/share/ament_index/resource_index/packages/global
-- Up-to-date: /home/mm/longshan11_6/install/global/share/global/cmake/globalConfig.cmake
-- Up-to-date: /home/mm/longshan11_6/install/global/share/global/cmake/globalConfig-version.cmake
-- Up-to-date: /home/mm/longshan11_6/install/global/share/global/package.xml
