[0.048s] Invoking command in '/home/mm/longshan11_6/build/gnss': CMAKE_PREFIX_PATH=/opt/ros/foxy /usr/bin/cmake --build /home/mm/longshan11_6/build/gnss -- -j4 -l4
[0.333s] [  1%] Built target gnss__cpp
[0.334s] [ 10%] Built target gnss__rosidl_generator_c
[0.449s] [ 19%] Built target gnss__rosidl_typesupport_fastrtps_cpp
[0.466s] [ 28%] Built target gnss__rosidl_typesupport_cpp
[0.519s] [ 37%] Built target gnss__rosidl_typesupport_introspection_cpp
[0.555s] [ 46%] Built target gnss__rosidl_typesupport_introspection_c
[0.574s] [ 55%] Built target gnss__rosidl_typesupport_c
[0.606s] [ 64%] Built target gnss__rosidl_typesupport_fastrtps_c
[0.671s] [ 64%] Built target gnss
[0.830s] [ 73%] Built target gnss_lib
[0.940s] [ 76%] Built target gnss_sync_node
[1.067s] [ 80%] Built target gnss_node
[1.143s] [ 82%] Built target gnss__py
[1.226s] [ 89%] Built target gnss__python
[1.302s] [ 92%] Built target gnss__rosidl_typesupport_c__pyext
[1.390s] [ 96%] Built target gnss__rosidl_typesupport_introspection_c__pyext
[1.461s] [100%] Built target gnss__rosidl_typesupport_fastrtps_c__pyext
[1.498s] Invoked command in '/home/mm/longshan11_6/build/gnss' returned '0': CMAKE_PREFIX_PATH=/opt/ros/foxy /usr/bin/cmake --build /home/mm/longshan11_6/build/gnss -- -j4 -l4
[1.937s] Invoking command in '/home/mm/longshan11_6/build/gnss': CMAKE_PREFIX_PATH=/opt/ros/foxy /usr/bin/cmake --install /home/mm/longshan11_6/build/gnss
[2.003s] -- Install configuration: ""
[2.003s] -- Up-to-date: /home/mm/longshan11_6/install/gnss/share/ament_index/resource_index/rosidl_interfaces/gnss
[2.004s] -- Up-to-date: /home/mm/longshan11_6/install/gnss/include/gnss
[2.004s] -- Up-to-date: /home/mm/longshan11_6/install/gnss/include/gnss/msg
[2.004s] -- Up-to-date: /home/mm/longshan11_6/install/gnss/include/gnss/msg/ins.h
[2.004s] -- Up-to-date: /home/mm/longshan11_6/install/gnss/include/gnss/msg/message.h
[2.004s] -- Up-to-date: /home/mm/longshan11_6/install/gnss/include/gnss/msg/imu.h
[2.004s] -- Up-to-date: /home/mm/longshan11_6/install/gnss/include/gnss/msg/rosidl_generator_c__visibility_control.h
[2.004s] -- Up-to-date: /home/mm/longshan11_6/install/gnss/include/gnss/msg/detail
[2.004s] -- Up-to-date: /home/mm/longshan11_6/install/gnss/include/gnss/msg/detail/message__type_support.h
[2.005s] -- Up-to-date: /home/mm/longshan11_6/install/gnss/include/gnss/msg/detail/imu__functions.c
[2.005s] -- Up-to-date: /home/mm/longshan11_6/install/gnss/include/gnss/msg/detail/ins__type_support.h
[2.005s] -- Up-to-date: /home/mm/longshan11_6/install/gnss/include/gnss/msg/detail/imu__functions.h
[2.005s] -- Up-to-date: /home/mm/longshan11_6/install/gnss/include/gnss/msg/detail/message__functions.h
[2.005s] -- Up-to-date: /home/mm/longshan11_6/install/gnss/include/gnss/msg/detail/ins__functions.c
[2.006s] -- Up-to-date: /home/mm/longshan11_6/install/gnss/include/gnss/msg/detail/imu__type_support.h
[2.007s] -- Up-to-date: /home/mm/longshan11_6/install/gnss/include/gnss/msg/detail/message__struct.h
[2.007s] -- Up-to-date: /home/mm/longshan11_6/install/gnss/include/gnss/msg/detail/ins__functions.h
[2.015s] -- Up-to-date: /home/mm/longshan11_6/install/gnss/include/gnss/msg/detail/message__functions.c
[2.015s] -- Up-to-date: /home/mm/longshan11_6/install/gnss/include/gnss/msg/detail/imu__struct.h
[2.016s] -- Up-to-date: /home/mm/longshan11_6/install/gnss/include/gnss/msg/detail/ins__struct.h
[2.016s] -- Up-to-date: /home/mm/longshan11_6/install/gnss/share/gnss/environment/library_path.sh
[2.016s] -- Up-to-date: /home/mm/longshan11_6/install/gnss/share/gnss/environment/library_path.dsv
[2.019s] -- Up-to-date: /home/mm/longshan11_6/install/gnss/lib/libgnss__rosidl_generator_c.so
[2.020s] -- Up-to-date: /home/mm/longshan11_6/install/gnss/include/gnss
[2.020s] -- Up-to-date: /home/mm/longshan11_6/install/gnss/include/gnss/msg
[2.020s] -- Up-to-date: /home/mm/longshan11_6/install/gnss/include/gnss/msg/rosidl_typesupport_fastrtps_c__visibility_control.h
[2.020s] -- Up-to-date: /home/mm/longshan11_6/install/gnss/include/gnss/msg/detail
[2.021s] -- Up-to-date: /home/mm/longshan11_6/install/gnss/include/gnss/msg/detail/ins__rosidl_typesupport_fastrtps_c.h
[2.021s] -- Up-to-date: /home/mm/longshan11_6/install/gnss/include/gnss/msg/detail/message__rosidl_typesupport_fastrtps_c.h
[2.021s] -- Up-to-date: /home/mm/longshan11_6/install/gnss/include/gnss/msg/detail/imu__rosidl_typesupport_fastrtps_c.h
[2.021s] -- Up-to-date: /home/mm/longshan11_6/install/gnss/lib/libgnss__rosidl_typesupport_fastrtps_c.so
[2.031s] -- Up-to-date: /home/mm/longshan11_6/install/gnss/include/gnss
[2.031s] -- Up-to-date: /home/mm/longshan11_6/install/gnss/include/gnss/msg
[2.032s] -- Up-to-date: /home/mm/longshan11_6/install/gnss/include/gnss/msg/rosidl_typesupport_fastrtps_cpp__visibility_control.h
[2.032s] -- Up-to-date: /home/mm/longshan11_6/install/gnss/include/gnss/msg/detail
[2.032s] -- Up-to-date: /home/mm/longshan11_6/install/gnss/include/gnss/msg/detail/message__rosidl_typesupport_fastrtps_cpp.hpp
[2.032s] -- Up-to-date: /home/mm/longshan11_6/install/gnss/include/gnss/msg/detail/ins__rosidl_typesupport_fastrtps_cpp.hpp
[2.032s] -- Up-to-date: /home/mm/longshan11_6/install/gnss/include/gnss/msg/detail/dds_fastrtps
[2.033s] -- Up-to-date: /home/mm/longshan11_6/install/gnss/include/gnss/msg/detail/imu__rosidl_typesupport_fastrtps_cpp.hpp
[2.033s] -- Up-to-date: /home/mm/longshan11_6/install/gnss/lib/libgnss__rosidl_typesupport_fastrtps_cpp.so
[2.033s] -- Up-to-date: /home/mm/longshan11_6/install/gnss/include/gnss
[2.033s] -- Up-to-date: /home/mm/longshan11_6/install/gnss/include/gnss/msg
[2.033s] -- Up-to-date: /home/mm/longshan11_6/install/gnss/include/gnss/msg/rosidl_typesupport_introspection_c__visibility_control.h
[2.033s] -- Up-to-date: /home/mm/longshan11_6/install/gnss/include/gnss/msg/detail
[2.034s] -- Up-to-date: /home/mm/longshan11_6/install/gnss/include/gnss/msg/detail/ins__type_support.c
[2.034s] -- Up-to-date: /home/mm/longshan11_6/install/gnss/include/gnss/msg/detail/message__type_support.c
[2.034s] -- Up-to-date: /home/mm/longshan11_6/install/gnss/include/gnss/msg/detail/imu__type_support.c
[2.034s] -- Up-to-date: /home/mm/longshan11_6/install/gnss/include/gnss/msg/detail/message__rosidl_typesupport_introspection_c.h
[2.034s] -- Up-to-date: /home/mm/longshan11_6/install/gnss/include/gnss/msg/detail/imu__rosidl_typesupport_introspection_c.h
[2.035s] -- Up-to-date: /home/mm/longshan11_6/install/gnss/include/gnss/msg/detail/ins__rosidl_typesupport_introspection_c.h
[2.035s] -- Up-to-date: /home/mm/longshan11_6/install/gnss/lib/libgnss__rosidl_typesupport_introspection_c.so
[2.035s] -- Up-to-date: /home/mm/longshan11_6/install/gnss/lib/libgnss__rosidl_typesupport_c.so
[2.035s] -- Up-to-date: /home/mm/longshan11_6/install/gnss/include/gnss
[2.035s] -- Up-to-date: /home/mm/longshan11_6/install/gnss/include/gnss/msg
[2.036s] -- Up-to-date: /home/mm/longshan11_6/install/gnss/include/gnss/msg/rosidl_generator_cpp__visibility_control.hpp
[2.036s] -- Up-to-date: /home/mm/longshan11_6/install/gnss/include/gnss/msg/ins.hpp
[2.036s] -- Up-to-date: /home/mm/longshan11_6/install/gnss/include/gnss/msg/message.hpp
[2.036s] -- Up-to-date: /home/mm/longshan11_6/install/gnss/include/gnss/msg/imu.hpp
[2.036s] -- Up-to-date: /home/mm/longshan11_6/install/gnss/include/gnss/msg/detail
[2.037s] -- Up-to-date: /home/mm/longshan11_6/install/gnss/include/gnss/msg/detail/ins__type_support.hpp
[2.037s] -- Up-to-date: /home/mm/longshan11_6/install/gnss/include/gnss/msg/detail/message__type_support.hpp
[2.037s] -- Up-to-date: /home/mm/longshan11_6/install/gnss/include/gnss/msg/detail/message__struct.hpp
[2.037s] -- Up-to-date: /home/mm/longshan11_6/install/gnss/include/gnss/msg/detail/imu__builder.hpp
[2.037s] -- Up-to-date: /home/mm/longshan11_6/install/gnss/include/gnss/msg/detail/ins__struct.hpp
[2.037s] -- Up-to-date: /home/mm/longshan11_6/install/gnss/include/gnss/msg/detail/message__traits.hpp
[2.037s] -- Up-to-date: /home/mm/longshan11_6/install/gnss/include/gnss/msg/detail/imu__struct.hpp
[2.037s] -- Up-to-date: /home/mm/longshan11_6/install/gnss/include/gnss/msg/detail/ins__builder.hpp
[2.037s] -- Up-to-date: /home/mm/longshan11_6/install/gnss/include/gnss/msg/detail/message__builder.hpp
[2.038s] -- Up-to-date: /home/mm/longshan11_6/install/gnss/include/gnss/msg/detail/imu__traits.hpp
[2.038s] -- Up-to-date: /home/mm/longshan11_6/install/gnss/include/gnss/msg/detail/ins__traits.hpp
[2.038s] -- Up-to-date: /home/mm/longshan11_6/install/gnss/include/gnss/msg/detail/imu__type_support.hpp
[2.038s] -- Up-to-date: /home/mm/longshan11_6/install/gnss/include/gnss
[2.038s] -- Up-to-date: /home/mm/longshan11_6/install/gnss/include/gnss/msg
[2.038s] -- Up-to-date: /home/mm/longshan11_6/install/gnss/include/gnss/msg/detail
[2.038s] -- Up-to-date: /home/mm/longshan11_6/install/gnss/include/gnss/msg/detail/ins__type_support.cpp
[2.038s] -- Up-to-date: /home/mm/longshan11_6/install/gnss/include/gnss/msg/detail/message__type_support.cpp
[2.043s] -- Up-to-date: /home/mm/longshan11_6/install/gnss/include/gnss/msg/detail/imu__type_support.cpp
[2.043s] -- Up-to-date: /home/mm/longshan11_6/install/gnss/include/gnss/msg/detail/message__rosidl_typesupport_introspection_cpp.hpp
[2.043s] -- Up-to-date: /home/mm/longshan11_6/install/gnss/include/gnss/msg/detail/imu__rosidl_typesupport_introspection_cpp.hpp
[2.043s] -- Up-to-date: /home/mm/longshan11_6/install/gnss/include/gnss/msg/detail/ins__rosidl_typesupport_introspection_cpp.hpp
[2.043s] -- Up-to-date: /home/mm/longshan11_6/install/gnss/lib/libgnss__rosidl_typesupport_introspection_cpp.so
[2.044s] -- Up-to-date: /home/mm/longshan11_6/install/gnss/lib/libgnss__rosidl_typesupport_cpp.so
[2.044s] -- Up-to-date: /home/mm/longshan11_6/install/gnss/share/gnss/environment/pythonpath.sh
[2.044s] -- Up-to-date: /home/mm/longshan11_6/install/gnss/share/gnss/environment/pythonpath.dsv
[2.044s] -- Up-to-date: /home/mm/longshan11_6/install/gnss/lib/python3.8/site-packages/gnss/__init__.py
[2.097s] -- Up-to-date: /home/mm/longshan11_6/install/gnss/lib/python3.8/site-packages/gnss/msg
[2.097s] -- Up-to-date: /home/mm/longshan11_6/install/gnss/lib/python3.8/site-packages/gnss/msg/_message_s.c
[2.097s] -- Up-to-date: /home/mm/longshan11_6/install/gnss/lib/python3.8/site-packages/gnss/msg/__init__.py
[2.097s] -- Up-to-date: /home/mm/longshan11_6/install/gnss/lib/python3.8/site-packages/gnss/msg/_ins_s.c
[2.097s] -- Up-to-date: /home/mm/longshan11_6/install/gnss/lib/python3.8/site-packages/gnss/msg/_message.py
[2.097s] -- Up-to-date: /home/mm/longshan11_6/install/gnss/lib/python3.8/site-packages/gnss/msg/_ins.py
[2.097s] -- Up-to-date: /home/mm/longshan11_6/install/gnss/lib/python3.8/site-packages/gnss/msg/_imu.py
[2.097s] -- Up-to-date: /home/mm/longshan11_6/install/gnss/lib/python3.8/site-packages/gnss/msg/_imu_s.c
[2.097s] -- Up-to-date: /home/mm/longshan11_6/install/gnss/lib/python3.8/site-packages/gnss/gnss_s__rosidl_typesupport_fastrtps_c.cpython-38-x86_64-linux-gnu.so
[2.103s] -- Up-to-date: /home/mm/longshan11_6/install/gnss/lib/python3.8/site-packages/gnss/gnss_s__rosidl_typesupport_introspection_c.cpython-38-x86_64-linux-gnu.so
[2.108s] -- Up-to-date: /home/mm/longshan11_6/install/gnss/lib/python3.8/site-packages/gnss/gnss_s__rosidl_typesupport_c.cpython-38-x86_64-linux-gnu.so
[2.113s] -- Up-to-date: /home/mm/longshan11_6/install/gnss/lib/libgnss__python.so
[2.114s] -- Up-to-date: /home/mm/longshan11_6/install/gnss/share/gnss/msg/Imu.idl
[2.114s] -- Up-to-date: /home/mm/longshan11_6/install/gnss/share/gnss/msg/Ins.idl
[2.115s] -- Up-to-date: /home/mm/longshan11_6/install/gnss/share/gnss/msg/Message.idl
[2.115s] -- Up-to-date: /home/mm/longshan11_6/install/gnss/share/gnss/msg/Imu.msg
[2.115s] -- Up-to-date: /home/mm/longshan11_6/install/gnss/share/gnss/msg/Ins.msg
[2.116s] -- Up-to-date: /home/mm/longshan11_6/install/gnss/share/gnss/msg/Message.msg
[2.125s] -- Up-to-date: /home/mm/longshan11_6/install/gnss/lib/libgnss_lib.so
[2.126s] -- Up-to-date: /home/mm/longshan11_6/install/gnss/lib/gnss/gnss_node
[2.129s] -- Up-to-date: /home/mm/longshan11_6/install/gnss/lib/gnss/gnss_sync_node
[2.129s] -- Up-to-date: /home/mm/longshan11_6/install/gnss/share/gnss/launch
[2.129s] -- Up-to-date: /home/mm/longshan11_6/install/gnss/share/gnss/launch/gnss.launch.py
[2.132s] -- Up-to-date: /home/mm/longshan11_6/install/gnss/share/ament_index/resource_index/package_run_dependencies/gnss
[2.132s] -- Up-to-date: /home/mm/longshan11_6/install/gnss/share/ament_index/resource_index/parent_prefix_path/gnss
[2.132s] -- Up-to-date: /home/mm/longshan11_6/install/gnss/share/gnss/environment/ament_prefix_path.sh
[2.133s] -- Up-to-date: /home/mm/longshan11_6/install/gnss/share/gnss/environment/ament_prefix_path.dsv
[2.135s] -- Up-to-date: /home/mm/longshan11_6/install/gnss/share/gnss/environment/path.sh
[2.136s] -- Up-to-date: /home/mm/longshan11_6/install/gnss/share/gnss/environment/path.dsv
[2.136s] -- Up-to-date: /home/mm/longshan11_6/install/gnss/share/gnss/local_setup.bash
[2.136s] -- Up-to-date: /home/mm/longshan11_6/install/gnss/share/gnss/local_setup.sh
[2.137s] -- Up-to-date: /home/mm/longshan11_6/install/gnss/share/gnss/local_setup.zsh
[2.137s] -- Up-to-date: /home/mm/longshan11_6/install/gnss/share/gnss/local_setup.dsv
[2.138s] -- Installing: /home/mm/longshan11_6/install/gnss/share/gnss/package.dsv
[2.138s] -- Up-to-date: /home/mm/longshan11_6/install/gnss/share/ament_index/resource_index/packages/gnss
[2.144s] -- Up-to-date: /home/mm/longshan11_6/install/gnss/share/gnss/cmake/gnss__rosidl_generator_cExport.cmake
[2.144s] -- Up-to-date: /home/mm/longshan11_6/install/gnss/share/gnss/cmake/gnss__rosidl_generator_cExport-noconfig.cmake
[2.149s] -- Up-to-date: /home/mm/longshan11_6/install/gnss/share/gnss/cmake/gnss__rosidl_typesupport_introspection_cExport.cmake
[2.149s] -- Up-to-date: /home/mm/longshan11_6/install/gnss/share/gnss/cmake/gnss__rosidl_typesupport_introspection_cExport-noconfig.cmake
[2.152s] -- Up-to-date: /home/mm/longshan11_6/install/gnss/share/gnss/cmake/gnss__rosidl_typesupport_cExport.cmake
[2.153s] -- Up-to-date: /home/mm/longshan11_6/install/gnss/share/gnss/cmake/gnss__rosidl_typesupport_cExport-noconfig.cmake
[2.163s] -- Up-to-date: /home/mm/longshan11_6/install/gnss/share/gnss/cmake/gnss__rosidl_generator_cppExport.cmake
[2.167s] -- Up-to-date: /home/mm/longshan11_6/install/gnss/share/gnss/cmake/gnss__rosidl_typesupport_introspection_cppExport.cmake
[2.173s] -- Up-to-date: /home/mm/longshan11_6/install/gnss/share/gnss/cmake/gnss__rosidl_typesupport_introspection_cppExport-noconfig.cmake
[2.177s] -- Up-to-date: /home/mm/longshan11_6/install/gnss/share/gnss/cmake/gnss__rosidl_typesupport_cppExport.cmake
[2.177s] -- Up-to-date: /home/mm/longshan11_6/install/gnss/share/gnss/cmake/gnss__rosidl_typesupport_cppExport-noconfig.cmake
[2.177s] -- Up-to-date: /home/mm/longshan11_6/install/gnss/share/gnss/cmake/rosidl_cmake-extras.cmake
[2.178s] -- Up-to-date: /home/mm/longshan11_6/install/gnss/share/gnss/cmake/ament_cmake_export_dependencies-extras.cmake
[2.178s] -- Up-to-date: /home/mm/longshan11_6/install/gnss/share/gnss/cmake/ament_cmake_export_libraries-extras.cmake
[2.178s] -- Up-to-date: /home/mm/longshan11_6/install/gnss/share/gnss/cmake/ament_cmake_export_targets-extras.cmake
[2.178s] -- Up-to-date: /home/mm/longshan11_6/install/gnss/share/gnss/cmake/ament_cmake_export_include_directories-extras.cmake
[2.178s] -- Up-to-date: /home/mm/longshan11_6/install/gnss/share/gnss/cmake/rosidl_cmake_export_typesupport_libraries-extras.cmake
[2.178s] -- Up-to-date: /home/mm/longshan11_6/install/gnss/share/gnss/cmake/rosidl_cmake_export_typesupport_targets-extras.cmake
[2.178s] -- Up-to-date: /home/mm/longshan11_6/install/gnss/share/gnss/cmake/gnssConfig.cmake
[2.178s] -- Up-to-date: /home/mm/longshan11_6/install/gnss/share/gnss/cmake/gnssConfig-version.cmake
[2.178s] -- Up-to-date: /home/mm/longshan11_6/install/gnss/share/gnss/package.xml
[2.193s] Invoked command in '/home/mm/longshan11_6/build/gnss' returned '0': CMAKE_PREFIX_PATH=/opt/ros/foxy /usr/bin/cmake --install /home/mm/longshan11_6/build/gnss
