[0.015s] Invoking command in '/home/mm/longshan12_2/build/local': AMENT_PREFIX_PATH=/home/mm/longshan12_2/install/ros2_path_interfaces:${AMENT_PREFIX_PATH} CMAKE_PREFIX_PATH=/home/mm/longshan12_2/install/ros2_path_interfaces:/opt/ros/foxy LD_LIBRARY_PATH=/home/mm/longshan12_2/install/ros2_path_interfaces/lib:/usr/lib/x86_64-linux-gnu/gazebo-11/plugins:/opt/ros/foxy/opt/yaml_cpp_vendor/lib:/opt/ros/foxy/opt/rviz_ogre_vendor/lib:/opt/ros/foxy/lib/x86_64-linux-gnu:/opt/ros/foxy/lib:/usr/local/lib/libosqp.so PYTHONPATH=/home/mm/longshan12_2/install/ros2_path_interfaces/lib/python3.8/site-packages:${PYTHONPATH} /usr/bin/cmake /home/mm/longshan12_2/src/local -DCMAKE_INSTALL_PREFIX=/home/mm/longshan12_2/install/local
[0.089s] -- The C compiler identification is GNU 9.4.0
[0.142s] -- The CXX compiler identification is GNU 9.4.0
[0.148s] -- Check for working C compiler: /usr/bin/cc
[0.216s] -- Check for working C compiler: /usr/bin/cc -- works
[0.217s] -- Detecting C compiler ABI info
[0.284s] -- Detecting C compiler ABI info - done
[0.295s] -- Detecting C compile features
[0.295s] -- Detecting C compile features - done
[0.297s] -- Check for working CXX compiler: /usr/bin/c++
[0.373s] -- Check for working CXX compiler: /usr/bin/c++ -- works
[0.375s] -- Detecting CXX compiler ABI info
[0.463s] -- Detecting CXX compiler ABI info - done
[0.480s] -- Detecting CXX compile features
[0.480s] -- Detecting CXX compile features - done
[0.483s] -- Found ament_cmake: 0.9.12 (/opt/ros/foxy/share/ament_cmake/cmake)
[0.505s] -- Found PythonInterp: /usr/bin/python3 (found suitable version "3.8.10", minimum required is "3") 
[0.506s] -- Using PYTHON_EXECUTABLE: /usr/bin/python3
[0.700s] -- Found rclcpp: 2.4.3 (/opt/ros/foxy/share/rclcpp/cmake)
[0.739s] -- Using all available rosidl_typesupport_c: rosidl_typesupport_fastrtps_c;rosidl_typesupport_introspection_c
[0.745s] -- Found rosidl_adapter: 1.3.1 (/opt/ros/foxy/share/rosidl_adapter/cmake)
[0.807s] -- Found OpenSSL: /usr/lib/x86_64-linux-gnu/libcrypto.so (found version "1.1.1f")  
[0.826s] -- Found FastRTPS: /opt/ros/foxy/include  
[0.887s] -- Using all available rosidl_typesupport_cpp: rosidl_typesupport_fastrtps_cpp;rosidl_typesupport_introspection_cpp
[0.940s] -- Found rmw_implementation_cmake: 1.0.4 (/opt/ros/foxy/share/rmw_implementation_cmake/cmake)
[0.941s] -- Using RMW implementation 'rmw_fastrtps_cpp' as default
[0.942s] -- Looking for pthread.h
[1.013s] -- Looking for pthread.h - found
[1.013s] -- Performing Test CMAKE_HAVE_LIBC_PTHREAD
[1.100s] -- Performing Test CMAKE_HAVE_LIBC_PTHREAD - Failed
[1.100s] -- Looking for pthread_create in pthreads
[1.164s] -- Looking for pthread_create in pthreads - not found
[1.164s] -- Looking for pthread_create in pthread
[1.235s] -- Looking for pthread_create in pthread - found
[1.238s] -- Found Threads: TRUE  
[1.389s] -- Found OpenCV: /usr (found version "4.2.0") 
[1.394s] -- Found visualization_msgs: 2.0.5 (/opt/ros/foxy/share/visualization_msgs/cmake)
[1.531s] -- Found ros2_path_interfaces: 0.0.0 (/home/mm/longshan12_2/install/ros2_path_interfaces/share/ros2_path_interfaces/cmake)
[1.802s] -- Found OpenMP_C: -fopenmp (found version "4.5") 
[1.888s] -- Found OpenMP_CXX: -fopenmp (found version "4.5") 
[1.888s] -- Found OpenMP: TRUE (found version "4.5")  
[1.895s] -- Found ament_lint_auto: 0.9.8 (/opt/ros/foxy/share/ament_lint_auto/cmake)
[1.968s] -- Added test 'copyright' to check source files copyright and LICENSE
[1.970s] -- Added test 'cppcheck' to perform static code analysis on C / C++ code
[1.971s] -- Configured cppcheck include dirs: /home/mm/longshan12_2/src/local/./include;$<BUILD_INTERFACE:/home/mm/longshan12_2/src/local/include>
[1.971s] -- Configured cppcheck exclude dirs and/or files: 
[1.972s] -- Added test 'cpplint' to check C / C++ code against the Google style
[1.972s] -- Configured cpplint exclude dirs and/or files: 
[1.973s] -- Added test 'flake8' to check Python code syntax and style conventions
[1.974s] -- Added test 'lint_cmake' to check CMake code style
[1.974s] -- Added test 'pep257' to check Python code against some of the style conventions in PEP 257
[1.976s] -- Added test 'uncrustify' to check C / C++ code style
[1.976s] -- Configured uncrustify additional arguments: 
[1.977s] -- Added test 'xmllint' to check XML markup files
[1.980s] -- Configuring done
[1.998s] -- Generating done
[2.000s] -- Build files have been written to: /home/mm/longshan12_2/build/local
[2.009s] Invoked command in '/home/mm/longshan12_2/build/local' returned '0': AMENT_PREFIX_PATH=/home/mm/longshan12_2/install/ros2_path_interfaces:${AMENT_PREFIX_PATH} CMAKE_PREFIX_PATH=/home/mm/longshan12_2/install/ros2_path_interfaces:/opt/ros/foxy LD_LIBRARY_PATH=/home/mm/longshan12_2/install/ros2_path_interfaces/lib:/usr/lib/x86_64-linux-gnu/gazebo-11/plugins:/opt/ros/foxy/opt/yaml_cpp_vendor/lib:/opt/ros/foxy/opt/rviz_ogre_vendor/lib:/opt/ros/foxy/lib/x86_64-linux-gnu:/opt/ros/foxy/lib:/usr/local/lib/libosqp.so PYTHONPATH=/home/mm/longshan12_2/install/ros2_path_interfaces/lib/python3.8/site-packages:${PYTHONPATH} /usr/bin/cmake /home/mm/longshan12_2/src/local -DCMAKE_INSTALL_PREFIX=/home/mm/longshan12_2/install/local
[2.011s] Invoking command in '/home/mm/longshan12_2/build/local': AMENT_PREFIX_PATH=/home/mm/longshan12_2/install/ros2_path_interfaces:${AMENT_PREFIX_PATH} CMAKE_PREFIX_PATH=/home/mm/longshan12_2/install/ros2_path_interfaces:/opt/ros/foxy LD_LIBRARY_PATH=/home/mm/longshan12_2/install/ros2_path_interfaces/lib:/usr/lib/x86_64-linux-gnu/gazebo-11/plugins:/opt/ros/foxy/opt/yaml_cpp_vendor/lib:/opt/ros/foxy/opt/rviz_ogre_vendor/lib:/opt/ros/foxy/lib/x86_64-linux-gnu:/opt/ros/foxy/lib:/usr/local/lib/libosqp.so PYTHONPATH=/home/mm/longshan12_2/install/ros2_path_interfaces/lib/python3.8/site-packages:${PYTHONPATH} /usr/bin/cmake --build /home/mm/longshan12_2/build/local -- -j4 -l4
[2.062s] [35m[1mScanning dependencies of target local_node4[0m
[2.197s] [  5%] [32mBuilding CXX object CMakeFiles/local_node4.dir/src/BSpline.cpp.o[0m
[2.218s] [ 10%] [32mBuilding CXX object CMakeFiles/local_node4.dir/src/Speeddecisions.cpp.o[0m
[3.259s] [ 15%] [32mBuilding CXX object CMakeFiles/local_node4.dir/src/dp_st_cost_.cpp.o[0m
[4.417s] [ 21%] [32mBuilding CXX object CMakeFiles/local_node4.dir/src/localFuns.cpp.o[0m
[9.795s] In file included from [01m[K/home/mm/longshan12_2/src/local/./include/localFuns.h:5[m[K,
[9.795s]                  from [01m[K/home/mm/longshan12_2/src/local/src/localFuns.cpp:1[m[K:
[9.796s] [01m[K/home/mm/longshan12_2/src/local/./include/toolKits.h:64:19:[m[K [01;35m[Kwarning: [m[Kinline function ‘[01m[Kdouble tool::d2r(double)[m[K’ used but never defined
[9.796s]    64 |     inline double [01;35m[Kd2r[m[K(double theta);
[9.796s]       |                   [01;35m[K^~~[m[K
[10.433s] [ 26%] [32mBuilding CXX object CMakeFiles/local_node4.dir/src/local_dp_qp.cpp.o[0m
[12.469s] [ 31%] [32mBuilding CXX object CMakeFiles/local_node4.dir/src/QP.cpp.o[0m
[13.433s] [ 36%] [32mBuilding CXX object CMakeFiles/local_node4.dir/src/Calobs.cpp.o[0m
[15.265s] [ 42%] [32mBuilding CXX object CMakeFiles/local_node4.dir/src/localmath.cpp.o[0m
[15.867s] [ 47%] [32mBuilding CXX object CMakeFiles/local_node4.dir/src/local_node4.cpp.o[0m
[16.222s] [ 52%] [32mBuilding CXX object CMakeFiles/local_node4.dir/src/piecewise_jerk_path_problem.cpp.o[0m
[16.716s] [ 57%] [32mBuilding CXX object CMakeFiles/local_node4.dir/src/piecewise_jerk_problem.cpp.o[0m
[17.286s] [ 63%] [32mBuilding CXX object CMakeFiles/local_node4.dir/src/piecewise_jerk_speed_optimizer.cpp.o[0m
[18.317s] [ 68%] [32mBuilding CXX object CMakeFiles/local_node4.dir/src/piecewise_jerk_speed_problem.cpp.o[0m
[19.117s] [ 73%] [32mBuilding CXX object CMakeFiles/local_node4.dir/src/local_node3.cpp.o[0m
[19.212s] [ 78%] [32mBuilding CXX object CMakeFiles/local_node4.dir/src/piecewise_jerk_trajectory1d.cpp.o[0m
[19.293s] [ 84%] [32mBuilding CXX object CMakeFiles/local_node4.dir/src/quintic_polynomial_curve1d.cpp.o[0m
[19.612s] [ 89%] [32mBuilding CXX object CMakeFiles/local_node4.dir/src/speed_.cpp.o[0m
[21.327s] [ 94%] [32mBuilding CXX object CMakeFiles/local_node4.dir/src/toolKits.cpp.o[0m
[22.304s] In file included from [01m[K/home/mm/longshan12_2/src/local/./include/localFuns.h:5[m[K,
[22.304s]                  from [01m[K/home/mm/longshan12_2/src/local/src/local_node4.cpp:17[m[K:
[22.304s] [01m[K/home/mm/longshan12_2/src/local/./include/toolKits.h:64:19:[m[K [01;35m[Kwarning: [m[Kinline function ‘[01m[Kdouble tool::d2r(double)[m[K’ used but never defined
[22.304s]    64 |     inline double [01;35m[Kd2r[m[K(double theta);
[22.304s]       |                   [01;35m[K^~~[m[K
[30.109s] [100%] [32m[1mLinking CXX executable local_node4[0m
[31.167s] [100%] Built target local_node4
[31.179s] Invoked command in '/home/mm/longshan12_2/build/local' returned '0': AMENT_PREFIX_PATH=/home/mm/longshan12_2/install/ros2_path_interfaces:${AMENT_PREFIX_PATH} CMAKE_PREFIX_PATH=/home/mm/longshan12_2/install/ros2_path_interfaces:/opt/ros/foxy LD_LIBRARY_PATH=/home/mm/longshan12_2/install/ros2_path_interfaces/lib:/usr/lib/x86_64-linux-gnu/gazebo-11/plugins:/opt/ros/foxy/opt/yaml_cpp_vendor/lib:/opt/ros/foxy/opt/rviz_ogre_vendor/lib:/opt/ros/foxy/lib/x86_64-linux-gnu:/opt/ros/foxy/lib:/usr/local/lib/libosqp.so PYTHONPATH=/home/mm/longshan12_2/install/ros2_path_interfaces/lib/python3.8/site-packages:${PYTHONPATH} /usr/bin/cmake --build /home/mm/longshan12_2/build/local -- -j4 -l4
[31.234s] Invoking command in '/home/mm/longshan12_2/build/local': AMENT_PREFIX_PATH=/home/mm/longshan12_2/install/ros2_path_interfaces:${AMENT_PREFIX_PATH} CMAKE_PREFIX_PATH=/home/mm/longshan12_2/install/ros2_path_interfaces:/opt/ros/foxy LD_LIBRARY_PATH=/home/mm/longshan12_2/install/ros2_path_interfaces/lib:/usr/lib/x86_64-linux-gnu/gazebo-11/plugins:/opt/ros/foxy/opt/yaml_cpp_vendor/lib:/opt/ros/foxy/opt/rviz_ogre_vendor/lib:/opt/ros/foxy/lib/x86_64-linux-gnu:/opt/ros/foxy/lib:/usr/local/lib/libosqp.so PYTHONPATH=/home/mm/longshan12_2/install/ros2_path_interfaces/lib/python3.8/site-packages:${PYTHONPATH} /usr/bin/cmake --install /home/mm/longshan12_2/build/local
[31.241s] -- Install configuration: ""
[31.241s] -- Installing: /home/mm/longshan12_2/install/local/lib/local/local_node4
[31.248s] -- Set runtime path of "/home/mm/longshan12_2/install/local/lib/local/local_node4" to ""
[31.248s] -- Installing: /home/mm/longshan12_2/install/local/share/local/launch
[31.248s] -- Installing: /home/mm/longshan12_2/install/local/share/local/launch/local.launch.py
[31.249s] -- Installing: /home/mm/longshan12_2/install/local/share/ament_index/resource_index/package_run_dependencies/local
[31.249s] -- Installing: /home/mm/longshan12_2/install/local/share/ament_index/resource_index/parent_prefix_path/local
[31.249s] -- Installing: /home/mm/longshan12_2/install/local/share/local/environment/ament_prefix_path.sh
[31.249s] -- Installing: /home/mm/longshan12_2/install/local/share/local/environment/ament_prefix_path.dsv
[31.249s] -- Installing: /home/mm/longshan12_2/install/local/share/local/environment/path.sh
[31.249s] -- Installing: /home/mm/longshan12_2/install/local/share/local/environment/path.dsv
[31.250s] -- Installing: /home/mm/longshan12_2/install/local/share/local/local_setup.bash
[31.250s] -- Installing: /home/mm/longshan12_2/install/local/share/local/local_setup.sh
[31.250s] -- Installing: /home/mm/longshan12_2/install/local/share/local/local_setup.zsh
[31.250s] -- Installing: /home/mm/longshan12_2/install/local/share/local/local_setup.dsv
[31.250s] -- Installing: /home/mm/longshan12_2/install/local/share/local/package.dsv
[31.250s] -- Installing: /home/mm/longshan12_2/install/local/share/ament_index/resource_index/packages/local
[31.250s] -- Installing: /home/mm/longshan12_2/install/local/share/local/cmake/localConfig.cmake
[31.250s] -- Installing: /home/mm/longshan12_2/install/local/share/local/cmake/localConfig-version.cmake
[31.250s] -- Installing: /home/mm/longshan12_2/install/local/share/local/package.xml
[31.253s] Invoked command in '/home/mm/longshan12_2/build/local' returned '0': AMENT_PREFIX_PATH=/home/mm/longshan12_2/install/ros2_path_interfaces:${AMENT_PREFIX_PATH} CMAKE_PREFIX_PATH=/home/mm/longshan12_2/install/ros2_path_interfaces:/opt/ros/foxy LD_LIBRARY_PATH=/home/mm/longshan12_2/install/ros2_path_interfaces/lib:/usr/lib/x86_64-linux-gnu/gazebo-11/plugins:/opt/ros/foxy/opt/yaml_cpp_vendor/lib:/opt/ros/foxy/opt/rviz_ogre_vendor/lib:/opt/ros/foxy/lib/x86_64-linux-gnu:/opt/ros/foxy/lib:/usr/local/lib/libosqp.so PYTHONPATH=/home/mm/longshan12_2/install/ros2_path_interfaces/lib/python3.8/site-packages:${PYTHONPATH} /usr/bin/cmake --install /home/mm/longshan12_2/build/local
