[0.050s] Invoking command in '/home/mm/longshan12_2/build/control': CMAKE_PREFIX_PATH=/opt/ros/foxy /usr/bin/cmake --build /home/mm/longshan12_2/build/control -- -j4 -l4
[0.346s] [35m[1mScanning dependencies of target control_node[0m
[0.650s] [  7%] [32mBuilding CXX object CMakeFiles/control_node.dir/src/control_node.cpp.o[0m
[5.642s] [01m[K/home/mm/longshan12_2/src/control/src/control_node.cpp:[m[K In member function ‘[01m[Kvoid control_node::gps_callback(std_msgs::msg::Float64MultiArray_<std::allocator<void> >::SharedPtr)[m[K’:
[5.642s] [01m[K/home/mm/longshan12_2/src/control/src/control_node.cpp:129:36:[m[K [01;35m[Kwarning: [m[Kunused variable ‘[01m[KdeltaX[m[K’ [[01;35m[K-Wunused-variable[m[K]
[5.642s]   129 |                             double [01;35m[KdeltaX[m[K =  dx;
[5.642s]       |                                    [01;35m[K^~~~~~[m[K
[5.642s] [01m[K/home/mm/longshan12_2/src/control/src/control_node.cpp:130:36:[m[K [01;35m[Kwarning: [m[Kunused variable ‘[01m[KdeltaY[m[K’ [[01;35m[K-Wunused-variable[m[K]
[5.642s]   130 |                             double [01;35m[KdeltaY[m[K =  dy;
[5.642s]       |                                    [01;35m[K^~~~~~[m[K
[5.642s] [01m[K/home/mm/longshan12_2/src/control/src/control_node.cpp:131:36:[m[K [01;35m[Kwarning: [m[Kunused variable ‘[01m[KdeltaYAW[m[K’ [[01;35m[K-Wunused-variable[m[K]
[5.642s]   131 |                             double [01;35m[KdeltaYAW[m[K = tool::normalizeAngle(tool::d2r(car(3)) - theta);
[5.642s]       |                                    [01;35m[K^~~~~~~~[m[K
[18.881s] [ 15%] [32m[1mLinking CXX executable control_node[0m
[21.944s] [100%] Built target control_node
[21.965s] Invoked command in '/home/mm/longshan12_2/build/control' returned '0': CMAKE_PREFIX_PATH=/opt/ros/foxy /usr/bin/cmake --build /home/mm/longshan12_2/build/control -- -j4 -l4
[22.035s] Invoking command in '/home/mm/longshan12_2/build/control': CMAKE_PREFIX_PATH=/opt/ros/foxy /usr/bin/cmake --install /home/mm/longshan12_2/build/control
[22.043s] -- Install configuration: ""
[22.046s] -- Installing: /home/mm/longshan12_2/install/control/lib/control/control_node
[22.061s] -- Set runtime path of "/home/mm/longshan12_2/install/control/lib/control/control_node" to ""
[22.062s] -- Up-to-date: /home/mm/longshan12_2/install/control/share/control/launch
[22.065s] -- Up-to-date: /home/mm/longshan12_2/install/control/share/control/launch/control.launch.py
[22.065s] -- Up-to-date: /home/mm/longshan12_2/install/control/share/ament_index/resource_index/package_run_dependencies/control
[22.065s] -- Up-to-date: /home/mm/longshan12_2/install/control/share/ament_index/resource_index/parent_prefix_path/control
[22.066s] -- Up-to-date: /home/mm/longshan12_2/install/control/share/control/environment/ament_prefix_path.sh
[22.066s] -- Up-to-date: /home/mm/longshan12_2/install/control/share/control/environment/ament_prefix_path.dsv
[22.067s] -- Up-to-date: /home/mm/longshan12_2/install/control/share/control/environment/path.sh
[22.067s] -- Up-to-date: /home/mm/longshan12_2/install/control/share/control/environment/path.dsv
[22.067s] -- Up-to-date: /home/mm/longshan12_2/install/control/share/control/local_setup.bash
[22.067s] -- Up-to-date: /home/mm/longshan12_2/install/control/share/control/local_setup.sh
[22.068s] -- Up-to-date: /home/mm/longshan12_2/install/control/share/control/local_setup.zsh
[22.068s] -- Up-to-date: /home/mm/longshan12_2/install/control/share/control/local_setup.dsv
[22.068s] -- Installing: /home/mm/longshan12_2/install/control/share/control/package.dsv
[22.069s] -- Up-to-date: /home/mm/longshan12_2/install/control/share/ament_index/resource_index/packages/control
[22.070s] -- Up-to-date: /home/mm/longshan12_2/install/control/share/control/cmake/controlConfig.cmake
[22.071s] -- Up-to-date: /home/mm/longshan12_2/install/control/share/control/cmake/controlConfig-version.cmake
[22.072s] -- Up-to-date: /home/mm/longshan12_2/install/control/share/control/package.xml
[22.076s] Invoked command in '/home/mm/longshan12_2/build/control' returned '0': CMAKE_PREFIX_PATH=/opt/ros/foxy /usr/bin/cmake --install /home/mm/longshan12_2/build/control
