[0.026s] Invoking command in '/home/mm/longshan12_2/build/can': CMAKE_PREFIX_PATH=/opt/ros/foxy /usr/bin/cmake /home/mm/longshan12_2/src/can -DCMAKE_INSTALL_PREFIX=/home/mm/longshan12_2/install/can
[0.559s] -- The C compiler identification is GNU 9.4.0
[0.759s] -- The CXX compiler identification is GNU 9.4.0
[0.772s] -- Check for working C compiler: /usr/bin/cc
[0.880s] -- Check for working C compiler: /usr/bin/cc -- works
[0.882s] -- Detecting C compiler ABI info
[0.965s] -- Detecting C compiler ABI info - done
[0.975s] -- Detecting C compile features
[0.975s] -- Detecting C compile features - done
[0.979s] -- Check for working CXX compiler: /usr/bin/c++
[1.081s] -- Check for working CXX compiler: /usr/bin/c++ -- works
[1.082s] -- Detecting CXX compiler ABI info
[1.173s] -- Detecting CXX compiler ABI info - done
[1.185s] -- Detecting CXX compile features
[1.185s] -- Detecting CXX compile features - done
[1.187s] -- Found ament_cmake: 0.9.12 (/opt/ros/foxy/share/ament_cmake/cmake)
[1.208s] -- Found PythonInterp: /usr/bin/python3 (found suitable version "3.8.10", minimum required is "3") 
[1.208s] -- Using PYTHON_EXECUTABLE: /usr/bin/python3
[1.408s] -- Found rclcpp: 2.4.3 (/opt/ros/foxy/share/rclcpp/cmake)
[1.448s] -- Using all available rosidl_typesupport_c: rosidl_typesupport_fastrtps_c;rosidl_typesupport_introspection_c
[1.453s] -- Found rosidl_adapter: 1.3.1 (/opt/ros/foxy/share/rosidl_adapter/cmake)
[1.524s] -- Found OpenSSL: /usr/lib/x86_64-linux-gnu/libcrypto.so (found version "1.1.1f")  
[1.543s] -- Found FastRTPS: /opt/ros/foxy/include  
[1.619s] -- Using all available rosidl_typesupport_cpp: rosidl_typesupport_fastrtps_cpp;rosidl_typesupport_introspection_cpp
[1.690s] -- Found rmw_implementation_cmake: 1.0.4 (/opt/ros/foxy/share/rmw_implementation_cmake/cmake)
[1.694s] -- Using RMW implementation 'rmw_fastrtps_cpp' as default
[1.696s] -- Looking for pthread.h
[1.789s] -- Looking for pthread.h - found
[1.790s] -- Performing Test CMAKE_HAVE_LIBC_PTHREAD
[1.875s] -- Performing Test CMAKE_HAVE_LIBC_PTHREAD - Failed
[1.876s] -- Looking for pthread_create in pthreads
[1.948s] -- Looking for pthread_create in pthreads - not found
[1.948s] -- Looking for pthread_create in pthread
[2.018s] -- Looking for pthread_create in pthread - found
[2.020s] -- Found Threads: TRUE  
[2.200s] -- Found ament_lint_auto: 0.9.8 (/opt/ros/foxy/share/ament_lint_auto/cmake)
[2.268s] -- Added test 'copyright' to check source files copyright and LICENSE
[2.269s] -- Added test 'cppcheck' to perform static code analysis on C / C++ code
[2.269s] -- Configured cppcheck include dirs: 
[2.269s] -- Configured cppcheck exclude dirs and/or files: 
[2.270s] -- Added test 'cpplint' to check C / C++ code against the Google style
[2.270s] -- Configured cpplint exclude dirs and/or files: 
[2.271s] -- Added test 'flake8' to check Python code syntax and style conventions
[2.271s] -- Added test 'lint_cmake' to check CMake code style
[2.272s] -- Added test 'pep257' to check Python code against some of the style conventions in PEP 257
[2.272s] -- Added test 'uncrustify' to check C / C++ code style
[2.272s] -- Configured uncrustify additional arguments: 
[2.273s] -- Added test 'xmllint' to check XML markup files
[2.277s] -- Configuring done
[2.299s] -- Generating done
[2.300s] -- Build files have been written to: /home/mm/longshan12_2/build/can
[2.306s] Invoked command in '/home/mm/longshan12_2/build/can' returned '0': CMAKE_PREFIX_PATH=/opt/ros/foxy /usr/bin/cmake /home/mm/longshan12_2/src/can -DCMAKE_INSTALL_PREFIX=/home/mm/longshan12_2/install/can
[2.309s] Invoking command in '/home/mm/longshan12_2/build/can': CMAKE_PREFIX_PATH=/opt/ros/foxy /usr/bin/cmake --build /home/mm/longshan12_2/build/can -- -j4 -l4
[2.391s] [35m[1mScanning dependencies of target can_node[0m
[2.413s] [35m[1mScanning dependencies of target test1[0m
[2.537s] [ 40%] [32mBuilding CXX object CMakeFiles/can_node.dir/src/can_node.cpp.o[0m
[2.537s] [ 40%] [32mBuilding CXX object CMakeFiles/test1.dir/src/test.cpp.o[0m
[2.551s] [ 60%] [32mBuilding CXX object CMakeFiles/can_node.dir/src/socketcan.cpp.o[0m
[4.554s] [01m[K/home/mm/longshan12_2/src/can/src/socketcan.cpp:[m[K In constructor ‘[01m[Ksocketcan::socketcan()[m[K’:
[4.554s] [01m[K/home/mm/longshan12_2/src/can/src/socketcan.cpp:27:16:[m[K [01;35m[Kwarning: [m[Kunused variable ‘[01m[KactualFrameRate[m[K’ [[01;35m[K-Wunused-variable[m[K]
[4.554s]    27 |         double [01;35m[KactualFrameRate[m[K = 1.0 / frameDuration.count();
[4.554s]       |                [01;35m[K^~~~~~~~~~~~~~~[m[K
[4.554s] [01m[K/home/mm/longshan12_2/src/can/src/socketcan.cpp:[m[K In destructor ‘[01m[Ksocketcan::~socketcan()[m[K’:
[4.554s] [01m[K/home/mm/longshan12_2/src/can/src/socketcan.cpp:75:16:[m[K [01;35m[Kwarning: [m[Kunused variable ‘[01m[KactualFrameRate[m[K’ [[01;35m[K-Wunused-variable[m[K]
[4.554s]    75 |         double [01;35m[KactualFrameRate[m[K = 1.0 / frameDuration.count();
[4.554s]       |                [01;35m[K^~~~~~~~~~~~~~~[m[K
[4.555s] [01m[K/home/mm/longshan12_2/src/can/src/socketcan.cpp:100:6:[m[K [01;35m[Kwarning: [m[Kunused variable ‘[01m[Kreturn_code2[m[K’ [[01;35m[K-Wunused-variable[m[K]
[4.555s]   100 |  int [01;35m[Kreturn_code2[m[K = send_init(0x1C5, data1); //0x1C5
[4.555s]       |      [01;35m[K^~~~~~~~~~~~[m[K
[4.571s] [01m[K/home/mm/longshan12_2/src/can/src/socketcan.cpp:[m[K In member function ‘[01m[Kvoid socketcan::exit_socketcan()[m[K’:
[4.571s] [01m[K/home/mm/longshan12_2/src/can/src/socketcan.cpp:127:16:[m[K [01;35m[Kwarning: [m[Kunused variable ‘[01m[KactualFrameRate[m[K’ [[01;35m[K-Wunused-variable[m[K]
[4.571s]   127 |         double [01;35m[KactualFrameRate[m[K = 1.0 / frameDuration.count();
[4.571s]       |                [01;35m[K^~~~~~~~~~~~~~~[m[K
[4.571s] [01m[K/home/mm/longshan12_2/src/can/src/socketcan.cpp:153:6:[m[K [01;35m[Kwarning: [m[Kunused variable ‘[01m[Kreturn_code2[m[K’ [[01;35m[K-Wunused-variable[m[K]
[4.571s]   153 |  int [01;35m[Kreturn_code2[m[K = send_init(0x1C5, data1); //0x1C5
[4.572s]       |      [01;35m[K^~~~~~~~~~~~[m[K
[5.077s] [01m[K/home/mm/longshan12_2/src/can/src/socketcan.cpp:[m[K In member function ‘[01m[Kint socketcan::send_init(unsigned int, unsigned char*)[m[K’:
[5.078s] [01m[K/home/mm/longshan12_2/src/can/src/socketcan.cpp:200:1:[m[K [01;35m[Kwarning: [m[Kcontrol reaches end of non-void function [[01;35m[K-Wreturn-type[m[K]
[5.078s]   200 | [01;35m[K}[m[K
[5.078s]       | [01;35m[K^[m[K
[18.843s] [ 80%] [32m[1mLinking CXX executable test1[0m
[19.233s] [ 80%] Built target test1
[23.536s] [100%] [32m[1mLinking CXX executable can_node[0m
[24.179s] [100%] Built target can_node
[24.207s] Invoked command in '/home/mm/longshan12_2/build/can' returned '0': CMAKE_PREFIX_PATH=/opt/ros/foxy /usr/bin/cmake --build /home/mm/longshan12_2/build/can -- -j4 -l4
[24.587s] Invoking command in '/home/mm/longshan12_2/build/can': CMAKE_PREFIX_PATH=/opt/ros/foxy /usr/bin/cmake --install /home/mm/longshan12_2/build/can
[24.619s] -- Install configuration: ""
[24.619s] -- Installing: /home/mm/longshan12_2/install/can/share/ament_index/resource_index/package_run_dependencies/can
[24.619s] -- Installing: /home/mm/longshan12_2/install/can/share/ament_index/resource_index/parent_prefix_path/can
[24.620s] -- Installing: /home/mm/longshan12_2/install/can/share/can/environment/ament_prefix_path.sh
[24.620s] -- Installing: /home/mm/longshan12_2/install/can/share/can/environment/ament_prefix_path.dsv
[24.620s] -- Installing: /home/mm/longshan12_2/install/can/share/can/environment/path.sh
[24.620s] -- Installing: /home/mm/longshan12_2/install/can/share/can/environment/path.dsv
[24.620s] -- Installing: /home/mm/longshan12_2/install/can/share/can/local_setup.bash
[24.621s] -- Installing: /home/mm/longshan12_2/install/can/share/can/local_setup.sh
[24.621s] -- Installing: /home/mm/longshan12_2/install/can/share/can/local_setup.zsh
[24.621s] -- Installing: /home/mm/longshan12_2/install/can/share/can/local_setup.dsv
[24.622s] -- Installing: /home/mm/longshan12_2/install/can/share/can/package.dsv
[24.622s] -- Installing: /home/mm/longshan12_2/install/can/share/ament_index/resource_index/packages/can
[24.622s] -- Installing: /home/mm/longshan12_2/install/can/share/can/cmake/canConfig.cmake
[24.623s] -- Installing: /home/mm/longshan12_2/install/can/share/can/cmake/canConfig-version.cmake
[24.623s] -- Installing: /home/mm/longshan12_2/install/can/share/can/package.xml
[24.623s] -- Installing: /home/mm/longshan12_2/install/can/lib/can/can_node
[24.625s] -- Set runtime path of "/home/mm/longshan12_2/install/can/lib/can/can_node" to ""
[24.625s] -- Installing: /home/mm/longshan12_2/install/can/lib/can/test1
[24.633s] -- Set runtime path of "/home/mm/longshan12_2/install/can/lib/can/test1" to ""
[24.633s] -- Installing: /home/mm/longshan12_2/install/can/share/can/launch
[24.634s] -- Installing: /home/mm/longshan12_2/install/can/share/can/launch/can.launch.py
[24.637s] Invoked command in '/home/mm/longshan12_2/build/can' returned '0': CMAKE_PREFIX_PATH=/opt/ros/foxy /usr/bin/cmake --install /home/mm/longshan12_2/build/can
