[0.035s] Invoking command in '/home/mm/longshan11_6/build/ros2_path_interfaces': CMAKE_PREFIX_PATH=/opt/ros/foxy /usr/bin/cmake /home/mm/longshan11_6/src/ros2_path_interfaces -DCMAKE_INSTALL_PREFIX=/home/mm/longshan11_6/install/ros2_path_interfaces
[0.355s] -- The C compiler identification is GNU 9.4.0
[0.600s] -- The CXX compiler identification is GNU 9.4.0
[0.615s] -- Check for working C compiler: /usr/bin/cc
[0.769s] -- Check for working C compiler: /usr/bin/cc -- works
[0.770s] -- Detecting C compiler ABI info
[0.883s] -- Detecting C compiler ABI info - done
[0.900s] -- Detecting C compile features
[0.901s] -- Detecting C compile features - done
[0.907s] -- Check for working CXX compiler: /usr/bin/c++
[1.032s] -- Check for working CXX compiler: /usr/bin/c++ -- works
[1.033s] -- Detecting CXX compiler ABI info
[1.178s] -- Detecting CXX compiler ABI info - done
[1.217s] -- Detecting CXX compile features
[1.218s] -- Detecting CXX compile features - done
[1.220s] -- Found ament_cmake: 0.9.12 (/opt/ros/foxy/share/ament_cmake/cmake)
[1.275s] -- Found PythonInterp: /usr/bin/python3 (found suitable version "3.8.10", minimum required is "3") 
[1.275s] -- Using PYTHON_EXECUTABLE: /usr/bin/python3
[1.676s] -- Found rosidl_default_generators: 1.0.1 (/opt/ros/foxy/share/rosidl_default_generators/cmake)
[1.686s] -- Using all available rosidl_typesupport_c: rosidl_typesupport_fastrtps_c;rosidl_typesupport_introspection_c
[1.701s] -- Found rosidl_adapter: 1.3.1 (/opt/ros/foxy/share/rosidl_adapter/cmake)
[1.927s] -- Found OpenSSL: /usr/lib/x86_64-linux-gnu/libcrypto.so (found version "1.1.1f")  
[1.960s] -- Found FastRTPS: /opt/ros/foxy/include  
[2.094s] -- Using all available rosidl_typesupport_cpp: rosidl_typesupport_fastrtps_cpp;rosidl_typesupport_introspection_cpp
[2.192s] -- Found PythonInterp: /usr/bin/python3 (found version "3.8.10") 
[2.411s] -- Found ament_cmake_ros: 0.9.2 (/opt/ros/foxy/share/ament_cmake_ros/cmake)
[2.571s] -- Using all available rosidl_typesupport_c: rosidl_typesupport_fastrtps_c;rosidl_typesupport_introspection_c
[2.591s] -- Using all available rosidl_typesupport_cpp: rosidl_typesupport_fastrtps_cpp;rosidl_typesupport_introspection_cpp
[2.657s] -- Found PythonInterp: /usr/bin/python3 (found suitable version "3.8.10", minimum required is "3.5") 
[2.659s] -- Found python_cmake_module: 0.8.1 (/opt/ros/foxy/share/python_cmake_module/cmake)
[2.723s] -- Found PythonLibs: /usr/lib/x86_64-linux-gnu/libpython3.8.so (found suitable version "3.8.10", minimum required is "3.5") 
[2.724s] -- Using PYTHON_EXECUTABLE: /usr/bin/python3
[2.724s] -- Using PYTHON_INCLUDE_DIRS: /usr/include/python3.8
[2.724s] -- Using PYTHON_LIBRARIES: /usr/lib/x86_64-linux-gnu/libpython3.8.so
[2.771s] -- Found PythonExtra: .so  
[2.886s] -- Found ament_lint_auto: 0.9.8 (/opt/ros/foxy/share/ament_lint_auto/cmake)
[2.968s] -- Added test 'copyright' to check source files copyright and LICENSE
[2.973s] -- Added test 'lint_cmake' to check CMake code style
[2.975s] -- Added test 'xmllint' to check XML markup files
[2.984s] -- Configuring done
[3.047s] -- Generating done
[3.051s] -- Build files have been written to: /home/mm/longshan11_6/build/ros2_path_interfaces
[3.062s] Invoked command in '/home/mm/longshan11_6/build/ros2_path_interfaces' returned '0': CMAKE_PREFIX_PATH=/opt/ros/foxy /usr/bin/cmake /home/mm/longshan11_6/src/ros2_path_interfaces -DCMAKE_INSTALL_PREFIX=/home/mm/longshan11_6/install/ros2_path_interfaces
[3.064s] Invoking command in '/home/mm/longshan11_6/build/ros2_path_interfaces': CMAKE_PREFIX_PATH=/opt/ros/foxy /usr/bin/cmake --build /home/mm/longshan11_6/build/ros2_path_interfaces -- -j4 -l4
[3.145s] [35m[1mScanning dependencies of target ros2_path_interfaces__cpp[0m
[3.163s] [  3%] [34m[1mGenerating C code for ROS interfaces[0m
[3.181s] [  6%] [34m[1mGenerating C++ code for ROS interfaces[0m
[3.748s] [35m[1mScanning dependencies of target ros2_path_interfaces__rosidl_generator_c[0m
[3.804s] [  9%] [32mBuilding C object CMakeFiles/ros2_path_interfaces__rosidl_generator_c.dir/rosidl_generator_c/ros2_path_interfaces/srv/detail/path_interfaces__functions.c.o[0m
[4.008s] [  9%] Built target ros2_path_interfaces__cpp
[4.031s] [ 12%] [34m[1mGenerating C++ type support for eProsima Fast-RTPS[0m
[4.041s] [ 16%] [34m[1mGenerating C++ type support dispatch for ROS interfaces[0m
[4.069s] [ 19%] [34m[1mGenerating C++ introspection for ROS interfaces[0m
[4.092s] [ 22%] [32m[1mLinking C shared library libros2_path_interfaces__rosidl_generator_c.so[0m
[4.342s] [ 22%] Built target ros2_path_interfaces__rosidl_generator_c
[4.445s] [ 25%] [34m[1mGenerating C type support dispatch for ROS interfaces[0m
[5.222s] [35m[1mScanning dependencies of target ros2_path_interfaces__rosidl_typesupport_fastrtps_cpp[0m
[5.372s] [35m[1mScanning dependencies of target ros2_path_interfaces__rosidl_typesupport_cpp[0m
[5.391s] [ 29%] [32mBuilding CXX object CMakeFiles/ros2_path_interfaces__rosidl_typesupport_fastrtps_cpp.dir/rosidl_typesupport_fastrtps_cpp/ros2_path_interfaces/srv/detail/dds_fastrtps/path_interfaces__type_support.cpp.o[0m
[5.441s] [35m[1mScanning dependencies of target ros2_path_interfaces__rosidl_typesupport_introspection_cpp[0m
[5.452s] [ 32%] [32mBuilding CXX object CMakeFiles/ros2_path_interfaces__rosidl_typesupport_cpp.dir/rosidl_typesupport_cpp/ros2_path_interfaces/srv/path_interfaces__type_support.cpp.o[0m
[5.492s] [35m[1mScanning dependencies of target ros2_path_interfaces__rosidl_typesupport_c[0m
[5.538s] [ 35%] [32mBuilding CXX object CMakeFiles/ros2_path_interfaces__rosidl_typesupport_introspection_cpp.dir/rosidl_typesupport_introspection_cpp/ros2_path_interfaces/srv/detail/path_interfaces__type_support.cpp.o[0m
[5.600s] [ 38%] [32mBuilding CXX object CMakeFiles/ros2_path_interfaces__rosidl_typesupport_c.dir/rosidl_typesupport_c/ros2_path_interfaces/srv/path_interfaces__type_support.cpp.o[0m
[5.939s] [ 41%] [32m[1mLinking CXX shared library libros2_path_interfaces__rosidl_typesupport_c.so[0m
[6.306s] [ 41%] Built target ros2_path_interfaces__rosidl_typesupport_c
[6.409s] [ 45%] [34m[1mGenerating C introspection for ROS interfaces[0m
[7.146s] [ 48%] [32m[1mLinking CXX shared library libros2_path_interfaces__rosidl_typesupport_cpp.so[0m
[7.264s] [ 48%] Built target ros2_path_interfaces__rosidl_typesupport_cpp
[7.548s] [ 51%] [32m[1mLinking CXX shared library libros2_path_interfaces__rosidl_typesupport_introspection_cpp.so[0m
[8.036s] [35m[1mScanning dependencies of target ros2_path_interfaces__rosidl_typesupport_introspection_c[0m
[8.093s] [ 54%] [32mBuilding C object CMakeFiles/ros2_path_interfaces__rosidl_typesupport_introspection_c.dir/rosidl_typesupport_introspection_c/ros2_path_interfaces/srv/detail/path_interfaces__type_support.c.o[0m
[8.151s] [ 54%] Built target ros2_path_interfaces__rosidl_typesupport_introspection_cpp
[8.282s] [ 58%] [32m[1mLinking C shared library libros2_path_interfaces__rosidl_typesupport_introspection_c.so[0m
[8.304s] [ 61%] [32m[1mLinking CXX shared library libros2_path_interfaces__rosidl_typesupport_fastrtps_cpp.so[0m
[8.506s] [ 61%] Built target ros2_path_interfaces__rosidl_typesupport_introspection_c
[8.792s] [ 61%] Built target ros2_path_interfaces__rosidl_typesupport_fastrtps_cpp
[8.861s] [ 64%] [34m[1mGenerating C type support for eProsima Fast-RTPS[0m
[10.152s] [35m[1mScanning dependencies of target ros2_path_interfaces__rosidl_typesupport_fastrtps_c[0m
[10.258s] [ 67%] [32mBuilding CXX object CMakeFiles/ros2_path_interfaces__rosidl_typesupport_fastrtps_c.dir/rosidl_typesupport_fastrtps_c/ros2_path_interfaces/srv/detail/path_interfaces__type_support_c.cpp.o[0m
[12.275s] [ 70%] [32m[1mLinking CXX shared library libros2_path_interfaces__rosidl_typesupport_fastrtps_c.so[0m
[13.471s] [ 70%] Built target ros2_path_interfaces__rosidl_typesupport_fastrtps_c
[13.542s] [35m[1mScanning dependencies of target ros2_path_interfaces[0m
[13.614s] [ 70%] Built target ros2_path_interfaces
[13.765s] [35m[1mScanning dependencies of target ros2_path_interfaces__py[0m
[13.900s] [ 74%] [34m[1mGenerating Python code for ROS interfaces[0m
[16.303s] [ 74%] Built target ros2_path_interfaces__py
[16.444s] [35m[1mScanning dependencies of target ros2_path_interfaces__python[0m
[16.688s] [ 77%] [32mBuilding C object CMakeFiles/ros2_path_interfaces__python.dir/rosidl_generator_py/ros2_path_interfaces/srv/_path_interfaces_s.c.o[0m
[17.953s] [ 80%] [32m[1mLinking C shared library rosidl_generator_py/ros2_path_interfaces/libros2_path_interfaces__python.so[0m
[18.277s] [ 80%] Built target ros2_path_interfaces__python
[18.383s] [35m[1mScanning dependencies of target ros2_path_interfaces__rosidl_typesupport_fastrtps_c__pyext[0m
[18.393s] [35m[1mScanning dependencies of target ros2_path_interfaces__rosidl_typesupport_introspection_c__pyext[0m
[18.412s] [35m[1mScanning dependencies of target ros2_path_interfaces__rosidl_typesupport_c__pyext[0m
[18.492s] [ 83%] [32mBuilding C object CMakeFiles/ros2_path_interfaces__rosidl_typesupport_fastrtps_c__pyext.dir/rosidl_generator_py/ros2_path_interfaces/_ros2_path_interfaces_s.ep.rosidl_typesupport_fastrtps_c.c.o[0m
[18.526s] [ 87%] [32mBuilding C object CMakeFiles/ros2_path_interfaces__rosidl_typesupport_introspection_c__pyext.dir/rosidl_generator_py/ros2_path_interfaces/_ros2_path_interfaces_s.ep.rosidl_typesupport_introspection_c.c.o[0m
[18.542s] [ 90%] [32mBuilding C object CMakeFiles/ros2_path_interfaces__rosidl_typesupport_c__pyext.dir/rosidl_generator_py/ros2_path_interfaces/_ros2_path_interfaces_s.ep.rosidl_typesupport_c.c.o[0m
[18.734s] [ 93%] [32m[1mLinking C shared library rosidl_generator_py/ros2_path_interfaces/ros2_path_interfaces_s__rosidl_typesupport_c.cpython-38-x86_64-linux-gnu.so[0m
[19.005s] [ 96%] [32m[1mLinking C shared library rosidl_generator_py/ros2_path_interfaces/ros2_path_interfaces_s__rosidl_typesupport_introspection_c.cpython-38-x86_64-linux-gnu.so[0m
[19.015s] [ 96%] Built target ros2_path_interfaces__rosidl_typesupport_c__pyext
[19.064s] [100%] [32m[1mLinking CXX shared library rosidl_generator_py/ros2_path_interfaces/ros2_path_interfaces_s__rosidl_typesupport_fastrtps_c.cpython-38-x86_64-linux-gnu.so[0m
[19.200s] [100%] Built target ros2_path_interfaces__rosidl_typesupport_introspection_c__pyext
[19.548s] [100%] Built target ros2_path_interfaces__rosidl_typesupport_fastrtps_c__pyext
[19.591s] Invoked command in '/home/mm/longshan11_6/build/ros2_path_interfaces' returned '0': CMAKE_PREFIX_PATH=/opt/ros/foxy /usr/bin/cmake --build /home/mm/longshan11_6/build/ros2_path_interfaces -- -j4 -l4
[20.548s] Invoking command in '/home/mm/longshan11_6/build/ros2_path_interfaces': CMAKE_PREFIX_PATH=/opt/ros/foxy /usr/bin/cmake --install /home/mm/longshan11_6/build/ros2_path_interfaces
[20.629s] -- Install configuration: ""
[20.641s] -- Installing: /home/mm/longshan11_6/install/ros2_path_interfaces/share/ament_index/resource_index/rosidl_interfaces/ros2_path_interfaces
[20.642s] -- Installing: /home/mm/longshan11_6/install/ros2_path_interfaces/include/ros2_path_interfaces
[20.642s] -- Installing: /home/mm/longshan11_6/install/ros2_path_interfaces/include/ros2_path_interfaces/srv
[20.642s] -- Installing: /home/mm/longshan11_6/install/ros2_path_interfaces/include/ros2_path_interfaces/srv/path_interfaces.h
[20.643s] -- Installing: /home/mm/longshan11_6/install/ros2_path_interfaces/include/ros2_path_interfaces/srv/detail
[20.643s] -- Installing: /home/mm/longshan11_6/install/ros2_path_interfaces/include/ros2_path_interfaces/srv/detail/path_interfaces__type_support.h
[20.644s] -- Installing: /home/mm/longshan11_6/install/ros2_path_interfaces/include/ros2_path_interfaces/srv/detail/path_interfaces__struct.h
[20.644s] -- Installing: /home/mm/longshan11_6/install/ros2_path_interfaces/include/ros2_path_interfaces/srv/detail/path_interfaces__functions.h
[20.644s] -- Installing: /home/mm/longshan11_6/install/ros2_path_interfaces/include/ros2_path_interfaces/srv/detail/path_interfaces__functions.c
[20.645s] -- Installing: /home/mm/longshan11_6/install/ros2_path_interfaces/include/ros2_path_interfaces/msg
[20.645s] -- Installing: /home/mm/longshan11_6/install/ros2_path_interfaces/include/ros2_path_interfaces/msg/rosidl_generator_c__visibility_control.h
[20.664s] -- Installing: /home/mm/longshan11_6/install/ros2_path_interfaces/share/ros2_path_interfaces/environment/library_path.sh
[20.666s] -- Installing: /home/mm/longshan11_6/install/ros2_path_interfaces/share/ros2_path_interfaces/environment/library_path.dsv
[20.668s] -- Installing: /home/mm/longshan11_6/install/ros2_path_interfaces/lib/libros2_path_interfaces__rosidl_generator_c.so
[20.671s] -- Set runtime path of "/home/mm/longshan11_6/install/ros2_path_interfaces/lib/libros2_path_interfaces__rosidl_generator_c.so" to ""
[20.673s] -- Up-to-date: /home/mm/longshan11_6/install/ros2_path_interfaces/include/ros2_path_interfaces
[20.674s] -- Up-to-date: /home/mm/longshan11_6/install/ros2_path_interfaces/include/ros2_path_interfaces/srv
[20.691s] -- Up-to-date: /home/mm/longshan11_6/install/ros2_path_interfaces/include/ros2_path_interfaces/srv/detail
[20.692s] -- Installing: /home/mm/longshan11_6/install/ros2_path_interfaces/include/ros2_path_interfaces/srv/detail/path_interfaces__rosidl_typesupport_fastrtps_c.h
[20.707s] -- Up-to-date: /home/mm/longshan11_6/install/ros2_path_interfaces/include/ros2_path_interfaces/msg
[20.711s] -- Installing: /home/mm/longshan11_6/install/ros2_path_interfaces/include/ros2_path_interfaces/msg/rosidl_typesupport_fastrtps_c__visibility_control.h
[20.715s] -- Installing: /home/mm/longshan11_6/install/ros2_path_interfaces/lib/libros2_path_interfaces__rosidl_typesupport_fastrtps_c.so
[20.726s] -- Set runtime path of "/home/mm/longshan11_6/install/ros2_path_interfaces/lib/libros2_path_interfaces__rosidl_typesupport_fastrtps_c.so" to ""
[20.727s] -- Up-to-date: /home/mm/longshan11_6/install/ros2_path_interfaces/include/ros2_path_interfaces
[20.728s] -- Up-to-date: /home/mm/longshan11_6/install/ros2_path_interfaces/include/ros2_path_interfaces/srv
[20.730s] -- Up-to-date: /home/mm/longshan11_6/install/ros2_path_interfaces/include/ros2_path_interfaces/srv/detail
[20.731s] -- Installing: /home/mm/longshan11_6/install/ros2_path_interfaces/include/ros2_path_interfaces/srv/detail/dds_fastrtps
[20.731s] -- Installing: /home/mm/longshan11_6/install/ros2_path_interfaces/include/ros2_path_interfaces/srv/detail/path_interfaces__rosidl_typesupport_fastrtps_cpp.hpp
[20.743s] -- Up-to-date: /home/mm/longshan11_6/install/ros2_path_interfaces/include/ros2_path_interfaces/msg
[20.744s] -- Installing: /home/mm/longshan11_6/install/ros2_path_interfaces/include/ros2_path_interfaces/msg/rosidl_typesupport_fastrtps_cpp__visibility_control.h
[20.745s] -- Installing: /home/mm/longshan11_6/install/ros2_path_interfaces/lib/libros2_path_interfaces__rosidl_typesupport_fastrtps_cpp.so
[20.747s] -- Set runtime path of "/home/mm/longshan11_6/install/ros2_path_interfaces/lib/libros2_path_interfaces__rosidl_typesupport_fastrtps_cpp.so" to ""
[20.747s] -- Up-to-date: /home/mm/longshan11_6/install/ros2_path_interfaces/include/ros2_path_interfaces
[20.749s] -- Up-to-date: /home/mm/longshan11_6/install/ros2_path_interfaces/include/ros2_path_interfaces/srv
[20.749s] -- Up-to-date: /home/mm/longshan11_6/install/ros2_path_interfaces/include/ros2_path_interfaces/srv/detail
[20.750s] -- Installing: /home/mm/longshan11_6/install/ros2_path_interfaces/include/ros2_path_interfaces/srv/detail/path_interfaces__rosidl_typesupport_introspection_c.h
[20.753s] -- Installing: /home/mm/longshan11_6/install/ros2_path_interfaces/include/ros2_path_interfaces/srv/detail/path_interfaces__type_support.c
[20.762s] -- Up-to-date: /home/mm/longshan11_6/install/ros2_path_interfaces/include/ros2_path_interfaces/msg
[20.763s] -- Installing: /home/mm/longshan11_6/install/ros2_path_interfaces/include/ros2_path_interfaces/msg/rosidl_typesupport_introspection_c__visibility_control.h
[20.765s] -- Installing: /home/mm/longshan11_6/install/ros2_path_interfaces/lib/libros2_path_interfaces__rosidl_typesupport_introspection_c.so
[20.766s] -- Set runtime path of "/home/mm/longshan11_6/install/ros2_path_interfaces/lib/libros2_path_interfaces__rosidl_typesupport_introspection_c.so" to ""
[20.768s] -- Installing: /home/mm/longshan11_6/install/ros2_path_interfaces/lib/libros2_path_interfaces__rosidl_typesupport_c.so
[20.771s] -- Set runtime path of "/home/mm/longshan11_6/install/ros2_path_interfaces/lib/libros2_path_interfaces__rosidl_typesupport_c.so" to ""
[20.772s] -- Up-to-date: /home/mm/longshan11_6/install/ros2_path_interfaces/include/ros2_path_interfaces
[20.772s] -- Up-to-date: /home/mm/longshan11_6/install/ros2_path_interfaces/include/ros2_path_interfaces/srv
[20.781s] -- Installing: /home/mm/longshan11_6/install/ros2_path_interfaces/include/ros2_path_interfaces/srv/path_interfaces.hpp
[20.782s] -- Up-to-date: /home/mm/longshan11_6/install/ros2_path_interfaces/include/ros2_path_interfaces/srv/detail
[20.788s] -- Installing: /home/mm/longshan11_6/install/ros2_path_interfaces/include/ros2_path_interfaces/srv/detail/path_interfaces__traits.hpp
[20.791s] -- Installing: /home/mm/longshan11_6/install/ros2_path_interfaces/include/ros2_path_interfaces/srv/detail/path_interfaces__struct.hpp
[20.802s] -- Installing: /home/mm/longshan11_6/install/ros2_path_interfaces/include/ros2_path_interfaces/srv/detail/path_interfaces__type_support.hpp
[20.805s] -- Installing: /home/mm/longshan11_6/install/ros2_path_interfaces/include/ros2_path_interfaces/srv/detail/path_interfaces__builder.hpp
[20.807s] -- Up-to-date: /home/mm/longshan11_6/install/ros2_path_interfaces/include/ros2_path_interfaces/msg
[20.809s] -- Installing: /home/mm/longshan11_6/install/ros2_path_interfaces/include/ros2_path_interfaces/msg/rosidl_generator_cpp__visibility_control.hpp
[20.810s] -- Up-to-date: /home/mm/longshan11_6/install/ros2_path_interfaces/include/ros2_path_interfaces
[20.811s] -- Up-to-date: /home/mm/longshan11_6/install/ros2_path_interfaces/include/ros2_path_interfaces/srv
[20.811s] -- Up-to-date: /home/mm/longshan11_6/install/ros2_path_interfaces/include/ros2_path_interfaces/srv/detail
[20.815s] -- Installing: /home/mm/longshan11_6/install/ros2_path_interfaces/include/ros2_path_interfaces/srv/detail/path_interfaces__rosidl_typesupport_introspection_cpp.hpp
[20.815s] -- Installing: /home/mm/longshan11_6/install/ros2_path_interfaces/include/ros2_path_interfaces/srv/detail/path_interfaces__type_support.cpp
[20.823s] -- Installing: /home/mm/longshan11_6/install/ros2_path_interfaces/lib/libros2_path_interfaces__rosidl_typesupport_introspection_cpp.so
[20.829s] -- Set runtime path of "/home/mm/longshan11_6/install/ros2_path_interfaces/lib/libros2_path_interfaces__rosidl_typesupport_introspection_cpp.so" to ""
[20.830s] -- Installing: /home/mm/longshan11_6/install/ros2_path_interfaces/lib/libros2_path_interfaces__rosidl_typesupport_cpp.so
[20.851s] -- Set runtime path of "/home/mm/longshan11_6/install/ros2_path_interfaces/lib/libros2_path_interfaces__rosidl_typesupport_cpp.so" to ""
[20.851s] -- Installing: /home/mm/longshan11_6/install/ros2_path_interfaces/share/ros2_path_interfaces/environment/pythonpath.sh
[20.854s] -- Installing: /home/mm/longshan11_6/install/ros2_path_interfaces/share/ros2_path_interfaces/environment/pythonpath.dsv
[20.862s] -- Installing: /home/mm/longshan11_6/install/ros2_path_interfaces/lib/python3.8/site-packages/ros2_path_interfaces/__init__.py
[21.108s] Compiling '/home/mm/longshan11_6/install/ros2_path_interfaces/lib/python3.8/site-packages/ros2_path_interfaces/__init__.py'...
[21.142s] -- Installing: /home/mm/longshan11_6/install/ros2_path_interfaces/lib/python3.8/site-packages/ros2_path_interfaces/srv
[21.142s] -- Installing: /home/mm/longshan11_6/install/ros2_path_interfaces/lib/python3.8/site-packages/ros2_path_interfaces/srv/__init__.py
[21.144s] -- Installing: /home/mm/longshan11_6/install/ros2_path_interfaces/lib/python3.8/site-packages/ros2_path_interfaces/srv/_path_interfaces.py
[21.146s] -- Installing: /home/mm/longshan11_6/install/ros2_path_interfaces/lib/python3.8/site-packages/ros2_path_interfaces/srv/_path_interfaces_s.c
[21.148s] -- Installing: /home/mm/longshan11_6/install/ros2_path_interfaces/lib/python3.8/site-packages/ros2_path_interfaces/ros2_path_interfaces_s__rosidl_typesupport_fastrtps_c.cpython-38-x86_64-linux-gnu.so
[21.149s] -- Set runtime path of "/home/mm/longshan11_6/install/ros2_path_interfaces/lib/python3.8/site-packages/ros2_path_interfaces/ros2_path_interfaces_s__rosidl_typesupport_fastrtps_c.cpython-38-x86_64-linux-gnu.so" to ""
[21.150s] -- Installing: /home/mm/longshan11_6/install/ros2_path_interfaces/lib/python3.8/site-packages/ros2_path_interfaces/ros2_path_interfaces_s__rosidl_typesupport_introspection_c.cpython-38-x86_64-linux-gnu.so
[21.151s] -- Set runtime path of "/home/mm/longshan11_6/install/ros2_path_interfaces/lib/python3.8/site-packages/ros2_path_interfaces/ros2_path_interfaces_s__rosidl_typesupport_introspection_c.cpython-38-x86_64-linux-gnu.so" to ""
[21.151s] -- Installing: /home/mm/longshan11_6/install/ros2_path_interfaces/lib/python3.8/site-packages/ros2_path_interfaces/ros2_path_interfaces_s__rosidl_typesupport_c.cpython-38-x86_64-linux-gnu.so
[21.153s] -- Set runtime path of "/home/mm/longshan11_6/install/ros2_path_interfaces/lib/python3.8/site-packages/ros2_path_interfaces/ros2_path_interfaces_s__rosidl_typesupport_c.cpython-38-x86_64-linux-gnu.so" to ""
[21.154s] -- Installing: /home/mm/longshan11_6/install/ros2_path_interfaces/lib/libros2_path_interfaces__python.so
[21.155s] -- Set runtime path of "/home/mm/longshan11_6/install/ros2_path_interfaces/lib/libros2_path_interfaces__python.so" to ""
[21.167s] -- Installing: /home/mm/longshan11_6/install/ros2_path_interfaces/share/ros2_path_interfaces/srv/PathInterfaces.idl
[21.173s] -- Installing: /home/mm/longshan11_6/install/ros2_path_interfaces/share/ros2_path_interfaces/srv/PathInterfaces.srv
[21.177s] -- Installing: /home/mm/longshan11_6/install/ros2_path_interfaces/share/ros2_path_interfaces/srv/PathInterfaces_Request.msg
[21.179s] -- Installing: /home/mm/longshan11_6/install/ros2_path_interfaces/share/ros2_path_interfaces/srv/PathInterfaces_Response.msg
[21.184s] -- Installing: /home/mm/longshan11_6/install/ros2_path_interfaces/share/ament_index/resource_index/package_run_dependencies/ros2_path_interfaces
[21.188s] -- Installing: /home/mm/longshan11_6/install/ros2_path_interfaces/share/ament_index/resource_index/parent_prefix_path/ros2_path_interfaces
[21.198s] -- Installing: /home/mm/longshan11_6/install/ros2_path_interfaces/share/ros2_path_interfaces/environment/ament_prefix_path.sh
[21.199s] -- Installing: /home/mm/longshan11_6/install/ros2_path_interfaces/share/ros2_path_interfaces/environment/ament_prefix_path.dsv
[21.201s] -- Installing: /home/mm/longshan11_6/install/ros2_path_interfaces/share/ros2_path_interfaces/environment/path.sh
[21.203s] -- Installing: /home/mm/longshan11_6/install/ros2_path_interfaces/share/ros2_path_interfaces/environment/path.dsv
[21.205s] -- Installing: /home/mm/longshan11_6/install/ros2_path_interfaces/share/ros2_path_interfaces/local_setup.bash
[21.213s] -- Installing: /home/mm/longshan11_6/install/ros2_path_interfaces/share/ros2_path_interfaces/local_setup.sh
[21.222s] -- Installing: /home/mm/longshan11_6/install/ros2_path_interfaces/share/ros2_path_interfaces/local_setup.zsh
[21.226s] -- Installing: /home/mm/longshan11_6/install/ros2_path_interfaces/share/ros2_path_interfaces/local_setup.dsv
[21.230s] -- Installing: /home/mm/longshan11_6/install/ros2_path_interfaces/share/ros2_path_interfaces/package.dsv
[21.238s] -- Installing: /home/mm/longshan11_6/install/ros2_path_interfaces/share/ament_index/resource_index/packages/ros2_path_interfaces
[21.243s] -- Installing: /home/mm/longshan11_6/install/ros2_path_interfaces/share/ros2_path_interfaces/cmake/ros2_path_interfaces__rosidl_generator_cExport.cmake
[21.245s] -- Installing: /home/mm/longshan11_6/install/ros2_path_interfaces/share/ros2_path_interfaces/cmake/ros2_path_interfaces__rosidl_generator_cExport-noconfig.cmake
[21.250s] -- Installing: /home/mm/longshan11_6/install/ros2_path_interfaces/share/ros2_path_interfaces/cmake/ros2_path_interfaces__rosidl_typesupport_introspection_cExport.cmake
[21.257s] -- Installing: /home/mm/longshan11_6/install/ros2_path_interfaces/share/ros2_path_interfaces/cmake/ros2_path_interfaces__rosidl_typesupport_introspection_cExport-noconfig.cmake
[21.258s] -- Installing: /home/mm/longshan11_6/install/ros2_path_interfaces/share/ros2_path_interfaces/cmake/ros2_path_interfaces__rosidl_typesupport_cExport.cmake
[21.260s] -- Installing: /home/mm/longshan11_6/install/ros2_path_interfaces/share/ros2_path_interfaces/cmake/ros2_path_interfaces__rosidl_typesupport_cExport-noconfig.cmake
[21.263s] -- Installing: /home/mm/longshan11_6/install/ros2_path_interfaces/share/ros2_path_interfaces/cmake/ros2_path_interfaces__rosidl_generator_cppExport.cmake
[21.263s] -- Installing: /home/mm/longshan11_6/install/ros2_path_interfaces/share/ros2_path_interfaces/cmake/ros2_path_interfaces__rosidl_typesupport_introspection_cppExport.cmake
[21.267s] -- Installing: /home/mm/longshan11_6/install/ros2_path_interfaces/share/ros2_path_interfaces/cmake/ros2_path_interfaces__rosidl_typesupport_introspection_cppExport-noconfig.cmake
[21.269s] -- Installing: /home/mm/longshan11_6/install/ros2_path_interfaces/share/ros2_path_interfaces/cmake/ros2_path_interfaces__rosidl_typesupport_cppExport.cmake
[21.272s] -- Installing: /home/mm/longshan11_6/install/ros2_path_interfaces/share/ros2_path_interfaces/cmake/ros2_path_interfaces__rosidl_typesupport_cppExport-noconfig.cmake
[21.285s] -- Installing: /home/mm/longshan11_6/install/ros2_path_interfaces/share/ros2_path_interfaces/cmake/rosidl_cmake-extras.cmake
[21.294s] -- Installing: /home/mm/longshan11_6/install/ros2_path_interfaces/share/ros2_path_interfaces/cmake/ament_cmake_export_dependencies-extras.cmake
[21.299s] -- Installing: /home/mm/longshan11_6/install/ros2_path_interfaces/share/ros2_path_interfaces/cmake/ament_cmake_export_libraries-extras.cmake
[21.309s] -- Installing: /home/mm/longshan11_6/install/ros2_path_interfaces/share/ros2_path_interfaces/cmake/ament_cmake_export_targets-extras.cmake
[21.313s] -- Installing: /home/mm/longshan11_6/install/ros2_path_interfaces/share/ros2_path_interfaces/cmake/ament_cmake_export_include_directories-extras.cmake
[21.315s] -- Installing: /home/mm/longshan11_6/install/ros2_path_interfaces/share/ros2_path_interfaces/cmake/rosidl_cmake_export_typesupport_libraries-extras.cmake
[21.317s] -- Installing: /home/mm/longshan11_6/install/ros2_path_interfaces/share/ros2_path_interfaces/cmake/rosidl_cmake_export_typesupport_targets-extras.cmake
[21.322s] -- Installing: /home/mm/longshan11_6/install/ros2_path_interfaces/share/ros2_path_interfaces/cmake/ros2_path_interfacesConfig.cmake
[21.323s] -- Installing: /home/mm/longshan11_6/install/ros2_path_interfaces/share/ros2_path_interfaces/cmake/ros2_path_interfacesConfig-version.cmake
[21.324s] -- Installing: /home/mm/longshan11_6/install/ros2_path_interfaces/share/ros2_path_interfaces/package.xml
[21.331s] Invoked command in '/home/mm/longshan11_6/build/ros2_path_interfaces' returned '0': CMAKE_PREFIX_PATH=/opt/ros/foxy /usr/bin/cmake --install /home/mm/longshan11_6/build/ros2_path_interfaces
