[1.210s] Invoking command in '/home/mm/longshan11_6/src/draw_messages': PYTHONPATH=/home/mm/longshan11_6/build/draw_messages/prefix_override:/home/mm/longshan11_6/install/draw_messages/lib/python3.8/site-packages:${PYTHONPATH} /usr/bin/python3 -W ignore:setup.py install is deprecated setup.py egg_info --egg-base ../../build/draw_messages build --build-base /home/mm/longshan11_6/build/draw_messages/build install --record /home/mm/longshan11_6/build/draw_messages/install.log --install-scripts $base/lib/draw_messages --single-version-externally-managed install_data
[1.666s] running egg_info
[1.667s] writing ../../build/draw_messages/draw_messages.egg-info/PKG-INFO
[1.668s] writing dependency_links to ../../build/draw_messages/draw_messages.egg-info/dependency_links.txt
[1.668s] writing entry points to ../../build/draw_messages/draw_messages.egg-info/entry_points.txt
[1.668s] writing requirements to ../../build/draw_messages/draw_messages.egg-info/requires.txt
[1.668s] writing top-level names to ../../build/draw_messages/draw_messages.egg-info/top_level.txt
[1.734s] reading manifest file '../../build/draw_messages/draw_messages.egg-info/SOURCES.txt'
[1.736s] writing manifest file '../../build/draw_messages/draw_messages.egg-info/SOURCES.txt'
[1.737s] running build
[1.737s] running build_py
[1.737s] running install
[1.739s] running install_lib
[1.746s] running install_data
[1.746s] running install_egg_info
[1.747s] removing '/home/mm/longshan11_6/install/draw_messages/lib/python3.8/site-packages/draw_messages-0.0.0-py3.8.egg-info' (and everything under it)
[1.757s] Copying ../../build/draw_messages/draw_messages.egg-info to /home/mm/longshan11_6/install/draw_messages/lib/python3.8/site-packages/draw_messages-0.0.0-py3.8.egg-info
[1.757s] running install_scripts
[1.777s] Installing real_time_plot script to /home/mm/longshan11_6/install/draw_messages/lib/draw_messages
[1.778s] writing list of installed files to '/home/mm/longshan11_6/build/draw_messages/install.log'
[1.833s] Invoked command in '/home/mm/longshan11_6/src/draw_messages' returned '0': PYTHONPATH=/home/mm/longshan11_6/build/draw_messages/prefix_override:/home/mm/longshan11_6/install/draw_messages/lib/python3.8/site-packages:${PYTHONPATH} /usr/bin/python3 -W ignore:setup.py install is deprecated setup.py egg_info --egg-base ../../build/draw_messages build --build-base /home/mm/longshan11_6/build/draw_messages/build install --record /home/mm/longshan11_6/build/draw_messages/install.log --install-scripts $base/lib/draw_messages --single-version-externally-managed install_data
