[35m[1mScanning dependencies of target local_node3[0m
[  5%] [32mBuilding CXX object CMakeFiles/local_node3.dir/src/local_node3.cpp.o[0m
In file included from [01m[K/home/mm/longshan11_6/src/local/./include/localFuns.h:5[m[K,
                 from [01m[K/home/mm/longshan11_6/src/local/src/local_node3.cpp:14[m[K:
[01m[K/home/mm/longshan11_6/src/local/./include/toolKits.h:64:19:[m[K [01;35m[Kwarning: [m[Kinline function ‘[01m[Kdouble tool::d2r(double)[m[K’ used but never defined
   64 |     inline double [01;35m[Kd2r[m[K(double theta);
      |                   [01;35m[K^~~[m[K
[ 11%] [32m[1mLinking CXX executable local_node3[0m
[100%] Built target local_node3
-- Install configuration: ""
-- Installing: /home/mm/longshan11_6/install/local/lib/local/local_node3
-- Set runtime path of "/home/mm/longshan11_6/install/local/lib/local/local_node3" to ""
-- Up-to-date: /home/mm/longshan11_6/install/local/share/local/launch
-- Up-to-date: /home/mm/longshan11_6/install/local/share/local/launch/local.launch.py
-- Up-to-date: /home/mm/longshan11_6/install/local/share/ament_index/resource_index/package_run_dependencies/local
-- Up-to-date: /home/mm/longshan11_6/install/local/share/ament_index/resource_index/parent_prefix_path/local
-- Up-to-date: /home/mm/longshan11_6/install/local/share/local/environment/ament_prefix_path.sh
-- Up-to-date: /home/mm/longshan11_6/install/local/share/local/environment/ament_prefix_path.dsv
-- Up-to-date: /home/mm/longshan11_6/install/local/share/local/environment/path.sh
-- Up-to-date: /home/mm/longshan11_6/install/local/share/local/environment/path.dsv
-- Up-to-date: /home/mm/longshan11_6/install/local/share/local/local_setup.bash
-- Up-to-date: /home/mm/longshan11_6/install/local/share/local/local_setup.sh
-- Up-to-date: /home/mm/longshan11_6/install/local/share/local/local_setup.zsh
-- Up-to-date: /home/mm/longshan11_6/install/local/share/local/local_setup.dsv
-- Installing: /home/mm/longshan11_6/install/local/share/local/package.dsv
-- Up-to-date: /home/mm/longshan11_6/install/local/share/ament_index/resource_index/packages/local
-- Up-to-date: /home/mm/longshan11_6/install/local/share/local/cmake/localConfig.cmake
-- Up-to-date: /home/mm/longshan11_6/install/local/share/local/cmake/localConfig-version.cmake
-- Up-to-date: /home/mm/longshan11_6/install/local/share/local/package.xml
