[0.066s] Invoking command in '/home/mm/longshan11_6/build/can': CMAKE_PREFIX_PATH=/opt/ros/foxy /usr/bin/cmake --build /home/mm/longshan11_6/build/can -- -j4 -l4
[0.323s] [ 40%] Built target test1
[0.381s] [100%] Built target can_node
[0.446s] Invoked command in '/home/mm/longshan11_6/build/can' returned '0': CMAKE_PREFIX_PATH=/opt/ros/foxy /usr/bin/cmake --build /home/mm/longshan11_6/build/can -- -j4 -l4
[0.591s] Invoking command in '/home/mm/longshan11_6/build/can': CMAKE_PREFIX_PATH=/opt/ros/foxy /usr/bin/cmake --install /home/mm/longshan11_6/build/can
[0.613s] -- Install configuration: ""
[0.613s] -- Up-to-date: /home/mm/longshan11_6/install/can/share/ament_index/resource_index/package_run_dependencies/can
[0.613s] -- Up-to-date: /home/mm/longshan11_6/install/can/share/ament_index/resource_index/parent_prefix_path/can
[0.613s] -- Up-to-date: /home/mm/longshan11_6/install/can/share/can/environment/ament_prefix_path.sh
[0.614s] -- Up-to-date: /home/mm/longshan11_6/install/can/share/can/environment/ament_prefix_path.dsv
[0.614s] -- Up-to-date: /home/mm/longshan11_6/install/can/share/can/environment/path.sh
[0.614s] -- Up-to-date: /home/mm/longshan11_6/install/can/share/can/environment/path.dsv
[0.614s] -- Up-to-date: /home/mm/longshan11_6/install/can/share/can/local_setup.bash
[0.614s] -- Up-to-date: /home/mm/longshan11_6/install/can/share/can/local_setup.sh
[0.614s] -- Up-to-date: /home/mm/longshan11_6/install/can/share/can/local_setup.zsh
[0.614s] -- Up-to-date: /home/mm/longshan11_6/install/can/share/can/local_setup.dsv
[0.614s] -- Installing: /home/mm/longshan11_6/install/can/share/can/package.dsv
[0.620s] -- Up-to-date: /home/mm/longshan11_6/install/can/share/ament_index/resource_index/packages/can
[0.621s] -- Up-to-date: /home/mm/longshan11_6/install/can/share/can/cmake/canConfig.cmake
[0.621s] -- Up-to-date: /home/mm/longshan11_6/install/can/share/can/cmake/canConfig-version.cmake
[0.621s] -- Up-to-date: /home/mm/longshan11_6/install/can/share/can/package.xml
[0.621s] -- Up-to-date: /home/mm/longshan11_6/install/can/lib/can/can_node
[0.621s] -- Up-to-date: /home/mm/longshan11_6/install/can/lib/can/test1
[0.621s] -- Up-to-date: /home/mm/longshan11_6/install/can/share/can/launch
[0.622s] -- Up-to-date: /home/mm/longshan11_6/install/can/share/can/launch/can.launch.py
[0.631s] Invoked command in '/home/mm/longshan11_6/build/can' returned '0': CMAKE_PREFIX_PATH=/opt/ros/foxy /usr/bin/cmake --install /home/mm/longshan11_6/build/can
