[0.035s] Invoking command in '/home/mm/longshan11_6/build/myrviz': CMAKE_PREFIX_PATH=/opt/ros/foxy /usr/bin/cmake /home/mm/longshan11_6/src/myrviz -DCMAKE_INSTALL_PREFIX=/home/mm/longshan11_6/install/myrviz
[0.133s] -- The C compiler identification is GNU 9.4.0
[0.237s] -- The CXX compiler identification is GNU 9.4.0
[0.244s] -- Check for working C compiler: /usr/bin/cc
[0.378s] -- Check for working C compiler: /usr/bin/cc -- works
[0.388s] -- Detecting C compiler ABI info
[0.538s] -- Detecting C compiler ABI info - done
[0.581s] -- Detecting C compile features
[0.582s] -- Detecting C compile features - done
[0.589s] -- Check for working CXX compiler: /usr/bin/c++
[0.729s] -- Check for working CXX compiler: /usr/bin/c++ -- works
[0.729s] -- Detecting CXX compiler ABI info
[0.931s] -- Detecting CXX compiler ABI info - done
[0.959s] -- Detecting CXX compile features
[0.961s] -- Detecting CXX compile features - done
[0.964s] -- Found ament_cmake: 0.9.12 (/opt/ros/foxy/share/ament_cmake/cmake)
[1.039s] -- Found PythonInterp: /usr/bin/python3 (found suitable version "3.8.10", minimum required is "3") 
[1.039s] -- Using PYTHON_EXECUTABLE: /usr/bin/python3
[1.519s] -- Found rclcpp: 2.4.3 (/opt/ros/foxy/share/rclcpp/cmake)
[1.621s] -- Using all available rosidl_typesupport_c: rosidl_typesupport_fastrtps_c;rosidl_typesupport_introspection_c
[1.631s] -- Found rosidl_adapter: 1.3.1 (/opt/ros/foxy/share/rosidl_adapter/cmake)
[1.830s] -- Found OpenSSL: /usr/lib/x86_64-linux-gnu/libcrypto.so (found version "1.1.1f")  
[1.864s] -- Found FastRTPS: /opt/ros/foxy/include  
[2.004s] -- Using all available rosidl_typesupport_cpp: rosidl_typesupport_fastrtps_cpp;rosidl_typesupport_introspection_cpp
[2.111s] -- Found rmw_implementation_cmake: 1.0.4 (/opt/ros/foxy/share/rmw_implementation_cmake/cmake)
[2.113s] -- Using RMW implementation 'rmw_fastrtps_cpp' as default
[2.115s] -- Looking for pthread.h
[2.284s] -- Looking for pthread.h - found
[2.284s] -- Performing Test CMAKE_HAVE_LIBC_PTHREAD
[2.404s] -- Performing Test CMAKE_HAVE_LIBC_PTHREAD - Failed
[2.416s] -- Looking for pthread_create in pthreads
[2.512s] -- Looking for pthread_create in pthreads - not found
[2.512s] -- Looking for pthread_create in pthread
[2.638s] -- Looking for pthread_create in pthread - found
[2.648s] -- Found Threads: TRUE  
[2.896s] -- Found visualization_msgs: 2.0.5 (/opt/ros/foxy/share/visualization_msgs/cmake)
[3.190s] -- Found sensor_msgs: 2.0.5 (/opt/ros/foxy/share/sensor_msgs/cmake)
[3.338s] -- Checking for module 'eigen3'
[3.375s] --   Found eigen3, version 3.3.7
[3.458s] -- Found Eigen: /usr/include/eigen3 (Required is at least version "3.1") 
[3.458s] -- Eigen found (include: /usr/include/eigen3, version: 3.3.7)
[3.569s] -- Found Boost: /usr/include (found suitable version "1.71.0", minimum required is "1.55.0") found components: system filesystem date_time iostreams regex 
[3.596s] -- Checking for module 'flann'
[3.627s] --   Found flann, version 1.9.1
[3.730s] -- Found FLANN: /usr/lib/x86_64-linux-gnu/libflann_cpp.so  
[3.854s] -- The imported target "vtkParseOGLExt" references the file
[3.854s]    "/usr/bin/vtkParseOGLExt-7.1"
[3.854s] but this file does not exist.  Possible reasons include:
[3.854s] * The file was deleted, renamed, or moved to another location.
[3.854s] * An install or uninstall procedure did not complete successfully.
[3.854s] * The installation package was faulty and contained
[3.854s]    "/usr/lib/cmake/vtk-7.1/VTKTargets.cmake"
[3.854s] but not all the files it references.
[3.854s] 
[3.856s] -- The imported target "vtkRenderingPythonTkWidgets" references the file
[3.856s]    "/usr/lib/x86_64-linux-gnu/libvtkRenderingPythonTkWidgets.so"
[3.856s] but this file does not exist.  Possible reasons include:
[3.856s] * The file was deleted, renamed, or moved to another location.
[3.856s] * An install or uninstall procedure did not complete successfully.
[3.856s] * The installation package was faulty and contained
[3.857s]    "/usr/lib/cmake/vtk-7.1/VTKTargets.cmake"
[3.857s] but not all the files it references.
[3.857s] 
[3.858s] -- The imported target "vtk" references the file
[3.858s]    "/usr/bin/vtk"
[3.858s] but this file does not exist.  Possible reasons include:
[3.858s] * The file was deleted, renamed, or moved to another location.
[3.858s] * An install or uninstall procedure did not complete successfully.
[3.859s] * The installation package was faulty and contained
[3.859s]    "/usr/lib/cmake/vtk-7.1/VTKTargets.cmake"
[3.859s] but not all the files it references.
[3.859s] 
[3.860s] -- The imported target "pvtk" references the file
[3.860s]    "/usr/bin/pvtk"
[3.860s] but this file does not exist.  Possible reasons include:
[3.860s] * The file was deleted, renamed, or moved to another location.
[3.860s] * An install or uninstall procedure did not complete successfully.
[3.860s] * The installation package was faulty and contained
[3.860s]    "/usr/lib/cmake/vtk-7.1/VTKTargets.cmake"
[3.860s] but not all the files it references.
[3.860s] 
[3.897s] -- Checking for module 'libusb-1.0'
[3.923s] --   Found libusb-1.0, version 1.0.23
[3.996s] -- Found USB_10: /usr/lib/x86_64-linux-gnu/libusb-1.0.so  
[4.135s] -- Found OpenNI: /usr/lib/libOpenNI.so  
[4.135s] -- OpenNI found (include: /usr/include/ni, lib: /usr/lib/libOpenNI.so)
[4.263s] -- Found OpenNI2: /usr/lib/libOpenNI2.so  
[4.264s] -- OpenNI2 found (include: /usr/include/openni2, lib: /usr/lib/libOpenNI2.so)
[4.265s] ** WARNING ** io features related to pcap will be disabled
[4.265s] ** WARNING ** io features related to png will be disabled
[4.288s] -- Found libusb-1.0: /usr/include  
[4.288s] ** WARNING ** io features related to libusb-1.0 will be disabled
[4.298s] -- OpenNI found (include: /usr/include/ni, lib: /usr/lib/libOpenNI.so)
[4.309s] -- OpenNI2 found (include: /usr/include/openni2, lib: /usr/lib/libOpenNI2.so)
[4.348s] -- Found Qhull: optimized;/usr/lib/x86_64-linux-gnu/libqhull.so;debug;/usr/lib/x86_64-linux-gnu/libqhull.so  
[4.348s] -- QHULL found (include: /usr/include, lib: optimized;/usr/lib/x86_64-linux-gnu/libqhull.so;debug;/usr/lib/x86_64-linux-gnu/libqhull.so)
[4.359s] -- OpenNI found (include: /usr/include/ni, lib: /usr/lib/libOpenNI.so)
[4.381s] -- looking for PCL_COMMON
[4.383s] -- Found PCL_COMMON: /usr/lib/x86_64-linux-gnu/libpcl_common.so  
[4.384s] -- looking for PCL_KDTREE
[4.388s] -- Found PCL_KDTREE: /usr/lib/x86_64-linux-gnu/libpcl_kdtree.so  
[4.389s] -- looking for PCL_OCTREE
[4.392s] -- Found PCL_OCTREE: /usr/lib/x86_64-linux-gnu/libpcl_octree.so  
[4.394s] -- looking for PCL_SEARCH
[4.396s] -- Found PCL_SEARCH: /usr/lib/x86_64-linux-gnu/libpcl_search.so  
[4.397s] -- looking for PCL_SAMPLE_CONSENSUS
[4.398s] -- Found PCL_SAMPLE_CONSENSUS: /usr/lib/x86_64-linux-gnu/libpcl_sample_consensus.so  
[4.399s] -- looking for PCL_FILTERS
[4.401s] -- Found PCL_FILTERS: /usr/lib/x86_64-linux-gnu/libpcl_filters.so  
[4.402s] -- looking for PCL_2D
[4.403s] -- Found PCL_2D: /usr/include/pcl-1.10  
[4.404s] -- looking for PCL_GEOMETRY
[4.405s] -- Found PCL_GEOMETRY: /usr/include/pcl-1.10  
[4.405s] -- looking for PCL_IO
[4.407s] -- Found PCL_IO: /usr/lib/x86_64-linux-gnu/libpcl_io.so  
[4.408s] -- looking for PCL_FEATURES
[4.410s] -- Found PCL_FEATURES: /usr/lib/x86_64-linux-gnu/libpcl_features.so  
[4.411s] -- looking for PCL_ML
[4.413s] -- Found PCL_ML: /usr/lib/x86_64-linux-gnu/libpcl_ml.so  
[4.414s] -- looking for PCL_SEGMENTATION
[4.415s] -- Found PCL_SEGMENTATION: /usr/lib/x86_64-linux-gnu/libpcl_segmentation.so  
[4.417s] -- looking for PCL_VISUALIZATION
[4.418s] -- Found PCL_VISUALIZATION: /usr/lib/x86_64-linux-gnu/libpcl_visualization.so  
[4.420s] -- looking for PCL_SURFACE
[4.422s] -- Found PCL_SURFACE: /usr/lib/x86_64-linux-gnu/libpcl_surface.so  
[4.423s] -- looking for PCL_REGISTRATION
[4.425s] -- Found PCL_REGISTRATION: /usr/lib/x86_64-linux-gnu/libpcl_registration.so  
[4.426s] -- looking for PCL_KEYPOINTS
[4.428s] -- Found PCL_KEYPOINTS: /usr/lib/x86_64-linux-gnu/libpcl_keypoints.so  
[4.429s] -- looking for PCL_TRACKING
[4.431s] -- Found PCL_TRACKING: /usr/lib/x86_64-linux-gnu/libpcl_tracking.so  
[4.431s] -- looking for PCL_RECOGNITION
[4.433s] -- Found PCL_RECOGNITION: /usr/lib/x86_64-linux-gnu/libpcl_recognition.so  
[4.434s] -- looking for PCL_STEREO
[4.437s] -- Found PCL_STEREO: /usr/lib/x86_64-linux-gnu/libpcl_stereo.so  
[4.439s] -- looking for PCL_APPS
[4.442s] -- Found PCL_APPS: /usr/lib/x86_64-linux-gnu/libpcl_apps.so  
[4.445s] -- looking for PCL_IN_HAND_SCANNER
[4.447s] -- Found PCL_IN_HAND_SCANNER: /usr/include/pcl-1.10  
[4.448s] -- looking for PCL_POINT_CLOUD_EDITOR
[4.449s] -- Found PCL_POINT_CLOUD_EDITOR: /usr/include/pcl-1.10  
[4.450s] -- looking for PCL_OUTOFCORE
[4.454s] -- Found PCL_OUTOFCORE: /usr/lib/x86_64-linux-gnu/libpcl_outofcore.so  
[4.456s] -- looking for PCL_PEOPLE
[4.460s] -- Found PCL_PEOPLE: /usr/lib/x86_64-linux-gnu/libpcl_people.so  
[4.464s] -- Found PCL: pcl_common;pcl_kdtree;pcl_octree;pcl_search;pcl_sample_consensus;pcl_filters;pcl_io;pcl_features;pcl_ml;pcl_segmentation;pcl_visualization;pcl_surface;pcl_registration;pcl_keypoints;pcl_tracking;pcl_recognition;pcl_stereo;pcl_apps;pcl_outofcore;pcl_people;/usr/lib/x86_64-linux-gnu/libboost_system.so;/usr/lib/x86_64-linux-gnu/libboost_filesystem.so;/usr/lib/x86_64-linux-gnu/libboost_date_time.so;/usr/lib/x86_64-linux-gnu/libboost_iostreams.so;/usr/lib/x86_64-linux-gnu/libboost_regex.so;optimized;/usr/lib/x86_64-linux-gnu/libqhull.so;debug;/usr/lib/x86_64-linux-gnu/libqhull.so;/usr/lib/libOpenNI.so;/usr/lib/libOpenNI2.so;vtkChartsCore;vtkCommonColor;vtkCommonCore;vtksys;vtkCommonDataModel;vtkCommonMath;vtkCommonMisc;vtkCommonSystem;vtkCommonTransforms;vtkCommonExecutionModel;vtkFiltersGeneral;vtkCommonComputationalGeometry;vtkFiltersCore;vtkInfovisCore;vtkFiltersExtraction;vtkFiltersStatistics;vtkImagingFourier;vtkImagingCore;vtkalglib;vtkRenderingContext2D;vtkRenderingCore;vtkFiltersGeometry;vtkFiltersSources;vtkRenderingFreeType;/usr/lib/x86_64-linux-gnu/libfreetype.so;/usr/lib/x86_64-linux-gnu/libz.so;vtkFiltersModeling;vtkImagingSources;vtkInteractionStyle;vtkInteractionWidgets;vtkFiltersHybrid;vtkImagingColor;vtkImagingGeneral;vtkImagingHybrid;vtkIOImage;vtkDICOMParser;vtkmetaio;/usr/lib/x86_64-linux-gnu/libjpeg.so;/usr/lib/x86_64-linux-gnu/libpng.so;/usr/lib/x86_64-linux-gnu/libtiff.so;vtkRenderingAnnotation;vtkRenderingVolume;vtkIOXML;vtkIOCore;vtkIOXMLParser;/usr/lib/x86_64-linux-gnu/libexpat.so;vtkIOGeometry;vtkIOLegacy;vtkIOPLY;vtkRenderingLOD;vtkViewsContext2D;vtkViewsCore;vtkRenderingContextOpenGL2;vtkRenderingOpenGL2;FLANN::FLANN  
[4.466s] -- Found tf2_ros: 0.13.14 (/opt/ros/foxy/share/tf2_ros/cmake)
[5.120s] -- Found nav_msgs: 2.0.5 (/opt/ros/foxy/share/nav_msgs/cmake)
[5.274s] -- Found ament_lint_auto: 0.9.8 (/opt/ros/foxy/share/ament_lint_auto/cmake)
[5.410s] -- Added test 'copyright' to check source files copyright and LICENSE
[5.413s] -- Added test 'cppcheck' to perform static code analysis on C / C++ code
[5.414s] -- Configured cppcheck include dirs: 
[5.414s] -- Configured cppcheck exclude dirs and/or files: 
[5.416s] -- Added test 'cpplint' to check C / C++ code against the Google style
[5.416s] -- Configured cpplint exclude dirs and/or files: 
[5.418s] -- Added test 'lint_cmake' to check CMake code style
[5.420s] -- Added test 'uncrustify' to check C / C++ code style
[5.420s] -- Configured uncrustify additional arguments: 
[5.422s] -- Added test 'xmllint' to check XML markup files
[5.428s] -- Configuring done
[5.509s] -- Generating done
[5.513s] -- Build files have been written to: /home/mm/longshan11_6/build/myrviz
[5.542s] Invoked command in '/home/mm/longshan11_6/build/myrviz' returned '0': CMAKE_PREFIX_PATH=/opt/ros/foxy /usr/bin/cmake /home/mm/longshan11_6/src/myrviz -DCMAKE_INSTALL_PREFIX=/home/mm/longshan11_6/install/myrviz
[5.543s] Invoking command in '/home/mm/longshan11_6/build/myrviz': CMAKE_PREFIX_PATH=/opt/ros/foxy /usr/bin/cmake --build /home/mm/longshan11_6/build/myrviz -- -j4 -l4
[5.617s] [35m[1mScanning dependencies of target points_and_lines_publisher[0m
[5.751s] [ 50%] [32mBuilding CXX object CMakeFiles/points_and_lines_publisher.dir/src/pubrviz.cpp.o[0m
[16.825s] [01m[K/home/mm/longshan11_6/src/myrviz/src/pubrviz.cpp:[m[K In member function ‘[01m[Kvoid PointsAndLinesPublisher::publocal(std_msgs::msg::Float64MultiArray_<std::allocator<void> >::SharedPtr)[m[K’:
[16.825s] [01m[K/home/mm/longshan11_6/src/myrviz/src/pubrviz.cpp:272:20:[m[K [01;35m[Kwarning: [m[Kunused variable ‘[01m[Klocalid[m[K’ [[01;35m[K-Wunused-variable[m[K]
[16.825s]   272 |         static int [01;35m[Klocalid[m[K =0;
[16.825s]       |                    [01;35m[K^~~~~~~[m[K
