[0.076s] Invoking command in '/home/mm/longshan12_2/build/control': CMAKE_PREFIX_PATH=/opt/ros/foxy /usr/bin/cmake --build /home/mm/longshan12_2/build/control -- -j4 -l4
[0.344s] [100%] Built target control_node
[0.368s] Invoked command in '/home/mm/longshan12_2/build/control' returned '0': CMAKE_PREFIX_PATH=/opt/ros/foxy /usr/bin/cmake --build /home/mm/longshan12_2/build/control -- -j4 -l4
[0.638s] Invoking command in '/home/mm/longshan12_2/build/control': CMAKE_PREFIX_PATH=/opt/ros/foxy /usr/bin/cmake --install /home/mm/longshan12_2/build/control
[0.650s] -- Install configuration: ""
[0.659s] -- Up-to-date: /home/mm/longshan12_2/install/control/lib/control/control_node
[0.660s] -- Up-to-date: /home/mm/longshan12_2/install/control/share/control/launch
[0.661s] -- Up-to-date: /home/mm/longshan12_2/install/control/share/control/launch/control.launch.py
[0.661s] -- Up-to-date: /home/mm/longshan12_2/install/control/share/ament_index/resource_index/package_run_dependencies/control
[0.661s] -- Up-to-date: /home/mm/longshan12_2/install/control/share/ament_index/resource_index/parent_prefix_path/control
[0.661s] -- Up-to-date: /home/mm/longshan12_2/install/control/share/control/environment/ament_prefix_path.sh
[0.662s] -- Up-to-date: /home/mm/longshan12_2/install/control/share/control/environment/ament_prefix_path.dsv
[0.662s] -- Up-to-date: /home/mm/longshan12_2/install/control/share/control/environment/path.sh
[0.663s] -- Up-to-date: /home/mm/longshan12_2/install/control/share/control/environment/path.dsv
[0.664s] -- Up-to-date: /home/mm/longshan12_2/install/control/share/control/local_setup.bash
[0.665s] -- Up-to-date: /home/mm/longshan12_2/install/control/share/control/local_setup.sh
[0.665s] -- Up-to-date: /home/mm/longshan12_2/install/control/share/control/local_setup.zsh
[0.666s] -- Up-to-date: /home/mm/longshan12_2/install/control/share/control/local_setup.dsv
[0.666s] -- Installing: /home/mm/longshan12_2/install/control/share/control/package.dsv
[0.668s] -- Up-to-date: /home/mm/longshan12_2/install/control/share/ament_index/resource_index/packages/control
[0.674s] -- Up-to-date: /home/mm/longshan12_2/install/control/share/control/cmake/controlConfig.cmake
[0.680s] -- Up-to-date: /home/mm/longshan12_2/install/control/share/control/cmake/controlConfig-version.cmake
[0.681s] -- Up-to-date: /home/mm/longshan12_2/install/control/share/control/package.xml
[0.700s] Invoked command in '/home/mm/longshan12_2/build/control' returned '0': CMAKE_PREFIX_PATH=/opt/ros/foxy /usr/bin/cmake --install /home/mm/longshan12_2/build/control
