[0.042s] Invoking command in '/home/mm/longshan12_2/build/can': CMAKE_PREFIX_PATH=/opt/ros/foxy /usr/bin/cmake --build /home/mm/longshan12_2/build/can -- -j4 -l4
[0.137s] [35m[1mScanning dependencies of target can_node[0m
[0.167s] [ 20%] [32mBuilding CXX object CMakeFiles/can_node.dir/src/socketcan.cpp.o[0m
[0.191s] [ 60%] Built target test1
[0.691s] [01m[K/home/mm/longshan12_2/src/can/src/socketcan.cpp:[m[K In constructor ‘[01m[Ksocketcan::socketcan()[m[K’:
[0.691s] [01m[K/home/mm/longshan12_2/src/can/src/socketcan.cpp:27:16:[m[K [01;35m[Kwarning: [m[Kunused variable ‘[01m[KactualFrameRate[m[K’ [[01;35m[K-Wunused-variable[m[K]
[0.691s]    27 |         double [01;35m[KactualFrameRate[m[K = 1.0 / frameDuration.count();
[0.691s]       |                [01;35m[K^~~~~~~~~~~~~~~[m[K
[0.691s] [01m[K/home/mm/longshan12_2/src/can/src/socketcan.cpp:[m[K In destructor ‘[01m[Ksocketcan::~socketcan()[m[K’:
[0.691s] [01m[K/home/mm/longshan12_2/src/can/src/socketcan.cpp:77:16:[m[K [01;35m[Kwarning: [m[Kunused variable ‘[01m[KactualFrameRate[m[K’ [[01;35m[K-Wunused-variable[m[K]
[0.692s]    77 |         double [01;35m[KactualFrameRate[m[K = 1.0 / frameDuration.count();
[0.692s]       |                [01;35m[K^~~~~~~~~~~~~~~[m[K
[0.695s] [01m[K/home/mm/longshan12_2/src/can/src/socketcan.cpp:102:6:[m[K [01;35m[Kwarning: [m[Kunused variable ‘[01m[Kreturn_code2[m[K’ [[01;35m[K-Wunused-variable[m[K]
[0.695s]   102 |  int [01;35m[Kreturn_code2[m[K = send_init(0x1C5, data1); //0x1C5
[0.695s]       |      [01;35m[K^~~~~~~~~~~~[m[K
[0.706s] [01m[K/home/mm/longshan12_2/src/can/src/socketcan.cpp:[m[K In member function ‘[01m[Kvoid socketcan::exit_socketcan()[m[K’:
[0.706s] [01m[K/home/mm/longshan12_2/src/can/src/socketcan.cpp:129:16:[m[K [01;35m[Kwarning: [m[Kunused variable ‘[01m[KactualFrameRate[m[K’ [[01;35m[K-Wunused-variable[m[K]
[0.706s]   129 |         double [01;35m[KactualFrameRate[m[K = 1.0 / frameDuration.count();
[0.706s]       |                [01;35m[K^~~~~~~~~~~~~~~[m[K
[0.706s] [01m[K/home/mm/longshan12_2/src/can/src/socketcan.cpp:155:6:[m[K [01;35m[Kwarning: [m[Kunused variable ‘[01m[Kreturn_code2[m[K’ [[01;35m[K-Wunused-variable[m[K]
[0.706s]   155 |  int [01;35m[Kreturn_code2[m[K = send_init(0x1C5, data1); //0x1C5
[0.706s]       |      [01;35m[K^~~~~~~~~~~~[m[K
[0.739s] [01m[K/home/mm/longshan12_2/src/can/src/socketcan.cpp:[m[K In member function ‘[01m[Kvoid socketcan::send_data_nobusy(int, can_frame*)[m[K’:
[0.739s] [01m[K/home/mm/longshan12_2/src/can/src/socketcan.cpp:350:38:[m[K [01;35m[Kwarning: [m[Kunused parameter ‘[01m[Ksocket_fd[m[K’ [[01;35m[K-Wunused-parameter[m[K]
[0.739s]   350 | void socketcan::send_data_nobusy([01;35m[Kint socket_fd[m[K, struct can_frame *frame) {
[0.739s]       |                                  [01;35m[K~~~~^~~~~~~~~[m[K
[0.833s] [01m[K/home/mm/longshan12_2/src/can/src/socketcan.cpp:[m[K In member function ‘[01m[Kint socketcan::send_init(unsigned int, unsigned char*)[m[K’:
[0.833s] [01m[K/home/mm/longshan12_2/src/can/src/socketcan.cpp:203:1:[m[K [01;35m[Kwarning: [m[Kcontrol reaches end of non-void function [[01;35m[K-Wreturn-type[m[K]
[0.833s]   203 | [01;35m[K}[m[K
[0.833s]       | [01;35m[K^[m[K
[0.924s] [ 80%] [32m[1mLinking CXX executable can_node[0m
[1.407s] [100%] Built target can_node
[1.440s] Invoked command in '/home/mm/longshan12_2/build/can' returned '0': CMAKE_PREFIX_PATH=/opt/ros/foxy /usr/bin/cmake --build /home/mm/longshan12_2/build/can -- -j4 -l4
[1.528s] Invoking command in '/home/mm/longshan12_2/build/can': CMAKE_PREFIX_PATH=/opt/ros/foxy /usr/bin/cmake --install /home/mm/longshan12_2/build/can
[1.541s] -- Install configuration: ""
[1.544s] -- Up-to-date: /home/mm/longshan12_2/install/can/share/ament_index/resource_index/package_run_dependencies/can
[1.544s] -- Up-to-date: /home/mm/longshan12_2/install/can/share/ament_index/resource_index/parent_prefix_path/can
[1.544s] -- Up-to-date: /home/mm/longshan12_2/install/can/share/can/environment/ament_prefix_path.sh
[1.544s] -- Up-to-date: /home/mm/longshan12_2/install/can/share/can/environment/ament_prefix_path.dsv
[1.546s] -- Up-to-date: /home/mm/longshan12_2/install/can/share/can/environment/path.sh
[1.548s] -- Up-to-date: /home/mm/longshan12_2/install/can/share/can/environment/path.dsv
[1.548s] -- Up-to-date: /home/mm/longshan12_2/install/can/share/can/local_setup.bash
[1.548s] -- Up-to-date: /home/mm/longshan12_2/install/can/share/can/local_setup.sh
[1.548s] -- Up-to-date: /home/mm/longshan12_2/install/can/share/can/local_setup.zsh
[1.548s] -- Up-to-date: /home/mm/longshan12_2/install/can/share/can/local_setup.dsv
[1.548s] -- Installing: /home/mm/longshan12_2/install/can/share/can/package.dsv
[1.548s] -- Up-to-date: /home/mm/longshan12_2/install/can/share/ament_index/resource_index/packages/can
[1.548s] -- Up-to-date: /home/mm/longshan12_2/install/can/share/can/cmake/canConfig.cmake
[1.548s] -- Up-to-date: /home/mm/longshan12_2/install/can/share/can/cmake/canConfig-version.cmake
[1.548s] -- Up-to-date: /home/mm/longshan12_2/install/can/share/can/package.xml
[1.548s] -- Installing: /home/mm/longshan12_2/install/can/lib/can/can_node
[1.555s] -- Set runtime path of "/home/mm/longshan12_2/install/can/lib/can/can_node" to ""
[1.557s] -- Up-to-date: /home/mm/longshan12_2/install/can/lib/can/test1
[1.557s] -- Up-to-date: /home/mm/longshan12_2/install/can/share/can/launch
[1.557s] -- Up-to-date: /home/mm/longshan12_2/install/can/share/can/launch/can.launch.py
[1.560s] Invoked command in '/home/mm/longshan12_2/build/can' returned '0': CMAKE_PREFIX_PATH=/opt/ros/foxy /usr/bin/cmake --install /home/mm/longshan12_2/build/can
