[0.023s] Invoking command in '/home/mm/longshan11_6/build/local': AMENT_PREFIX_PATH=/home/mm/longshan11_6/install/ros2_path_interfaces:${AMENT_PREFIX_PATH} CMAKE_PREFIX_PATH=/home/mm/longshan11_6/install/ros2_path_interfaces:/opt/ros/foxy LD_LIBRARY_PATH=/home/mm/longshan11_6/install/ros2_path_interfaces/lib:/usr/lib/x86_64-linux-gnu/gazebo-11/plugins:/opt/ros/foxy/opt/yaml_cpp_vendor/lib:/opt/ros/foxy/opt/rviz_ogre_vendor/lib:/opt/ros/foxy/lib/x86_64-linux-gnu:/opt/ros/foxy/lib:/usr/local/lib/libosqp.so PYTHONPATH=/home/mm/longshan11_6/install/ros2_path_interfaces/lib/python3.8/site-packages:${PYTHONPATH} /usr/bin/cmake --build /home/mm/longshan11_6/build/local -- -j4 -l4
[0.157s] [35m[1mScanning dependencies of target local_node3[0m
[0.297s] [  5%] [32mBuilding CXX object CMakeFiles/local_node3.dir/src/dp_st_cost_.cpp.o[0m
[0.305s] [ 11%] [32mBuilding CXX object CMakeFiles/local_node3.dir/src/Calobs.cpp.o[0m
[0.316s] [ 16%] [32mBuilding CXX object CMakeFiles/local_node3.dir/src/local_node3.cpp.o[0m
[0.320s] [ 22%] [32mBuilding CXX object CMakeFiles/local_node3.dir/src/local_dp_qp.cpp.o[0m
[2.977s] [ 27%] [32mBuilding CXX object CMakeFiles/local_node3.dir/src/piecewise_jerk_speed_optimizer.cpp.o[0m
[5.627s] [ 33%] [32mBuilding CXX object CMakeFiles/local_node3.dir/src/speed_.cpp.o[0m
[12.213s] In file included from [01m[K/home/mm/longshan11_6/src/local/./include/localFuns.h:5[m[K,
[12.213s]                  from [01m[K/home/mm/longshan11_6/src/local/src/local_node3.cpp:14[m[K:
[12.213s] [01m[K/home/mm/longshan11_6/src/local/./include/toolKits.h:64:19:[m[K [01;35m[Kwarning: [m[Kinline function ‘[01m[Kdouble tool::d2r(double)[m[K’ used but never defined
[12.213s]    64 |     inline double [01;35m[Kd2r[m[K(double theta);
[12.213s]       |                   [01;35m[K^~~[m[K
[20.703s] [ 38%] [32m[1mLinking CXX executable local_node3[0m
[23.208s] [100%] Built target local_node3
[23.225s] Invoked command in '/home/mm/longshan11_6/build/local' returned '0': AMENT_PREFIX_PATH=/home/mm/longshan11_6/install/ros2_path_interfaces:${AMENT_PREFIX_PATH} CMAKE_PREFIX_PATH=/home/mm/longshan11_6/install/ros2_path_interfaces:/opt/ros/foxy LD_LIBRARY_PATH=/home/mm/longshan11_6/install/ros2_path_interfaces/lib:/usr/lib/x86_64-linux-gnu/gazebo-11/plugins:/opt/ros/foxy/opt/yaml_cpp_vendor/lib:/opt/ros/foxy/opt/rviz_ogre_vendor/lib:/opt/ros/foxy/lib/x86_64-linux-gnu:/opt/ros/foxy/lib:/usr/local/lib/libosqp.so PYTHONPATH=/home/mm/longshan11_6/install/ros2_path_interfaces/lib/python3.8/site-packages:${PYTHONPATH} /usr/bin/cmake --build /home/mm/longshan11_6/build/local -- -j4 -l4
[23.311s] Invoking command in '/home/mm/longshan11_6/build/local': AMENT_PREFIX_PATH=/home/mm/longshan11_6/install/ros2_path_interfaces:${AMENT_PREFIX_PATH} CMAKE_PREFIX_PATH=/home/mm/longshan11_6/install/ros2_path_interfaces:/opt/ros/foxy LD_LIBRARY_PATH=/home/mm/longshan11_6/install/ros2_path_interfaces/lib:/usr/lib/x86_64-linux-gnu/gazebo-11/plugins:/opt/ros/foxy/opt/yaml_cpp_vendor/lib:/opt/ros/foxy/opt/rviz_ogre_vendor/lib:/opt/ros/foxy/lib/x86_64-linux-gnu:/opt/ros/foxy/lib:/usr/local/lib/libosqp.so PYTHONPATH=/home/mm/longshan11_6/install/ros2_path_interfaces/lib/python3.8/site-packages:${PYTHONPATH} /usr/bin/cmake --install /home/mm/longshan11_6/build/local
[23.323s] -- Install configuration: ""
[23.330s] -- Installing: /home/mm/longshan11_6/install/local/lib/local/local_node3
[23.351s] -- Set runtime path of "/home/mm/longshan11_6/install/local/lib/local/local_node3" to ""
[23.352s] -- Up-to-date: /home/mm/longshan11_6/install/local/share/local/launch
[23.354s] -- Up-to-date: /home/mm/longshan11_6/install/local/share/local/launch/local.launch.py
[23.355s] -- Up-to-date: /home/mm/longshan11_6/install/local/share/ament_index/resource_index/package_run_dependencies/local
[23.356s] -- Up-to-date: /home/mm/longshan11_6/install/local/share/ament_index/resource_index/parent_prefix_path/local
[23.357s] -- Up-to-date: /home/mm/longshan11_6/install/local/share/local/environment/ament_prefix_path.sh
[23.358s] -- Up-to-date: /home/mm/longshan11_6/install/local/share/local/environment/ament_prefix_path.dsv
[23.358s] -- Up-to-date: /home/mm/longshan11_6/install/local/share/local/environment/path.sh
[23.358s] -- Up-to-date: /home/mm/longshan11_6/install/local/share/local/environment/path.dsv
[23.358s] -- Up-to-date: /home/mm/longshan11_6/install/local/share/local/local_setup.bash
[23.358s] -- Up-to-date: /home/mm/longshan11_6/install/local/share/local/local_setup.sh
[23.359s] -- Up-to-date: /home/mm/longshan11_6/install/local/share/local/local_setup.zsh
[23.359s] -- Up-to-date: /home/mm/longshan11_6/install/local/share/local/local_setup.dsv
[23.359s] -- Installing: /home/mm/longshan11_6/install/local/share/local/package.dsv
[23.359s] -- Up-to-date: /home/mm/longshan11_6/install/local/share/ament_index/resource_index/packages/local
[23.360s] -- Up-to-date: /home/mm/longshan11_6/install/local/share/local/cmake/localConfig.cmake
[23.360s] -- Up-to-date: /home/mm/longshan11_6/install/local/share/local/cmake/localConfig-version.cmake
[23.360s] -- Up-to-date: /home/mm/longshan11_6/install/local/share/local/package.xml
[23.366s] Invoked command in '/home/mm/longshan11_6/build/local' returned '0': AMENT_PREFIX_PATH=/home/mm/longshan11_6/install/ros2_path_interfaces:${AMENT_PREFIX_PATH} CMAKE_PREFIX_PATH=/home/mm/longshan11_6/install/ros2_path_interfaces:/opt/ros/foxy LD_LIBRARY_PATH=/home/mm/longshan11_6/install/ros2_path_interfaces/lib:/usr/lib/x86_64-linux-gnu/gazebo-11/plugins:/opt/ros/foxy/opt/yaml_cpp_vendor/lib:/opt/ros/foxy/opt/rviz_ogre_vendor/lib:/opt/ros/foxy/lib/x86_64-linux-gnu:/opt/ros/foxy/lib:/usr/local/lib/libosqp.so PYTHONPATH=/home/mm/longshan11_6/install/ros2_path_interfaces/lib/python3.8/site-packages:${PYTHONPATH} /usr/bin/cmake --install /home/mm/longshan11_6/build/local
