[0.094s] Invoking command in '/home/mm/longshan12_2/build/control': CMAKE_PREFIX_PATH=/opt/ros/foxy /usr/bin/cmake --build /home/mm/longshan12_2/build/control -- -j4 -l4
[0.294s] [35m[1mScanning dependencies of target control_node[0m
[0.437s] [  7%] [32mBuilding CXX object CMakeFiles/control_node.dir/src/control_node.cpp.o[0m
[4.204s] [01m[K/home/mm/longshan12_2/src/control/src/control_node.cpp:[m[K In member function ‘[01m[Kvoid control_node::timer_can_callback0()[m[K’:
[4.204s] [01m[K/home/mm/longshan12_2/src/control/src/control_node.cpp:107:24:[m[K [01;35m[Kwarning: [m[Kunused variable ‘[01m[Kmin_long_dis[m[K’ [[01;35m[K-Wunused-variable[m[K]
[4.204s]   107 |                 double [01;35m[Kmin_long_dis[m[K = obs_lidar.row(0).minCoeff(&minCol);
[4.204s]       |                        [01;35m[K^~~~~~~~~~~~[m[K
[4.293s] [01m[K/home/mm/longshan12_2/src/control/src/control_node.cpp:[m[K In member function ‘[01m[Kdouble control_node::CalculateSteerAngle(const int&)[m[K’:
[4.293s] [01m[K/home/mm/longshan12_2/src/control/src/control_node.cpp:398:20:[m[K [01;35m[Kwarning: [m[Kunused variable ‘[01m[Kpreview_distance[m[K’ [[01;35m[K-Wunused-variable[m[K]
[4.293s]   398 |             double [01;35m[Kpreview_distance[m[K = preview_time * gpsS;
[4.293s]       |                    [01;35m[K^~~~~~~~~~~~~~~~[m[K
[4.293s] [01m[K/home/mm/longshan12_2/src/control/src/control_node.cpp:411:20:[m[K [01;35m[Kwarning: [m[Kunused variable ‘[01m[KdeltaX[m[K’ [[01;35m[K-Wunused-variable[m[K]
[4.294s]   411 |             double [01;35m[KdeltaX[m[K =  dx;
[4.294s]       |                    [01;35m[K^~~~~~[m[K
[4.294s] [01m[K/home/mm/longshan12_2/src/control/src/control_node.cpp:412:20:[m[K [01;35m[Kwarning: [m[Kunused variable ‘[01m[KdeltaY[m[K’ [[01;35m[K-Wunused-variable[m[K]
[4.294s]   412 |             double [01;35m[KdeltaY[m[K =  dy;
[4.294s]       |                    [01;35m[K^~~~~~[m[K
[4.294s] [01m[K/home/mm/longshan12_2/src/control/src/control_node.cpp:413:20:[m[K [01;35m[Kwarning: [m[Kunused variable ‘[01m[KdeltaYAW[m[K’ [[01;35m[K-Wunused-variable[m[K]
[4.294s]   413 |             double [01;35m[KdeltaYAW[m[K = tool::normalizeAngle(tool::d2r(car(3)) - theta);
[4.294s]       |                    [01;35m[K^~~~~~~~[m[K
[12.851s] [ 14%] [32m[1mLinking CXX executable control_node[0m
[14.690s] [100%] Built target control_node
[14.703s] Invoked command in '/home/mm/longshan12_2/build/control' returned '0': CMAKE_PREFIX_PATH=/opt/ros/foxy /usr/bin/cmake --build /home/mm/longshan12_2/build/control -- -j4 -l4
[14.755s] Invoking command in '/home/mm/longshan12_2/build/control': CMAKE_PREFIX_PATH=/opt/ros/foxy /usr/bin/cmake --install /home/mm/longshan12_2/build/control
[14.765s] -- Install configuration: ""
[14.767s] -- Installing: /home/mm/longshan12_2/install/control/lib/control/control_node
[14.779s] -- Set runtime path of "/home/mm/longshan12_2/install/control/lib/control/control_node" to ""
[14.780s] -- Up-to-date: /home/mm/longshan12_2/install/control/share/control/launch
[14.780s] -- Up-to-date: /home/mm/longshan12_2/install/control/share/control/launch/control.launch.py
[14.780s] -- Up-to-date: /home/mm/longshan12_2/install/control/share/ament_index/resource_index/package_run_dependencies/control
[14.780s] -- Up-to-date: /home/mm/longshan12_2/install/control/share/ament_index/resource_index/parent_prefix_path/control
[14.781s] -- Up-to-date: /home/mm/longshan12_2/install/control/share/control/environment/ament_prefix_path.sh
[14.781s] -- Up-to-date: /home/mm/longshan12_2/install/control/share/control/environment/ament_prefix_path.dsv
[14.781s] -- Up-to-date: /home/mm/longshan12_2/install/control/share/control/environment/path.sh
[14.781s] -- Up-to-date: /home/mm/longshan12_2/install/control/share/control/environment/path.dsv
[14.781s] -- Up-to-date: /home/mm/longshan12_2/install/control/share/control/local_setup.bash
[14.782s] -- Up-to-date: /home/mm/longshan12_2/install/control/share/control/local_setup.sh
[14.782s] -- Up-to-date: /home/mm/longshan12_2/install/control/share/control/local_setup.zsh
[14.783s] -- Up-to-date: /home/mm/longshan12_2/install/control/share/control/local_setup.dsv
[14.783s] -- Installing: /home/mm/longshan12_2/install/control/share/control/package.dsv
[14.784s] -- Up-to-date: /home/mm/longshan12_2/install/control/share/ament_index/resource_index/packages/control
[14.784s] -- Up-to-date: /home/mm/longshan12_2/install/control/share/control/cmake/controlConfig.cmake
[14.785s] -- Up-to-date: /home/mm/longshan12_2/install/control/share/control/cmake/controlConfig-version.cmake
[14.785s] -- Up-to-date: /home/mm/longshan12_2/install/control/share/control/package.xml
[14.788s] Invoked command in '/home/mm/longshan12_2/build/control' returned '0': CMAKE_PREFIX_PATH=/opt/ros/foxy /usr/bin/cmake --install /home/mm/longshan12_2/build/control
