[0.368s] Invoking command in '/home/mm/longshan11_6/build/gnss': CMAKE_PREFIX_PATH=/opt/ros/foxy /usr/bin/cmake --build /home/mm/longshan11_6/build/gnss -- -j4 -l4
[0.580s] [  1%] Built target gnss__cpp
[0.616s] [ 10%] Built target gnss__rosidl_generator_c
[0.690s] [ 19%] Built target gnss__rosidl_typesupport_introspection_cpp
[0.697s] [ 28%] Built target gnss__rosidl_typesupport_cpp
[0.719s] [ 37%] Built target gnss__rosidl_typesupport_fastrtps_cpp
[0.779s] [ 46%] Built target gnss__rosidl_typesupport_introspection_c
[0.820s] [ 55%] Built target gnss__rosidl_typesupport_c
[0.843s] [ 64%] Built target gnss__rosidl_typesupport_fastrtps_c
[0.886s] [ 64%] Built target gnss
[0.960s] [ 66%] Built target gnss__py
[0.965s] [ 75%] Built target gnss_lib
[0.990s] [ 78%] Built target gnss_sync_node
[1.069s] [ 82%] Built target gnss_node
[1.104s] [ 89%] Built target gnss__python
[1.188s] [ 92%] Built target gnss__rosidl_typesupport_fastrtps_c__pyext
[1.222s] [ 96%] Built target gnss__rosidl_typesupport_introspection_c__pyext
[1.245s] [100%] Built target gnss__rosidl_typesupport_c__pyext
[1.308s] Invoked command in '/home/mm/longshan11_6/build/gnss' returned '0': CMAKE_PREFIX_PATH=/opt/ros/foxy /usr/bin/cmake --build /home/mm/longshan11_6/build/gnss -- -j4 -l4
[1.683s] Invoking command in '/home/mm/longshan11_6/build/gnss': CMAKE_PREFIX_PATH=/opt/ros/foxy /usr/bin/cmake --install /home/mm/longshan11_6/build/gnss
[1.725s] -- Install configuration: ""
[1.727s] -- Up-to-date: /home/mm/longshan11_6/install/gnss/share/ament_index/resource_index/rosidl_interfaces/gnss
[1.727s] -- Up-to-date: /home/mm/longshan11_6/install/gnss/include/gnss
[1.728s] -- Up-to-date: /home/mm/longshan11_6/install/gnss/include/gnss/msg
[1.728s] -- Up-to-date: /home/mm/longshan11_6/install/gnss/include/gnss/msg/ins.h
[1.728s] -- Up-to-date: /home/mm/longshan11_6/install/gnss/include/gnss/msg/message.h
[1.728s] -- Up-to-date: /home/mm/longshan11_6/install/gnss/include/gnss/msg/imu.h
[1.729s] -- Up-to-date: /home/mm/longshan11_6/install/gnss/include/gnss/msg/rosidl_generator_c__visibility_control.h
[1.729s] -- Up-to-date: /home/mm/longshan11_6/install/gnss/include/gnss/msg/detail
[1.729s] -- Up-to-date: /home/mm/longshan11_6/install/gnss/include/gnss/msg/detail/message__type_support.h
[1.729s] -- Up-to-date: /home/mm/longshan11_6/install/gnss/include/gnss/msg/detail/imu__functions.c
[1.729s] -- Up-to-date: /home/mm/longshan11_6/install/gnss/include/gnss/msg/detail/ins__type_support.h
[1.729s] -- Up-to-date: /home/mm/longshan11_6/install/gnss/include/gnss/msg/detail/imu__functions.h
[1.729s] -- Up-to-date: /home/mm/longshan11_6/install/gnss/include/gnss/msg/detail/message__functions.h
[1.729s] -- Up-to-date: /home/mm/longshan11_6/install/gnss/include/gnss/msg/detail/ins__functions.c
[1.729s] -- Up-to-date: /home/mm/longshan11_6/install/gnss/include/gnss/msg/detail/imu__type_support.h
[1.729s] -- Up-to-date: /home/mm/longshan11_6/install/gnss/include/gnss/msg/detail/message__struct.h
[1.730s] -- Up-to-date: /home/mm/longshan11_6/install/gnss/include/gnss/msg/detail/ins__functions.h
[1.730s] -- Up-to-date: /home/mm/longshan11_6/install/gnss/include/gnss/msg/detail/message__functions.c
[1.730s] -- Up-to-date: /home/mm/longshan11_6/install/gnss/include/gnss/msg/detail/imu__struct.h
[1.730s] -- Up-to-date: /home/mm/longshan11_6/install/gnss/include/gnss/msg/detail/ins__struct.h
[1.740s] -- Up-to-date: /home/mm/longshan11_6/install/gnss/share/gnss/environment/library_path.sh
[1.742s] -- Up-to-date: /home/mm/longshan11_6/install/gnss/share/gnss/environment/library_path.dsv
[1.746s] -- Up-to-date: /home/mm/longshan11_6/install/gnss/lib/libgnss__rosidl_generator_c.so
[1.746s] -- Up-to-date: /home/mm/longshan11_6/install/gnss/include/gnss
[1.756s] -- Up-to-date: /home/mm/longshan11_6/install/gnss/include/gnss/msg
[1.756s] -- Up-to-date: /home/mm/longshan11_6/install/gnss/include/gnss/msg/rosidl_typesupport_fastrtps_c__visibility_control.h
[1.757s] -- Up-to-date: /home/mm/longshan11_6/install/gnss/include/gnss/msg/detail
[1.757s] -- Up-to-date: /home/mm/longshan11_6/install/gnss/include/gnss/msg/detail/ins__rosidl_typesupport_fastrtps_c.h
[1.758s] -- Up-to-date: /home/mm/longshan11_6/install/gnss/include/gnss/msg/detail/message__rosidl_typesupport_fastrtps_c.h
[1.759s] -- Up-to-date: /home/mm/longshan11_6/install/gnss/include/gnss/msg/detail/imu__rosidl_typesupport_fastrtps_c.h
[1.770s] -- Up-to-date: /home/mm/longshan11_6/install/gnss/lib/libgnss__rosidl_typesupport_fastrtps_c.so
[1.770s] -- Up-to-date: /home/mm/longshan11_6/install/gnss/include/gnss
[1.771s] -- Up-to-date: /home/mm/longshan11_6/install/gnss/include/gnss/msg
[1.771s] -- Up-to-date: /home/mm/longshan11_6/install/gnss/include/gnss/msg/rosidl_typesupport_fastrtps_cpp__visibility_control.h
[1.771s] -- Up-to-date: /home/mm/longshan11_6/install/gnss/include/gnss/msg/detail
[1.771s] -- Up-to-date: /home/mm/longshan11_6/install/gnss/include/gnss/msg/detail/message__rosidl_typesupport_fastrtps_cpp.hpp
[1.771s] -- Up-to-date: /home/mm/longshan11_6/install/gnss/include/gnss/msg/detail/ins__rosidl_typesupport_fastrtps_cpp.hpp
[1.771s] -- Up-to-date: /home/mm/longshan11_6/install/gnss/include/gnss/msg/detail/dds_fastrtps
[1.771s] -- Up-to-date: /home/mm/longshan11_6/install/gnss/include/gnss/msg/detail/imu__rosidl_typesupport_fastrtps_cpp.hpp
[1.771s] -- Up-to-date: /home/mm/longshan11_6/install/gnss/lib/libgnss__rosidl_typesupport_fastrtps_cpp.so
[1.772s] -- Up-to-date: /home/mm/longshan11_6/install/gnss/include/gnss
[1.773s] -- Up-to-date: /home/mm/longshan11_6/install/gnss/include/gnss/msg
[1.773s] -- Up-to-date: /home/mm/longshan11_6/install/gnss/include/gnss/msg/rosidl_typesupport_introspection_c__visibility_control.h
[1.773s] -- Up-to-date: /home/mm/longshan11_6/install/gnss/include/gnss/msg/detail
[1.773s] -- Up-to-date: /home/mm/longshan11_6/install/gnss/include/gnss/msg/detail/ins__type_support.c
[1.774s] -- Up-to-date: /home/mm/longshan11_6/install/gnss/include/gnss/msg/detail/message__type_support.c
[1.774s] -- Up-to-date: /home/mm/longshan11_6/install/gnss/include/gnss/msg/detail/imu__type_support.c
[1.774s] -- Up-to-date: /home/mm/longshan11_6/install/gnss/include/gnss/msg/detail/message__rosidl_typesupport_introspection_c.h
[1.774s] -- Up-to-date: /home/mm/longshan11_6/install/gnss/include/gnss/msg/detail/imu__rosidl_typesupport_introspection_c.h
[1.774s] -- Up-to-date: /home/mm/longshan11_6/install/gnss/include/gnss/msg/detail/ins__rosidl_typesupport_introspection_c.h
[1.793s] -- Up-to-date: /home/mm/longshan11_6/install/gnss/lib/libgnss__rosidl_typesupport_introspection_c.so
[1.800s] -- Up-to-date: /home/mm/longshan11_6/install/gnss/lib/libgnss__rosidl_typesupport_c.so
[1.801s] -- Up-to-date: /home/mm/longshan11_6/install/gnss/include/gnss
[1.802s] -- Up-to-date: /home/mm/longshan11_6/install/gnss/include/gnss/msg
[1.802s] -- Up-to-date: /home/mm/longshan11_6/install/gnss/include/gnss/msg/rosidl_generator_cpp__visibility_control.hpp
[1.803s] -- Up-to-date: /home/mm/longshan11_6/install/gnss/include/gnss/msg/ins.hpp
[1.804s] -- Up-to-date: /home/mm/longshan11_6/install/gnss/include/gnss/msg/message.hpp
[1.804s] -- Up-to-date: /home/mm/longshan11_6/install/gnss/include/gnss/msg/imu.hpp
[1.805s] -- Up-to-date: /home/mm/longshan11_6/install/gnss/include/gnss/msg/detail
[1.805s] -- Up-to-date: /home/mm/longshan11_6/install/gnss/include/gnss/msg/detail/ins__type_support.hpp
[1.806s] -- Up-to-date: /home/mm/longshan11_6/install/gnss/include/gnss/msg/detail/message__type_support.hpp
[1.806s] -- Up-to-date: /home/mm/longshan11_6/install/gnss/include/gnss/msg/detail/message__struct.hpp
[1.807s] -- Up-to-date: /home/mm/longshan11_6/install/gnss/include/gnss/msg/detail/imu__builder.hpp
[1.807s] -- Up-to-date: /home/mm/longshan11_6/install/gnss/include/gnss/msg/detail/ins__struct.hpp
[1.808s] -- Up-to-date: /home/mm/longshan11_6/install/gnss/include/gnss/msg/detail/message__traits.hpp
[1.812s] -- Up-to-date: /home/mm/longshan11_6/install/gnss/include/gnss/msg/detail/imu__struct.hpp
[1.813s] -- Up-to-date: /home/mm/longshan11_6/install/gnss/include/gnss/msg/detail/ins__builder.hpp
[1.813s] -- Up-to-date: /home/mm/longshan11_6/install/gnss/include/gnss/msg/detail/message__builder.hpp
[1.813s] -- Up-to-date: /home/mm/longshan11_6/install/gnss/include/gnss/msg/detail/imu__traits.hpp
[1.813s] -- Up-to-date: /home/mm/longshan11_6/install/gnss/include/gnss/msg/detail/ins__traits.hpp
[1.814s] -- Up-to-date: /home/mm/longshan11_6/install/gnss/include/gnss/msg/detail/imu__type_support.hpp
[1.814s] -- Up-to-date: /home/mm/longshan11_6/install/gnss/include/gnss
[1.820s] -- Up-to-date: /home/mm/longshan11_6/install/gnss/include/gnss/msg
[1.821s] -- Up-to-date: /home/mm/longshan11_6/install/gnss/include/gnss/msg/detail
[1.822s] -- Up-to-date: /home/mm/longshan11_6/install/gnss/include/gnss/msg/detail/ins__type_support.cpp
[1.824s] -- Up-to-date: /home/mm/longshan11_6/install/gnss/include/gnss/msg/detail/message__type_support.cpp
[1.825s] -- Up-to-date: /home/mm/longshan11_6/install/gnss/include/gnss/msg/detail/imu__type_support.cpp
[1.826s] -- Up-to-date: /home/mm/longshan11_6/install/gnss/include/gnss/msg/detail/message__rosidl_typesupport_introspection_cpp.hpp
[1.827s] -- Up-to-date: /home/mm/longshan11_6/install/gnss/include/gnss/msg/detail/imu__rosidl_typesupport_introspection_cpp.hpp
[1.828s] -- Up-to-date: /home/mm/longshan11_6/install/gnss/include/gnss/msg/detail/ins__rosidl_typesupport_introspection_cpp.hpp
[1.829s] -- Up-to-date: /home/mm/longshan11_6/install/gnss/lib/libgnss__rosidl_typesupport_introspection_cpp.so
[1.830s] -- Up-to-date: /home/mm/longshan11_6/install/gnss/lib/libgnss__rosidl_typesupport_cpp.so
[1.831s] -- Up-to-date: /home/mm/longshan11_6/install/gnss/share/gnss/environment/pythonpath.sh
[1.832s] -- Up-to-date: /home/mm/longshan11_6/install/gnss/share/gnss/environment/pythonpath.dsv
[1.834s] -- Up-to-date: /home/mm/longshan11_6/install/gnss/lib/python3.8/site-packages/gnss/__init__.py
[1.880s] -- Up-to-date: /home/mm/longshan11_6/install/gnss/lib/python3.8/site-packages/gnss/msg
[1.880s] -- Up-to-date: /home/mm/longshan11_6/install/gnss/lib/python3.8/site-packages/gnss/msg/_message_s.c
[1.880s] -- Up-to-date: /home/mm/longshan11_6/install/gnss/lib/python3.8/site-packages/gnss/msg/__init__.py
[1.880s] -- Up-to-date: /home/mm/longshan11_6/install/gnss/lib/python3.8/site-packages/gnss/msg/_ins_s.c
[1.880s] -- Up-to-date: /home/mm/longshan11_6/install/gnss/lib/python3.8/site-packages/gnss/msg/_message.py
[1.880s] -- Up-to-date: /home/mm/longshan11_6/install/gnss/lib/python3.8/site-packages/gnss/msg/_ins.py
[1.881s] -- Up-to-date: /home/mm/longshan11_6/install/gnss/lib/python3.8/site-packages/gnss/msg/_imu.py
[1.881s] -- Up-to-date: /home/mm/longshan11_6/install/gnss/lib/python3.8/site-packages/gnss/msg/_imu_s.c
[1.881s] -- Up-to-date: /home/mm/longshan11_6/install/gnss/lib/python3.8/site-packages/gnss/gnss_s__rosidl_typesupport_fastrtps_c.cpython-38-x86_64-linux-gnu.so
[1.883s] -- Up-to-date: /home/mm/longshan11_6/install/gnss/lib/python3.8/site-packages/gnss/gnss_s__rosidl_typesupport_introspection_c.cpython-38-x86_64-linux-gnu.so
[1.884s] -- Up-to-date: /home/mm/longshan11_6/install/gnss/lib/python3.8/site-packages/gnss/gnss_s__rosidl_typesupport_c.cpython-38-x86_64-linux-gnu.so
[1.895s] -- Up-to-date: /home/mm/longshan11_6/install/gnss/lib/libgnss__python.so
[1.896s] -- Up-to-date: /home/mm/longshan11_6/install/gnss/share/gnss/msg/Imu.idl
[1.896s] -- Up-to-date: /home/mm/longshan11_6/install/gnss/share/gnss/msg/Ins.idl
[1.896s] -- Up-to-date: /home/mm/longshan11_6/install/gnss/share/gnss/msg/Message.idl
[1.897s] -- Up-to-date: /home/mm/longshan11_6/install/gnss/share/gnss/msg/Imu.msg
[1.897s] -- Up-to-date: /home/mm/longshan11_6/install/gnss/share/gnss/msg/Ins.msg
[1.897s] -- Up-to-date: /home/mm/longshan11_6/install/gnss/share/gnss/msg/Message.msg
[1.897s] -- Up-to-date: /home/mm/longshan11_6/install/gnss/lib/libgnss_lib.so
[1.897s] -- Up-to-date: /home/mm/longshan11_6/install/gnss/lib/gnss/gnss_node
[1.898s] -- Up-to-date: /home/mm/longshan11_6/install/gnss/lib/gnss/gnss_sync_node
[1.900s] -- Up-to-date: /home/mm/longshan11_6/install/gnss/share/gnss/launch
[1.900s] -- Up-to-date: /home/mm/longshan11_6/install/gnss/share/gnss/launch/gnss.launch.py
[1.901s] -- Up-to-date: /home/mm/longshan11_6/install/gnss/share/ament_index/resource_index/package_run_dependencies/gnss
[1.901s] -- Up-to-date: /home/mm/longshan11_6/install/gnss/share/ament_index/resource_index/parent_prefix_path/gnss
[1.901s] -- Up-to-date: /home/mm/longshan11_6/install/gnss/share/gnss/environment/ament_prefix_path.sh
[1.902s] -- Up-to-date: /home/mm/longshan11_6/install/gnss/share/gnss/environment/ament_prefix_path.dsv
[1.902s] -- Up-to-date: /home/mm/longshan11_6/install/gnss/share/gnss/environment/path.sh
[1.902s] -- Up-to-date: /home/mm/longshan11_6/install/gnss/share/gnss/environment/path.dsv
[1.902s] -- Up-to-date: /home/mm/longshan11_6/install/gnss/share/gnss/local_setup.bash
[1.902s] -- Up-to-date: /home/mm/longshan11_6/install/gnss/share/gnss/local_setup.sh
[1.904s] -- Up-to-date: /home/mm/longshan11_6/install/gnss/share/gnss/local_setup.zsh
[1.904s] -- Up-to-date: /home/mm/longshan11_6/install/gnss/share/gnss/local_setup.dsv
[1.908s] -- Installing: /home/mm/longshan11_6/install/gnss/share/gnss/package.dsv
[1.909s] -- Up-to-date: /home/mm/longshan11_6/install/gnss/share/ament_index/resource_index/packages/gnss
[1.910s] -- Up-to-date: /home/mm/longshan11_6/install/gnss/share/gnss/cmake/gnss__rosidl_generator_cExport.cmake
[1.910s] -- Up-to-date: /home/mm/longshan11_6/install/gnss/share/gnss/cmake/gnss__rosidl_generator_cExport-noconfig.cmake
[1.911s] -- Up-to-date: /home/mm/longshan11_6/install/gnss/share/gnss/cmake/gnss__rosidl_typesupport_introspection_cExport.cmake
[1.911s] -- Up-to-date: /home/mm/longshan11_6/install/gnss/share/gnss/cmake/gnss__rosidl_typesupport_introspection_cExport-noconfig.cmake
[1.911s] -- Up-to-date: /home/mm/longshan11_6/install/gnss/share/gnss/cmake/gnss__rosidl_typesupport_cExport.cmake
[1.911s] -- Up-to-date: /home/mm/longshan11_6/install/gnss/share/gnss/cmake/gnss__rosidl_typesupport_cExport-noconfig.cmake
[1.911s] -- Up-to-date: /home/mm/longshan11_6/install/gnss/share/gnss/cmake/gnss__rosidl_generator_cppExport.cmake
[1.912s] -- Up-to-date: /home/mm/longshan11_6/install/gnss/share/gnss/cmake/gnss__rosidl_typesupport_introspection_cppExport.cmake
[1.912s] -- Up-to-date: /home/mm/longshan11_6/install/gnss/share/gnss/cmake/gnss__rosidl_typesupport_introspection_cppExport-noconfig.cmake
[1.912s] -- Up-to-date: /home/mm/longshan11_6/install/gnss/share/gnss/cmake/gnss__rosidl_typesupport_cppExport.cmake
[1.912s] -- Up-to-date: /home/mm/longshan11_6/install/gnss/share/gnss/cmake/gnss__rosidl_typesupport_cppExport-noconfig.cmake
[1.912s] -- Up-to-date: /home/mm/longshan11_6/install/gnss/share/gnss/cmake/rosidl_cmake-extras.cmake
[1.912s] -- Up-to-date: /home/mm/longshan11_6/install/gnss/share/gnss/cmake/ament_cmake_export_dependencies-extras.cmake
[1.912s] -- Up-to-date: /home/mm/longshan11_6/install/gnss/share/gnss/cmake/ament_cmake_export_libraries-extras.cmake
[1.912s] -- Up-to-date: /home/mm/longshan11_6/install/gnss/share/gnss/cmake/ament_cmake_export_targets-extras.cmake
[1.912s] -- Up-to-date: /home/mm/longshan11_6/install/gnss/share/gnss/cmake/ament_cmake_export_include_directories-extras.cmake
[1.913s] -- Up-to-date: /home/mm/longshan11_6/install/gnss/share/gnss/cmake/rosidl_cmake_export_typesupport_libraries-extras.cmake
[1.913s] -- Up-to-date: /home/mm/longshan11_6/install/gnss/share/gnss/cmake/rosidl_cmake_export_typesupport_targets-extras.cmake
[1.913s] -- Up-to-date: /home/mm/longshan11_6/install/gnss/share/gnss/cmake/gnssConfig.cmake
[1.913s] -- Up-to-date: /home/mm/longshan11_6/install/gnss/share/gnss/cmake/gnssConfig-version.cmake
[1.913s] -- Up-to-date: /home/mm/longshan11_6/install/gnss/share/gnss/package.xml
[1.928s] Invoked command in '/home/mm/longshan11_6/build/gnss' returned '0': CMAKE_PREFIX_PATH=/opt/ros/foxy /usr/bin/cmake --install /home/mm/longshan11_6/build/gnss
