[0.022s] Invoking command in '/home/mm/longshan12_2/build/lidar_processing': CMAKE_PREFIX_PATH=/opt/ros/foxy /usr/bin/cmake --build /home/mm/longshan12_2/build/lidar_processing -- -j4 -l4
[0.398s] [100%] Built target Lidar_Processing_node
[0.423s] Invoked command in '/home/mm/longshan12_2/build/lidar_processing' returned '0': CMAKE_PREFIX_PATH=/opt/ros/foxy /usr/bin/cmake --build /home/mm/longshan12_2/build/lidar_processing -- -j4 -l4
[0.508s] Invoking command in '/home/mm/longshan12_2/build/lidar_processing': CMAKE_PREFIX_PATH=/opt/ros/foxy /usr/bin/cmake --install /home/mm/longshan12_2/build/lidar_processing
[0.526s] -- Install configuration: ""
[0.527s] -- Up-to-date: /home/mm/longshan12_2/install/lidar_processing/lib/lidar_processing/Lidar_Processing_node
[0.529s] -- Up-to-date: /home/mm/longshan12_2/install/lidar_processing/share/lidar_processing/launch
[0.530s] -- Up-to-date: /home/mm/longshan12_2/install/lidar_processing/share/lidar_processing/launch/lidar_Processing.launch.py
[0.534s] -- Up-to-date: /home/mm/longshan12_2/install/lidar_processing/share/lidar_processing/src
[0.535s] -- Up-to-date: /home/mm/longshan12_2/install/lidar_processing/share/lidar_processing/src/Processing_lidar.cpp
[0.536s] -- Up-to-date: /home/mm/longshan12_2/install/lidar_processing/share/lidar_processing/src/box.hpp
[0.537s] -- Up-to-date: /home/mm/longshan12_2/install/lidar_processing/share/lidar_processing/src/obstacle_detector.hpp
[0.538s] -- Up-to-date: /home/mm/longshan12_2/install/lidar_processing/share/ament_index/resource_index/package_run_dependencies/lidar_processing
[0.539s] -- Up-to-date: /home/mm/longshan12_2/install/lidar_processing/share/ament_index/resource_index/parent_prefix_path/lidar_processing
[0.540s] -- Up-to-date: /home/mm/longshan12_2/install/lidar_processing/share/lidar_processing/environment/ament_prefix_path.sh
[0.542s] -- Up-to-date: /home/mm/longshan12_2/install/lidar_processing/share/lidar_processing/environment/ament_prefix_path.dsv
[0.543s] -- Up-to-date: /home/mm/longshan12_2/install/lidar_processing/share/lidar_processing/environment/path.sh
[0.543s] -- Up-to-date: /home/mm/longshan12_2/install/lidar_processing/share/lidar_processing/environment/path.dsv
[0.544s] -- Up-to-date: /home/mm/longshan12_2/install/lidar_processing/share/lidar_processing/local_setup.bash
[0.550s] -- Up-to-date: /home/mm/longshan12_2/install/lidar_processing/share/lidar_processing/local_setup.sh
[0.552s] -- Up-to-date: /home/mm/longshan12_2/install/lidar_processing/share/lidar_processing/local_setup.zsh
[0.552s] -- Up-to-date: /home/mm/longshan12_2/install/lidar_processing/share/lidar_processing/local_setup.dsv
[0.553s] -- Installing: /home/mm/longshan12_2/install/lidar_processing/share/lidar_processing/package.dsv
[0.555s] -- Up-to-date: /home/mm/longshan12_2/install/lidar_processing/share/ament_index/resource_index/packages/lidar_processing
[0.556s] -- Up-to-date: /home/mm/longshan12_2/install/lidar_processing/share/lidar_processing/cmake/lidar_processingConfig.cmake
[0.557s] -- Up-to-date: /home/mm/longshan12_2/install/lidar_processing/share/lidar_processing/cmake/lidar_processingConfig-version.cmake
[0.558s] -- Up-to-date: /home/mm/longshan12_2/install/lidar_processing/share/lidar_processing/package.xml
[0.572s] Invoked command in '/home/mm/longshan12_2/build/lidar_processing' returned '0': CMAKE_PREFIX_PATH=/opt/ros/foxy /usr/bin/cmake --install /home/mm/longshan12_2/build/lidar_processing
