[35m[1mScanning dependencies of target control_node[0m
[  7%] [32mBuilding CXX object CMakeFiles/control_node.dir/src/controlmath.cpp.o[0m
[01m[K/home/mm/longshan12_2/src/control/src/controlmath.cpp:[m[K In function ‘[01m[Kvoid control_math::InterpolateUsingS(Eigen::MatrixXd&, Eigen::MatrixXd&)[m[K’:
[01m[K/home/mm/longshan12_2/src/control/src/controlmath.cpp:34:30:[m[K [01;35m[Kwarning: [m[Kcomparison of integer expressions of different signedness: ‘[01m[Ksize_t[m[K’ {aka ‘[01m[Klong unsigned int[m[K’} and ‘[01m[KEigen::Index[m[K’ {aka ‘[01m[Klong int[m[K’} [[01;35m[K-Wsign-compare[m[K]
   34 |         for (size_t i = 0; [01;35m[Ki < localpath.cols()[m[K; ++i){
      |                            [01;35m[K~~^~~~~~~~~~~~~~~~~~[m[K
[ 14%] [32m[1mLinking CXX executable control_node[0m
[100%] Built target control_node
-- Install configuration: ""
-- Installing: /home/mm/longshan12_2/install/control/lib/control/control_node
-- Set runtime path of "/home/mm/longshan12_2/install/control/lib/control/control_node" to ""
-- Up-to-date: /home/mm/longshan12_2/install/control/share/control/launch
-- Up-to-date: /home/mm/longshan12_2/install/control/share/control/launch/control.launch.py
-- Up-to-date: /home/mm/longshan12_2/install/control/share/ament_index/resource_index/package_run_dependencies/control
-- Up-to-date: /home/mm/longshan12_2/install/control/share/ament_index/resource_index/parent_prefix_path/control
-- Up-to-date: /home/mm/longshan12_2/install/control/share/control/environment/ament_prefix_path.sh
-- Installing: /home/mm/longshan12_2/install/control/share/control/environment/ament_prefix_path.dsv
-- Up-to-date: /home/mm/longshan12_2/install/control/share/control/environment/path.sh
-- Installing: /home/mm/longshan12_2/install/control/share/control/environment/path.dsv
-- Up-to-date: /home/mm/longshan12_2/install/control/share/control/local_setup.bash
-- Up-to-date: /home/mm/longshan12_2/install/control/share/control/local_setup.sh
-- Up-to-date: /home/mm/longshan12_2/install/control/share/control/local_setup.zsh
-- Installing: /home/mm/longshan12_2/install/control/share/control/local_setup.dsv
-- Installing: /home/mm/longshan12_2/install/control/share/control/package.dsv
-- Up-to-date: /home/mm/longshan12_2/install/control/share/ament_index/resource_index/packages/control
-- Up-to-date: /home/mm/longshan12_2/install/control/share/control/cmake/controlConfig.cmake
-- Up-to-date: /home/mm/longshan12_2/install/control/share/control/cmake/controlConfig-version.cmake
-- Up-to-date: /home/mm/longshan12_2/install/control/share/control/package.xml
