[0.035s] Invoking command in '/home/mm/longshan12_2/build/myrviz': CMAKE_PREFIX_PATH=${CMAKE_PREFIX_PATH}:/home/mm/longshan12_2/install/draw_messages:/opt/ros/foxy /usr/bin/cmake --build /home/mm/longshan12_2/build/myrviz -- -j4 -l4
[0.167s] [100%] Built target points_and_lines_publisher
[0.204s] Invoked command in '/home/mm/longshan12_2/build/myrviz' returned '0': CMAKE_PREFIX_PATH=${CMAKE_PREFIX_PATH}:/home/mm/longshan12_2/install/draw_messages:/opt/ros/foxy /usr/bin/cmake --build /home/mm/longshan12_2/build/myrviz -- -j4 -l4
[0.259s] Invoking command in '/home/mm/longshan12_2/build/myrviz': CMAKE_PREFIX_PATH=${CMAKE_PREFIX_PATH}:/home/mm/longshan12_2/install/draw_messages:/opt/ros/foxy /usr/bin/cmake --install /home/mm/longshan12_2/build/myrviz
[0.269s] -- Install configuration: ""
[0.269s] -- Up-to-date: /home/mm/longshan12_2/install/myrviz/lib/myrviz/points_and_lines_publisher
[0.269s] -- Up-to-date: /home/mm/longshan12_2/install/myrviz/share/ament_index/resource_index/package_run_dependencies/myrviz
[0.269s] -- Up-to-date: /home/mm/longshan12_2/install/myrviz/share/ament_index/resource_index/parent_prefix_path/myrviz
[0.269s] -- Up-to-date: /home/mm/longshan12_2/install/myrviz/share/myrviz/environment/ament_prefix_path.sh
[0.270s] -- Up-to-date: /home/mm/longshan12_2/install/myrviz/share/myrviz/environment/ament_prefix_path.dsv
[0.272s] -- Up-to-date: /home/mm/longshan12_2/install/myrviz/share/myrviz/environment/path.sh
[0.273s] -- Up-to-date: /home/mm/longshan12_2/install/myrviz/share/myrviz/environment/path.dsv
[0.273s] -- Up-to-date: /home/mm/longshan12_2/install/myrviz/share/myrviz/local_setup.bash
[0.273s] -- Up-to-date: /home/mm/longshan12_2/install/myrviz/share/myrviz/local_setup.sh
[0.273s] -- Up-to-date: /home/mm/longshan12_2/install/myrviz/share/myrviz/local_setup.zsh
[0.273s] -- Up-to-date: /home/mm/longshan12_2/install/myrviz/share/myrviz/local_setup.dsv
[0.274s] -- Installing: /home/mm/longshan12_2/install/myrviz/share/myrviz/package.dsv
[0.274s] -- Up-to-date: /home/mm/longshan12_2/install/myrviz/share/ament_index/resource_index/packages/myrviz
[0.274s] -- Up-to-date: /home/mm/longshan12_2/install/myrviz/share/myrviz/cmake/myrvizConfig.cmake
[0.274s] -- Up-to-date: /home/mm/longshan12_2/install/myrviz/share/myrviz/cmake/myrvizConfig-version.cmake
[0.274s] -- Up-to-date: /home/mm/longshan12_2/install/myrviz/share/myrviz/package.xml
[0.275s] Invoked command in '/home/mm/longshan12_2/build/myrviz' returned '0': CMAKE_PREFIX_PATH=${CMAKE_PREFIX_PATH}:/home/mm/longshan12_2/install/draw_messages:/opt/ros/foxy /usr/bin/cmake --install /home/mm/longshan12_2/build/myrviz
