[0.049s] Invoking command in '/home/mm/longshan12_2/build/local': AMENT_PREFIX_PATH=/home/mm/longshan12_2/install/ros2_path_interfaces:${AMENT_PREFIX_PATH} CMAKE_PREFIX_PATH=/home/mm/longshan12_2/install/ros2_path_interfaces:/opt/ros/foxy LD_LIBRARY_PATH=/home/mm/longshan12_2/install/ros2_path_interfaces/lib:/usr/local/lib/libosqp.so:/usr/lib/x86_64-linux-gnu/gazebo-11/plugins:/opt/ros/foxy/opt/yaml_cpp_vendor/lib:/opt/ros/foxy/opt/rviz_ogre_vendor/lib:/opt/ros/foxy/lib/x86_64-linux-gnu:/opt/ros/foxy/lib:/usr/local/lib/libosqp.so PYTHONPATH=/home/mm/longshan12_2/install/ros2_path_interfaces/lib/python3.8/site-packages:${PYTHONPATH} /usr/bin/cmake --build /home/mm/longshan12_2/build/local -- -j4 -l4
[0.153s] [35m[1mScanning dependencies of target local_node4[0m
[0.248s] [  5%] [32mBuilding CXX object CMakeFiles/local_node4.dir/src/local_node4.cpp.o[0m
[6.881s] In file included from [01m[K/home/mm/longshan12_2/src/local/./include/localFuns.h:5[m[K,
[6.881s]                  from [01m[K/home/mm/longshan12_2/src/local/src/local_node4.cpp:17[m[K:
[6.881s] [01m[K/home/mm/longshan12_2/src/local/./include/toolKits.h:64:19:[m[K [01;35m[Kwarning: [m[Kinline function ‘[01m[Kdouble tool::d2r(double)[m[K’ used but never defined
[6.881s]    64 |     inline double [01;35m[Kd2r[m[K(double theta);
[6.881s]       |                   [01;35m[K^~~[m[K
[13.216s] [ 10%] [32m[1mLinking CXX executable local_node4[0m
[15.028s] [100%] Built target local_node4
[15.043s] Invoked command in '/home/mm/longshan12_2/build/local' returned '0': AMENT_PREFIX_PATH=/home/mm/longshan12_2/install/ros2_path_interfaces:${AMENT_PREFIX_PATH} CMAKE_PREFIX_PATH=/home/mm/longshan12_2/install/ros2_path_interfaces:/opt/ros/foxy LD_LIBRARY_PATH=/home/mm/longshan12_2/install/ros2_path_interfaces/lib:/usr/local/lib/libosqp.so:/usr/lib/x86_64-linux-gnu/gazebo-11/plugins:/opt/ros/foxy/opt/yaml_cpp_vendor/lib:/opt/ros/foxy/opt/rviz_ogre_vendor/lib:/opt/ros/foxy/lib/x86_64-linux-gnu:/opt/ros/foxy/lib:/usr/local/lib/libosqp.so PYTHONPATH=/home/mm/longshan12_2/install/ros2_path_interfaces/lib/python3.8/site-packages:${PYTHONPATH} /usr/bin/cmake --build /home/mm/longshan12_2/build/local -- -j4 -l4
[15.099s] Invoking command in '/home/mm/longshan12_2/build/local': AMENT_PREFIX_PATH=/home/mm/longshan12_2/install/ros2_path_interfaces:${AMENT_PREFIX_PATH} CMAKE_PREFIX_PATH=/home/mm/longshan12_2/install/ros2_path_interfaces:/opt/ros/foxy LD_LIBRARY_PATH=/home/mm/longshan12_2/install/ros2_path_interfaces/lib:/usr/local/lib/libosqp.so:/usr/lib/x86_64-linux-gnu/gazebo-11/plugins:/opt/ros/foxy/opt/yaml_cpp_vendor/lib:/opt/ros/foxy/opt/rviz_ogre_vendor/lib:/opt/ros/foxy/lib/x86_64-linux-gnu:/opt/ros/foxy/lib:/usr/local/lib/libosqp.so PYTHONPATH=/home/mm/longshan12_2/install/ros2_path_interfaces/lib/python3.8/site-packages:${PYTHONPATH} /usr/bin/cmake --install /home/mm/longshan12_2/build/local
[15.108s] -- Install configuration: ""
[15.111s] -- Installing: /home/mm/longshan12_2/install/local/lib/local/local_node4
[15.129s] -- Set runtime path of "/home/mm/longshan12_2/install/local/lib/local/local_node4" to ""
[15.130s] -- Up-to-date: /home/mm/longshan12_2/install/local/share/local/launch
[15.131s] -- Up-to-date: /home/mm/longshan12_2/install/local/share/local/launch/local.launch.py
[15.132s] -- Up-to-date: /home/mm/longshan12_2/install/local/share/ament_index/resource_index/package_run_dependencies/local
[15.133s] -- Up-to-date: /home/mm/longshan12_2/install/local/share/ament_index/resource_index/parent_prefix_path/local
[15.133s] -- Up-to-date: /home/mm/longshan12_2/install/local/share/local/environment/ament_prefix_path.sh
[15.133s] -- Up-to-date: /home/mm/longshan12_2/install/local/share/local/environment/ament_prefix_path.dsv
[15.133s] -- Up-to-date: /home/mm/longshan12_2/install/local/share/local/environment/path.sh
[15.134s] -- Up-to-date: /home/mm/longshan12_2/install/local/share/local/environment/path.dsv
[15.134s] -- Up-to-date: /home/mm/longshan12_2/install/local/share/local/local_setup.bash
[15.134s] -- Up-to-date: /home/mm/longshan12_2/install/local/share/local/local_setup.sh
[15.134s] -- Up-to-date: /home/mm/longshan12_2/install/local/share/local/local_setup.zsh
[15.134s] -- Up-to-date: /home/mm/longshan12_2/install/local/share/local/local_setup.dsv
[15.134s] -- Installing: /home/mm/longshan12_2/install/local/share/local/package.dsv
[15.135s] -- Up-to-date: /home/mm/longshan12_2/install/local/share/ament_index/resource_index/packages/local
[15.135s] -- Up-to-date: /home/mm/longshan12_2/install/local/share/local/cmake/localConfig.cmake
[15.136s] -- Up-to-date: /home/mm/longshan12_2/install/local/share/local/cmake/localConfig-version.cmake
[15.136s] -- Up-to-date: /home/mm/longshan12_2/install/local/share/local/package.xml
[15.138s] Invoked command in '/home/mm/longshan12_2/build/local' returned '0': AMENT_PREFIX_PATH=/home/mm/longshan12_2/install/ros2_path_interfaces:${AMENT_PREFIX_PATH} CMAKE_PREFIX_PATH=/home/mm/longshan12_2/install/ros2_path_interfaces:/opt/ros/foxy LD_LIBRARY_PATH=/home/mm/longshan12_2/install/ros2_path_interfaces/lib:/usr/local/lib/libosqp.so:/usr/lib/x86_64-linux-gnu/gazebo-11/plugins:/opt/ros/foxy/opt/yaml_cpp_vendor/lib:/opt/ros/foxy/opt/rviz_ogre_vendor/lib:/opt/ros/foxy/lib/x86_64-linux-gnu:/opt/ros/foxy/lib:/usr/local/lib/libosqp.so PYTHONPATH=/home/mm/longshan12_2/install/ros2_path_interfaces/lib/python3.8/site-packages:${PYTHONPATH} /usr/bin/cmake --install /home/mm/longshan12_2/build/local
