[0.055s] Invoking command in '/home/mm/longshan11_6/build/ros2_path_interfaces': CMAKE_PREFIX_PATH=/opt/ros/foxy /usr/bin/cmake --build /home/mm/longshan11_6/build/ros2_path_interfaces -- -j4 -l4
[0.168s] [  3%] Built target ros2_path_interfaces__cpp
[0.240s] [ 12%] Built target ros2_path_interfaces__rosidl_generator_c
[0.261s] [ 22%] Built target ros2_path_interfaces__rosidl_typesupport_cpp
[0.294s] [ 32%] Built target ros2_path_interfaces__rosidl_typesupport_fastrtps_cpp
[0.315s] [ 41%] Built target ros2_path_interfaces__rosidl_typesupport_c
[0.324s] [ 51%] Built target ros2_path_interfaces__rosidl_typesupport_introspection_cpp
[0.373s] [ 61%] Built target ros2_path_interfaces__rosidl_typesupport_fastrtps_c
[0.382s] [ 70%] Built target ros2_path_interfaces__rosidl_typesupport_introspection_c
[0.447s] [ 70%] Built target ros2_path_interfaces
[0.480s] [ 74%] Built target ros2_path_interfaces__py
[0.541s] [ 80%] Built target ros2_path_interfaces__python
[0.651s] [ 87%] Built target ros2_path_interfaces__rosidl_typesupport_introspection_c__pyext
[0.686s] [ 93%] Built target ros2_path_interfaces__rosidl_typesupport_fastrtps_c__pyext
[0.693s] [100%] Built target ros2_path_interfaces__rosidl_typesupport_c__pyext
[1.052s] Invoked command in '/home/mm/longshan11_6/build/ros2_path_interfaces' returned '0': CMAKE_PREFIX_PATH=/opt/ros/foxy /usr/bin/cmake --build /home/mm/longshan11_6/build/ros2_path_interfaces -- -j4 -l4
[1.231s] Invoking command in '/home/mm/longshan11_6/build/ros2_path_interfaces': CMAKE_PREFIX_PATH=/opt/ros/foxy /usr/bin/cmake --install /home/mm/longshan11_6/build/ros2_path_interfaces
[1.275s] -- Install configuration: ""
[1.277s] -- Up-to-date: /home/mm/longshan11_6/install/ros2_path_interfaces/share/ament_index/resource_index/rosidl_interfaces/ros2_path_interfaces
[1.277s] -- Up-to-date: /home/mm/longshan11_6/install/ros2_path_interfaces/include/ros2_path_interfaces
[1.280s] -- Up-to-date: /home/mm/longshan11_6/install/ros2_path_interfaces/include/ros2_path_interfaces/srv
[1.281s] -- Up-to-date: /home/mm/longshan11_6/install/ros2_path_interfaces/include/ros2_path_interfaces/srv/path_interfaces.h
[1.282s] -- Up-to-date: /home/mm/longshan11_6/install/ros2_path_interfaces/include/ros2_path_interfaces/srv/detail
[1.283s] -- Up-to-date: /home/mm/longshan11_6/install/ros2_path_interfaces/include/ros2_path_interfaces/srv/detail/path_interfaces__type_support.h
[1.284s] -- Up-to-date: /home/mm/longshan11_6/install/ros2_path_interfaces/include/ros2_path_interfaces/srv/detail/path_interfaces__struct.h
[1.285s] -- Up-to-date: /home/mm/longshan11_6/install/ros2_path_interfaces/include/ros2_path_interfaces/srv/detail/path_interfaces__functions.h
[1.286s] -- Up-to-date: /home/mm/longshan11_6/install/ros2_path_interfaces/include/ros2_path_interfaces/srv/detail/path_interfaces__functions.c
[1.287s] -- Up-to-date: /home/mm/longshan11_6/install/ros2_path_interfaces/include/ros2_path_interfaces/msg
[1.295s] -- Up-to-date: /home/mm/longshan11_6/install/ros2_path_interfaces/include/ros2_path_interfaces/msg/rosidl_generator_c__visibility_control.h
[1.296s] -- Up-to-date: /home/mm/longshan11_6/install/ros2_path_interfaces/share/ros2_path_interfaces/environment/library_path.sh
[1.297s] -- Up-to-date: /home/mm/longshan11_6/install/ros2_path_interfaces/share/ros2_path_interfaces/environment/library_path.dsv
[1.298s] -- Up-to-date: /home/mm/longshan11_6/install/ros2_path_interfaces/lib/libros2_path_interfaces__rosidl_generator_c.so
[1.301s] -- Up-to-date: /home/mm/longshan11_6/install/ros2_path_interfaces/include/ros2_path_interfaces
[1.302s] -- Up-to-date: /home/mm/longshan11_6/install/ros2_path_interfaces/include/ros2_path_interfaces/srv
[1.318s] -- Up-to-date: /home/mm/longshan11_6/install/ros2_path_interfaces/include/ros2_path_interfaces/srv/detail
[1.319s] -- Up-to-date: /home/mm/longshan11_6/install/ros2_path_interfaces/include/ros2_path_interfaces/srv/detail/path_interfaces__rosidl_typesupport_fastrtps_c.h
[1.319s] -- Up-to-date: /home/mm/longshan11_6/install/ros2_path_interfaces/include/ros2_path_interfaces/msg
[1.319s] -- Up-to-date: /home/mm/longshan11_6/install/ros2_path_interfaces/include/ros2_path_interfaces/msg/rosidl_typesupport_fastrtps_c__visibility_control.h
[1.319s] -- Up-to-date: /home/mm/longshan11_6/install/ros2_path_interfaces/lib/libros2_path_interfaces__rosidl_typesupport_fastrtps_c.so
[1.319s] -- Up-to-date: /home/mm/longshan11_6/install/ros2_path_interfaces/include/ros2_path_interfaces
[1.319s] -- Up-to-date: /home/mm/longshan11_6/install/ros2_path_interfaces/include/ros2_path_interfaces/srv
[1.320s] -- Up-to-date: /home/mm/longshan11_6/install/ros2_path_interfaces/include/ros2_path_interfaces/srv/detail
[1.320s] -- Up-to-date: /home/mm/longshan11_6/install/ros2_path_interfaces/include/ros2_path_interfaces/srv/detail/dds_fastrtps
[1.320s] -- Up-to-date: /home/mm/longshan11_6/install/ros2_path_interfaces/include/ros2_path_interfaces/srv/detail/path_interfaces__rosidl_typesupport_fastrtps_cpp.hpp
[1.320s] -- Up-to-date: /home/mm/longshan11_6/install/ros2_path_interfaces/include/ros2_path_interfaces/msg
[1.320s] -- Up-to-date: /home/mm/longshan11_6/install/ros2_path_interfaces/include/ros2_path_interfaces/msg/rosidl_typesupport_fastrtps_cpp__visibility_control.h
[1.320s] -- Up-to-date: /home/mm/longshan11_6/install/ros2_path_interfaces/lib/libros2_path_interfaces__rosidl_typesupport_fastrtps_cpp.so
[1.320s] -- Up-to-date: /home/mm/longshan11_6/install/ros2_path_interfaces/include/ros2_path_interfaces
[1.320s] -- Up-to-date: /home/mm/longshan11_6/install/ros2_path_interfaces/include/ros2_path_interfaces/srv
[1.320s] -- Up-to-date: /home/mm/longshan11_6/install/ros2_path_interfaces/include/ros2_path_interfaces/srv/detail
[1.320s] -- Up-to-date: /home/mm/longshan11_6/install/ros2_path_interfaces/include/ros2_path_interfaces/srv/detail/path_interfaces__rosidl_typesupport_introspection_c.h
[1.321s] -- Up-to-date: /home/mm/longshan11_6/install/ros2_path_interfaces/include/ros2_path_interfaces/srv/detail/path_interfaces__type_support.c
[1.321s] -- Up-to-date: /home/mm/longshan11_6/install/ros2_path_interfaces/include/ros2_path_interfaces/msg
[1.321s] -- Up-to-date: /home/mm/longshan11_6/install/ros2_path_interfaces/include/ros2_path_interfaces/msg/rosidl_typesupport_introspection_c__visibility_control.h
[1.321s] -- Up-to-date: /home/mm/longshan11_6/install/ros2_path_interfaces/lib/libros2_path_interfaces__rosidl_typesupport_introspection_c.so
[1.321s] -- Up-to-date: /home/mm/longshan11_6/install/ros2_path_interfaces/lib/libros2_path_interfaces__rosidl_typesupport_c.so
[1.321s] -- Up-to-date: /home/mm/longshan11_6/install/ros2_path_interfaces/include/ros2_path_interfaces
[1.321s] -- Up-to-date: /home/mm/longshan11_6/install/ros2_path_interfaces/include/ros2_path_interfaces/srv
[1.321s] -- Up-to-date: /home/mm/longshan11_6/install/ros2_path_interfaces/include/ros2_path_interfaces/srv/path_interfaces.hpp
[1.321s] -- Up-to-date: /home/mm/longshan11_6/install/ros2_path_interfaces/include/ros2_path_interfaces/srv/detail
[1.321s] -- Up-to-date: /home/mm/longshan11_6/install/ros2_path_interfaces/include/ros2_path_interfaces/srv/detail/path_interfaces__traits.hpp
[1.321s] -- Up-to-date: /home/mm/longshan11_6/install/ros2_path_interfaces/include/ros2_path_interfaces/srv/detail/path_interfaces__struct.hpp
[1.322s] -- Up-to-date: /home/mm/longshan11_6/install/ros2_path_interfaces/include/ros2_path_interfaces/srv/detail/path_interfaces__type_support.hpp
[1.322s] -- Up-to-date: /home/mm/longshan11_6/install/ros2_path_interfaces/include/ros2_path_interfaces/srv/detail/path_interfaces__builder.hpp
[1.322s] -- Up-to-date: /home/mm/longshan11_6/install/ros2_path_interfaces/include/ros2_path_interfaces/msg
[1.322s] -- Up-to-date: /home/mm/longshan11_6/install/ros2_path_interfaces/include/ros2_path_interfaces/msg/rosidl_generator_cpp__visibility_control.hpp
[1.322s] -- Up-to-date: /home/mm/longshan11_6/install/ros2_path_interfaces/include/ros2_path_interfaces
[1.336s] -- Up-to-date: /home/mm/longshan11_6/install/ros2_path_interfaces/include/ros2_path_interfaces/srv
[1.337s] -- Up-to-date: /home/mm/longshan11_6/install/ros2_path_interfaces/include/ros2_path_interfaces/srv/detail
[1.337s] -- Up-to-date: /home/mm/longshan11_6/install/ros2_path_interfaces/include/ros2_path_interfaces/srv/detail/path_interfaces__rosidl_typesupport_introspection_cpp.hpp
[1.337s] -- Up-to-date: /home/mm/longshan11_6/install/ros2_path_interfaces/include/ros2_path_interfaces/srv/detail/path_interfaces__type_support.cpp
[1.337s] -- Up-to-date: /home/mm/longshan11_6/install/ros2_path_interfaces/lib/libros2_path_interfaces__rosidl_typesupport_introspection_cpp.so
[1.337s] -- Up-to-date: /home/mm/longshan11_6/install/ros2_path_interfaces/lib/libros2_path_interfaces__rosidl_typesupport_cpp.so
[1.337s] -- Up-to-date: /home/mm/longshan11_6/install/ros2_path_interfaces/share/ros2_path_interfaces/environment/pythonpath.sh
[1.337s] -- Up-to-date: /home/mm/longshan11_6/install/ros2_path_interfaces/share/ros2_path_interfaces/environment/pythonpath.dsv
[1.337s] -- Up-to-date: /home/mm/longshan11_6/install/ros2_path_interfaces/lib/python3.8/site-packages/ros2_path_interfaces/__init__.py
[1.378s] -- Up-to-date: /home/mm/longshan11_6/install/ros2_path_interfaces/lib/python3.8/site-packages/ros2_path_interfaces/srv
[1.379s] -- Up-to-date: /home/mm/longshan11_6/install/ros2_path_interfaces/lib/python3.8/site-packages/ros2_path_interfaces/srv/__init__.py
[1.380s] -- Up-to-date: /home/mm/longshan11_6/install/ros2_path_interfaces/lib/python3.8/site-packages/ros2_path_interfaces/srv/_path_interfaces.py
[1.380s] -- Up-to-date: /home/mm/longshan11_6/install/ros2_path_interfaces/lib/python3.8/site-packages/ros2_path_interfaces/srv/_path_interfaces_s.c
[1.380s] -- Up-to-date: /home/mm/longshan11_6/install/ros2_path_interfaces/lib/python3.8/site-packages/ros2_path_interfaces/ros2_path_interfaces_s__rosidl_typesupport_fastrtps_c.cpython-38-x86_64-linux-gnu.so
[1.381s] -- Up-to-date: /home/mm/longshan11_6/install/ros2_path_interfaces/lib/python3.8/site-packages/ros2_path_interfaces/ros2_path_interfaces_s__rosidl_typesupport_introspection_c.cpython-38-x86_64-linux-gnu.so
[1.382s] -- Up-to-date: /home/mm/longshan11_6/install/ros2_path_interfaces/lib/python3.8/site-packages/ros2_path_interfaces/ros2_path_interfaces_s__rosidl_typesupport_c.cpython-38-x86_64-linux-gnu.so
[1.383s] -- Up-to-date: /home/mm/longshan11_6/install/ros2_path_interfaces/lib/libros2_path_interfaces__python.so
[1.383s] -- Up-to-date: /home/mm/longshan11_6/install/ros2_path_interfaces/share/ros2_path_interfaces/srv/PathInterfaces.idl
[1.383s] -- Up-to-date: /home/mm/longshan11_6/install/ros2_path_interfaces/share/ros2_path_interfaces/srv/PathInterfaces.srv
[1.384s] -- Up-to-date: /home/mm/longshan11_6/install/ros2_path_interfaces/share/ros2_path_interfaces/srv/PathInterfaces_Request.msg
[1.384s] -- Up-to-date: /home/mm/longshan11_6/install/ros2_path_interfaces/share/ros2_path_interfaces/srv/PathInterfaces_Response.msg
[1.384s] -- Up-to-date: /home/mm/longshan11_6/install/ros2_path_interfaces/share/ament_index/resource_index/package_run_dependencies/ros2_path_interfaces
[1.385s] -- Up-to-date: /home/mm/longshan11_6/install/ros2_path_interfaces/share/ament_index/resource_index/parent_prefix_path/ros2_path_interfaces
[1.385s] -- Up-to-date: /home/mm/longshan11_6/install/ros2_path_interfaces/share/ros2_path_interfaces/environment/ament_prefix_path.sh
[1.385s] -- Up-to-date: /home/mm/longshan11_6/install/ros2_path_interfaces/share/ros2_path_interfaces/environment/ament_prefix_path.dsv
[1.385s] -- Up-to-date: /home/mm/longshan11_6/install/ros2_path_interfaces/share/ros2_path_interfaces/environment/path.sh
[1.386s] -- Up-to-date: /home/mm/longshan11_6/install/ros2_path_interfaces/share/ros2_path_interfaces/environment/path.dsv
[1.387s] -- Up-to-date: /home/mm/longshan11_6/install/ros2_path_interfaces/share/ros2_path_interfaces/local_setup.bash
[1.387s] -- Up-to-date: /home/mm/longshan11_6/install/ros2_path_interfaces/share/ros2_path_interfaces/local_setup.sh
[1.387s] -- Up-to-date: /home/mm/longshan11_6/install/ros2_path_interfaces/share/ros2_path_interfaces/local_setup.zsh
[1.387s] -- Up-to-date: /home/mm/longshan11_6/install/ros2_path_interfaces/share/ros2_path_interfaces/local_setup.dsv
[1.388s] -- Installing: /home/mm/longshan11_6/install/ros2_path_interfaces/share/ros2_path_interfaces/package.dsv
[1.388s] -- Up-to-date: /home/mm/longshan11_6/install/ros2_path_interfaces/share/ament_index/resource_index/packages/ros2_path_interfaces
[1.388s] -- Up-to-date: /home/mm/longshan11_6/install/ros2_path_interfaces/share/ros2_path_interfaces/cmake/ros2_path_interfaces__rosidl_generator_cExport.cmake
[1.388s] -- Up-to-date: /home/mm/longshan11_6/install/ros2_path_interfaces/share/ros2_path_interfaces/cmake/ros2_path_interfaces__rosidl_generator_cExport-noconfig.cmake
[1.388s] -- Up-to-date: /home/mm/longshan11_6/install/ros2_path_interfaces/share/ros2_path_interfaces/cmake/ros2_path_interfaces__rosidl_typesupport_introspection_cExport.cmake
[1.389s] -- Up-to-date: /home/mm/longshan11_6/install/ros2_path_interfaces/share/ros2_path_interfaces/cmake/ros2_path_interfaces__rosidl_typesupport_introspection_cExport-noconfig.cmake
[1.389s] -- Up-to-date: /home/mm/longshan11_6/install/ros2_path_interfaces/share/ros2_path_interfaces/cmake/ros2_path_interfaces__rosidl_typesupport_cExport.cmake
[1.389s] -- Up-to-date: /home/mm/longshan11_6/install/ros2_path_interfaces/share/ros2_path_interfaces/cmake/ros2_path_interfaces__rosidl_typesupport_cExport-noconfig.cmake
[1.391s] -- Up-to-date: /home/mm/longshan11_6/install/ros2_path_interfaces/share/ros2_path_interfaces/cmake/ros2_path_interfaces__rosidl_generator_cppExport.cmake
[1.391s] -- Up-to-date: /home/mm/longshan11_6/install/ros2_path_interfaces/share/ros2_path_interfaces/cmake/ros2_path_interfaces__rosidl_typesupport_introspection_cppExport.cmake
[1.391s] -- Up-to-date: /home/mm/longshan11_6/install/ros2_path_interfaces/share/ros2_path_interfaces/cmake/ros2_path_interfaces__rosidl_typesupport_introspection_cppExport-noconfig.cmake
[1.398s] -- Up-to-date: /home/mm/longshan11_6/install/ros2_path_interfaces/share/ros2_path_interfaces/cmake/ros2_path_interfaces__rosidl_typesupport_cppExport.cmake
[1.398s] -- Up-to-date: /home/mm/longshan11_6/install/ros2_path_interfaces/share/ros2_path_interfaces/cmake/ros2_path_interfaces__rosidl_typesupport_cppExport-noconfig.cmake
[1.399s] -- Up-to-date: /home/mm/longshan11_6/install/ros2_path_interfaces/share/ros2_path_interfaces/cmake/rosidl_cmake-extras.cmake
[1.399s] -- Up-to-date: /home/mm/longshan11_6/install/ros2_path_interfaces/share/ros2_path_interfaces/cmake/ament_cmake_export_dependencies-extras.cmake
[1.399s] -- Up-to-date: /home/mm/longshan11_6/install/ros2_path_interfaces/share/ros2_path_interfaces/cmake/ament_cmake_export_libraries-extras.cmake
[1.400s] -- Up-to-date: /home/mm/longshan11_6/install/ros2_path_interfaces/share/ros2_path_interfaces/cmake/ament_cmake_export_targets-extras.cmake
[1.400s] -- Up-to-date: /home/mm/longshan11_6/install/ros2_path_interfaces/share/ros2_path_interfaces/cmake/ament_cmake_export_include_directories-extras.cmake
[1.400s] -- Up-to-date: /home/mm/longshan11_6/install/ros2_path_interfaces/share/ros2_path_interfaces/cmake/rosidl_cmake_export_typesupport_libraries-extras.cmake
[1.400s] -- Up-to-date: /home/mm/longshan11_6/install/ros2_path_interfaces/share/ros2_path_interfaces/cmake/rosidl_cmake_export_typesupport_targets-extras.cmake
[1.400s] -- Up-to-date: /home/mm/longshan11_6/install/ros2_path_interfaces/share/ros2_path_interfaces/cmake/ros2_path_interfacesConfig.cmake
[1.400s] -- Up-to-date: /home/mm/longshan11_6/install/ros2_path_interfaces/share/ros2_path_interfaces/cmake/ros2_path_interfacesConfig-version.cmake
[1.400s] -- Up-to-date: /home/mm/longshan11_6/install/ros2_path_interfaces/share/ros2_path_interfaces/package.xml
[1.405s] Invoked command in '/home/mm/longshan11_6/build/ros2_path_interfaces' returned '0': CMAKE_PREFIX_PATH=/opt/ros/foxy /usr/bin/cmake --install /home/mm/longshan11_6/build/ros2_path_interfaces
