[0.336s] Invoking command in '/home/mm/longshan12_2/build/gnss': CMAKE_PREFIX_PATH=${CMAKE_PREFIX_PATH}:/home/mm/longshan12_2/install/draw_messages:/opt/ros/foxy /usr/bin/cmake --build /home/mm/longshan12_2/build/gnss -- -j4 -l4
[0.478s] [  1%] Built target gnss__cpp
[0.502s] [ 10%] Built target gnss__rosidl_generator_c
[0.553s] [ 19%] Built target gnss__rosidl_typesupport_introspection_cpp
[0.595s] [ 28%] Built target gnss__rosidl_typesupport_fastrtps_cpp
[0.626s] [ 37%] Built target gnss__rosidl_typesupport_introspection_c
[0.646s] [ 46%] Built target gnss__rosidl_typesupport_cpp
[0.647s] [ 55%] Built target gnss__rosidl_typesupport_c
[0.774s] [ 64%] Built target gnss__rosidl_typesupport_fastrtps_c
[0.859s] [ 64%] Built target gnss
[0.950s] [ 66%] Built target gnss__py
[0.971s] [ 69%] Built target gnss_sync_node
[1.012s] [ 78%] Built target gnss_lib
[1.113s] [ 85%] Built target gnss__python
[1.142s] [ 89%] Built target gnss_node
[1.230s] [ 92%] Built target gnss__rosidl_typesupport_fastrtps_c__pyext
[1.233s] [ 96%] Built target gnss__rosidl_typesupport_introspection_c__pyext
[1.235s] [100%] Built target gnss__rosidl_typesupport_c__pyext
[1.261s] Invoked command in '/home/mm/longshan12_2/build/gnss' returned '0': CMAKE_PREFIX_PATH=${CMAKE_PREFIX_PATH}:/home/mm/longshan12_2/install/draw_messages:/opt/ros/foxy /usr/bin/cmake --build /home/mm/longshan12_2/build/gnss -- -j4 -l4
[1.591s] Invoking command in '/home/mm/longshan12_2/build/gnss': CMAKE_PREFIX_PATH=${CMAKE_PREFIX_PATH}:/home/mm/longshan12_2/install/draw_messages:/opt/ros/foxy /usr/bin/cmake --install /home/mm/longshan12_2/build/gnss
[1.617s] -- Install configuration: ""
[1.618s] -- Up-to-date: /home/mm/longshan12_2/install/gnss/share/ament_index/resource_index/rosidl_interfaces/gnss
[1.618s] -- Up-to-date: /home/mm/longshan12_2/install/gnss/include/gnss
[1.618s] -- Up-to-date: /home/mm/longshan12_2/install/gnss/include/gnss/msg
[1.618s] -- Up-to-date: /home/mm/longshan12_2/install/gnss/include/gnss/msg/ins.h
[1.620s] -- Up-to-date: /home/mm/longshan12_2/install/gnss/include/gnss/msg/message.h
[1.621s] -- Up-to-date: /home/mm/longshan12_2/install/gnss/include/gnss/msg/imu.h
[1.621s] -- Up-to-date: /home/mm/longshan12_2/install/gnss/include/gnss/msg/rosidl_generator_c__visibility_control.h
[1.621s] -- Up-to-date: /home/mm/longshan12_2/install/gnss/include/gnss/msg/detail
[1.621s] -- Up-to-date: /home/mm/longshan12_2/install/gnss/include/gnss/msg/detail/message__type_support.h
[1.622s] -- Up-to-date: /home/mm/longshan12_2/install/gnss/include/gnss/msg/detail/imu__functions.c
[1.622s] -- Up-to-date: /home/mm/longshan12_2/install/gnss/include/gnss/msg/detail/ins__type_support.h
[1.623s] -- Up-to-date: /home/mm/longshan12_2/install/gnss/include/gnss/msg/detail/imu__functions.h
[1.623s] -- Up-to-date: /home/mm/longshan12_2/install/gnss/include/gnss/msg/detail/message__functions.h
[1.623s] -- Up-to-date: /home/mm/longshan12_2/install/gnss/include/gnss/msg/detail/ins__functions.c
[1.623s] -- Up-to-date: /home/mm/longshan12_2/install/gnss/include/gnss/msg/detail/imu__type_support.h
[1.623s] -- Up-to-date: /home/mm/longshan12_2/install/gnss/include/gnss/msg/detail/message__struct.h
[1.623s] -- Up-to-date: /home/mm/longshan12_2/install/gnss/include/gnss/msg/detail/ins__functions.h
[1.623s] -- Up-to-date: /home/mm/longshan12_2/install/gnss/include/gnss/msg/detail/message__functions.c
[1.623s] -- Up-to-date: /home/mm/longshan12_2/install/gnss/include/gnss/msg/detail/imu__struct.h
[1.624s] -- Up-to-date: /home/mm/longshan12_2/install/gnss/include/gnss/msg/detail/ins__struct.h
[1.624s] -- Up-to-date: /home/mm/longshan12_2/install/gnss/share/gnss/environment/library_path.sh
[1.624s] -- Up-to-date: /home/mm/longshan12_2/install/gnss/share/gnss/environment/library_path.dsv
[1.624s] -- Up-to-date: /home/mm/longshan12_2/install/gnss/lib/libgnss__rosidl_generator_c.so
[1.624s] -- Up-to-date: /home/mm/longshan12_2/install/gnss/include/gnss
[1.625s] -- Up-to-date: /home/mm/longshan12_2/install/gnss/include/gnss/msg
[1.625s] -- Up-to-date: /home/mm/longshan12_2/install/gnss/include/gnss/msg/rosidl_typesupport_fastrtps_c__visibility_control.h
[1.625s] -- Up-to-date: /home/mm/longshan12_2/install/gnss/include/gnss/msg/detail
[1.625s] -- Up-to-date: /home/mm/longshan12_2/install/gnss/include/gnss/msg/detail/ins__rosidl_typesupport_fastrtps_c.h
[1.626s] -- Up-to-date: /home/mm/longshan12_2/install/gnss/include/gnss/msg/detail/message__rosidl_typesupport_fastrtps_c.h
[1.626s] -- Up-to-date: /home/mm/longshan12_2/install/gnss/include/gnss/msg/detail/imu__rosidl_typesupport_fastrtps_c.h
[1.626s] -- Up-to-date: /home/mm/longshan12_2/install/gnss/lib/libgnss__rosidl_typesupport_fastrtps_c.so
[1.627s] -- Up-to-date: /home/mm/longshan12_2/install/gnss/include/gnss
[1.628s] -- Up-to-date: /home/mm/longshan12_2/install/gnss/include/gnss/msg
[1.628s] -- Up-to-date: /home/mm/longshan12_2/install/gnss/include/gnss/msg/rosidl_typesupport_fastrtps_cpp__visibility_control.h
[1.628s] -- Up-to-date: /home/mm/longshan12_2/install/gnss/include/gnss/msg/detail
[1.628s] -- Up-to-date: /home/mm/longshan12_2/install/gnss/include/gnss/msg/detail/message__rosidl_typesupport_fastrtps_cpp.hpp
[1.628s] -- Up-to-date: /home/mm/longshan12_2/install/gnss/include/gnss/msg/detail/ins__rosidl_typesupport_fastrtps_cpp.hpp
[1.628s] -- Up-to-date: /home/mm/longshan12_2/install/gnss/include/gnss/msg/detail/dds_fastrtps
[1.628s] -- Up-to-date: /home/mm/longshan12_2/install/gnss/include/gnss/msg/detail/imu__rosidl_typesupport_fastrtps_cpp.hpp
[1.628s] -- Up-to-date: /home/mm/longshan12_2/install/gnss/lib/libgnss__rosidl_typesupport_fastrtps_cpp.so
[1.629s] -- Up-to-date: /home/mm/longshan12_2/install/gnss/include/gnss
[1.629s] -- Up-to-date: /home/mm/longshan12_2/install/gnss/include/gnss/msg
[1.629s] -- Up-to-date: /home/mm/longshan12_2/install/gnss/include/gnss/msg/rosidl_typesupport_introspection_c__visibility_control.h
[1.629s] -- Up-to-date: /home/mm/longshan12_2/install/gnss/include/gnss/msg/detail
[1.629s] -- Up-to-date: /home/mm/longshan12_2/install/gnss/include/gnss/msg/detail/ins__type_support.c
[1.630s] -- Up-to-date: /home/mm/longshan12_2/install/gnss/include/gnss/msg/detail/message__type_support.c
[1.630s] -- Up-to-date: /home/mm/longshan12_2/install/gnss/include/gnss/msg/detail/imu__type_support.c
[1.630s] -- Up-to-date: /home/mm/longshan12_2/install/gnss/include/gnss/msg/detail/message__rosidl_typesupport_introspection_c.h
[1.630s] -- Up-to-date: /home/mm/longshan12_2/install/gnss/include/gnss/msg/detail/imu__rosidl_typesupport_introspection_c.h
[1.631s] -- Up-to-date: /home/mm/longshan12_2/install/gnss/include/gnss/msg/detail/ins__rosidl_typesupport_introspection_c.h
[1.631s] -- Up-to-date: /home/mm/longshan12_2/install/gnss/lib/libgnss__rosidl_typesupport_introspection_c.so
[1.631s] -- Up-to-date: /home/mm/longshan12_2/install/gnss/lib/libgnss__rosidl_typesupport_c.so
[1.631s] -- Up-to-date: /home/mm/longshan12_2/install/gnss/include/gnss
[1.631s] -- Up-to-date: /home/mm/longshan12_2/install/gnss/include/gnss/msg
[1.632s] -- Up-to-date: /home/mm/longshan12_2/install/gnss/include/gnss/msg/rosidl_generator_cpp__visibility_control.hpp
[1.632s] -- Up-to-date: /home/mm/longshan12_2/install/gnss/include/gnss/msg/ins.hpp
[1.632s] -- Up-to-date: /home/mm/longshan12_2/install/gnss/include/gnss/msg/message.hpp
[1.634s] -- Up-to-date: /home/mm/longshan12_2/install/gnss/include/gnss/msg/imu.hpp
[1.634s] -- Up-to-date: /home/mm/longshan12_2/install/gnss/include/gnss/msg/detail
[1.634s] -- Up-to-date: /home/mm/longshan12_2/install/gnss/include/gnss/msg/detail/ins__type_support.hpp
[1.634s] -- Up-to-date: /home/mm/longshan12_2/install/gnss/include/gnss/msg/detail/message__type_support.hpp
[1.636s] -- Up-to-date: /home/mm/longshan12_2/install/gnss/include/gnss/msg/detail/message__struct.hpp
[1.637s] -- Up-to-date: /home/mm/longshan12_2/install/gnss/include/gnss/msg/detail/imu__builder.hpp
[1.637s] -- Up-to-date: /home/mm/longshan12_2/install/gnss/include/gnss/msg/detail/ins__struct.hpp
[1.637s] -- Up-to-date: /home/mm/longshan12_2/install/gnss/include/gnss/msg/detail/message__traits.hpp
[1.637s] -- Up-to-date: /home/mm/longshan12_2/install/gnss/include/gnss/msg/detail/imu__struct.hpp
[1.637s] -- Up-to-date: /home/mm/longshan12_2/install/gnss/include/gnss/msg/detail/ins__builder.hpp
[1.637s] -- Up-to-date: /home/mm/longshan12_2/install/gnss/include/gnss/msg/detail/message__builder.hpp
[1.637s] -- Up-to-date: /home/mm/longshan12_2/install/gnss/include/gnss/msg/detail/imu__traits.hpp
[1.637s] -- Up-to-date: /home/mm/longshan12_2/install/gnss/include/gnss/msg/detail/ins__traits.hpp
[1.637s] -- Up-to-date: /home/mm/longshan12_2/install/gnss/include/gnss/msg/detail/imu__type_support.hpp
[1.638s] -- Up-to-date: /home/mm/longshan12_2/install/gnss/include/gnss
[1.638s] -- Up-to-date: /home/mm/longshan12_2/install/gnss/include/gnss/msg
[1.638s] -- Up-to-date: /home/mm/longshan12_2/install/gnss/include/gnss/msg/detail
[1.638s] -- Up-to-date: /home/mm/longshan12_2/install/gnss/include/gnss/msg/detail/ins__type_support.cpp
[1.638s] -- Up-to-date: /home/mm/longshan12_2/install/gnss/include/gnss/msg/detail/message__type_support.cpp
[1.638s] -- Up-to-date: /home/mm/longshan12_2/install/gnss/include/gnss/msg/detail/imu__type_support.cpp
[1.638s] -- Up-to-date: /home/mm/longshan12_2/install/gnss/include/gnss/msg/detail/message__rosidl_typesupport_introspection_cpp.hpp
[1.639s] -- Up-to-date: /home/mm/longshan12_2/install/gnss/include/gnss/msg/detail/imu__rosidl_typesupport_introspection_cpp.hpp
[1.639s] -- Up-to-date: /home/mm/longshan12_2/install/gnss/include/gnss/msg/detail/ins__rosidl_typesupport_introspection_cpp.hpp
[1.639s] -- Up-to-date: /home/mm/longshan12_2/install/gnss/lib/libgnss__rosidl_typesupport_introspection_cpp.so
[1.639s] -- Up-to-date: /home/mm/longshan12_2/install/gnss/lib/libgnss__rosidl_typesupport_cpp.so
[1.639s] -- Up-to-date: /home/mm/longshan12_2/install/gnss/share/gnss/environment/pythonpath.sh
[1.639s] -- Up-to-date: /home/mm/longshan12_2/install/gnss/share/gnss/environment/pythonpath.dsv
[1.640s] -- Up-to-date: /home/mm/longshan12_2/install/gnss/lib/python3.8/site-packages/gnss/__init__.py
[1.696s] -- Up-to-date: /home/mm/longshan12_2/install/gnss/lib/python3.8/site-packages/gnss/msg
[1.696s] -- Up-to-date: /home/mm/longshan12_2/install/gnss/lib/python3.8/site-packages/gnss/msg/_message_s.c
[1.696s] -- Up-to-date: /home/mm/longshan12_2/install/gnss/lib/python3.8/site-packages/gnss/msg/__init__.py
[1.696s] -- Up-to-date: /home/mm/longshan12_2/install/gnss/lib/python3.8/site-packages/gnss/msg/_ins_s.c
[1.697s] -- Up-to-date: /home/mm/longshan12_2/install/gnss/lib/python3.8/site-packages/gnss/msg/_message.py
[1.697s] -- Up-to-date: /home/mm/longshan12_2/install/gnss/lib/python3.8/site-packages/gnss/msg/_ins.py
[1.697s] -- Up-to-date: /home/mm/longshan12_2/install/gnss/lib/python3.8/site-packages/gnss/msg/_imu.py
[1.697s] -- Up-to-date: /home/mm/longshan12_2/install/gnss/lib/python3.8/site-packages/gnss/msg/_imu_s.c
[1.698s] -- Up-to-date: /home/mm/longshan12_2/install/gnss/lib/python3.8/site-packages/gnss/gnss_s__rosidl_typesupport_fastrtps_c.cpython-38-x86_64-linux-gnu.so
[1.699s] -- Up-to-date: /home/mm/longshan12_2/install/gnss/lib/python3.8/site-packages/gnss/gnss_s__rosidl_typesupport_introspection_c.cpython-38-x86_64-linux-gnu.so
[1.700s] -- Up-to-date: /home/mm/longshan12_2/install/gnss/lib/python3.8/site-packages/gnss/gnss_s__rosidl_typesupport_c.cpython-38-x86_64-linux-gnu.so
[1.701s] -- Up-to-date: /home/mm/longshan12_2/install/gnss/lib/libgnss__python.so
[1.706s] -- Up-to-date: /home/mm/longshan12_2/install/gnss/share/gnss/msg/Imu.idl
[1.706s] -- Up-to-date: /home/mm/longshan12_2/install/gnss/share/gnss/msg/Ins.idl
[1.707s] -- Up-to-date: /home/mm/longshan12_2/install/gnss/share/gnss/msg/Message.idl
[1.708s] -- Up-to-date: /home/mm/longshan12_2/install/gnss/share/gnss/msg/Imu.msg
[1.708s] -- Up-to-date: /home/mm/longshan12_2/install/gnss/share/gnss/msg/Ins.msg
[1.709s] -- Up-to-date: /home/mm/longshan12_2/install/gnss/share/gnss/msg/Message.msg
[1.710s] -- Up-to-date: /home/mm/longshan12_2/install/gnss/lib/libgnss_lib.so
[1.711s] -- Up-to-date: /home/mm/longshan12_2/install/gnss/lib/gnss/gnss_node
[1.712s] -- Up-to-date: /home/mm/longshan12_2/install/gnss/lib/gnss/gnss_sync_node
[1.713s] -- Up-to-date: /home/mm/longshan12_2/install/gnss/share/gnss/launch
[1.713s] -- Up-to-date: /home/mm/longshan12_2/install/gnss/share/gnss/launch/gnss.launch.py
[1.714s] -- Up-to-date: /home/mm/longshan12_2/install/gnss/share/ament_index/resource_index/package_run_dependencies/gnss
[1.715s] -- Up-to-date: /home/mm/longshan12_2/install/gnss/share/ament_index/resource_index/parent_prefix_path/gnss
[1.715s] -- Up-to-date: /home/mm/longshan12_2/install/gnss/share/gnss/environment/ament_prefix_path.sh
[1.716s] -- Up-to-date: /home/mm/longshan12_2/install/gnss/share/gnss/environment/ament_prefix_path.dsv
[1.716s] -- Up-to-date: /home/mm/longshan12_2/install/gnss/share/gnss/environment/path.sh
[1.717s] -- Up-to-date: /home/mm/longshan12_2/install/gnss/share/gnss/environment/path.dsv
[1.718s] -- Up-to-date: /home/mm/longshan12_2/install/gnss/share/gnss/local_setup.bash
[1.718s] -- Up-to-date: /home/mm/longshan12_2/install/gnss/share/gnss/local_setup.sh
[1.720s] -- Up-to-date: /home/mm/longshan12_2/install/gnss/share/gnss/local_setup.zsh
[1.720s] -- Up-to-date: /home/mm/longshan12_2/install/gnss/share/gnss/local_setup.dsv
[1.720s] -- Installing: /home/mm/longshan12_2/install/gnss/share/gnss/package.dsv
[1.721s] -- Up-to-date: /home/mm/longshan12_2/install/gnss/share/ament_index/resource_index/packages/gnss
[1.721s] -- Up-to-date: /home/mm/longshan12_2/install/gnss/share/gnss/cmake/gnss__rosidl_generator_cExport.cmake
[1.722s] -- Up-to-date: /home/mm/longshan12_2/install/gnss/share/gnss/cmake/gnss__rosidl_generator_cExport-noconfig.cmake
[1.722s] -- Up-to-date: /home/mm/longshan12_2/install/gnss/share/gnss/cmake/gnss__rosidl_typesupport_introspection_cExport.cmake
[1.723s] -- Up-to-date: /home/mm/longshan12_2/install/gnss/share/gnss/cmake/gnss__rosidl_typesupport_introspection_cExport-noconfig.cmake
[1.723s] -- Up-to-date: /home/mm/longshan12_2/install/gnss/share/gnss/cmake/gnss__rosidl_typesupport_cExport.cmake
[1.723s] -- Up-to-date: /home/mm/longshan12_2/install/gnss/share/gnss/cmake/gnss__rosidl_typesupport_cExport-noconfig.cmake
[1.724s] -- Up-to-date: /home/mm/longshan12_2/install/gnss/share/gnss/cmake/gnss__rosidl_generator_cppExport.cmake
[1.725s] -- Up-to-date: /home/mm/longshan12_2/install/gnss/share/gnss/cmake/gnss__rosidl_typesupport_introspection_cppExport.cmake
[1.725s] -- Up-to-date: /home/mm/longshan12_2/install/gnss/share/gnss/cmake/gnss__rosidl_typesupport_introspection_cppExport-noconfig.cmake
[1.725s] -- Up-to-date: /home/mm/longshan12_2/install/gnss/share/gnss/cmake/gnss__rosidl_typesupport_cppExport.cmake
[1.726s] -- Up-to-date: /home/mm/longshan12_2/install/gnss/share/gnss/cmake/gnss__rosidl_typesupport_cppExport-noconfig.cmake
[1.726s] -- Up-to-date: /home/mm/longshan12_2/install/gnss/share/gnss/cmake/rosidl_cmake-extras.cmake
[1.727s] -- Up-to-date: /home/mm/longshan12_2/install/gnss/share/gnss/cmake/ament_cmake_export_dependencies-extras.cmake
[1.727s] -- Up-to-date: /home/mm/longshan12_2/install/gnss/share/gnss/cmake/ament_cmake_export_libraries-extras.cmake
[1.727s] -- Up-to-date: /home/mm/longshan12_2/install/gnss/share/gnss/cmake/ament_cmake_export_targets-extras.cmake
[1.728s] -- Up-to-date: /home/mm/longshan12_2/install/gnss/share/gnss/cmake/ament_cmake_export_include_directories-extras.cmake
[1.728s] -- Up-to-date: /home/mm/longshan12_2/install/gnss/share/gnss/cmake/rosidl_cmake_export_typesupport_libraries-extras.cmake
[1.728s] -- Up-to-date: /home/mm/longshan12_2/install/gnss/share/gnss/cmake/rosidl_cmake_export_typesupport_targets-extras.cmake
[1.729s] -- Up-to-date: /home/mm/longshan12_2/install/gnss/share/gnss/cmake/gnssConfig.cmake
[1.729s] -- Up-to-date: /home/mm/longshan12_2/install/gnss/share/gnss/cmake/gnssConfig-version.cmake
[1.729s] -- Up-to-date: /home/mm/longshan12_2/install/gnss/share/gnss/package.xml
[1.734s] Invoked command in '/home/mm/longshan12_2/build/gnss' returned '0': CMAKE_PREFIX_PATH=${CMAKE_PREFIX_PATH}:/home/mm/longshan12_2/install/draw_messages:/opt/ros/foxy /usr/bin/cmake --install /home/mm/longshan12_2/build/gnss
