[0.024s] Invoking command in '/home/mm/longshan12_2/build/vehicle_urdf': CMAKE_PREFIX_PATH=/opt/ros/foxy /usr/bin/cmake /home/mm/longshan12_2/src/vehicle_urdf -DCMAKE_INSTALL_PREFIX=/home/mm/longshan12_2/install/vehicle_urdf
[0.175s] -- The C compiler identification is GNU 9.4.0
[0.262s] -- The CXX compiler identification is GNU 9.4.0
[0.264s] -- Check for working C compiler: /usr/bin/cc
[0.402s] -- Check for working C compiler: /usr/bin/cc -- works
[0.404s] -- Detecting C compiler ABI info
[0.608s] -- Detecting C compiler ABI info - done
[0.627s] -- Detecting C compile features
[0.636s] -- Detecting C compile features - done
[0.643s] -- Check for working CXX compiler: /usr/bin/c++
[0.919s] -- Check for working CXX compiler: /usr/bin/c++ -- works
[0.919s] -- Detecting CXX compiler ABI info
[1.098s] -- Detecting CXX compiler ABI info - done
[1.113s] -- Detecting CXX compile features
[1.114s] -- Detecting CXX compile features - done
[1.117s] -- Found ament_cmake: 0.9.12 (/opt/ros/foxy/share/ament_cmake/cmake)
[1.150s] -- Found PythonInterp: /usr/bin/python3 (found suitable version "3.8.10", minimum required is "3") 
[1.152s] -- Using PYTHON_EXECUTABLE: /usr/bin/python3
[1.380s] -- Found rclcpp: 2.4.3 (/opt/ros/foxy/share/rclcpp/cmake)
[1.433s] -- Using all available rosidl_typesupport_c: rosidl_typesupport_fastrtps_c;rosidl_typesupport_introspection_c
[1.439s] -- Found rosidl_adapter: 1.3.1 (/opt/ros/foxy/share/rosidl_adapter/cmake)
[1.551s] -- Found OpenSSL: /usr/lib/x86_64-linux-gnu/libcrypto.so (found version "1.1.1f")  
[1.580s] -- Found FastRTPS: /opt/ros/foxy/include  
[1.663s] -- Using all available rosidl_typesupport_cpp: rosidl_typesupport_fastrtps_cpp;rosidl_typesupport_introspection_cpp
[1.723s] -- Found rmw_implementation_cmake: 1.0.4 (/opt/ros/foxy/share/rmw_implementation_cmake/cmake)
[1.724s] -- Using RMW implementation 'rmw_fastrtps_cpp' as default
[1.725s] -- Looking for pthread.h
[1.837s] -- Looking for pthread.h - found
[1.838s] -- Performing Test CMAKE_HAVE_LIBC_PTHREAD
[1.939s] -- Performing Test CMAKE_HAVE_LIBC_PTHREAD - Failed
[1.940s] -- Looking for pthread_create in pthreads
[2.028s] -- Looking for pthread_create in pthreads - not found
[2.028s] -- Looking for pthread_create in pthread
[2.120s] -- Looking for pthread_create in pthread - found
[2.122s] -- Found Threads: TRUE  
[2.298s] -- Found sensor_msgs: 2.0.5 (/opt/ros/foxy/share/sensor_msgs/cmake)
[2.452s] -- Found robot_state_publisher: 2.4.5 (/opt/ros/foxy/share/robot_state_publisher/cmake)
[2.460s] -- Found eigen3_cmake_module: 0.1.1 (/opt/ros/foxy/share/eigen3_cmake_module/cmake)
[2.465s] -- Found Eigen3: TRUE (found version "3.3.7") 
[2.931s] CMake Error at CMakeLists.txt:16 (install):
[2.931s]   install TARGETS given target "vehicle_urdf" which does not exist.
[2.932s] 
[2.932s] 
[3.005s] -- Configuring incomplete, errors occurred!
[3.005s] See also "/home/mm/longshan12_2/build/vehicle_urdf/CMakeFiles/CMakeOutput.log".
[3.006s] See also "/home/mm/longshan12_2/build/vehicle_urdf/CMakeFiles/CMakeError.log".
[3.019s] Invoked command in '/home/mm/longshan12_2/build/vehicle_urdf' returned '1': CMAKE_PREFIX_PATH=/opt/ros/foxy /usr/bin/cmake /home/mm/longshan12_2/src/vehicle_urdf -DCMAKE_INSTALL_PREFIX=/home/mm/longshan12_2/install/vehicle_urdf
