[0.051s] Invoking command in '/home/mm/longshan12_2/build/control': CMAKE_PREFIX_PATH=/opt/ros/foxy /usr/bin/cmake --build /home/mm/longshan12_2/build/control -- -j4 -l4
[0.194s] [35m[1mScanning dependencies of target control_node[0m
[0.288s] [  9%] [32mBuilding CXX object CMakeFiles/control_node.dir/src/control_node.cpp.o[0m
[4.245s] [01m[K/home/mm/longshan12_2/src/control/src/control_node.cpp:[m[K In member function ‘[01m[Kvoid control_node::gps_callback(std_msgs::msg::Float64MultiArray_<std::allocator<void> >::SharedPtr)[m[K’:
[4.245s] [01m[K/home/mm/longshan12_2/src/control/src/control_node.cpp:100:33:[m[K [01;35m[Kwarning: [m[Kunused variable ‘[01m[Kpre_index[m[K’ [[01;35m[K-Wunused-variable[m[K]
[4.245s]   100 |                             int [01;35m[Kpre_index[m[K = (index + 5) > (globalPath.cols()-1) ?
[4.245s]       |                                 [01;35m[K^~~~~~~~~[m[K
[4.245s] [01m[K/home/mm/longshan12_2/src/control/src/control_node.cpp:151:36:[m[K [01;35m[Kwarning: [m[Kunused variable ‘[01m[KdeltaX[m[K’ [[01;35m[K-Wunused-variable[m[K]
[4.245s]   151 |                             double [01;35m[KdeltaX[m[K =  dx;
[4.246s]       |                                    [01;35m[K^~~~~~[m[K
[4.246s] [01m[K/home/mm/longshan12_2/src/control/src/control_node.cpp:152:36:[m[K [01;35m[Kwarning: [m[Kunused variable ‘[01m[KdeltaY[m[K’ [[01;35m[K-Wunused-variable[m[K]
[4.246s]   152 |                             double [01;35m[KdeltaY[m[K =  dy;
[4.246s]       |                                    [01;35m[K^~~~~~[m[K
[4.246s] [01m[K/home/mm/longshan12_2/src/control/src/control_node.cpp:153:36:[m[K [01;35m[Kwarning: [m[Kunused variable ‘[01m[KdeltaYAW[m[K’ [[01;35m[K-Wunused-variable[m[K]
[4.246s]   153 |                             double [01;35m[KdeltaYAW[m[K = tool::normalizeAngle(tool::d2r(car(3)) - theta);
[4.246s]       |                                    [01;35m[K^~~~~~~~[m[K
[4.246s] [01m[K/home/mm/longshan12_2/src/control/src/control_node.cpp:171:43:[m[K [01;35m[Kwarning: [m[Kunused variable ‘[01m[Klast_sw[m[K’ [[01;35m[K-Wunused-variable[m[K]
[4.246s]   171 |                             static double [01;35m[Klast_sw[m[K = 0;
[4.246s]       |                                           [01;35m[K^~~~~~~[m[K
[12.031s] [ 18%] [32m[1mLinking CXX executable control_node[0m
[13.351s] [100%] Built target control_node
