[2.384s] Invoking command in '/home/mm/longshan11_6/src/draw_messages': PYTHONPATH=/home/mm/longshan11_6/build/draw_messages/prefix_override:/home/mm/longshan11_6/install/draw_messages/lib/python3.8/site-packages:${PYTHONPATH} /usr/bin/python3 -W ignore:setup.py install is deprecated setup.py egg_info --egg-base ../../build/draw_messages build --build-base /home/mm/longshan11_6/build/draw_messages/build install --record /home/mm/longshan11_6/build/draw_messages/install.log --install-scripts $base/lib/draw_messages --single-version-externally-managed install_data
[4.204s] running egg_info
[4.263s] writing ../../build/draw_messages/draw_messages.egg-info/PKG-INFO
[4.264s] writing dependency_links to ../../build/draw_messages/draw_messages.egg-info/dependency_links.txt
[4.264s] writing entry points to ../../build/draw_messages/draw_messages.egg-info/entry_points.txt
[4.264s] writing requirements to ../../build/draw_messages/draw_messages.egg-info/requires.txt
[4.264s] writing top-level names to ../../build/draw_messages/draw_messages.egg-info/top_level.txt
[4.794s] reading manifest file '../../build/draw_messages/draw_messages.egg-info/SOURCES.txt'
[4.794s] writing manifest file '../../build/draw_messages/draw_messages.egg-info/SOURCES.txt'
[4.794s] running build
[4.795s] running build_py
[4.795s] running install
[4.795s] running install_lib
[4.809s] running install_data
[4.810s] running install_egg_info
[4.825s] removing '/home/mm/longshan11_6/install/draw_messages/lib/python3.8/site-packages/draw_messages-0.0.0-py3.8.egg-info' (and everything under it)
[4.825s] Copying ../../build/draw_messages/draw_messages.egg-info to /home/mm/longshan11_6/install/draw_messages/lib/python3.8/site-packages/draw_messages-0.0.0-py3.8.egg-info
[4.828s] running install_scripts
[4.980s] Installing real_time_plot script to /home/mm/longshan11_6/install/draw_messages/lib/draw_messages
[4.980s] writing list of installed files to '/home/mm/longshan11_6/build/draw_messages/install.log'
[5.203s] Invoked command in '/home/mm/longshan11_6/src/draw_messages' returned '0': PYTHONPATH=/home/mm/longshan11_6/build/draw_messages/prefix_override:/home/mm/longshan11_6/install/draw_messages/lib/python3.8/site-packages:${PYTHONPATH} /usr/bin/python3 -W ignore:setup.py install is deprecated setup.py egg_info --egg-base ../../build/draw_messages build --build-base /home/mm/longshan11_6/build/draw_messages/build install --record /home/mm/longshan11_6/build/draw_messages/install.log --install-scripts $base/lib/draw_messages --single-version-externally-managed install_data
