[0.040s] Invoking command in '/home/mm/longshan12_2/build/local': AMENT_PREFIX_PATH=/home/mm/longshan12_2/install/ros2_path_interfaces:${AMENT_PREFIX_PATH} CMAKE_PREFIX_PATH=/home/mm/longshan12_2/install/ros2_path_interfaces:/opt/ros/foxy LD_LIBRARY_PATH=/home/mm/longshan12_2/install/ros2_path_interfaces/lib:/usr/local/lib/libosqp.so:/usr/lib/x86_64-linux-gnu/gazebo-11/plugins:/opt/ros/foxy/opt/yaml_cpp_vendor/lib:/opt/ros/foxy/opt/rviz_ogre_vendor/lib:/opt/ros/foxy/lib/x86_64-linux-gnu:/opt/ros/foxy/lib:/usr/local/lib/libosqp.so PYTHONPATH=/home/mm/longshan12_2/install/ros2_path_interfaces/lib/python3.8/site-packages:${PYTHONPATH} /usr/bin/cmake --build /home/mm/longshan12_2/build/local -- -j4 -l4
[0.180s] [35m[1mScanning dependencies of target local_node4[0m
[0.304s] [  5%] [32mBuilding CXX object CMakeFiles/local_node4.dir/src/local_dp_qp.cpp.o[0m
[0.304s] [ 10%] [32mBuilding CXX object CMakeFiles/local_node4.dir/src/local_node4.cpp.o[0m
[0.319s] [ 15%] [32mBuilding CXX object CMakeFiles/local_node4.dir/src/Calobs.cpp.o[0m
[3.247s] [01m[K/home/mm/longshan12_2/src/local/src/local_dp_qp.cpp:7:1:[m[K [01;31m[Kerror: [m[Kredefinition of ‘[01m[Klocal_dp_qp::local_dp_qp()[m[K’
[3.247s]     7 | [01;31m[Klocal_dp_qp[m[K::local_dp_qp(){
[3.247s]       | [01;31m[K^~~~~~~~~~~[m[K
[3.248s] In file included from [01m[K/home/mm/longshan12_2/src/local/src/local_dp_qp.cpp:1[m[K:
[3.248s] [01m[K/home/mm/longshan12_2/src/local/./include/local_dp_qp.h:99:3:[m[K [01;36m[Knote: [m[K‘[01m[Klocal_dp_qp::local_dp_qp()[m[K’ previously defined here
[3.248s]    99 |   [01;36m[Klocal_dp_qp[m[K(){};
[3.248s]       |   [01;36m[K^~~~~~~~~~~[m[K
[4.157s] make[2]: *** [CMakeFiles/local_node4.dir/build.make:141：CMakeFiles/local_node4.dir/src/local_dp_qp.cpp.o] 错误 1
[4.157s] make[2]: *** 正在等待未完成的任务....
[5.150s] [01m[K/home/mm/longshan12_2/src/local/src/local_node4.cpp:[m[K In member function ‘[01m[Kvoid local_trajs_node::GetLocalPath()[m[K’:
[5.150s] [01m[K/home/mm/longshan12_2/src/local/src/local_node4.cpp:253:96:[m[K [01;31m[Kerror: [m[Kno matching function for call to ‘[01m[Klocal_dp_qp::setPatam(double&, Eigen::DenseCoeffsBase<Eigen::Matrix<double, -1, 1>, 1>::Scalar&, double&, double&, double&, double&, Eigen::MatrixXd&, int, int, int&, std::vector<obses_sd>&, std::vector<Eigen::Matrix<double, -1, 1> >&, double&, double&, double&, double&, double, Decisionflags&, int, bool)[m[K’
[5.150s]   253 |                                     start_l,end_l,delta_l,target_v, -1.5, Decisionflags_,0,true[01;31m[K)[m[K;//最后一位时最近障碍物的位置
[5.151s]       |                                                                                                [01;31m[K^[m[K
[5.151s] In file included from [01m[K/home/mm/longshan12_2/src/local/src/local_node4.cpp:20[m[K:
[5.151s] [01m[K/home/mm/longshan12_2/src/local/./include/local_dp_qp.h:101:8:[m[K [01;36m[Knote: [m[Kcandidate: ‘[01m[Kvoid local_dp_qp::setPatam(double, double, double, double, double, double, const MatrixXd&, int, int, int, std::vector<obses_sd>, std::vector<Eigen::Matrix<double, -1, 1> >, double, double, double, double, double, Decisionflags, double, bool, bool, double, size_t)[m[K’
[5.151s]   101 |   void [01;36m[KsetPatam[m[K(double car_a , double car_v,double car_s,double car_l,double dl,double dll, const Eigen::MatrixXd& globalPath,int all_distances ,
[5.151s]       |        [01;36m[K^~~~~~~~[m[K
[5.151s] [01m[K/home/mm/longshan12_2/src/local/./include/local_dp_qp.h:101:8:[m[K [01;36m[Knote: [m[K  candidate expects 23 arguments, 20 provided
[5.171s] [01m[K/home/mm/longshan12_2/src/local/src/local_node4.cpp:379:129:[m[K [01;31m[Kerror: [m[Kno matching function for call to ‘[01m[Klocal_dp_qp::setPatam(double&, Eigen::DenseCoeffsBase<Eigen::Matrix<double, -1, 1>, 1>::Scalar&, double&, double&, double&, double&, Eigen::MatrixXd&, double&, double&, int&, std::vector<obses_sd>&, std::vector<Eigen::Matrix<double, -1, 1> >&, double&, double&, double&, double&, double&, Decisionflags&, int, bool)[m[K’
[5.172s]   379 |                                                                 start_l,end_l,delta_l,target_v,target_l,Decisionflags_, 0, false[01;31m[K)[m[K;
[5.172s]       |                                                                                                                                 [01;31m[K^[m[K
[5.172s] In file included from [01m[K/home/mm/longshan12_2/src/local/src/local_node4.cpp:20[m[K:
[5.172s] [01m[K/home/mm/longshan12_2/src/local/./include/local_dp_qp.h:101:8:[m[K [01;36m[Knote: [m[Kcandidate: ‘[01m[Kvoid local_dp_qp::setPatam(double, double, double, double, double, double, const MatrixXd&, int, int, int, std::vector<obses_sd>, std::vector<Eigen::Matrix<double, -1, 1> >, double, double, double, double, double, Decisionflags, double, bool, bool, double, size_t)[m[K’
[5.173s]   101 |   void [01;36m[KsetPatam[m[K(double car_a , double car_v,double car_s,double car_l,double dl,double dll, const Eigen::MatrixXd& globalPath,int all_distances ,
[5.173s]       |        [01;36m[K^~~~~~~~[m[K
[5.173s] [01m[K/home/mm/longshan12_2/src/local/./include/local_dp_qp.h:101:8:[m[K [01;36m[Knote: [m[K  candidate expects 23 arguments, 20 provided
[5.173s] [01m[K/home/mm/longshan12_2/src/local/src/local_node4.cpp:398:133:[m[K [01;31m[Kerror: [m[Kno matching function for call to ‘[01m[Klocal_dp_qp::setPatam(double&, Eigen::DenseCoeffsBase<Eigen::Matrix<double, -1, 1>, 1>::Scalar&, double&, double&, double&, double&, Eigen::MatrixXd&, double&, double&, int&, std::vector<obses_sd>&, std::vector<Eigen::Matrix<double, -1, 1> >&, double&, double&, double&, double&, double&, Decisionflags&, int, bool)[m[K’
[5.174s]   398 |                                                                     start_l,end_l,delta_l,target_v,target_l,Decisionflags_, 0, false[01;31m[K)[m[K;
[5.174s]       |                                                                                                                                     [01;31m[K^[m[K
[5.174s] In file included from [01m[K/home/mm/longshan12_2/src/local/src/local_node4.cpp:20[m[K:
[5.174s] [01m[K/home/mm/longshan12_2/src/local/./include/local_dp_qp.h:101:8:[m[K [01;36m[Knote: [m[Kcandidate: ‘[01m[Kvoid local_dp_qp::setPatam(double, double, double, double, double, double, const MatrixXd&, int, int, int, std::vector<obses_sd>, std::vector<Eigen::Matrix<double, -1, 1> >, double, double, double, double, double, Decisionflags, double, bool, bool, double, size_t)[m[K’
[5.174s]   101 |   void [01;36m[KsetPatam[m[K(double car_a , double car_v,double car_s,double car_l,double dl,double dll, const Eigen::MatrixXd& globalPath,int all_distances ,
[5.175s]       |        [01;36m[K^~~~~~~~[m[K
[5.180s] [01m[K/home/mm/longshan12_2/src/local/./include/local_dp_qp.h:101:8:[m[K [01;36m[Knote: [m[K  candidate expects 23 arguments, 20 provided
[5.180s] [01m[K/home/mm/longshan12_2/src/local/src/local_node4.cpp:416:125:[m[K [01;31m[Kerror: [m[Kno matching function for call to ‘[01m[Klocal_dp_qp::setPatam(double&, Eigen::DenseCoeffsBase<Eigen::Matrix<double, -1, 1>, 1>::Scalar&, double&, double&, double&, double&, Eigen::MatrixXd&, double&, double&, int&, std::vector<obses_sd>&, std::vector<Eigen::Matrix<double, -1, 1> >&, double&, double&, double&, double&, double, Decisionflags&, int, bool)[m[K’
[5.180s]   416 |                                                                 start_l,end_l,delta_l,target_v,-1.5,Decisionflags_, 0, false[01;31m[K)[m[K;
[5.180s]       |                                                                                                                             [01;31m[K^[m[K
[5.180s] In file included from [01m[K/home/mm/longshan12_2/src/local/src/local_node4.cpp:20[m[K:
[5.180s] [01m[K/home/mm/longshan12_2/src/local/./include/local_dp_qp.h:101:8:[m[K [01;36m[Knote: [m[Kcandidate: ‘[01m[Kvoid local_dp_qp::setPatam(double, double, double, double, double, double, const MatrixXd&, int, int, int, std::vector<obses_sd>, std::vector<Eigen::Matrix<double, -1, 1> >, double, double, double, double, double, Decisionflags, double, bool, bool, double, size_t)[m[K’
[5.180s]   101 |   void [01;36m[KsetPatam[m[K(double car_a , double car_v,double car_s,double car_l,double dl,double dll, const Eigen::MatrixXd& globalPath,int all_distances ,
[5.180s]       |        [01;36m[K^~~~~~~~[m[K
[5.180s] [01m[K/home/mm/longshan12_2/src/local/./include/local_dp_qp.h:101:8:[m[K [01;36m[Knote: [m[K  candidate expects 23 arguments, 20 provided
[5.180s] [01m[K/home/mm/longshan12_2/src/local/src/local_node4.cpp:439:132:[m[K [01;31m[Kerror: [m[Kno matching function for call to ‘[01m[Klocal_dp_qp::setPatam(double&, Eigen::DenseCoeffsBase<Eigen::Matrix<double, -1, 1>, 1>::Scalar&, double&, double&, double&, double&, Eigen::MatrixXd&, double&, double&, int&, std::vector<obses_sd>&, std::vector<Eigen::Matrix<double, -1, 1> >&, double&, double&, double&, double&, double&, Decisionflags&, int, bool)[m[K’
[5.183s]   439 |                                                                 start_l,end_l,delta_l, target_v, target_l, Decisionflags_, 0, false[01;31m[K)[m[K;
[5.183s]       |                                                                                                                                    [01;31m[K^[m[K
[5.184s] In file included from [01m[K/home/mm/longshan12_2/src/local/src/local_node4.cpp:20[m[K:
[5.184s] [01m[K/home/mm/longshan12_2/src/local/./include/local_dp_qp.h:101:8:[m[K [01;36m[Knote: [m[Kcandidate: ‘[01m[Kvoid local_dp_qp::setPatam(double, double, double, double, double, double, const MatrixXd&, int, int, int, std::vector<obses_sd>, std::vector<Eigen::Matrix<double, -1, 1> >, double, double, double, double, double, Decisionflags, double, bool, bool, double, size_t)[m[K’
[5.185s]   101 |   void [01;36m[KsetPatam[m[K(double car_a , double car_v,double car_s,double car_l,double dl,double dll, const Eigen::MatrixXd& globalPath,int all_distances ,
[5.185s]       |        [01;36m[K^~~~~~~~[m[K
[5.185s] [01m[K/home/mm/longshan12_2/src/local/./include/local_dp_qp.h:101:8:[m[K [01;36m[Knote: [m[K  candidate expects 23 arguments, 20 provided
[5.185s] [01m[K/home/mm/longshan12_2/src/local/src/local_node4.cpp:444:132:[m[K [01;31m[Kerror: [m[Kno matching function for call to ‘[01m[Klocal_dp_qp::setPatam(double&, Eigen::DenseCoeffsBase<Eigen::Matrix<double, -1, 1>, 1>::Scalar&, double&, double&, double&, double&, Eigen::MatrixXd&, int, int, int&, std::vector<obses_sd>&, std::vector<Eigen::Matrix<double, -1, 1> >&, double&, double&, double&, double&, double&, Decisionflags&, int, bool)[m[K’
[5.185s]   444 |                                                                 start_l,end_l,delta_l, target_v, target_l, Decisionflags_, 0, false[01;31m[K)[m[K;
[5.185s]       |                                                                                                                                    [01;31m[K^[m[K
[5.185s] In file included from [01m[K/home/mm/longshan12_2/src/local/src/local_node4.cpp:20[m[K:
[5.185s] [01m[K/home/mm/longshan12_2/src/local/./include/local_dp_qp.h:101:8:[m[K [01;36m[Knote: [m[Kcandidate: ‘[01m[Kvoid local_dp_qp::setPatam(double, double, double, double, double, double, const MatrixXd&, int, int, int, std::vector<obses_sd>, std::vector<Eigen::Matrix<double, -1, 1> >, double, double, double, double, double, Decisionflags, double, bool, bool, double, size_t)[m[K’
[5.187s]   101 |   void [01;36m[KsetPatam[m[K(double car_a , double car_v,double car_s,double car_l,double dl,double dll, const Eigen::MatrixXd& globalPath,int all_distances ,
[5.187s]       |        [01;36m[K^~~~~~~~[m[K
[5.187s] [01m[K/home/mm/longshan12_2/src/local/./include/local_dp_qp.h:101:8:[m[K [01;36m[Knote: [m[K  candidate expects 23 arguments, 20 provided
[5.187s] [01m[K/home/mm/longshan12_2/src/local/src/local_node4.cpp:459:132:[m[K [01;31m[Kerror: [m[Kno matching function for call to ‘[01m[Klocal_dp_qp::setPatam(double&, Eigen::DenseCoeffsBase<Eigen::Matrix<double, -1, 1>, 1>::Scalar&, double&, double&, double&, double&, Eigen::MatrixXd&, double&, double&, int&, std::vector<obses_sd>&, std::vector<Eigen::Matrix<double, -1, 1> >&, double&, double&, double&, double&, double&, Decisionflags&, int, bool)[m[K’
[5.187s]   459 |                                                                 start_l,end_l,delta_l, target_v, target_l, Decisionflags_, 0, false[01;31m[K)[m[K;
[5.189s]       |                                                                                                                                    [01;31m[K^[m[K
[5.190s] In file included from [01m[K/home/mm/longshan12_2/src/local/src/local_node4.cpp:20[m[K:
[5.190s] [01m[K/home/mm/longshan12_2/src/local/./include/local_dp_qp.h:101:8:[m[K [01;36m[Knote: [m[Kcandidate: ‘[01m[Kvoid local_dp_qp::setPatam(double, double, double, double, double, double, const MatrixXd&, int, int, int, std::vector<obses_sd>, std::vector<Eigen::Matrix<double, -1, 1> >, double, double, double, double, double, Decisionflags, double, bool, bool, double, size_t)[m[K’
[5.190s]   101 |   void [01;36m[KsetPatam[m[K(double car_a , double car_v,double car_s,double car_l,double dl,double dll, const Eigen::MatrixXd& globalPath,int all_distances ,
[5.190s]       |        [01;36m[K^~~~~~~~[m[K
[5.190s] [01m[K/home/mm/longshan12_2/src/local/./include/local_dp_qp.h:101:8:[m[K [01;36m[Knote: [m[K  candidate expects 23 arguments, 20 provided
[5.190s] [01m[K/home/mm/longshan12_2/src/local/src/local_node4.cpp:470:133:[m[K [01;31m[Kerror: [m[Kno matching function for call to ‘[01m[Klocal_dp_qp::setPatam(double&, Eigen::DenseCoeffsBase<Eigen::Matrix<double, -1, 1>, 1>::Scalar&, double&, double&, double&, double&, Eigen::MatrixXd&, int, int, int&, std::vector<obses_sd>&, std::vector<Eigen::Matrix<double, -1, 1> >&, double&, double&, double&, double&, double&, Decisionflags&, int, bool)[m[K’
[5.190s]   470 |                                                                     start_l,end_l,delta_l,target_v,target_l,Decisionflags_, 0, false[01;31m[K)[m[K;
[5.190s]       |                                                                                                                                     [01;31m[K^[m[K
[5.190s] In file included from [01m[K/home/mm/longshan12_2/src/local/src/local_node4.cpp:20[m[K:
[5.190s] [01m[K/home/mm/longshan12_2/src/local/./include/local_dp_qp.h:101:8:[m[K [01;36m[Knote: [m[Kcandidate: ‘[01m[Kvoid local_dp_qp::setPatam(double, double, double, double, double, double, const MatrixXd&, int, int, int, std::vector<obses_sd>, std::vector<Eigen::Matrix<double, -1, 1> >, double, double, double, double, double, Decisionflags, double, bool, bool, double, size_t)[m[K’
[5.190s]   101 |   void [01;36m[KsetPatam[m[K(double car_a , double car_v,double car_s,double car_l,double dl,double dll, const Eigen::MatrixXd& globalPath,int all_distances ,
[5.190s]       |        [01;36m[K^~~~~~~~[m[K
[5.190s] [01m[K/home/mm/longshan12_2/src/local/./include/local_dp_qp.h:101:8:[m[K [01;36m[Knote: [m[K  candidate expects 23 arguments, 20 provided
[5.190s] [01m[K/home/mm/longshan12_2/src/local/src/local_node4.cpp:475:133:[m[K [01;31m[Kerror: [m[Kno matching function for call to ‘[01m[Klocal_dp_qp::setPatam(double&, Eigen::DenseCoeffsBase<Eigen::Matrix<double, -1, 1>, 1>::Scalar&, double&, double&, double&, double&, Eigen::MatrixXd&, int, int, int&, std::vector<obses_sd>&, std::vector<Eigen::Matrix<double, -1, 1> >&, double&, double&, double&, double&, double&, Decisionflags&, int, bool)[m[K’
[5.190s]   475 |                                                                     start_l,end_l,delta_l,target_v,target_l,Decisionflags_, 0, false[01;31m[K)[m[K;
[5.191s]       |                                                                                                                                     [01;31m[K^[m[K
[5.191s] In file included from [01m[K/home/mm/longshan12_2/src/local/src/local_node4.cpp:20[m[K:
[5.191s] [01m[K/home/mm/longshan12_2/src/local/./include/local_dp_qp.h:101:8:[m[K [01;36m[Knote: [m[Kcandidate: ‘[01m[Kvoid local_dp_qp::setPatam(double, double, double, double, double, double, const MatrixXd&, int, int, int, std::vector<obses_sd>, std::vector<Eigen::Matrix<double, -1, 1> >, double, double, double, double, double, Decisionflags, double, bool, bool, double, size_t)[m[K’
[5.191s]   101 |   void [01;36m[KsetPatam[m[K(double car_a , double car_v,double car_s,double car_l,double dl,double dll, const Eigen::MatrixXd& globalPath,int all_distances ,
[5.191s]       |        [01;36m[K^~~~~~~~[m[K
[5.191s] [01m[K/home/mm/longshan12_2/src/local/./include/local_dp_qp.h:101:8:[m[K [01;36m[Knote: [m[K  candidate expects 23 arguments, 20 provided
[5.191s] [01m[K/home/mm/longshan12_2/src/local/src/local_node4.cpp:526:120:[m[K [01;31m[Kerror: [m[Kno matching function for call to ‘[01m[Klocal_dp_qp::setPatam(double&, Eigen::DenseCoeffsBase<Eigen::Matrix<double, -1, 1>, 1>::Scalar&, double&, double&, double&, double&, Eigen::MatrixXd&, double&, double&, int&, std::vector<obses_sd>&, std::vector<Eigen::Matrix<double, -1, 1> >&, double&, double&, double&, double&, double&, Decisionflags&, int, bool)[m[K’
[5.191s]   526 |                                                         start_l,end_l,delta_l,target_v,target_l, Decisionflags_,0,false[01;31m[K)[m[K;
[5.192s]       |                                                                                                                        [01;31m[K^[m[K
[5.192s] In file included from [01m[K/home/mm/longshan12_2/src/local/src/local_node4.cpp:20[m[K:
[5.192s] [01m[K/home/mm/longshan12_2/src/local/./include/local_dp_qp.h:101:8:[m[K [01;36m[Knote: [m[Kcandidate: ‘[01m[Kvoid local_dp_qp::setPatam(double, double, double, double, double, double, const MatrixXd&, int, int, int, std::vector<obses_sd>, std::vector<Eigen::Matrix<double, -1, 1> >, double, double, double, double, double, Decisionflags, double, bool, bool, double, size_t)[m[K’
[5.192s]   101 |   void [01;36m[KsetPatam[m[K(double car_a , double car_v,double car_s,double car_l,double dl,double dll, const Eigen::MatrixXd& globalPath,int all_distances ,
[5.192s]       |        [01;36m[K^~~~~~~~[m[K
[5.192s] [01m[K/home/mm/longshan12_2/src/local/./include/local_dp_qp.h:101:8:[m[K [01;36m[Knote: [m[K  candidate expects 23 arguments, 20 provided
[5.192s] [01m[K/home/mm/longshan12_2/src/local/src/local_node4.cpp:543:119:[m[K [01;31m[Kerror: [m[Kno matching function for call to ‘[01m[Klocal_dp_qp::setPatam(double&, Eigen::DenseCoeffsBase<Eigen::Matrix<double, -1, 1>, 1>::Scalar&, double&, double&, double&, double&, Eigen::MatrixXd&, double&, double&, int&, std::vector<obses_sd>&, std::vector<Eigen::Matrix<double, -1, 1> >&, double&, double&, double&, double&, double&, Decisionflags&, int, bool)[m[K’
[5.192s]   543 |                                                         start_l,end_l,delta_l,target_v,target_l,Decisionflags_,0,false[01;31m[K)[m[K;
[5.193s]       |                                                                                                                       [01;31m[K^[m[K
[5.193s] In file included from [01m[K/home/mm/longshan12_2/src/local/src/local_node4.cpp:20[m[K:
[5.193s] [01m[K/home/mm/longshan12_2/src/local/./include/local_dp_qp.h:101:8:[m[K [01;36m[Knote: [m[Kcandidate: ‘[01m[Kvoid local_dp_qp::setPatam(double, double, double, double, double, double, const MatrixXd&, int, int, int, std::vector<obses_sd>, std::vector<Eigen::Matrix<double, -1, 1> >, double, double, double, double, double, Decisionflags, double, bool, bool, double, size_t)[m[K’
[5.193s]   101 |   void [01;36m[KsetPatam[m[K(double car_a , double car_v,double car_s,double car_l,double dl,double dll, const Eigen::MatrixXd& globalPath,int all_distances ,
[5.194s]       |        [01;36m[K^~~~~~~~[m[K
[5.194s] [01m[K/home/mm/longshan12_2/src/local/./include/local_dp_qp.h:101:8:[m[K [01;36m[Knote: [m[K  candidate expects 23 arguments, 20 provided
[5.194s] [01m[K/home/mm/longshan12_2/src/local/src/local_node4.cpp:550:119:[m[K [01;31m[Kerror: [m[Kno matching function for call to ‘[01m[Klocal_dp_qp::setPatam(double&, Eigen::DenseCoeffsBase<Eigen::Matrix<double, -1, 1>, 1>::Scalar&, double&, double&, double&, double&, Eigen::MatrixXd&, int, int, int&, std::vector<obses_sd>&, std::vector<Eigen::Matrix<double, -1, 1> >&, double&, double&, double&, double&, double&, Decisionflags&, int, bool)[m[K’
[5.194s]   550 |                                                         start_l,end_l,delta_l,target_v,target_l,Decisionflags_,0,false[01;31m[K)[m[K;
[5.194s]       |                                                                                                                       [01;31m[K^[m[K
[5.194s] In file included from [01m[K/home/mm/longshan12_2/src/local/src/local_node4.cpp:20[m[K:
[5.194s] [01m[K/home/mm/longshan12_2/src/local/./include/local_dp_qp.h:101:8:[m[K [01;36m[Knote: [m[Kcandidate: ‘[01m[Kvoid local_dp_qp::setPatam(double, double, double, double, double, double, const MatrixXd&, int, int, int, std::vector<obses_sd>, std::vector<Eigen::Matrix<double, -1, 1> >, double, double, double, double, double, Decisionflags, double, bool, bool, double, size_t)[m[K’
[5.194s]   101 |   void [01;36m[KsetPatam[m[K(double car_a , double car_v,double car_s,double car_l,double dl,double dll, const Eigen::MatrixXd& globalPath,int all_distances ,
[5.194s]       |        [01;36m[K^~~~~~~~[m[K
[5.194s] [01m[K/home/mm/longshan12_2/src/local/./include/local_dp_qp.h:101:8:[m[K [01;36m[Knote: [m[K  candidate expects 23 arguments, 20 provided
[5.195s] [01m[K/home/mm/longshan12_2/src/local/src/local_node4.cpp:555:119:[m[K [01;31m[Kerror: [m[Kno matching function for call to ‘[01m[Klocal_dp_qp::setPatam(double&, Eigen::DenseCoeffsBase<Eigen::Matrix<double, -1, 1>, 1>::Scalar&, double&, double&, double&, double&, Eigen::MatrixXd&, int, int, int&, std::vector<obses_sd>&, std::vector<Eigen::Matrix<double, -1, 1> >&, double&, double&, double&, double&, double&, Decisionflags&, int, bool)[m[K’
[5.195s]   555 |                                                         start_l,end_l,delta_l,target_v,target_l,Decisionflags_,0,false[01;31m[K)[m[K;
[5.195s]       |                                                                                                                       [01;31m[K^[m[K
[5.195s] In file included from [01m[K/home/mm/longshan12_2/src/local/src/local_node4.cpp:20[m[K:
[5.195s] [01m[K/home/mm/longshan12_2/src/local/./include/local_dp_qp.h:101:8:[m[K [01;36m[Knote: [m[Kcandidate: ‘[01m[Kvoid local_dp_qp::setPatam(double, double, double, double, double, double, const MatrixXd&, int, int, int, std::vector<obses_sd>, std::vector<Eigen::Matrix<double, -1, 1> >, double, double, double, double, double, Decisionflags, double, bool, bool, double, size_t)[m[K’
[5.195s]   101 |   void [01;36m[KsetPatam[m[K(double car_a , double car_v,double car_s,double car_l,double dl,double dll, const Eigen::MatrixXd& globalPath,int all_distances ,
[5.195s]       |        [01;36m[K^~~~~~~~[m[K
[5.195s] [01m[K/home/mm/longshan12_2/src/local/./include/local_dp_qp.h:101:8:[m[K [01;36m[Knote: [m[K  candidate expects 23 arguments, 20 provided
[5.195s] [01m[K/home/mm/longshan12_2/src/local/src/local_node4.cpp:574:131:[m[K [01;31m[Kerror: [m[Kno matching function for call to ‘[01m[Klocal_dp_qp::setPatam(double&, Eigen::DenseCoeffsBase<Eigen::Matrix<double, -1, 1>, 1>::Scalar&, double&, double&, double&, double&, Eigen::MatrixXd&, double&, double&, int&, std::vector<obses_sd>&, std::vector<Eigen::Matrix<double, -1, 1> >&, double&, double&, double&, double&, double&, Decisionflags&, int, bool)[m[K’
[5.195s]   574 |                                                                     start_l,end_l,delta_l,target_v,target_l,Decisionflags_,0,false[01;31m[K)[m[K;
[5.195s]       |                                                                                                                                   [01;31m[K^[m[K
[5.195s] In file included from [01m[K/home/mm/longshan12_2/src/local/src/local_node4.cpp:20[m[K:
[5.195s] [01m[K/home/mm/longshan12_2/src/local/./include/local_dp_qp.h:101:8:[m[K [01;36m[Knote: [m[Kcandidate: ‘[01m[Kvoid local_dp_qp::setPatam(double, double, double, double, double, double, const MatrixXd&, int, int, int, std::vector<obses_sd>, std::vector<Eigen::Matrix<double, -1, 1> >, double, double, double, double, double, Decisionflags, double, bool, bool, double, size_t)[m[K’
[5.196s]   101 |   void [01;36m[KsetPatam[m[K(double car_a , double car_v,double car_s,double car_l,double dl,double dll, const Eigen::MatrixXd& globalPath,int all_distances ,
[5.196s]       |        [01;36m[K^~~~~~~~[m[K
[5.196s] [01m[K/home/mm/longshan12_2/src/local/./include/local_dp_qp.h:101:8:[m[K [01;36m[Knote: [m[K  candidate expects 23 arguments, 20 provided
[5.196s] [01m[K/home/mm/longshan12_2/src/local/src/local_node4.cpp:624:119:[m[K [01;31m[Kerror: [m[Kno matching function for call to ‘[01m[Klocal_dp_qp::setPatam(double&, Eigen::DenseCoeffsBase<Eigen::Matrix<double, -1, 1>, 1>::Scalar&, double&, double&, double&, double&, Eigen::MatrixXd&, double&, double&, int&, std::vector<obses_sd>&, std::vector<Eigen::Matrix<double, -1, 1> >&, double&, double&, double&, double&, double&, Decisionflags&, int, bool)[m[K’
[5.196s]   624 |                                                         start_l,end_l,delta_l,target_v,target_l,Decisionflags_,0,false[01;31m[K)[m[K;
[5.196s]       |                                                                                                                       [01;31m[K^[m[K
[5.196s] In file included from [01m[K/home/mm/longshan12_2/src/local/src/local_node4.cpp:20[m[K:
[5.196s] [01m[K/home/mm/longshan12_2/src/local/./include/local_dp_qp.h:101:8:[m[K [01;36m[Knote: [m[Kcandidate: ‘[01m[Kvoid local_dp_qp::setPatam(double, double, double, double, double, double, const MatrixXd&, int, int, int, std::vector<obses_sd>, std::vector<Eigen::Matrix<double, -1, 1> >, double, double, double, double, double, Decisionflags, double, bool, bool, double, size_t)[m[K’
[5.196s]   101 |   void [01;36m[KsetPatam[m[K(double car_a , double car_v,double car_s,double car_l,double dl,double dll, const Eigen::MatrixXd& globalPath,int all_distances ,
[5.196s]       |        [01;36m[K^~~~~~~~[m[K
[5.196s] [01m[K/home/mm/longshan12_2/src/local/./include/local_dp_qp.h:101:8:[m[K [01;36m[Knote: [m[K  candidate expects 23 arguments, 20 provided
[5.196s] [01m[K/home/mm/longshan12_2/src/local/src/local_node4.cpp:641:119:[m[K [01;31m[Kerror: [m[Kno matching function for call to ‘[01m[Klocal_dp_qp::setPatam(double&, Eigen::DenseCoeffsBase<Eigen::Matrix<double, -1, 1>, 1>::Scalar&, double&, double&, double&, double&, Eigen::MatrixXd&, double&, double&, int&, std::vector<obses_sd>&, std::vector<Eigen::Matrix<double, -1, 1> >&, double&, double&, double&, double&, double&, Decisionflags&, int, bool)[m[K’
[5.196s]   641 |                                                         start_l,end_l,delta_l,target_v,target_l,Decisionflags_,0,false[01;31m[K)[m[K;
[5.196s]       |                                                                                                                       [01;31m[K^[m[K
[5.196s] In file included from [01m[K/home/mm/longshan12_2/src/local/src/local_node4.cpp:20[m[K:
[5.197s] [01m[K/home/mm/longshan12_2/src/local/./include/local_dp_qp.h:101:8:[m[K [01;36m[Knote: [m[Kcandidate: ‘[01m[Kvoid local_dp_qp::setPatam(double, double, double, double, double, double, const MatrixXd&, int, int, int, std::vector<obses_sd>, std::vector<Eigen::Matrix<double, -1, 1> >, double, double, double, double, double, Decisionflags, double, bool, bool, double, size_t)[m[K’
[5.197s]   101 |   void [01;36m[KsetPatam[m[K(double car_a , double car_v,double car_s,double car_l,double dl,double dll, const Eigen::MatrixXd& globalPath,int all_distances ,
[5.197s]       |        [01;36m[K^~~~~~~~[m[K
[5.197s] [01m[K/home/mm/longshan12_2/src/local/./include/local_dp_qp.h:101:8:[m[K [01;36m[Knote: [m[K  candidate expects 23 arguments, 20 provided
[5.197s] [01m[K/home/mm/longshan12_2/src/local/src/local_node4.cpp:650:123:[m[K [01;31m[Kerror: [m[Kno matching function for call to ‘[01m[Klocal_dp_qp::setPatam(double&, Eigen::DenseCoeffsBase<Eigen::Matrix<double, -1, 1>, 1>::Scalar&, double&, double&, double&, double&, Eigen::MatrixXd&, int, int, int&, std::vector<obses_sd>&, std::vector<Eigen::Matrix<double, -1, 1> >&, double&, double&, double&, double&, double&, Decisionflags&, int, bool)[m[K’
[5.197s]   650 |                                                             start_l,end_l,delta_l,target_v,target_l,Decisionflags_,0,false[01;31m[K)[m[K;
[5.197s]       |                                                                                                                           [01;31m[K^[m[K
[5.197s] In file included from [01m[K/home/mm/longshan12_2/src/local/src/local_node4.cpp:20[m[K:
[5.197s] [01m[K/home/mm/longshan12_2/src/local/./include/local_dp_qp.h:101:8:[m[K [01;36m[Knote: [m[Kcandidate: ‘[01m[Kvoid local_dp_qp::setPatam(double, double, double, double, double, double, const MatrixXd&, int, int, int, std::vector<obses_sd>, std::vector<Eigen::Matrix<double, -1, 1> >, double, double, double, double, double, Decisionflags, double, bool, bool, double, size_t)[m[K’
[5.197s]   101 |   void [01;36m[KsetPatam[m[K(double car_a , double car_v,double car_s,double car_l,double dl,double dll, const Eigen::MatrixXd& globalPath,int all_distances ,
[5.197s]       |        [01;36m[K^~~~~~~~[m[K
[5.197s] [01m[K/home/mm/longshan12_2/src/local/./include/local_dp_qp.h:101:8:[m[K [01;36m[Knote: [m[K  candidate expects 23 arguments, 20 provided
[5.197s] [01m[K/home/mm/longshan12_2/src/local/src/local_node4.cpp:655:123:[m[K [01;31m[Kerror: [m[Kno matching function for call to ‘[01m[Klocal_dp_qp::setPatam(double&, Eigen::DenseCoeffsBase<Eigen::Matrix<double, -1, 1>, 1>::Scalar&, double&, double&, double&, double&, Eigen::MatrixXd&, int, int, int&, std::vector<obses_sd>&, std::vector<Eigen::Matrix<double, -1, 1> >&, double&, double&, double&, double&, double&, Decisionflags&, int, bool)[m[K’
[5.198s]   655 |                                                             start_l,end_l,delta_l,target_v,target_l,Decisionflags_,0,false[01;31m[K)[m[K;
[5.198s]       |                                                                                                                           [01;31m[K^[m[K
[5.198s] In file included from [01m[K/home/mm/longshan12_2/src/local/src/local_node4.cpp:20[m[K:
[5.198s] [01m[K/home/mm/longshan12_2/src/local/./include/local_dp_qp.h:101:8:[m[K [01;36m[Knote: [m[Kcandidate: ‘[01m[Kvoid local_dp_qp::setPatam(double, double, double, double, double, double, const MatrixXd&, int, int, int, std::vector<obses_sd>, std::vector<Eigen::Matrix<double, -1, 1> >, double, double, double, double, double, Decisionflags, double, bool, bool, double, size_t)[m[K’
[5.198s]   101 |   void [01;36m[KsetPatam[m[K(double car_a , double car_v,double car_s,double car_l,double dl,double dll, const Eigen::MatrixXd& globalPath,int all_distances ,
[5.198s]       |        [01;36m[K^~~~~~~~[m[K
[5.198s] [01m[K/home/mm/longshan12_2/src/local/./include/local_dp_qp.h:101:8:[m[K [01;36m[Knote: [m[K  candidate expects 23 arguments, 20 provided
[5.198s] [01m[K/home/mm/longshan12_2/src/local/src/local_node4.cpp:663:123:[m[K [01;31m[Kerror: [m[Kno matching function for call to ‘[01m[Klocal_dp_qp::setPatam(double&, Eigen::DenseCoeffsBase<Eigen::Matrix<double, -1, 1>, 1>::Scalar&, double&, double&, double&, double&, Eigen::MatrixXd&, int, int, int&, std::vector<obses_sd>&, std::vector<Eigen::Matrix<double, -1, 1> >&, double&, double&, double&, double&, double&, Decisionflags&, int, bool)[m[K’
[5.198s]   663 |                                                             start_l,end_l,delta_l,target_v,target_l,Decisionflags_,0,false[01;31m[K)[m[K;
[5.198s]       |                                                                                                                           [01;31m[K^[m[K
[5.198s] In file included from [01m[K/home/mm/longshan12_2/src/local/src/local_node4.cpp:20[m[K:
[5.198s] [01m[K/home/mm/longshan12_2/src/local/./include/local_dp_qp.h:101:8:[m[K [01;36m[Knote: [m[Kcandidate: ‘[01m[Kvoid local_dp_qp::setPatam(double, double, double, double, double, double, const MatrixXd&, int, int, int, std::vector<obses_sd>, std::vector<Eigen::Matrix<double, -1, 1> >, double, double, double, double, double, Decisionflags, double, bool, bool, double, size_t)[m[K’
[5.198s]   101 |   void [01;36m[KsetPatam[m[K(double car_a , double car_v,double car_s,double car_l,double dl,double dll, const Eigen::MatrixXd& globalPath,int all_distances ,
[5.198s]       |        [01;36m[K^~~~~~~~[m[K
[5.198s] [01m[K/home/mm/longshan12_2/src/local/./include/local_dp_qp.h:101:8:[m[K [01;36m[Knote: [m[K  candidate expects 23 arguments, 20 provided
[5.199s] [01m[K/home/mm/longshan12_2/src/local/src/local_node4.cpp:717:114:[m[K [01;31m[Kerror: [m[Kno matching function for call to ‘[01m[Klocal_dp_qp::setPatam(double&, Eigen::DenseCoeffsBase<Eigen::Matrix<double, -1, 1>, 1>::Scalar&, double&, double&, double&, double&, Eigen::MatrixXd&, double&, double&, int&, std::vector<obses_sd>&, std::vector<Eigen::Matrix<double, -1, 1> >&, double&, double&, double&, double&, double&, Decisionflags&, int, bool)[m[K’
[5.199s]   717 |                                                     start_l,end_l,delta_l,target_v,targetl,Decisionflags_,0,false[01;31m[K)[m[K;//里面进行了碰撞检测 外面无需再进行了
[5.199s]       |                                                                                                                  [01;31m[K^[m[K
[5.199s] In file included from [01m[K/home/mm/longshan12_2/src/local/src/local_node4.cpp:20[m[K:
[5.199s] [01m[K/home/mm/longshan12_2/src/local/./include/local_dp_qp.h:101:8:[m[K [01;36m[Knote: [m[Kcandidate: ‘[01m[Kvoid local_dp_qp::setPatam(double, double, double, double, double, double, const MatrixXd&, int, int, int, std::vector<obses_sd>, std::vector<Eigen::Matrix<double, -1, 1> >, double, double, double, double, double, Decisionflags, double, bool, bool, double, size_t)[m[K’
[5.199s]   101 |   void [01;36m[KsetPatam[m[K(double car_a , double car_v,double car_s,double car_l,double dl,double dll, const Eigen::MatrixXd& globalPath,int all_distances ,
[5.199s]       |        [01;36m[K^~~~~~~~[m[K
[5.199s] [01m[K/home/mm/longshan12_2/src/local/./include/local_dp_qp.h:101:8:[m[K [01;36m[Knote: [m[K  candidate expects 23 arguments, 20 provided
[5.199s] [01m[K/home/mm/longshan12_2/src/local/src/local_node4.cpp:730:110:[m[K [01;31m[Kerror: [m[Kno matching function for call to ‘[01m[Klocal_dp_qp::setPatam(double&, Eigen::DenseCoeffsBase<Eigen::Matrix<double, -1, 1>, 1>::Scalar&, double&, double&, double&, double&, Eigen::MatrixXd&, double&, double&, int&, std::vector<obses_sd>&, std::vector<Eigen::Matrix<double, -1, 1> >&, double&, double&, double&, double&, double, Decisionflags&, int, bool)[m[K’
[5.199s]   730 |                                                     start_l,end_l,delta_l,target_v,1.5,Decisionflags_,0,false[01;31m[K)[m[K;//里面进行了碰撞检测 外面无需再进行了
[5.199s]       |                                                                                                              [01;31m[K^[m[K
[5.199s] In file included from [01m[K/home/mm/longshan12_2/src/local/src/local_node4.cpp:20[m[K:
[5.199s] [01m[K/home/mm/longshan12_2/src/local/./include/local_dp_qp.h:101:8:[m[K [01;36m[Knote: [m[Kcandidate: ‘[01m[Kvoid local_dp_qp::setPatam(double, double, double, double, double, double, const MatrixXd&, int, int, int, std::vector<obses_sd>, std::vector<Eigen::Matrix<double, -1, 1> >, double, double, double, double, double, Decisionflags, double, bool, bool, double, size_t)[m[K’
[5.200s]   101 |   void [01;36m[KsetPatam[m[K(double car_a , double car_v,double car_s,double car_l,double dl,double dll, const Eigen::MatrixXd& globalPath,int all_distances ,
[5.200s]       |        [01;36m[K^~~~~~~~[m[K
[5.200s] [01m[K/home/mm/longshan12_2/src/local/./include/local_dp_qp.h:101:8:[m[K [01;36m[Knote: [m[K  candidate expects 23 arguments, 20 provided
[5.200s] [01m[K/home/mm/longshan12_2/src/local/src/local_node4.cpp:736:114:[m[K [01;31m[Kerror: [m[Kno matching function for call to ‘[01m[Klocal_dp_qp::setPatam(double&, Eigen::DenseCoeffsBase<Eigen::Matrix<double, -1, 1>, 1>::Scalar&, double&, double&, double&, double&, Eigen::MatrixXd&, int, int, int&, std::vector<obses_sd>&, std::vector<Eigen::Matrix<double, -1, 1> >&, double&, double&, double&, double&, double, Decisionflags&, int, bool)[m[K’
[5.200s]   736 |                                                         start_l,end_l,delta_l,target_v,1.5,Decisionflags_,0,false[01;31m[K)[m[K;//里面进行了碰撞检测 外面无需再进行了
[5.200s]       |                                                                                                                  [01;31m[K^[m[K
[5.200s] In file included from [01m[K/home/mm/longshan12_2/src/local/src/local_node4.cpp:20[m[K:
[5.200s] [01m[K/home/mm/longshan12_2/src/local/./include/local_dp_qp.h:101:8:[m[K [01;36m[Knote: [m[Kcandidate: ‘[01m[Kvoid local_dp_qp::setPatam(double, double, double, double, double, double, const MatrixXd&, int, int, int, std::vector<obses_sd>, std::vector<Eigen::Matrix<double, -1, 1> >, double, double, double, double, double, Decisionflags, double, bool, bool, double, size_t)[m[K’
[5.200s]   101 |   void [01;36m[KsetPatam[m[K(double car_a , double car_v,double car_s,double car_l,double dl,double dll, const Eigen::MatrixXd& globalPath,int all_distances ,
[5.200s]       |        [01;36m[K^~~~~~~~[m[K
[5.200s] [01m[K/home/mm/longshan12_2/src/local/./include/local_dp_qp.h:101:8:[m[K [01;36m[Knote: [m[K  candidate expects 23 arguments, 20 provided
[5.200s] [01m[K/home/mm/longshan12_2/src/local/src/local_node4.cpp:741:118:[m[K [01;31m[Kerror: [m[Kno matching function for call to ‘[01m[Klocal_dp_qp::setPatam(double&, Eigen::DenseCoeffsBase<Eigen::Matrix<double, -1, 1>, 1>::Scalar&, double&, double&, double&, double&, Eigen::MatrixXd&, int, int, int&, std::vector<obses_sd>&, std::vector<Eigen::Matrix<double, -1, 1> >&, double&, double&, double&, double&, double, Decisionflags&, int, bool)[m[K’
[5.200s]   741 |                                                             start_l,end_l,delta_l,target_v,1.5,Decisionflags_,0,false[01;31m[K)[m[K;//里面进行了碰撞检测 外面无需再进行了
[5.200s]       |                                                                                                                      [01;31m[K^[m[K
[5.201s] In file included from [01m[K/home/mm/longshan12_2/src/local/src/local_node4.cpp:20[m[K:
[5.201s] [01m[K/home/mm/longshan12_2/src/local/./include/local_dp_qp.h:101:8:[m[K [01;36m[Knote: [m[Kcandidate: ‘[01m[Kvoid local_dp_qp::setPatam(double, double, double, double, double, double, const MatrixXd&, int, int, int, std::vector<obses_sd>, std::vector<Eigen::Matrix<double, -1, 1> >, double, double, double, double, double, Decisionflags, double, bool, bool, double, size_t)[m[K’
[5.201s]   101 |   void [01;36m[KsetPatam[m[K(double car_a , double car_v,double car_s,double car_l,double dl,double dll, const Eigen::MatrixXd& globalPath,int all_distances ,
[5.201s]       |        [01;36m[K^~~~~~~~[m[K
[5.201s] [01m[K/home/mm/longshan12_2/src/local/./include/local_dp_qp.h:101:8:[m[K [01;36m[Knote: [m[K  candidate expects 23 arguments, 20 provided
[5.201s] [01m[K/home/mm/longshan12_2/src/local/src/local_node4.cpp:790:115:[m[K [01;31m[Kerror: [m[Kno matching function for call to ‘[01m[Klocal_dp_qp::setPatam(double&, Eigen::DenseCoeffsBase<Eigen::Matrix<double, -1, 1>, 1>::Scalar&, double&, double&, double&, double&, Eigen::MatrixXd&, double&, double&, int&, std::vector<obses_sd>&, std::vector<Eigen::Matrix<double, -1, 1> >&, double&, double&, double&, double&, double, Decisionflags&, int, bool)[m[K’
[5.201s]   790 |                                                         start_l,end_l,delta_l,target_v,-1.5,Decisionflags_,0,false[01;31m[K)[m[K;
[5.201s]       |                                                                                                                   [01;31m[K^[m[K
[5.201s] In file included from [01m[K/home/mm/longshan12_2/src/local/src/local_node4.cpp:20[m[K:
[5.201s] [01m[K/home/mm/longshan12_2/src/local/./include/local_dp_qp.h:101:8:[m[K [01;36m[Knote: [m[Kcandidate: ‘[01m[Kvoid local_dp_qp::setPatam(double, double, double, double, double, double, const MatrixXd&, int, int, int, std::vector<obses_sd>, std::vector<Eigen::Matrix<double, -1, 1> >, double, double, double, double, double, Decisionflags, double, bool, bool, double, size_t)[m[K’
[5.201s]   101 |   void [01;36m[KsetPatam[m[K(double car_a , double car_v,double car_s,double car_l,double dl,double dll, const Eigen::MatrixXd& globalPath,int all_distances ,
[5.201s]       |        [01;36m[K^~~~~~~~[m[K
[5.201s] [01m[K/home/mm/longshan12_2/src/local/./include/local_dp_qp.h:101:8:[m[K [01;36m[Knote: [m[K  candidate expects 23 arguments, 20 provided
[5.201s] [01m[K/home/mm/longshan12_2/src/local/src/local_node4.cpp:804:116:[m[K [01;31m[Kerror: [m[Kno matching function for call to ‘[01m[Klocal_dp_qp::setPatam(double&, Eigen::DenseCoeffsBase<Eigen::Matrix<double, -1, 1>, 1>::Scalar&, double&, double&, double&, double&, Eigen::MatrixXd&, double&, double&, int&, std::vector<obses_sd>&, std::vector<Eigen::Matrix<double, -1, 1> >&, double&, double&, double&, double&, double, Decisionflags&, int, bool)[m[K’
[5.202s]   804 |                                                         start_l, end_l, delta_l,target_v,1.5,Decisionflags_,0,false[01;31m[K)[m[K;
[5.202s]       |                                                                                                                    [01;31m[K^[m[K
[5.202s] In file included from [01m[K/home/mm/longshan12_2/src/local/src/local_node4.cpp:20[m[K:
[5.202s] [01m[K/home/mm/longshan12_2/src/local/./include/local_dp_qp.h:101:8:[m[K [01;36m[Knote: [m[Kcandidate: ‘[01m[Kvoid local_dp_qp::setPatam(double, double, double, double, double, double, const MatrixXd&, int, int, int, std::vector<obses_sd>, std::vector<Eigen::Matrix<double, -1, 1> >, double, double, double, double, double, Decisionflags, double, bool, bool, double, size_t)[m[K’
[5.202s]   101 |   void [01;36m[KsetPatam[m[K(double car_a , double car_v,double car_s,double car_l,double dl,double dll, const Eigen::MatrixXd& globalPath,int all_distances ,
[5.202s]       |        [01;36m[K^~~~~~~~[m[K
[5.202s] [01m[K/home/mm/longshan12_2/src/local/./include/local_dp_qp.h:101:8:[m[K [01;36m[Knote: [m[K  candidate expects 23 arguments, 20 provided
[5.202s] [01m[K/home/mm/longshan12_2/src/local/src/local_node4.cpp:825:115:[m[K [01;31m[Kerror: [m[Kno matching function for call to ‘[01m[Klocal_dp_qp::setPatam(double&, Eigen::DenseCoeffsBase<Eigen::Matrix<double, -1, 1>, 1>::Scalar&, double&, double&, double&, double&, Eigen::MatrixXd&, int&, int&, int&, std::vector<obses_sd>&, std::vector<Eigen::Matrix<double, -1, 1> >&, double&, double&, double&, double&, double, Decisionflags&, int, bool)[m[K’
[5.202s]   825 |                                                         start_l,end_l,delta_l,target_v,-1.5,Decisionflags_,0,false[01;31m[K)[m[K;
[5.202s]       |                                                                                                                   [01;31m[K^[m[K
[5.202s] In file included from [01m[K/home/mm/longshan12_2/src/local/src/local_node4.cpp:20[m[K:
[5.202s] [01m[K/home/mm/longshan12_2/src/local/./include/local_dp_qp.h:101:8:[m[K [01;36m[Knote: [m[Kcandidate: ‘[01m[Kvoid local_dp_qp::setPatam(double, double, double, double, double, double, const MatrixXd&, int, int, int, std::vector<obses_sd>, std::vector<Eigen::Matrix<double, -1, 1> >, double, double, double, double, double, Decisionflags, double, bool, bool, double, size_t)[m[K’
[5.202s]   101 |   void [01;36m[KsetPatam[m[K(double car_a , double car_v,double car_s,double car_l,double dl,double dll, const Eigen::MatrixXd& globalPath,int all_distances ,
[5.202s]       |        [01;36m[K^~~~~~~~[m[K
[5.202s] [01m[K/home/mm/longshan12_2/src/local/./include/local_dp_qp.h:101:8:[m[K [01;36m[Knote: [m[K  candidate expects 23 arguments, 20 provided
[5.203s] [01m[K/home/mm/longshan12_2/src/local/src/local_node4.cpp:887:119:[m[K [01;31m[Kerror: [m[Kno matching function for call to ‘[01m[Klocal_dp_qp::setPatam(double&, Eigen::DenseCoeffsBase<Eigen::Matrix<double, -1, 1>, 1>::Scalar&, double&, double&, double&, double&, Eigen::MatrixXd&, double&, double&, int&, std::vector<obses_sd>&, std::vector<Eigen::Matrix<double, -1, 1> >&, double&, double&, double&, double&, int, Decisionflags&, double&, bool)[m[K’
[5.203s]   887 |                                                         start_l,end_l,delta_l,target_v,-1,Decisionflags_,obsmins,false[01;31m[K)[m[K;
[5.203s]       |                                                                                                                       [01;31m[K^[m[K
[5.203s] In file included from [01m[K/home/mm/longshan12_2/src/local/src/local_node4.cpp:20[m[K:
[5.203s] [01m[K/home/mm/longshan12_2/src/local/./include/local_dp_qp.h:101:8:[m[K [01;36m[Knote: [m[Kcandidate: ‘[01m[Kvoid local_dp_qp::setPatam(double, double, double, double, double, double, const MatrixXd&, int, int, int, std::vector<obses_sd>, std::vector<Eigen::Matrix<double, -1, 1> >, double, double, double, double, double, Decisionflags, double, bool, bool, double, size_t)[m[K’
[5.203s]   101 |   void [01;36m[KsetPatam[m[K(double car_a , double car_v,double car_s,double car_l,double dl,double dll, const Eigen::MatrixXd& globalPath,int all_distances ,
[5.203s]       |        [01;36m[K^~~~~~~~[m[K
[5.203s] [01m[K/home/mm/longshan12_2/src/local/./include/local_dp_qp.h:101:8:[m[K [01;36m[Knote: [m[K  candidate expects 23 arguments, 20 provided
[5.203s] [01m[K/home/mm/longshan12_2/src/local/src/local_node4.cpp:901:118:[m[K [01;31m[Kerror: [m[Kno matching function for call to ‘[01m[Klocal_dp_qp::setPatam(double&, Eigen::DenseCoeffsBase<Eigen::Matrix<double, -1, 1>, 1>::Scalar&, double&, double&, double&, double&, Eigen::MatrixXd&, double&, double&, int&, std::vector<obses_sd>&, std::vector<Eigen::Matrix<double, -1, 1> >&, double&, double&, double&, double&, double, Decisionflags&, int, bool)[m[K’
[5.203s]   901 |                                                             start_l,end_l,delta_l,target_v,1.5,Decisionflags_,0,false[01;31m[K)[m[K;
[5.203s]       |                                                                                                                      [01;31m[K^[m[K
[5.203s] In file included from [01m[K/home/mm/longshan12_2/src/local/src/local_node4.cpp:20[m[K:
[5.203s] [01m[K/home/mm/longshan12_2/src/local/./include/local_dp_qp.h:101:8:[m[K [01;36m[Knote: [m[Kcandidate: ‘[01m[Kvoid local_dp_qp::setPatam(double, double, double, double, double, double, const MatrixXd&, int, int, int, std::vector<obses_sd>, std::vector<Eigen::Matrix<double, -1, 1> >, double, double, double, double, double, Decisionflags, double, bool, bool, double, size_t)[m[K’
[5.204s]   101 |   void [01;36m[KsetPatam[m[K(double car_a , double car_v,double car_s,double car_l,double dl,double dll, const Eigen::MatrixXd& globalPath,int all_distances ,
[5.204s]       |        [01;36m[K^~~~~~~~[m[K
[5.204s] [01m[K/home/mm/longshan12_2/src/local/./include/local_dp_qp.h:101:8:[m[K [01;36m[Knote: [m[K  candidate expects 23 arguments, 20 provided
[5.204s] [01m[K/home/mm/longshan12_2/src/local/src/local_node4.cpp:920:119:[m[K [01;31m[Kerror: [m[Kno matching function for call to ‘[01m[Klocal_dp_qp::setPatam(double&, Eigen::DenseCoeffsBase<Eigen::Matrix<double, -1, 1>, 1>::Scalar&, double&, double&, double&, double&, Eigen::MatrixXd&, int&, int&, int&, std::vector<obses_sd>&, std::vector<Eigen::Matrix<double, -1, 1> >&, double&, double&, double&, double&, double, Decisionflags&, int, bool)[m[K’
[5.204s]   920 |                                                             start_l,end_l,delta_l,target_v,-1.5,Decisionflags_,0,false[01;31m[K)[m[K;
[5.204s]       |                                                                                                                       [01;31m[K^[m[K
[5.204s] In file included from [01m[K/home/mm/longshan12_2/src/local/src/local_node4.cpp:20[m[K:
[5.204s] [01m[K/home/mm/longshan12_2/src/local/./include/local_dp_qp.h:101:8:[m[K [01;36m[Knote: [m[Kcandidate: ‘[01m[Kvoid local_dp_qp::setPatam(double, double, double, double, double, double, const MatrixXd&, int, int, int, std::vector<obses_sd>, std::vector<Eigen::Matrix<double, -1, 1> >, double, double, double, double, double, Decisionflags, double, bool, bool, double, size_t)[m[K’
[5.204s]   101 |   void [01;36m[KsetPatam[m[K(double car_a , double car_v,double car_s,double car_l,double dl,double dll, const Eigen::MatrixXd& globalPath,int all_distances ,
[5.204s]       |        [01;36m[K^~~~~~~~[m[K
[5.204s] [01m[K/home/mm/longshan12_2/src/local/./include/local_dp_qp.h:101:8:[m[K [01;36m[Knote: [m[K  candidate expects 23 arguments, 20 provided
[5.204s] [01m[K/home/mm/longshan12_2/src/local/src/local_node4.cpp:1007:131:[m[K [01;31m[Kerror: [m[Kno matching function for call to ‘[01m[Klocal_dp_qp::setPatam(double&, Eigen::DenseCoeffsBase<Eigen::Matrix<double, -1, 1>, 1>::Scalar&, double&, double&, double&, double&, Eigen::MatrixXd&, double&, double&, int&, std::vector<obses_sd>&, std::vector<Eigen::Matrix<double, -1, 1> >&, double&, double&, double&, double&, double, Decisionflags&, int, bool)[m[K’
[5.204s]  1007 |                                 GlobalcoordinatesystemObsesLimitinlocal,start_l,end_l,delta_l,target_v,-1.5,Decisionflags_,0,false[01;31m[K)[m[K;
[5.204s]       |                                                                                                                                   [01;31m[K^[m[K
[5.205s] In file included from [01m[K/home/mm/longshan12_2/src/local/src/local_node4.cpp:20[m[K:
[5.205s] [01m[K/home/mm/longshan12_2/src/local/./include/local_dp_qp.h:101:8:[m[K [01;36m[Knote: [m[Kcandidate: ‘[01m[Kvoid local_dp_qp::setPatam(double, double, double, double, double, double, const MatrixXd&, int, int, int, std::vector<obses_sd>, std::vector<Eigen::Matrix<double, -1, 1> >, double, double, double, double, double, Decisionflags, double, bool, bool, double, size_t)[m[K’
[5.205s]   101 |   void [01;36m[KsetPatam[m[K(double car_a , double car_v,double car_s,double car_l,double dl,double dll, const Eigen::MatrixXd& globalPath,int all_distances ,
[5.205s]       |        [01;36m[K^~~~~~~~[m[K
[5.205s] [01m[K/home/mm/longshan12_2/src/local/./include/local_dp_qp.h:101:8:[m[K [01;36m[Knote: [m[K  candidate expects 23 arguments, 20 provided
[5.205s] [01m[K/home/mm/longshan12_2/src/local/src/local_node4.cpp:1014:131:[m[K [01;31m[Kerror: [m[Kno matching function for call to ‘[01m[Klocal_dp_qp::setPatam(double&, Eigen::DenseCoeffsBase<Eigen::Matrix<double, -1, 1>, 1>::Scalar&, double&, double&, double&, double&, Eigen::MatrixXd&, int&, int&, int&, std::vector<obses_sd>&, std::vector<Eigen::Matrix<double, -1, 1> >&, double&, double&, double&, double&, double, Decisionflags&, int, bool)[m[K’
[5.205s]  1014 |                                 GlobalcoordinatesystemObsesLimitinlocal,start_l,end_l,delta_l,target_v,-1.5,Decisionflags_,0,false[01;31m[K)[m[K;
[5.205s]       |                                                                                                                                   [01;31m[K^[m[K
[5.205s] In file included from [01m[K/home/mm/longshan12_2/src/local/src/local_node4.cpp:20[m[K:
[5.205s] [01m[K/home/mm/longshan12_2/src/local/./include/local_dp_qp.h:101:8:[m[K [01;36m[Knote: [m[Kcandidate: ‘[01m[Kvoid local_dp_qp::setPatam(double, double, double, double, double, double, const MatrixXd&, int, int, int, std::vector<obses_sd>, std::vector<Eigen::Matrix<double, -1, 1> >, double, double, double, double, double, Decisionflags, double, bool, bool, double, size_t)[m[K’
[5.205s]   101 |   void [01;36m[KsetPatam[m[K(double car_a , double car_v,double car_s,double car_l,double dl,double dll, const Eigen::MatrixXd& globalPath,int all_distances ,
[5.205s]       |        [01;36m[K^~~~~~~~[m[K
[5.205s] [01m[K/home/mm/longshan12_2/src/local/./include/local_dp_qp.h:101:8:[m[K [01;36m[Knote: [m[K  candidate expects 23 arguments, 20 provided
[5.206s] [01m[K/home/mm/longshan12_2/src/local/src/local_node4.cpp:1019:131:[m[K [01;31m[Kerror: [m[Kno matching function for call to ‘[01m[Klocal_dp_qp::setPatam(double&, Eigen::DenseCoeffsBase<Eigen::Matrix<double, -1, 1>, 1>::Scalar&, double&, double&, double&, double&, Eigen::MatrixXd&, int&, int&, int&, std::vector<obses_sd>&, std::vector<Eigen::Matrix<double, -1, 1> >&, double&, double&, double&, double&, double, Decisionflags&, int, bool)[m[K’
[5.206s]  1019 |                                 GlobalcoordinatesystemObsesLimitinlocal,start_l,end_l,delta_l,target_v,-1.5,Decisionflags_,0,false[01;31m[K)[m[K;
[5.206s]       |                                                                                                                                   [01;31m[K^[m[K
[5.206s] In file included from [01m[K/home/mm/longshan12_2/src/local/src/local_node4.cpp:20[m[K:
[5.206s] [01m[K/home/mm/longshan12_2/src/local/./include/local_dp_qp.h:101:8:[m[K [01;36m[Knote: [m[Kcandidate: ‘[01m[Kvoid local_dp_qp::setPatam(double, double, double, double, double, double, const MatrixXd&, int, int, int, std::vector<obses_sd>, std::vector<Eigen::Matrix<double, -1, 1> >, double, double, double, double, double, Decisionflags, double, bool, bool, double, size_t)[m[K’
[5.206s]   101 |   void [01;36m[KsetPatam[m[K(double car_a , double car_v,double car_s,double car_l,double dl,double dll, const Eigen::MatrixXd& globalPath,int all_distances ,
[5.207s]       |        [01;36m[K^~~~~~~~[m[K
[5.207s] [01m[K/home/mm/longshan12_2/src/local/./include/local_dp_qp.h:101:8:[m[K [01;36m[Knote: [m[K  candidate expects 23 arguments, 20 provided
[8.692s] In file included from [01m[K/home/mm/longshan12_2/src/local/./include/localFuns.h:5[m[K,
[8.692s]                  from [01m[K/home/mm/longshan12_2/src/local/src/local_node4.cpp:17[m[K:
[8.692s] [01m[K/home/mm/longshan12_2/src/local/./include/toolKits.h:[m[K At global scope:
[8.692s] [01m[K/home/mm/longshan12_2/src/local/./include/toolKits.h:64:19:[m[K [01;35m[Kwarning: [m[Kinline function ‘[01m[Kdouble tool::d2r(double)[m[K’ used but never defined
[8.692s]    64 |     inline double [01;35m[Kd2r[m[K(double theta);
[8.692s]       |                   [01;35m[K^~~[m[K
[9.252s] make[2]: *** [CMakeFiles/local_node4.dir/build.make:167：CMakeFiles/local_node4.dir/src/local_node4.cpp.o] 错误 1
[9.252s] make[1]: *** [CMakeFiles/Makefile2:78：CMakeFiles/local_node4.dir/all] 错误 2
[9.253s] make: *** [Makefile:141：all] 错误 2
[9.258s] Invoked command in '/home/mm/longshan12_2/build/local' returned '2': AMENT_PREFIX_PATH=/home/mm/longshan12_2/install/ros2_path_interfaces:${AMENT_PREFIX_PATH} CMAKE_PREFIX_PATH=/home/mm/longshan12_2/install/ros2_path_interfaces:/opt/ros/foxy LD_LIBRARY_PATH=/home/mm/longshan12_2/install/ros2_path_interfaces/lib:/usr/local/lib/libosqp.so:/usr/lib/x86_64-linux-gnu/gazebo-11/plugins:/opt/ros/foxy/opt/yaml_cpp_vendor/lib:/opt/ros/foxy/opt/rviz_ogre_vendor/lib:/opt/ros/foxy/lib/x86_64-linux-gnu:/opt/ros/foxy/lib:/usr/local/lib/libosqp.so PYTHONPATH=/home/mm/longshan12_2/install/ros2_path_interfaces/lib/python3.8/site-packages:${PYTHONPATH} /usr/bin/cmake --build /home/mm/longshan12_2/build/local -- -j4 -l4
