[0.121s] Invoking command in '/home/mm/longshan11_6/build/myrviz': CMAKE_PREFIX_PATH=/opt/ros/foxy /usr/bin/cmake --build /home/mm/longshan11_6/build/myrviz -- -j4 -l4
[1.122s] [ 50%] [32mBuilding CXX object CMakeFiles/points_and_lines_publisher.dir/src/pubrviz.cpp.o[0m
[26.681s] [01m[K/home/mm/longshan11_6/src/myrviz/src/pubrviz.cpp:[m[K In member function ‘[01m[Kvoid PointsAndLinesPublisher::publocal(std_msgs::msg::Float64MultiArray_<std::allocator<void> >::SharedPtr)[m[K’:
[26.681s] [01m[K/home/mm/longshan11_6/src/myrviz/src/pubrviz.cpp:272:20:[m[K [01;35m[Kwarning: [m[Kunused variable ‘[01m[Klocalid[m[K’ [[01;35m[K-Wunused-variable[m[K]
[26.681s]   272 |         static int [01;35m[Klocalid[m[K =0;
[26.681s]       |                    [01;35m[K^~~~~~~[m[K
[68.798s] [100%] [32m[1mLinking CXX executable points_and_lines_publisher[0m
[71.077s] [100%] Built target points_and_lines_publisher
[71.211s] Invoked command in '/home/mm/longshan11_6/build/myrviz' returned '0': CMAKE_PREFIX_PATH=/opt/ros/foxy /usr/bin/cmake --build /home/mm/longshan11_6/build/myrviz -- -j4 -l4
[71.264s] Invoking command in '/home/mm/longshan11_6/build/myrviz': CMAKE_PREFIX_PATH=/opt/ros/foxy /usr/bin/cmake --install /home/mm/longshan11_6/build/myrviz
[71.281s] -- Install configuration: ""
[71.282s] -- Installing: /home/mm/longshan11_6/install/myrviz/lib/myrviz/points_and_lines_publisher
[71.290s] -- Set runtime path of "/home/mm/longshan11_6/install/myrviz/lib/myrviz/points_and_lines_publisher" to ""
[71.294s] -- Installing: /home/mm/longshan11_6/install/myrviz/share/ament_index/resource_index/package_run_dependencies/myrviz
[71.295s] -- Installing: /home/mm/longshan11_6/install/myrviz/share/ament_index/resource_index/parent_prefix_path/myrviz
[71.295s] -- Installing: /home/mm/longshan11_6/install/myrviz/share/myrviz/environment/ament_prefix_path.sh
[71.296s] -- Installing: /home/mm/longshan11_6/install/myrviz/share/myrviz/environment/ament_prefix_path.dsv
[71.297s] -- Installing: /home/mm/longshan11_6/install/myrviz/share/myrviz/environment/path.sh
[71.298s] -- Installing: /home/mm/longshan11_6/install/myrviz/share/myrviz/environment/path.dsv
[71.299s] -- Installing: /home/mm/longshan11_6/install/myrviz/share/myrviz/local_setup.bash
[71.301s] -- Installing: /home/mm/longshan11_6/install/myrviz/share/myrviz/local_setup.sh
[71.301s] -- Installing: /home/mm/longshan11_6/install/myrviz/share/myrviz/local_setup.zsh
[71.301s] -- Installing: /home/mm/longshan11_6/install/myrviz/share/myrviz/local_setup.dsv
[71.304s] -- Installing: /home/mm/longshan11_6/install/myrviz/share/myrviz/package.dsv
[71.306s] -- Installing: /home/mm/longshan11_6/install/myrviz/share/ament_index/resource_index/packages/myrviz
[71.306s] -- Installing: /home/mm/longshan11_6/install/myrviz/share/myrviz/cmake/myrvizConfig.cmake
[71.308s] -- Installing: /home/mm/longshan11_6/install/myrviz/share/myrviz/cmake/myrvizConfig-version.cmake
[71.308s] -- Installing: /home/mm/longshan11_6/install/myrviz/share/myrviz/package.xml
[71.311s] Invoked command in '/home/mm/longshan11_6/build/myrviz' returned '0': CMAKE_PREFIX_PATH=/opt/ros/foxy /usr/bin/cmake --install /home/mm/longshan11_6/build/myrviz
