[0.052s] Invoking command in '/home/mm/longshan11_6/build/hmi': CMAKE_PREFIX_PATH=/opt/ros/foxy /usr/bin/cmake --build /home/mm/longshan11_6/build/hmi -- -j4 -l4
[0.559s] [100%] Built target hmi
[0.604s] Invoked command in '/home/mm/longshan11_6/build/hmi' returned '0': CMAKE_PREFIX_PATH=/opt/ros/foxy /usr/bin/cmake --build /home/mm/longshan11_6/build/hmi -- -j4 -l4
[0.859s] Invoking command in '/home/mm/longshan11_6/build/hmi': CMAKE_PREFIX_PATH=/opt/ros/foxy /usr/bin/cmake --install /home/mm/longshan11_6/build/hmi
[0.881s] -- Install configuration: ""
[0.883s] -- Up-to-date: /home/mm/longshan11_6/install/hmi/lib/hmi/hmi
[0.883s] -- Up-to-date: /home/mm/longshan11_6/install/hmi/share/hmi/launch
[0.884s] -- Up-to-date: /home/mm/longshan11_6/install/hmi/share/hmi/launch/hmi.launch.py
[0.885s] -- Up-to-date: /home/mm/longshan11_6/install/hmi/share/ament_index/resource_index/package_run_dependencies/hmi
[0.886s] -- Up-to-date: /home/mm/longshan11_6/install/hmi/share/ament_index/resource_index/parent_prefix_path/hmi
[0.887s] -- Up-to-date: /home/mm/longshan11_6/install/hmi/share/hmi/environment/ament_prefix_path.sh
[0.887s] -- Up-to-date: /home/mm/longshan11_6/install/hmi/share/hmi/environment/ament_prefix_path.dsv
[0.887s] -- Up-to-date: /home/mm/longshan11_6/install/hmi/share/hmi/environment/path.sh
[0.887s] -- Up-to-date: /home/mm/longshan11_6/install/hmi/share/hmi/environment/path.dsv
[0.889s] -- Up-to-date: /home/mm/longshan11_6/install/hmi/share/hmi/local_setup.bash
[0.889s] -- Up-to-date: /home/mm/longshan11_6/install/hmi/share/hmi/local_setup.sh
[0.889s] -- Up-to-date: /home/mm/longshan11_6/install/hmi/share/hmi/local_setup.zsh
[0.889s] -- Up-to-date: /home/mm/longshan11_6/install/hmi/share/hmi/local_setup.dsv
[0.889s] -- Installing: /home/mm/longshan11_6/install/hmi/share/hmi/package.dsv
[0.891s] -- Up-to-date: /home/mm/longshan11_6/install/hmi/share/ament_index/resource_index/packages/hmi
[0.891s] -- Up-to-date: /home/mm/longshan11_6/install/hmi/share/hmi/cmake/hmiConfig.cmake
[0.891s] -- Up-to-date: /home/mm/longshan11_6/install/hmi/share/hmi/cmake/hmiConfig-version.cmake
[0.891s] -- Up-to-date: /home/mm/longshan11_6/install/hmi/share/hmi/package.xml
[0.893s] Invoked command in '/home/mm/longshan11_6/build/hmi' returned '0': CMAKE_PREFIX_PATH=/opt/ros/foxy /usr/bin/cmake --install /home/mm/longshan11_6/build/hmi
