running egg_info
creating ../../build/draw_messages/draw_messages.egg-info
writing ../../build/draw_messages/draw_messages.egg-info/PKG-INFO
writing dependency_links to ../../build/draw_messages/draw_messages.egg-info/dependency_links.txt
writing entry points to ../../build/draw_messages/draw_messages.egg-info/entry_points.txt
writing requirements to ../../build/draw_messages/draw_messages.egg-info/requires.txt
writing top-level names to ../../build/draw_messages/draw_messages.egg-info/top_level.txt
writing manifest file '../../build/draw_messages/draw_messages.egg-info/SOURCES.txt'
reading manifest file '../../build/draw_messages/draw_messages.egg-info/SOURCES.txt'
writing manifest file '../../build/draw_messages/draw_messages.egg-info/SOURCES.txt'
running build
running build_py
creating /home/mm/longshan11_6/build/draw_messages/build
creating /home/mm/longshan11_6/build/draw_messages/build/lib
creating /home/mm/longshan11_6/build/draw_messages/build/lib/draw_messages
copying draw_messages/mymessages.py -> /home/mm/longshan11_6/build/draw_messages/build/lib/draw_messages
copying draw_messages/__init__.py -> /home/mm/longshan11_6/build/draw_messages/build/lib/draw_messages
running install
running install_lib
creating /home/mm/longshan11_6/install/draw_messages/lib/python3.8/site-packages/draw_messages
copying /home/mm/longshan11_6/build/draw_messages/build/lib/draw_messages/mymessages.py -> /home/mm/longshan11_6/install/draw_messages/lib/python3.8/site-packages/draw_messages
copying /home/mm/longshan11_6/build/draw_messages/build/lib/draw_messages/__init__.py -> /home/mm/longshan11_6/install/draw_messages/lib/python3.8/site-packages/draw_messages
byte-compiling /home/mm/longshan11_6/install/draw_messages/lib/python3.8/site-packages/draw_messages/mymessages.py to mymessages.cpython-38.pyc
byte-compiling /home/mm/longshan11_6/install/draw_messages/lib/python3.8/site-packages/draw_messages/__init__.py to __init__.cpython-38.pyc
running install_data
creating /home/mm/longshan11_6/install/draw_messages/share/ament_index
creating /home/mm/longshan11_6/install/draw_messages/share/ament_index/resource_index
creating /home/mm/longshan11_6/install/draw_messages/share/ament_index/resource_index/packages
copying resource/draw_messages -> /home/mm/longshan11_6/install/draw_messages/share/ament_index/resource_index/packages
copying package.xml -> /home/mm/longshan11_6/install/draw_messages/share/draw_messages
running install_egg_info
Copying ../../build/draw_messages/draw_messages.egg-info to /home/mm/longshan11_6/install/draw_messages/lib/python3.8/site-packages/draw_messages-0.0.0-py3.8.egg-info
running install_scripts
Installing real_time_plot script to /home/mm/longshan11_6/install/draw_messages/lib/draw_messages
writing list of installed files to '/home/mm/longshan11_6/build/draw_messages/install.log'
