[3.410s] DEBUG:colcon:Command line arguments: ['/usr/bin/colcon', 'build']
[3.410s] DEBUG:colcon:Parsed command line arguments: Namespace(allow_overriding=[], ament_cmake_args=None, base_paths=['.'], build_base='build', catkin_cmake_args=None, catkin_skip_building_tests=False, cmake_args=None, cmake_clean_cache=False, cmake_clean_first=False, cmake_force_configure=False, cmake_target=None, cmake_target_skip_unavailable=False, continue_on_error=False, event_handlers=None, executor='parallel', ignore_user_meta=False, install_base='install', log_base=None, log_level=None, main=<bound method BuildVerb.main of <colcon_core.verb.build.BuildVerb object at 0xffff84fb5e50>>, merge_install=False, metas=['./colcon.meta'], packages_above=None, packages_above_and_dependencies=None, packages_above_depth=None, packages_end=None, packages_ignore=None, packages_ignore_regex=None, packages_select=None, packages_select_build_failed=False, packages_select_by_dep=None, packages_select_regex=None, packages_select_test_failures=False, packages_skip=None, packages_skip_build_finished=False, packages_skip_by_dep=None, packages_skip_regex=None, packages_skip_test_passed=False, packages_skip_up_to=None, packages_start=None, packages_up_to=None, packages_up_to_regex=None, parallel_workers=8, paths=None, symlink_install=False, test_result_base=None, verb_extension=<colcon_core.verb.build.BuildVerb object at 0xffff84fb5e50>, verb_name='build', verb_parser=<colcon_alias.argument_parser.alias.AliasArgumentDecorator object at 0xffff84b51790>)
[3.572s] Level 1:colcon.colcon_core.package_discovery:discover_packages(colcon_meta) check parameters
[3.572s] Level 1:colcon.colcon_core.package_discovery:discover_packages(recursive) check parameters
[3.572s] Level 1:colcon.colcon_core.package_discovery:discover_packages(ignore) check parameters
[3.572s] Level 1:colcon.colcon_core.package_discovery:discover_packages(path) check parameters
[3.572s] Level 1:colcon.colcon_core.package_discovery:discover_packages(colcon_meta) discover
[3.572s] Level 1:colcon.colcon_core.package_discovery:discover_packages(recursive) discover
[3.573s] INFO:colcon.colcon_core.package_discovery:Crawling recursively for packages in '/home/nvidia/weiLiu/auto_v10.1.1/src/control'
[3.573s] Level 1:colcon.colcon_core.package_identification:_identify(.) by extensions ['ignore', 'ignore_ament_install']
[3.573s] Level 1:colcon.colcon_core.package_identification:_identify(.) by extension 'ignore'
[3.573s] Level 1:colcon.colcon_core.package_identification:_identify(.) by extension 'ignore_ament_install'
[3.573s] Level 1:colcon.colcon_core.package_identification:_identify(.) by extensions ['colcon_pkg']
[3.573s] Level 1:colcon.colcon_core.package_identification:_identify(.) by extension 'colcon_pkg'
[3.573s] Level 1:colcon.colcon_core.package_identification:_identify(.) by extensions ['colcon_meta']
[3.573s] Level 1:colcon.colcon_core.package_identification:_identify(.) by extension 'colcon_meta'
[3.573s] Level 1:colcon.colcon_core.package_identification:_identify(.) by extensions ['ros']
[3.573s] Level 1:colcon.colcon_core.package_identification:_identify(.) by extension 'ros'
[3.601s] DEBUG:colcon.colcon_core.package_identification:Package '.' with type 'ros.ament_cmake' and name 'control'
[3.602s] Level 1:colcon.colcon_core.package_discovery:discover_packages(recursive) using defaults
[3.602s] Level 1:colcon.colcon_core.package_discovery:discover_packages(ignore) discover
[3.602s] Level 1:colcon.colcon_core.package_discovery:discover_packages(ignore) using defaults
[3.602s] Level 1:colcon.colcon_core.package_discovery:discover_packages(path) discover
[3.602s] Level 1:colcon.colcon_core.package_discovery:discover_packages(path) using defaults
[3.719s] Level 1:colcon.colcon_core.package_discovery:discover_packages(prefix_path) check parameters
[3.719s] Level 1:colcon.colcon_core.package_discovery:discover_packages(prefix_path) discover
[3.757s] DEBUG:colcon.colcon_installed_package_information.package_discovery:Found 256 installed packages in /opt/ros/foxy
[3.759s] Level 1:colcon.colcon_core.package_discovery:discover_packages(prefix_path) using defaults
[3.861s] Level 5:colcon.colcon_core.verb:set package 'control' build argument 'cmake_args' from command line to 'None'
[3.861s] Level 5:colcon.colcon_core.verb:set package 'control' build argument 'cmake_target' from command line to 'None'
[3.861s] Level 5:colcon.colcon_core.verb:set package 'control' build argument 'cmake_target_skip_unavailable' from command line to 'False'
[3.861s] Level 5:colcon.colcon_core.verb:set package 'control' build argument 'cmake_clean_cache' from command line to 'False'
[3.861s] Level 5:colcon.colcon_core.verb:set package 'control' build argument 'cmake_clean_first' from command line to 'False'
[3.861s] Level 5:colcon.colcon_core.verb:set package 'control' build argument 'cmake_force_configure' from command line to 'False'
[3.861s] Level 5:colcon.colcon_core.verb:set package 'control' build argument 'ament_cmake_args' from command line to 'None'
[3.862s] Level 5:colcon.colcon_core.verb:set package 'control' build argument 'catkin_cmake_args' from command line to 'None'
[3.862s] Level 5:colcon.colcon_core.verb:set package 'control' build argument 'catkin_skip_building_tests' from command line to 'False'
[3.862s] DEBUG:colcon.colcon_core.verb:Building package 'control' with the following arguments: {'ament_cmake_args': None, 'build_base': '/home/nvidia/weiLiu/auto_v10.1.1/src/control/build/control', 'catkin_cmake_args': None, 'catkin_skip_building_tests': False, 'cmake_args': None, 'cmake_clean_cache': False, 'cmake_clean_first': False, 'cmake_force_configure': False, 'cmake_target': None, 'cmake_target_skip_unavailable': False, 'install_base': '/home/nvidia/weiLiu/auto_v10.1.1/src/control/install/control', 'merge_install': False, 'path': '/home/nvidia/weiLiu/auto_v10.1.1/src/control', 'symlink_install': False, 'test_result_base': None}
[3.878s] INFO:colcon.colcon_core.executor:Executing jobs using 'parallel' executor
[3.896s] DEBUG:colcon.colcon_parallel_executor.executor.parallel:run_until_complete
[3.897s] INFO:colcon.colcon_ros.task.ament_cmake.build:Building ROS package in '/home/nvidia/weiLiu/auto_v10.1.1/src/control' with build type 'ament_cmake'
[3.897s] INFO:colcon.colcon_cmake.task.cmake.build:Building CMake package in '/home/nvidia/weiLiu/auto_v10.1.1/src/control'
[3.918s] INFO:colcon.colcon_core.plugin_system:Skipping extension 'colcon_core.shell.bat': Not used on non-Windows systems
[3.918s] INFO:colcon.colcon_core.shell:Skip shell extension 'powershell' for command environment: Not usable outside of PowerShell
[3.918s] DEBUG:colcon.colcon_core.shell:Skip shell extension 'dsv' for command environment
[3.968s] DEBUG:colcon.colcon_core.event_handler.log_command:Invoking command in '/home/nvidia/weiLiu/auto_v10.1.1/src/control/build/control': CMAKE_PREFIX_PATH=/opt/ros/foxy /usr/bin/cmake /home/nvidia/weiLiu/auto_v10.1.1/src/control -DCMAKE_INSTALL_PREFIX=/home/nvidia/weiLiu/auto_v10.1.1/src/control/install/control
[6.451s] DEBUG:colcon.colcon_core.event_handler.log_command:Invoked command in '/home/nvidia/weiLiu/auto_v10.1.1/src/control/build/control' returned '0': CMAKE_PREFIX_PATH=/opt/ros/foxy /usr/bin/cmake /home/nvidia/weiLiu/auto_v10.1.1/src/control -DCMAKE_INSTALL_PREFIX=/home/nvidia/weiLiu/auto_v10.1.1/src/control/install/control
[6.457s] DEBUG:colcon.colcon_core.event_handler.log_command:Invoking command in '/home/nvidia/weiLiu/auto_v10.1.1/src/control/build/control': CMAKE_PREFIX_PATH=/opt/ros/foxy /usr/bin/cmake --build /home/nvidia/weiLiu/auto_v10.1.1/src/control/build/control -- -j8 -l8
[29.706s] DEBUG:colcon.colcon_core.event_handler.log_command:Invoked command in '/home/nvidia/weiLiu/auto_v10.1.1/src/control/build/control' returned '0': CMAKE_PREFIX_PATH=/opt/ros/foxy /usr/bin/cmake --build /home/nvidia/weiLiu/auto_v10.1.1/src/control/build/control -- -j8 -l8
[29.785s] DEBUG:colcon.colcon_core.event_handler.log_command:Invoking command in '/home/nvidia/weiLiu/auto_v10.1.1/src/control/build/control': CMAKE_PREFIX_PATH=/opt/ros/foxy /usr/bin/cmake --install /home/nvidia/weiLiu/auto_v10.1.1/src/control/build/control
[29.827s] Level 1:colcon.colcon_core.environment:create_environment_scripts_only(control)
[29.828s] DEBUG:colcon.colcon_core.event_handler.log_command:Invoked command in '/home/nvidia/weiLiu/auto_v10.1.1/src/control/build/control' returned '0': CMAKE_PREFIX_PATH=/opt/ros/foxy /usr/bin/cmake --install /home/nvidia/weiLiu/auto_v10.1.1/src/control/build/control
[29.853s] Level 1:colcon.colcon_core.environment:checking '/home/nvidia/weiLiu/auto_v10.1.1/src/control/install/control' for CMake module files
[29.853s] Level 1:colcon.colcon_core.environment:checking '/home/nvidia/weiLiu/auto_v10.1.1/src/control/install/control' for CMake config files
[29.854s] Level 1:colcon.colcon_core.shell:create_environment_hook('control', 'cmake_prefix_path')
[29.871s] INFO:colcon.colcon_core.shell:Creating environment hook '/home/nvidia/weiLiu/auto_v10.1.1/src/control/install/control/share/control/hook/cmake_prefix_path.ps1'
[29.873s] INFO:colcon.colcon_core.shell:Creating environment descriptor '/home/nvidia/weiLiu/auto_v10.1.1/src/control/install/control/share/control/hook/cmake_prefix_path.dsv'
[29.873s] INFO:colcon.colcon_core.shell:Creating environment hook '/home/nvidia/weiLiu/auto_v10.1.1/src/control/install/control/share/control/hook/cmake_prefix_path.sh'
[29.875s] Level 1:colcon.colcon_core.environment:checking '/home/nvidia/weiLiu/auto_v10.1.1/src/control/install/control/lib'
[29.875s] Level 1:colcon.colcon_core.environment:checking '/home/nvidia/weiLiu/auto_v10.1.1/src/control/install/control/bin'
[29.875s] Level 1:colcon.colcon_core.environment:checking '/home/nvidia/weiLiu/auto_v10.1.1/src/control/install/control/lib/pkgconfig/control.pc'
[29.876s] Level 1:colcon.colcon_core.environment:checking '/home/nvidia/weiLiu/auto_v10.1.1/src/control/install/control/lib/python3.8/site-packages'
[29.876s] Level 1:colcon.colcon_core.environment:checking '/home/nvidia/weiLiu/auto_v10.1.1/src/control/install/control/bin'
[29.894s] INFO:colcon.colcon_core.shell:Creating package script '/home/nvidia/weiLiu/auto_v10.1.1/src/control/install/control/share/control/package.ps1'
[29.896s] INFO:colcon.colcon_core.shell:Creating package descriptor '/home/nvidia/weiLiu/auto_v10.1.1/src/control/install/control/share/control/package.dsv'
[29.896s] INFO:colcon.colcon_core.shell:Creating package script '/home/nvidia/weiLiu/auto_v10.1.1/src/control/install/control/share/control/package.sh'
[29.899s] INFO:colcon.colcon_core.shell:Creating package script '/home/nvidia/weiLiu/auto_v10.1.1/src/control/install/control/share/control/package.bash'
[29.903s] INFO:colcon.colcon_core.shell:Creating package script '/home/nvidia/weiLiu/auto_v10.1.1/src/control/install/control/share/control/package.zsh'
[29.905s] Level 1:colcon.colcon_core.environment:create_file_with_runtime_dependencies(/home/nvidia/weiLiu/auto_v10.1.1/src/control/install/control/share/colcon-core/packages/control)
[29.978s] Level 1:colcon.colcon_core.environment:create_environment_scripts_only(control)
[29.997s] Level 1:colcon.colcon_core.environment:checking '/home/nvidia/weiLiu/auto_v10.1.1/src/control/install/control' for CMake module files
[29.998s] Level 1:colcon.colcon_core.environment:checking '/home/nvidia/weiLiu/auto_v10.1.1/src/control/install/control' for CMake config files
[29.998s] Level 1:colcon.colcon_core.shell:create_environment_hook('control', 'cmake_prefix_path')
[30.015s] INFO:colcon.colcon_core.shell:Creating environment hook '/home/nvidia/weiLiu/auto_v10.1.1/src/control/install/control/share/control/hook/cmake_prefix_path.ps1'
[30.016s] INFO:colcon.colcon_core.shell:Creating environment descriptor '/home/nvidia/weiLiu/auto_v10.1.1/src/control/install/control/share/control/hook/cmake_prefix_path.dsv'
[30.017s] INFO:colcon.colcon_core.shell:Creating environment hook '/home/nvidia/weiLiu/auto_v10.1.1/src/control/install/control/share/control/hook/cmake_prefix_path.sh'
[30.020s] Level 1:colcon.colcon_core.environment:checking '/home/nvidia/weiLiu/auto_v10.1.1/src/control/install/control/lib'
[30.020s] Level 1:colcon.colcon_core.environment:checking '/home/nvidia/weiLiu/auto_v10.1.1/src/control/install/control/bin'
[30.020s] Level 1:colcon.colcon_core.environment:checking '/home/nvidia/weiLiu/auto_v10.1.1/src/control/install/control/lib/pkgconfig/control.pc'
[30.023s] Level 1:colcon.colcon_core.environment:checking '/home/nvidia/weiLiu/auto_v10.1.1/src/control/install/control/lib/python3.8/site-packages'
[30.023s] Level 1:colcon.colcon_core.environment:checking '/home/nvidia/weiLiu/auto_v10.1.1/src/control/install/control/bin'
[30.041s] INFO:colcon.colcon_core.shell:Creating package script '/home/nvidia/weiLiu/auto_v10.1.1/src/control/install/control/share/control/package.ps1'
[30.042s] INFO:colcon.colcon_core.shell:Creating package descriptor '/home/nvidia/weiLiu/auto_v10.1.1/src/control/install/control/share/control/package.dsv'
[30.043s] INFO:colcon.colcon_core.shell:Creating package script '/home/nvidia/weiLiu/auto_v10.1.1/src/control/install/control/share/control/package.sh'
[30.044s] INFO:colcon.colcon_core.shell:Creating package script '/home/nvidia/weiLiu/auto_v10.1.1/src/control/install/control/share/control/package.bash'
[30.045s] INFO:colcon.colcon_core.shell:Creating package script '/home/nvidia/weiLiu/auto_v10.1.1/src/control/install/control/share/control/package.zsh'
[30.045s] Level 1:colcon.colcon_core.environment:create_file_with_runtime_dependencies(/home/nvidia/weiLiu/auto_v10.1.1/src/control/install/control/share/colcon-core/packages/control)
[30.046s] DEBUG:colcon.colcon_parallel_executor.executor.parallel:closing loop
[30.047s] DEBUG:colcon.colcon_parallel_executor.executor.parallel:loop closed
[30.047s] DEBUG:colcon.colcon_parallel_executor.executor.parallel:run_until_complete finished with '0'
[30.047s] DEBUG:colcon.colcon_core.event_reactor:joining thread
[30.090s] INFO:colcon.colcon_core.plugin_system:Skipping extension 'colcon_notification.desktop_notification.terminal_notifier': Not used on non-Darwin systems
[30.091s] INFO:colcon.colcon_core.plugin_system:Skipping extension 'colcon_notification.desktop_notification.win32': Not used on non-Windows systems
[30.091s] INFO:colcon.colcon_notification.desktop_notification:Sending desktop notification using 'notify2'
[30.121s] DEBUG:colcon.colcon_core.event_reactor:joined thread
[30.141s] INFO:colcon.colcon_core.shell:Creating prefix script '/home/nvidia/weiLiu/auto_v10.1.1/src/control/install/local_setup.ps1'
[30.143s] INFO:colcon.colcon_core.shell:Creating prefix util module '/home/nvidia/weiLiu/auto_v10.1.1/src/control/install/_local_setup_util_ps1.py'
[30.145s] INFO:colcon.colcon_core.shell:Creating prefix chain script '/home/nvidia/weiLiu/auto_v10.1.1/src/control/install/setup.ps1'
[30.163s] INFO:colcon.colcon_core.shell:Creating prefix script '/home/nvidia/weiLiu/auto_v10.1.1/src/control/install/local_setup.sh'
[30.164s] INFO:colcon.colcon_core.shell:Creating prefix util module '/home/nvidia/weiLiu/auto_v10.1.1/src/control/install/_local_setup_util_sh.py'
[30.165s] INFO:colcon.colcon_core.shell:Creating prefix chain script '/home/nvidia/weiLiu/auto_v10.1.1/src/control/install/setup.sh'
[30.183s] INFO:colcon.colcon_core.shell:Creating prefix script '/home/nvidia/weiLiu/auto_v10.1.1/src/control/install/local_setup.bash'
[30.184s] INFO:colcon.colcon_core.shell:Creating prefix chain script '/home/nvidia/weiLiu/auto_v10.1.1/src/control/install/setup.bash'
[30.203s] INFO:colcon.colcon_core.shell:Creating prefix script '/home/nvidia/weiLiu/auto_v10.1.1/src/control/install/local_setup.zsh'
[30.204s] INFO:colcon.colcon_core.shell:Creating prefix chain script '/home/nvidia/weiLiu/auto_v10.1.1/src/control/install/setup.zsh'
