[0.041s] Invoking command in '/home/mm/longshan12_2/build/hmi': CMAKE_PREFIX_PATH=/opt/ros/foxy /usr/bin/cmake --build /home/mm/longshan12_2/build/hmi -- -j4 -l4
[0.292s] [100%] Built target hmi
[0.319s] Invoked command in '/home/mm/longshan12_2/build/hmi' returned '0': CMAKE_PREFIX_PATH=/opt/ros/foxy /usr/bin/cmake --build /home/mm/longshan12_2/build/hmi -- -j4 -l4
[0.563s] Invoking command in '/home/mm/longshan12_2/build/hmi': CMAKE_PREFIX_PATH=/opt/ros/foxy /usr/bin/cmake --install /home/mm/longshan12_2/build/hmi
[0.577s] -- Install configuration: ""
[0.579s] -- Up-to-date: /home/mm/longshan12_2/install/hmi/lib/hmi/hmi
[0.580s] -- Up-to-date: /home/mm/longshan12_2/install/hmi/share/hmi/launch
[0.581s] -- Up-to-date: /home/mm/longshan12_2/install/hmi/share/hmi/launch/hmi.launch.py
[0.583s] -- Up-to-date: /home/mm/longshan12_2/install/hmi/share/ament_index/resource_index/package_run_dependencies/hmi
[0.586s] -- Up-to-date: /home/mm/longshan12_2/install/hmi/share/ament_index/resource_index/parent_prefix_path/hmi
[0.587s] -- Up-to-date: /home/mm/longshan12_2/install/hmi/share/hmi/environment/ament_prefix_path.sh
[0.589s] -- Up-to-date: /home/mm/longshan12_2/install/hmi/share/hmi/environment/ament_prefix_path.dsv
[0.590s] -- Up-to-date: /home/mm/longshan12_2/install/hmi/share/hmi/environment/path.sh
[0.590s] -- Up-to-date: /home/mm/longshan12_2/install/hmi/share/hmi/environment/path.dsv
[0.591s] -- Up-to-date: /home/mm/longshan12_2/install/hmi/share/hmi/local_setup.bash
[0.591s] -- Up-to-date: /home/mm/longshan12_2/install/hmi/share/hmi/local_setup.sh
[0.591s] -- Up-to-date: /home/mm/longshan12_2/install/hmi/share/hmi/local_setup.zsh
[0.592s] -- Up-to-date: /home/mm/longshan12_2/install/hmi/share/hmi/local_setup.dsv
[0.592s] -- Installing: /home/mm/longshan12_2/install/hmi/share/hmi/package.dsv
[0.593s] -- Up-to-date: /home/mm/longshan12_2/install/hmi/share/ament_index/resource_index/packages/hmi
[0.593s] -- Up-to-date: /home/mm/longshan12_2/install/hmi/share/hmi/cmake/hmiConfig.cmake
[0.595s] -- Up-to-date: /home/mm/longshan12_2/install/hmi/share/hmi/cmake/hmiConfig-version.cmake
[0.596s] -- Up-to-date: /home/mm/longshan12_2/install/hmi/share/hmi/package.xml
[0.597s] Invoked command in '/home/mm/longshan12_2/build/hmi' returned '0': CMAKE_PREFIX_PATH=/opt/ros/foxy /usr/bin/cmake --install /home/mm/longshan12_2/build/hmi
