[0.126s] Invoking command in '/home/mm/longshan12_2/build/local': CMAKE_PREFIX_PATH=/home/mm/longshan12_2/install/ros2_path_interfaces:/home/mm/longshan12_2/install/vehicle_urdf:/home/mm/longshan12_2/install/local:/home/mm/longshan12_2/install/global:/home/mm/longshan12_2/install/myrviz:/home/mm/longshan12_2/install/model:/home/mm/longshan12_2/install/lidar_processing:/home/mm/longshan12_2/install/hmi:/home/mm/longshan12_2/install/gnss:/home/mm/longshan12_2/install/dipgseg:/home/mm/longshan12_2/install/control:/home/mm/longshan12_2/install/can:/home/mm/longshan12_2/install/draw_messages:/opt/ros/foxy LD_LIBRARY_PATH=/home/mm/longshan12_2/install/ros2_path_interfaces/lib:/home/mm/longshan12_2/install/gnss/lib:/usr/local/lib/libosqp.so:/usr/lib/x86_64-linux-gnu/gazebo-11/plugins:/opt/ros/foxy/opt/yaml_cpp_vendor/lib:/opt/ros/foxy/opt/rviz_ogre_vendor/lib:/opt/ros/foxy/lib/x86_64-linux-gnu:/opt/ros/foxy/lib:/usr/local/lib/libosqp.so /usr/bin/cmake --build /home/mm/longshan12_2/build/local -- -j4 -l4
[0.770s] [100%] Built target local_node4
[0.841s] Invoked command in '/home/mm/longshan12_2/build/local' returned '0': CMAKE_PREFIX_PATH=/home/mm/longshan12_2/install/ros2_path_interfaces:/home/mm/longshan12_2/install/vehicle_urdf:/home/mm/longshan12_2/install/local:/home/mm/longshan12_2/install/global:/home/mm/longshan12_2/install/myrviz:/home/mm/longshan12_2/install/model:/home/mm/longshan12_2/install/lidar_processing:/home/mm/longshan12_2/install/hmi:/home/mm/longshan12_2/install/gnss:/home/mm/longshan12_2/install/dipgseg:/home/mm/longshan12_2/install/control:/home/mm/longshan12_2/install/can:/home/mm/longshan12_2/install/draw_messages:/opt/ros/foxy LD_LIBRARY_PATH=/home/mm/longshan12_2/install/ros2_path_interfaces/lib:/home/mm/longshan12_2/install/gnss/lib:/usr/local/lib/libosqp.so:/usr/lib/x86_64-linux-gnu/gazebo-11/plugins:/opt/ros/foxy/opt/yaml_cpp_vendor/lib:/opt/ros/foxy/opt/rviz_ogre_vendor/lib:/opt/ros/foxy/lib/x86_64-linux-gnu:/opt/ros/foxy/lib:/usr/local/lib/libosqp.so /usr/bin/cmake --build /home/mm/longshan12_2/build/local -- -j4 -l4
[1.149s] Invoking command in '/home/mm/longshan12_2/build/local': CMAKE_PREFIX_PATH=/home/mm/longshan12_2/install/ros2_path_interfaces:/home/mm/longshan12_2/install/vehicle_urdf:/home/mm/longshan12_2/install/local:/home/mm/longshan12_2/install/global:/home/mm/longshan12_2/install/myrviz:/home/mm/longshan12_2/install/model:/home/mm/longshan12_2/install/lidar_processing:/home/mm/longshan12_2/install/hmi:/home/mm/longshan12_2/install/gnss:/home/mm/longshan12_2/install/dipgseg:/home/mm/longshan12_2/install/control:/home/mm/longshan12_2/install/can:/home/mm/longshan12_2/install/draw_messages:/opt/ros/foxy LD_LIBRARY_PATH=/home/mm/longshan12_2/install/ros2_path_interfaces/lib:/home/mm/longshan12_2/install/gnss/lib:/usr/local/lib/libosqp.so:/usr/lib/x86_64-linux-gnu/gazebo-11/plugins:/opt/ros/foxy/opt/yaml_cpp_vendor/lib:/opt/ros/foxy/opt/rviz_ogre_vendor/lib:/opt/ros/foxy/lib/x86_64-linux-gnu:/opt/ros/foxy/lib:/usr/local/lib/libosqp.so /usr/bin/cmake --install /home/mm/longshan12_2/build/local
[1.192s] -- Install configuration: ""
[1.208s] -- Up-to-date: /home/mm/longshan12_2/install/local/lib/local/local_node4
[1.208s] -- Up-to-date: /home/mm/longshan12_2/install/local/share/local/launch
[1.209s] -- Up-to-date: /home/mm/longshan12_2/install/local/share/local/launch/local.launch.py
[1.209s] -- Up-to-date: /home/mm/longshan12_2/install/local/share/ament_index/resource_index/package_run_dependencies/local
[1.219s] -- Up-to-date: /home/mm/longshan12_2/install/local/share/ament_index/resource_index/parent_prefix_path/local
[1.220s] -- Up-to-date: /home/mm/longshan12_2/install/local/share/local/environment/ament_prefix_path.sh
[1.221s] -- Up-to-date: /home/mm/longshan12_2/install/local/share/local/environment/ament_prefix_path.dsv
[1.221s] -- Up-to-date: /home/mm/longshan12_2/install/local/share/local/environment/path.sh
[1.222s] -- Up-to-date: /home/mm/longshan12_2/install/local/share/local/environment/path.dsv
[1.222s] -- Up-to-date: /home/mm/longshan12_2/install/local/share/local/local_setup.bash
[1.222s] -- Up-to-date: /home/mm/longshan12_2/install/local/share/local/local_setup.sh
[1.222s] -- Up-to-date: /home/mm/longshan12_2/install/local/share/local/local_setup.zsh
[1.222s] -- Up-to-date: /home/mm/longshan12_2/install/local/share/local/local_setup.dsv
[1.223s] -- Installing: /home/mm/longshan12_2/install/local/share/local/package.dsv
[1.231s] -- Up-to-date: /home/mm/longshan12_2/install/local/share/ament_index/resource_index/packages/local
[1.243s] -- Up-to-date: /home/mm/longshan12_2/install/local/share/local/cmake/localConfig.cmake
[1.243s] -- Up-to-date: /home/mm/longshan12_2/install/local/share/local/cmake/localConfig-version.cmake
[1.244s] -- Up-to-date: /home/mm/longshan12_2/install/local/share/local/package.xml
[1.244s] Invoked command in '/home/mm/longshan12_2/build/local' returned '0': CMAKE_PREFIX_PATH=/home/mm/longshan12_2/install/ros2_path_interfaces:/home/mm/longshan12_2/install/vehicle_urdf:/home/mm/longshan12_2/install/local:/home/mm/longshan12_2/install/global:/home/mm/longshan12_2/install/myrviz:/home/mm/longshan12_2/install/model:/home/mm/longshan12_2/install/lidar_processing:/home/mm/longshan12_2/install/hmi:/home/mm/longshan12_2/install/gnss:/home/mm/longshan12_2/install/dipgseg:/home/mm/longshan12_2/install/control:/home/mm/longshan12_2/install/can:/home/mm/longshan12_2/install/draw_messages:/opt/ros/foxy LD_LIBRARY_PATH=/home/mm/longshan12_2/install/ros2_path_interfaces/lib:/home/mm/longshan12_2/install/gnss/lib:/usr/local/lib/libosqp.so:/usr/lib/x86_64-linux-gnu/gazebo-11/plugins:/opt/ros/foxy/opt/yaml_cpp_vendor/lib:/opt/ros/foxy/opt/rviz_ogre_vendor/lib:/opt/ros/foxy/lib/x86_64-linux-gnu:/opt/ros/foxy/lib:/usr/local/lib/libosqp.so /usr/bin/cmake --install /home/mm/longshan12_2/build/local
