-- Install configuration: ""
-- Up-to-date: /home/mm/longshan12_2/install/vehicle_urdf/share/vehicle_urdf//urdf
-- Installing: /home/mm/longshan12_2/install/vehicle_urdf/share/vehicle_urdf//urdf/vehicle.urdf
-- Up-to-date: /home/mm/longshan12_2/install/vehicle_urdf/share/vehicle_urdf//launch
-- Up-to-date: /home/mm/longshan12_2/install/vehicle_urdf/share/vehicle_urdf//launch/display_vehicle.launch.py
-- Up-to-date: /home/mm/longshan12_2/install/vehicle_urdf/share/ament_index/resource_index/package_run_dependencies/vehicle_urdf
-- Up-to-date: /home/mm/longshan12_2/install/vehicle_urdf/share/ament_index/resource_index/parent_prefix_path/vehicle_urdf
-- Up-to-date: /home/mm/longshan12_2/install/vehicle_urdf/share/vehicle_urdf/environment/ament_prefix_path.sh
-- Up-to-date: /home/mm/longshan12_2/install/vehicle_urdf/share/vehicle_urdf/environment/ament_prefix_path.dsv
-- Up-to-date: /home/mm/longshan12_2/install/vehicle_urdf/share/vehicle_urdf/environment/path.sh
-- Up-to-date: /home/mm/longshan12_2/install/vehicle_urdf/share/vehicle_urdf/environment/path.dsv
-- Up-to-date: /home/mm/longshan12_2/install/vehicle_urdf/share/vehicle_urdf/local_setup.bash
-- Up-to-date: /home/mm/longshan12_2/install/vehicle_urdf/share/vehicle_urdf/local_setup.sh
-- Up-to-date: /home/mm/longshan12_2/install/vehicle_urdf/share/vehicle_urdf/local_setup.zsh
-- Up-to-date: /home/mm/longshan12_2/install/vehicle_urdf/share/vehicle_urdf/local_setup.dsv
-- Installing: /home/mm/longshan12_2/install/vehicle_urdf/share/vehicle_urdf/package.dsv
-- Up-to-date: /home/mm/longshan12_2/install/vehicle_urdf/share/ament_index/resource_index/packages/vehicle_urdf
-- Up-to-date: /home/mm/longshan12_2/install/vehicle_urdf/share/vehicle_urdf/cmake/vehicle_urdfConfig.cmake
-- Up-to-date: /home/mm/longshan12_2/install/vehicle_urdf/share/vehicle_urdf/cmake/vehicle_urdfConfig-version.cmake
-- Up-to-date: /home/mm/longshan12_2/install/vehicle_urdf/share/vehicle_urdf/package.xml
