[0.102s] Invoking command in '/home/mm/longshan12_2/build/can': CMAKE_PREFIX_PATH=/opt/ros/foxy /usr/bin/cmake --build /home/mm/longshan12_2/build/can -- -j4 -l4
[0.613s] [ 40%] Built target test1
[0.662s] [100%] Built target can_node
[0.721s] Invoked command in '/home/mm/longshan12_2/build/can' returned '0': CMAKE_PREFIX_PATH=/opt/ros/foxy /usr/bin/cmake --build /home/mm/longshan12_2/build/can -- -j4 -l4
[1.076s] Invoking command in '/home/mm/longshan12_2/build/can': CMAKE_PREFIX_PATH=/opt/ros/foxy /usr/bin/cmake --install /home/mm/longshan12_2/build/can
[1.137s] -- Install configuration: ""
[1.137s] -- Up-to-date: /home/mm/longshan12_2/install/can/share/ament_index/resource_index/package_run_dependencies/can
[1.138s] -- Up-to-date: /home/mm/longshan12_2/install/can/share/ament_index/resource_index/parent_prefix_path/can
[1.138s] -- Up-to-date: /home/mm/longshan12_2/install/can/share/can/environment/ament_prefix_path.sh
[1.139s] -- Up-to-date: /home/mm/longshan12_2/install/can/share/can/environment/ament_prefix_path.dsv
[1.139s] -- Up-to-date: /home/mm/longshan12_2/install/can/share/can/environment/path.sh
[1.140s] -- Up-to-date: /home/mm/longshan12_2/install/can/share/can/environment/path.dsv
[1.145s] -- Up-to-date: /home/mm/longshan12_2/install/can/share/can/local_setup.bash
[1.145s] -- Up-to-date: /home/mm/longshan12_2/install/can/share/can/local_setup.sh
[1.146s] -- Up-to-date: /home/mm/longshan12_2/install/can/share/can/local_setup.zsh
[1.146s] -- Up-to-date: /home/mm/longshan12_2/install/can/share/can/local_setup.dsv
[1.146s] -- Installing: /home/mm/longshan12_2/install/can/share/can/package.dsv
[1.146s] -- Up-to-date: /home/mm/longshan12_2/install/can/share/ament_index/resource_index/packages/can
[1.146s] -- Up-to-date: /home/mm/longshan12_2/install/can/share/can/cmake/canConfig.cmake
[1.146s] -- Up-to-date: /home/mm/longshan12_2/install/can/share/can/cmake/canConfig-version.cmake
[1.146s] -- Up-to-date: /home/mm/longshan12_2/install/can/share/can/package.xml
[1.146s] -- Up-to-date: /home/mm/longshan12_2/install/can/lib/can/can_node
[1.146s] -- Up-to-date: /home/mm/longshan12_2/install/can/lib/can/test1
[1.146s] -- Up-to-date: /home/mm/longshan12_2/install/can/share/can/launch
[1.146s] -- Up-to-date: /home/mm/longshan12_2/install/can/share/can/launch/can.launch.py
[1.153s] Invoked command in '/home/mm/longshan12_2/build/can' returned '0': CMAKE_PREFIX_PATH=/opt/ros/foxy /usr/bin/cmake --install /home/mm/longshan12_2/build/can
