[0.042s] Invoking command in '/home/mm/longshan12_2/build/can': CMAKE_PREFIX_PATH=/opt/ros/foxy /usr/bin/cmake --build /home/mm/longshan12_2/build/can -- -j4 -l4
[0.182s] [35m[1mScanning dependencies of target can_node[0m
[0.196s] [ 40%] Built target test1
[0.282s] [ 60%] [32mBuilding CXX object CMakeFiles/can_node.dir/src/can_node.cpp.o[0m
[7.099s] [ 80%] [32m[1mLinking CXX executable can_node[0m
[7.410s] [100%] Built target can_node
[7.426s] Invoked command in '/home/mm/longshan12_2/build/can' returned '0': CMAKE_PREFIX_PATH=/opt/ros/foxy /usr/bin/cmake --build /home/mm/longshan12_2/build/can -- -j4 -l4
[7.472s] Invoking command in '/home/mm/longshan12_2/build/can': CMAKE_PREFIX_PATH=/opt/ros/foxy /usr/bin/cmake --install /home/mm/longshan12_2/build/can
[7.483s] -- Install configuration: ""
[7.484s] -- Up-to-date: /home/mm/longshan12_2/install/can/share/ament_index/resource_index/package_run_dependencies/can
[7.484s] -- Up-to-date: /home/mm/longshan12_2/install/can/share/ament_index/resource_index/parent_prefix_path/can
[7.484s] -- Up-to-date: /home/mm/longshan12_2/install/can/share/can/environment/ament_prefix_path.sh
[7.484s] -- Up-to-date: /home/mm/longshan12_2/install/can/share/can/environment/ament_prefix_path.dsv
[7.484s] -- Up-to-date: /home/mm/longshan12_2/install/can/share/can/environment/path.sh
[7.484s] -- Up-to-date: /home/mm/longshan12_2/install/can/share/can/environment/path.dsv
[7.484s] -- Up-to-date: /home/mm/longshan12_2/install/can/share/can/local_setup.bash
[7.484s] -- Up-to-date: /home/mm/longshan12_2/install/can/share/can/local_setup.sh
[7.484s] -- Up-to-date: /home/mm/longshan12_2/install/can/share/can/local_setup.zsh
[7.484s] -- Up-to-date: /home/mm/longshan12_2/install/can/share/can/local_setup.dsv
[7.485s] -- Installing: /home/mm/longshan12_2/install/can/share/can/package.dsv
[7.486s] -- Up-to-date: /home/mm/longshan12_2/install/can/share/ament_index/resource_index/packages/can
[7.486s] -- Up-to-date: /home/mm/longshan12_2/install/can/share/can/cmake/canConfig.cmake
[7.486s] -- Up-to-date: /home/mm/longshan12_2/install/can/share/can/cmake/canConfig-version.cmake
[7.486s] -- Up-to-date: /home/mm/longshan12_2/install/can/share/can/package.xml
[7.486s] -- Installing: /home/mm/longshan12_2/install/can/lib/can/can_node
[7.488s] -- Set runtime path of "/home/mm/longshan12_2/install/can/lib/can/can_node" to ""
[7.489s] -- Up-to-date: /home/mm/longshan12_2/install/can/lib/can/test1
[7.489s] -- Up-to-date: /home/mm/longshan12_2/install/can/share/can/launch
[7.489s] -- Up-to-date: /home/mm/longshan12_2/install/can/share/can/launch/can.launch.py
[7.493s] Invoked command in '/home/mm/longshan12_2/build/can' returned '0': CMAKE_PREFIX_PATH=/opt/ros/foxy /usr/bin/cmake --install /home/mm/longshan12_2/build/can
