[0.045s] Invoking command in '/home/mm/longshan12_2/build/control': CMAKE_PREFIX_PATH=/opt/ros/foxy /usr/bin/cmake --build /home/mm/longshan12_2/build/control -- -j4 -l4
[0.107s] -- Found ament_cmake: 0.9.12 (/opt/ros/foxy/share/ament_cmake/cmake)
[0.183s] -- Using PYTHON_EXECUTABLE: /usr/bin/python3
[0.627s] -- Found rclcpp: 2.4.3 (/opt/ros/foxy/share/rclcpp/cmake)
[0.699s] -- Using all available rosidl_typesupport_c: rosidl_typesupport_fastrtps_c;rosidl_typesupport_introspection_c
[0.708s] -- Found rosidl_adapter: 1.3.1 (/opt/ros/foxy/share/rosidl_adapter/cmake)
[0.907s] -- Using all available rosidl_typesupport_cpp: rosidl_typesupport_fastrtps_cpp;rosidl_typesupport_introspection_cpp
[1.005s] -- Found rmw_implementation_cmake: 1.0.4 (/opt/ros/foxy/share/rmw_implementation_cmake/cmake)
[1.017s] -- Using RMW implementation 'rmw_fastrtps_cpp' as default
[1.321s] -- Found ament_lint_auto: 0.9.8 (/opt/ros/foxy/share/ament_lint_auto/cmake)
[1.442s] -- Added test 'copyright' to check source files copyright and LICENSE
[1.451s] -- Added test 'cppcheck' to perform static code analysis on C / C++ code
[1.451s] -- Configured cppcheck include dirs: /home/mm/longshan12_2/src/control/./include;/home/mm/longshan12_2/src/control/extern/matplotlib-cpp;$<BUILD_INTERFACE:/home/mm/longshan12_2/src/control/include>
[1.451s] -- Configured cppcheck exclude dirs and/or files: 
[1.462s] -- Added test 'cpplint' to check C / C++ code against the Google style
[1.462s] -- Configured cpplint exclude dirs and/or files: 
[1.463s] -- Added test 'flake8' to check Python code syntax and style conventions
[1.466s] -- Added test 'lint_cmake' to check CMake code style
[1.467s] -- Added test 'pep257' to check Python code against some of the style conventions in PEP 257
[1.480s] -- Added test 'uncrustify' to check C / C++ code style
[1.480s] -- Configured uncrustify additional arguments: 
[1.480s] -- Added test 'xmllint' to check XML markup files
[1.486s] -- Configuring done
[1.527s] -- Generating done
[1.528s] -- Build files have been written to: /home/mm/longshan12_2/build/control
[1.581s] [35m[1mScanning dependencies of target control_node[0m
[1.738s] [  7%] [32mBuilding CXX object CMakeFiles/control_node.dir/src/KineMPCControler.cpp.o[0m
[1.739s] [ 15%] [32mBuilding CXX object CMakeFiles/control_node.dir/src/control_node.cpp.o[0m
[1.804s] [ 23%] [32mBuilding CXX object CMakeFiles/control_node.dir/src/digital_filter.cpp.o[0m
[1.820s] [ 30%] [32mBuilding CXX object CMakeFiles/control_node.dir/src/digital_filter_coefficients.cpp.o[0m
[2.799s] [01m[K/home/mm/longshan12_2/src/control/src/digital_filter.cpp:28:34:[m[K [01;35m[Kwarning: [m[Kextra ‘[01m[K;[m[K’ [[01;35m[K-Wpedantic[m[K]
[2.799s]    28 | DigitalFilter ::DigitalFilter(){}[01;35m[K;[m[K
[2.799s]       |                                  [01;35m[K^[m[K
[2.799s] [01m[K/home/mm/longshan12_2/src/control/src/digital_filter.cpp:29:34:[m[K [01;35m[Kwarning: [m[Kextra ‘[01m[K;[m[K’ [[01;35m[K-Wpedantic[m[K]
[2.799s]    29 | DigitalFilter::~DigitalFilter(){}[01;35m[K;[m[K
[2.799s]       |                                  [01;35m[K^[m[K
[2.815s] [01m[K/home/mm/longshan12_2/src/control/src/digital_filter.cpp:[m[K In member function ‘[01m[Kdouble DigitalFilter::Compute(const std::deque<double>&, const std::vector<double>&, std::size_t, std::size_t)[m[K’:
[2.815s] [01m[K/home/mm/longshan12_2/src/control/src/digital_filter.cpp:95:49:[m[K [01;35m[Kwarning: [m[Kunused parameter ‘[01m[Kcoeff_end[m[K’ [[01;35m[K-Wunused-parameter[m[K]
[2.815s]    95 |                               [01;35m[Kconst std::size_t coeff_end[m[K) {
[2.815s]       |                               [01;35m[K~~~~~~~~~~~~~~~~~~^~~~~~~~~[m[K
[3.150s] [ 38%] [32mBuilding CXX object CMakeFiles/control_node.dir/src/localFuns.cpp.o[0m
[3.608s] [ 46%] [32mBuilding CXX object CMakeFiles/control_node.dir/src/lon_controller.cpp.o[0m
[4.927s] [01m[K/home/mm/longshan12_2/src/control/src/KineMPCControler.cpp:[m[K In member function ‘[01m[Kvoid KineMPCController::ComputeControlCommand(std::tuple<double, double, double, double>&, std::tuple<double, double, double, double>&, std::vector<double>&)[m[K’:
[4.927s] [01m[K/home/mm/longshan12_2/src/control/src/KineMPCControler.cpp:104:16:[m[K [01;35m[Kwarning: [m[Kunused variable ‘[01m[Ksteer[m[K’ [[01;35m[K-Wunused-variable[m[K]
[4.927s]   104 |         double [01;35m[Ksteer[m[K = control[0](1, 0) + std::get<3>(reference_point) * wheelbase_;
[4.927s]       |                [01;35m[K^~~~~[m[K
[4.928s] [01m[K/home/mm/longshan12_2/src/control/src/KineMPCControler.cpp:105:16:[m[K [01;35m[Kwarning: [m[Kunused variable ‘[01m[Kacc[m[K’ [[01;35m[K-Wunused-variable[m[K]
[4.928s]   105 |         double [01;35m[Kacc[m[K = 0;
[4.928s]       |                [01;35m[K^~~[m[K
[4.928s] [01m[K/home/mm/longshan12_2/src/control/src/KineMPCControler.cpp:85:22:[m[K [01;35m[Kwarning: [m[Kunused variable ‘[01m[Kmax_acceleration_[m[K’ [[01;35m[K-Wunused-variable[m[K]
[4.928s]    85 |     constexpr double [01;35m[Kmax_acceleration_[m[K = 3.0;
[4.928s]       |                      [01;35m[K^~~~~~~~~~~~~~~~~[m[K
[5.334s] [ 53%] [32mBuilding CXX object CMakeFiles/control_node.dir/src/lqr.cpp.o[0m
[6.088s] [01m[K/home/mm/longshan12_2/src/control/src/lon_controller.cpp:[m[K In member function ‘[01m[Kvoid loncontroller::ComputeLongitudinalErrors(const MatrixXd&, double, double)[m[K’:
[6.089s] [01m[K/home/mm/longshan12_2/src/control/src/lon_controller.cpp:176:10:[m[K [01;35m[Kwarning: [m[Kunused variable ‘[01m[Klon_speed[m[K’ [[01;35m[K-Wunused-variable[m[K]
[6.089s]   176 |   double [01;35m[Klon_speed[m[K = std::get<3>(vehicle_state_) * std::cos(heading_error);
[6.090s]       |          [01;35m[K^~~~~~~~~[m[K
[6.090s] [01m[K/home/mm/longshan12_2/src/control/src/lon_controller.cpp:178:10:[m[K [01;35m[Kwarning: [m[Kunused variable ‘[01m[Klon_acceleration[m[K’ [[01;35m[K-Wunused-variable[m[K]
[6.091s]   178 |   double [01;35m[Klon_acceleration[m[K = std::get<4>(vehicle_state_) * std::cos(heading_error);
[6.091s]       |          [01;35m[K^~~~~~~~~~~~~~~~[m[K
[6.091s] [01m[K/home/mm/longshan12_2/src/control/src/lon_controller.cpp:180:10:[m[K [01;35m[Kwarning: [m[Kunused variable ‘[01m[Kone_minus_kappa_lat_error[m[K’ [[01;35m[K-Wunused-variable[m[K]
[6.092s]   180 |   double [01;35m[Kone_minus_kappa_lat_error[m[K = 1 -  matched_point.at(3) * std::get<3>(vehicle_state_) * std::sin(heading_error);
[6.092s]       |          [01;35m[K^~~~~~~~~~~~~~~~~~~~~~~~~[m[K
[6.093s] [01m[K/home/mm/longshan12_2/src/control/src/lon_controller.cpp:124:61:[m[K [01;35m[Kwarning: [m[Kunused parameter ‘[01m[Kts[m[K’ [[01;35m[K-Wunused-parameter[m[K]
[6.093s]   124 |                     const double preview_time, [01;35m[Kconst double ts[m[K){
[6.093s]       |                                                [01;35m[K~~~~~~~~~~~~~^~[m[K
[6.246s] [01m[K/home/mm/longshan12_2/src/control/src/lon_controller.cpp:[m[K In member function ‘[01m[Kbool loncontroller::ComputeControlCommand(const MatrixXd&, double&)[m[K’:
[6.246s] [01m[K/home/mm/longshan12_2/src/control/src/lon_controller.cpp:116:1:[m[K [01;35m[Kwarning: [m[Kcontrol reaches end of non-void function [[01;35m[K-Wreturn-type[m[K]
[6.246s]   116 | [01;35m[K}[m[K
[6.247s]       | [01;35m[K^[m[K
[6.357s] [ 61%] [32mBuilding CXX object CMakeFiles/control_node.dir/src/mpc_osqp.cpp.o[0m
[6.465s] [01m[K/home/mm/longshan12_2/src/control/src/localFuns.cpp:[m[K In function ‘[01m[Kint local::frenet2Cartesian(const MatrixXd&, const double&, const double&, const int&, Eigen::Vector2d&)[m[K’:
[6.465s] [01m[K/home/mm/longshan12_2/src/control/src/localFuns.cpp:326:75:[m[K [01;35m[Kwarning: [m[Kunused parameter ‘[01m[Ks[m[K’ [[01;35m[K-Wunused-parameter[m[K]
[6.465s]   326 |     int frenet2Cartesian(const Eigen::MatrixXd& globalPath, [01;35m[Kconst double& s[m[K, const double& d, const int& minIndex, Eigen::Vector2d& cartesianXY){
[6.466s]       |                                                             [01;35m[K~~~~~~~~~~~~~~^[m[K
[9.236s] In file included from [01m[K/home/mm/longshan12_2/src/control/src/lqr.cpp:2[m[K:
[9.236s] [01m[K/home/mm/longshan12_2/src/control/./include/RiccatiSolver.h:[m[K In function ‘[01m[Kbool solveRiccatiArimotoPotter(const MatrixXd&, const MatrixXd&, const MatrixXd&, const MatrixXd&, Eigen::MatrixXd&)[m[K’:
[9.236s] [01m[K/home/mm/longshan12_2/src/control/./include/RiccatiSolver.h:76:21:[m[K [01;35m[Kwarning: [m[Kunused variable ‘[01m[Kdim_u[m[K’ [[01;35m[K-Wunused-variable[m[K]
[9.236s]    76 |  const unsigned int [01;35m[Kdim_u[m[K = B.cols();
[9.236s]       |                     [01;35m[K^~~~~[m[K
[9.268s] [01m[K/home/mm/longshan12_2/src/control/src/lqr.cpp:[m[K In member function ‘[01m[Kint lqr::stateSpaceMatrix(Eigen::Matrix<double, 3, 3>&, Eigen::Matrix<double, 3, 2>&, const VectorXd&, tool::controlParams, double, double)[m[K’:
[9.269s] [01m[K/home/mm/longshan12_2/src/control/src/lqr.cpp:4:140:[m[K [01;35m[Kwarning: [m[Kunused parameter ‘[01m[Kcps[m[K’ [[01;35m[K-Wunused-parameter[m[K]
[9.269s]     4 | ix<double, 3, 2>& B, const Eigen::VectorXd& car,  [01;35m[Ktool::controlParams cps[m[K,
[9.269s]       |                                                   [01;35m[K~~~~~~~~~~~~~~~~~~~~^~~[m[K
[9.269s] 
[9.363s] [01m[K/home/mm/longshan12_2/src/control/src/mpc_osqp.cpp:[m[K In member function ‘[01m[Kvoid MpcOsqp::CalculateKernel(std::vector<double>*, std::vector<long long int>*, std::vector<long long int>*)[m[K’:
[9.364s] [01m[K/home/mm/longshan12_2/src/control/src/mpc_osqp.cpp:75:3:[m[K [01;31m[Kerror: [m[K‘[01m[KCHECK_EQ[m[K’ was not declared in this scope
[9.364s]    75 |   [01;31m[KCHECK_EQ[m[K(value_index, num_param_);
[9.364s]       |   [01;31m[K^~~~~~~~[m[K
[9.544s] [01m[K/home/mm/longshan12_2/src/control/src/mpc_osqp.cpp:[m[K In member function ‘[01m[Kbool MpcOsqp::Solve(std::vector<double>*)[m[K’:
[9.545s] [01m[K/home/mm/longshan12_2/src/control/src/mpc_osqp.cpp:304:31:[m[K [01;31m[Kerror: [m[Kcannot convert ‘[01m[KOSQPData*[m[K’ to ‘[01m[KOSQPWorkspace**[m[K’
[9.546s]   304 |   osqp_workspace = osqp_setup([01;31m[Kdata[m[K, settings);
[9.546s]       |                               [01;31m[K^~~~[m[K
[9.546s]       |                               [01;31m[K|[m[K
[9.547s]       |                               [01;31m[KOSQPData*[m[K
[9.547s] In file included from [01m[K/home/mm/longshan12_2/src/control/./include/mpc_osqp.h:26[m[K,
[9.547s]                  from [01m[K/home/mm/longshan12_2/src/control/src/mpc_osqp.cpp:17[m[K:
[9.547s] [01m[K/usr/local/include/osqp/osqp.h:58:34:[m[K [01;36m[Knote: [m[K  initializing argument 1 of ‘[01m[Kc_int osqp_setup(OSQPWorkspace**, const OSQPData*, const OSQPSettings*)[m[K’
[9.548s]    58 | c_int osqp_setup([01;36m[KOSQPWorkspace** workp[m[K, const OSQPData* data, const OSQPSettings* settings);
[9.548s]       |                  [01;36m[K~~~~~~~~~~~~~~~~^~~~~[m[K
[9.636s] [01m[K/home/mm/longshan12_2/src/control/src/control_node.cpp:[m[K In member function ‘[01m[Kvoid control_node::gps_callback(std_msgs::msg::Float64MultiArray_<std::allocator<void> >::SharedPtr)[m[K’:
[9.637s] [01m[K/home/mm/longshan12_2/src/control/src/control_node.cpp:128:36:[m[K [01;35m[Kwarning: [m[Kunused variable ‘[01m[KdeltaX[m[K’ [[01;35m[K-Wunused-variable[m[K]
[9.637s]   128 |                             double [01;35m[KdeltaX[m[K =  dx;
[9.637s]       |                                    [01;35m[K^~~~~~[m[K
[9.638s] [01m[K/home/mm/longshan12_2/src/control/src/control_node.cpp:129:36:[m[K [01;35m[Kwarning: [m[Kunused variable ‘[01m[KdeltaY[m[K’ [[01;35m[K-Wunused-variable[m[K]
[9.639s]   129 |                             double [01;35m[KdeltaY[m[K =  dy;
[9.639s]       |                                    [01;35m[K^~~~~~[m[K
[9.644s] [01m[K/home/mm/longshan12_2/src/control/src/control_node.cpp:130:36:[m[K [01;35m[Kwarning: [m[Kunused variable ‘[01m[KdeltaYAW[m[K’ [[01;35m[K-Wunused-variable[m[K]
[9.644s]   130 |                             double [01;35m[KdeltaYAW[m[K = tool::normalizeAngle(tool::d2r(car(3)) - theta);
[9.645s]       |                                    [01;35m[K^~~~~~~~[m[K
[10.033s] [01m[K/home/mm/longshan12_2/src/control/src/lqr.cpp:[m[K In member function ‘[01m[KEigen::Vector2d lqr::calcU(const VectorXd&, const MatrixXd&, std::array<double, 5>&, const Eigen::Matrix<double, 3, 3>&, const Eigen::Matrix<double, 3, 2>&, const Eigen::Matrix<double, 3, 3>&, const Eigen::Matrix<double, 2, 2>&)[m[K’:
[10.033s] [01m[K/home/mm/longshan12_2/src/control/src/lqr.cpp:114:80:[m[K [01;35m[Kwarning: [m[Kunused parameter ‘[01m[Kpath[m[K’ [[01;35m[K-Wunused-parameter[m[K]
[10.033s]   114 | Eigen::Vector2d lqr::calcU(const Eigen::VectorXd& car, [01;35m[Kconst Eigen::MatrixXd&  path[m[K,
[10.034s]       |                                                        [01;35m[K~~~~~~~~~~~~~~~~~~~~~~~~^~~~[m[K
[10.631s] make[2]: *** [CMakeFiles/control_node.dir/build.make:154：CMakeFiles/control_node.dir/src/mpc_osqp.cpp.o] 错误 1
[10.631s] make[2]: *** 正在等待未完成的任务....
[33.345s] make[1]: *** [CMakeFiles/Makefile2:78：CMakeFiles/control_node.dir/all] 错误 2
[33.352s] make: *** [Makefile:141：all] 错误 2
[33.497s] Invoked command in '/home/mm/longshan12_2/build/control' returned '2': CMAKE_PREFIX_PATH=/opt/ros/foxy /usr/bin/cmake --build /home/mm/longshan12_2/build/control -- -j4 -l4
