[0.049s] Invoking command in '/home/mm/longshan12_2/build/control': CMAKE_PREFIX_PATH=/opt/ros/foxy /usr/bin/cmake --build /home/mm/longshan12_2/build/control -- -j4 -l4
[0.279s] [35m[1mScanning dependencies of target control_node[0m
[0.536s] [  7%] [32mBuilding CXX object CMakeFiles/control_node.dir/src/KineMPCControler.cpp.o[0m
[0.542s] [ 15%] [32mBuilding CXX object CMakeFiles/control_node.dir/src/control_node.cpp.o[0m
[2.383s] [01m[K/home/mm/longshan12_2/src/control/src/KineMPCControler.cpp:[m[K In member function ‘[01m[Kvoid KineMPCController::UpdateMatrix(std::tuple<double, double, double, double>&, std::tuple<double, double, double, double>&)[m[K’:
[2.384s] [01m[K/home/mm/longshan12_2/src/control/src/KineMPCControler.cpp:59:79:[m[K [01;35m[Kwarning: [m[Kunused parameter ‘[01m[Kstate[m[K’ [[01;35m[K-Wunused-parameter[m[K]
[2.384s]    59 | void KineMPCController::UpdateMatrix([01;35m[Kstd::tuple<double,double,double,double> &state[m[K,
[2.384s]       |                                      [01;35m[K~~~~~~~~~~~~~~~~~~~~~~~~~~~~~~~~~~~~~~~~~^~~~~[m[K
[4.305s] [01m[K/home/mm/longshan12_2/src/control/src/control_node.cpp:[m[K In member function ‘[01m[Kvoid control_node::gps_callback(std_msgs::msg::Float64MultiArray_<std::allocator<void> >::SharedPtr)[m[K’:
[4.305s] [01m[K/home/mm/longshan12_2/src/control/src/control_node.cpp:129:36:[m[K [01;35m[Kwarning: [m[Kunused variable ‘[01m[KdeltaX[m[K’ [[01;35m[K-Wunused-variable[m[K]
[4.305s]   129 |                             double [01;35m[KdeltaX[m[K =  dx;
[4.305s]       |                                    [01;35m[K^~~~~~[m[K
[4.305s] [01m[K/home/mm/longshan12_2/src/control/src/control_node.cpp:130:36:[m[K [01;35m[Kwarning: [m[Kunused variable ‘[01m[KdeltaY[m[K’ [[01;35m[K-Wunused-variable[m[K]
[4.305s]   130 |                             double [01;35m[KdeltaY[m[K =  dy;
[4.305s]       |                                    [01;35m[K^~~~~~[m[K
[4.305s] [01m[K/home/mm/longshan12_2/src/control/src/control_node.cpp:131:36:[m[K [01;35m[Kwarning: [m[Kunused variable ‘[01m[KdeltaYAW[m[K’ [[01;35m[K-Wunused-variable[m[K]
[4.306s]   131 |                             double [01;35m[KdeltaYAW[m[K = tool::normalizeAngle(tool::d2r(car(3)) - theta);
[4.306s]       |                                    [01;35m[K^~~~~~~~[m[K
[12.418s] [ 23%] [32m[1mLinking CXX executable control_node[0m
[13.966s] [100%] Built target control_node
[13.981s] Invoked command in '/home/mm/longshan12_2/build/control' returned '0': CMAKE_PREFIX_PATH=/opt/ros/foxy /usr/bin/cmake --build /home/mm/longshan12_2/build/control -- -j4 -l4
[14.046s] Invoking command in '/home/mm/longshan12_2/build/control': CMAKE_PREFIX_PATH=/opt/ros/foxy /usr/bin/cmake --install /home/mm/longshan12_2/build/control
[14.057s] -- Install configuration: ""
[14.059s] -- Installing: /home/mm/longshan12_2/install/control/lib/control/control_node
[14.072s] -- Set runtime path of "/home/mm/longshan12_2/install/control/lib/control/control_node" to ""
[14.072s] -- Up-to-date: /home/mm/longshan12_2/install/control/share/control/launch
[14.073s] -- Up-to-date: /home/mm/longshan12_2/install/control/share/control/launch/control.launch.py
[14.073s] -- Up-to-date: /home/mm/longshan12_2/install/control/share/ament_index/resource_index/package_run_dependencies/control
[14.073s] -- Up-to-date: /home/mm/longshan12_2/install/control/share/ament_index/resource_index/parent_prefix_path/control
[14.073s] -- Up-to-date: /home/mm/longshan12_2/install/control/share/control/environment/ament_prefix_path.sh
[14.073s] -- Up-to-date: /home/mm/longshan12_2/install/control/share/control/environment/ament_prefix_path.dsv
[14.073s] -- Up-to-date: /home/mm/longshan12_2/install/control/share/control/environment/path.sh
[14.073s] -- Up-to-date: /home/mm/longshan12_2/install/control/share/control/environment/path.dsv
[14.073s] -- Up-to-date: /home/mm/longshan12_2/install/control/share/control/local_setup.bash
[14.074s] -- Up-to-date: /home/mm/longshan12_2/install/control/share/control/local_setup.sh
[14.074s] -- Up-to-date: /home/mm/longshan12_2/install/control/share/control/local_setup.zsh
[14.074s] -- Up-to-date: /home/mm/longshan12_2/install/control/share/control/local_setup.dsv
[14.074s] -- Installing: /home/mm/longshan12_2/install/control/share/control/package.dsv
[14.074s] -- Up-to-date: /home/mm/longshan12_2/install/control/share/ament_index/resource_index/packages/control
[14.074s] -- Up-to-date: /home/mm/longshan12_2/install/control/share/control/cmake/controlConfig.cmake
[14.074s] -- Up-to-date: /home/mm/longshan12_2/install/control/share/control/cmake/controlConfig-version.cmake
[14.074s] -- Up-to-date: /home/mm/longshan12_2/install/control/share/control/package.xml
[14.077s] Invoked command in '/home/mm/longshan12_2/build/control' returned '0': CMAKE_PREFIX_PATH=/opt/ros/foxy /usr/bin/cmake --install /home/mm/longshan12_2/build/control
