-- Install configuration: ""
-- Up-to-date: /home/mm/longshan12_2/install/model/share/model//launch
-- Up-to-date: /home/mm/longshan12_2/install/model/share/model//launch/load_launch.py
-- Up-to-date: /home/mm/longshan12_2/install/model/share/model//car_model
-- Up-to-date: /home/mm/longshan12_2/install/model/share/model//car_model/_51225ex1diffuse.jpeg
-- Up-to-date: /home/mm/longshan12_2/install/model/share/model//car_model/_51225ex2diffuse.jpeg
-- Up-to-date: /home/mm/longshan12_2/install/model/share/model//car_model/CAR_original.dae
-- Up-to-date: /home/mm/longshan12_2/install/model/share/model//car_model/default.urdf
-- Up-to-date: /home/mm/longshan12_2/install/model/share/ament_index/resource_index/package_run_dependencies/model
-- Up-to-date: /home/mm/longshan12_2/install/model/share/ament_index/resource_index/parent_prefix_path/model
-- Up-to-date: /home/mm/longshan12_2/install/model/share/model/environment/ament_prefix_path.sh
-- Up-to-date: /home/mm/longshan12_2/install/model/share/model/environment/ament_prefix_path.dsv
-- Up-to-date: /home/mm/longshan12_2/install/model/share/model/environment/path.sh
-- Up-to-date: /home/mm/longshan12_2/install/model/share/model/environment/path.dsv
-- Up-to-date: /home/mm/longshan12_2/install/model/share/model/local_setup.bash
-- Up-to-date: /home/mm/longshan12_2/install/model/share/model/local_setup.sh
-- Up-to-date: /home/mm/longshan12_2/install/model/share/model/local_setup.zsh
-- Up-to-date: /home/mm/longshan12_2/install/model/share/model/local_setup.dsv
-- Installing: /home/mm/longshan12_2/install/model/share/model/package.dsv
-- Up-to-date: /home/mm/longshan12_2/install/model/share/ament_index/resource_index/packages/model
-- Up-to-date: /home/mm/longshan12_2/install/model/share/model/cmake/modelConfig.cmake
-- Up-to-date: /home/mm/longshan12_2/install/model/share/model/cmake/modelConfig-version.cmake
-- Up-to-date: /home/mm/longshan12_2/install/model/share/model/package.xml
