[0.052s] Invoking command in '/home/mm/longshan11_6/build/can': CMAKE_PREFIX_PATH=/opt/ros/foxy /usr/bin/cmake --build /home/mm/longshan11_6/build/can -- -j4 -l4
[0.258s] [ 40%] Built target test1
[0.302s] [100%] Built target can_node
[0.348s] Invoked command in '/home/mm/longshan11_6/build/can' returned '0': CMAKE_PREFIX_PATH=/opt/ros/foxy /usr/bin/cmake --build /home/mm/longshan11_6/build/can -- -j4 -l4
[0.452s] Invoking command in '/home/mm/longshan11_6/build/can': CMAKE_PREFIX_PATH=/opt/ros/foxy /usr/bin/cmake --install /home/mm/longshan11_6/build/can
[0.475s] -- Install configuration: ""
[0.475s] -- Up-to-date: /home/mm/longshan11_6/install/can/share/ament_index/resource_index/package_run_dependencies/can
[0.475s] -- Up-to-date: /home/mm/longshan11_6/install/can/share/ament_index/resource_index/parent_prefix_path/can
[0.476s] -- Up-to-date: /home/mm/longshan11_6/install/can/share/can/environment/ament_prefix_path.sh
[0.476s] -- Up-to-date: /home/mm/longshan11_6/install/can/share/can/environment/ament_prefix_path.dsv
[0.476s] -- Up-to-date: /home/mm/longshan11_6/install/can/share/can/environment/path.sh
[0.477s] -- Up-to-date: /home/mm/longshan11_6/install/can/share/can/environment/path.dsv
[0.477s] -- Up-to-date: /home/mm/longshan11_6/install/can/share/can/local_setup.bash
[0.481s] -- Up-to-date: /home/mm/longshan11_6/install/can/share/can/local_setup.sh
[0.481s] -- Up-to-date: /home/mm/longshan11_6/install/can/share/can/local_setup.zsh
[0.481s] -- Up-to-date: /home/mm/longshan11_6/install/can/share/can/local_setup.dsv
[0.482s] -- Installing: /home/mm/longshan11_6/install/can/share/can/package.dsv
[0.482s] -- Up-to-date: /home/mm/longshan11_6/install/can/share/ament_index/resource_index/packages/can
[0.482s] -- Up-to-date: /home/mm/longshan11_6/install/can/share/can/cmake/canConfig.cmake
[0.482s] -- Up-to-date: /home/mm/longshan11_6/install/can/share/can/cmake/canConfig-version.cmake
[0.482s] -- Up-to-date: /home/mm/longshan11_6/install/can/share/can/package.xml
[0.482s] -- Up-to-date: /home/mm/longshan11_6/install/can/lib/can/can_node
[0.482s] -- Up-to-date: /home/mm/longshan11_6/install/can/lib/can/test1
[0.482s] -- Up-to-date: /home/mm/longshan11_6/install/can/share/can/launch
[0.482s] -- Up-to-date: /home/mm/longshan11_6/install/can/share/can/launch/can.launch.py
[0.501s] Invoked command in '/home/mm/longshan11_6/build/can' returned '0': CMAKE_PREFIX_PATH=/opt/ros/foxy /usr/bin/cmake --install /home/mm/longshan11_6/build/can
