[0.057s] Invoking command in '/home/mm/longshan11_6/build/local': AMENT_PREFIX_PATH=/home/mm/longshan11_6/install/ros2_path_interfaces:${AMENT_PREFIX_PATH} CMAKE_PREFIX_PATH=/home/mm/longshan11_6/install/ros2_path_interfaces:/opt/ros/foxy LD_LIBRARY_PATH=/home/mm/longshan11_6/install/ros2_path_interfaces/lib:/usr/local/lib/libosqp.so:/usr/lib/x86_64-linux-gnu/gazebo-11/plugins:/opt/ros/foxy/opt/yaml_cpp_vendor/lib:/opt/ros/foxy/opt/rviz_ogre_vendor/lib:/opt/ros/foxy/lib/x86_64-linux-gnu:/opt/ros/foxy/lib:/usr/local/lib/libosqp.so PYTHONPATH=/home/mm/longshan11_6/install/ros2_path_interfaces/lib/python3.8/site-packages:${PYTHONPATH} /usr/bin/cmake --build /home/mm/longshan11_6/build/local -- -j4 -l4
[0.170s] [35m[1mScanning dependencies of target local_node3[0m
[0.267s] [  5%] [32mBuilding CXX object CMakeFiles/local_node3.dir/src/local_node3.cpp.o[0m
[0.271s] [ 11%] [32mBuilding CXX object CMakeFiles/local_node3.dir/src/speed_.cpp.o[0m
[7.222s] In file included from [01m[K/home/mm/longshan11_6/src/local/./include/localFuns.h:5[m[K,
[7.222s]                  from [01m[K/home/mm/longshan11_6/src/local/src/local_node3.cpp:14[m[K:
[7.222s] [01m[K/home/mm/longshan11_6/src/local/./include/toolKits.h:64:19:[m[K [01;35m[Kwarning: [m[Kinline function ‘[01m[Kdouble tool::d2r(double)[m[K’ used but never defined
[7.222s]    64 |     inline double [01;35m[Kd2r[m[K(double theta);
[7.222s]       |                   [01;35m[K^~~[m[K
[13.721s] [ 16%] [32m[1mLinking CXX executable local_node3[0m
[15.483s] [100%] Built target local_node3
[15.497s] Invoked command in '/home/mm/longshan11_6/build/local' returned '0': AMENT_PREFIX_PATH=/home/mm/longshan11_6/install/ros2_path_interfaces:${AMENT_PREFIX_PATH} CMAKE_PREFIX_PATH=/home/mm/longshan11_6/install/ros2_path_interfaces:/opt/ros/foxy LD_LIBRARY_PATH=/home/mm/longshan11_6/install/ros2_path_interfaces/lib:/usr/local/lib/libosqp.so:/usr/lib/x86_64-linux-gnu/gazebo-11/plugins:/opt/ros/foxy/opt/yaml_cpp_vendor/lib:/opt/ros/foxy/opt/rviz_ogre_vendor/lib:/opt/ros/foxy/lib/x86_64-linux-gnu:/opt/ros/foxy/lib:/usr/local/lib/libosqp.so PYTHONPATH=/home/mm/longshan11_6/install/ros2_path_interfaces/lib/python3.8/site-packages:${PYTHONPATH} /usr/bin/cmake --build /home/mm/longshan11_6/build/local -- -j4 -l4
[15.555s] Invoking command in '/home/mm/longshan11_6/build/local': AMENT_PREFIX_PATH=/home/mm/longshan11_6/install/ros2_path_interfaces:${AMENT_PREFIX_PATH} CMAKE_PREFIX_PATH=/home/mm/longshan11_6/install/ros2_path_interfaces:/opt/ros/foxy LD_LIBRARY_PATH=/home/mm/longshan11_6/install/ros2_path_interfaces/lib:/usr/local/lib/libosqp.so:/usr/lib/x86_64-linux-gnu/gazebo-11/plugins:/opt/ros/foxy/opt/yaml_cpp_vendor/lib:/opt/ros/foxy/opt/rviz_ogre_vendor/lib:/opt/ros/foxy/lib/x86_64-linux-gnu:/opt/ros/foxy/lib:/usr/local/lib/libosqp.so PYTHONPATH=/home/mm/longshan11_6/install/ros2_path_interfaces/lib/python3.8/site-packages:${PYTHONPATH} /usr/bin/cmake --install /home/mm/longshan11_6/build/local
[15.564s] -- Install configuration: ""
[15.565s] -- Installing: /home/mm/longshan11_6/install/local/lib/local/local_node3
[15.576s] -- Set runtime path of "/home/mm/longshan11_6/install/local/lib/local/local_node3" to ""
[15.576s] -- Up-to-date: /home/mm/longshan11_6/install/local/share/local/launch
[15.576s] -- Up-to-date: /home/mm/longshan11_6/install/local/share/local/launch/local.launch.py
[15.576s] -- Up-to-date: /home/mm/longshan11_6/install/local/share/ament_index/resource_index/package_run_dependencies/local
[15.576s] -- Up-to-date: /home/mm/longshan11_6/install/local/share/ament_index/resource_index/parent_prefix_path/local
[15.576s] -- Up-to-date: /home/mm/longshan11_6/install/local/share/local/environment/ament_prefix_path.sh
[15.576s] -- Up-to-date: /home/mm/longshan11_6/install/local/share/local/environment/ament_prefix_path.dsv
[15.576s] -- Up-to-date: /home/mm/longshan11_6/install/local/share/local/environment/path.sh
[15.577s] -- Up-to-date: /home/mm/longshan11_6/install/local/share/local/environment/path.dsv
[15.577s] -- Up-to-date: /home/mm/longshan11_6/install/local/share/local/local_setup.bash
[15.577s] -- Up-to-date: /home/mm/longshan11_6/install/local/share/local/local_setup.sh
[15.577s] -- Up-to-date: /home/mm/longshan11_6/install/local/share/local/local_setup.zsh
[15.577s] -- Up-to-date: /home/mm/longshan11_6/install/local/share/local/local_setup.dsv
[15.577s] -- Installing: /home/mm/longshan11_6/install/local/share/local/package.dsv
[15.577s] -- Up-to-date: /home/mm/longshan11_6/install/local/share/ament_index/resource_index/packages/local
[15.577s] -- Up-to-date: /home/mm/longshan11_6/install/local/share/local/cmake/localConfig.cmake
[15.577s] -- Up-to-date: /home/mm/longshan11_6/install/local/share/local/cmake/localConfig-version.cmake
[15.578s] -- Up-to-date: /home/mm/longshan11_6/install/local/share/local/package.xml
[15.580s] Invoked command in '/home/mm/longshan11_6/build/local' returned '0': AMENT_PREFIX_PATH=/home/mm/longshan11_6/install/ros2_path_interfaces:${AMENT_PREFIX_PATH} CMAKE_PREFIX_PATH=/home/mm/longshan11_6/install/ros2_path_interfaces:/opt/ros/foxy LD_LIBRARY_PATH=/home/mm/longshan11_6/install/ros2_path_interfaces/lib:/usr/local/lib/libosqp.so:/usr/lib/x86_64-linux-gnu/gazebo-11/plugins:/opt/ros/foxy/opt/yaml_cpp_vendor/lib:/opt/ros/foxy/opt/rviz_ogre_vendor/lib:/opt/ros/foxy/lib/x86_64-linux-gnu:/opt/ros/foxy/lib:/usr/local/lib/libosqp.so PYTHONPATH=/home/mm/longshan11_6/install/ros2_path_interfaces/lib/python3.8/site-packages:${PYTHONPATH} /usr/bin/cmake --install /home/mm/longshan11_6/build/local
