[0.042s] Invoking command in '/home/mm/longshan12_2/build/lidar_processing': CMAKE_PREFIX_PATH=/opt/ros/foxy /usr/bin/cmake --build /home/mm/longshan12_2/build/lidar_processing -- -j4 -l4
[0.327s] [100%] Built target Lidar_Processing_node
[0.351s] Invoked command in '/home/mm/longshan12_2/build/lidar_processing' returned '0': CMAKE_PREFIX_PATH=/opt/ros/foxy /usr/bin/cmake --build /home/mm/longshan12_2/build/lidar_processing -- -j4 -l4
[0.397s] Invoking command in '/home/mm/longshan12_2/build/lidar_processing': CMAKE_PREFIX_PATH=/opt/ros/foxy /usr/bin/cmake --install /home/mm/longshan12_2/build/lidar_processing
[0.425s] -- Install configuration: ""
[0.428s] -- Up-to-date: /home/mm/longshan12_2/install/lidar_processing/lib/lidar_processing/Lidar_Processing_node
[0.429s] -- Up-to-date: /home/mm/longshan12_2/install/lidar_processing/share/lidar_processing/launch
[0.433s] -- Up-to-date: /home/mm/longshan12_2/install/lidar_processing/share/lidar_processing/launch/lidar_Processing.launch.py
[0.435s] -- Up-to-date: /home/mm/longshan12_2/install/lidar_processing/share/lidar_processing/src
[0.436s] -- Up-to-date: /home/mm/longshan12_2/install/lidar_processing/share/lidar_processing/src/Processing_lidar.cpp
[0.438s] -- Up-to-date: /home/mm/longshan12_2/install/lidar_processing/share/lidar_processing/src/box.hpp
[0.440s] -- Up-to-date: /home/mm/longshan12_2/install/lidar_processing/share/lidar_processing/src/obstacle_detector.hpp
[0.442s] -- Up-to-date: /home/mm/longshan12_2/install/lidar_processing/share/ament_index/resource_index/package_run_dependencies/lidar_processing
[0.447s] -- Up-to-date: /home/mm/longshan12_2/install/lidar_processing/share/ament_index/resource_index/parent_prefix_path/lidar_processing
[0.454s] -- Up-to-date: /home/mm/longshan12_2/install/lidar_processing/share/lidar_processing/environment/ament_prefix_path.sh
[0.456s] -- Up-to-date: /home/mm/longshan12_2/install/lidar_processing/share/lidar_processing/environment/ament_prefix_path.dsv
[0.456s] -- Up-to-date: /home/mm/longshan12_2/install/lidar_processing/share/lidar_processing/environment/path.sh
[0.457s] -- Up-to-date: /home/mm/longshan12_2/install/lidar_processing/share/lidar_processing/environment/path.dsv
[0.457s] -- Up-to-date: /home/mm/longshan12_2/install/lidar_processing/share/lidar_processing/local_setup.bash
[0.457s] -- Up-to-date: /home/mm/longshan12_2/install/lidar_processing/share/lidar_processing/local_setup.sh
[0.458s] -- Up-to-date: /home/mm/longshan12_2/install/lidar_processing/share/lidar_processing/local_setup.zsh
[0.458s] -- Up-to-date: /home/mm/longshan12_2/install/lidar_processing/share/lidar_processing/local_setup.dsv
[0.459s] -- Installing: /home/mm/longshan12_2/install/lidar_processing/share/lidar_processing/package.dsv
[0.459s] -- Up-to-date: /home/mm/longshan12_2/install/lidar_processing/share/ament_index/resource_index/packages/lidar_processing
[0.459s] -- Up-to-date: /home/mm/longshan12_2/install/lidar_processing/share/lidar_processing/cmake/lidar_processingConfig.cmake
[0.460s] -- Up-to-date: /home/mm/longshan12_2/install/lidar_processing/share/lidar_processing/cmake/lidar_processingConfig-version.cmake
[0.460s] -- Up-to-date: /home/mm/longshan12_2/install/lidar_processing/share/lidar_processing/package.xml
[0.461s] Invoked command in '/home/mm/longshan12_2/build/lidar_processing' returned '0': CMAKE_PREFIX_PATH=/opt/ros/foxy /usr/bin/cmake --install /home/mm/longshan12_2/build/lidar_processing
