[0.058s] Invoking command in '/home/mm/longshan12_2/build/control': CMAKE_PREFIX_PATH=/opt/ros/foxy /usr/bin/cmake --build /home/mm/longshan12_2/build/control -- -j4 -l4
[0.375s] [35m[1mScanning dependencies of target control_node[0m
[0.607s] [  7%] [32mBuilding CXX object CMakeFiles/control_node.dir/src/control_node.cpp.o[0m
[5.272s] [01m[K/home/mm/longshan12_2/src/control/src/control_node.cpp:[m[K In member function ‘[01m[Kvoid control_node::timer_can_callback0()[m[K’:
[5.272s] [01m[K/home/mm/longshan12_2/src/control/src/control_node.cpp:107:24:[m[K [01;35m[Kwarning: [m[Kunused variable ‘[01m[Kmin_long_dis[m[K’ [[01;35m[K-Wunused-variable[m[K]
[5.272s]   107 |                 double [01;35m[Kmin_long_dis[m[K = obs_lidar.row(0).minCoeff(&minCol);
[5.273s]       |                        [01;35m[K^~~~~~~~~~~~[m[K
[5.368s] [01m[K/home/mm/longshan12_2/src/control/src/control_node.cpp:[m[K In member function ‘[01m[Kdouble control_node::CalculateSteerAngle(const int&)[m[K’:
[5.368s] [01m[K/home/mm/longshan12_2/src/control/src/control_node.cpp:418:20:[m[K [01;35m[Kwarning: [m[Kunused variable ‘[01m[Kpreview_distance[m[K’ [[01;35m[K-Wunused-variable[m[K]
[5.368s]   418 |             double [01;35m[Kpreview_distance[m[K = preview_time * gpsS;
[5.368s]       |                    [01;35m[K^~~~~~~~~~~~~~~~[m[K
[5.368s] [01m[K/home/mm/longshan12_2/src/control/src/control_node.cpp:431:20:[m[K [01;35m[Kwarning: [m[Kunused variable ‘[01m[KdeltaX[m[K’ [[01;35m[K-Wunused-variable[m[K]
[5.368s]   431 |             double [01;35m[KdeltaX[m[K =  dx;
[5.368s]       |                    [01;35m[K^~~~~~[m[K
[5.368s] [01m[K/home/mm/longshan12_2/src/control/src/control_node.cpp:432:20:[m[K [01;35m[Kwarning: [m[Kunused variable ‘[01m[KdeltaY[m[K’ [[01;35m[K-Wunused-variable[m[K]
[5.368s]   432 |             double [01;35m[KdeltaY[m[K =  dy;
[5.368s]       |                    [01;35m[K^~~~~~[m[K
[5.369s] [01m[K/home/mm/longshan12_2/src/control/src/control_node.cpp:433:20:[m[K [01;35m[Kwarning: [m[Kunused variable ‘[01m[KdeltaYAW[m[K’ [[01;35m[K-Wunused-variable[m[K]
[5.369s]   433 |             double [01;35m[KdeltaYAW[m[K = tool::normalizeAngle(tool::d2r(car(3)) - theta);
[5.369s]       |                    [01;35m[K^~~~~~~~[m[K
[15.417s] [ 14%] [32m[1mLinking CXX executable control_node[0m
[17.612s] [100%] Built target control_node
[17.634s] Invoked command in '/home/mm/longshan12_2/build/control' returned '0': CMAKE_PREFIX_PATH=/opt/ros/foxy /usr/bin/cmake --build /home/mm/longshan12_2/build/control -- -j4 -l4
[17.693s] Invoking command in '/home/mm/longshan12_2/build/control': CMAKE_PREFIX_PATH=/opt/ros/foxy /usr/bin/cmake --install /home/mm/longshan12_2/build/control
[17.704s] -- Install configuration: ""
[17.708s] -- Installing: /home/mm/longshan12_2/install/control/lib/control/control_node
[17.735s] -- Set runtime path of "/home/mm/longshan12_2/install/control/lib/control/control_node" to ""
[17.735s] -- Up-to-date: /home/mm/longshan12_2/install/control/share/control/launch
[17.736s] -- Up-to-date: /home/mm/longshan12_2/install/control/share/control/launch/control.launch.py
[17.737s] -- Up-to-date: /home/mm/longshan12_2/install/control/share/ament_index/resource_index/package_run_dependencies/control
[17.738s] -- Up-to-date: /home/mm/longshan12_2/install/control/share/ament_index/resource_index/parent_prefix_path/control
[17.738s] -- Up-to-date: /home/mm/longshan12_2/install/control/share/control/environment/ament_prefix_path.sh
[17.738s] -- Up-to-date: /home/mm/longshan12_2/install/control/share/control/environment/ament_prefix_path.dsv
[17.738s] -- Up-to-date: /home/mm/longshan12_2/install/control/share/control/environment/path.sh
[17.739s] -- Up-to-date: /home/mm/longshan12_2/install/control/share/control/environment/path.dsv
[17.739s] -- Up-to-date: /home/mm/longshan12_2/install/control/share/control/local_setup.bash
[17.739s] -- Up-to-date: /home/mm/longshan12_2/install/control/share/control/local_setup.sh
[17.739s] -- Up-to-date: /home/mm/longshan12_2/install/control/share/control/local_setup.zsh
[17.739s] -- Up-to-date: /home/mm/longshan12_2/install/control/share/control/local_setup.dsv
[17.741s] -- Installing: /home/mm/longshan12_2/install/control/share/control/package.dsv
[17.742s] -- Up-to-date: /home/mm/longshan12_2/install/control/share/ament_index/resource_index/packages/control
[17.743s] -- Up-to-date: /home/mm/longshan12_2/install/control/share/control/cmake/controlConfig.cmake
[17.743s] -- Up-to-date: /home/mm/longshan12_2/install/control/share/control/cmake/controlConfig-version.cmake
[17.743s] -- Up-to-date: /home/mm/longshan12_2/install/control/share/control/package.xml
[17.749s] Invoked command in '/home/mm/longshan12_2/build/control' returned '0': CMAKE_PREFIX_PATH=/opt/ros/foxy /usr/bin/cmake --install /home/mm/longshan12_2/build/control
