[0.038s] Invoking command in '/home/mm/longshan12_2/build/ros2_path_interfaces': CMAKE_PREFIX_PATH=/opt/ros/foxy /usr/bin/cmake --build /home/mm/longshan12_2/build/ros2_path_interfaces -- -j4 -l4
[0.147s] [  9%] Built target ros2_path_interfaces__rosidl_generator_c
[0.163s] [ 12%] Built target ros2_path_interfaces__cpp
[0.207s] [ 25%] Built target ros2_path_interfaces__rosidl_typesupport_cpp
[0.208s] [ 32%] Built target ros2_path_interfaces__rosidl_typesupport_fastrtps_cpp
[0.224s] [ 41%] Built target ros2_path_interfaces__rosidl_typesupport_introspection_c
[0.236s] [ 51%] Built target ros2_path_interfaces__rosidl_typesupport_c
[0.253s] [ 61%] Built target ros2_path_interfaces__rosidl_typesupport_introspection_cpp
[0.283s] [ 70%] Built target ros2_path_interfaces__rosidl_typesupport_fastrtps_c
[0.332s] [ 70%] Built target ros2_path_interfaces
[0.419s] [ 74%] Built target ros2_path_interfaces__py
[0.449s] [ 80%] Built target ros2_path_interfaces__python
[0.504s] [ 87%] Built target ros2_path_interfaces__rosidl_typesupport_c__pyext
[0.520s] [ 93%] Built target ros2_path_interfaces__rosidl_typesupport_fastrtps_c__pyext
[0.522s] [100%] Built target ros2_path_interfaces__rosidl_typesupport_introspection_c__pyext
[0.557s] Invoked command in '/home/mm/longshan12_2/build/ros2_path_interfaces' returned '0': CMAKE_PREFIX_PATH=/opt/ros/foxy /usr/bin/cmake --build /home/mm/longshan12_2/build/ros2_path_interfaces -- -j4 -l4
[0.867s] Invoking command in '/home/mm/longshan12_2/build/ros2_path_interfaces': CMAKE_PREFIX_PATH=/opt/ros/foxy /usr/bin/cmake --install /home/mm/longshan12_2/build/ros2_path_interfaces
[0.905s] -- Install configuration: ""
[0.912s] -- Up-to-date: /home/mm/longshan12_2/install/ros2_path_interfaces/share/ament_index/resource_index/rosidl_interfaces/ros2_path_interfaces
[0.913s] -- Up-to-date: /home/mm/longshan12_2/install/ros2_path_interfaces/include/ros2_path_interfaces
[0.914s] -- Up-to-date: /home/mm/longshan12_2/install/ros2_path_interfaces/include/ros2_path_interfaces/srv
[0.914s] -- Up-to-date: /home/mm/longshan12_2/install/ros2_path_interfaces/include/ros2_path_interfaces/srv/path_interfaces.h
[0.914s] -- Up-to-date: /home/mm/longshan12_2/install/ros2_path_interfaces/include/ros2_path_interfaces/srv/detail
[0.914s] -- Up-to-date: /home/mm/longshan12_2/install/ros2_path_interfaces/include/ros2_path_interfaces/srv/detail/path_interfaces__type_support.h
[0.915s] -- Up-to-date: /home/mm/longshan12_2/install/ros2_path_interfaces/include/ros2_path_interfaces/srv/detail/path_interfaces__struct.h
[0.915s] -- Up-to-date: /home/mm/longshan12_2/install/ros2_path_interfaces/include/ros2_path_interfaces/srv/detail/path_interfaces__functions.h
[0.915s] -- Up-to-date: /home/mm/longshan12_2/install/ros2_path_interfaces/include/ros2_path_interfaces/srv/detail/path_interfaces__functions.c
[0.915s] -- Up-to-date: /home/mm/longshan12_2/install/ros2_path_interfaces/include/ros2_path_interfaces/msg
[0.915s] -- Up-to-date: /home/mm/longshan12_2/install/ros2_path_interfaces/include/ros2_path_interfaces/msg/rosidl_generator_c__visibility_control.h
[0.915s] -- Up-to-date: /home/mm/longshan12_2/install/ros2_path_interfaces/share/ros2_path_interfaces/environment/library_path.sh
[0.919s] -- Up-to-date: /home/mm/longshan12_2/install/ros2_path_interfaces/share/ros2_path_interfaces/environment/library_path.dsv
[0.919s] -- Up-to-date: /home/mm/longshan12_2/install/ros2_path_interfaces/lib/libros2_path_interfaces__rosidl_generator_c.so
[0.928s] -- Up-to-date: /home/mm/longshan12_2/install/ros2_path_interfaces/include/ros2_path_interfaces
[0.929s] -- Up-to-date: /home/mm/longshan12_2/install/ros2_path_interfaces/include/ros2_path_interfaces/srv
[0.929s] -- Up-to-date: /home/mm/longshan12_2/install/ros2_path_interfaces/include/ros2_path_interfaces/srv/detail
[0.929s] -- Up-to-date: /home/mm/longshan12_2/install/ros2_path_interfaces/include/ros2_path_interfaces/srv/detail/path_interfaces__rosidl_typesupport_fastrtps_c.h
[0.930s] -- Up-to-date: /home/mm/longshan12_2/install/ros2_path_interfaces/include/ros2_path_interfaces/msg
[0.930s] -- Up-to-date: /home/mm/longshan12_2/install/ros2_path_interfaces/include/ros2_path_interfaces/msg/rosidl_typesupport_fastrtps_c__visibility_control.h
[0.930s] -- Up-to-date: /home/mm/longshan12_2/install/ros2_path_interfaces/lib/libros2_path_interfaces__rosidl_typesupport_fastrtps_c.so
[0.930s] -- Up-to-date: /home/mm/longshan12_2/install/ros2_path_interfaces/include/ros2_path_interfaces
[0.930s] -- Up-to-date: /home/mm/longshan12_2/install/ros2_path_interfaces/include/ros2_path_interfaces/srv
[0.930s] -- Up-to-date: /home/mm/longshan12_2/install/ros2_path_interfaces/include/ros2_path_interfaces/srv/detail
[0.930s] -- Up-to-date: /home/mm/longshan12_2/install/ros2_path_interfaces/include/ros2_path_interfaces/srv/detail/dds_fastrtps
[0.931s] -- Up-to-date: /home/mm/longshan12_2/install/ros2_path_interfaces/include/ros2_path_interfaces/srv/detail/path_interfaces__rosidl_typesupport_fastrtps_cpp.hpp
[0.931s] -- Up-to-date: /home/mm/longshan12_2/install/ros2_path_interfaces/include/ros2_path_interfaces/msg
[0.931s] -- Up-to-date: /home/mm/longshan12_2/install/ros2_path_interfaces/include/ros2_path_interfaces/msg/rosidl_typesupport_fastrtps_cpp__visibility_control.h
[0.931s] -- Up-to-date: /home/mm/longshan12_2/install/ros2_path_interfaces/lib/libros2_path_interfaces__rosidl_typesupport_fastrtps_cpp.so
[0.931s] -- Up-to-date: /home/mm/longshan12_2/install/ros2_path_interfaces/include/ros2_path_interfaces
[0.931s] -- Up-to-date: /home/mm/longshan12_2/install/ros2_path_interfaces/include/ros2_path_interfaces/srv
[0.931s] -- Up-to-date: /home/mm/longshan12_2/install/ros2_path_interfaces/include/ros2_path_interfaces/srv/detail
[0.931s] -- Up-to-date: /home/mm/longshan12_2/install/ros2_path_interfaces/include/ros2_path_interfaces/srv/detail/path_interfaces__rosidl_typesupport_introspection_c.h
[0.931s] -- Up-to-date: /home/mm/longshan12_2/install/ros2_path_interfaces/include/ros2_path_interfaces/srv/detail/path_interfaces__type_support.c
[0.931s] -- Up-to-date: /home/mm/longshan12_2/install/ros2_path_interfaces/include/ros2_path_interfaces/msg
[0.931s] -- Up-to-date: /home/mm/longshan12_2/install/ros2_path_interfaces/include/ros2_path_interfaces/msg/rosidl_typesupport_introspection_c__visibility_control.h
[0.931s] -- Up-to-date: /home/mm/longshan12_2/install/ros2_path_interfaces/lib/libros2_path_interfaces__rosidl_typesupport_introspection_c.so
[0.931s] -- Up-to-date: /home/mm/longshan12_2/install/ros2_path_interfaces/lib/libros2_path_interfaces__rosidl_typesupport_c.so
[0.931s] -- Up-to-date: /home/mm/longshan12_2/install/ros2_path_interfaces/include/ros2_path_interfaces
[0.932s] -- Up-to-date: /home/mm/longshan12_2/install/ros2_path_interfaces/include/ros2_path_interfaces/srv
[0.932s] -- Up-to-date: /home/mm/longshan12_2/install/ros2_path_interfaces/include/ros2_path_interfaces/srv/path_interfaces.hpp
[0.932s] -- Up-to-date: /home/mm/longshan12_2/install/ros2_path_interfaces/include/ros2_path_interfaces/srv/detail
[0.932s] -- Up-to-date: /home/mm/longshan12_2/install/ros2_path_interfaces/include/ros2_path_interfaces/srv/detail/path_interfaces__traits.hpp
[0.932s] -- Up-to-date: /home/mm/longshan12_2/install/ros2_path_interfaces/include/ros2_path_interfaces/srv/detail/path_interfaces__struct.hpp
[0.932s] -- Up-to-date: /home/mm/longshan12_2/install/ros2_path_interfaces/include/ros2_path_interfaces/srv/detail/path_interfaces__type_support.hpp
[0.932s] -- Up-to-date: /home/mm/longshan12_2/install/ros2_path_interfaces/include/ros2_path_interfaces/srv/detail/path_interfaces__builder.hpp
[0.932s] -- Up-to-date: /home/mm/longshan12_2/install/ros2_path_interfaces/include/ros2_path_interfaces/msg
[0.932s] -- Up-to-date: /home/mm/longshan12_2/install/ros2_path_interfaces/include/ros2_path_interfaces/msg/rosidl_generator_cpp__visibility_control.hpp
[0.932s] -- Up-to-date: /home/mm/longshan12_2/install/ros2_path_interfaces/include/ros2_path_interfaces
[0.932s] -- Up-to-date: /home/mm/longshan12_2/install/ros2_path_interfaces/include/ros2_path_interfaces/srv
[0.932s] -- Up-to-date: /home/mm/longshan12_2/install/ros2_path_interfaces/include/ros2_path_interfaces/srv/detail
[0.932s] -- Up-to-date: /home/mm/longshan12_2/install/ros2_path_interfaces/include/ros2_path_interfaces/srv/detail/path_interfaces__rosidl_typesupport_introspection_cpp.hpp
[0.932s] -- Up-to-date: /home/mm/longshan12_2/install/ros2_path_interfaces/include/ros2_path_interfaces/srv/detail/path_interfaces__type_support.cpp
[0.933s] -- Up-to-date: /home/mm/longshan12_2/install/ros2_path_interfaces/lib/libros2_path_interfaces__rosidl_typesupport_introspection_cpp.so
[0.933s] -- Up-to-date: /home/mm/longshan12_2/install/ros2_path_interfaces/lib/libros2_path_interfaces__rosidl_typesupport_cpp.so
[0.933s] -- Up-to-date: /home/mm/longshan12_2/install/ros2_path_interfaces/share/ros2_path_interfaces/environment/pythonpath.sh
[0.933s] -- Up-to-date: /home/mm/longshan12_2/install/ros2_path_interfaces/share/ros2_path_interfaces/environment/pythonpath.dsv
[0.933s] -- Up-to-date: /home/mm/longshan12_2/install/ros2_path_interfaces/lib/python3.8/site-packages/ros2_path_interfaces/__init__.py
[0.952s] -- Up-to-date: /home/mm/longshan12_2/install/ros2_path_interfaces/lib/python3.8/site-packages/ros2_path_interfaces/srv
[0.952s] -- Up-to-date: /home/mm/longshan12_2/install/ros2_path_interfaces/lib/python3.8/site-packages/ros2_path_interfaces/srv/__init__.py
[0.952s] -- Up-to-date: /home/mm/longshan12_2/install/ros2_path_interfaces/lib/python3.8/site-packages/ros2_path_interfaces/srv/_path_interfaces.py
[0.952s] -- Up-to-date: /home/mm/longshan12_2/install/ros2_path_interfaces/lib/python3.8/site-packages/ros2_path_interfaces/srv/_path_interfaces_s.c
[0.952s] -- Up-to-date: /home/mm/longshan12_2/install/ros2_path_interfaces/lib/python3.8/site-packages/ros2_path_interfaces/ros2_path_interfaces_s__rosidl_typesupport_fastrtps_c.cpython-38-x86_64-linux-gnu.so
[0.952s] -- Up-to-date: /home/mm/longshan12_2/install/ros2_path_interfaces/lib/python3.8/site-packages/ros2_path_interfaces/ros2_path_interfaces_s__rosidl_typesupport_introspection_c.cpython-38-x86_64-linux-gnu.so
[0.952s] -- Up-to-date: /home/mm/longshan12_2/install/ros2_path_interfaces/lib/python3.8/site-packages/ros2_path_interfaces/ros2_path_interfaces_s__rosidl_typesupport_c.cpython-38-x86_64-linux-gnu.so
[0.952s] -- Up-to-date: /home/mm/longshan12_2/install/ros2_path_interfaces/lib/libros2_path_interfaces__python.so
[0.953s] -- Up-to-date: /home/mm/longshan12_2/install/ros2_path_interfaces/share/ros2_path_interfaces/srv/PathInterfaces.idl
[0.953s] -- Up-to-date: /home/mm/longshan12_2/install/ros2_path_interfaces/share/ros2_path_interfaces/srv/PathInterfaces.srv
[0.953s] -- Up-to-date: /home/mm/longshan12_2/install/ros2_path_interfaces/share/ros2_path_interfaces/srv/PathInterfaces_Request.msg
[0.953s] -- Up-to-date: /home/mm/longshan12_2/install/ros2_path_interfaces/share/ros2_path_interfaces/srv/PathInterfaces_Response.msg
[0.954s] -- Up-to-date: /home/mm/longshan12_2/install/ros2_path_interfaces/share/ament_index/resource_index/package_run_dependencies/ros2_path_interfaces
[0.956s] -- Up-to-date: /home/mm/longshan12_2/install/ros2_path_interfaces/share/ament_index/resource_index/parent_prefix_path/ros2_path_interfaces
[0.956s] -- Up-to-date: /home/mm/longshan12_2/install/ros2_path_interfaces/share/ros2_path_interfaces/environment/ament_prefix_path.sh
[0.956s] -- Up-to-date: /home/mm/longshan12_2/install/ros2_path_interfaces/share/ros2_path_interfaces/environment/ament_prefix_path.dsv
[0.956s] -- Up-to-date: /home/mm/longshan12_2/install/ros2_path_interfaces/share/ros2_path_interfaces/environment/path.sh
[0.956s] -- Up-to-date: /home/mm/longshan12_2/install/ros2_path_interfaces/share/ros2_path_interfaces/environment/path.dsv
[0.956s] -- Up-to-date: /home/mm/longshan12_2/install/ros2_path_interfaces/share/ros2_path_interfaces/local_setup.bash
[0.956s] -- Up-to-date: /home/mm/longshan12_2/install/ros2_path_interfaces/share/ros2_path_interfaces/local_setup.sh
[0.956s] -- Up-to-date: /home/mm/longshan12_2/install/ros2_path_interfaces/share/ros2_path_interfaces/local_setup.zsh
[0.956s] -- Up-to-date: /home/mm/longshan12_2/install/ros2_path_interfaces/share/ros2_path_interfaces/local_setup.dsv
[0.956s] -- Installing: /home/mm/longshan12_2/install/ros2_path_interfaces/share/ros2_path_interfaces/package.dsv
[0.956s] -- Up-to-date: /home/mm/longshan12_2/install/ros2_path_interfaces/share/ament_index/resource_index/packages/ros2_path_interfaces
[0.956s] -- Up-to-date: /home/mm/longshan12_2/install/ros2_path_interfaces/share/ros2_path_interfaces/cmake/ros2_path_interfaces__rosidl_generator_cExport.cmake
[0.956s] -- Up-to-date: /home/mm/longshan12_2/install/ros2_path_interfaces/share/ros2_path_interfaces/cmake/ros2_path_interfaces__rosidl_generator_cExport-noconfig.cmake
[0.957s] -- Up-to-date: /home/mm/longshan12_2/install/ros2_path_interfaces/share/ros2_path_interfaces/cmake/ros2_path_interfaces__rosidl_typesupport_introspection_cExport.cmake
[0.957s] -- Up-to-date: /home/mm/longshan12_2/install/ros2_path_interfaces/share/ros2_path_interfaces/cmake/ros2_path_interfaces__rosidl_typesupport_introspection_cExport-noconfig.cmake
[0.957s] -- Up-to-date: /home/mm/longshan12_2/install/ros2_path_interfaces/share/ros2_path_interfaces/cmake/ros2_path_interfaces__rosidl_typesupport_cExport.cmake
[0.957s] -- Up-to-date: /home/mm/longshan12_2/install/ros2_path_interfaces/share/ros2_path_interfaces/cmake/ros2_path_interfaces__rosidl_typesupport_cExport-noconfig.cmake
[0.957s] -- Up-to-date: /home/mm/longshan12_2/install/ros2_path_interfaces/share/ros2_path_interfaces/cmake/ros2_path_interfaces__rosidl_generator_cppExport.cmake
[0.957s] -- Up-to-date: /home/mm/longshan12_2/install/ros2_path_interfaces/share/ros2_path_interfaces/cmake/ros2_path_interfaces__rosidl_typesupport_introspection_cppExport.cmake
[0.957s] -- Up-to-date: /home/mm/longshan12_2/install/ros2_path_interfaces/share/ros2_path_interfaces/cmake/ros2_path_interfaces__rosidl_typesupport_introspection_cppExport-noconfig.cmake
[0.957s] -- Up-to-date: /home/mm/longshan12_2/install/ros2_path_interfaces/share/ros2_path_interfaces/cmake/ros2_path_interfaces__rosidl_typesupport_cppExport.cmake
[0.957s] -- Up-to-date: /home/mm/longshan12_2/install/ros2_path_interfaces/share/ros2_path_interfaces/cmake/ros2_path_interfaces__rosidl_typesupport_cppExport-noconfig.cmake
[0.957s] -- Up-to-date: /home/mm/longshan12_2/install/ros2_path_interfaces/share/ros2_path_interfaces/cmake/rosidl_cmake-extras.cmake
[0.957s] -- Up-to-date: /home/mm/longshan12_2/install/ros2_path_interfaces/share/ros2_path_interfaces/cmake/ament_cmake_export_dependencies-extras.cmake
[0.957s] -- Up-to-date: /home/mm/longshan12_2/install/ros2_path_interfaces/share/ros2_path_interfaces/cmake/ament_cmake_export_libraries-extras.cmake
[0.957s] -- Up-to-date: /home/mm/longshan12_2/install/ros2_path_interfaces/share/ros2_path_interfaces/cmake/ament_cmake_export_targets-extras.cmake
[0.957s] -- Up-to-date: /home/mm/longshan12_2/install/ros2_path_interfaces/share/ros2_path_interfaces/cmake/ament_cmake_export_include_directories-extras.cmake
[0.958s] -- Up-to-date: /home/mm/longshan12_2/install/ros2_path_interfaces/share/ros2_path_interfaces/cmake/rosidl_cmake_export_typesupport_libraries-extras.cmake
[0.958s] -- Up-to-date: /home/mm/longshan12_2/install/ros2_path_interfaces/share/ros2_path_interfaces/cmake/rosidl_cmake_export_typesupport_targets-extras.cmake
[0.958s] -- Up-to-date: /home/mm/longshan12_2/install/ros2_path_interfaces/share/ros2_path_interfaces/cmake/ros2_path_interfacesConfig.cmake
[0.958s] -- Up-to-date: /home/mm/longshan12_2/install/ros2_path_interfaces/share/ros2_path_interfaces/cmake/ros2_path_interfacesConfig-version.cmake
[0.958s] -- Up-to-date: /home/mm/longshan12_2/install/ros2_path_interfaces/share/ros2_path_interfaces/package.xml
[0.974s] Invoked command in '/home/mm/longshan12_2/build/ros2_path_interfaces' returned '0': CMAKE_PREFIX_PATH=/opt/ros/foxy /usr/bin/cmake --install /home/mm/longshan12_2/build/ros2_path_interfaces
