[0.051s] Invoking command in '/home/mm/longshan12_2/build/can': CMAKE_PREFIX_PATH=/opt/ros/foxy /usr/bin/cmake --build /home/mm/longshan12_2/build/can -- -j4 -l4
[0.235s] [ 40%] Built target test1
[0.241s] [100%] Built target can_node
[0.276s] Invoked command in '/home/mm/longshan12_2/build/can' returned '0': CMAKE_PREFIX_PATH=/opt/ros/foxy /usr/bin/cmake --build /home/mm/longshan12_2/build/can -- -j4 -l4
[0.444s] Invoking command in '/home/mm/longshan12_2/build/can': CMAKE_PREFIX_PATH=/opt/ros/foxy /usr/bin/cmake --install /home/mm/longshan12_2/build/can
[0.465s] -- Install configuration: ""
[0.465s] -- Up-to-date: /home/mm/longshan12_2/install/can/share/ament_index/resource_index/package_run_dependencies/can
[0.465s] -- Up-to-date: /home/mm/longshan12_2/install/can/share/ament_index/resource_index/parent_prefix_path/can
[0.466s] -- Up-to-date: /home/mm/longshan12_2/install/can/share/can/environment/ament_prefix_path.sh
[0.466s] -- Up-to-date: /home/mm/longshan12_2/install/can/share/can/environment/ament_prefix_path.dsv
[0.466s] -- Up-to-date: /home/mm/longshan12_2/install/can/share/can/environment/path.sh
[0.466s] -- Up-to-date: /home/mm/longshan12_2/install/can/share/can/environment/path.dsv
[0.466s] -- Up-to-date: /home/mm/longshan12_2/install/can/share/can/local_setup.bash
[0.467s] -- Up-to-date: /home/mm/longshan12_2/install/can/share/can/local_setup.sh
[0.467s] -- Up-to-date: /home/mm/longshan12_2/install/can/share/can/local_setup.zsh
[0.467s] -- Up-to-date: /home/mm/longshan12_2/install/can/share/can/local_setup.dsv
[0.467s] -- Installing: /home/mm/longshan12_2/install/can/share/can/package.dsv
[0.467s] -- Up-to-date: /home/mm/longshan12_2/install/can/share/ament_index/resource_index/packages/can
[0.467s] -- Up-to-date: /home/mm/longshan12_2/install/can/share/can/cmake/canConfig.cmake
[0.467s] -- Up-to-date: /home/mm/longshan12_2/install/can/share/can/cmake/canConfig-version.cmake
[0.468s] -- Up-to-date: /home/mm/longshan12_2/install/can/share/can/package.xml
[0.468s] -- Up-to-date: /home/mm/longshan12_2/install/can/lib/can/can_node
[0.468s] -- Up-to-date: /home/mm/longshan12_2/install/can/lib/can/test1
[0.468s] -- Up-to-date: /home/mm/longshan12_2/install/can/share/can/launch
[0.469s] -- Up-to-date: /home/mm/longshan12_2/install/can/share/can/launch/can.launch.py
[0.517s] Invoked command in '/home/mm/longshan12_2/build/can' returned '0': CMAKE_PREFIX_PATH=/opt/ros/foxy /usr/bin/cmake --install /home/mm/longshan12_2/build/can
