[0.044s] Invoking command in '/home/mm/longshan12_2/build/control': CMAKE_PREFIX_PATH=/opt/ros/foxy /usr/bin/cmake --build /home/mm/longshan12_2/build/control -- -j4 -l4
[0.374s] [100%] Built target control_node
[0.393s] Invoked command in '/home/mm/longshan12_2/build/control' returned '0': CMAKE_PREFIX_PATH=/opt/ros/foxy /usr/bin/cmake --build /home/mm/longshan12_2/build/control -- -j4 -l4
[0.672s] Invoking command in '/home/mm/longshan12_2/build/control': CMAKE_PREFIX_PATH=/opt/ros/foxy /usr/bin/cmake --install /home/mm/longshan12_2/build/control
[1.148s] -- Install configuration: ""
[1.148s] -- Up-to-date: /home/mm/longshan12_2/install/control/lib/control/control_node
[1.148s] -- Up-to-date: /home/mm/longshan12_2/install/control/share/control/launch
[1.149s] -- Up-to-date: /home/mm/longshan12_2/install/control/share/control/launch/control.launch.py
[1.149s] -- Up-to-date: /home/mm/longshan12_2/install/control/share/ament_index/resource_index/package_run_dependencies/control
[1.149s] -- Up-to-date: /home/mm/longshan12_2/install/control/share/ament_index/resource_index/parent_prefix_path/control
[1.149s] -- Up-to-date: /home/mm/longshan12_2/install/control/share/control/environment/ament_prefix_path.sh
[1.150s] -- Up-to-date: /home/mm/longshan12_2/install/control/share/control/environment/ament_prefix_path.dsv
[1.151s] -- Up-to-date: /home/mm/longshan12_2/install/control/share/control/environment/path.sh
[1.152s] -- Up-to-date: /home/mm/longshan12_2/install/control/share/control/environment/path.dsv
[1.152s] -- Up-to-date: /home/mm/longshan12_2/install/control/share/control/local_setup.bash
[1.152s] -- Up-to-date: /home/mm/longshan12_2/install/control/share/control/local_setup.sh
[1.154s] -- Up-to-date: /home/mm/longshan12_2/install/control/share/control/local_setup.zsh
[1.155s] -- Up-to-date: /home/mm/longshan12_2/install/control/share/control/local_setup.dsv
[1.155s] -- Installing: /home/mm/longshan12_2/install/control/share/control/package.dsv
[1.155s] -- Up-to-date: /home/mm/longshan12_2/install/control/share/ament_index/resource_index/packages/control
[1.155s] -- Up-to-date: /home/mm/longshan12_2/install/control/share/control/cmake/controlConfig.cmake
[1.155s] -- Up-to-date: /home/mm/longshan12_2/install/control/share/control/cmake/controlConfig-version.cmake
[1.156s] -- Up-to-date: /home/mm/longshan12_2/install/control/share/control/package.xml
[1.166s] Invoked command in '/home/mm/longshan12_2/build/control' returned '0': CMAKE_PREFIX_PATH=/opt/ros/foxy /usr/bin/cmake --install /home/mm/longshan12_2/build/control
