[0.049s] Invoking command in '/home/mm/longshan12_2/build/can': CMAKE_PREFIX_PATH=/opt/ros/foxy /usr/bin/cmake --build /home/mm/longshan12_2/build/can -- -j4 -l4
[0.252s] [35m[1mScanning dependencies of target can_node[0m
[0.297s] [ 20%] [32mBuilding CXX object CMakeFiles/can_node.dir/src/socketcan.cpp.o[0m
[0.357s] [ 60%] Built target test1
[0.931s] [01m[K/home/mm/longshan12_2/src/can/src/socketcan.cpp:[m[K In constructor ‘[01m[Ksocketcan::socketcan()[m[K’:
[0.931s] [01m[K/home/mm/longshan12_2/src/can/src/socketcan.cpp:27:16:[m[K [01;35m[Kwarning: [m[Kunused variable ‘[01m[KactualFrameRate[m[K’ [[01;35m[K-Wunused-variable[m[K]
[0.931s]    27 |         double [01;35m[KactualFrameRate[m[K = 1.0 / frameDuration.count();
[0.931s]       |                [01;35m[K^~~~~~~~~~~~~~~[m[K
[0.933s] [01m[K/home/mm/longshan12_2/src/can/src/socketcan.cpp:[m[K In destructor ‘[01m[Ksocketcan::~socketcan()[m[K’:
[0.933s] [01m[K/home/mm/longshan12_2/src/can/src/socketcan.cpp:77:16:[m[K [01;35m[Kwarning: [m[Kunused variable ‘[01m[KactualFrameRate[m[K’ [[01;35m[K-Wunused-variable[m[K]
[0.933s]    77 |         double [01;35m[KactualFrameRate[m[K = 1.0 / frameDuration.count();
[0.933s]       |                [01;35m[K^~~~~~~~~~~~~~~[m[K
[0.934s] [01m[K/home/mm/longshan12_2/src/can/src/socketcan.cpp:102:6:[m[K [01;35m[Kwarning: [m[Kunused variable ‘[01m[Kreturn_code2[m[K’ [[01;35m[K-Wunused-variable[m[K]
[0.934s]   102 |  int [01;35m[Kreturn_code2[m[K = send_init(0x1C5, data1); //0x1C5
[0.934s]       |      [01;35m[K^~~~~~~~~~~~[m[K
[0.935s] [01m[K/home/mm/longshan12_2/src/can/src/socketcan.cpp:[m[K In member function ‘[01m[Kvoid socketcan::exit_socketcan()[m[K’:
[0.935s] [01m[K/home/mm/longshan12_2/src/can/src/socketcan.cpp:129:16:[m[K [01;35m[Kwarning: [m[Kunused variable ‘[01m[KactualFrameRate[m[K’ [[01;35m[K-Wunused-variable[m[K]
[0.935s]   129 |         double [01;35m[KactualFrameRate[m[K = 1.0 / frameDuration.count();
[0.935s]       |                [01;35m[K^~~~~~~~~~~~~~~[m[K
[0.935s] [01m[K/home/mm/longshan12_2/src/can/src/socketcan.cpp:155:6:[m[K [01;35m[Kwarning: [m[Kunused variable ‘[01m[Kreturn_code2[m[K’ [[01;35m[K-Wunused-variable[m[K]
[0.935s]   155 |  int [01;35m[Kreturn_code2[m[K = send_init(0x1C5, data1); //0x1C5
[0.935s]       |      [01;35m[K^~~~~~~~~~~~[m[K
[0.943s] [01m[K/home/mm/longshan12_2/src/can/src/socketcan.cpp:[m[K In member function ‘[01m[Kvoid socketcan::send_data_nobusy(int, can_frame*)[m[K’:
[0.943s] [01m[K/home/mm/longshan12_2/src/can/src/socketcan.cpp:350:38:[m[K [01;35m[Kwarning: [m[Kunused parameter ‘[01m[Ksocket_fd[m[K’ [[01;35m[K-Wunused-parameter[m[K]
[0.943s]   350 | void socketcan::send_data_nobusy([01;35m[Kint socket_fd[m[K, struct can_frame *frame) {
[0.943s]       |                                  [01;35m[K~~~~^~~~~~~~~[m[K
[1.098s] [01m[K/home/mm/longshan12_2/src/can/src/socketcan.cpp:[m[K In member function ‘[01m[Kint socketcan::send_init(unsigned int, unsigned char*)[m[K’:
[1.099s] [01m[K/home/mm/longshan12_2/src/can/src/socketcan.cpp:203:1:[m[K [01;35m[Kwarning: [m[Kcontrol reaches end of non-void function [[01;35m[K-Wreturn-type[m[K]
[1.099s]   203 | [01;35m[K}[m[K
[1.099s]       | [01;35m[K^[m[K
[1.217s] [ 80%] [32m[1mLinking CXX executable can_node[0m
[2.218s] [100%] Built target can_node
[2.276s] Invoked command in '/home/mm/longshan12_2/build/can' returned '0': CMAKE_PREFIX_PATH=/opt/ros/foxy /usr/bin/cmake --build /home/mm/longshan12_2/build/can -- -j4 -l4
[2.347s] Invoking command in '/home/mm/longshan12_2/build/can': CMAKE_PREFIX_PATH=/opt/ros/foxy /usr/bin/cmake --install /home/mm/longshan12_2/build/can
[2.374s] -- Install configuration: ""
[2.374s] -- Up-to-date: /home/mm/longshan12_2/install/can/share/ament_index/resource_index/package_run_dependencies/can
[2.374s] -- Up-to-date: /home/mm/longshan12_2/install/can/share/ament_index/resource_index/parent_prefix_path/can
[2.374s] -- Up-to-date: /home/mm/longshan12_2/install/can/share/can/environment/ament_prefix_path.sh
[2.374s] -- Up-to-date: /home/mm/longshan12_2/install/can/share/can/environment/ament_prefix_path.dsv
[2.374s] -- Up-to-date: /home/mm/longshan12_2/install/can/share/can/environment/path.sh
[2.374s] -- Up-to-date: /home/mm/longshan12_2/install/can/share/can/environment/path.dsv
[2.375s] -- Up-to-date: /home/mm/longshan12_2/install/can/share/can/local_setup.bash
[2.375s] -- Up-to-date: /home/mm/longshan12_2/install/can/share/can/local_setup.sh
[2.375s] -- Up-to-date: /home/mm/longshan12_2/install/can/share/can/local_setup.zsh
[2.375s] -- Up-to-date: /home/mm/longshan12_2/install/can/share/can/local_setup.dsv
[2.375s] -- Installing: /home/mm/longshan12_2/install/can/share/can/package.dsv
[2.375s] -- Up-to-date: /home/mm/longshan12_2/install/can/share/ament_index/resource_index/packages/can
[2.375s] -- Up-to-date: /home/mm/longshan12_2/install/can/share/can/cmake/canConfig.cmake
[2.375s] -- Up-to-date: /home/mm/longshan12_2/install/can/share/can/cmake/canConfig-version.cmake
[2.378s] -- Up-to-date: /home/mm/longshan12_2/install/can/share/can/package.xml
[2.378s] -- Installing: /home/mm/longshan12_2/install/can/lib/can/can_node
[2.380s] -- Set runtime path of "/home/mm/longshan12_2/install/can/lib/can/can_node" to ""
[2.380s] -- Up-to-date: /home/mm/longshan12_2/install/can/lib/can/test1
[2.380s] -- Up-to-date: /home/mm/longshan12_2/install/can/share/can/launch
[2.380s] -- Up-to-date: /home/mm/longshan12_2/install/can/share/can/launch/can.launch.py
[2.386s] Invoked command in '/home/mm/longshan12_2/build/can' returned '0': CMAKE_PREFIX_PATH=/opt/ros/foxy /usr/bin/cmake --install /home/mm/longshan12_2/build/can
