[0.041s] Invoking command in '/home/mm/longshan12_2/build/can': CMAKE_PREFIX_PATH=/opt/ros/foxy /usr/bin/cmake --build /home/mm/longshan12_2/build/can -- -j4 -l4
[0.143s] [ 60%] Built target can_node
[0.143s] [100%] Built target test1
[0.169s] Invoked command in '/home/mm/longshan12_2/build/can' returned '0': CMAKE_PREFIX_PATH=/opt/ros/foxy /usr/bin/cmake --build /home/mm/longshan12_2/build/can -- -j4 -l4
[0.313s] Invoking command in '/home/mm/longshan12_2/build/can': CMAKE_PREFIX_PATH=/opt/ros/foxy /usr/bin/cmake --install /home/mm/longshan12_2/build/can
[0.342s] -- Install configuration: ""
[0.343s] -- Up-to-date: /home/mm/longshan12_2/install/can/share/ament_index/resource_index/package_run_dependencies/can
[0.343s] -- Up-to-date: /home/mm/longshan12_2/install/can/share/ament_index/resource_index/parent_prefix_path/can
[0.345s] -- Up-to-date: /home/mm/longshan12_2/install/can/share/can/environment/ament_prefix_path.sh
[0.345s] -- Up-to-date: /home/mm/longshan12_2/install/can/share/can/environment/ament_prefix_path.dsv
[0.346s] -- Up-to-date: /home/mm/longshan12_2/install/can/share/can/environment/path.sh
[0.346s] -- Up-to-date: /home/mm/longshan12_2/install/can/share/can/environment/path.dsv
[0.347s] -- Up-to-date: /home/mm/longshan12_2/install/can/share/can/local_setup.bash
[0.347s] -- Up-to-date: /home/mm/longshan12_2/install/can/share/can/local_setup.sh
[0.347s] -- Up-to-date: /home/mm/longshan12_2/install/can/share/can/local_setup.zsh
[0.347s] -- Up-to-date: /home/mm/longshan12_2/install/can/share/can/local_setup.dsv
[0.349s] -- Installing: /home/mm/longshan12_2/install/can/share/can/package.dsv
[0.349s] -- Up-to-date: /home/mm/longshan12_2/install/can/share/ament_index/resource_index/packages/can
[0.349s] -- Up-to-date: /home/mm/longshan12_2/install/can/share/can/cmake/canConfig.cmake
[0.350s] -- Up-to-date: /home/mm/longshan12_2/install/can/share/can/cmake/canConfig-version.cmake
[0.350s] -- Up-to-date: /home/mm/longshan12_2/install/can/share/can/package.xml
[0.351s] -- Up-to-date: /home/mm/longshan12_2/install/can/lib/can/can_node
[0.351s] -- Up-to-date: /home/mm/longshan12_2/install/can/lib/can/test1
[0.351s] -- Up-to-date: /home/mm/longshan12_2/install/can/share/can/launch
[0.351s] -- Up-to-date: /home/mm/longshan12_2/install/can/share/can/launch/can.launch.py
[0.357s] Invoked command in '/home/mm/longshan12_2/build/can' returned '0': CMAKE_PREFIX_PATH=/opt/ros/foxy /usr/bin/cmake --install /home/mm/longshan12_2/build/can
