[0.061s] Invoking command in '/home/mm/longshan12_2/build/control': CMAKE_PREFIX_PATH=/opt/ros/foxy /usr/bin/cmake --build /home/mm/longshan12_2/build/control -- -j4 -l4
[0.404s] [35m[1mScanning dependencies of target control_node[0m
[0.600s] [  7%] [32mBuilding CXX object CMakeFiles/control_node.dir/src/mpc_osqp.cpp.o[0m
[0.615s] [ 14%] [32mBuilding CXX object CMakeFiles/control_node.dir/src/KineMPCControler.cpp.o[0m
[0.640s] [ 21%] [32mBuilding CXX object CMakeFiles/control_node.dir/src/control_node.cpp.o[0m
[4.291s] [01m[K/home/mm/longshan12_2/src/control/src/KineMPCControler.cpp:[m[K In member function ‘[01m[Kvoid KineMPCController::UpdateMatrix(std::tuple<double, double, double, double>&, std::tuple<double, double, double, double>&)[m[K’:
[4.292s] [01m[K/home/mm/longshan12_2/src/control/src/KineMPCControler.cpp:59:79:[m[K [01;35m[Kwarning: [m[Kunused parameter ‘[01m[Kstate[m[K’ [[01;35m[K-Wunused-parameter[m[K]
[4.292s]    59 | void KineMPCController::UpdateMatrix([01;35m[Kstd::tuple<double,double,double,double> &state[m[K,
[4.292s]       |                                      [01;35m[K~~~~~~~~~~~~~~~~~~~~~~~~~~~~~~~~~~~~~~~~~^~~~~[m[K
[8.199s] [01m[K/home/mm/longshan12_2/src/control/src/control_node.cpp:[m[K In member function ‘[01m[Kdouble control_node::CalculateSteerAngle(const int&)[m[K’:
[8.200s] [01m[K/home/mm/longshan12_2/src/control/src/control_node.cpp:418:20:[m[K [01;35m[Kwarning: [m[Kunused variable ‘[01m[KdeltaX[m[K’ [[01;35m[K-Wunused-variable[m[K]
[8.200s]   418 |             double [01;35m[KdeltaX[m[K =  dx;
[8.200s]       |                    [01;35m[K^~~~~~[m[K
[8.200s] [01m[K/home/mm/longshan12_2/src/control/src/control_node.cpp:419:20:[m[K [01;35m[Kwarning: [m[Kunused variable ‘[01m[KdeltaY[m[K’ [[01;35m[K-Wunused-variable[m[K]
[8.200s]   419 |             double [01;35m[KdeltaY[m[K =  dy;
[8.200s]       |                    [01;35m[K^~~~~~[m[K
[8.200s] [01m[K/home/mm/longshan12_2/src/control/src/control_node.cpp:420:20:[m[K [01;35m[Kwarning: [m[Kunused variable ‘[01m[KdeltaYAW[m[K’ [[01;35m[K-Wunused-variable[m[K]
[8.200s]   420 |             double [01;35m[KdeltaYAW[m[K = tool::normalizeAngle(tool::d2r(car(3)) - theta);
[8.200s]       |                    [01;35m[K^~~~~~~~[m[K
[19.245s] [ 28%] [32m[1mLinking CXX executable control_node[0m
[21.440s] [100%] Built target control_node
[21.457s] Invoked command in '/home/mm/longshan12_2/build/control' returned '0': CMAKE_PREFIX_PATH=/opt/ros/foxy /usr/bin/cmake --build /home/mm/longshan12_2/build/control -- -j4 -l4
[21.528s] Invoking command in '/home/mm/longshan12_2/build/control': CMAKE_PREFIX_PATH=/opt/ros/foxy /usr/bin/cmake --install /home/mm/longshan12_2/build/control
[21.539s] -- Install configuration: ""
[21.542s] -- Installing: /home/mm/longshan12_2/install/control/lib/control/control_node
[21.555s] -- Set runtime path of "/home/mm/longshan12_2/install/control/lib/control/control_node" to ""
[21.555s] -- Up-to-date: /home/mm/longshan12_2/install/control/share/control/launch
[21.555s] -- Up-to-date: /home/mm/longshan12_2/install/control/share/control/launch/control.launch.py
[21.555s] -- Up-to-date: /home/mm/longshan12_2/install/control/share/ament_index/resource_index/package_run_dependencies/control
[21.556s] -- Up-to-date: /home/mm/longshan12_2/install/control/share/ament_index/resource_index/parent_prefix_path/control
[21.556s] -- Up-to-date: /home/mm/longshan12_2/install/control/share/control/environment/ament_prefix_path.sh
[21.556s] -- Up-to-date: /home/mm/longshan12_2/install/control/share/control/environment/ament_prefix_path.dsv
[21.557s] -- Up-to-date: /home/mm/longshan12_2/install/control/share/control/environment/path.sh
[21.557s] -- Up-to-date: /home/mm/longshan12_2/install/control/share/control/environment/path.dsv
[21.557s] -- Up-to-date: /home/mm/longshan12_2/install/control/share/control/local_setup.bash
[21.558s] -- Up-to-date: /home/mm/longshan12_2/install/control/share/control/local_setup.sh
[21.558s] -- Up-to-date: /home/mm/longshan12_2/install/control/share/control/local_setup.zsh
[21.558s] -- Up-to-date: /home/mm/longshan12_2/install/control/share/control/local_setup.dsv
[21.559s] -- Installing: /home/mm/longshan12_2/install/control/share/control/package.dsv
[21.559s] -- Up-to-date: /home/mm/longshan12_2/install/control/share/ament_index/resource_index/packages/control
[21.559s] -- Up-to-date: /home/mm/longshan12_2/install/control/share/control/cmake/controlConfig.cmake
[21.559s] -- Up-to-date: /home/mm/longshan12_2/install/control/share/control/cmake/controlConfig-version.cmake
[21.560s] -- Up-to-date: /home/mm/longshan12_2/install/control/share/control/package.xml
[21.564s] Invoked command in '/home/mm/longshan12_2/build/control' returned '0': CMAKE_PREFIX_PATH=/opt/ros/foxy /usr/bin/cmake --install /home/mm/longshan12_2/build/control
