[0.057s] Invoking command in '/home/mm/longshan12_2/build/myrviz': CMAKE_PREFIX_PATH=/opt/ros/foxy /usr/bin/cmake --build /home/mm/longshan12_2/build/myrviz -- -j4 -l4
[0.166s] [35m[1mScanning dependencies of target points_and_lines_publisher[0m
[0.272s] [ 50%] [32mBuilding CXX object CMakeFiles/points_and_lines_publisher.dir/src/pubrviz.cpp.o[0m
[8.083s] [01m[K/home/mm/longshan12_2/src/myrviz/src/pubrviz.cpp:[m[K In member function ‘[01m[Kvoid PointsAndLinesPublisher::publocal(std_msgs::msg::Float64MultiArray_<std::allocator<void> >::SharedPtr)[m[K’:
[8.084s] [01m[K/home/mm/longshan12_2/src/myrviz/src/pubrviz.cpp:271:20:[m[K [01;35m[Kwarning: [m[Kunused variable ‘[01m[Klocalid[m[K’ [[01;35m[K-Wunused-variable[m[K]
[8.084s]   271 |         static int [01;35m[Klocalid[m[K =0;
[8.084s]       |                    [01;35m[K^~~~~~~[m[K
[21.345s] [100%] [32m[1mLinking CXX executable points_and_lines_publisher[0m
[22.584s] [100%] Built target points_and_lines_publisher
[22.608s] Invoked command in '/home/mm/longshan12_2/build/myrviz' returned '0': CMAKE_PREFIX_PATH=/opt/ros/foxy /usr/bin/cmake --build /home/mm/longshan12_2/build/myrviz -- -j4 -l4
[22.637s] Invoking command in '/home/mm/longshan12_2/build/myrviz': CMAKE_PREFIX_PATH=/opt/ros/foxy /usr/bin/cmake --install /home/mm/longshan12_2/build/myrviz
[22.648s] -- Install configuration: ""
[22.652s] -- Installing: /home/mm/longshan12_2/install/myrviz/lib/myrviz/points_and_lines_publisher
[22.656s] -- Set runtime path of "/home/mm/longshan12_2/install/myrviz/lib/myrviz/points_and_lines_publisher" to ""
[22.659s] -- Up-to-date: /home/mm/longshan12_2/install/myrviz/share/ament_index/resource_index/package_run_dependencies/myrviz
[22.659s] -- Up-to-date: /home/mm/longshan12_2/install/myrviz/share/ament_index/resource_index/parent_prefix_path/myrviz
[22.660s] -- Up-to-date: /home/mm/longshan12_2/install/myrviz/share/myrviz/environment/ament_prefix_path.sh
[22.661s] -- Up-to-date: /home/mm/longshan12_2/install/myrviz/share/myrviz/environment/ament_prefix_path.dsv
[22.661s] -- Up-to-date: /home/mm/longshan12_2/install/myrviz/share/myrviz/environment/path.sh
[22.661s] -- Up-to-date: /home/mm/longshan12_2/install/myrviz/share/myrviz/environment/path.dsv
[22.662s] -- Up-to-date: /home/mm/longshan12_2/install/myrviz/share/myrviz/local_setup.bash
[22.662s] -- Up-to-date: /home/mm/longshan12_2/install/myrviz/share/myrviz/local_setup.sh
[22.662s] -- Up-to-date: /home/mm/longshan12_2/install/myrviz/share/myrviz/local_setup.zsh
[22.662s] -- Up-to-date: /home/mm/longshan12_2/install/myrviz/share/myrviz/local_setup.dsv
[22.663s] -- Installing: /home/mm/longshan12_2/install/myrviz/share/myrviz/package.dsv
[22.664s] -- Up-to-date: /home/mm/longshan12_2/install/myrviz/share/ament_index/resource_index/packages/myrviz
[22.665s] -- Up-to-date: /home/mm/longshan12_2/install/myrviz/share/myrviz/cmake/myrvizConfig.cmake
[22.665s] -- Up-to-date: /home/mm/longshan12_2/install/myrviz/share/myrviz/cmake/myrvizConfig-version.cmake
[22.666s] -- Up-to-date: /home/mm/longshan12_2/install/myrviz/share/myrviz/package.xml
[22.668s] Invoked command in '/home/mm/longshan12_2/build/myrviz' returned '0': CMAKE_PREFIX_PATH=/opt/ros/foxy /usr/bin/cmake --install /home/mm/longshan12_2/build/myrviz
