[0.031s] Invoking command in '/home/mm/longshan12_2/build/gnss': CMAKE_PREFIX_PATH=/opt/ros/foxy /usr/bin/cmake --build /home/mm/longshan12_2/build/gnss -- -j4 -l4
[0.164s] [  8%] Built target gnss__rosidl_generator_c
[0.172s] [ 10%] Built target gnss__cpp
[0.216s] [ 19%] Built target gnss__rosidl_typesupport_introspection_c
[0.278s] [ 28%] Built target gnss__rosidl_typesupport_cpp
[0.289s] [ 37%] Built target gnss__rosidl_typesupport_introspection_cpp
[0.295s] [ 46%] Built target gnss__rosidl_typesupport_c
[0.336s] [ 55%] Built target gnss__rosidl_typesupport_fastrtps_cpp
[0.389s] [ 64%] Built target gnss__rosidl_typesupport_fastrtps_c
[0.434s] [ 64%] Built target gnss
[0.466s] [ 66%] Built target gnss__py
[0.490s] [ 75%] Built target gnss_lib
[0.509s] [ 78%] Built target gnss_sync_node
[0.547s] [ 85%] Built target gnss__python
[0.553s] [ 89%] Built target gnss_node
[0.606s] [ 92%] Built target gnss__rosidl_typesupport_fastrtps_c__pyext
[0.608s] [ 96%] Built target gnss__rosidl_typesupport_introspection_c__pyext
[0.620s] [100%] Built target gnss__rosidl_typesupport_c__pyext
[0.645s] Invoked command in '/home/mm/longshan12_2/build/gnss' returned '0': CMAKE_PREFIX_PATH=/opt/ros/foxy /usr/bin/cmake --build /home/mm/longshan12_2/build/gnss -- -j4 -l4
[0.840s] Invoking command in '/home/mm/longshan12_2/build/gnss': CMAKE_PREFIX_PATH=/opt/ros/foxy /usr/bin/cmake --install /home/mm/longshan12_2/build/gnss
[0.860s] -- Install configuration: ""
[0.860s] -- Up-to-date: /home/mm/longshan12_2/install/gnss/share/ament_index/resource_index/rosidl_interfaces/gnss
[0.860s] -- Up-to-date: /home/mm/longshan12_2/install/gnss/include/gnss
[0.861s] -- Up-to-date: /home/mm/longshan12_2/install/gnss/include/gnss/msg
[0.861s] -- Up-to-date: /home/mm/longshan12_2/install/gnss/include/gnss/msg/ins.h
[0.861s] -- Up-to-date: /home/mm/longshan12_2/install/gnss/include/gnss/msg/message.h
[0.861s] -- Up-to-date: /home/mm/longshan12_2/install/gnss/include/gnss/msg/imu.h
[0.861s] -- Up-to-date: /home/mm/longshan12_2/install/gnss/include/gnss/msg/rosidl_generator_c__visibility_control.h
[0.861s] -- Up-to-date: /home/mm/longshan12_2/install/gnss/include/gnss/msg/detail
[0.861s] -- Up-to-date: /home/mm/longshan12_2/install/gnss/include/gnss/msg/detail/message__type_support.h
[0.861s] -- Up-to-date: /home/mm/longshan12_2/install/gnss/include/gnss/msg/detail/imu__functions.c
[0.861s] -- Up-to-date: /home/mm/longshan12_2/install/gnss/include/gnss/msg/detail/ins__type_support.h
[0.861s] -- Up-to-date: /home/mm/longshan12_2/install/gnss/include/gnss/msg/detail/imu__functions.h
[0.861s] -- Up-to-date: /home/mm/longshan12_2/install/gnss/include/gnss/msg/detail/message__functions.h
[0.861s] -- Up-to-date: /home/mm/longshan12_2/install/gnss/include/gnss/msg/detail/ins__functions.c
[0.861s] -- Up-to-date: /home/mm/longshan12_2/install/gnss/include/gnss/msg/detail/imu__type_support.h
[0.861s] -- Up-to-date: /home/mm/longshan12_2/install/gnss/include/gnss/msg/detail/message__struct.h
[0.862s] -- Up-to-date: /home/mm/longshan12_2/install/gnss/include/gnss/msg/detail/ins__functions.h
[0.862s] -- Up-to-date: /home/mm/longshan12_2/install/gnss/include/gnss/msg/detail/message__functions.c
[0.862s] -- Up-to-date: /home/mm/longshan12_2/install/gnss/include/gnss/msg/detail/imu__struct.h
[0.862s] -- Up-to-date: /home/mm/longshan12_2/install/gnss/include/gnss/msg/detail/ins__struct.h
[0.862s] -- Up-to-date: /home/mm/longshan12_2/install/gnss/share/gnss/environment/library_path.sh
[0.862s] -- Up-to-date: /home/mm/longshan12_2/install/gnss/share/gnss/environment/library_path.dsv
[0.862s] -- Up-to-date: /home/mm/longshan12_2/install/gnss/lib/libgnss__rosidl_generator_c.so
[0.862s] -- Up-to-date: /home/mm/longshan12_2/install/gnss/include/gnss
[0.862s] -- Up-to-date: /home/mm/longshan12_2/install/gnss/include/gnss/msg
[0.862s] -- Up-to-date: /home/mm/longshan12_2/install/gnss/include/gnss/msg/rosidl_typesupport_fastrtps_c__visibility_control.h
[0.862s] -- Up-to-date: /home/mm/longshan12_2/install/gnss/include/gnss/msg/detail
[0.864s] -- Up-to-date: /home/mm/longshan12_2/install/gnss/include/gnss/msg/detail/ins__rosidl_typesupport_fastrtps_c.h
[0.865s] -- Up-to-date: /home/mm/longshan12_2/install/gnss/include/gnss/msg/detail/message__rosidl_typesupport_fastrtps_c.h
[0.865s] -- Up-to-date: /home/mm/longshan12_2/install/gnss/include/gnss/msg/detail/imu__rosidl_typesupport_fastrtps_c.h
[0.865s] -- Up-to-date: /home/mm/longshan12_2/install/gnss/lib/libgnss__rosidl_typesupport_fastrtps_c.so
[0.866s] -- Up-to-date: /home/mm/longshan12_2/install/gnss/include/gnss
[0.866s] -- Up-to-date: /home/mm/longshan12_2/install/gnss/include/gnss/msg
[0.866s] -- Up-to-date: /home/mm/longshan12_2/install/gnss/include/gnss/msg/rosidl_typesupport_fastrtps_cpp__visibility_control.h
[0.867s] -- Up-to-date: /home/mm/longshan12_2/install/gnss/include/gnss/msg/detail
[0.867s] -- Up-to-date: /home/mm/longshan12_2/install/gnss/include/gnss/msg/detail/message__rosidl_typesupport_fastrtps_cpp.hpp
[0.867s] -- Up-to-date: /home/mm/longshan12_2/install/gnss/include/gnss/msg/detail/ins__rosidl_typesupport_fastrtps_cpp.hpp
[0.867s] -- Up-to-date: /home/mm/longshan12_2/install/gnss/include/gnss/msg/detail/dds_fastrtps
[0.868s] -- Up-to-date: /home/mm/longshan12_2/install/gnss/include/gnss/msg/detail/imu__rosidl_typesupport_fastrtps_cpp.hpp
[0.879s] -- Up-to-date: /home/mm/longshan12_2/install/gnss/lib/libgnss__rosidl_typesupport_fastrtps_cpp.so
[0.879s] -- Up-to-date: /home/mm/longshan12_2/install/gnss/include/gnss
[0.879s] -- Up-to-date: /home/mm/longshan12_2/install/gnss/include/gnss/msg
[0.879s] -- Up-to-date: /home/mm/longshan12_2/install/gnss/include/gnss/msg/rosidl_typesupport_introspection_c__visibility_control.h
[0.880s] -- Up-to-date: /home/mm/longshan12_2/install/gnss/include/gnss/msg/detail
[0.880s] -- Up-to-date: /home/mm/longshan12_2/install/gnss/include/gnss/msg/detail/ins__type_support.c
[0.880s] -- Up-to-date: /home/mm/longshan12_2/install/gnss/include/gnss/msg/detail/message__type_support.c
[0.880s] -- Up-to-date: /home/mm/longshan12_2/install/gnss/include/gnss/msg/detail/imu__type_support.c
[0.880s] -- Up-to-date: /home/mm/longshan12_2/install/gnss/include/gnss/msg/detail/message__rosidl_typesupport_introspection_c.h
[0.880s] -- Up-to-date: /home/mm/longshan12_2/install/gnss/include/gnss/msg/detail/imu__rosidl_typesupport_introspection_c.h
[0.880s] -- Up-to-date: /home/mm/longshan12_2/install/gnss/include/gnss/msg/detail/ins__rosidl_typesupport_introspection_c.h
[0.880s] -- Up-to-date: /home/mm/longshan12_2/install/gnss/lib/libgnss__rosidl_typesupport_introspection_c.so
[0.880s] -- Up-to-date: /home/mm/longshan12_2/install/gnss/lib/libgnss__rosidl_typesupport_c.so
[0.880s] -- Up-to-date: /home/mm/longshan12_2/install/gnss/include/gnss
[0.881s] -- Up-to-date: /home/mm/longshan12_2/install/gnss/include/gnss/msg
[0.881s] -- Up-to-date: /home/mm/longshan12_2/install/gnss/include/gnss/msg/rosidl_generator_cpp__visibility_control.hpp
[0.881s] -- Up-to-date: /home/mm/longshan12_2/install/gnss/include/gnss/msg/ins.hpp
[0.881s] -- Up-to-date: /home/mm/longshan12_2/install/gnss/include/gnss/msg/message.hpp
[0.881s] -- Up-to-date: /home/mm/longshan12_2/install/gnss/include/gnss/msg/imu.hpp
[0.881s] -- Up-to-date: /home/mm/longshan12_2/install/gnss/include/gnss/msg/detail
[0.882s] -- Up-to-date: /home/mm/longshan12_2/install/gnss/include/gnss/msg/detail/ins__type_support.hpp
[0.882s] -- Up-to-date: /home/mm/longshan12_2/install/gnss/include/gnss/msg/detail/message__type_support.hpp
[0.882s] -- Up-to-date: /home/mm/longshan12_2/install/gnss/include/gnss/msg/detail/message__struct.hpp
[0.882s] -- Up-to-date: /home/mm/longshan12_2/install/gnss/include/gnss/msg/detail/imu__builder.hpp
[0.882s] -- Up-to-date: /home/mm/longshan12_2/install/gnss/include/gnss/msg/detail/ins__struct.hpp
[0.885s] -- Up-to-date: /home/mm/longshan12_2/install/gnss/include/gnss/msg/detail/message__traits.hpp
[0.887s] -- Up-to-date: /home/mm/longshan12_2/install/gnss/include/gnss/msg/detail/imu__struct.hpp
[0.889s] -- Up-to-date: /home/mm/longshan12_2/install/gnss/include/gnss/msg/detail/ins__builder.hpp
[0.889s] -- Up-to-date: /home/mm/longshan12_2/install/gnss/include/gnss/msg/detail/message__builder.hpp
[0.889s] -- Up-to-date: /home/mm/longshan12_2/install/gnss/include/gnss/msg/detail/imu__traits.hpp
[0.889s] -- Up-to-date: /home/mm/longshan12_2/install/gnss/include/gnss/msg/detail/ins__traits.hpp
[0.889s] -- Up-to-date: /home/mm/longshan12_2/install/gnss/include/gnss/msg/detail/imu__type_support.hpp
[0.889s] -- Up-to-date: /home/mm/longshan12_2/install/gnss/include/gnss
[0.890s] -- Up-to-date: /home/mm/longshan12_2/install/gnss/include/gnss/msg
[0.890s] -- Up-to-date: /home/mm/longshan12_2/install/gnss/include/gnss/msg/detail
[0.890s] -- Up-to-date: /home/mm/longshan12_2/install/gnss/include/gnss/msg/detail/ins__type_support.cpp
[0.890s] -- Up-to-date: /home/mm/longshan12_2/install/gnss/include/gnss/msg/detail/message__type_support.cpp
[0.890s] -- Up-to-date: /home/mm/longshan12_2/install/gnss/include/gnss/msg/detail/imu__type_support.cpp
[0.890s] -- Up-to-date: /home/mm/longshan12_2/install/gnss/include/gnss/msg/detail/message__rosidl_typesupport_introspection_cpp.hpp
[0.890s] -- Up-to-date: /home/mm/longshan12_2/install/gnss/include/gnss/msg/detail/imu__rosidl_typesupport_introspection_cpp.hpp
[0.890s] -- Up-to-date: /home/mm/longshan12_2/install/gnss/include/gnss/msg/detail/ins__rosidl_typesupport_introspection_cpp.hpp
[0.890s] -- Up-to-date: /home/mm/longshan12_2/install/gnss/lib/libgnss__rosidl_typesupport_introspection_cpp.so
[0.890s] -- Up-to-date: /home/mm/longshan12_2/install/gnss/lib/libgnss__rosidl_typesupport_cpp.so
[0.891s] -- Up-to-date: /home/mm/longshan12_2/install/gnss/share/gnss/environment/pythonpath.sh
[0.891s] -- Up-to-date: /home/mm/longshan12_2/install/gnss/share/gnss/environment/pythonpath.dsv
[0.891s] -- Up-to-date: /home/mm/longshan12_2/install/gnss/lib/python3.8/site-packages/gnss/__init__.py
[0.944s] -- Up-to-date: /home/mm/longshan12_2/install/gnss/lib/python3.8/site-packages/gnss/msg
[0.944s] -- Up-to-date: /home/mm/longshan12_2/install/gnss/lib/python3.8/site-packages/gnss/msg/_message_s.c
[0.945s] -- Up-to-date: /home/mm/longshan12_2/install/gnss/lib/python3.8/site-packages/gnss/msg/__init__.py
[0.945s] -- Up-to-date: /home/mm/longshan12_2/install/gnss/lib/python3.8/site-packages/gnss/msg/_ins_s.c
[0.945s] -- Up-to-date: /home/mm/longshan12_2/install/gnss/lib/python3.8/site-packages/gnss/msg/_message.py
[0.945s] -- Up-to-date: /home/mm/longshan12_2/install/gnss/lib/python3.8/site-packages/gnss/msg/_ins.py
[0.945s] -- Up-to-date: /home/mm/longshan12_2/install/gnss/lib/python3.8/site-packages/gnss/msg/_imu.py
[0.945s] -- Up-to-date: /home/mm/longshan12_2/install/gnss/lib/python3.8/site-packages/gnss/msg/_imu_s.c
[0.946s] -- Up-to-date: /home/mm/longshan12_2/install/gnss/lib/python3.8/site-packages/gnss/gnss_s__rosidl_typesupport_fastrtps_c.cpython-38-x86_64-linux-gnu.so
[0.946s] -- Up-to-date: /home/mm/longshan12_2/install/gnss/lib/python3.8/site-packages/gnss/gnss_s__rosidl_typesupport_introspection_c.cpython-38-x86_64-linux-gnu.so
[0.946s] -- Up-to-date: /home/mm/longshan12_2/install/gnss/lib/python3.8/site-packages/gnss/gnss_s__rosidl_typesupport_c.cpython-38-x86_64-linux-gnu.so
[0.955s] -- Up-to-date: /home/mm/longshan12_2/install/gnss/lib/libgnss__python.so
[0.956s] -- Up-to-date: /home/mm/longshan12_2/install/gnss/share/gnss/msg/Imu.idl
[0.956s] -- Up-to-date: /home/mm/longshan12_2/install/gnss/share/gnss/msg/Ins.idl
[0.956s] -- Up-to-date: /home/mm/longshan12_2/install/gnss/share/gnss/msg/Message.idl
[0.957s] -- Up-to-date: /home/mm/longshan12_2/install/gnss/share/gnss/msg/Imu.msg
[0.957s] -- Up-to-date: /home/mm/longshan12_2/install/gnss/share/gnss/msg/Ins.msg
[0.957s] -- Up-to-date: /home/mm/longshan12_2/install/gnss/share/gnss/msg/Message.msg
[0.957s] -- Up-to-date: /home/mm/longshan12_2/install/gnss/lib/libgnss_lib.so
[0.957s] -- Up-to-date: /home/mm/longshan12_2/install/gnss/lib/gnss/gnss_node
[0.958s] -- Up-to-date: /home/mm/longshan12_2/install/gnss/lib/gnss/gnss_sync_node
[0.959s] -- Up-to-date: /home/mm/longshan12_2/install/gnss/share/gnss/launch
[0.959s] -- Up-to-date: /home/mm/longshan12_2/install/gnss/share/gnss/launch/gnss.launch.py
[0.959s] -- Up-to-date: /home/mm/longshan12_2/install/gnss/share/ament_index/resource_index/package_run_dependencies/gnss
[0.960s] -- Up-to-date: /home/mm/longshan12_2/install/gnss/share/ament_index/resource_index/parent_prefix_path/gnss
[0.960s] -- Up-to-date: /home/mm/longshan12_2/install/gnss/share/gnss/environment/ament_prefix_path.sh
[0.960s] -- Up-to-date: /home/mm/longshan12_2/install/gnss/share/gnss/environment/ament_prefix_path.dsv
[0.960s] -- Up-to-date: /home/mm/longshan12_2/install/gnss/share/gnss/environment/path.sh
[0.960s] -- Up-to-date: /home/mm/longshan12_2/install/gnss/share/gnss/environment/path.dsv
[0.960s] -- Up-to-date: /home/mm/longshan12_2/install/gnss/share/gnss/local_setup.bash
[0.960s] -- Up-to-date: /home/mm/longshan12_2/install/gnss/share/gnss/local_setup.sh
[0.960s] -- Up-to-date: /home/mm/longshan12_2/install/gnss/share/gnss/local_setup.zsh
[0.960s] -- Up-to-date: /home/mm/longshan12_2/install/gnss/share/gnss/local_setup.dsv
[0.960s] -- Installing: /home/mm/longshan12_2/install/gnss/share/gnss/package.dsv
[0.961s] -- Up-to-date: /home/mm/longshan12_2/install/gnss/share/ament_index/resource_index/packages/gnss
[0.961s] -- Up-to-date: /home/mm/longshan12_2/install/gnss/share/gnss/cmake/gnss__rosidl_generator_cExport.cmake
[0.961s] -- Up-to-date: /home/mm/longshan12_2/install/gnss/share/gnss/cmake/gnss__rosidl_generator_cExport-noconfig.cmake
[0.962s] -- Up-to-date: /home/mm/longshan12_2/install/gnss/share/gnss/cmake/gnss__rosidl_typesupport_introspection_cExport.cmake
[0.962s] -- Up-to-date: /home/mm/longshan12_2/install/gnss/share/gnss/cmake/gnss__rosidl_typesupport_introspection_cExport-noconfig.cmake
[0.962s] -- Up-to-date: /home/mm/longshan12_2/install/gnss/share/gnss/cmake/gnss__rosidl_typesupport_cExport.cmake
[0.962s] -- Up-to-date: /home/mm/longshan12_2/install/gnss/share/gnss/cmake/gnss__rosidl_typesupport_cExport-noconfig.cmake
[0.963s] -- Up-to-date: /home/mm/longshan12_2/install/gnss/share/gnss/cmake/gnss__rosidl_generator_cppExport.cmake
[0.964s] -- Up-to-date: /home/mm/longshan12_2/install/gnss/share/gnss/cmake/gnss__rosidl_typesupport_introspection_cppExport.cmake
[0.964s] -- Up-to-date: /home/mm/longshan12_2/install/gnss/share/gnss/cmake/gnss__rosidl_typesupport_introspection_cppExport-noconfig.cmake
[0.965s] -- Up-to-date: /home/mm/longshan12_2/install/gnss/share/gnss/cmake/gnss__rosidl_typesupport_cppExport.cmake
[0.965s] -- Up-to-date: /home/mm/longshan12_2/install/gnss/share/gnss/cmake/gnss__rosidl_typesupport_cppExport-noconfig.cmake
[0.967s] -- Up-to-date: /home/mm/longshan12_2/install/gnss/share/gnss/cmake/rosidl_cmake-extras.cmake
[0.977s] -- Up-to-date: /home/mm/longshan12_2/install/gnss/share/gnss/cmake/ament_cmake_export_dependencies-extras.cmake
[0.977s] -- Up-to-date: /home/mm/longshan12_2/install/gnss/share/gnss/cmake/ament_cmake_export_libraries-extras.cmake
[0.977s] -- Up-to-date: /home/mm/longshan12_2/install/gnss/share/gnss/cmake/ament_cmake_export_targets-extras.cmake
[0.978s] -- Up-to-date: /home/mm/longshan12_2/install/gnss/share/gnss/cmake/ament_cmake_export_include_directories-extras.cmake
[0.978s] -- Up-to-date: /home/mm/longshan12_2/install/gnss/share/gnss/cmake/rosidl_cmake_export_typesupport_libraries-extras.cmake
[0.978s] -- Up-to-date: /home/mm/longshan12_2/install/gnss/share/gnss/cmake/rosidl_cmake_export_typesupport_targets-extras.cmake
[0.978s] -- Up-to-date: /home/mm/longshan12_2/install/gnss/share/gnss/cmake/gnssConfig.cmake
[0.978s] -- Up-to-date: /home/mm/longshan12_2/install/gnss/share/gnss/cmake/gnssConfig-version.cmake
[0.978s] -- Up-to-date: /home/mm/longshan12_2/install/gnss/share/gnss/package.xml
[0.980s] Invoked command in '/home/mm/longshan12_2/build/gnss' returned '0': CMAKE_PREFIX_PATH=/opt/ros/foxy /usr/bin/cmake --install /home/mm/longshan12_2/build/gnss
