[0.437s] DEBUG:colcon:Command line arguments: ['/usr/bin/colcon', 'build']
[0.437s] DEBUG:colcon:Parsed command line arguments: Namespace(allow_overriding=[], ament_cmake_args=None, base_paths=['.'], build_base='build', catkin_cmake_args=None, catkin_skip_building_tests=False, cmake_args=None, cmake_clean_cache=False, cmake_clean_first=False, cmake_force_configure=False, cmake_target=None, cmake_target_skip_unavailable=False, continue_on_error=False, event_handlers=None, executor='parallel', ignore_user_meta=False, install_base='install', log_base=None, log_level=None, main=<bound method BuildVerb.main of <colcon_core.verb.build.BuildVerb object at 0x7f244438c160>>, merge_install=False, metas=['./colcon.meta'], packages_above=None, packages_above_and_dependencies=None, packages_above_depth=None, packages_end=None, packages_ignore=None, packages_ignore_regex=None, packages_select=None, packages_select_build_failed=False, packages_select_by_dep=None, packages_select_regex=None, packages_select_test_failures=False, packages_skip=None, packages_skip_build_finished=False, packages_skip_by_dep=None, packages_skip_regex=None, packages_skip_test_passed=False, packages_skip_up_to=None, packages_start=None, packages_up_to=None, packages_up_to_regex=None, parallel_workers=4, paths=None, symlink_install=False, test_result_base=None, verb_extension=<colcon_core.verb.build.BuildVerb object at 0x7f244438c160>, verb_name='build', verb_parser=<colcon_defaults.argument_parser.defaults.DefaultArgumentsDecorator object at 0x7f24441f9c40>)
[0.622s] Level 1:colcon.colcon_core.package_discovery:discover_packages(colcon_meta) check parameters
[0.622s] Level 1:colcon.colcon_core.package_discovery:discover_packages(recursive) check parameters
[0.622s] Level 1:colcon.colcon_core.package_discovery:discover_packages(ignore) check parameters
[0.622s] Level 1:colcon.colcon_core.package_discovery:discover_packages(path) check parameters
[0.622s] Level 1:colcon.colcon_core.package_discovery:discover_packages(colcon_meta) discover
[0.622s] Level 1:colcon.colcon_core.package_discovery:discover_packages(recursive) discover
[0.622s] INFO:colcon.colcon_core.package_discovery:Crawling recursively for packages in '/home/mm/longshan12_2'
[0.623s] Level 1:colcon.colcon_core.package_identification:_identify(.) by extensions ['ignore', 'ignore_ament_install']
[0.623s] Level 1:colcon.colcon_core.package_identification:_identify(.) by extension 'ignore'
[0.623s] Level 1:colcon.colcon_core.package_identification:_identify(.) by extension 'ignore_ament_install'
[0.623s] Level 1:colcon.colcon_core.package_identification:_identify(.) by extensions ['colcon_pkg']
[0.623s] Level 1:colcon.colcon_core.package_identification:_identify(.) by extension 'colcon_pkg'
[0.623s] Level 1:colcon.colcon_core.package_identification:_identify(.) by extensions ['colcon_meta']
[0.623s] Level 1:colcon.colcon_core.package_identification:_identify(.) by extension 'colcon_meta'
[0.623s] Level 1:colcon.colcon_core.package_identification:_identify(.) by extensions ['ros']
[0.623s] Level 1:colcon.colcon_core.package_identification:_identify(.) by extension 'ros'
[0.637s] Level 1:colcon.colcon_core.package_identification:_identify(.) by extensions ['cmake', 'python']
[0.637s] Level 1:colcon.colcon_core.package_identification:_identify(.) by extension 'cmake'
[0.637s] Level 1:colcon.colcon_core.package_identification:_identify(.) by extension 'python'
[0.637s] Level 1:colcon.colcon_core.package_identification:_identify(.) by extensions ['python_setup_py']
[0.637s] Level 1:colcon.colcon_core.package_identification:_identify(.) by extension 'python_setup_py'
[0.637s] Level 1:colcon.colcon_core.package_identification:_identify(build) by extensions ['ignore', 'ignore_ament_install']
[0.637s] Level 1:colcon.colcon_core.package_identification:_identify(build) by extension 'ignore'
[0.637s] Level 1:colcon.colcon_core.package_identification:_identify(build) ignored
[0.637s] Level 1:colcon.colcon_core.package_identification:_identify(install) by extensions ['ignore', 'ignore_ament_install']
[0.637s] Level 1:colcon.colcon_core.package_identification:_identify(install) by extension 'ignore'
[0.637s] Level 1:colcon.colcon_core.package_identification:_identify(install) ignored
[0.638s] Level 1:colcon.colcon_core.package_identification:_identify(log) by extensions ['ignore', 'ignore_ament_install']
[0.638s] Level 1:colcon.colcon_core.package_identification:_identify(log) by extension 'ignore'
[0.638s] Level 1:colcon.colcon_core.package_identification:_identify(log) ignored
[0.638s] Level 1:colcon.colcon_core.package_identification:_identify(src) by extensions ['ignore', 'ignore_ament_install']
[0.638s] Level 1:colcon.colcon_core.package_identification:_identify(src) by extension 'ignore'
[0.638s] Level 1:colcon.colcon_core.package_identification:_identify(src) by extension 'ignore_ament_install'
[0.638s] Level 1:colcon.colcon_core.package_identification:_identify(src) by extensions ['colcon_pkg']
[0.638s] Level 1:colcon.colcon_core.package_identification:_identify(src) by extension 'colcon_pkg'
[0.638s] Level 1:colcon.colcon_core.package_identification:_identify(src) by extensions ['colcon_meta']
[0.638s] Level 1:colcon.colcon_core.package_identification:_identify(src) by extension 'colcon_meta'
[0.638s] Level 1:colcon.colcon_core.package_identification:_identify(src) by extensions ['ros']
[0.638s] Level 1:colcon.colcon_core.package_identification:_identify(src) by extension 'ros'
[0.638s] Level 1:colcon.colcon_core.package_identification:_identify(src) by extensions ['cmake', 'python']
[0.638s] Level 1:colcon.colcon_core.package_identification:_identify(src) by extension 'cmake'
[0.638s] Level 1:colcon.colcon_core.package_identification:_identify(src) by extension 'python'
[0.639s] Level 1:colcon.colcon_core.package_identification:_identify(src) by extensions ['python_setup_py']
[0.639s] Level 1:colcon.colcon_core.package_identification:_identify(src) by extension 'python_setup_py'
[0.639s] Level 1:colcon.colcon_core.package_identification:_identify(src/can) by extensions ['ignore', 'ignore_ament_install']
[0.639s] Level 1:colcon.colcon_core.package_identification:_identify(src/can) by extension 'ignore'
[0.639s] Level 1:colcon.colcon_core.package_identification:_identify(src/can) by extension 'ignore_ament_install'
[0.639s] Level 1:colcon.colcon_core.package_identification:_identify(src/can) by extensions ['colcon_pkg']
[0.639s] Level 1:colcon.colcon_core.package_identification:_identify(src/can) by extension 'colcon_pkg'
[0.639s] Level 1:colcon.colcon_core.package_identification:_identify(src/can) by extensions ['colcon_meta']
[0.639s] Level 1:colcon.colcon_core.package_identification:_identify(src/can) by extension 'colcon_meta'
[0.639s] Level 1:colcon.colcon_core.package_identification:_identify(src/can) by extensions ['ros']
[0.639s] Level 1:colcon.colcon_core.package_identification:_identify(src/can) by extension 'ros'
[0.643s] DEBUG:colcon.colcon_core.package_identification:Package 'src/can' with type 'ros.ament_cmake' and name 'can'
[0.643s] Level 1:colcon.colcon_core.package_identification:_identify(src/control) by extensions ['ignore', 'ignore_ament_install']
[0.643s] Level 1:colcon.colcon_core.package_identification:_identify(src/control) by extension 'ignore'
[0.643s] Level 1:colcon.colcon_core.package_identification:_identify(src/control) by extension 'ignore_ament_install'
[0.643s] Level 1:colcon.colcon_core.package_identification:_identify(src/control) by extensions ['colcon_pkg']
[0.643s] Level 1:colcon.colcon_core.package_identification:_identify(src/control) by extension 'colcon_pkg'
[0.643s] Level 1:colcon.colcon_core.package_identification:_identify(src/control) by extensions ['colcon_meta']
[0.643s] Level 1:colcon.colcon_core.package_identification:_identify(src/control) by extension 'colcon_meta'
[0.643s] Level 1:colcon.colcon_core.package_identification:_identify(src/control) by extensions ['ros']
[0.644s] Level 1:colcon.colcon_core.package_identification:_identify(src/control) by extension 'ros'
[0.644s] DEBUG:colcon.colcon_core.package_identification:Package 'src/control' with type 'ros.ament_cmake' and name 'control'
[0.644s] Level 1:colcon.colcon_core.package_identification:_identify(src/draw_messages) by extensions ['ignore', 'ignore_ament_install']
[0.644s] Level 1:colcon.colcon_core.package_identification:_identify(src/draw_messages) by extension 'ignore'
[0.644s] Level 1:colcon.colcon_core.package_identification:_identify(src/draw_messages) by extension 'ignore_ament_install'
[0.644s] Level 1:colcon.colcon_core.package_identification:_identify(src/draw_messages) by extensions ['colcon_pkg']
[0.644s] Level 1:colcon.colcon_core.package_identification:_identify(src/draw_messages) by extension 'colcon_pkg'
[0.645s] Level 1:colcon.colcon_core.package_identification:_identify(src/draw_messages) by extensions ['colcon_meta']
[0.645s] Level 1:colcon.colcon_core.package_identification:_identify(src/draw_messages) by extension 'colcon_meta'
[0.645s] Level 1:colcon.colcon_core.package_identification:_identify(src/draw_messages) by extensions ['ros']
[0.645s] Level 1:colcon.colcon_core.package_identification:_identify(src/draw_messages) by extension 'ros'
[0.645s] DEBUG:colcon.colcon_core.package_identification:Package 'src/draw_messages' with type 'ros.ament_python' and name 'draw_messages'
[0.645s] Level 1:colcon.colcon_core.package_identification:_identify(src/global) by extensions ['ignore', 'ignore_ament_install']
[0.645s] Level 1:colcon.colcon_core.package_identification:_identify(src/global) by extension 'ignore'
[0.645s] Level 1:colcon.colcon_core.package_identification:_identify(src/global) by extension 'ignore_ament_install'
[0.645s] Level 1:colcon.colcon_core.package_identification:_identify(src/global) by extensions ['colcon_pkg']
[0.645s] Level 1:colcon.colcon_core.package_identification:_identify(src/global) by extension 'colcon_pkg'
[0.645s] Level 1:colcon.colcon_core.package_identification:_identify(src/global) by extensions ['colcon_meta']
[0.646s] Level 1:colcon.colcon_core.package_identification:_identify(src/global) by extension 'colcon_meta'
[0.646s] Level 1:colcon.colcon_core.package_identification:_identify(src/global) by extensions ['ros']
[0.646s] Level 1:colcon.colcon_core.package_identification:_identify(src/global) by extension 'ros'
[0.646s] DEBUG:colcon.colcon_core.package_identification:Package 'src/global' with type 'ros.ament_cmake' and name 'global'
[0.646s] Level 1:colcon.colcon_core.package_identification:_identify(src/gnss) by extensions ['ignore', 'ignore_ament_install']
[0.646s] Level 1:colcon.colcon_core.package_identification:_identify(src/gnss) by extension 'ignore'
[0.647s] Level 1:colcon.colcon_core.package_identification:_identify(src/gnss) by extension 'ignore_ament_install'
[0.647s] Level 1:colcon.colcon_core.package_identification:_identify(src/gnss) by extensions ['colcon_pkg']
[0.647s] Level 1:colcon.colcon_core.package_identification:_identify(src/gnss) by extension 'colcon_pkg'
[0.647s] Level 1:colcon.colcon_core.package_identification:_identify(src/gnss) by extensions ['colcon_meta']
[0.647s] Level 1:colcon.colcon_core.package_identification:_identify(src/gnss) by extension 'colcon_meta'
[0.647s] Level 1:colcon.colcon_core.package_identification:_identify(src/gnss) by extensions ['ros']
[0.647s] Level 1:colcon.colcon_core.package_identification:_identify(src/gnss) by extension 'ros'
[0.647s] DEBUG:colcon.colcon_core.package_identification:Package 'src/gnss' with type 'ros.ament_cmake' and name 'gnss'
[0.648s] Level 1:colcon.colcon_core.package_identification:_identify(src/hmi) by extensions ['ignore', 'ignore_ament_install']
[0.648s] Level 1:colcon.colcon_core.package_identification:_identify(src/hmi) by extension 'ignore'
[0.648s] Level 1:colcon.colcon_core.package_identification:_identify(src/hmi) by extension 'ignore_ament_install'
[0.648s] Level 1:colcon.colcon_core.package_identification:_identify(src/hmi) by extensions ['colcon_pkg']
[0.648s] Level 1:colcon.colcon_core.package_identification:_identify(src/hmi) by extension 'colcon_pkg'
[0.648s] Level 1:colcon.colcon_core.package_identification:_identify(src/hmi) by extensions ['colcon_meta']
[0.648s] Level 1:colcon.colcon_core.package_identification:_identify(src/hmi) by extension 'colcon_meta'
[0.648s] Level 1:colcon.colcon_core.package_identification:_identify(src/hmi) by extensions ['ros']
[0.648s] Level 1:colcon.colcon_core.package_identification:_identify(src/hmi) by extension 'ros'
[0.649s] DEBUG:colcon.colcon_core.package_identification:Package 'src/hmi' with type 'ros.ament_cmake' and name 'hmi'
[0.649s] Level 1:colcon.colcon_core.package_identification:_identify(src/lidar_processing) by extensions ['ignore', 'ignore_ament_install']
[0.649s] Level 1:colcon.colcon_core.package_identification:_identify(src/lidar_processing) by extension 'ignore'
[0.649s] Level 1:colcon.colcon_core.package_identification:_identify(src/lidar_processing) by extension 'ignore_ament_install'
[0.649s] Level 1:colcon.colcon_core.package_identification:_identify(src/lidar_processing) by extensions ['colcon_pkg']
[0.649s] Level 1:colcon.colcon_core.package_identification:_identify(src/lidar_processing) by extension 'colcon_pkg'
[0.649s] Level 1:colcon.colcon_core.package_identification:_identify(src/lidar_processing) by extensions ['colcon_meta']
[0.649s] Level 1:colcon.colcon_core.package_identification:_identify(src/lidar_processing) by extension 'colcon_meta'
[0.649s] Level 1:colcon.colcon_core.package_identification:_identify(src/lidar_processing) by extensions ['ros']
[0.649s] Level 1:colcon.colcon_core.package_identification:_identify(src/lidar_processing) by extension 'ros'
[0.650s] DEBUG:colcon.colcon_core.package_identification:Package 'src/lidar_processing' with type 'ros.ament_cmake' and name 'lidar_processing'
[0.651s] Level 1:colcon.colcon_core.package_identification:_identify(src/local) by extensions ['ignore', 'ignore_ament_install']
[0.651s] Level 1:colcon.colcon_core.package_identification:_identify(src/local) by extension 'ignore'
[0.651s] Level 1:colcon.colcon_core.package_identification:_identify(src/local) by extension 'ignore_ament_install'
[0.651s] Level 1:colcon.colcon_core.package_identification:_identify(src/local) by extensions ['colcon_pkg']
[0.651s] Level 1:colcon.colcon_core.package_identification:_identify(src/local) by extension 'colcon_pkg'
[0.651s] Level 1:colcon.colcon_core.package_identification:_identify(src/local) by extensions ['colcon_meta']
[0.651s] Level 1:colcon.colcon_core.package_identification:_identify(src/local) by extension 'colcon_meta'
[0.651s] Level 1:colcon.colcon_core.package_identification:_identify(src/local) by extensions ['ros']
[0.651s] Level 1:colcon.colcon_core.package_identification:_identify(src/local) by extension 'ros'
[0.652s] DEBUG:colcon.colcon_core.package_identification:Package 'src/local' with type 'ros.ament_cmake' and name 'local'
[0.652s] Level 1:colcon.colcon_core.package_identification:_identify(src/myrviz) by extensions ['ignore', 'ignore_ament_install']
[0.652s] Level 1:colcon.colcon_core.package_identification:_identify(src/myrviz) by extension 'ignore'
[0.652s] Level 1:colcon.colcon_core.package_identification:_identify(src/myrviz) by extension 'ignore_ament_install'
[0.652s] Level 1:colcon.colcon_core.package_identification:_identify(src/myrviz) by extensions ['colcon_pkg']
[0.652s] Level 1:colcon.colcon_core.package_identification:_identify(src/myrviz) by extension 'colcon_pkg'
[0.652s] Level 1:colcon.colcon_core.package_identification:_identify(src/myrviz) by extensions ['colcon_meta']
[0.652s] Level 1:colcon.colcon_core.package_identification:_identify(src/myrviz) by extension 'colcon_meta'
[0.652s] Level 1:colcon.colcon_core.package_identification:_identify(src/myrviz) by extensions ['ros']
[0.652s] Level 1:colcon.colcon_core.package_identification:_identify(src/myrviz) by extension 'ros'
[0.653s] DEBUG:colcon.colcon_core.package_identification:Package 'src/myrviz' with type 'ros.ament_cmake' and name 'myrviz'
[0.653s] Level 1:colcon.colcon_core.package_identification:_identify(src/ros2_path_interfaces) by extensions ['ignore', 'ignore_ament_install']
[0.653s] Level 1:colcon.colcon_core.package_identification:_identify(src/ros2_path_interfaces) by extension 'ignore'
[0.654s] Level 1:colcon.colcon_core.package_identification:_identify(src/ros2_path_interfaces) by extension 'ignore_ament_install'
[0.654s] Level 1:colcon.colcon_core.package_identification:_identify(src/ros2_path_interfaces) by extensions ['colcon_pkg']
[0.654s] Level 1:colcon.colcon_core.package_identification:_identify(src/ros2_path_interfaces) by extension 'colcon_pkg'
[0.654s] Level 1:colcon.colcon_core.package_identification:_identify(src/ros2_path_interfaces) by extensions ['colcon_meta']
[0.654s] Level 1:colcon.colcon_core.package_identification:_identify(src/ros2_path_interfaces) by extension 'colcon_meta'
[0.654s] Level 1:colcon.colcon_core.package_identification:_identify(src/ros2_path_interfaces) by extensions ['ros']
[0.654s] Level 1:colcon.colcon_core.package_identification:_identify(src/ros2_path_interfaces) by extension 'ros'
[0.654s] DEBUG:colcon.colcon_core.package_identification:Package 'src/ros2_path_interfaces' with type 'ros.ament_cmake' and name 'ros2_path_interfaces'
[0.654s] Level 1:colcon.colcon_core.package_identification:_identify(src/voxel_dipgseg) by extensions ['ignore', 'ignore_ament_install']
[0.654s] Level 1:colcon.colcon_core.package_identification:_identify(src/voxel_dipgseg) by extension 'ignore'
[0.655s] Level 1:colcon.colcon_core.package_identification:_identify(src/voxel_dipgseg) by extension 'ignore_ament_install'
[0.655s] Level 1:colcon.colcon_core.package_identification:_identify(src/voxel_dipgseg) by extensions ['colcon_pkg']
[0.655s] Level 1:colcon.colcon_core.package_identification:_identify(src/voxel_dipgseg) by extension 'colcon_pkg'
[0.655s] Level 1:colcon.colcon_core.package_identification:_identify(src/voxel_dipgseg) by extensions ['colcon_meta']
[0.655s] Level 1:colcon.colcon_core.package_identification:_identify(src/voxel_dipgseg) by extension 'colcon_meta'
[0.655s] Level 1:colcon.colcon_core.package_identification:_identify(src/voxel_dipgseg) by extensions ['ros']
[0.655s] Level 1:colcon.colcon_core.package_identification:_identify(src/voxel_dipgseg) by extension 'ros'
[0.655s] DEBUG:colcon.colcon_core.package_identification:Package 'src/voxel_dipgseg' with type 'ros.ament_cmake' and name 'dipgseg'
[0.655s] Level 1:colcon.colcon_core.package_discovery:discover_packages(recursive) using defaults
[0.656s] Level 1:colcon.colcon_core.package_discovery:discover_packages(ignore) discover
[0.656s] Level 1:colcon.colcon_core.package_discovery:discover_packages(ignore) using defaults
[0.656s] Level 1:colcon.colcon_core.package_discovery:discover_packages(path) discover
[0.656s] Level 1:colcon.colcon_core.package_discovery:discover_packages(path) using defaults
[0.681s] Level 1:colcon.colcon_core.package_discovery:discover_packages(prefix_path) check parameters
[0.681s] Level 1:colcon.colcon_core.package_discovery:discover_packages(prefix_path) discover
[0.686s] DEBUG:colcon.colcon_installed_package_information.package_discovery:Found 266 installed packages in /opt/ros/foxy
[0.687s] Level 1:colcon.colcon_core.package_discovery:discover_packages(prefix_path) using defaults
[0.766s] Level 5:colcon.colcon_core.verb:set package 'can' build argument 'cmake_args' from command line to 'None'
[0.766s] Level 5:colcon.colcon_core.verb:set package 'can' build argument 'cmake_target' from command line to 'None'
[0.766s] Level 5:colcon.colcon_core.verb:set package 'can' build argument 'cmake_target_skip_unavailable' from command line to 'False'
[0.767s] Level 5:colcon.colcon_core.verb:set package 'can' build argument 'cmake_clean_cache' from command line to 'False'
[0.767s] Level 5:colcon.colcon_core.verb:set package 'can' build argument 'cmake_clean_first' from command line to 'False'
[0.767s] Level 5:colcon.colcon_core.verb:set package 'can' build argument 'cmake_force_configure' from command line to 'False'
[0.767s] Level 5:colcon.colcon_core.verb:set package 'can' build argument 'ament_cmake_args' from command line to 'None'
[0.767s] Level 5:colcon.colcon_core.verb:set package 'can' build argument 'catkin_cmake_args' from command line to 'None'
[0.767s] Level 5:colcon.colcon_core.verb:set package 'can' build argument 'catkin_skip_building_tests' from command line to 'False'
[0.767s] DEBUG:colcon.colcon_core.verb:Building package 'can' with the following arguments: {'ament_cmake_args': None, 'build_base': '/home/mm/longshan12_2/build/can', 'catkin_cmake_args': None, 'catkin_skip_building_tests': False, 'cmake_args': None, 'cmake_clean_cache': False, 'cmake_clean_first': False, 'cmake_force_configure': False, 'cmake_target': None, 'cmake_target_skip_unavailable': False, 'install_base': '/home/mm/longshan12_2/install/can', 'merge_install': False, 'path': '/home/mm/longshan12_2/src/can', 'symlink_install': False, 'test_result_base': None}
[0.767s] Level 5:colcon.colcon_core.verb:set package 'control' build argument 'cmake_args' from command line to 'None'
[0.767s] Level 5:colcon.colcon_core.verb:set package 'control' build argument 'cmake_target' from command line to 'None'
[0.767s] Level 5:colcon.colcon_core.verb:set package 'control' build argument 'cmake_target_skip_unavailable' from command line to 'False'
[0.767s] Level 5:colcon.colcon_core.verb:set package 'control' build argument 'cmake_clean_cache' from command line to 'False'
[0.767s] Level 5:colcon.colcon_core.verb:set package 'control' build argument 'cmake_clean_first' from command line to 'False'
[0.767s] Level 5:colcon.colcon_core.verb:set package 'control' build argument 'cmake_force_configure' from command line to 'False'
[0.767s] Level 5:colcon.colcon_core.verb:set package 'control' build argument 'ament_cmake_args' from command line to 'None'
[0.767s] Level 5:colcon.colcon_core.verb:set package 'control' build argument 'catkin_cmake_args' from command line to 'None'
[0.767s] Level 5:colcon.colcon_core.verb:set package 'control' build argument 'catkin_skip_building_tests' from command line to 'False'
[0.767s] DEBUG:colcon.colcon_core.verb:Building package 'control' with the following arguments: {'ament_cmake_args': None, 'build_base': '/home/mm/longshan12_2/build/control', 'catkin_cmake_args': None, 'catkin_skip_building_tests': False, 'cmake_args': None, 'cmake_clean_cache': False, 'cmake_clean_first': False, 'cmake_force_configure': False, 'cmake_target': None, 'cmake_target_skip_unavailable': False, 'install_base': '/home/mm/longshan12_2/install/control', 'merge_install': False, 'path': '/home/mm/longshan12_2/src/control', 'symlink_install': False, 'test_result_base': None}
[0.768s] Level 5:colcon.colcon_core.verb:set package 'dipgseg' build argument 'cmake_args' from command line to 'None'
[0.768s] Level 5:colcon.colcon_core.verb:set package 'dipgseg' build argument 'cmake_target' from command line to 'None'
[0.768s] Level 5:colcon.colcon_core.verb:set package 'dipgseg' build argument 'cmake_target_skip_unavailable' from command line to 'False'
[0.768s] Level 5:colcon.colcon_core.verb:set package 'dipgseg' build argument 'cmake_clean_cache' from command line to 'False'
[0.768s] Level 5:colcon.colcon_core.verb:set package 'dipgseg' build argument 'cmake_clean_first' from command line to 'False'
[0.768s] Level 5:colcon.colcon_core.verb:set package 'dipgseg' build argument 'cmake_force_configure' from command line to 'False'
[0.768s] Level 5:colcon.colcon_core.verb:set package 'dipgseg' build argument 'ament_cmake_args' from command line to 'None'
[0.768s] Level 5:colcon.colcon_core.verb:set package 'dipgseg' build argument 'catkin_cmake_args' from command line to 'None'
[0.768s] Level 5:colcon.colcon_core.verb:set package 'dipgseg' build argument 'catkin_skip_building_tests' from command line to 'False'
[0.768s] DEBUG:colcon.colcon_core.verb:Building package 'dipgseg' with the following arguments: {'ament_cmake_args': None, 'build_base': '/home/mm/longshan12_2/build/dipgseg', 'catkin_cmake_args': None, 'catkin_skip_building_tests': False, 'cmake_args': None, 'cmake_clean_cache': False, 'cmake_clean_first': False, 'cmake_force_configure': False, 'cmake_target': None, 'cmake_target_skip_unavailable': False, 'install_base': '/home/mm/longshan12_2/install/dipgseg', 'merge_install': False, 'path': '/home/mm/longshan12_2/src/voxel_dipgseg', 'symlink_install': False, 'test_result_base': None}
[0.768s] Level 5:colcon.colcon_core.verb:set package 'draw_messages' build argument 'cmake_args' from command line to 'None'
[0.768s] Level 5:colcon.colcon_core.verb:set package 'draw_messages' build argument 'cmake_target' from command line to 'None'
[0.768s] Level 5:colcon.colcon_core.verb:set package 'draw_messages' build argument 'cmake_target_skip_unavailable' from command line to 'False'
[0.769s] Level 5:colcon.colcon_core.verb:set package 'draw_messages' build argument 'cmake_clean_cache' from command line to 'False'
[0.769s] Level 5:colcon.colcon_core.verb:set package 'draw_messages' build argument 'cmake_clean_first' from command line to 'False'
[0.769s] Level 5:colcon.colcon_core.verb:set package 'draw_messages' build argument 'cmake_force_configure' from command line to 'False'
[0.769s] Level 5:colcon.colcon_core.verb:set package 'draw_messages' build argument 'ament_cmake_args' from command line to 'None'
[0.769s] Level 5:colcon.colcon_core.verb:set package 'draw_messages' build argument 'catkin_cmake_args' from command line to 'None'
[0.769s] Level 5:colcon.colcon_core.verb:set package 'draw_messages' build argument 'catkin_skip_building_tests' from command line to 'False'
[0.769s] DEBUG:colcon.colcon_core.verb:Building package 'draw_messages' with the following arguments: {'ament_cmake_args': None, 'build_base': '/home/mm/longshan12_2/build/draw_messages', 'catkin_cmake_args': None, 'catkin_skip_building_tests': False, 'cmake_args': None, 'cmake_clean_cache': False, 'cmake_clean_first': False, 'cmake_force_configure': False, 'cmake_target': None, 'cmake_target_skip_unavailable': False, 'install_base': '/home/mm/longshan12_2/install/draw_messages', 'merge_install': False, 'path': '/home/mm/longshan12_2/src/draw_messages', 'symlink_install': False, 'test_result_base': None}
[0.769s] Level 5:colcon.colcon_core.verb:set package 'gnss' build argument 'cmake_args' from command line to 'None'
[0.769s] Level 5:colcon.colcon_core.verb:set package 'gnss' build argument 'cmake_target' from command line to 'None'
[0.769s] Level 5:colcon.colcon_core.verb:set package 'gnss' build argument 'cmake_target_skip_unavailable' from command line to 'False'
[0.769s] Level 5:colcon.colcon_core.verb:set package 'gnss' build argument 'cmake_clean_cache' from command line to 'False'
[0.769s] Level 5:colcon.colcon_core.verb:set package 'gnss' build argument 'cmake_clean_first' from command line to 'False'
[0.769s] Level 5:colcon.colcon_core.verb:set package 'gnss' build argument 'cmake_force_configure' from command line to 'False'
[0.769s] Level 5:colcon.colcon_core.verb:set package 'gnss' build argument 'ament_cmake_args' from command line to 'None'
[0.769s] Level 5:colcon.colcon_core.verb:set package 'gnss' build argument 'catkin_cmake_args' from command line to 'None'
[0.769s] Level 5:colcon.colcon_core.verb:set package 'gnss' build argument 'catkin_skip_building_tests' from command line to 'False'
[0.769s] DEBUG:colcon.colcon_core.verb:Building package 'gnss' with the following arguments: {'ament_cmake_args': None, 'build_base': '/home/mm/longshan12_2/build/gnss', 'catkin_cmake_args': None, 'catkin_skip_building_tests': False, 'cmake_args': None, 'cmake_clean_cache': False, 'cmake_clean_first': False, 'cmake_force_configure': False, 'cmake_target': None, 'cmake_target_skip_unavailable': False, 'install_base': '/home/mm/longshan12_2/install/gnss', 'merge_install': False, 'path': '/home/mm/longshan12_2/src/gnss', 'symlink_install': False, 'test_result_base': None}
[0.770s] Level 5:colcon.colcon_core.verb:set package 'hmi' build argument 'cmake_args' from command line to 'None'
[0.770s] Level 5:colcon.colcon_core.verb:set package 'hmi' build argument 'cmake_target' from command line to 'None'
[0.770s] Level 5:colcon.colcon_core.verb:set package 'hmi' build argument 'cmake_target_skip_unavailable' from command line to 'False'
[0.770s] Level 5:colcon.colcon_core.verb:set package 'hmi' build argument 'cmake_clean_cache' from command line to 'False'
[0.770s] Level 5:colcon.colcon_core.verb:set package 'hmi' build argument 'cmake_clean_first' from command line to 'False'
[0.770s] Level 5:colcon.colcon_core.verb:set package 'hmi' build argument 'cmake_force_configure' from command line to 'False'
[0.770s] Level 5:colcon.colcon_core.verb:set package 'hmi' build argument 'ament_cmake_args' from command line to 'None'
[0.770s] Level 5:colcon.colcon_core.verb:set package 'hmi' build argument 'catkin_cmake_args' from command line to 'None'
[0.770s] Level 5:colcon.colcon_core.verb:set package 'hmi' build argument 'catkin_skip_building_tests' from command line to 'False'
[0.770s] DEBUG:colcon.colcon_core.verb:Building package 'hmi' with the following arguments: {'ament_cmake_args': None, 'build_base': '/home/mm/longshan12_2/build/hmi', 'catkin_cmake_args': None, 'catkin_skip_building_tests': False, 'cmake_args': None, 'cmake_clean_cache': False, 'cmake_clean_first': False, 'cmake_force_configure': False, 'cmake_target': None, 'cmake_target_skip_unavailable': False, 'install_base': '/home/mm/longshan12_2/install/hmi', 'merge_install': False, 'path': '/home/mm/longshan12_2/src/hmi', 'symlink_install': False, 'test_result_base': None}
[0.770s] Level 5:colcon.colcon_core.verb:set package 'lidar_processing' build argument 'cmake_args' from command line to 'None'
[0.770s] Level 5:colcon.colcon_core.verb:set package 'lidar_processing' build argument 'cmake_target' from command line to 'None'
[0.770s] Level 5:colcon.colcon_core.verb:set package 'lidar_processing' build argument 'cmake_target_skip_unavailable' from command line to 'False'
[0.770s] Level 5:colcon.colcon_core.verb:set package 'lidar_processing' build argument 'cmake_clean_cache' from command line to 'False'
[0.770s] Level 5:colcon.colcon_core.verb:set package 'lidar_processing' build argument 'cmake_clean_first' from command line to 'False'
[0.770s] Level 5:colcon.colcon_core.verb:set package 'lidar_processing' build argument 'cmake_force_configure' from command line to 'False'
[0.770s] Level 5:colcon.colcon_core.verb:set package 'lidar_processing' build argument 'ament_cmake_args' from command line to 'None'
[0.770s] Level 5:colcon.colcon_core.verb:set package 'lidar_processing' build argument 'catkin_cmake_args' from command line to 'None'
[0.771s] Level 5:colcon.colcon_core.verb:set package 'lidar_processing' build argument 'catkin_skip_building_tests' from command line to 'False'
[0.771s] DEBUG:colcon.colcon_core.verb:Building package 'lidar_processing' with the following arguments: {'ament_cmake_args': None, 'build_base': '/home/mm/longshan12_2/build/lidar_processing', 'catkin_cmake_args': None, 'catkin_skip_building_tests': False, 'cmake_args': None, 'cmake_clean_cache': False, 'cmake_clean_first': False, 'cmake_force_configure': False, 'cmake_target': None, 'cmake_target_skip_unavailable': False, 'install_base': '/home/mm/longshan12_2/install/lidar_processing', 'merge_install': False, 'path': '/home/mm/longshan12_2/src/lidar_processing', 'symlink_install': False, 'test_result_base': None}
[0.771s] Level 5:colcon.colcon_core.verb:set package 'myrviz' build argument 'cmake_args' from command line to 'None'
[0.771s] Level 5:colcon.colcon_core.verb:set package 'myrviz' build argument 'cmake_target' from command line to 'None'
[0.771s] Level 5:colcon.colcon_core.verb:set package 'myrviz' build argument 'cmake_target_skip_unavailable' from command line to 'False'
[0.771s] Level 5:colcon.colcon_core.verb:set package 'myrviz' build argument 'cmake_clean_cache' from command line to 'False'
[0.771s] Level 5:colcon.colcon_core.verb:set package 'myrviz' build argument 'cmake_clean_first' from command line to 'False'
[0.771s] Level 5:colcon.colcon_core.verb:set package 'myrviz' build argument 'cmake_force_configure' from command line to 'False'
[0.771s] Level 5:colcon.colcon_core.verb:set package 'myrviz' build argument 'ament_cmake_args' from command line to 'None'
[0.771s] Level 5:colcon.colcon_core.verb:set package 'myrviz' build argument 'catkin_cmake_args' from command line to 'None'
[0.771s] Level 5:colcon.colcon_core.verb:set package 'myrviz' build argument 'catkin_skip_building_tests' from command line to 'False'
[0.771s] DEBUG:colcon.colcon_core.verb:Building package 'myrviz' with the following arguments: {'ament_cmake_args': None, 'build_base': '/home/mm/longshan12_2/build/myrviz', 'catkin_cmake_args': None, 'catkin_skip_building_tests': False, 'cmake_args': None, 'cmake_clean_cache': False, 'cmake_clean_first': False, 'cmake_force_configure': False, 'cmake_target': None, 'cmake_target_skip_unavailable': False, 'install_base': '/home/mm/longshan12_2/install/myrviz', 'merge_install': False, 'path': '/home/mm/longshan12_2/src/myrviz', 'symlink_install': False, 'test_result_base': None}
[0.772s] Level 5:colcon.colcon_core.verb:set package 'ros2_path_interfaces' build argument 'cmake_args' from command line to 'None'
[0.772s] Level 5:colcon.colcon_core.verb:set package 'ros2_path_interfaces' build argument 'cmake_target' from command line to 'None'
[0.772s] Level 5:colcon.colcon_core.verb:set package 'ros2_path_interfaces' build argument 'cmake_target_skip_unavailable' from command line to 'False'
[0.772s] Level 5:colcon.colcon_core.verb:set package 'ros2_path_interfaces' build argument 'cmake_clean_cache' from command line to 'False'
[0.772s] Level 5:colcon.colcon_core.verb:set package 'ros2_path_interfaces' build argument 'cmake_clean_first' from command line to 'False'
[0.772s] Level 5:colcon.colcon_core.verb:set package 'ros2_path_interfaces' build argument 'cmake_force_configure' from command line to 'False'
[0.772s] Level 5:colcon.colcon_core.verb:set package 'ros2_path_interfaces' build argument 'ament_cmake_args' from command line to 'None'
[0.772s] Level 5:colcon.colcon_core.verb:set package 'ros2_path_interfaces' build argument 'catkin_cmake_args' from command line to 'None'
[0.772s] Level 5:colcon.colcon_core.verb:set package 'ros2_path_interfaces' build argument 'catkin_skip_building_tests' from command line to 'False'
[0.772s] DEBUG:colcon.colcon_core.verb:Building package 'ros2_path_interfaces' with the following arguments: {'ament_cmake_args': None, 'build_base': '/home/mm/longshan12_2/build/ros2_path_interfaces', 'catkin_cmake_args': None, 'catkin_skip_building_tests': False, 'cmake_args': None, 'cmake_clean_cache': False, 'cmake_clean_first': False, 'cmake_force_configure': False, 'cmake_target': None, 'cmake_target_skip_unavailable': False, 'install_base': '/home/mm/longshan12_2/install/ros2_path_interfaces', 'merge_install': False, 'path': '/home/mm/longshan12_2/src/ros2_path_interfaces', 'symlink_install': False, 'test_result_base': None}
[0.772s] Level 5:colcon.colcon_core.verb:set package 'global' build argument 'cmake_args' from command line to 'None'
[0.772s] Level 5:colcon.colcon_core.verb:set package 'global' build argument 'cmake_target' from command line to 'None'
[0.772s] Level 5:colcon.colcon_core.verb:set package 'global' build argument 'cmake_target_skip_unavailable' from command line to 'False'
[0.772s] Level 5:colcon.colcon_core.verb:set package 'global' build argument 'cmake_clean_cache' from command line to 'False'
[0.772s] Level 5:colcon.colcon_core.verb:set package 'global' build argument 'cmake_clean_first' from command line to 'False'
[0.772s] Level 5:colcon.colcon_core.verb:set package 'global' build argument 'cmake_force_configure' from command line to 'False'
[0.772s] Level 5:colcon.colcon_core.verb:set package 'global' build argument 'ament_cmake_args' from command line to 'None'
[0.772s] Level 5:colcon.colcon_core.verb:set package 'global' build argument 'catkin_cmake_args' from command line to 'None'
[0.772s] Level 5:colcon.colcon_core.verb:set package 'global' build argument 'catkin_skip_building_tests' from command line to 'False'
[0.772s] DEBUG:colcon.colcon_core.verb:Building package 'global' with the following arguments: {'ament_cmake_args': None, 'build_base': '/home/mm/longshan12_2/build/global', 'catkin_cmake_args': None, 'catkin_skip_building_tests': False, 'cmake_args': None, 'cmake_clean_cache': False, 'cmake_clean_first': False, 'cmake_force_configure': False, 'cmake_target': None, 'cmake_target_skip_unavailable': False, 'install_base': '/home/mm/longshan12_2/install/global', 'merge_install': False, 'path': '/home/mm/longshan12_2/src/global', 'symlink_install': False, 'test_result_base': None}
[0.773s] Level 5:colcon.colcon_core.verb:set package 'local' build argument 'cmake_args' from command line to 'None'
[0.773s] Level 5:colcon.colcon_core.verb:set package 'local' build argument 'cmake_target' from command line to 'None'
[0.773s] Level 5:colcon.colcon_core.verb:set package 'local' build argument 'cmake_target_skip_unavailable' from command line to 'False'
[0.773s] Level 5:colcon.colcon_core.verb:set package 'local' build argument 'cmake_clean_cache' from command line to 'False'
[0.773s] Level 5:colcon.colcon_core.verb:set package 'local' build argument 'cmake_clean_first' from command line to 'False'
[0.773s] Level 5:colcon.colcon_core.verb:set package 'local' build argument 'cmake_force_configure' from command line to 'False'
[0.773s] Level 5:colcon.colcon_core.verb:set package 'local' build argument 'ament_cmake_args' from command line to 'None'
[0.773s] Level 5:colcon.colcon_core.verb:set package 'local' build argument 'catkin_cmake_args' from command line to 'None'
[0.773s] Level 5:colcon.colcon_core.verb:set package 'local' build argument 'catkin_skip_building_tests' from command line to 'False'
[0.773s] DEBUG:colcon.colcon_core.verb:Building package 'local' with the following arguments: {'ament_cmake_args': None, 'build_base': '/home/mm/longshan12_2/build/local', 'catkin_cmake_args': None, 'catkin_skip_building_tests': False, 'cmake_args': None, 'cmake_clean_cache': False, 'cmake_clean_first': False, 'cmake_force_configure': False, 'cmake_target': None, 'cmake_target_skip_unavailable': False, 'install_base': '/home/mm/longshan12_2/install/local', 'merge_install': False, 'path': '/home/mm/longshan12_2/src/local', 'symlink_install': False, 'test_result_base': None}
[0.773s] INFO:colcon.colcon_core.executor:Executing jobs using 'parallel' executor
[0.774s] DEBUG:colcon.colcon_parallel_executor.executor.parallel:run_until_complete
[0.774s] INFO:colcon.colcon_ros.task.ament_cmake.build:Building ROS package in '/home/mm/longshan12_2/src/ros2_path_interfaces' with build type 'ament_cmake'
[0.775s] INFO:colcon.colcon_cmake.task.cmake.build:Building CMake package in '/home/mm/longshan12_2/src/ros2_path_interfaces'
[0.781s] INFO:colcon.colcon_core.plugin_system:Skipping extension 'colcon_core.shell.bat': Not used on non-Windows systems
[0.781s] INFO:colcon.colcon_core.shell:Skip shell extension 'powershell' for command environment: Not usable outside of PowerShell
[0.781s] DEBUG:colcon.colcon_core.shell:Skip shell extension 'dsv' for command environment
[0.786s] INFO:colcon.colcon_ros.task.ament_cmake.build:Building ROS package in '/home/mm/longshan12_2/src/can' with build type 'ament_cmake'
[0.786s] INFO:colcon.colcon_cmake.task.cmake.build:Building CMake package in '/home/mm/longshan12_2/src/can'
[0.787s] INFO:colcon.colcon_core.shell:Skip shell extension 'powershell' for command environment: Not usable outside of PowerShell
[0.787s] DEBUG:colcon.colcon_core.shell:Skip shell extension 'dsv' for command environment
[0.791s] INFO:colcon.colcon_ros.task.ament_cmake.build:Building ROS package in '/home/mm/longshan12_2/src/control' with build type 'ament_cmake'
[0.791s] INFO:colcon.colcon_cmake.task.cmake.build:Building CMake package in '/home/mm/longshan12_2/src/control'
[0.792s] INFO:colcon.colcon_core.shell:Skip shell extension 'powershell' for command environment: Not usable outside of PowerShell
[0.792s] DEBUG:colcon.colcon_core.shell:Skip shell extension 'dsv' for command environment
[0.797s] INFO:colcon.colcon_ros.task.ament_cmake.build:Building ROS package in '/home/mm/longshan12_2/src/voxel_dipgseg' with build type 'ament_cmake'
[0.797s] INFO:colcon.colcon_cmake.task.cmake.build:Building CMake package in '/home/mm/longshan12_2/src/voxel_dipgseg'
[0.798s] INFO:colcon.colcon_core.shell:Skip shell extension 'powershell' for command environment: Not usable outside of PowerShell
[0.798s] DEBUG:colcon.colcon_core.shell:Skip shell extension 'dsv' for command environment
[0.817s] DEBUG:colcon.colcon_core.event_handler.log_command:Invoking command in '/home/mm/longshan12_2/build/ros2_path_interfaces': CMAKE_PREFIX_PATH=/opt/ros/foxy /usr/bin/cmake --build /home/mm/longshan12_2/build/ros2_path_interfaces -- -j4 -l4
[0.823s] DEBUG:colcon.colcon_core.event_handler.log_command:Invoking command in '/home/mm/longshan12_2/build/can': CMAKE_PREFIX_PATH=/opt/ros/foxy /usr/bin/cmake --build /home/mm/longshan12_2/build/can -- -j4 -l4
[0.836s] DEBUG:colcon.colcon_core.event_handler.log_command:Invoking command in '/home/mm/longshan12_2/build/control': CMAKE_PREFIX_PATH=/opt/ros/foxy /usr/bin/cmake --build /home/mm/longshan12_2/build/control -- -j4 -l4
[0.854s] DEBUG:colcon.colcon_core.event_handler.log_command:Invoking command in '/home/mm/longshan12_2/build/dipgseg': CMAKE_PREFIX_PATH=/opt/ros/foxy /usr/bin/cmake --build /home/mm/longshan12_2/build/dipgseg -- -j4 -l4
[1.635s] DEBUG:colcon.colcon_core.event_handler.log_command:Invoked command in '/home/mm/longshan12_2/build/ros2_path_interfaces' returned '0': CMAKE_PREFIX_PATH=/opt/ros/foxy /usr/bin/cmake --build /home/mm/longshan12_2/build/ros2_path_interfaces -- -j4 -l4
[1.766s] DEBUG:colcon.colcon_core.event_handler.log_command:Invoking command in '/home/mm/longshan12_2/build/ros2_path_interfaces': CMAKE_PREFIX_PATH=/opt/ros/foxy /usr/bin/cmake --install /home/mm/longshan12_2/build/ros2_path_interfaces
[1.952s] Level 1:colcon.colcon_core.environment:create_environment_scripts_only(ros2_path_interfaces)
[1.952s] DEBUG:colcon.colcon_core.event_handler.log_command:Invoked command in '/home/mm/longshan12_2/build/ros2_path_interfaces' returned '0': CMAKE_PREFIX_PATH=/opt/ros/foxy /usr/bin/cmake --install /home/mm/longshan12_2/build/ros2_path_interfaces
[1.962s] Level 1:colcon.colcon_core.environment:checking '/home/mm/longshan12_2/install/ros2_path_interfaces' for CMake module files
[1.965s] Level 1:colcon.colcon_core.environment:checking '/home/mm/longshan12_2/install/ros2_path_interfaces' for CMake config files
[1.965s] Level 1:colcon.colcon_core.shell:create_environment_hook('ros2_path_interfaces', 'cmake_prefix_path')
[1.966s] INFO:colcon.colcon_core.shell:Creating environment hook '/home/mm/longshan12_2/install/ros2_path_interfaces/share/ros2_path_interfaces/hook/cmake_prefix_path.ps1'
[1.968s] INFO:colcon.colcon_core.shell:Creating environment descriptor '/home/mm/longshan12_2/install/ros2_path_interfaces/share/ros2_path_interfaces/hook/cmake_prefix_path.dsv'
[1.969s] INFO:colcon.colcon_core.shell:Creating environment hook '/home/mm/longshan12_2/install/ros2_path_interfaces/share/ros2_path_interfaces/hook/cmake_prefix_path.sh'
[1.971s] Level 1:colcon.colcon_core.environment:checking '/home/mm/longshan12_2/install/ros2_path_interfaces/lib'
[1.971s] Level 1:colcon.colcon_core.shell:create_environment_hook('ros2_path_interfaces', 'ld_library_path_lib')
[1.972s] INFO:colcon.colcon_core.shell:Creating environment hook '/home/mm/longshan12_2/install/ros2_path_interfaces/share/ros2_path_interfaces/hook/ld_library_path_lib.ps1'
[1.973s] INFO:colcon.colcon_core.shell:Creating environment descriptor '/home/mm/longshan12_2/install/ros2_path_interfaces/share/ros2_path_interfaces/hook/ld_library_path_lib.dsv'
[1.973s] INFO:colcon.colcon_core.shell:Creating environment hook '/home/mm/longshan12_2/install/ros2_path_interfaces/share/ros2_path_interfaces/hook/ld_library_path_lib.sh'
[1.974s] Level 1:colcon.colcon_core.environment:checking '/home/mm/longshan12_2/install/ros2_path_interfaces/bin'
[1.974s] Level 1:colcon.colcon_core.environment:checking '/home/mm/longshan12_2/install/ros2_path_interfaces/lib/pkgconfig/ros2_path_interfaces.pc'
[1.975s] Level 1:colcon.colcon_core.environment:checking '/home/mm/longshan12_2/install/ros2_path_interfaces/lib/python3.8/site-packages'
[1.975s] Level 1:colcon.colcon_core.shell:create_environment_hook('ros2_path_interfaces', 'pythonpath')
[1.975s] INFO:colcon.colcon_core.shell:Creating environment hook '/home/mm/longshan12_2/install/ros2_path_interfaces/share/ros2_path_interfaces/hook/pythonpath.ps1'
[1.976s] INFO:colcon.colcon_core.shell:Creating environment descriptor '/home/mm/longshan12_2/install/ros2_path_interfaces/share/ros2_path_interfaces/hook/pythonpath.dsv'
[1.977s] INFO:colcon.colcon_core.shell:Creating environment hook '/home/mm/longshan12_2/install/ros2_path_interfaces/share/ros2_path_interfaces/hook/pythonpath.sh'
[1.978s] Level 1:colcon.colcon_core.environment:checking '/home/mm/longshan12_2/install/ros2_path_interfaces/bin'
[1.980s] INFO:colcon.colcon_core.shell:Creating package script '/home/mm/longshan12_2/install/ros2_path_interfaces/share/ros2_path_interfaces/package.ps1'
[1.981s] INFO:colcon.colcon_core.shell:Creating package descriptor '/home/mm/longshan12_2/install/ros2_path_interfaces/share/ros2_path_interfaces/package.dsv'
[1.982s] INFO:colcon.colcon_core.shell:Creating package script '/home/mm/longshan12_2/install/ros2_path_interfaces/share/ros2_path_interfaces/package.sh'
[1.984s] INFO:colcon.colcon_core.shell:Creating package script '/home/mm/longshan12_2/install/ros2_path_interfaces/share/ros2_path_interfaces/package.bash'
[1.985s] INFO:colcon.colcon_core.shell:Creating package script '/home/mm/longshan12_2/install/ros2_path_interfaces/share/ros2_path_interfaces/package.zsh'
[1.987s] Level 1:colcon.colcon_core.environment:create_file_with_runtime_dependencies(/home/mm/longshan12_2/install/ros2_path_interfaces/share/colcon-core/packages/ros2_path_interfaces)
[2.103s] Level 1:colcon.colcon_core.environment:create_environment_scripts_only(ros2_path_interfaces)
[2.103s] Level 1:colcon.colcon_core.environment:checking '/home/mm/longshan12_2/install/ros2_path_interfaces' for CMake module files
[2.104s] Level 1:colcon.colcon_core.environment:checking '/home/mm/longshan12_2/install/ros2_path_interfaces' for CMake config files
[2.105s] Level 1:colcon.colcon_core.shell:create_environment_hook('ros2_path_interfaces', 'cmake_prefix_path')
[2.105s] INFO:colcon.colcon_core.shell:Creating environment hook '/home/mm/longshan12_2/install/ros2_path_interfaces/share/ros2_path_interfaces/hook/cmake_prefix_path.ps1'
[2.106s] INFO:colcon.colcon_core.shell:Creating environment descriptor '/home/mm/longshan12_2/install/ros2_path_interfaces/share/ros2_path_interfaces/hook/cmake_prefix_path.dsv'
[2.107s] INFO:colcon.colcon_core.shell:Creating environment hook '/home/mm/longshan12_2/install/ros2_path_interfaces/share/ros2_path_interfaces/hook/cmake_prefix_path.sh'
[2.108s] Level 1:colcon.colcon_core.environment:checking '/home/mm/longshan12_2/install/ros2_path_interfaces/lib'
[2.108s] Level 1:colcon.colcon_core.shell:create_environment_hook('ros2_path_interfaces', 'ld_library_path_lib')
[2.108s] INFO:colcon.colcon_core.shell:Creating environment hook '/home/mm/longshan12_2/install/ros2_path_interfaces/share/ros2_path_interfaces/hook/ld_library_path_lib.ps1'
[2.113s] INFO:colcon.colcon_core.shell:Creating environment descriptor '/home/mm/longshan12_2/install/ros2_path_interfaces/share/ros2_path_interfaces/hook/ld_library_path_lib.dsv'
[2.117s] INFO:colcon.colcon_core.shell:Creating environment hook '/home/mm/longshan12_2/install/ros2_path_interfaces/share/ros2_path_interfaces/hook/ld_library_path_lib.sh'
[2.117s] Level 1:colcon.colcon_core.environment:checking '/home/mm/longshan12_2/install/ros2_path_interfaces/bin'
[2.118s] Level 1:colcon.colcon_core.environment:checking '/home/mm/longshan12_2/install/ros2_path_interfaces/lib/pkgconfig/ros2_path_interfaces.pc'
[2.118s] Level 1:colcon.colcon_core.environment:checking '/home/mm/longshan12_2/install/ros2_path_interfaces/lib/python3.8/site-packages'
[2.118s] Level 1:colcon.colcon_core.shell:create_environment_hook('ros2_path_interfaces', 'pythonpath')
[2.118s] INFO:colcon.colcon_core.shell:Creating environment hook '/home/mm/longshan12_2/install/ros2_path_interfaces/share/ros2_path_interfaces/hook/pythonpath.ps1'
[2.120s] INFO:colcon.colcon_core.shell:Creating environment descriptor '/home/mm/longshan12_2/install/ros2_path_interfaces/share/ros2_path_interfaces/hook/pythonpath.dsv'
[2.121s] INFO:colcon.colcon_core.shell:Creating environment hook '/home/mm/longshan12_2/install/ros2_path_interfaces/share/ros2_path_interfaces/hook/pythonpath.sh'
[2.122s] Level 1:colcon.colcon_core.environment:checking '/home/mm/longshan12_2/install/ros2_path_interfaces/bin'
[2.123s] INFO:colcon.colcon_core.shell:Creating package script '/home/mm/longshan12_2/install/ros2_path_interfaces/share/ros2_path_interfaces/package.ps1'
[2.124s] INFO:colcon.colcon_core.shell:Creating package descriptor '/home/mm/longshan12_2/install/ros2_path_interfaces/share/ros2_path_interfaces/package.dsv'
[2.125s] INFO:colcon.colcon_core.shell:Creating package script '/home/mm/longshan12_2/install/ros2_path_interfaces/share/ros2_path_interfaces/package.sh'
[2.127s] INFO:colcon.colcon_core.shell:Creating package script '/home/mm/longshan12_2/install/ros2_path_interfaces/share/ros2_path_interfaces/package.bash'
[2.128s] INFO:colcon.colcon_core.shell:Creating package script '/home/mm/longshan12_2/install/ros2_path_interfaces/share/ros2_path_interfaces/package.zsh'
[2.129s] Level 1:colcon.colcon_core.environment:create_file_with_runtime_dependencies(/home/mm/longshan12_2/install/ros2_path_interfaces/share/colcon-core/packages/ros2_path_interfaces)
[2.130s] INFO:colcon.colcon_ros.task.ament_python.build:Building ROS package in '/home/mm/longshan12_2/src/draw_messages' with build type 'ament_python'
[2.131s] Level 1:colcon.colcon_core.shell:create_environment_hook('draw_messages', 'ament_prefix_path')
[2.131s] INFO:colcon.colcon_core.shell:Creating environment hook '/home/mm/longshan12_2/install/draw_messages/share/draw_messages/hook/ament_prefix_path.ps1'
[2.133s] INFO:colcon.colcon_core.shell:Creating environment descriptor '/home/mm/longshan12_2/install/draw_messages/share/draw_messages/hook/ament_prefix_path.dsv'
[2.135s] INFO:colcon.colcon_core.shell:Creating environment hook '/home/mm/longshan12_2/install/draw_messages/share/draw_messages/hook/ament_prefix_path.sh'
[2.136s] INFO:colcon.colcon_core.shell:Skip shell extension 'powershell' for command environment: Not usable outside of PowerShell
[2.141s] DEBUG:colcon.colcon_core.shell:Skip shell extension 'dsv' for command environment
[2.534s] INFO:colcon.colcon_core.task.python.build:Building Python package in '/home/mm/longshan12_2/src/draw_messages'
[2.535s] INFO:colcon.colcon_core.shell:Skip shell extension 'powershell' for command environment: Not usable outside of PowerShell
[2.535s] DEBUG:colcon.colcon_core.shell:Skip shell extension 'dsv' for command environment
[4.115s] DEBUG:colcon.colcon_core.event_handler.log_command:Invoking command in '/home/mm/longshan12_2/src/draw_messages': PYTHONPATH=/home/mm/longshan12_2/build/draw_messages/prefix_override:/home/mm/longshan12_2/install/draw_messages/lib/python3.8/site-packages:${PYTHONPATH} /usr/bin/python3 -W ignore:setup.py install is deprecated setup.py egg_info --egg-base ../../build/draw_messages build --build-base /home/mm/longshan12_2/build/draw_messages/build install --record /home/mm/longshan12_2/build/draw_messages/install.log --install-scripts $base/lib/draw_messages --single-version-externally-managed install_data
[5.288s] Level 1:colcon.colcon_core.environment:checking '/home/mm/longshan12_2/install/draw_messages' for CMake module files
[5.289s] DEBUG:colcon.colcon_core.event_handler.log_command:Invoked command in '/home/mm/longshan12_2/src/draw_messages' returned '0': PYTHONPATH=/home/mm/longshan12_2/build/draw_messages/prefix_override:/home/mm/longshan12_2/install/draw_messages/lib/python3.8/site-packages:${PYTHONPATH} /usr/bin/python3 -W ignore:setup.py install is deprecated setup.py egg_info --egg-base ../../build/draw_messages build --build-base /home/mm/longshan12_2/build/draw_messages/build install --record /home/mm/longshan12_2/build/draw_messages/install.log --install-scripts $base/lib/draw_messages --single-version-externally-managed install_data
[5.290s] Level 1:colcon.colcon_core.environment:checking '/home/mm/longshan12_2/install/draw_messages' for CMake config files
[5.291s] Level 1:colcon.colcon_core.environment:checking '/home/mm/longshan12_2/install/draw_messages/lib'
[5.291s] Level 1:colcon.colcon_core.environment:checking '/home/mm/longshan12_2/install/draw_messages/bin'
[5.291s] Level 1:colcon.colcon_core.environment:checking '/home/mm/longshan12_2/install/draw_messages/lib/pkgconfig/draw_messages.pc'
[5.292s] Level 1:colcon.colcon_core.environment:checking '/home/mm/longshan12_2/install/draw_messages/lib/python3.8/site-packages'
[5.292s] Level 1:colcon.colcon_core.shell:create_environment_hook('draw_messages', 'pythonpath')
[5.292s] INFO:colcon.colcon_core.shell:Creating environment hook '/home/mm/longshan12_2/install/draw_messages/share/draw_messages/hook/pythonpath.ps1'
[5.293s] INFO:colcon.colcon_core.shell:Creating environment descriptor '/home/mm/longshan12_2/install/draw_messages/share/draw_messages/hook/pythonpath.dsv'
[5.293s] INFO:colcon.colcon_core.shell:Creating environment hook '/home/mm/longshan12_2/install/draw_messages/share/draw_messages/hook/pythonpath.sh'
[5.294s] Level 1:colcon.colcon_core.environment:checking '/home/mm/longshan12_2/install/draw_messages/bin'
[5.294s] Level 1:colcon.colcon_core.environment:create_environment_scripts_only(draw_messages)
[5.294s] INFO:colcon.colcon_core.shell:Creating package script '/home/mm/longshan12_2/install/draw_messages/share/draw_messages/package.ps1'
[5.295s] INFO:colcon.colcon_core.shell:Creating package descriptor '/home/mm/longshan12_2/install/draw_messages/share/draw_messages/package.dsv'
[5.296s] INFO:colcon.colcon_core.shell:Creating package script '/home/mm/longshan12_2/install/draw_messages/share/draw_messages/package.sh'
[5.296s] INFO:colcon.colcon_core.shell:Creating package script '/home/mm/longshan12_2/install/draw_messages/share/draw_messages/package.bash'
[5.297s] INFO:colcon.colcon_core.shell:Creating package script '/home/mm/longshan12_2/install/draw_messages/share/draw_messages/package.zsh'
[5.297s] Level 1:colcon.colcon_core.environment:create_file_with_runtime_dependencies(/home/mm/longshan12_2/install/draw_messages/share/colcon-core/packages/draw_messages)
[5.298s] INFO:colcon.colcon_ros.task.ament_cmake.build:Building ROS package in '/home/mm/longshan12_2/src/gnss' with build type 'ament_cmake'
[5.303s] INFO:colcon.colcon_cmake.task.cmake.build:Building CMake package in '/home/mm/longshan12_2/src/gnss'
[5.304s] INFO:colcon.colcon_core.shell:Skip shell extension 'powershell' for command environment: Not usable outside of PowerShell
[5.304s] DEBUG:colcon.colcon_core.shell:Skip shell extension 'dsv' for command environment
[5.356s] DEBUG:colcon.colcon_core.event_handler.log_command:Invoking command in '/home/mm/longshan12_2/build/gnss': CMAKE_PREFIX_PATH=/opt/ros/foxy /usr/bin/cmake --build /home/mm/longshan12_2/build/gnss -- -j4 -l4
[6.519s] DEBUG:colcon.colcon_core.event_handler.log_command:Invoked command in '/home/mm/longshan12_2/build/gnss' returned '0': CMAKE_PREFIX_PATH=/opt/ros/foxy /usr/bin/cmake --build /home/mm/longshan12_2/build/gnss -- -j4 -l4
[7.691s] DEBUG:colcon.colcon_core.event_handler.log_command:Invoking command in '/home/mm/longshan12_2/build/gnss': CMAKE_PREFIX_PATH=/opt/ros/foxy /usr/bin/cmake --install /home/mm/longshan12_2/build/gnss
[7.882s] Level 1:colcon.colcon_core.environment:create_environment_scripts_only(gnss)
[7.882s] Level 1:colcon.colcon_core.environment:checking '/home/mm/longshan12_2/install/gnss' for CMake module files
[7.883s] DEBUG:colcon.colcon_core.event_handler.log_command:Invoked command in '/home/mm/longshan12_2/build/gnss' returned '0': CMAKE_PREFIX_PATH=/opt/ros/foxy /usr/bin/cmake --install /home/mm/longshan12_2/build/gnss
[7.884s] Level 1:colcon.colcon_core.environment:checking '/home/mm/longshan12_2/install/gnss' for CMake config files
[7.884s] Level 1:colcon.colcon_core.shell:create_environment_hook('gnss', 'cmake_prefix_path')
[7.885s] INFO:colcon.colcon_core.shell:Creating environment hook '/home/mm/longshan12_2/install/gnss/share/gnss/hook/cmake_prefix_path.ps1'
[7.886s] INFO:colcon.colcon_core.shell:Creating environment descriptor '/home/mm/longshan12_2/install/gnss/share/gnss/hook/cmake_prefix_path.dsv'
[7.886s] INFO:colcon.colcon_core.shell:Creating environment hook '/home/mm/longshan12_2/install/gnss/share/gnss/hook/cmake_prefix_path.sh'
[7.888s] Level 1:colcon.colcon_core.environment:checking '/home/mm/longshan12_2/install/gnss/lib'
[7.888s] Level 1:colcon.colcon_core.shell:create_environment_hook('gnss', 'ld_library_path_lib')
[7.888s] INFO:colcon.colcon_core.shell:Creating environment hook '/home/mm/longshan12_2/install/gnss/share/gnss/hook/ld_library_path_lib.ps1'
[7.889s] INFO:colcon.colcon_core.shell:Creating environment descriptor '/home/mm/longshan12_2/install/gnss/share/gnss/hook/ld_library_path_lib.dsv'
[7.890s] INFO:colcon.colcon_core.shell:Creating environment hook '/home/mm/longshan12_2/install/gnss/share/gnss/hook/ld_library_path_lib.sh'
[7.891s] Level 1:colcon.colcon_core.environment:checking '/home/mm/longshan12_2/install/gnss/bin'
[7.891s] Level 1:colcon.colcon_core.environment:checking '/home/mm/longshan12_2/install/gnss/lib/pkgconfig/gnss.pc'
[7.893s] Level 1:colcon.colcon_core.environment:checking '/home/mm/longshan12_2/install/gnss/lib/python3.8/site-packages'
[7.893s] Level 1:colcon.colcon_core.shell:create_environment_hook('gnss', 'pythonpath')
[7.893s] INFO:colcon.colcon_core.shell:Creating environment hook '/home/mm/longshan12_2/install/gnss/share/gnss/hook/pythonpath.ps1'
[7.909s] INFO:colcon.colcon_core.shell:Creating environment descriptor '/home/mm/longshan12_2/install/gnss/share/gnss/hook/pythonpath.dsv'
[7.910s] INFO:colcon.colcon_core.shell:Creating environment hook '/home/mm/longshan12_2/install/gnss/share/gnss/hook/pythonpath.sh'
[7.911s] Level 1:colcon.colcon_core.environment:checking '/home/mm/longshan12_2/install/gnss/bin'
[7.911s] INFO:colcon.colcon_core.shell:Creating package script '/home/mm/longshan12_2/install/gnss/share/gnss/package.ps1'
[7.912s] INFO:colcon.colcon_core.shell:Creating package descriptor '/home/mm/longshan12_2/install/gnss/share/gnss/package.dsv'
[7.912s] INFO:colcon.colcon_core.shell:Creating package script '/home/mm/longshan12_2/install/gnss/share/gnss/package.sh'
[7.914s] INFO:colcon.colcon_core.shell:Creating package script '/home/mm/longshan12_2/install/gnss/share/gnss/package.bash'
[7.914s] INFO:colcon.colcon_core.shell:Creating package script '/home/mm/longshan12_2/install/gnss/share/gnss/package.zsh'
[7.915s] Level 1:colcon.colcon_core.environment:create_file_with_runtime_dependencies(/home/mm/longshan12_2/install/gnss/share/colcon-core/packages/gnss)
[9.660s] Level 1:colcon.colcon_core.environment:create_environment_scripts_only(gnss)
[9.660s] Level 1:colcon.colcon_core.environment:checking '/home/mm/longshan12_2/install/gnss' for CMake module files
[9.661s] Level 1:colcon.colcon_core.environment:checking '/home/mm/longshan12_2/install/gnss' for CMake config files
[9.662s] Level 1:colcon.colcon_core.shell:create_environment_hook('gnss', 'cmake_prefix_path')
[9.662s] INFO:colcon.colcon_core.shell:Creating environment hook '/home/mm/longshan12_2/install/gnss/share/gnss/hook/cmake_prefix_path.ps1'
[9.664s] INFO:colcon.colcon_core.shell:Creating environment descriptor '/home/mm/longshan12_2/install/gnss/share/gnss/hook/cmake_prefix_path.dsv'
[9.664s] INFO:colcon.colcon_core.shell:Creating environment hook '/home/mm/longshan12_2/install/gnss/share/gnss/hook/cmake_prefix_path.sh'
[9.665s] Level 1:colcon.colcon_core.environment:checking '/home/mm/longshan12_2/install/gnss/lib'
[9.665s] Level 1:colcon.colcon_core.shell:create_environment_hook('gnss', 'ld_library_path_lib')
[9.666s] INFO:colcon.colcon_core.shell:Creating environment hook '/home/mm/longshan12_2/install/gnss/share/gnss/hook/ld_library_path_lib.ps1'
[9.666s] INFO:colcon.colcon_core.shell:Creating environment descriptor '/home/mm/longshan12_2/install/gnss/share/gnss/hook/ld_library_path_lib.dsv'
[9.667s] INFO:colcon.colcon_core.shell:Creating environment hook '/home/mm/longshan12_2/install/gnss/share/gnss/hook/ld_library_path_lib.sh'
[9.667s] Level 1:colcon.colcon_core.environment:checking '/home/mm/longshan12_2/install/gnss/bin'
[9.667s] Level 1:colcon.colcon_core.environment:checking '/home/mm/longshan12_2/install/gnss/lib/pkgconfig/gnss.pc'
[9.667s] Level 1:colcon.colcon_core.environment:checking '/home/mm/longshan12_2/install/gnss/lib/python3.8/site-packages'
[9.668s] Level 1:colcon.colcon_core.shell:create_environment_hook('gnss', 'pythonpath')
[9.668s] INFO:colcon.colcon_core.shell:Creating environment hook '/home/mm/longshan12_2/install/gnss/share/gnss/hook/pythonpath.ps1'
[9.668s] INFO:colcon.colcon_core.shell:Creating environment descriptor '/home/mm/longshan12_2/install/gnss/share/gnss/hook/pythonpath.dsv'
[9.669s] INFO:colcon.colcon_core.shell:Creating environment hook '/home/mm/longshan12_2/install/gnss/share/gnss/hook/pythonpath.sh'
[9.669s] Level 1:colcon.colcon_core.environment:checking '/home/mm/longshan12_2/install/gnss/bin'
[9.670s] INFO:colcon.colcon_core.shell:Creating package script '/home/mm/longshan12_2/install/gnss/share/gnss/package.ps1'
[9.670s] INFO:colcon.colcon_core.shell:Creating package descriptor '/home/mm/longshan12_2/install/gnss/share/gnss/package.dsv'
[9.683s] INFO:colcon.colcon_core.shell:Creating package script '/home/mm/longshan12_2/install/gnss/share/gnss/package.sh'
[9.684s] INFO:colcon.colcon_core.shell:Creating package script '/home/mm/longshan12_2/install/gnss/share/gnss/package.bash'
[9.684s] INFO:colcon.colcon_core.shell:Creating package script '/home/mm/longshan12_2/install/gnss/share/gnss/package.zsh'
[9.685s] Level 1:colcon.colcon_core.environment:create_file_with_runtime_dependencies(/home/mm/longshan12_2/install/gnss/share/colcon-core/packages/gnss)
[9.685s] INFO:colcon.colcon_ros.task.ament_cmake.build:Building ROS package in '/home/mm/longshan12_2/src/hmi' with build type 'ament_cmake'
[9.685s] INFO:colcon.colcon_cmake.task.cmake.build:Building CMake package in '/home/mm/longshan12_2/src/hmi'
[9.686s] INFO:colcon.colcon_core.shell:Skip shell extension 'powershell' for command environment: Not usable outside of PowerShell
[9.686s] DEBUG:colcon.colcon_core.shell:Skip shell extension 'dsv' for command environment
[9.774s] DEBUG:colcon.colcon_core.event_handler.log_command:Invoking command in '/home/mm/longshan12_2/build/hmi': CMAKE_PREFIX_PATH=/opt/ros/foxy /usr/bin/cmake --build /home/mm/longshan12_2/build/hmi -- -j4 -l4
[10.334s] DEBUG:colcon.colcon_core.event_handler.log_command:Invoked command in '/home/mm/longshan12_2/build/hmi' returned '0': CMAKE_PREFIX_PATH=/opt/ros/foxy /usr/bin/cmake --build /home/mm/longshan12_2/build/hmi -- -j4 -l4
[10.770s] DEBUG:colcon.colcon_core.event_handler.log_command:Invoking command in '/home/mm/longshan12_2/build/hmi': CMAKE_PREFIX_PATH=/opt/ros/foxy /usr/bin/cmake --install /home/mm/longshan12_2/build/hmi
[10.863s] Level 1:colcon.colcon_core.environment:create_environment_scripts_only(hmi)
[10.864s] Level 1:colcon.colcon_core.environment:checking '/home/mm/longshan12_2/install/hmi' for CMake module files
[10.864s] Level 1:colcon.colcon_core.environment:checking '/home/mm/longshan12_2/install/hmi' for CMake config files
[10.865s] Level 1:colcon.colcon_core.shell:create_environment_hook('hmi', 'cmake_prefix_path')
[10.865s] INFO:colcon.colcon_core.shell:Creating environment hook '/home/mm/longshan12_2/install/hmi/share/hmi/hook/cmake_prefix_path.ps1'
[10.866s] INFO:colcon.colcon_core.shell:Creating environment descriptor '/home/mm/longshan12_2/install/hmi/share/hmi/hook/cmake_prefix_path.dsv'
[10.866s] INFO:colcon.colcon_core.shell:Creating environment hook '/home/mm/longshan12_2/install/hmi/share/hmi/hook/cmake_prefix_path.sh'
[10.868s] DEBUG:colcon.colcon_core.event_handler.log_command:Invoked command in '/home/mm/longshan12_2/build/hmi' returned '0': CMAKE_PREFIX_PATH=/opt/ros/foxy /usr/bin/cmake --install /home/mm/longshan12_2/build/hmi
[10.870s] Level 1:colcon.colcon_core.environment:checking '/home/mm/longshan12_2/install/hmi/lib'
[10.870s] Level 1:colcon.colcon_core.environment:checking '/home/mm/longshan12_2/install/hmi/bin'
[10.870s] Level 1:colcon.colcon_core.environment:checking '/home/mm/longshan12_2/install/hmi/lib/pkgconfig/hmi.pc'
[10.870s] Level 1:colcon.colcon_core.environment:checking '/home/mm/longshan12_2/install/hmi/lib/python3.8/site-packages'
[10.871s] Level 1:colcon.colcon_core.environment:checking '/home/mm/longshan12_2/install/hmi/bin'
[10.871s] INFO:colcon.colcon_core.shell:Creating package script '/home/mm/longshan12_2/install/hmi/share/hmi/package.ps1'
[10.872s] INFO:colcon.colcon_core.shell:Creating package descriptor '/home/mm/longshan12_2/install/hmi/share/hmi/package.dsv'
[10.872s] INFO:colcon.colcon_core.shell:Creating package script '/home/mm/longshan12_2/install/hmi/share/hmi/package.sh'
[10.873s] INFO:colcon.colcon_core.shell:Creating package script '/home/mm/longshan12_2/install/hmi/share/hmi/package.bash'
[10.873s] INFO:colcon.colcon_core.shell:Creating package script '/home/mm/longshan12_2/install/hmi/share/hmi/package.zsh'
[10.873s] Level 1:colcon.colcon_core.environment:create_file_with_runtime_dependencies(/home/mm/longshan12_2/install/hmi/share/colcon-core/packages/hmi)
[11.719s] Level 1:colcon.colcon_core.environment:create_environment_scripts_only(hmi)
[11.720s] Level 1:colcon.colcon_core.environment:checking '/home/mm/longshan12_2/install/hmi' for CMake module files
[11.721s] Level 1:colcon.colcon_core.environment:checking '/home/mm/longshan12_2/install/hmi' for CMake config files
[11.721s] Level 1:colcon.colcon_core.shell:create_environment_hook('hmi', 'cmake_prefix_path')
[11.722s] INFO:colcon.colcon_core.shell:Creating environment hook '/home/mm/longshan12_2/install/hmi/share/hmi/hook/cmake_prefix_path.ps1'
[11.723s] INFO:colcon.colcon_core.shell:Creating environment descriptor '/home/mm/longshan12_2/install/hmi/share/hmi/hook/cmake_prefix_path.dsv'
[11.723s] INFO:colcon.colcon_core.shell:Creating environment hook '/home/mm/longshan12_2/install/hmi/share/hmi/hook/cmake_prefix_path.sh'
[11.724s] Level 1:colcon.colcon_core.environment:checking '/home/mm/longshan12_2/install/hmi/lib'
[11.725s] Level 1:colcon.colcon_core.environment:checking '/home/mm/longshan12_2/install/hmi/bin'
[11.725s] Level 1:colcon.colcon_core.environment:checking '/home/mm/longshan12_2/install/hmi/lib/pkgconfig/hmi.pc'
[11.725s] Level 1:colcon.colcon_core.environment:checking '/home/mm/longshan12_2/install/hmi/lib/python3.8/site-packages'
[11.726s] Level 1:colcon.colcon_core.environment:checking '/home/mm/longshan12_2/install/hmi/bin'
[11.726s] INFO:colcon.colcon_core.shell:Creating package script '/home/mm/longshan12_2/install/hmi/share/hmi/package.ps1'
[11.731s] INFO:colcon.colcon_core.shell:Creating package descriptor '/home/mm/longshan12_2/install/hmi/share/hmi/package.dsv'
[11.739s] INFO:colcon.colcon_core.shell:Creating package script '/home/mm/longshan12_2/install/hmi/share/hmi/package.sh'
[11.743s] INFO:colcon.colcon_core.shell:Creating package script '/home/mm/longshan12_2/install/hmi/share/hmi/package.bash'
[11.751s] INFO:colcon.colcon_core.shell:Creating package script '/home/mm/longshan12_2/install/hmi/share/hmi/package.zsh'
[11.753s] Level 1:colcon.colcon_core.environment:create_file_with_runtime_dependencies(/home/mm/longshan12_2/install/hmi/share/colcon-core/packages/hmi)
[11.754s] INFO:colcon.colcon_ros.task.ament_cmake.build:Building ROS package in '/home/mm/longshan12_2/src/lidar_processing' with build type 'ament_cmake'
[11.760s] INFO:colcon.colcon_cmake.task.cmake.build:Building CMake package in '/home/mm/longshan12_2/src/lidar_processing'
[11.761s] INFO:colcon.colcon_core.shell:Skip shell extension 'powershell' for command environment: Not usable outside of PowerShell
[11.761s] DEBUG:colcon.colcon_core.shell:Skip shell extension 'dsv' for command environment
[11.861s] DEBUG:colcon.colcon_core.event_handler.log_command:Invoking command in '/home/mm/longshan12_2/build/lidar_processing': CMAKE_PREFIX_PATH=/opt/ros/foxy /usr/bin/cmake --build /home/mm/longshan12_2/build/lidar_processing -- -j4 -l4
[12.453s] DEBUG:colcon.colcon_core.event_handler.log_command:Invoked command in '/home/mm/longshan12_2/build/lidar_processing' returned '0': CMAKE_PREFIX_PATH=/opt/ros/foxy /usr/bin/cmake --build /home/mm/longshan12_2/build/lidar_processing -- -j4 -l4
[12.718s] DEBUG:colcon.colcon_core.event_handler.log_command:Invoking command in '/home/mm/longshan12_2/build/lidar_processing': CMAKE_PREFIX_PATH=/opt/ros/foxy /usr/bin/cmake --install /home/mm/longshan12_2/build/lidar_processing
[12.789s] Level 1:colcon.colcon_core.environment:create_environment_scripts_only(lidar_processing)
[12.789s] Level 1:colcon.colcon_core.environment:checking '/home/mm/longshan12_2/install/lidar_processing' for CMake module files
[12.790s] Level 1:colcon.colcon_core.environment:checking '/home/mm/longshan12_2/install/lidar_processing' for CMake config files
[12.791s] DEBUG:colcon.colcon_core.event_handler.log_command:Invoked command in '/home/mm/longshan12_2/build/lidar_processing' returned '0': CMAKE_PREFIX_PATH=/opt/ros/foxy /usr/bin/cmake --install /home/mm/longshan12_2/build/lidar_processing
[12.793s] Level 1:colcon.colcon_core.shell:create_environment_hook('lidar_processing', 'cmake_prefix_path')
[12.794s] INFO:colcon.colcon_core.shell:Creating environment hook '/home/mm/longshan12_2/install/lidar_processing/share/lidar_processing/hook/cmake_prefix_path.ps1'
[12.795s] INFO:colcon.colcon_core.shell:Creating environment descriptor '/home/mm/longshan12_2/install/lidar_processing/share/lidar_processing/hook/cmake_prefix_path.dsv'
[12.795s] INFO:colcon.colcon_core.shell:Creating environment hook '/home/mm/longshan12_2/install/lidar_processing/share/lidar_processing/hook/cmake_prefix_path.sh'
[12.797s] Level 1:colcon.colcon_core.environment:checking '/home/mm/longshan12_2/install/lidar_processing/lib'
[12.797s] Level 1:colcon.colcon_core.environment:checking '/home/mm/longshan12_2/install/lidar_processing/bin'
[12.797s] Level 1:colcon.colcon_core.environment:checking '/home/mm/longshan12_2/install/lidar_processing/lib/pkgconfig/lidar_processing.pc'
[12.797s] Level 1:colcon.colcon_core.environment:checking '/home/mm/longshan12_2/install/lidar_processing/lib/python3.8/site-packages'
[12.797s] Level 1:colcon.colcon_core.environment:checking '/home/mm/longshan12_2/install/lidar_processing/bin'
[12.798s] INFO:colcon.colcon_core.shell:Creating package script '/home/mm/longshan12_2/install/lidar_processing/share/lidar_processing/package.ps1'
[12.801s] INFO:colcon.colcon_core.shell:Creating package descriptor '/home/mm/longshan12_2/install/lidar_processing/share/lidar_processing/package.dsv'
[12.803s] INFO:colcon.colcon_core.shell:Creating package script '/home/mm/longshan12_2/install/lidar_processing/share/lidar_processing/package.sh'
[12.805s] INFO:colcon.colcon_core.shell:Creating package script '/home/mm/longshan12_2/install/lidar_processing/share/lidar_processing/package.bash'
[12.811s] INFO:colcon.colcon_core.shell:Creating package script '/home/mm/longshan12_2/install/lidar_processing/share/lidar_processing/package.zsh'
[12.819s] Level 1:colcon.colcon_core.environment:create_file_with_runtime_dependencies(/home/mm/longshan12_2/install/lidar_processing/share/colcon-core/packages/lidar_processing)
[12.950s] Level 1:colcon.colcon_core.environment:create_environment_scripts_only(lidar_processing)
[12.951s] Level 1:colcon.colcon_core.environment:checking '/home/mm/longshan12_2/install/lidar_processing' for CMake module files
[12.952s] Level 1:colcon.colcon_core.environment:checking '/home/mm/longshan12_2/install/lidar_processing' for CMake config files
[12.952s] Level 1:colcon.colcon_core.shell:create_environment_hook('lidar_processing', 'cmake_prefix_path')
[12.952s] INFO:colcon.colcon_core.shell:Creating environment hook '/home/mm/longshan12_2/install/lidar_processing/share/lidar_processing/hook/cmake_prefix_path.ps1'
[12.956s] INFO:colcon.colcon_core.shell:Creating environment descriptor '/home/mm/longshan12_2/install/lidar_processing/share/lidar_processing/hook/cmake_prefix_path.dsv'
[12.957s] INFO:colcon.colcon_core.shell:Creating environment hook '/home/mm/longshan12_2/install/lidar_processing/share/lidar_processing/hook/cmake_prefix_path.sh'
[12.959s] Level 1:colcon.colcon_core.environment:checking '/home/mm/longshan12_2/install/lidar_processing/lib'
[12.962s] Level 1:colcon.colcon_core.environment:checking '/home/mm/longshan12_2/install/lidar_processing/bin'
[12.962s] Level 1:colcon.colcon_core.environment:checking '/home/mm/longshan12_2/install/lidar_processing/lib/pkgconfig/lidar_processing.pc'
[12.963s] Level 1:colcon.colcon_core.environment:checking '/home/mm/longshan12_2/install/lidar_processing/lib/python3.8/site-packages'
[12.963s] Level 1:colcon.colcon_core.environment:checking '/home/mm/longshan12_2/install/lidar_processing/bin'
[12.964s] INFO:colcon.colcon_core.shell:Creating package script '/home/mm/longshan12_2/install/lidar_processing/share/lidar_processing/package.ps1'
[12.965s] INFO:colcon.colcon_core.shell:Creating package descriptor '/home/mm/longshan12_2/install/lidar_processing/share/lidar_processing/package.dsv'
[12.965s] INFO:colcon.colcon_core.shell:Creating package script '/home/mm/longshan12_2/install/lidar_processing/share/lidar_processing/package.sh'
[12.966s] INFO:colcon.colcon_core.shell:Creating package script '/home/mm/longshan12_2/install/lidar_processing/share/lidar_processing/package.bash'
[12.967s] INFO:colcon.colcon_core.shell:Creating package script '/home/mm/longshan12_2/install/lidar_processing/share/lidar_processing/package.zsh'
[12.968s] Level 1:colcon.colcon_core.environment:create_file_with_runtime_dependencies(/home/mm/longshan12_2/install/lidar_processing/share/colcon-core/packages/lidar_processing)
[12.987s] INFO:colcon.colcon_ros.task.ament_cmake.build:Building ROS package in '/home/mm/longshan12_2/src/myrviz' with build type 'ament_cmake'
[12.991s] INFO:colcon.colcon_cmake.task.cmake.build:Building CMake package in '/home/mm/longshan12_2/src/myrviz'
[12.992s] INFO:colcon.colcon_core.shell:Skip shell extension 'powershell' for command environment: Not usable outside of PowerShell
[12.992s] DEBUG:colcon.colcon_core.shell:Skip shell extension 'dsv' for command environment
[13.055s] DEBUG:colcon.colcon_core.event_handler.log_command:Invoking command in '/home/mm/longshan12_2/build/myrviz': CMAKE_PREFIX_PATH=/opt/ros/foxy /usr/bin/cmake --build /home/mm/longshan12_2/build/myrviz -- -j4 -l4
[13.708s] DEBUG:colcon.colcon_core.event_handler.log_command:Invoked command in '/home/mm/longshan12_2/build/myrviz' returned '0': CMAKE_PREFIX_PATH=/opt/ros/foxy /usr/bin/cmake --build /home/mm/longshan12_2/build/myrviz -- -j4 -l4
[14.032s] DEBUG:colcon.colcon_core.event_handler.log_command:Invoking command in '/home/mm/longshan12_2/build/myrviz': CMAKE_PREFIX_PATH=/opt/ros/foxy /usr/bin/cmake --install /home/mm/longshan12_2/build/myrviz
[14.103s] Level 1:colcon.colcon_core.environment:create_environment_scripts_only(myrviz)
[14.104s] Level 1:colcon.colcon_core.environment:checking '/home/mm/longshan12_2/install/myrviz' for CMake module files
[14.105s] DEBUG:colcon.colcon_core.event_handler.log_command:Invoked command in '/home/mm/longshan12_2/build/myrviz' returned '0': CMAKE_PREFIX_PATH=/opt/ros/foxy /usr/bin/cmake --install /home/mm/longshan12_2/build/myrviz
[14.106s] Level 1:colcon.colcon_core.environment:checking '/home/mm/longshan12_2/install/myrviz' for CMake config files
[14.106s] Level 1:colcon.colcon_core.shell:create_environment_hook('myrviz', 'cmake_prefix_path')
[14.106s] INFO:colcon.colcon_core.shell:Creating environment hook '/home/mm/longshan12_2/install/myrviz/share/myrviz/hook/cmake_prefix_path.ps1'
[14.107s] INFO:colcon.colcon_core.shell:Creating environment descriptor '/home/mm/longshan12_2/install/myrviz/share/myrviz/hook/cmake_prefix_path.dsv'
[14.108s] INFO:colcon.colcon_core.shell:Creating environment hook '/home/mm/longshan12_2/install/myrviz/share/myrviz/hook/cmake_prefix_path.sh'
[14.108s] Level 1:colcon.colcon_core.environment:checking '/home/mm/longshan12_2/install/myrviz/lib'
[14.108s] Level 1:colcon.colcon_core.environment:checking '/home/mm/longshan12_2/install/myrviz/bin'
[14.109s] Level 1:colcon.colcon_core.environment:checking '/home/mm/longshan12_2/install/myrviz/lib/pkgconfig/myrviz.pc'
[14.109s] Level 1:colcon.colcon_core.environment:checking '/home/mm/longshan12_2/install/myrviz/lib/python3.8/site-packages'
[14.109s] Level 1:colcon.colcon_core.environment:checking '/home/mm/longshan12_2/install/myrviz/bin'
[14.109s] INFO:colcon.colcon_core.shell:Creating package script '/home/mm/longshan12_2/install/myrviz/share/myrviz/package.ps1'
[14.110s] INFO:colcon.colcon_core.shell:Creating package descriptor '/home/mm/longshan12_2/install/myrviz/share/myrviz/package.dsv'
[14.111s] INFO:colcon.colcon_core.shell:Creating package script '/home/mm/longshan12_2/install/myrviz/share/myrviz/package.sh'
[14.111s] INFO:colcon.colcon_core.shell:Creating package script '/home/mm/longshan12_2/install/myrviz/share/myrviz/package.bash'
[14.112s] INFO:colcon.colcon_core.shell:Creating package script '/home/mm/longshan12_2/install/myrviz/share/myrviz/package.zsh'
[14.112s] Level 1:colcon.colcon_core.environment:create_file_with_runtime_dependencies(/home/mm/longshan12_2/install/myrviz/share/colcon-core/packages/myrviz)
[14.248s] Level 1:colcon.colcon_core.environment:create_environment_scripts_only(myrviz)
[14.249s] Level 1:colcon.colcon_core.environment:checking '/home/mm/longshan12_2/install/myrviz' for CMake module files
[14.249s] Level 1:colcon.colcon_core.environment:checking '/home/mm/longshan12_2/install/myrviz' for CMake config files
[14.250s] Level 1:colcon.colcon_core.shell:create_environment_hook('myrviz', 'cmake_prefix_path')
[14.250s] INFO:colcon.colcon_core.shell:Creating environment hook '/home/mm/longshan12_2/install/myrviz/share/myrviz/hook/cmake_prefix_path.ps1'
[14.251s] INFO:colcon.colcon_core.shell:Creating environment descriptor '/home/mm/longshan12_2/install/myrviz/share/myrviz/hook/cmake_prefix_path.dsv'
[14.251s] INFO:colcon.colcon_core.shell:Creating environment hook '/home/mm/longshan12_2/install/myrviz/share/myrviz/hook/cmake_prefix_path.sh'
[14.252s] Level 1:colcon.colcon_core.environment:checking '/home/mm/longshan12_2/install/myrviz/lib'
[14.252s] Level 1:colcon.colcon_core.environment:checking '/home/mm/longshan12_2/install/myrviz/bin'
[14.252s] Level 1:colcon.colcon_core.environment:checking '/home/mm/longshan12_2/install/myrviz/lib/pkgconfig/myrviz.pc'
[14.252s] Level 1:colcon.colcon_core.environment:checking '/home/mm/longshan12_2/install/myrviz/lib/python3.8/site-packages'
[14.253s] Level 1:colcon.colcon_core.environment:checking '/home/mm/longshan12_2/install/myrviz/bin'
[14.253s] INFO:colcon.colcon_core.shell:Creating package script '/home/mm/longshan12_2/install/myrviz/share/myrviz/package.ps1'
[14.253s] INFO:colcon.colcon_core.shell:Creating package descriptor '/home/mm/longshan12_2/install/myrviz/share/myrviz/package.dsv'
[14.254s] INFO:colcon.colcon_core.shell:Creating package script '/home/mm/longshan12_2/install/myrviz/share/myrviz/package.sh'
[14.260s] INFO:colcon.colcon_core.shell:Creating package script '/home/mm/longshan12_2/install/myrviz/share/myrviz/package.bash'
[14.261s] INFO:colcon.colcon_core.shell:Creating package script '/home/mm/longshan12_2/install/myrviz/share/myrviz/package.zsh'
[14.264s] Level 1:colcon.colcon_core.environment:create_file_with_runtime_dependencies(/home/mm/longshan12_2/install/myrviz/share/colcon-core/packages/myrviz)
[14.265s] INFO:colcon.colcon_ros.task.ament_cmake.build:Building ROS package in '/home/mm/longshan12_2/src/global' with build type 'ament_cmake'
[14.265s] INFO:colcon.colcon_cmake.task.cmake.build:Building CMake package in '/home/mm/longshan12_2/src/global'
[14.266s] INFO:colcon.colcon_core.shell:Skip shell extension 'powershell' for command environment: Not usable outside of PowerShell
[14.266s] DEBUG:colcon.colcon_core.shell:Skip shell extension 'dsv' for command environment
[14.402s] DEBUG:colcon.colcon_core.event_handler.log_command:Invoking command in '/home/mm/longshan12_2/build/global': AMENT_PREFIX_PATH=/home/mm/longshan12_2/install/ros2_path_interfaces:${AMENT_PREFIX_PATH} CMAKE_PREFIX_PATH=/home/mm/longshan12_2/install/ros2_path_interfaces:/opt/ros/foxy LD_LIBRARY_PATH=/home/mm/longshan12_2/install/ros2_path_interfaces/lib:/usr/local/lib/libosqp.so:/usr/lib/x86_64-linux-gnu/gazebo-11/plugins:/opt/ros/foxy/opt/yaml_cpp_vendor/lib:/opt/ros/foxy/opt/rviz_ogre_vendor/lib:/opt/ros/foxy/lib/x86_64-linux-gnu:/opt/ros/foxy/lib:/usr/local/lib/libosqp.so PYTHONPATH=/home/mm/longshan12_2/install/ros2_path_interfaces/lib/python3.8/site-packages:${PYTHONPATH} /usr/bin/cmake --build /home/mm/longshan12_2/build/global -- -j4 -l4
[14.965s] DEBUG:colcon.colcon_core.event_handler.log_command:Invoked command in '/home/mm/longshan12_2/build/global' returned '0': AMENT_PREFIX_PATH=/home/mm/longshan12_2/install/ros2_path_interfaces:${AMENT_PREFIX_PATH} CMAKE_PREFIX_PATH=/home/mm/longshan12_2/install/ros2_path_interfaces:/opt/ros/foxy LD_LIBRARY_PATH=/home/mm/longshan12_2/install/ros2_path_interfaces/lib:/usr/local/lib/libosqp.so:/usr/lib/x86_64-linux-gnu/gazebo-11/plugins:/opt/ros/foxy/opt/yaml_cpp_vendor/lib:/opt/ros/foxy/opt/rviz_ogre_vendor/lib:/opt/ros/foxy/lib/x86_64-linux-gnu:/opt/ros/foxy/lib:/usr/local/lib/libosqp.so PYTHONPATH=/home/mm/longshan12_2/install/ros2_path_interfaces/lib/python3.8/site-packages:${PYTHONPATH} /usr/bin/cmake --build /home/mm/longshan12_2/build/global -- -j4 -l4
[15.364s] DEBUG:colcon.colcon_core.event_handler.log_command:Invoking command in '/home/mm/longshan12_2/build/global': AMENT_PREFIX_PATH=/home/mm/longshan12_2/install/ros2_path_interfaces:${AMENT_PREFIX_PATH} CMAKE_PREFIX_PATH=/home/mm/longshan12_2/install/ros2_path_interfaces:/opt/ros/foxy LD_LIBRARY_PATH=/home/mm/longshan12_2/install/ros2_path_interfaces/lib:/usr/local/lib/libosqp.so:/usr/lib/x86_64-linux-gnu/gazebo-11/plugins:/opt/ros/foxy/opt/yaml_cpp_vendor/lib:/opt/ros/foxy/opt/rviz_ogre_vendor/lib:/opt/ros/foxy/lib/x86_64-linux-gnu:/opt/ros/foxy/lib:/usr/local/lib/libosqp.so PYTHONPATH=/home/mm/longshan12_2/install/ros2_path_interfaces/lib/python3.8/site-packages:${PYTHONPATH} /usr/bin/cmake --install /home/mm/longshan12_2/build/global
[15.405s] Level 1:colcon.colcon_core.environment:create_environment_scripts_only(global)
[15.406s] Level 1:colcon.colcon_core.environment:checking '/home/mm/longshan12_2/install/global' for CMake module files
[15.406s] DEBUG:colcon.colcon_core.event_handler.log_command:Invoked command in '/home/mm/longshan12_2/build/global' returned '0': AMENT_PREFIX_PATH=/home/mm/longshan12_2/install/ros2_path_interfaces:${AMENT_PREFIX_PATH} CMAKE_PREFIX_PATH=/home/mm/longshan12_2/install/ros2_path_interfaces:/opt/ros/foxy LD_LIBRARY_PATH=/home/mm/longshan12_2/install/ros2_path_interfaces/lib:/usr/local/lib/libosqp.so:/usr/lib/x86_64-linux-gnu/gazebo-11/plugins:/opt/ros/foxy/opt/yaml_cpp_vendor/lib:/opt/ros/foxy/opt/rviz_ogre_vendor/lib:/opt/ros/foxy/lib/x86_64-linux-gnu:/opt/ros/foxy/lib:/usr/local/lib/libosqp.so PYTHONPATH=/home/mm/longshan12_2/install/ros2_path_interfaces/lib/python3.8/site-packages:${PYTHONPATH} /usr/bin/cmake --install /home/mm/longshan12_2/build/global
[15.407s] Level 1:colcon.colcon_core.environment:checking '/home/mm/longshan12_2/install/global' for CMake config files
[15.408s] Level 1:colcon.colcon_core.shell:create_environment_hook('global', 'cmake_prefix_path')
[15.410s] INFO:colcon.colcon_core.shell:Creating environment hook '/home/mm/longshan12_2/install/global/share/global/hook/cmake_prefix_path.ps1'
[15.411s] INFO:colcon.colcon_core.shell:Creating environment descriptor '/home/mm/longshan12_2/install/global/share/global/hook/cmake_prefix_path.dsv'
[15.415s] INFO:colcon.colcon_core.shell:Creating environment hook '/home/mm/longshan12_2/install/global/share/global/hook/cmake_prefix_path.sh'
[15.416s] Level 1:colcon.colcon_core.environment:checking '/home/mm/longshan12_2/install/global/lib'
[15.416s] Level 1:colcon.colcon_core.environment:checking '/home/mm/longshan12_2/install/global/bin'
[15.417s] Level 1:colcon.colcon_core.environment:checking '/home/mm/longshan12_2/install/global/lib/pkgconfig/global.pc'
[15.417s] Level 1:colcon.colcon_core.environment:checking '/home/mm/longshan12_2/install/global/lib/python3.8/site-packages'
[15.418s] Level 1:colcon.colcon_core.environment:checking '/home/mm/longshan12_2/install/global/bin'
[15.420s] INFO:colcon.colcon_core.shell:Creating package script '/home/mm/longshan12_2/install/global/share/global/package.ps1'
[15.421s] INFO:colcon.colcon_core.shell:Creating package descriptor '/home/mm/longshan12_2/install/global/share/global/package.dsv'
[15.421s] INFO:colcon.colcon_core.shell:Creating package script '/home/mm/longshan12_2/install/global/share/global/package.sh'
[15.422s] INFO:colcon.colcon_core.shell:Creating package script '/home/mm/longshan12_2/install/global/share/global/package.bash'
[15.422s] INFO:colcon.colcon_core.shell:Creating package script '/home/mm/longshan12_2/install/global/share/global/package.zsh'
[15.423s] Level 1:colcon.colcon_core.environment:create_file_with_runtime_dependencies(/home/mm/longshan12_2/install/global/share/colcon-core/packages/global)
[15.733s] Level 1:colcon.colcon_core.environment:create_environment_scripts_only(global)
[15.733s] Level 1:colcon.colcon_core.environment:checking '/home/mm/longshan12_2/install/global' for CMake module files
[15.734s] Level 1:colcon.colcon_core.environment:checking '/home/mm/longshan12_2/install/global' for CMake config files
[15.734s] Level 1:colcon.colcon_core.shell:create_environment_hook('global', 'cmake_prefix_path')
[15.734s] INFO:colcon.colcon_core.shell:Creating environment hook '/home/mm/longshan12_2/install/global/share/global/hook/cmake_prefix_path.ps1'
[15.735s] INFO:colcon.colcon_core.shell:Creating environment descriptor '/home/mm/longshan12_2/install/global/share/global/hook/cmake_prefix_path.dsv'
[15.735s] INFO:colcon.colcon_core.shell:Creating environment hook '/home/mm/longshan12_2/install/global/share/global/hook/cmake_prefix_path.sh'
[15.736s] Level 1:colcon.colcon_core.environment:checking '/home/mm/longshan12_2/install/global/lib'
[15.736s] Level 1:colcon.colcon_core.environment:checking '/home/mm/longshan12_2/install/global/bin'
[15.736s] Level 1:colcon.colcon_core.environment:checking '/home/mm/longshan12_2/install/global/lib/pkgconfig/global.pc'
[15.737s] Level 1:colcon.colcon_core.environment:checking '/home/mm/longshan12_2/install/global/lib/python3.8/site-packages'
[15.737s] Level 1:colcon.colcon_core.environment:checking '/home/mm/longshan12_2/install/global/bin'
[15.737s] INFO:colcon.colcon_core.shell:Creating package script '/home/mm/longshan12_2/install/global/share/global/package.ps1'
[15.738s] INFO:colcon.colcon_core.shell:Creating package descriptor '/home/mm/longshan12_2/install/global/share/global/package.dsv'
[15.739s] INFO:colcon.colcon_core.shell:Creating package script '/home/mm/longshan12_2/install/global/share/global/package.sh'
[15.739s] INFO:colcon.colcon_core.shell:Creating package script '/home/mm/longshan12_2/install/global/share/global/package.bash'
[15.740s] INFO:colcon.colcon_core.shell:Creating package script '/home/mm/longshan12_2/install/global/share/global/package.zsh'
[15.740s] Level 1:colcon.colcon_core.environment:create_file_with_runtime_dependencies(/home/mm/longshan12_2/install/global/share/colcon-core/packages/global)
[15.741s] INFO:colcon.colcon_ros.task.ament_cmake.build:Building ROS package in '/home/mm/longshan12_2/src/local' with build type 'ament_cmake'
[15.742s] INFO:colcon.colcon_cmake.task.cmake.build:Building CMake package in '/home/mm/longshan12_2/src/local'
[15.743s] INFO:colcon.colcon_core.shell:Skip shell extension 'powershell' for command environment: Not usable outside of PowerShell
[15.743s] DEBUG:colcon.colcon_core.shell:Skip shell extension 'dsv' for command environment
[15.815s] DEBUG:colcon.colcon_core.event_handler.log_command:Invoking command in '/home/mm/longshan12_2/build/local': AMENT_PREFIX_PATH=/home/mm/longshan12_2/install/ros2_path_interfaces:${AMENT_PREFIX_PATH} CMAKE_PREFIX_PATH=/home/mm/longshan12_2/install/ros2_path_interfaces:/opt/ros/foxy LD_LIBRARY_PATH=/home/mm/longshan12_2/install/ros2_path_interfaces/lib:/usr/local/lib/libosqp.so:/usr/lib/x86_64-linux-gnu/gazebo-11/plugins:/opt/ros/foxy/opt/yaml_cpp_vendor/lib:/opt/ros/foxy/opt/rviz_ogre_vendor/lib:/opt/ros/foxy/lib/x86_64-linux-gnu:/opt/ros/foxy/lib:/usr/local/lib/libosqp.so PYTHONPATH=/home/mm/longshan12_2/install/ros2_path_interfaces/lib/python3.8/site-packages:${PYTHONPATH} /usr/bin/cmake --build /home/mm/longshan12_2/build/local -- -j4 -l4
[16.302s] DEBUG:colcon.colcon_core.event_handler.log_command:Invoked command in '/home/mm/longshan12_2/build/can' returned '0': CMAKE_PREFIX_PATH=/opt/ros/foxy /usr/bin/cmake --build /home/mm/longshan12_2/build/can -- -j4 -l4
[16.449s] DEBUG:colcon.colcon_core.event_handler.log_command:Invoking command in '/home/mm/longshan12_2/build/can': CMAKE_PREFIX_PATH=/opt/ros/foxy /usr/bin/cmake --install /home/mm/longshan12_2/build/can
[16.528s] Level 1:colcon.colcon_core.environment:create_environment_scripts_only(can)
[16.530s] Level 1:colcon.colcon_core.environment:checking '/home/mm/longshan12_2/install/can' for CMake module files
[16.530s] DEBUG:colcon.colcon_core.event_handler.log_command:Invoked command in '/home/mm/longshan12_2/build/can' returned '0': CMAKE_PREFIX_PATH=/opt/ros/foxy /usr/bin/cmake --install /home/mm/longshan12_2/build/can
[16.531s] Level 1:colcon.colcon_core.environment:checking '/home/mm/longshan12_2/install/can' for CMake config files
[16.532s] Level 1:colcon.colcon_core.shell:create_environment_hook('can', 'cmake_prefix_path')
[16.533s] INFO:colcon.colcon_core.shell:Creating environment hook '/home/mm/longshan12_2/install/can/share/can/hook/cmake_prefix_path.ps1'
[16.534s] INFO:colcon.colcon_core.shell:Creating environment descriptor '/home/mm/longshan12_2/install/can/share/can/hook/cmake_prefix_path.dsv'
[16.534s] INFO:colcon.colcon_core.shell:Creating environment hook '/home/mm/longshan12_2/install/can/share/can/hook/cmake_prefix_path.sh'
[16.536s] Level 1:colcon.colcon_core.environment:checking '/home/mm/longshan12_2/install/can/lib'
[16.536s] Level 1:colcon.colcon_core.environment:checking '/home/mm/longshan12_2/install/can/bin'
[16.536s] Level 1:colcon.colcon_core.environment:checking '/home/mm/longshan12_2/install/can/lib/pkgconfig/can.pc'
[16.536s] Level 1:colcon.colcon_core.environment:checking '/home/mm/longshan12_2/install/can/lib/python3.8/site-packages'
[16.536s] Level 1:colcon.colcon_core.environment:checking '/home/mm/longshan12_2/install/can/bin'
[16.537s] INFO:colcon.colcon_core.shell:Creating package script '/home/mm/longshan12_2/install/can/share/can/package.ps1'
[16.538s] INFO:colcon.colcon_core.shell:Creating package descriptor '/home/mm/longshan12_2/install/can/share/can/package.dsv'
[16.543s] INFO:colcon.colcon_core.shell:Creating package script '/home/mm/longshan12_2/install/can/share/can/package.sh'
[16.544s] INFO:colcon.colcon_core.shell:Creating package script '/home/mm/longshan12_2/install/can/share/can/package.bash'
[16.544s] INFO:colcon.colcon_core.shell:Creating package script '/home/mm/longshan12_2/install/can/share/can/package.zsh'
[16.545s] Level 1:colcon.colcon_core.environment:create_file_with_runtime_dependencies(/home/mm/longshan12_2/install/can/share/colcon-core/packages/can)
[16.805s] Level 1:colcon.colcon_core.environment:create_environment_scripts_only(can)
[16.805s] Level 1:colcon.colcon_core.environment:checking '/home/mm/longshan12_2/install/can' for CMake module files
[16.806s] Level 1:colcon.colcon_core.environment:checking '/home/mm/longshan12_2/install/can' for CMake config files
[16.806s] Level 1:colcon.colcon_core.shell:create_environment_hook('can', 'cmake_prefix_path')
[16.806s] INFO:colcon.colcon_core.shell:Creating environment hook '/home/mm/longshan12_2/install/can/share/can/hook/cmake_prefix_path.ps1'
[16.808s] INFO:colcon.colcon_core.shell:Creating environment descriptor '/home/mm/longshan12_2/install/can/share/can/hook/cmake_prefix_path.dsv'
[16.813s] INFO:colcon.colcon_core.shell:Creating environment hook '/home/mm/longshan12_2/install/can/share/can/hook/cmake_prefix_path.sh'
[16.814s] Level 1:colcon.colcon_core.environment:checking '/home/mm/longshan12_2/install/can/lib'
[16.814s] Level 1:colcon.colcon_core.environment:checking '/home/mm/longshan12_2/install/can/bin'
[16.814s] Level 1:colcon.colcon_core.environment:checking '/home/mm/longshan12_2/install/can/lib/pkgconfig/can.pc'
[16.814s] Level 1:colcon.colcon_core.environment:checking '/home/mm/longshan12_2/install/can/lib/python3.8/site-packages'
[16.815s] Level 1:colcon.colcon_core.environment:checking '/home/mm/longshan12_2/install/can/bin'
[16.815s] INFO:colcon.colcon_core.shell:Creating package script '/home/mm/longshan12_2/install/can/share/can/package.ps1'
[16.816s] INFO:colcon.colcon_core.shell:Creating package descriptor '/home/mm/longshan12_2/install/can/share/can/package.dsv'
[16.816s] INFO:colcon.colcon_core.shell:Creating package script '/home/mm/longshan12_2/install/can/share/can/package.sh'
[16.821s] INFO:colcon.colcon_core.shell:Creating package script '/home/mm/longshan12_2/install/can/share/can/package.bash'
[16.823s] INFO:colcon.colcon_core.shell:Creating package script '/home/mm/longshan12_2/install/can/share/can/package.zsh'
[16.824s] Level 1:colcon.colcon_core.environment:create_file_with_runtime_dependencies(/home/mm/longshan12_2/install/can/share/colcon-core/packages/can)
[34.288s] DEBUG:colcon.colcon_core.event_handler.log_command:Invoked command in '/home/mm/longshan12_2/build/control' returned '2': CMAKE_PREFIX_PATH=/opt/ros/foxy /usr/bin/cmake --build /home/mm/longshan12_2/build/control -- -j4 -l4
[34.402s] Level 1:colcon.colcon_core.environment:create_environment_scripts_only(control)
[34.403s] Level 1:colcon.colcon_core.environment:checking '/home/mm/longshan12_2/install/control' for CMake module files
[34.407s] Level 1:colcon.colcon_core.environment:checking '/home/mm/longshan12_2/install/control' for CMake config files
[34.408s] Level 1:colcon.colcon_core.shell:create_environment_hook('control', 'cmake_prefix_path')
[34.410s] INFO:colcon.colcon_core.shell:Creating environment hook '/home/mm/longshan12_2/install/control/share/control/hook/cmake_prefix_path.ps1'
[34.415s] INFO:colcon.colcon_core.shell:Creating environment descriptor '/home/mm/longshan12_2/install/control/share/control/hook/cmake_prefix_path.dsv'
[34.419s] INFO:colcon.colcon_core.shell:Creating environment hook '/home/mm/longshan12_2/install/control/share/control/hook/cmake_prefix_path.sh'
[34.421s] Level 1:colcon.colcon_core.environment:checking '/home/mm/longshan12_2/install/control/lib'
[34.421s] Level 1:colcon.colcon_core.environment:checking '/home/mm/longshan12_2/install/control/bin'
[34.422s] Level 1:colcon.colcon_core.environment:checking '/home/mm/longshan12_2/install/control/lib/pkgconfig/control.pc'
[34.422s] Level 1:colcon.colcon_core.environment:checking '/home/mm/longshan12_2/install/control/lib/python3.8/site-packages'
[34.422s] Level 1:colcon.colcon_core.environment:checking '/home/mm/longshan12_2/install/control/bin'
[34.423s] INFO:colcon.colcon_core.shell:Creating package script '/home/mm/longshan12_2/install/control/share/control/package.ps1'
[34.424s] INFO:colcon.colcon_core.shell:Creating package descriptor '/home/mm/longshan12_2/install/control/share/control/package.dsv'
[34.425s] INFO:colcon.colcon_core.shell:Creating package script '/home/mm/longshan12_2/install/control/share/control/package.sh'
[34.426s] INFO:colcon.colcon_core.shell:Creating package script '/home/mm/longshan12_2/install/control/share/control/package.bash'
[34.428s] INFO:colcon.colcon_core.shell:Creating package script '/home/mm/longshan12_2/install/control/share/control/package.zsh'
[34.431s] Level 1:colcon.colcon_core.environment:create_file_with_runtime_dependencies(/home/mm/longshan12_2/install/control/share/colcon-core/packages/control)
[39.914s] DEBUG:colcon.colcon_parallel_executor.executor.parallel:closing loop
[39.917s] DEBUG:colcon.colcon_parallel_executor.executor.parallel:loop closed
[39.917s] DEBUG:colcon.colcon_parallel_executor.executor.parallel:run_until_complete finished with '2'
[39.919s] DEBUG:colcon.colcon_core.event_reactor:joining thread
[39.981s] INFO:colcon.colcon_core.plugin_system:Skipping extension 'colcon_notification.desktop_notification.terminal_notifier': Not used on non-Darwin systems
[39.981s] INFO:colcon.colcon_core.plugin_system:Skipping extension 'colcon_notification.desktop_notification.win32': Not used on non-Windows systems
[39.981s] INFO:colcon.colcon_notification.desktop_notification:Sending desktop notification using 'notify2'
[40.469s] DEBUG:colcon.colcon_core.event_reactor:joined thread
[40.473s] INFO:colcon.colcon_core.shell:Creating prefix script '/home/mm/longshan12_2/install/local_setup.ps1'
[40.478s] INFO:colcon.colcon_core.shell:Creating prefix util module '/home/mm/longshan12_2/install/_local_setup_util_ps1.py'
[40.480s] INFO:colcon.colcon_core.shell:Creating prefix chain script '/home/mm/longshan12_2/install/setup.ps1'
[40.482s] INFO:colcon.colcon_core.shell:Creating prefix script '/home/mm/longshan12_2/install/local_setup.sh'
[40.483s] INFO:colcon.colcon_core.shell:Creating prefix util module '/home/mm/longshan12_2/install/_local_setup_util_sh.py'
[40.484s] INFO:colcon.colcon_core.shell:Creating prefix chain script '/home/mm/longshan12_2/install/setup.sh'
[40.486s] INFO:colcon.colcon_core.shell:Creating prefix script '/home/mm/longshan12_2/install/local_setup.bash'
[40.487s] INFO:colcon.colcon_core.shell:Creating prefix chain script '/home/mm/longshan12_2/install/setup.bash'
[40.488s] INFO:colcon.colcon_core.shell:Creating prefix script '/home/mm/longshan12_2/install/local_setup.zsh'
[40.489s] INFO:colcon.colcon_core.shell:Creating prefix chain script '/home/mm/longshan12_2/install/setup.zsh'
