[0.045s] Invoking command in '/home/mm/longshan12_2/build/control': CMAKE_PREFIX_PATH=/opt/ros/foxy /usr/bin/cmake --build /home/mm/longshan12_2/build/control -- -j4 -l4
[0.249s] [35m[1mScanning dependencies of target control_node[0m
[0.465s] [  7%] [32mBuilding CXX object CMakeFiles/control_node.dir/src/control_node.cpp.o[0m
[4.647s] [01m[K/home/mm/longshan12_2/src/control/src/control_node.cpp:[m[K In member function ‘[01m[Kvoid control_node::gps_callback(std_msgs::msg::Float64MultiArray_<std::allocator<void> >::SharedPtr)[m[K’:
[4.647s] [01m[K/home/mm/longshan12_2/src/control/src/control_node.cpp:129:36:[m[K [01;35m[Kwarning: [m[Kunused variable ‘[01m[KdeltaX[m[K’ [[01;35m[K-Wunused-variable[m[K]
[4.647s]   129 |                             double [01;35m[KdeltaX[m[K =  dx;
[4.647s]       |                                    [01;35m[K^~~~~~[m[K
[4.647s] [01m[K/home/mm/longshan12_2/src/control/src/control_node.cpp:130:36:[m[K [01;35m[Kwarning: [m[Kunused variable ‘[01m[KdeltaY[m[K’ [[01;35m[K-Wunused-variable[m[K]
[4.647s]   130 |                             double [01;35m[KdeltaY[m[K =  dy;
[4.647s]       |                                    [01;35m[K^~~~~~[m[K
[4.647s] [01m[K/home/mm/longshan12_2/src/control/src/control_node.cpp:131:36:[m[K [01;35m[Kwarning: [m[Kunused variable ‘[01m[KdeltaYAW[m[K’ [[01;35m[K-Wunused-variable[m[K]
[4.647s]   131 |                             double [01;35m[KdeltaYAW[m[K = tool::normalizeAngle(tool::d2r(car(3)) - theta);
[4.647s]       |                                    [01;35m[K^~~~~~~~[m[K
[13.146s] [ 15%] [32m[1mLinking CXX executable control_node[0m
[15.211s] [100%] Built target control_node
[15.247s] Invoked command in '/home/mm/longshan12_2/build/control' returned '0': CMAKE_PREFIX_PATH=/opt/ros/foxy /usr/bin/cmake --build /home/mm/longshan12_2/build/control -- -j4 -l4
[15.351s] Invoking command in '/home/mm/longshan12_2/build/control': CMAKE_PREFIX_PATH=/opt/ros/foxy /usr/bin/cmake --install /home/mm/longshan12_2/build/control
[15.361s] -- Install configuration: ""
[15.362s] -- Installing: /home/mm/longshan12_2/install/control/lib/control/control_node
[15.379s] -- Set runtime path of "/home/mm/longshan12_2/install/control/lib/control/control_node" to ""
[15.379s] -- Up-to-date: /home/mm/longshan12_2/install/control/share/control/launch
[15.379s] -- Up-to-date: /home/mm/longshan12_2/install/control/share/control/launch/control.launch.py
[15.380s] -- Up-to-date: /home/mm/longshan12_2/install/control/share/ament_index/resource_index/package_run_dependencies/control
[15.380s] -- Up-to-date: /home/mm/longshan12_2/install/control/share/ament_index/resource_index/parent_prefix_path/control
[15.380s] -- Up-to-date: /home/mm/longshan12_2/install/control/share/control/environment/ament_prefix_path.sh
[15.380s] -- Up-to-date: /home/mm/longshan12_2/install/control/share/control/environment/ament_prefix_path.dsv
[15.380s] -- Up-to-date: /home/mm/longshan12_2/install/control/share/control/environment/path.sh
[15.380s] -- Up-to-date: /home/mm/longshan12_2/install/control/share/control/environment/path.dsv
[15.381s] -- Up-to-date: /home/mm/longshan12_2/install/control/share/control/local_setup.bash
[15.381s] -- Up-to-date: /home/mm/longshan12_2/install/control/share/control/local_setup.sh
[15.381s] -- Up-to-date: /home/mm/longshan12_2/install/control/share/control/local_setup.zsh
[15.381s] -- Up-to-date: /home/mm/longshan12_2/install/control/share/control/local_setup.dsv
[15.383s] -- Installing: /home/mm/longshan12_2/install/control/share/control/package.dsv
[15.383s] -- Up-to-date: /home/mm/longshan12_2/install/control/share/ament_index/resource_index/packages/control
[15.384s] -- Up-to-date: /home/mm/longshan12_2/install/control/share/control/cmake/controlConfig.cmake
[15.384s] -- Up-to-date: /home/mm/longshan12_2/install/control/share/control/cmake/controlConfig-version.cmake
[15.384s] -- Up-to-date: /home/mm/longshan12_2/install/control/share/control/package.xml
[15.396s] Invoked command in '/home/mm/longshan12_2/build/control' returned '0': CMAKE_PREFIX_PATH=/opt/ros/foxy /usr/bin/cmake --install /home/mm/longshan12_2/build/control
