[0.078s] Invoking command in '/home/mm/longshan12_2/build/control': CMAKE_PREFIX_PATH=${CMAKE_PREFIX_PATH}:/home/mm/longshan12_2/install/draw_messages:/opt/ros/foxy /usr/bin/cmake --build /home/mm/longshan12_2/build/control -- -j4 -l4
[0.356s] [35m[1mScanning dependencies of target control_node[0m
[0.634s] [  7%] [32mBuilding CXX object CMakeFiles/control_node.dir/src/KineMPCControler.cpp.o[0m
[0.643s] [ 14%] [32mBuilding CXX object CMakeFiles/control_node.dir/src/control_node.cpp.o[0m
[3.908s] [01m[K/home/mm/longshan12_2/src/control/src/KineMPCControler.cpp:[m[K In constructor ‘[01m[KKineMPCController::KineMPCController()[m[K’:
[3.909s] [01m[K/home/mm/longshan12_2/src/control/src/KineMPCControler.cpp:11:12:[m[K [01;35m[Kwarning: [m[Kunused variable ‘[01m[Kthetar[m[K’ [[01;35m[K-Wunused-variable[m[K]
[3.910s]    11 |     double [01;35m[Kthetar[m[K = 0;
[3.911s]       |            [01;35m[K^~~~~~[m[K
[3.912s] [01m[K/home/mm/longshan12_2/src/control/src/KineMPCControler.cpp:12:12:[m[K [01;35m[Kwarning: [m[Kunused variable ‘[01m[Kvr[m[K’ [[01;35m[K-Wunused-variable[m[K]
[3.913s]    12 |     double [01;35m[Kvr[m[K = 0;
[3.915s]       |            [01;35m[K^~[m[K
[3.916s] [01m[K/home/mm/longshan12_2/src/control/src/KineMPCControler.cpp:13:12:[m[K [01;35m[Kwarning: [m[Kunused variable ‘[01m[Kdeltar[m[K’ [[01;35m[K-Wunused-variable[m[K]
[3.918s]    13 |     double [01;35m[Kdeltar[m[K = 0;
[3.922s]       |            [01;35m[K^~~~~~[m[K
[3.933s] [01m[K/home/mm/longshan12_2/src/control/src/KineMPCControler.cpp:[m[K In member function ‘[01m[Kvoid KineMPCController::UpdateMatrix(std::tuple<double, double, double, double>&, std::tuple<double, double, double, double>&)[m[K’:
[3.934s] [01m[K/home/mm/longshan12_2/src/control/src/KineMPCControler.cpp:62:79:[m[K [01;35m[Kwarning: [m[Kunused parameter ‘[01m[Kstate[m[K’ [[01;35m[K-Wunused-parameter[m[K]
[3.935s]    62 | roller::UpdateMatrix([01;35m[Kstd::tuple<double,double,double,double> &state[m[K,
[3.936s]       |                      [01;35m[K~~~~~~~~~~~~~~~~~~~~~~~~~~~~~~~~~~~~~~~~~^~~~~[m[K
[3.937s] 
[6.782s] [01m[K/home/mm/longshan12_2/src/control/src/control_node.cpp:[m[K In member function ‘[01m[Kdouble control_node::CalculateSteerAngle(const int&)[m[K’:
[6.782s] [01m[K/home/mm/longshan12_2/src/control/src/control_node.cpp:418:20:[m[K [01;35m[Kwarning: [m[Kunused variable ‘[01m[KdeltaX[m[K’ [[01;35m[K-Wunused-variable[m[K]
[6.782s]   418 |             double [01;35m[KdeltaX[m[K =  dx;
[6.782s]       |                    [01;35m[K^~~~~~[m[K
[6.782s] [01m[K/home/mm/longshan12_2/src/control/src/control_node.cpp:419:20:[m[K [01;35m[Kwarning: [m[Kunused variable ‘[01m[KdeltaY[m[K’ [[01;35m[K-Wunused-variable[m[K]
[6.783s]   419 |             double [01;35m[KdeltaY[m[K =  dy;
[6.783s]       |                    [01;35m[K^~~~~~[m[K
[6.783s] [01m[K/home/mm/longshan12_2/src/control/src/control_node.cpp:420:20:[m[K [01;35m[Kwarning: [m[Kunused variable ‘[01m[KdeltaYAW[m[K’ [[01;35m[K-Wunused-variable[m[K]
[6.783s]   420 |             double [01;35m[KdeltaYAW[m[K = tool::normalizeAngle(tool::d2r(car(3)) - theta);
[6.783s]       |                    [01;35m[K^~~~~~~~[m[K
[15.658s] [ 21%] [32m[1mLinking CXX executable control_node[0m
[17.613s] [100%] Built target control_node
[17.629s] Invoked command in '/home/mm/longshan12_2/build/control' returned '0': CMAKE_PREFIX_PATH=${CMAKE_PREFIX_PATH}:/home/mm/longshan12_2/install/draw_messages:/opt/ros/foxy /usr/bin/cmake --build /home/mm/longshan12_2/build/control -- -j4 -l4
[17.695s] Invoking command in '/home/mm/longshan12_2/build/control': CMAKE_PREFIX_PATH=${CMAKE_PREFIX_PATH}:/home/mm/longshan12_2/install/draw_messages:/opt/ros/foxy /usr/bin/cmake --install /home/mm/longshan12_2/build/control
[17.708s] -- Install configuration: ""
[17.709s] -- Installing: /home/mm/longshan12_2/install/control/lib/control/control_node
[17.725s] -- Set runtime path of "/home/mm/longshan12_2/install/control/lib/control/control_node" to ""
[17.726s] -- Up-to-date: /home/mm/longshan12_2/install/control/share/control/launch
[17.726s] -- Up-to-date: /home/mm/longshan12_2/install/control/share/control/launch/control.launch.py
[17.727s] -- Up-to-date: /home/mm/longshan12_2/install/control/share/ament_index/resource_index/package_run_dependencies/control
[17.727s] -- Up-to-date: /home/mm/longshan12_2/install/control/share/ament_index/resource_index/parent_prefix_path/control
[17.727s] -- Up-to-date: /home/mm/longshan12_2/install/control/share/control/environment/ament_prefix_path.sh
[17.727s] -- Up-to-date: /home/mm/longshan12_2/install/control/share/control/environment/ament_prefix_path.dsv
[17.728s] -- Up-to-date: /home/mm/longshan12_2/install/control/share/control/environment/path.sh
[17.728s] -- Up-to-date: /home/mm/longshan12_2/install/control/share/control/environment/path.dsv
[17.728s] -- Up-to-date: /home/mm/longshan12_2/install/control/share/control/local_setup.bash
[17.731s] -- Up-to-date: /home/mm/longshan12_2/install/control/share/control/local_setup.sh
[17.731s] -- Up-to-date: /home/mm/longshan12_2/install/control/share/control/local_setup.zsh
[17.731s] -- Up-to-date: /home/mm/longshan12_2/install/control/share/control/local_setup.dsv
[17.732s] -- Installing: /home/mm/longshan12_2/install/control/share/control/package.dsv
[17.732s] -- Up-to-date: /home/mm/longshan12_2/install/control/share/ament_index/resource_index/packages/control
[17.732s] -- Up-to-date: /home/mm/longshan12_2/install/control/share/control/cmake/controlConfig.cmake
[17.732s] -- Up-to-date: /home/mm/longshan12_2/install/control/share/control/cmake/controlConfig-version.cmake
[17.732s] -- Up-to-date: /home/mm/longshan12_2/install/control/share/control/package.xml
[17.735s] Invoked command in '/home/mm/longshan12_2/build/control' returned '0': CMAKE_PREFIX_PATH=${CMAKE_PREFIX_PATH}:/home/mm/longshan12_2/install/draw_messages:/opt/ros/foxy /usr/bin/cmake --install /home/mm/longshan12_2/build/control
