[0.029s] Invoking command in '/home/mm/longshan11_6/build/ros2_path_interfaces': CMAKE_PREFIX_PATH=/opt/ros/foxy /usr/bin/cmake --build /home/mm/longshan11_6/build/ros2_path_interfaces -- -j4 -l4
[0.114s] [  9%] Built target ros2_path_interfaces__rosidl_generator_c
[0.117s] [ 12%] Built target ros2_path_interfaces__cpp
[0.163s] [ 22%] Built target ros2_path_interfaces__rosidl_typesupport_c
[0.171s] [ 32%] Built target ros2_path_interfaces__rosidl_typesupport_introspection_c
[0.200s] [ 51%] Built target ros2_path_interfaces__rosidl_typesupport_fastrtps_cpp
[0.200s] [ 51%] Built target ros2_path_interfaces__rosidl_typesupport_cpp
[0.214s] [ 61%] Built target ros2_path_interfaces__rosidl_typesupport_introspection_cpp
[0.239s] [ 70%] Built target ros2_path_interfaces__rosidl_typesupport_fastrtps_c
[0.287s] [ 70%] Built target ros2_path_interfaces
[0.312s] [ 74%] Built target ros2_path_interfaces__py
[0.360s] [ 80%] Built target ros2_path_interfaces__python
[0.405s] [ 87%] Built target ros2_path_interfaces__rosidl_typesupport_introspection_c__pyext
[0.411s] [ 93%] Built target ros2_path_interfaces__rosidl_typesupport_fastrtps_c__pyext
[0.412s] [100%] Built target ros2_path_interfaces__rosidl_typesupport_c__pyext
[0.653s] Invoked command in '/home/mm/longshan11_6/build/ros2_path_interfaces' returned '0': CMAKE_PREFIX_PATH=/opt/ros/foxy /usr/bin/cmake --build /home/mm/longshan11_6/build/ros2_path_interfaces -- -j4 -l4
[0.726s] Invoking command in '/home/mm/longshan11_6/build/ros2_path_interfaces': CMAKE_PREFIX_PATH=/opt/ros/foxy /usr/bin/cmake --install /home/mm/longshan11_6/build/ros2_path_interfaces
[0.741s] -- Install configuration: ""
[0.742s] -- Up-to-date: /home/mm/longshan11_6/install/ros2_path_interfaces/share/ament_index/resource_index/rosidl_interfaces/ros2_path_interfaces
[0.743s] -- Up-to-date: /home/mm/longshan11_6/install/ros2_path_interfaces/include/ros2_path_interfaces
[0.744s] -- Up-to-date: /home/mm/longshan11_6/install/ros2_path_interfaces/include/ros2_path_interfaces/srv
[0.745s] -- Up-to-date: /home/mm/longshan11_6/install/ros2_path_interfaces/include/ros2_path_interfaces/srv/path_interfaces.h
[0.745s] -- Up-to-date: /home/mm/longshan11_6/install/ros2_path_interfaces/include/ros2_path_interfaces/srv/detail
[0.746s] -- Up-to-date: /home/mm/longshan11_6/install/ros2_path_interfaces/include/ros2_path_interfaces/srv/detail/path_interfaces__type_support.h
[0.747s] -- Up-to-date: /home/mm/longshan11_6/install/ros2_path_interfaces/include/ros2_path_interfaces/srv/detail/path_interfaces__struct.h
[0.748s] -- Up-to-date: /home/mm/longshan11_6/install/ros2_path_interfaces/include/ros2_path_interfaces/srv/detail/path_interfaces__functions.h
[0.748s] -- Up-to-date: /home/mm/longshan11_6/install/ros2_path_interfaces/include/ros2_path_interfaces/srv/detail/path_interfaces__functions.c
[0.749s] -- Up-to-date: /home/mm/longshan11_6/install/ros2_path_interfaces/include/ros2_path_interfaces/msg
[0.750s] -- Up-to-date: /home/mm/longshan11_6/install/ros2_path_interfaces/include/ros2_path_interfaces/msg/rosidl_generator_c__visibility_control.h
[0.751s] -- Up-to-date: /home/mm/longshan11_6/install/ros2_path_interfaces/share/ros2_path_interfaces/environment/library_path.sh
[0.751s] -- Up-to-date: /home/mm/longshan11_6/install/ros2_path_interfaces/share/ros2_path_interfaces/environment/library_path.dsv
[0.752s] -- Up-to-date: /home/mm/longshan11_6/install/ros2_path_interfaces/lib/libros2_path_interfaces__rosidl_generator_c.so
[0.752s] -- Up-to-date: /home/mm/longshan11_6/install/ros2_path_interfaces/include/ros2_path_interfaces
[0.759s] -- Up-to-date: /home/mm/longshan11_6/install/ros2_path_interfaces/include/ros2_path_interfaces/srv
[0.759s] -- Up-to-date: /home/mm/longshan11_6/install/ros2_path_interfaces/include/ros2_path_interfaces/srv/detail
[0.759s] -- Up-to-date: /home/mm/longshan11_6/install/ros2_path_interfaces/include/ros2_path_interfaces/srv/detail/path_interfaces__rosidl_typesupport_fastrtps_c.h
[0.760s] -- Up-to-date: /home/mm/longshan11_6/install/ros2_path_interfaces/include/ros2_path_interfaces/msg
[0.760s] -- Up-to-date: /home/mm/longshan11_6/install/ros2_path_interfaces/include/ros2_path_interfaces/msg/rosidl_typesupport_fastrtps_c__visibility_control.h
[0.760s] -- Up-to-date: /home/mm/longshan11_6/install/ros2_path_interfaces/lib/libros2_path_interfaces__rosidl_typesupport_fastrtps_c.so
[0.760s] -- Up-to-date: /home/mm/longshan11_6/install/ros2_path_interfaces/include/ros2_path_interfaces
[0.760s] -- Up-to-date: /home/mm/longshan11_6/install/ros2_path_interfaces/include/ros2_path_interfaces/srv
[0.760s] -- Up-to-date: /home/mm/longshan11_6/install/ros2_path_interfaces/include/ros2_path_interfaces/srv/detail
[0.760s] -- Up-to-date: /home/mm/longshan11_6/install/ros2_path_interfaces/include/ros2_path_interfaces/srv/detail/dds_fastrtps
[0.760s] -- Up-to-date: /home/mm/longshan11_6/install/ros2_path_interfaces/include/ros2_path_interfaces/srv/detail/path_interfaces__rosidl_typesupport_fastrtps_cpp.hpp
[0.760s] -- Up-to-date: /home/mm/longshan11_6/install/ros2_path_interfaces/include/ros2_path_interfaces/msg
[0.760s] -- Up-to-date: /home/mm/longshan11_6/install/ros2_path_interfaces/include/ros2_path_interfaces/msg/rosidl_typesupport_fastrtps_cpp__visibility_control.h
[0.760s] -- Up-to-date: /home/mm/longshan11_6/install/ros2_path_interfaces/lib/libros2_path_interfaces__rosidl_typesupport_fastrtps_cpp.so
[0.760s] -- Up-to-date: /home/mm/longshan11_6/install/ros2_path_interfaces/include/ros2_path_interfaces
[0.760s] -- Up-to-date: /home/mm/longshan11_6/install/ros2_path_interfaces/include/ros2_path_interfaces/srv
[0.761s] -- Up-to-date: /home/mm/longshan11_6/install/ros2_path_interfaces/include/ros2_path_interfaces/srv/detail
[0.761s] -- Up-to-date: /home/mm/longshan11_6/install/ros2_path_interfaces/include/ros2_path_interfaces/srv/detail/path_interfaces__rosidl_typesupport_introspection_c.h
[0.761s] -- Up-to-date: /home/mm/longshan11_6/install/ros2_path_interfaces/include/ros2_path_interfaces/srv/detail/path_interfaces__type_support.c
[0.761s] -- Up-to-date: /home/mm/longshan11_6/install/ros2_path_interfaces/include/ros2_path_interfaces/msg
[0.761s] -- Up-to-date: /home/mm/longshan11_6/install/ros2_path_interfaces/include/ros2_path_interfaces/msg/rosidl_typesupport_introspection_c__visibility_control.h
[0.761s] -- Up-to-date: /home/mm/longshan11_6/install/ros2_path_interfaces/lib/libros2_path_interfaces__rosidl_typesupport_introspection_c.so
[0.761s] -- Up-to-date: /home/mm/longshan11_6/install/ros2_path_interfaces/lib/libros2_path_interfaces__rosidl_typesupport_c.so
[0.761s] -- Up-to-date: /home/mm/longshan11_6/install/ros2_path_interfaces/include/ros2_path_interfaces
[0.761s] -- Up-to-date: /home/mm/longshan11_6/install/ros2_path_interfaces/include/ros2_path_interfaces/srv
[0.761s] -- Up-to-date: /home/mm/longshan11_6/install/ros2_path_interfaces/include/ros2_path_interfaces/srv/path_interfaces.hpp
[0.761s] -- Up-to-date: /home/mm/longshan11_6/install/ros2_path_interfaces/include/ros2_path_interfaces/srv/detail
[0.761s] -- Up-to-date: /home/mm/longshan11_6/install/ros2_path_interfaces/include/ros2_path_interfaces/srv/detail/path_interfaces__traits.hpp
[0.761s] -- Up-to-date: /home/mm/longshan11_6/install/ros2_path_interfaces/include/ros2_path_interfaces/srv/detail/path_interfaces__struct.hpp
[0.761s] -- Up-to-date: /home/mm/longshan11_6/install/ros2_path_interfaces/include/ros2_path_interfaces/srv/detail/path_interfaces__type_support.hpp
[0.761s] -- Up-to-date: /home/mm/longshan11_6/install/ros2_path_interfaces/include/ros2_path_interfaces/srv/detail/path_interfaces__builder.hpp
[0.762s] -- Up-to-date: /home/mm/longshan11_6/install/ros2_path_interfaces/include/ros2_path_interfaces/msg
[0.762s] -- Up-to-date: /home/mm/longshan11_6/install/ros2_path_interfaces/include/ros2_path_interfaces/msg/rosidl_generator_cpp__visibility_control.hpp
[0.762s] -- Up-to-date: /home/mm/longshan11_6/install/ros2_path_interfaces/include/ros2_path_interfaces
[0.762s] -- Up-to-date: /home/mm/longshan11_6/install/ros2_path_interfaces/include/ros2_path_interfaces/srv
[0.762s] -- Up-to-date: /home/mm/longshan11_6/install/ros2_path_interfaces/include/ros2_path_interfaces/srv/detail
[0.762s] -- Up-to-date: /home/mm/longshan11_6/install/ros2_path_interfaces/include/ros2_path_interfaces/srv/detail/path_interfaces__rosidl_typesupport_introspection_cpp.hpp
[0.762s] -- Up-to-date: /home/mm/longshan11_6/install/ros2_path_interfaces/include/ros2_path_interfaces/srv/detail/path_interfaces__type_support.cpp
[0.762s] -- Up-to-date: /home/mm/longshan11_6/install/ros2_path_interfaces/lib/libros2_path_interfaces__rosidl_typesupport_introspection_cpp.so
[0.762s] -- Up-to-date: /home/mm/longshan11_6/install/ros2_path_interfaces/lib/libros2_path_interfaces__rosidl_typesupport_cpp.so
[0.762s] -- Up-to-date: /home/mm/longshan11_6/install/ros2_path_interfaces/share/ros2_path_interfaces/environment/pythonpath.sh
[0.762s] -- Up-to-date: /home/mm/longshan11_6/install/ros2_path_interfaces/share/ros2_path_interfaces/environment/pythonpath.dsv
[0.762s] -- Up-to-date: /home/mm/longshan11_6/install/ros2_path_interfaces/lib/python3.8/site-packages/ros2_path_interfaces/__init__.py
[0.801s] -- Up-to-date: /home/mm/longshan11_6/install/ros2_path_interfaces/lib/python3.8/site-packages/ros2_path_interfaces/srv
[0.801s] -- Up-to-date: /home/mm/longshan11_6/install/ros2_path_interfaces/lib/python3.8/site-packages/ros2_path_interfaces/srv/__init__.py
[0.801s] -- Up-to-date: /home/mm/longshan11_6/install/ros2_path_interfaces/lib/python3.8/site-packages/ros2_path_interfaces/srv/_path_interfaces.py
[0.801s] -- Up-to-date: /home/mm/longshan11_6/install/ros2_path_interfaces/lib/python3.8/site-packages/ros2_path_interfaces/srv/_path_interfaces_s.c
[0.801s] -- Up-to-date: /home/mm/longshan11_6/install/ros2_path_interfaces/lib/python3.8/site-packages/ros2_path_interfaces/ros2_path_interfaces_s__rosidl_typesupport_fastrtps_c.cpython-38-x86_64-linux-gnu.so
[0.806s] -- Up-to-date: /home/mm/longshan11_6/install/ros2_path_interfaces/lib/python3.8/site-packages/ros2_path_interfaces/ros2_path_interfaces_s__rosidl_typesupport_introspection_c.cpython-38-x86_64-linux-gnu.so
[0.807s] -- Up-to-date: /home/mm/longshan11_6/install/ros2_path_interfaces/lib/python3.8/site-packages/ros2_path_interfaces/ros2_path_interfaces_s__rosidl_typesupport_c.cpython-38-x86_64-linux-gnu.so
[0.807s] -- Up-to-date: /home/mm/longshan11_6/install/ros2_path_interfaces/lib/libros2_path_interfaces__python.so
[0.807s] -- Up-to-date: /home/mm/longshan11_6/install/ros2_path_interfaces/share/ros2_path_interfaces/srv/PathInterfaces.idl
[0.807s] -- Up-to-date: /home/mm/longshan11_6/install/ros2_path_interfaces/share/ros2_path_interfaces/srv/PathInterfaces.srv
[0.807s] -- Up-to-date: /home/mm/longshan11_6/install/ros2_path_interfaces/share/ros2_path_interfaces/srv/PathInterfaces_Request.msg
[0.807s] -- Up-to-date: /home/mm/longshan11_6/install/ros2_path_interfaces/share/ros2_path_interfaces/srv/PathInterfaces_Response.msg
[0.807s] -- Up-to-date: /home/mm/longshan11_6/install/ros2_path_interfaces/share/ament_index/resource_index/package_run_dependencies/ros2_path_interfaces
[0.807s] -- Up-to-date: /home/mm/longshan11_6/install/ros2_path_interfaces/share/ament_index/resource_index/parent_prefix_path/ros2_path_interfaces
[0.807s] -- Up-to-date: /home/mm/longshan11_6/install/ros2_path_interfaces/share/ros2_path_interfaces/environment/ament_prefix_path.sh
[0.807s] -- Up-to-date: /home/mm/longshan11_6/install/ros2_path_interfaces/share/ros2_path_interfaces/environment/ament_prefix_path.dsv
[0.807s] -- Up-to-date: /home/mm/longshan11_6/install/ros2_path_interfaces/share/ros2_path_interfaces/environment/path.sh
[0.808s] -- Up-to-date: /home/mm/longshan11_6/install/ros2_path_interfaces/share/ros2_path_interfaces/environment/path.dsv
[0.808s] -- Up-to-date: /home/mm/longshan11_6/install/ros2_path_interfaces/share/ros2_path_interfaces/local_setup.bash
[0.808s] -- Up-to-date: /home/mm/longshan11_6/install/ros2_path_interfaces/share/ros2_path_interfaces/local_setup.sh
[0.808s] -- Up-to-date: /home/mm/longshan11_6/install/ros2_path_interfaces/share/ros2_path_interfaces/local_setup.zsh
[0.808s] -- Up-to-date: /home/mm/longshan11_6/install/ros2_path_interfaces/share/ros2_path_interfaces/local_setup.dsv
[0.808s] -- Installing: /home/mm/longshan11_6/install/ros2_path_interfaces/share/ros2_path_interfaces/package.dsv
[0.808s] -- Up-to-date: /home/mm/longshan11_6/install/ros2_path_interfaces/share/ament_index/resource_index/packages/ros2_path_interfaces
[0.808s] -- Up-to-date: /home/mm/longshan11_6/install/ros2_path_interfaces/share/ros2_path_interfaces/cmake/ros2_path_interfaces__rosidl_generator_cExport.cmake
[0.808s] -- Up-to-date: /home/mm/longshan11_6/install/ros2_path_interfaces/share/ros2_path_interfaces/cmake/ros2_path_interfaces__rosidl_generator_cExport-noconfig.cmake
[0.808s] -- Up-to-date: /home/mm/longshan11_6/install/ros2_path_interfaces/share/ros2_path_interfaces/cmake/ros2_path_interfaces__rosidl_typesupport_introspection_cExport.cmake
[0.808s] -- Up-to-date: /home/mm/longshan11_6/install/ros2_path_interfaces/share/ros2_path_interfaces/cmake/ros2_path_interfaces__rosidl_typesupport_introspection_cExport-noconfig.cmake
[0.808s] -- Up-to-date: /home/mm/longshan11_6/install/ros2_path_interfaces/share/ros2_path_interfaces/cmake/ros2_path_interfaces__rosidl_typesupport_cExport.cmake
[0.808s] -- Up-to-date: /home/mm/longshan11_6/install/ros2_path_interfaces/share/ros2_path_interfaces/cmake/ros2_path_interfaces__rosidl_typesupport_cExport-noconfig.cmake
[0.809s] -- Up-to-date: /home/mm/longshan11_6/install/ros2_path_interfaces/share/ros2_path_interfaces/cmake/ros2_path_interfaces__rosidl_generator_cppExport.cmake
[0.809s] -- Up-to-date: /home/mm/longshan11_6/install/ros2_path_interfaces/share/ros2_path_interfaces/cmake/ros2_path_interfaces__rosidl_typesupport_introspection_cppExport.cmake
[0.810s] -- Up-to-date: /home/mm/longshan11_6/install/ros2_path_interfaces/share/ros2_path_interfaces/cmake/ros2_path_interfaces__rosidl_typesupport_introspection_cppExport-noconfig.cmake
[0.810s] -- Up-to-date: /home/mm/longshan11_6/install/ros2_path_interfaces/share/ros2_path_interfaces/cmake/ros2_path_interfaces__rosidl_typesupport_cppExport.cmake
[0.810s] -- Up-to-date: /home/mm/longshan11_6/install/ros2_path_interfaces/share/ros2_path_interfaces/cmake/ros2_path_interfaces__rosidl_typesupport_cppExport-noconfig.cmake
[0.811s] -- Up-to-date: /home/mm/longshan11_6/install/ros2_path_interfaces/share/ros2_path_interfaces/cmake/rosidl_cmake-extras.cmake
[0.811s] -- Up-to-date: /home/mm/longshan11_6/install/ros2_path_interfaces/share/ros2_path_interfaces/cmake/ament_cmake_export_dependencies-extras.cmake
[0.811s] -- Up-to-date: /home/mm/longshan11_6/install/ros2_path_interfaces/share/ros2_path_interfaces/cmake/ament_cmake_export_libraries-extras.cmake
[0.812s] -- Up-to-date: /home/mm/longshan11_6/install/ros2_path_interfaces/share/ros2_path_interfaces/cmake/ament_cmake_export_targets-extras.cmake
[0.812s] -- Up-to-date: /home/mm/longshan11_6/install/ros2_path_interfaces/share/ros2_path_interfaces/cmake/ament_cmake_export_include_directories-extras.cmake
[0.812s] -- Up-to-date: /home/mm/longshan11_6/install/ros2_path_interfaces/share/ros2_path_interfaces/cmake/rosidl_cmake_export_typesupport_libraries-extras.cmake
[0.812s] -- Up-to-date: /home/mm/longshan11_6/install/ros2_path_interfaces/share/ros2_path_interfaces/cmake/rosidl_cmake_export_typesupport_targets-extras.cmake
[0.813s] -- Up-to-date: /home/mm/longshan11_6/install/ros2_path_interfaces/share/ros2_path_interfaces/cmake/ros2_path_interfacesConfig.cmake
[0.813s] -- Up-to-date: /home/mm/longshan11_6/install/ros2_path_interfaces/share/ros2_path_interfaces/cmake/ros2_path_interfacesConfig-version.cmake
[0.813s] -- Up-to-date: /home/mm/longshan11_6/install/ros2_path_interfaces/share/ros2_path_interfaces/package.xml
[0.817s] Invoked command in '/home/mm/longshan11_6/build/ros2_path_interfaces' returned '0': CMAKE_PREFIX_PATH=/opt/ros/foxy /usr/bin/cmake --install /home/mm/longshan11_6/build/ros2_path_interfaces
