[01m[K/home/mm/longshan12_2/src/can/src/socketcan.cpp:[m[K In constructor ‘[01m[Ksocketcan::socketcan()[m[K’:
[01m[K/home/mm/longshan12_2/src/can/src/socketcan.cpp:27:16:[m[K [01;35m[Kwarning: [m[Kunused variable ‘[01m[KactualFrameRate[m[K’ [[01;35m[K-Wunused-variable[m[K]
   27 |         double [01;35m[KactualFrameRate[m[K = 1.0 / frameDuration.count();
      |                [01;35m[K^~~~~~~~~~~~~~~[m[K
[01m[K/home/mm/longshan12_2/src/can/src/socketcan.cpp:[m[K In destructor ‘[01m[Ksocketcan::~socketcan()[m[K’:
[01m[K/home/mm/longshan12_2/src/can/src/socketcan.cpp:75:16:[m[K [01;35m[Kwarning: [m[Kunused variable ‘[01m[KactualFrameRate[m[K’ [[01;35m[K-Wunused-variable[m[K]
   75 |         double [01;35m[KactualFrameRate[m[K = 1.0 / frameDuration.count();
      |                [01;35m[K^~~~~~~~~~~~~~~[m[K
[01m[K/home/mm/longshan12_2/src/can/src/socketcan.cpp:100:6:[m[K [01;35m[Kwarning: [m[Kunused variable ‘[01m[Kreturn_code2[m[K’ [[01;35m[K-Wunused-variable[m[K]
  100 |  int [01;35m[Kreturn_code2[m[K = send_init(0x1C5, data1); //0x1C5
      |      [01;35m[K^~~~~~~~~~~~[m[K
[01m[K/home/mm/longshan12_2/src/can/src/socketcan.cpp:[m[K In member function ‘[01m[Kvoid socketcan::exit_socketcan()[m[K’:
[01m[K/home/mm/longshan12_2/src/can/src/socketcan.cpp:127:16:[m[K [01;35m[Kwarning: [m[Kunused variable ‘[01m[KactualFrameRate[m[K’ [[01;35m[K-Wunused-variable[m[K]
  127 |         double [01;35m[KactualFrameRate[m[K = 1.0 / frameDuration.count();
      |                [01;35m[K^~~~~~~~~~~~~~~[m[K
[01m[K/home/mm/longshan12_2/src/can/src/socketcan.cpp:153:6:[m[K [01;35m[Kwarning: [m[Kunused variable ‘[01m[Kreturn_code2[m[K’ [[01;35m[K-Wunused-variable[m[K]
  153 |  int [01;35m[Kreturn_code2[m[K = send_init(0x1C5, data1); //0x1C5
      |      [01;35m[K^~~~~~~~~~~~[m[K
[01m[K/home/mm/longshan12_2/src/can/src/socketcan.cpp:[m[K In member function ‘[01m[Kint socketcan::send_init(unsigned int, unsigned char*)[m[K’:
[01m[K/home/mm/longshan12_2/src/can/src/socketcan.cpp:201:1:[m[K [01;35m[Kwarning: [m[Kcontrol reaches end of non-void function [[01;35m[K-Wreturn-type[m[K]
  201 | [01;35m[K}[m[K
      | [01;35m[K^[m[K
