[0.038s] Invoking command in '/home/mm/longshan12_2/build/can': CMAKE_PREFIX_PATH=/opt/ros/foxy /usr/bin/cmake --build /home/mm/longshan12_2/build/can -- -j4 -l4
[0.165s] [35m[1mScanning dependencies of target can_node[0m
[0.218s] [ 40%] Built target test1
[0.240s] [ 60%] [32mBuilding CXX object CMakeFiles/can_node.dir/src/can_node.cpp.o[0m
[0.267s] [ 80%] [32mBuilding CXX object CMakeFiles/can_node.dir/src/socketcan.cpp.o[0m
[0.873s] [01m[K/home/mm/longshan12_2/src/can/src/socketcan.cpp:[m[K In constructor ‘[01m[Ksocketcan::socketcan()[m[K’:
[0.873s] [01m[K/home/mm/longshan12_2/src/can/src/socketcan.cpp:27:16:[m[K [01;35m[Kwarning: [m[Kunused variable ‘[01m[KactualFrameRate[m[K’ [[01;35m[K-Wunused-variable[m[K]
[0.873s]    27 |         double [01;35m[KactualFrameRate[m[K = 1.0 / frameDuration.count();
[0.873s]       |                [01;35m[K^~~~~~~~~~~~~~~[m[K
[0.875s] [01m[K/home/mm/longshan12_2/src/can/src/socketcan.cpp:[m[K In destructor ‘[01m[Ksocketcan::~socketcan()[m[K’:
[0.875s] [01m[K/home/mm/longshan12_2/src/can/src/socketcan.cpp:75:16:[m[K [01;35m[Kwarning: [m[Kunused variable ‘[01m[KactualFrameRate[m[K’ [[01;35m[K-Wunused-variable[m[K]
[0.875s]    75 |         double [01;35m[KactualFrameRate[m[K = 1.0 / frameDuration.count();
[0.875s]       |                [01;35m[K^~~~~~~~~~~~~~~[m[K
[0.875s] [01m[K/home/mm/longshan12_2/src/can/src/socketcan.cpp:100:6:[m[K [01;35m[Kwarning: [m[Kunused variable ‘[01m[Kreturn_code2[m[K’ [[01;35m[K-Wunused-variable[m[K]
[0.875s]   100 |  int [01;35m[Kreturn_code2[m[K = send_init(0x1C5, data1); //0x1C5
[0.875s]       |      [01;35m[K^~~~~~~~~~~~[m[K
[0.877s] [01m[K/home/mm/longshan12_2/src/can/src/socketcan.cpp:[m[K In member function ‘[01m[Kvoid socketcan::exit_socketcan()[m[K’:
[0.877s] [01m[K/home/mm/longshan12_2/src/can/src/socketcan.cpp:127:16:[m[K [01;35m[Kwarning: [m[Kunused variable ‘[01m[KactualFrameRate[m[K’ [[01;35m[K-Wunused-variable[m[K]
[0.877s]   127 |         double [01;35m[KactualFrameRate[m[K = 1.0 / frameDuration.count();
[0.877s]       |                [01;35m[K^~~~~~~~~~~~~~~[m[K
[0.877s] [01m[K/home/mm/longshan12_2/src/can/src/socketcan.cpp:153:6:[m[K [01;35m[Kwarning: [m[Kunused variable ‘[01m[Kreturn_code2[m[K’ [[01;35m[K-Wunused-variable[m[K]
[0.877s]   153 |  int [01;35m[Kreturn_code2[m[K = send_init(0x1C5, data1); //0x1C5
[0.878s]       |      [01;35m[K^~~~~~~~~~~~[m[K
[0.990s] [01m[K/home/mm/longshan12_2/src/can/src/socketcan.cpp:[m[K In member function ‘[01m[Kint socketcan::send_init(unsigned int, unsigned char*)[m[K’:
[0.991s] [01m[K/home/mm/longshan12_2/src/can/src/socketcan.cpp:201:1:[m[K [01;35m[Kwarning: [m[Kcontrol reaches end of non-void function [[01;35m[K-Wreturn-type[m[K]
[0.991s]   201 | [01;35m[K}[m[K
[0.991s]       | [01;35m[K^[m[K
[14.750s] [100%] [32m[1mLinking CXX executable can_node[0m
[15.449s] [100%] Built target can_node
[15.516s] Invoked command in '/home/mm/longshan12_2/build/can' returned '0': CMAKE_PREFIX_PATH=/opt/ros/foxy /usr/bin/cmake --build /home/mm/longshan12_2/build/can -- -j4 -l4
[15.663s] Invoking command in '/home/mm/longshan12_2/build/can': CMAKE_PREFIX_PATH=/opt/ros/foxy /usr/bin/cmake --install /home/mm/longshan12_2/build/can
[15.707s] -- Install configuration: ""
[15.719s] -- Up-to-date: /home/mm/longshan12_2/install/can/share/ament_index/resource_index/package_run_dependencies/can
[15.719s] -- Up-to-date: /home/mm/longshan12_2/install/can/share/ament_index/resource_index/parent_prefix_path/can
[15.720s] -- Up-to-date: /home/mm/longshan12_2/install/can/share/can/environment/ament_prefix_path.sh
[15.721s] -- Up-to-date: /home/mm/longshan12_2/install/can/share/can/environment/ament_prefix_path.dsv
[15.722s] -- Up-to-date: /home/mm/longshan12_2/install/can/share/can/environment/path.sh
[15.722s] -- Up-to-date: /home/mm/longshan12_2/install/can/share/can/environment/path.dsv
[15.722s] -- Up-to-date: /home/mm/longshan12_2/install/can/share/can/local_setup.bash
[15.723s] -- Up-to-date: /home/mm/longshan12_2/install/can/share/can/local_setup.sh
[15.723s] -- Up-to-date: /home/mm/longshan12_2/install/can/share/can/local_setup.zsh
[15.723s] -- Up-to-date: /home/mm/longshan12_2/install/can/share/can/local_setup.dsv
[15.723s] -- Installing: /home/mm/longshan12_2/install/can/share/can/package.dsv
[15.725s] -- Up-to-date: /home/mm/longshan12_2/install/can/share/ament_index/resource_index/packages/can
[15.726s] -- Up-to-date: /home/mm/longshan12_2/install/can/share/can/cmake/canConfig.cmake
[15.726s] -- Up-to-date: /home/mm/longshan12_2/install/can/share/can/cmake/canConfig-version.cmake
[15.727s] -- Up-to-date: /home/mm/longshan12_2/install/can/share/can/package.xml
[15.730s] -- Installing: /home/mm/longshan12_2/install/can/lib/can/can_node
[15.733s] -- Set runtime path of "/home/mm/longshan12_2/install/can/lib/can/can_node" to ""
[15.737s] -- Up-to-date: /home/mm/longshan12_2/install/can/lib/can/test1
[15.738s] -- Up-to-date: /home/mm/longshan12_2/install/can/share/can/launch
[15.739s] -- Up-to-date: /home/mm/longshan12_2/install/can/share/can/launch/can.launch.py
[15.744s] Invoked command in '/home/mm/longshan12_2/build/can' returned '0': CMAKE_PREFIX_PATH=/opt/ros/foxy /usr/bin/cmake --install /home/mm/longshan12_2/build/can
