[  1%] Built target gnss__cpp
[ 10%] Built target gnss__rosidl_generator_c
[ 19%] Built target gnss__rosidl_typesupport_cpp
[ 28%] Built target gnss__rosidl_typesupport_fastrtps_cpp
[ 37%] Built target gnss__rosidl_typesupport_introspection_cpp
[ 46%] Built target gnss__rosidl_typesupport_introspection_c
[ 55%] Built target gnss__rosidl_typesupport_fastrtps_c
[ 64%] Built target gnss__rosidl_typesupport_c
[ 64%] Built target gnss
[35m[1mScanning dependencies of target gnss__py[0m
[ 66%] [34m[1mGenerating Python code for ROS interfaces[0m
[ 75%] Built target gnss_lib
[ 76%] [32mBuilding CXX object CMakeFiles/gnss_sync_node.dir/gnss_sync_node.cc.o[0m
[35m[1mScanning dependencies of target gnss_node[0m
[ 78%] [32mBuilding CXX object CMakeFiles/gnss_node.dir/gnss_node.cc.o[0m
[ 78%] Built target gnss__py
[35m[1mScanning dependencies of target gnss__python[0m
[ 80%] [32mBuilding C object CMakeFiles/gnss__python.dir/rosidl_generator_py/gnss/msg/_imu_s.c.o[0m
[ 82%] [32mBuilding C object CMakeFiles/gnss__python.dir/rosidl_generator_py/gnss/msg/_ins_s.c.o[0m
[ 83%] [32mBuilding C object CMakeFiles/gnss__python.dir/rosidl_generator_py/gnss/msg/_message_s.c.o[0m
[ 85%] [32m[1mLinking C shared library rosidl_generator_py/gnss/libgnss__python.so[0m
[ 85%] Built target gnss__python
[35m[1mScanning dependencies of target gnss__rosidl_typesupport_fastrtps_c__pyext[0m
[35m[1mScanning dependencies of target gnss__rosidl_typesupport_c__pyext[0m
[ 87%] [32mBuilding C object CMakeFiles/gnss__rosidl_typesupport_c__pyext.dir/rosidl_generator_py/gnss/_gnss_s.ep.rosidl_typesupport_c.c.o[0m
[ 89%] [32mBuilding C object CMakeFiles/gnss__rosidl_typesupport_fastrtps_c__pyext.dir/rosidl_generator_py/gnss/_gnss_s.ep.rosidl_typesupport_fastrtps_c.c.o[0m
[ 91%] [32m[1mLinking CXX shared library rosidl_generator_py/gnss/gnss_s__rosidl_typesupport_fastrtps_c.cpython-38-x86_64-linux-gnu.so[0m
[ 92%] [32m[1mLinking C shared library rosidl_generator_py/gnss/gnss_s__rosidl_typesupport_c.cpython-38-x86_64-linux-gnu.so[0m
[ 92%] Built target gnss__rosidl_typesupport_fastrtps_c__pyext
[35m[1mScanning dependencies of target gnss__rosidl_typesupport_introspection_c__pyext[0m
[ 92%] Built target gnss__rosidl_typesupport_c__pyext
[ 94%] [32mBuilding C object CMakeFiles/gnss__rosidl_typesupport_introspection_c__pyext.dir/rosidl_generator_py/gnss/_gnss_s.ep.rosidl_typesupport_introspection_c.c.o[0m
[ 96%] [32m[1mLinking C shared library rosidl_generator_py/gnss/gnss_s__rosidl_typesupport_introspection_c.cpython-38-x86_64-linux-gnu.so[0m
[ 96%] Built target gnss__rosidl_typesupport_introspection_c__pyext
In file included from [01m[K/home/mm/longshan11_6/src/gnss/stream/../parser/data_parser.h:27[m[K,
                 from [01m[K/home/mm/longshan11_6/src/gnss/stream/raw_stream.h:27[m[K,
                 from [01m[K/home/mm/longshan11_6/src/gnss/gnss_node.cc:3[m[K:
[01m[K/home/mm/longshan11_6/src/gnss/stream/../parser/parser.h:[m[K In member function ‘[01m[Kvirtual gnss::MessageType gnss::Parser::GetMessage(void**)[m[K’:
[01m[K/home/mm/longshan11_6/src/gnss/stream/../parser/parser.h:95:46:[m[K [01;35m[Kwarning: [m[Kunused parameter ‘[01m[Kmessage_ptr[m[K’ [[01;35m[K-Wunused-parameter[m[K]
   95 |   virtual MessageType GetMessage([01;35m[KMessagePtr* message_ptr[m[K) { return MessageType::NONE; }
      |                                  [01;35m[K~~~~~~~~~~~~^~~~~~~~~~~[m[K
[01m[K/home/mm/longshan11_6/src/gnss/stream/../parser/parser.h:[m[K In member function ‘[01m[Kvirtual void gnss::Parser::GetMessages(gnss::MessageInfoVec*)[m[K’:
[01m[K/home/mm/longshan11_6/src/gnss/stream/../parser/parser.h:96:44:[m[K [01;35m[Kwarning: [m[Kunused parameter ‘[01m[Kmessages[m[K’ [[01;35m[K-Wunused-parameter[m[K]
   96 |   virtual void GetMessages([01;35m[KMessageInfoVec* messages[m[K) {}
      |                            [01;35m[K~~~~~~~~~~~~~~~~^~~~~~~~[m[K
[01m[K/home/mm/longshan11_6/src/gnss/stream/../parser/parser.h:[m[K In member function ‘[01m[Kvirtual void gnss::Parser::GetMessages(gnss::MessageInfo*)[m[K’:
[01m[K/home/mm/longshan11_6/src/gnss/stream/../parser/parser.h:97:41:[m[K [01;35m[Kwarning: [m[Kunused parameter ‘[01m[Kmessage[m[K’ [[01;35m[K-Wunused-parameter[m[K]
   97 |   virtual void GetMessages([01;35m[KMessageInfo* message[m[K) {}
      |                            [01;35m[K~~~~~~~~~~~~~^~~~~~~[m[K
[01m[K/home/mm/longshan11_6/src/gnss/stream/../parser/parser.h:[m[K In member function ‘[01m[Kvirtual bool gnss::Parser::GetInsStat(void**)[m[K’:
[01m[K/home/mm/longshan11_6/src/gnss/stream/../parser/parser.h:98:39:[m[K [01;35m[Kwarning: [m[Kunused parameter ‘[01m[Kmessage_ptr[m[K’ [[01;35m[K-Wunused-parameter[m[K]
   98 |   virtual bool GetInsStat([01;35m[KMessagePtr *message_ptr[m[K) { return false; }
      |                           [01;35m[K~~~~~~~~~~~~^~~~~~~~~~~[m[K
[ 98%] [32m[1mLinking CXX executable gnss_node[0m
[ 98%] Built target gnss_node
[100%] [32m[1mLinking CXX executable gnss_sync_node[0m
[100%] Built target gnss_sync_node
-- Install configuration: ""
-- Installing: /home/mm/longshan11_6/install/gnss/share/ament_index/resource_index/rosidl_interfaces/gnss
-- Installing: /home/mm/longshan11_6/install/gnss/include/gnss
-- Installing: /home/mm/longshan11_6/install/gnss/include/gnss/msg
-- Installing: /home/mm/longshan11_6/install/gnss/include/gnss/msg/ins.h
-- Installing: /home/mm/longshan11_6/install/gnss/include/gnss/msg/message.h
-- Installing: /home/mm/longshan11_6/install/gnss/include/gnss/msg/imu.h
-- Installing: /home/mm/longshan11_6/install/gnss/include/gnss/msg/rosidl_generator_c__visibility_control.h
-- Installing: /home/mm/longshan11_6/install/gnss/include/gnss/msg/detail
-- Installing: /home/mm/longshan11_6/install/gnss/include/gnss/msg/detail/message__type_support.h
-- Installing: /home/mm/longshan11_6/install/gnss/include/gnss/msg/detail/imu__functions.c
-- Installing: /home/mm/longshan11_6/install/gnss/include/gnss/msg/detail/ins__type_support.h
-- Installing: /home/mm/longshan11_6/install/gnss/include/gnss/msg/detail/imu__functions.h
-- Installing: /home/mm/longshan11_6/install/gnss/include/gnss/msg/detail/message__functions.h
-- Installing: /home/mm/longshan11_6/install/gnss/include/gnss/msg/detail/ins__functions.c
-- Installing: /home/mm/longshan11_6/install/gnss/include/gnss/msg/detail/imu__type_support.h
-- Installing: /home/mm/longshan11_6/install/gnss/include/gnss/msg/detail/message__struct.h
-- Installing: /home/mm/longshan11_6/install/gnss/include/gnss/msg/detail/ins__functions.h
-- Installing: /home/mm/longshan11_6/install/gnss/include/gnss/msg/detail/message__functions.c
-- Installing: /home/mm/longshan11_6/install/gnss/include/gnss/msg/detail/imu__struct.h
-- Installing: /home/mm/longshan11_6/install/gnss/include/gnss/msg/detail/ins__struct.h
-- Installing: /home/mm/longshan11_6/install/gnss/share/gnss/environment/library_path.sh
-- Installing: /home/mm/longshan11_6/install/gnss/share/gnss/environment/library_path.dsv
-- Installing: /home/mm/longshan11_6/install/gnss/lib/libgnss__rosidl_generator_c.so
-- Set runtime path of "/home/mm/longshan11_6/install/gnss/lib/libgnss__rosidl_generator_c.so" to ""
-- Up-to-date: /home/mm/longshan11_6/install/gnss/include/gnss
-- Up-to-date: /home/mm/longshan11_6/install/gnss/include/gnss/msg
-- Installing: /home/mm/longshan11_6/install/gnss/include/gnss/msg/rosidl_typesupport_fastrtps_c__visibility_control.h
-- Up-to-date: /home/mm/longshan11_6/install/gnss/include/gnss/msg/detail
-- Installing: /home/mm/longshan11_6/install/gnss/include/gnss/msg/detail/ins__rosidl_typesupport_fastrtps_c.h
-- Installing: /home/mm/longshan11_6/install/gnss/include/gnss/msg/detail/message__rosidl_typesupport_fastrtps_c.h
-- Installing: /home/mm/longshan11_6/install/gnss/include/gnss/msg/detail/imu__rosidl_typesupport_fastrtps_c.h
-- Installing: /home/mm/longshan11_6/install/gnss/lib/libgnss__rosidl_typesupport_fastrtps_c.so
-- Set runtime path of "/home/mm/longshan11_6/install/gnss/lib/libgnss__rosidl_typesupport_fastrtps_c.so" to ""
-- Up-to-date: /home/mm/longshan11_6/install/gnss/include/gnss
-- Up-to-date: /home/mm/longshan11_6/install/gnss/include/gnss/msg
-- Installing: /home/mm/longshan11_6/install/gnss/include/gnss/msg/rosidl_typesupport_fastrtps_cpp__visibility_control.h
-- Up-to-date: /home/mm/longshan11_6/install/gnss/include/gnss/msg/detail
-- Installing: /home/mm/longshan11_6/install/gnss/include/gnss/msg/detail/message__rosidl_typesupport_fastrtps_cpp.hpp
-- Installing: /home/mm/longshan11_6/install/gnss/include/gnss/msg/detail/ins__rosidl_typesupport_fastrtps_cpp.hpp
-- Installing: /home/mm/longshan11_6/install/gnss/include/gnss/msg/detail/dds_fastrtps
-- Installing: /home/mm/longshan11_6/install/gnss/include/gnss/msg/detail/imu__rosidl_typesupport_fastrtps_cpp.hpp
-- Installing: /home/mm/longshan11_6/install/gnss/lib/libgnss__rosidl_typesupport_fastrtps_cpp.so
-- Set runtime path of "/home/mm/longshan11_6/install/gnss/lib/libgnss__rosidl_typesupport_fastrtps_cpp.so" to ""
-- Up-to-date: /home/mm/longshan11_6/install/gnss/include/gnss
-- Up-to-date: /home/mm/longshan11_6/install/gnss/include/gnss/msg
-- Installing: /home/mm/longshan11_6/install/gnss/include/gnss/msg/rosidl_typesupport_introspection_c__visibility_control.h
-- Up-to-date: /home/mm/longshan11_6/install/gnss/include/gnss/msg/detail
-- Installing: /home/mm/longshan11_6/install/gnss/include/gnss/msg/detail/ins__type_support.c
-- Installing: /home/mm/longshan11_6/install/gnss/include/gnss/msg/detail/message__type_support.c
-- Installing: /home/mm/longshan11_6/install/gnss/include/gnss/msg/detail/imu__type_support.c
-- Installing: /home/mm/longshan11_6/install/gnss/include/gnss/msg/detail/message__rosidl_typesupport_introspection_c.h
-- Installing: /home/mm/longshan11_6/install/gnss/include/gnss/msg/detail/imu__rosidl_typesupport_introspection_c.h
-- Installing: /home/mm/longshan11_6/install/gnss/include/gnss/msg/detail/ins__rosidl_typesupport_introspection_c.h
-- Installing: /home/mm/longshan11_6/install/gnss/lib/libgnss__rosidl_typesupport_introspection_c.so
-- Set runtime path of "/home/mm/longshan11_6/install/gnss/lib/libgnss__rosidl_typesupport_introspection_c.so" to ""
-- Installing: /home/mm/longshan11_6/install/gnss/lib/libgnss__rosidl_typesupport_c.so
-- Set runtime path of "/home/mm/longshan11_6/install/gnss/lib/libgnss__rosidl_typesupport_c.so" to ""
-- Up-to-date: /home/mm/longshan11_6/install/gnss/include/gnss
-- Up-to-date: /home/mm/longshan11_6/install/gnss/include/gnss/msg
-- Installing: /home/mm/longshan11_6/install/gnss/include/gnss/msg/rosidl_generator_cpp__visibility_control.hpp
-- Installing: /home/mm/longshan11_6/install/gnss/include/gnss/msg/ins.hpp
-- Installing: /home/mm/longshan11_6/install/gnss/include/gnss/msg/message.hpp
-- Installing: /home/mm/longshan11_6/install/gnss/include/gnss/msg/imu.hpp
-- Up-to-date: /home/mm/longshan11_6/install/gnss/include/gnss/msg/detail
-- Installing: /home/mm/longshan11_6/install/gnss/include/gnss/msg/detail/ins__type_support.hpp
-- Installing: /home/mm/longshan11_6/install/gnss/include/gnss/msg/detail/message__type_support.hpp
-- Installing: /home/mm/longshan11_6/install/gnss/include/gnss/msg/detail/message__struct.hpp
-- Installing: /home/mm/longshan11_6/install/gnss/include/gnss/msg/detail/imu__builder.hpp
-- Installing: /home/mm/longshan11_6/install/gnss/include/gnss/msg/detail/ins__struct.hpp
-- Installing: /home/mm/longshan11_6/install/gnss/include/gnss/msg/detail/message__traits.hpp
-- Installing: /home/mm/longshan11_6/install/gnss/include/gnss/msg/detail/imu__struct.hpp
-- Installing: /home/mm/longshan11_6/install/gnss/include/gnss/msg/detail/ins__builder.hpp
-- Installing: /home/mm/longshan11_6/install/gnss/include/gnss/msg/detail/message__builder.hpp
-- Installing: /home/mm/longshan11_6/install/gnss/include/gnss/msg/detail/imu__traits.hpp
-- Installing: /home/mm/longshan11_6/install/gnss/include/gnss/msg/detail/ins__traits.hpp
-- Installing: /home/mm/longshan11_6/install/gnss/include/gnss/msg/detail/imu__type_support.hpp
-- Up-to-date: /home/mm/longshan11_6/install/gnss/include/gnss
-- Up-to-date: /home/mm/longshan11_6/install/gnss/include/gnss/msg
-- Up-to-date: /home/mm/longshan11_6/install/gnss/include/gnss/msg/detail
-- Installing: /home/mm/longshan11_6/install/gnss/include/gnss/msg/detail/ins__type_support.cpp
-- Installing: /home/mm/longshan11_6/install/gnss/include/gnss/msg/detail/message__type_support.cpp
-- Installing: /home/mm/longshan11_6/install/gnss/include/gnss/msg/detail/imu__type_support.cpp
-- Installing: /home/mm/longshan11_6/install/gnss/include/gnss/msg/detail/message__rosidl_typesupport_introspection_cpp.hpp
-- Installing: /home/mm/longshan11_6/install/gnss/include/gnss/msg/detail/imu__rosidl_typesupport_introspection_cpp.hpp
-- Installing: /home/mm/longshan11_6/install/gnss/include/gnss/msg/detail/ins__rosidl_typesupport_introspection_cpp.hpp
-- Installing: /home/mm/longshan11_6/install/gnss/lib/libgnss__rosidl_typesupport_introspection_cpp.so
-- Set runtime path of "/home/mm/longshan11_6/install/gnss/lib/libgnss__rosidl_typesupport_introspection_cpp.so" to ""
-- Installing: /home/mm/longshan11_6/install/gnss/lib/libgnss__rosidl_typesupport_cpp.so
-- Set runtime path of "/home/mm/longshan11_6/install/gnss/lib/libgnss__rosidl_typesupport_cpp.so" to ""
-- Installing: /home/mm/longshan11_6/install/gnss/share/gnss/environment/pythonpath.sh
-- Installing: /home/mm/longshan11_6/install/gnss/share/gnss/environment/pythonpath.dsv
-- Installing: /home/mm/longshan11_6/install/gnss/lib/python3.8/site-packages/gnss/__init__.py
Compiling '/home/mm/longshan11_6/install/gnss/lib/python3.8/site-packages/gnss/__init__.py'...
-- Installing: /home/mm/longshan11_6/install/gnss/lib/python3.8/site-packages/gnss/msg
-- Installing: /home/mm/longshan11_6/install/gnss/lib/python3.8/site-packages/gnss/msg/_message_s.c
-- Installing: /home/mm/longshan11_6/install/gnss/lib/python3.8/site-packages/gnss/msg/__init__.py
-- Installing: /home/mm/longshan11_6/install/gnss/lib/python3.8/site-packages/gnss/msg/_ins_s.c
-- Installing: /home/mm/longshan11_6/install/gnss/lib/python3.8/site-packages/gnss/msg/_message.py
-- Installing: /home/mm/longshan11_6/install/gnss/lib/python3.8/site-packages/gnss/msg/_ins.py
-- Installing: /home/mm/longshan11_6/install/gnss/lib/python3.8/site-packages/gnss/msg/_imu.py
-- Installing: /home/mm/longshan11_6/install/gnss/lib/python3.8/site-packages/gnss/msg/_imu_s.c
-- Installing: /home/mm/longshan11_6/install/gnss/lib/python3.8/site-packages/gnss/gnss_s__rosidl_typesupport_fastrtps_c.cpython-38-x86_64-linux-gnu.so
-- Set runtime path of "/home/mm/longshan11_6/install/gnss/lib/python3.8/site-packages/gnss/gnss_s__rosidl_typesupport_fastrtps_c.cpython-38-x86_64-linux-gnu.so" to ""
-- Installing: /home/mm/longshan11_6/install/gnss/lib/python3.8/site-packages/gnss/gnss_s__rosidl_typesupport_introspection_c.cpython-38-x86_64-linux-gnu.so
-- Set runtime path of "/home/mm/longshan11_6/install/gnss/lib/python3.8/site-packages/gnss/gnss_s__rosidl_typesupport_introspection_c.cpython-38-x86_64-linux-gnu.so" to ""
-- Installing: /home/mm/longshan11_6/install/gnss/lib/python3.8/site-packages/gnss/gnss_s__rosidl_typesupport_c.cpython-38-x86_64-linux-gnu.so
-- Set runtime path of "/home/mm/longshan11_6/install/gnss/lib/python3.8/site-packages/gnss/gnss_s__rosidl_typesupport_c.cpython-38-x86_64-linux-gnu.so" to ""
-- Installing: /home/mm/longshan11_6/install/gnss/lib/libgnss__python.so
-- Set runtime path of "/home/mm/longshan11_6/install/gnss/lib/libgnss__python.so" to ""
-- Installing: /home/mm/longshan11_6/install/gnss/share/gnss/msg/Imu.idl
-- Installing: /home/mm/longshan11_6/install/gnss/share/gnss/msg/Ins.idl
-- Installing: /home/mm/longshan11_6/install/gnss/share/gnss/msg/Message.idl
-- Installing: /home/mm/longshan11_6/install/gnss/share/gnss/msg/Imu.msg
-- Installing: /home/mm/longshan11_6/install/gnss/share/gnss/msg/Ins.msg
-- Installing: /home/mm/longshan11_6/install/gnss/share/gnss/msg/Message.msg
-- Installing: /home/mm/longshan11_6/install/gnss/lib/libgnss_lib.so
-- Set runtime path of "/home/mm/longshan11_6/install/gnss/lib/libgnss_lib.so" to ""
-- Installing: /home/mm/longshan11_6/install/gnss/lib/gnss/gnss_node
-- Set runtime path of "/home/mm/longshan11_6/install/gnss/lib/gnss/gnss_node" to ""
-- Installing: /home/mm/longshan11_6/install/gnss/lib/gnss/gnss_sync_node
-- Set runtime path of "/home/mm/longshan11_6/install/gnss/lib/gnss/gnss_sync_node" to ""
-- Installing: /home/mm/longshan11_6/install/gnss/share/gnss/launch
-- Installing: /home/mm/longshan11_6/install/gnss/share/gnss/launch/gnss.launch.py
-- Installing: /home/mm/longshan11_6/install/gnss/share/ament_index/resource_index/package_run_dependencies/gnss
-- Installing: /home/mm/longshan11_6/install/gnss/share/ament_index/resource_index/parent_prefix_path/gnss
-- Installing: /home/mm/longshan11_6/install/gnss/share/gnss/environment/ament_prefix_path.sh
-- Installing: /home/mm/longshan11_6/install/gnss/share/gnss/environment/ament_prefix_path.dsv
-- Installing: /home/mm/longshan11_6/install/gnss/share/gnss/environment/path.sh
-- Installing: /home/mm/longshan11_6/install/gnss/share/gnss/environment/path.dsv
-- Installing: /home/mm/longshan11_6/install/gnss/share/gnss/local_setup.bash
-- Installing: /home/mm/longshan11_6/install/gnss/share/gnss/local_setup.sh
-- Installing: /home/mm/longshan11_6/install/gnss/share/gnss/local_setup.zsh
-- Installing: /home/mm/longshan11_6/install/gnss/share/gnss/local_setup.dsv
-- Installing: /home/mm/longshan11_6/install/gnss/share/gnss/package.dsv
-- Installing: /home/mm/longshan11_6/install/gnss/share/ament_index/resource_index/packages/gnss
-- Installing: /home/mm/longshan11_6/install/gnss/share/gnss/cmake/gnss__rosidl_generator_cExport.cmake
-- Installing: /home/mm/longshan11_6/install/gnss/share/gnss/cmake/gnss__rosidl_generator_cExport-noconfig.cmake
-- Installing: /home/mm/longshan11_6/install/gnss/share/gnss/cmake/gnss__rosidl_typesupport_introspection_cExport.cmake
-- Installing: /home/mm/longshan11_6/install/gnss/share/gnss/cmake/gnss__rosidl_typesupport_introspection_cExport-noconfig.cmake
-- Installing: /home/mm/longshan11_6/install/gnss/share/gnss/cmake/gnss__rosidl_typesupport_cExport.cmake
-- Installing: /home/mm/longshan11_6/install/gnss/share/gnss/cmake/gnss__rosidl_typesupport_cExport-noconfig.cmake
-- Installing: /home/mm/longshan11_6/install/gnss/share/gnss/cmake/gnss__rosidl_generator_cppExport.cmake
-- Installing: /home/mm/longshan11_6/install/gnss/share/gnss/cmake/gnss__rosidl_typesupport_introspection_cppExport.cmake
-- Installing: /home/mm/longshan11_6/install/gnss/share/gnss/cmake/gnss__rosidl_typesupport_introspection_cppExport-noconfig.cmake
-- Installing: /home/mm/longshan11_6/install/gnss/share/gnss/cmake/gnss__rosidl_typesupport_cppExport.cmake
-- Installing: /home/mm/longshan11_6/install/gnss/share/gnss/cmake/gnss__rosidl_typesupport_cppExport-noconfig.cmake
-- Installing: /home/mm/longshan11_6/install/gnss/share/gnss/cmake/rosidl_cmake-extras.cmake
-- Installing: /home/mm/longshan11_6/install/gnss/share/gnss/cmake/ament_cmake_export_dependencies-extras.cmake
-- Installing: /home/mm/longshan11_6/install/gnss/share/gnss/cmake/ament_cmake_export_libraries-extras.cmake
-- Installing: /home/mm/longshan11_6/install/gnss/share/gnss/cmake/ament_cmake_export_targets-extras.cmake
-- Installing: /home/mm/longshan11_6/install/gnss/share/gnss/cmake/ament_cmake_export_include_directories-extras.cmake
-- Installing: /home/mm/longshan11_6/install/gnss/share/gnss/cmake/rosidl_cmake_export_typesupport_libraries-extras.cmake
-- Installing: /home/mm/longshan11_6/install/gnss/share/gnss/cmake/rosidl_cmake_export_typesupport_targets-extras.cmake
-- Installing: /home/mm/longshan11_6/install/gnss/share/gnss/cmake/gnssConfig.cmake
-- Installing: /home/mm/longshan11_6/install/gnss/share/gnss/cmake/gnssConfig-version.cmake
-- Installing: /home/mm/longshan11_6/install/gnss/share/gnss/package.xml
