[0.019s] Invoking command in '/home/mm/longshan11_6/build/lidar_processing': CMAKE_PREFIX_PATH=/opt/ros/foxy /usr/bin/cmake /home/mm/longshan11_6/src/lidar_processing -DCMAKE_INSTALL_PREFIX=/home/mm/longshan11_6/install/lidar_processing
[0.150s] -- The C compiler identification is GNU 9.4.0
[0.253s] -- The CXX compiler identification is GNU 9.4.0
[0.270s] -- Check for working C compiler: /usr/bin/cc
[0.393s] -- Check for working C compiler: /usr/bin/cc -- works
[0.402s] -- Detecting C compiler ABI info
[0.523s] -- Detecting C compiler ABI info - done
[0.531s] -- Detecting C compile features
[0.533s] -- Detecting C compile features - done
[0.538s] -- Check for working CXX compiler: /usr/bin/c++
[0.694s] -- Check for working CXX compiler: /usr/bin/c++ -- works
[0.694s] -- Detecting CXX compiler ABI info
[0.822s] -- Detecting CXX compiler ABI info - done
[0.828s] -- Detecting CXX compile features
[0.828s] -- Detecting CXX compile features - done
[0.845s] -- Found ament_cmake: 0.9.12 (/opt/ros/foxy/share/ament_cmake/cmake)
[0.888s] -- Found PythonInterp: /usr/bin/python3 (found suitable version "3.8.10", minimum required is "3") 
[0.889s] -- Using PYTHON_EXECUTABLE: /usr/bin/python3
[1.549s] -- Found rclcpp: 2.4.3 (/opt/ros/foxy/share/rclcpp/cmake)
[1.674s] -- Using all available rosidl_typesupport_c: rosidl_typesupport_fastrtps_c;rosidl_typesupport_introspection_c
[1.691s] -- Found rosidl_adapter: 1.3.1 (/opt/ros/foxy/share/rosidl_adapter/cmake)
[1.851s] -- Found OpenSSL: /usr/lib/x86_64-linux-gnu/libcrypto.so (found version "1.1.1f")  
[1.884s] -- Found FastRTPS: /opt/ros/foxy/include  
[2.021s] -- Using all available rosidl_typesupport_cpp: rosidl_typesupport_fastrtps_cpp;rosidl_typesupport_introspection_cpp
[2.235s] -- Found rmw_implementation_cmake: 1.0.4 (/opt/ros/foxy/share/rmw_implementation_cmake/cmake)
[2.243s] -- Using RMW implementation 'rmw_fastrtps_cpp' as default
[2.249s] -- Looking for pthread.h
[2.430s] -- Looking for pthread.h - found
[2.431s] -- Performing Test CMAKE_HAVE_LIBC_PTHREAD
[2.602s] -- Performing Test CMAKE_HAVE_LIBC_PTHREAD - Failed
[2.602s] -- Looking for pthread_create in pthreads
[2.738s] -- Looking for pthread_create in pthreads - not found
[2.738s] -- Looking for pthread_create in pthread
[2.877s] -- Looking for pthread_create in pthread - found
[2.877s] -- Found Threads: TRUE  
[3.242s] -- Found sensor_msgs: 2.0.5 (/opt/ros/foxy/share/sensor_msgs/cmake)
[3.494s] -- Found message_filters: 3.2.7 (/opt/ros/foxy/share/message_filters/cmake)
[3.504s] -- Found vision_msgs: 2.0.0 (/opt/ros/foxy/share/vision_msgs/cmake)
[3.764s] -- Found visualization_msgs: 2.0.5 (/opt/ros/foxy/share/visualization_msgs/cmake)
[3.934s] -- Found tf2_ros: 0.13.14 (/opt/ros/foxy/share/tf2_ros/cmake)
[4.660s] -- Found OpenCV: /usr (found version "4.2.0") 
[4.689s] -- Checking for module 'eigen3'
[4.712s] --   Found eigen3, version 3.3.7
[4.773s] -- Found Eigen: /usr/include/eigen3 (Required is at least version "3.1") 
[4.774s] -- Eigen found (include: /usr/include/eigen3, version: 3.3.7)
[4.845s] -- Found Boost: /usr/include (found suitable version "1.71.0", minimum required is "1.55.0") found components: system filesystem date_time iostreams regex 
[4.870s] -- Checking for module 'flann'
[4.900s] --   Found flann, version 1.9.1
[4.982s] -- Found FLANN: /usr/lib/x86_64-linux-gnu/libflann_cpp.so  
[5.123s] -- The imported target "vtkParseOGLExt" references the file
[5.124s]    "/usr/bin/vtkParseOGLExt-7.1"
[5.124s] but this file does not exist.  Possible reasons include:
[5.124s] * The file was deleted, renamed, or moved to another location.
[5.125s] * An install or uninstall procedure did not complete successfully.
[5.125s] * The installation package was faulty and contained
[5.125s]    "/usr/lib/cmake/vtk-7.1/VTKTargets.cmake"
[5.126s] but not all the files it references.
[5.126s] 
[5.127s] -- The imported target "vtkRenderingPythonTkWidgets" references the file
[5.127s]    "/usr/lib/x86_64-linux-gnu/libvtkRenderingPythonTkWidgets.so"
[5.127s] but this file does not exist.  Possible reasons include:
[5.127s] * The file was deleted, renamed, or moved to another location.
[5.127s] * An install or uninstall procedure did not complete successfully.
[5.127s] * The installation package was faulty and contained
[5.128s]    "/usr/lib/cmake/vtk-7.1/VTKTargets.cmake"
[5.128s] but not all the files it references.
[5.128s] 
[5.129s] -- The imported target "vtk" references the file
[5.130s]    "/usr/bin/vtk"
[5.130s] but this file does not exist.  Possible reasons include:
[5.130s] * The file was deleted, renamed, or moved to another location.
[5.130s] * An install or uninstall procedure did not complete successfully.
[5.131s] * The installation package was faulty and contained
[5.131s]    "/usr/lib/cmake/vtk-7.1/VTKTargets.cmake"
[5.131s] but not all the files it references.
[5.132s] 
[5.132s] -- The imported target "pvtk" references the file
[5.134s]    "/usr/bin/pvtk"
[5.134s] but this file does not exist.  Possible reasons include:
[5.134s] * The file was deleted, renamed, or moved to another location.
[5.143s] * An install or uninstall procedure did not complete successfully.
[5.150s] * The installation package was faulty and contained
[5.150s]    "/usr/lib/cmake/vtk-7.1/VTKTargets.cmake"
[5.152s] but not all the files it references.
[5.154s] 
[5.203s] -- Checking for module 'libusb-1.0'
[5.234s] --   Found libusb-1.0, version 1.0.23
[5.306s] -- Found USB_10: /usr/lib/x86_64-linux-gnu/libusb-1.0.so  
[5.415s] -- Found OpenNI: /usr/lib/libOpenNI.so  
[5.415s] -- OpenNI found (include: /usr/include/ni, lib: /usr/lib/libOpenNI.so)
[5.519s] -- Found OpenNI2: /usr/lib/libOpenNI2.so  
[5.519s] -- OpenNI2 found (include: /usr/include/openni2, lib: /usr/lib/libOpenNI2.so)
[5.519s] ** WARNING ** io features related to pcap will be disabled
[5.519s] ** WARNING ** io features related to png will be disabled
[5.543s] -- Found libusb-1.0: /usr/include  
[5.543s] ** WARNING ** io features related to libusb-1.0 will be disabled
[5.554s] -- OpenNI found (include: /usr/include/ni, lib: /usr/lib/libOpenNI.so)
[5.565s] -- OpenNI2 found (include: /usr/include/openni2, lib: /usr/lib/libOpenNI2.so)
[5.611s] -- Found Qhull: optimized;/usr/lib/x86_64-linux-gnu/libqhull.so;debug;/usr/lib/x86_64-linux-gnu/libqhull.so  
[5.611s] -- QHULL found (include: /usr/include, lib: optimized;/usr/lib/x86_64-linux-gnu/libqhull.so;debug;/usr/lib/x86_64-linux-gnu/libqhull.so)
[5.622s] -- OpenNI found (include: /usr/include/ni, lib: /usr/lib/libOpenNI.so)
[5.651s] -- looking for PCL_COMMON
[5.654s] -- Found PCL_COMMON: /usr/lib/x86_64-linux-gnu/libpcl_common.so  
[5.655s] -- looking for PCL_KDTREE
[5.658s] -- Found PCL_KDTREE: /usr/lib/x86_64-linux-gnu/libpcl_kdtree.so  
[5.658s] -- looking for PCL_OCTREE
[5.661s] -- Found PCL_OCTREE: /usr/lib/x86_64-linux-gnu/libpcl_octree.so  
[5.661s] -- looking for PCL_SEARCH
[5.663s] -- Found PCL_SEARCH: /usr/lib/x86_64-linux-gnu/libpcl_search.so  
[5.663s] -- looking for PCL_SAMPLE_CONSENSUS
[5.665s] -- Found PCL_SAMPLE_CONSENSUS: /usr/lib/x86_64-linux-gnu/libpcl_sample_consensus.so  
[5.665s] -- looking for PCL_FILTERS
[5.666s] -- Found PCL_FILTERS: /usr/lib/x86_64-linux-gnu/libpcl_filters.so  
[5.667s] -- looking for PCL_2D
[5.667s] -- Found PCL_2D: /usr/include/pcl-1.10  
[5.669s] -- looking for PCL_GEOMETRY
[5.670s] -- Found PCL_GEOMETRY: /usr/include/pcl-1.10  
[5.670s] -- looking for PCL_IO
[5.674s] -- Found PCL_IO: /usr/lib/x86_64-linux-gnu/libpcl_io.so  
[5.674s] -- looking for PCL_FEATURES
[5.674s] -- Found PCL_FEATURES: /usr/lib/x86_64-linux-gnu/libpcl_features.so  
[5.675s] -- looking for PCL_ML
[5.678s] -- Found PCL_ML: /usr/lib/x86_64-linux-gnu/libpcl_ml.so  
[5.678s] -- looking for PCL_SEGMENTATION
[5.680s] -- Found PCL_SEGMENTATION: /usr/lib/x86_64-linux-gnu/libpcl_segmentation.so  
[5.680s] -- looking for PCL_VISUALIZATION
[5.682s] -- Found PCL_VISUALIZATION: /usr/lib/x86_64-linux-gnu/libpcl_visualization.so  
[5.683s] -- looking for PCL_SURFACE
[5.684s] -- Found PCL_SURFACE: /usr/lib/x86_64-linux-gnu/libpcl_surface.so  
[5.685s] -- looking for PCL_REGISTRATION
[5.686s] -- Found PCL_REGISTRATION: /usr/lib/x86_64-linux-gnu/libpcl_registration.so  
[5.687s] -- looking for PCL_KEYPOINTS
[5.688s] -- Found PCL_KEYPOINTS: /usr/lib/x86_64-linux-gnu/libpcl_keypoints.so  
[5.689s] -- looking for PCL_TRACKING
[5.690s] -- Found PCL_TRACKING: /usr/lib/x86_64-linux-gnu/libpcl_tracking.so  
[5.691s] -- looking for PCL_RECOGNITION
[5.693s] -- Found PCL_RECOGNITION: /usr/lib/x86_64-linux-gnu/libpcl_recognition.so  
[5.695s] -- looking for PCL_STEREO
[5.698s] -- Found PCL_STEREO: /usr/lib/x86_64-linux-gnu/libpcl_stereo.so  
[5.698s] -- looking for PCL_APPS
[5.701s] -- Found PCL_APPS: /usr/lib/x86_64-linux-gnu/libpcl_apps.so  
[5.703s] -- looking for PCL_IN_HAND_SCANNER
[5.704s] -- Found PCL_IN_HAND_SCANNER: /usr/include/pcl-1.10  
[5.705s] -- looking for PCL_POINT_CLOUD_EDITOR
[5.709s] -- Found PCL_POINT_CLOUD_EDITOR: /usr/include/pcl-1.10  
[5.710s] -- looking for PCL_OUTOFCORE
[5.713s] -- Found PCL_OUTOFCORE: /usr/lib/x86_64-linux-gnu/libpcl_outofcore.so  
[5.713s] -- looking for PCL_PEOPLE
[5.715s] -- Found PCL_PEOPLE: /usr/lib/x86_64-linux-gnu/libpcl_people.so  
[5.717s] -- Found PCL: pcl_common;pcl_kdtree;pcl_octree;pcl_search;pcl_sample_consensus;pcl_filters;pcl_io;pcl_features;pcl_ml;pcl_segmentation;pcl_visualization;pcl_surface;pcl_registration;pcl_keypoints;pcl_tracking;pcl_recognition;pcl_stereo;pcl_apps;pcl_outofcore;pcl_people;/usr/lib/x86_64-linux-gnu/libboost_system.so;/usr/lib/x86_64-linux-gnu/libboost_filesystem.so;/usr/lib/x86_64-linux-gnu/libboost_date_time.so;/usr/lib/x86_64-linux-gnu/libboost_iostreams.so;/usr/lib/x86_64-linux-gnu/libboost_regex.so;optimized;/usr/lib/x86_64-linux-gnu/libqhull.so;debug;/usr/lib/x86_64-linux-gnu/libqhull.so;/usr/lib/libOpenNI.so;/usr/lib/libOpenNI2.so;vtkChartsCore;vtkCommonColor;vtkCommonCore;vtksys;vtkCommonDataModel;vtkCommonMath;vtkCommonMisc;vtkCommonSystem;vtkCommonTransforms;vtkCommonExecutionModel;vtkFiltersGeneral;vtkCommonComputationalGeometry;vtkFiltersCore;vtkInfovisCore;vtkFiltersExtraction;vtkFiltersStatistics;vtkImagingFourier;vtkImagingCore;vtkalglib;vtkRenderingContext2D;vtkRenderingCore;vtkFiltersGeometry;vtkFiltersSources;vtkRenderingFreeType;/usr/lib/x86_64-linux-gnu/libfreetype.so;/usr/lib/x86_64-linux-gnu/libz.so;vtkFiltersModeling;vtkImagingSources;vtkInteractionStyle;vtkInteractionWidgets;vtkFiltersHybrid;vtkImagingColor;vtkImagingGeneral;vtkImagingHybrid;vtkIOImage;vtkDICOMParser;vtkmetaio;/usr/lib/x86_64-linux-gnu/libjpeg.so;/usr/lib/x86_64-linux-gnu/libpng.so;/usr/lib/x86_64-linux-gnu/libtiff.so;vtkRenderingAnnotation;vtkRenderingVolume;vtkIOXML;vtkIOCore;vtkIOXMLParser;/usr/lib/x86_64-linux-gnu/libexpat.so;vtkIOGeometry;vtkIOLegacy;vtkIOPLY;vtkRenderingLOD;vtkViewsContext2D;vtkViewsCore;vtkRenderingContextOpenGL2;vtkRenderingOpenGL2;FLANN::FLANN  
[5.720s] -- Found pcl_conversions: 2.2.1 (/opt/ros/foxy/share/pcl_conversions/cmake)
[6.066s] -- Found image_geometry: 3.0.7 (/opt/ros/foxy/share/image_geometry/cmake)
[6.091s] -- Found ament_lint_auto: 0.9.8 (/opt/ros/foxy/share/ament_lint_auto/cmake)
[6.385s] -- Added test 'cppcheck' to perform static code analysis on C / C++ code
[6.388s] -- Configured cppcheck include dirs: /home/mm/longshan11_6/src/lidar_processing/include
[6.389s] -- Configured cppcheck exclude dirs and/or files: 
[6.390s] -- Added test 'flake8' to check Python code syntax and style conventions
[6.394s] -- Added test 'lint_cmake' to check CMake code style
[6.396s] -- Added test 'pep257' to check Python code against some of the style conventions in PEP 257
[6.401s] -- Added test 'uncrustify' to check C / C++ code style
[6.401s] -- Configured uncrustify additional arguments: 
[6.403s] -- Added test 'xmllint' to check XML markup files
[6.412s] -- Configuring done
[6.580s] -- Generating done
[6.584s] -- Build files have been written to: /home/mm/longshan11_6/build/lidar_processing
[6.620s] Invoked command in '/home/mm/longshan11_6/build/lidar_processing' returned '0': CMAKE_PREFIX_PATH=/opt/ros/foxy /usr/bin/cmake /home/mm/longshan11_6/src/lidar_processing -DCMAKE_INSTALL_PREFIX=/home/mm/longshan11_6/install/lidar_processing
[6.626s] Invoking command in '/home/mm/longshan11_6/build/lidar_processing': CMAKE_PREFIX_PATH=/opt/ros/foxy /usr/bin/cmake --build /home/mm/longshan11_6/build/lidar_processing -- -j4 -l4
[6.714s] [35m[1mScanning dependencies of target Lidar_Processing_node[0m
[7.142s] [ 50%] [32mBuilding CXX object CMakeFiles/Lidar_Processing_node.dir/src/Processing_lidar.cpp.o[0m
[23.935s] [01m[K/home/mm/longshan11_6/src/lidar_processing/src/Processing_lidar.cpp:[m[K In member function ‘[01m[Kvoid Processing_lidar::pointCloudCallback(sensor_msgs::msg::PointCloud2_<std::allocator<void> >::SharedPtr)[m[K’:
[23.935s] [01m[K/home/mm/longshan11_6/src/lidar_processing/src/Processing_lidar.cpp:126:12:[m[K [01;35m[Kwarning: [m[Kunused variable ‘[01m[Ksync_duration_ms[m[K’ [[01;35m[K-Wunused-variable[m[K]
[23.935s]   126 |     double [01;35m[Ksync_duration_ms[m[K = std::chrono::duration_cast<std::chrono::nanoseconds>(Clock::now() - m_sync_start_time_).count() / 1e6;
[23.935s]       |            [01;35m[K^~~~~~~~~~~~~~~~[m[K
[26.051s] In file included from [01m[K/home/mm/longshan11_6/src/lidar_processing/src/Processing_lidar.cpp:40[m[K:
[26.051s] /home/mm/longshan11_6/src/lidar_processing/src/obstacle_detector.hpp: In instantiation of ‘[01m[KBox lidar_obstacle_detector::ObstacleDetector<PointT>::pcaBoundingBox(typename pcl::PointCloud<PointT>::Ptr&, int) [with PointT = pcl::PointXYZ; typename pcl::PointCloud<PointT>::Ptr = boost::shared_ptr<pcl::PointCloud<pcl::PointXYZ> >][m[K’:
[26.053s] [01m[K/home/mm/longshan11_6/src/lidar_processing/src/Processing_lidar.cpp:138:66:[m[K   required from here
[26.053s] [01m[K/home/mm/longshan11_6/src/lidar_processing/src/obstacle_detector.hpp:247:15:[m[K [01;35m[Kwarning: [m[Kunused variable ‘[01m[Kbox_z[m[K’ [[01;35m[K-Wunused-variable[m[K]
[26.053s]   247 |   const float [01;35m[Kbox_z[m[K = (max_pt.z + min_pt.z)/2;
[26.054s]       |               [01;35m[K^~~~~[m[K
[26.055s] /home/mm/longshan11_6/src/lidar_processing/src/obstacle_detector.hpp: In instantiation of ‘[01m[Kvoid lidar_obstacle_detector::ObstacleDetector<PointT>::obstacleTracking(const std::vector<Box>&, std::vector<Box>&, float, float) [with PointT = pcl::PointXYZ][m[K’:
[26.055s] [01m[K/home/mm/longshan11_6/src/lidar_processing/src/Processing_lidar.cpp:150:102:[m[K   required from here
[26.055s] [01m[K/home/mm/longshan11_6/src/lidar_processing/src/obstacle_detector.hpp:307:23:[m[K [01;35m[Kwarning: [m[Kcomparison of integer expressions of different signedness: ‘[01m[Kint[m[K’ and ‘[01m[Kstd::vector<int>::size_type[m[K’ {aka ‘[01m[Klong unsigned int[m[K’} [[01;35m[K-Wsign-compare[m[K]
[26.056s]   307 |     for (int j = 0; [01;35m[Kj < matches.size()[m[K; ++j)
[26.056s]       |                     [01;35m[K~~^~~~~~~~~~~~~~~~[m[K
[28.722s] /home/mm/longshan11_6/src/lidar_processing/src/obstacle_detector.hpp: In instantiation of ‘[01m[Kstd::vector<std::vector<int> > lidar_obstacle_detector::ObstacleDetector<PointT>::connectionMatrix(const std::vector<std::vector<int> >&, std::vector<int>&, std::vector<int>&) [with PointT = pcl::PointXYZ][m[K’:
[28.723s] [01m[K/home/mm/longshan11_6/src/lidar_processing/src/obstacle_detector.hpp:302:30:[m[K   required from ‘[01m[Kvoid lidar_obstacle_detector::ObstacleDetector<PointT>::obstacleTracking(const std::vector<Box>&, std::vector<Box>&, float, float) [with PointT = pcl::PointXYZ][m[K’
[28.724s] [01m[K/home/mm/longshan11_6/src/lidar_processing/src/Processing_lidar.cpp:150:102:[m[K   required from here
[28.724s] [01m[K/home/mm/longshan11_6/src/lidar_processing/src/obstacle_detector.hpp:401:23:[m[K [01;35m[Kwarning: [m[Kcomparison of integer expressions of different signedness: ‘[01m[Kint[m[K’ and ‘[01m[Kstd::vector<int>::size_type[m[K’ {aka ‘[01m[Klong unsigned int[m[K’} [[01;35m[K-Wsign-compare[m[K]
[28.724s]   401 |     for (int i = 0; [01;35m[Ki < left.size()[m[K; ++i)
[28.724s]       |                     [01;35m[K~~^~~~~~~~~~~~~[m[K
[28.724s] [01m[K/home/mm/longshan11_6/src/lidar_processing/src/obstacle_detector.hpp:408:23:[m[K [01;35m[Kwarning: [m[Kcomparison of integer expressions of different signedness: ‘[01m[Kint[m[K’ and ‘[01m[Kstd::vector<int>::size_type[m[K’ {aka ‘[01m[Klong unsigned int[m[K’} [[01;35m[K-Wsign-compare[m[K]
[28.725s]   408 |     for (int i = 0; [01;35m[Ki < right.size()[m[K; ++i)
[28.725s]       |                     [01;35m[K~~^~~~~~~~~~~~~~[m[K
[28.725s] /home/mm/longshan11_6/src/lidar_processing/src/obstacle_detector.hpp: In instantiation of ‘[01m[Kstd::vector<int> lidar_obstacle_detector::ObstacleDetector<PointT>::hungarian(const std::vector<std::vector<int> >&) [with PointT = pcl::PointXYZ][m[K’:
[28.725s] [01m[K/home/mm/longshan11_6/src/lidar_processing/src/obstacle_detector.hpp:305:15:[m[K   required from ‘[01m[Kvoid lidar_obstacle_detector::ObstacleDetector<PointT>::obstacleTracking(const std::vector<Box>&, std::vector<Box>&, float, float) [with PointT = pcl::PointXYZ][m[K’
[28.726s] [01m[K/home/mm/longshan11_6/src/lidar_processing/src/Processing_lidar.cpp:150:102:[m[K   required from here
[28.726s] [01m[K/home/mm/longshan11_6/src/lidar_processing/src/obstacle_detector.hpp:446:21:[m[K [01;35m[Kwarning: [m[Kcomparison of integer expressions of different signedness: ‘[01m[Kint[m[K’ and ‘[01m[Kstd::vector<std::vector<int> >::size_type[m[K’ {aka ‘[01m[Klong unsigned int[m[K’} [[01;35m[K-Wsign-compare[m[K]
[28.726s]   446 |   for (int i = 0; [01;35m[Ki < connection_matrix.size()[m[K; ++i)
[28.726s]       |                   [01;35m[K~~^~~~~~~~~~~~~~~~~~~~~~~~~~[m[K
[28.726s] /home/mm/longshan11_6/src/lidar_processing/src/obstacle_detector.hpp: In instantiation of ‘[01m[Kint lidar_obstacle_detector::ObstacleDetector<PointT>::searchBoxIndex(const std::vector<Box>&, int) [with PointT = pcl::PointXYZ][m[K’:
[28.726s] [01m[K/home/mm/longshan11_6/src/lidar_processing/src/obstacle_detector.hpp:311:30:[m[K   required from ‘[01m[Kvoid lidar_obstacle_detector::ObstacleDetector<PointT>::obstacleTracking(const std::vector<Box>&, std::vector<Box>&, float, float) [with PointT = pcl::PointXYZ][m[K’
[28.727s] [01m[K/home/mm/longshan11_6/src/lidar_processing/src/Processing_lidar.cpp:150:102:[m[K   required from here
[28.727s] [01m[K/home/mm/longshan11_6/src/lidar_processing/src/obstacle_detector.hpp:460:21:[m[K [01;35m[Kwarning: [m[Kcomparison of integer expressions of different signedness: ‘[01m[Kint[m[K’ and ‘[01m[Kstd::vector<Box>::size_type[m[K’ {aka ‘[01m[Klong unsigned int[m[K’} [[01;35m[K-Wsign-compare[m[K]
[28.727s]   460 |   for (int i = 0; [01;35m[Ki < boxes.size()[m[K; i++)
[28.727s]       |                   [01;35m[K~~^~~~~~~~~~~~~~[m[K
[31.490s] /home/mm/longshan11_6/src/lidar_processing/src/obstacle_detector.hpp: In instantiation of ‘[01m[Kbool lidar_obstacle_detector::ObstacleDetector<PointT>::hungarianFind(int, const std::vector<std::vector<int> >&, std::vector<bool, std::allocator<bool> >&, std::vector<int>&) [with PointT = pcl::PointXYZ][m[K’:
[31.490s] [01m[K/home/mm/longshan11_6/src/lidar_processing/src/obstacle_detector.hpp:448:9:[m[K   required from ‘[01m[Kstd::vector<int> lidar_obstacle_detector::ObstacleDetector<PointT>::hungarian(const std::vector<std::vector<int> >&) [with PointT = pcl::PointXYZ][m[K’
[31.491s] [01m[K/home/mm/longshan11_6/src/lidar_processing/src/obstacle_detector.hpp:305:15:[m[K   required from ‘[01m[Kvoid lidar_obstacle_detector::ObstacleDetector<PointT>::obstacleTracking(const std::vector<Box>&, std::vector<Box>&, float, float) [with PointT = pcl::PointXYZ][m[K’
[31.491s] [01m[K/home/mm/longshan11_6/src/lidar_processing/src/Processing_lidar.cpp:150:102:[m[K   required from here
[31.491s] [01m[K/home/mm/longshan11_6/src/lidar_processing/src/obstacle_detector.hpp:424:21:[m[K [01;35m[Kwarning: [m[Kcomparison of integer expressions of different signedness: ‘[01m[Kint[m[K’ and ‘[01m[Kstd::vector<int>::size_type[m[K’ {aka ‘[01m[Klong unsigned int[m[K’} [[01;35m[K-Wsign-compare[m[K]
[31.491s]   424 |   for (int j = 0; [01;35m[Kj < connection_matrix[0].size()[m[K; ++j)
[31.491s]       |                   [01;35m[K~~^~~~~~~~~~~~~~~~~~~~~~~~~~~~~[m[K
