[0.049s] Invoking command in '/home/mm/longshan11_6/build/dipgseg': CMAKE_PREFIX_PATH=/opt/ros/foxy /usr/bin/cmake /home/mm/longshan11_6/src/voxel_dipgseg -DCMAKE_INSTALL_PREFIX=/home/mm/longshan11_6/install/dipgseg
[0.337s] -- The C compiler identification is GNU 9.4.0
[0.579s] -- The CXX compiler identification is GNU 9.4.0
[0.593s] -- Check for working C compiler: /usr/bin/cc
[0.745s] -- Check for working C compiler: /usr/bin/cc -- works
[0.746s] -- Detecting C compiler ABI info
[0.863s] -- Detecting C compiler ABI info - done
[0.879s] -- Detecting C compile features
[0.880s] -- Detecting C compile features - done
[0.885s] -- Check for working CXX compiler: /usr/bin/c++
[1.024s] -- Check for working CXX compiler: /usr/bin/c++ -- works
[1.026s] -- Detecting CXX compiler ABI info
[1.162s] -- Detecting CXX compiler ABI info - done
[1.190s] -- Detecting CXX compile features
[1.193s] -- Detecting CXX compile features - done
[1.198s] -- Found ament_cmake: 0.9.12 (/opt/ros/foxy/share/ament_cmake/cmake)
[1.249s] -- Found PythonInterp: /usr/bin/python3 (found suitable version "3.8.10", minimum required is "3") 
[1.249s] -- Using PYTHON_EXECUTABLE: /usr/bin/python3
[1.654s] -- Found rclcpp: 2.4.3 (/opt/ros/foxy/share/rclcpp/cmake)
[1.764s] -- Using all available rosidl_typesupport_c: rosidl_typesupport_fastrtps_c;rosidl_typesupport_introspection_c
[1.778s] -- Found rosidl_adapter: 1.3.1 (/opt/ros/foxy/share/rosidl_adapter/cmake)
[1.916s] -- Found OpenSSL: /usr/lib/x86_64-linux-gnu/libcrypto.so (found version "1.1.1f")  
[1.949s] -- Found FastRTPS: /opt/ros/foxy/include  
[2.073s] -- Using all available rosidl_typesupport_cpp: rosidl_typesupport_fastrtps_cpp;rosidl_typesupport_introspection_cpp
[2.204s] -- Found rmw_implementation_cmake: 1.0.4 (/opt/ros/foxy/share/rmw_implementation_cmake/cmake)
[2.209s] -- Using RMW implementation 'rmw_fastrtps_cpp' as default
[2.213s] -- Looking for pthread.h
[2.379s] -- Looking for pthread.h - found
[2.380s] -- Performing Test CMAKE_HAVE_LIBC_PTHREAD
[2.545s] -- Performing Test CMAKE_HAVE_LIBC_PTHREAD - Failed
[2.546s] -- Looking for pthread_create in pthreads
[2.692s] -- Looking for pthread_create in pthreads - not found
[2.693s] -- Looking for pthread_create in pthread
[2.867s] -- Looking for pthread_create in pthread - found
[2.868s] -- Found Threads: TRUE  
[3.191s] -- Found sensor_msgs: 2.0.5 (/opt/ros/foxy/share/sensor_msgs/cmake)
[3.496s] -- Checking for module 'eigen3'
[3.582s] --   Found eigen3, version 3.3.7
[3.757s] -- Found Eigen: /usr/include/eigen3 (Required is at least version "3.1") 
[3.757s] -- Eigen found (include: /usr/include/eigen3, version: 3.3.7)
[3.958s] -- Found Boost: /usr/include (found suitable version "1.71.0", minimum required is "1.55.0") found components: system filesystem date_time iostreams regex 
[3.993s] -- Checking for module 'flann'
[4.082s] --   Found flann, version 1.9.1
[4.340s] -- Found FLANN: /usr/lib/x86_64-linux-gnu/libflann_cpp.so  
[4.656s] -- The imported target "vtkParseOGLExt" references the file
[4.656s]    "/usr/bin/vtkParseOGLExt-7.1"
[4.657s] but this file does not exist.  Possible reasons include:
[4.657s] * The file was deleted, renamed, or moved to another location.
[4.658s] * An install or uninstall procedure did not complete successfully.
[4.658s] * The installation package was faulty and contained
[4.658s]    "/usr/lib/cmake/vtk-7.1/VTKTargets.cmake"
[4.659s] but not all the files it references.
[4.659s] 
[4.667s] -- The imported target "vtkRenderingPythonTkWidgets" references the file
[4.667s]    "/usr/lib/x86_64-linux-gnu/libvtkRenderingPythonTkWidgets.so"
[4.668s] but this file does not exist.  Possible reasons include:
[4.668s] * The file was deleted, renamed, or moved to another location.
[4.668s] * An install or uninstall procedure did not complete successfully.
[4.668s] * The installation package was faulty and contained
[4.668s]    "/usr/lib/cmake/vtk-7.1/VTKTargets.cmake"
[4.668s] but not all the files it references.
[4.669s] 
[4.679s] -- The imported target "vtk" references the file
[4.680s]    "/usr/bin/vtk"
[4.680s] but this file does not exist.  Possible reasons include:
[4.681s] * The file was deleted, renamed, or moved to another location.
[4.681s] * An install or uninstall procedure did not complete successfully.
[4.681s] * The installation package was faulty and contained
[4.681s]    "/usr/lib/cmake/vtk-7.1/VTKTargets.cmake"
[4.682s] but not all the files it references.
[4.682s] 
[4.683s] -- The imported target "pvtk" references the file
[4.683s]    "/usr/bin/pvtk"
[4.683s] but this file does not exist.  Possible reasons include:
[4.684s] * The file was deleted, renamed, or moved to another location.
[4.684s] * An install or uninstall procedure did not complete successfully.
[4.684s] * The installation package was faulty and contained
[4.685s]    "/usr/lib/cmake/vtk-7.1/VTKTargets.cmake"
[4.685s] but not all the files it references.
[4.685s] 
[4.850s] -- Checking for module 'libusb-1.0'
[4.997s] --   Found libusb-1.0, version 1.0.23
[5.236s] -- Found USB_10: /usr/lib/x86_64-linux-gnu/libusb-1.0.so  
[5.727s] -- Found OpenNI: /usr/lib/libOpenNI.so  
[5.727s] -- OpenNI found (include: /usr/include/ni, lib: /usr/lib/libOpenNI.so)
[6.248s] -- Found OpenNI2: /usr/lib/libOpenNI2.so  
[6.248s] -- OpenNI2 found (include: /usr/include/openni2, lib: /usr/lib/libOpenNI2.so)
[6.249s] ** WARNING ** io features related to pcap will be disabled
[6.249s] ** WARNING ** io features related to png will be disabled
[6.321s] -- Found libusb-1.0: /usr/include  
[6.323s] ** WARNING ** io features related to libusb-1.0 will be disabled
[6.342s] -- OpenNI found (include: /usr/include/ni, lib: /usr/lib/libOpenNI.so)
[6.376s] -- OpenNI2 found (include: /usr/include/openni2, lib: /usr/lib/libOpenNI2.so)
[6.558s] -- Found Qhull: optimized;/usr/lib/x86_64-linux-gnu/libqhull.so;debug;/usr/lib/x86_64-linux-gnu/libqhull.so  
[6.559s] -- QHULL found (include: /usr/include, lib: optimized;/usr/lib/x86_64-linux-gnu/libqhull.so;debug;/usr/lib/x86_64-linux-gnu/libqhull.so)
[6.601s] -- OpenNI found (include: /usr/include/ni, lib: /usr/lib/libOpenNI.so)
[6.689s] -- looking for PCL_COMMON
[6.720s] -- Found PCL_COMMON: /usr/lib/x86_64-linux-gnu/libpcl_common.so  
[6.720s] -- looking for PCL_KDTREE
[6.783s] -- Found PCL_KDTREE: /usr/lib/x86_64-linux-gnu/libpcl_kdtree.so  
[6.783s] -- looking for PCL_OCTREE
[6.807s] -- Found PCL_OCTREE: /usr/lib/x86_64-linux-gnu/libpcl_octree.so  
[6.807s] -- looking for PCL_SEARCH
[6.843s] -- Found PCL_SEARCH: /usr/lib/x86_64-linux-gnu/libpcl_search.so  
[6.843s] -- looking for PCL_SAMPLE_CONSENSUS
[6.843s] -- Found PCL_SAMPLE_CONSENSUS: /usr/lib/x86_64-linux-gnu/libpcl_sample_consensus.so  
[6.844s] -- looking for PCL_FILTERS
[6.861s] -- Found PCL_FILTERS: /usr/lib/x86_64-linux-gnu/libpcl_filters.so  
[6.862s] -- looking for PCL_2D
[6.862s] -- Found PCL_2D: /usr/include/pcl-1.10  
[6.863s] -- looking for PCL_GEOMETRY
[6.904s] -- Found PCL_GEOMETRY: /usr/include/pcl-1.10  
[6.904s] -- looking for PCL_IO
[6.934s] -- Found PCL_IO: /usr/lib/x86_64-linux-gnu/libpcl_io.so  
[6.935s] -- looking for PCL_FEATURES
[6.970s] -- Found PCL_FEATURES: /usr/lib/x86_64-linux-gnu/libpcl_features.so  
[6.971s] -- looking for PCL_ML
[6.973s] -- Found PCL_ML: /usr/lib/x86_64-linux-gnu/libpcl_ml.so  
[6.984s] -- looking for PCL_SEGMENTATION
[6.997s] -- Found PCL_SEGMENTATION: /usr/lib/x86_64-linux-gnu/libpcl_segmentation.so  
[7.008s] -- looking for PCL_VISUALIZATION
[7.029s] -- Found PCL_VISUALIZATION: /usr/lib/x86_64-linux-gnu/libpcl_visualization.so  
[7.040s] -- looking for PCL_SURFACE
[7.042s] -- Found PCL_SURFACE: /usr/lib/x86_64-linux-gnu/libpcl_surface.so  
[7.053s] -- looking for PCL_REGISTRATION
[7.061s] -- Found PCL_REGISTRATION: /usr/lib/x86_64-linux-gnu/libpcl_registration.so  
[7.076s] -- looking for PCL_KEYPOINTS
[7.096s] -- Found PCL_KEYPOINTS: /usr/lib/x86_64-linux-gnu/libpcl_keypoints.so  
[7.108s] -- looking for PCL_TRACKING
[7.110s] -- Found PCL_TRACKING: /usr/lib/x86_64-linux-gnu/libpcl_tracking.so  
[7.118s] -- looking for PCL_RECOGNITION
[7.125s] -- Found PCL_RECOGNITION: /usr/lib/x86_64-linux-gnu/libpcl_recognition.so  
[7.136s] -- looking for PCL_STEREO
[7.160s] -- Found PCL_STEREO: /usr/lib/x86_64-linux-gnu/libpcl_stereo.so  
[7.168s] -- looking for PCL_APPS
[7.190s] -- Found PCL_APPS: /usr/lib/x86_64-linux-gnu/libpcl_apps.so  
[7.203s] -- looking for PCL_IN_HAND_SCANNER
[7.209s] -- Found PCL_IN_HAND_SCANNER: /usr/include/pcl-1.10  
[7.209s] -- looking for PCL_POINT_CLOUD_EDITOR
[7.235s] -- Found PCL_POINT_CLOUD_EDITOR: /usr/include/pcl-1.10  
[7.236s] -- looking for PCL_OUTOFCORE
[7.236s] -- Found PCL_OUTOFCORE: /usr/lib/x86_64-linux-gnu/libpcl_outofcore.so  
[7.236s] -- looking for PCL_PEOPLE
[7.236s] -- Found PCL_PEOPLE: /usr/lib/x86_64-linux-gnu/libpcl_people.so  
[7.239s] -- Found PCL: pcl_common;pcl_kdtree;pcl_octree;pcl_search;pcl_sample_consensus;pcl_filters;pcl_io;pcl_features;pcl_ml;pcl_segmentation;pcl_visualization;pcl_surface;pcl_registration;pcl_keypoints;pcl_tracking;pcl_recognition;pcl_stereo;pcl_apps;pcl_outofcore;pcl_people;/usr/lib/x86_64-linux-gnu/libboost_system.so;/usr/lib/x86_64-linux-gnu/libboost_filesystem.so;/usr/lib/x86_64-linux-gnu/libboost_date_time.so;/usr/lib/x86_64-linux-gnu/libboost_iostreams.so;/usr/lib/x86_64-linux-gnu/libboost_regex.so;optimized;/usr/lib/x86_64-linux-gnu/libqhull.so;debug;/usr/lib/x86_64-linux-gnu/libqhull.so;/usr/lib/libOpenNI.so;/usr/lib/libOpenNI2.so;vtkChartsCore;vtkCommonColor;vtkCommonCore;vtksys;vtkCommonDataModel;vtkCommonMath;vtkCommonMisc;vtkCommonSystem;vtkCommonTransforms;vtkCommonExecutionModel;vtkFiltersGeneral;vtkCommonComputationalGeometry;vtkFiltersCore;vtkInfovisCore;vtkFiltersExtraction;vtkFiltersStatistics;vtkImagingFourier;vtkImagingCore;vtkalglib;vtkRenderingContext2D;vtkRenderingCore;vtkFiltersGeometry;vtkFiltersSources;vtkRenderingFreeType;/usr/lib/x86_64-linux-gnu/libfreetype.so;/usr/lib/x86_64-linux-gnu/libz.so;vtkFiltersModeling;vtkImagingSources;vtkInteractionStyle;vtkInteractionWidgets;vtkFiltersHybrid;vtkImagingColor;vtkImagingGeneral;vtkImagingHybrid;vtkIOImage;vtkDICOMParser;vtkmetaio;/usr/lib/x86_64-linux-gnu/libjpeg.so;/usr/lib/x86_64-linux-gnu/libpng.so;/usr/lib/x86_64-linux-gnu/libtiff.so;vtkRenderingAnnotation;vtkRenderingVolume;vtkIOXML;vtkIOCore;vtkIOXMLParser;/usr/lib/x86_64-linux-gnu/libexpat.so;vtkIOGeometry;vtkIOLegacy;vtkIOPLY;vtkRenderingLOD;vtkViewsContext2D;vtkViewsCore;vtkRenderingContextOpenGL2;vtkRenderingOpenGL2;FLANN::FLANN  
[7.333s] -- Found OpenCV: /usr (found version "4.2.0") 
[7.359s] -- Found Boost: /usr/include (found suitable version "1.71.0", minimum required is "1.54")  
[7.799s] -- Configuring done
[8.167s] -- Generating done
[8.182s] -- Build files have been written to: /home/mm/longshan11_6/build/dipgseg
[8.227s] Invoked command in '/home/mm/longshan11_6/build/dipgseg' returned '0': CMAKE_PREFIX_PATH=/opt/ros/foxy /usr/bin/cmake /home/mm/longshan11_6/src/voxel_dipgseg -DCMAKE_INSTALL_PREFIX=/home/mm/longshan11_6/install/dipgseg
[8.229s] Invoking command in '/home/mm/longshan11_6/build/dipgseg': CMAKE_PREFIX_PATH=/opt/ros/foxy /usr/bin/cmake --build /home/mm/longshan11_6/build/dipgseg -- -j4 -l4
[8.502s] [35m[1mScanning dependencies of target demo_node[0m
[9.100s] [ 50%] [32mBuilding CXX object CMakeFiles/demo_node.dir/src/demo.cpp.o[0m
[39.050s] [01m[K/home/mm/longshan11_6/src/voxel_dipgseg/src/demo.cpp:48:74:[m[K [01;35m[Kwarning: [m[K‘[01m[Ksensor_msgs::msg::PointCloud2_<std::allocator<void> >::ConstPtr[m[K’ is deprecated [[01;35m[K-Wdeprecated-declarations[m[K]
[39.051s]    48 |     void callback(const sensor_msgs::msg::PointCloud2::ConstPtr cloud_msg[01;35m[K)[m[K{
[39.051s]       |                                                                          [01;35m[K^[m[K
[39.055s] In file included from [01m[K/opt/ros/foxy/include/sensor_msgs/msg/point_cloud2.hpp:7[m[K,
[39.055s]                  from [01m[K/opt/ros/foxy/include/pcl_conversions/pcl_conversions.h:58[m[K,
[39.055s]                  from [01m[K/home/mm/longshan11_6/src/voxel_dipgseg/src/utils/evaluate.h:2[m[K,
[39.055s]                  from [01m[K/home/mm/longshan11_6/src/voxel_dipgseg/src/demo.cpp:2[m[K:
[39.055s] [01m[K/opt/ros/foxy/include/sensor_msgs/msg/detail/point_cloud2__struct.hpp:193:5:[m[K [01;36m[Knote: [m[Kdeclared here
[39.055s]   193 |     [01;36m[KConstPtr[m[K;
[39.055s]       |     [01;36m[K^~~~~~~~[m[K
[62.774s] [100%] [32m[1mLinking CXX executable demo_node[0m
[65.350s] [100%] Built target demo_node
[65.445s] Invoked command in '/home/mm/longshan11_6/build/dipgseg' returned '0': CMAKE_PREFIX_PATH=/opt/ros/foxy /usr/bin/cmake --build /home/mm/longshan11_6/build/dipgseg -- -j4 -l4
[65.500s] Invoking command in '/home/mm/longshan11_6/build/dipgseg': CMAKE_PREFIX_PATH=/opt/ros/foxy /usr/bin/cmake --install /home/mm/longshan11_6/build/dipgseg
[65.536s] -- Install configuration: ""
[65.536s] -- Installing: /home/mm/longshan11_6/install/dipgseg/lib/dipgseg/demo_node
[65.540s] -- Set runtime path of "/home/mm/longshan11_6/install/dipgseg/lib/dipgseg/demo_node" to ""
[65.541s] -- Installing: /home/mm/longshan11_6/install/dipgseg/share/dipgseg/launch
[65.541s] -- Installing: /home/mm/longshan11_6/install/dipgseg/share/dipgseg/launch/run.launch.py
[65.544s] -- Installing: /home/mm/longshan11_6/install/dipgseg/share/ament_index/resource_index/package_run_dependencies/dipgseg
[65.545s] -- Installing: /home/mm/longshan11_6/install/dipgseg/share/ament_index/resource_index/parent_prefix_path/dipgseg
[65.545s] -- Installing: /home/mm/longshan11_6/install/dipgseg/share/dipgseg/environment/ament_prefix_path.sh
[65.546s] -- Installing: /home/mm/longshan11_6/install/dipgseg/share/dipgseg/environment/ament_prefix_path.dsv
[65.546s] -- Installing: /home/mm/longshan11_6/install/dipgseg/share/dipgseg/environment/path.sh
[65.546s] -- Installing: /home/mm/longshan11_6/install/dipgseg/share/dipgseg/environment/path.dsv
[65.547s] -- Installing: /home/mm/longshan11_6/install/dipgseg/share/dipgseg/local_setup.bash
[65.548s] -- Installing: /home/mm/longshan11_6/install/dipgseg/share/dipgseg/local_setup.sh
[65.548s] -- Installing: /home/mm/longshan11_6/install/dipgseg/share/dipgseg/local_setup.zsh
[65.549s] -- Installing: /home/mm/longshan11_6/install/dipgseg/share/dipgseg/local_setup.dsv
[65.550s] -- Installing: /home/mm/longshan11_6/install/dipgseg/share/dipgseg/package.dsv
[65.551s] -- Installing: /home/mm/longshan11_6/install/dipgseg/share/ament_index/resource_index/packages/dipgseg
[65.551s] -- Installing: /home/mm/longshan11_6/install/dipgseg/share/dipgseg/cmake/dipgsegConfig.cmake
[65.552s] -- Installing: /home/mm/longshan11_6/install/dipgseg/share/dipgseg/cmake/dipgsegConfig-version.cmake
[65.552s] -- Installing: /home/mm/longshan11_6/install/dipgseg/share/dipgseg/package.xml
[65.556s] Invoked command in '/home/mm/longshan11_6/build/dipgseg' returned '0': CMAKE_PREFIX_PATH=/opt/ros/foxy /usr/bin/cmake --install /home/mm/longshan11_6/build/dipgseg
