[35m[1mScanning dependencies of target control_node[0m
[  7%] [32mBuilding CXX object CMakeFiles/control_node.dir/src/KineMPCControler.cpp.o[0m
[01m[K/home/mm/longshan12_2/src/control/src/KineMPCControler.cpp:[m[K In constructor ‘[01m[KKineMPCController::KineMPCController()[m[K’:
[01m[K/home/mm/longshan12_2/src/control/src/KineMPCControler.cpp:11:12:[m[K [01;35m[Kwarning: [m[Kunused variable ‘[01m[Kthetar[m[K’ [[01;35m[K-Wunused-variable[m[K]
   11 |     double [01;35m[Kthetar[m[K = 0;
      |            [01;35m[K^~~~~~[m[K
[01m[K/home/mm/longshan12_2/src/control/src/KineMPCControler.cpp:12:12:[m[K [01;35m[Kwarning: [m[Kunused variable ‘[01m[Kvr[m[K’ [[01;35m[K-Wunused-variable[m[K]
   12 |     double [01;35m[Kvr[m[K = 0;
      |            [01;35m[K^~[m[K
[01m[K/home/mm/longshan12_2/src/control/src/KineMPCControler.cpp:13:12:[m[K [01;35m[Kwarning: [m[Kunused variable ‘[01m[Kdeltar[m[K’ [[01;35m[K-Wunused-variable[m[K]
   13 |     double [01;35m[Kdeltar[m[K = 0;
      |            [01;35m[K^~~~~~[m[K
[01m[K/home/mm/longshan12_2/src/control/src/KineMPCControler.cpp:[m[K In member function ‘[01m[Kvoid KineMPCController::UpdateMatrix(std::tuple<double, double, double, double>&, std::tuple<double, double, double, double>&)[m[K’:
[01m[K/home/mm/longshan12_2/src/control/src/KineMPCControler.cpp:65:79:[m[K [01;35m[Kwarning: [m[Kunused parameter ‘[01m[Kstate[m[K’ [[01;35m[K-Wunused-parameter[m[K]
   65 | roller::UpdateMatrix([01;35m[Kstd::tuple<double,double,double,double> &state[m[K,
      |                      [01;35m[K~~~~~~~~~~~~~~~~~~~~~~~~~~~~~~~~~~~~~~~~~^~~~~[m[K

In file included from [01m[K/home/mm/longshan12_2/src/control/./include/KineMPCControler.h:10[m[K,
                 from [01m[K/home/mm/longshan12_2/src/control/src/KineMPCControler.cpp:4[m[K:
[01m[K/home/mm/longshan12_2/src/control/./include/controlmath.h:[m[K At global scope:
[01m[K/home/mm/longshan12_2/src/control/./include/controlmath.h:10:19:[m[K [01;35m[Kwarning: [m[Kinline function ‘[01m[Kdouble control_math::NormalizeAngle(double)[m[K’ used but never defined
   10 |     inline double [01;35m[KNormalizeAngle[m[K(double angle) ;
      |                   [01;35m[K^~~~~~~~~~~~~~[m[K
[ 14%] [32m[1mLinking CXX executable control_node[0m
[100%] Built target control_node
-- Install configuration: ""
-- Installing: /home/mm/longshan12_2/install/control/lib/control/control_node
-- Set runtime path of "/home/mm/longshan12_2/install/control/lib/control/control_node" to ""
-- Up-to-date: /home/mm/longshan12_2/install/control/share/control/launch
-- Up-to-date: /home/mm/longshan12_2/install/control/share/control/launch/control.launch.py
-- Up-to-date: /home/mm/longshan12_2/install/control/share/ament_index/resource_index/package_run_dependencies/control
-- Up-to-date: /home/mm/longshan12_2/install/control/share/ament_index/resource_index/parent_prefix_path/control
-- Up-to-date: /home/mm/longshan12_2/install/control/share/control/environment/ament_prefix_path.sh
-- Up-to-date: /home/mm/longshan12_2/install/control/share/control/environment/ament_prefix_path.dsv
-- Up-to-date: /home/mm/longshan12_2/install/control/share/control/environment/path.sh
-- Up-to-date: /home/mm/longshan12_2/install/control/share/control/environment/path.dsv
-- Up-to-date: /home/mm/longshan12_2/install/control/share/control/local_setup.bash
-- Up-to-date: /home/mm/longshan12_2/install/control/share/control/local_setup.sh
-- Up-to-date: /home/mm/longshan12_2/install/control/share/control/local_setup.zsh
-- Up-to-date: /home/mm/longshan12_2/install/control/share/control/local_setup.dsv
-- Installing: /home/mm/longshan12_2/install/control/share/control/package.dsv
-- Up-to-date: /home/mm/longshan12_2/install/control/share/ament_index/resource_index/packages/control
-- Up-to-date: /home/mm/longshan12_2/install/control/share/control/cmake/controlConfig.cmake
-- Up-to-date: /home/mm/longshan12_2/install/control/share/control/cmake/controlConfig-version.cmake
-- Up-to-date: /home/mm/longshan12_2/install/control/share/control/package.xml
