[0.042s] Invoking command in '/home/mm/longshan12_2/build/vehicle_urdf': CMAKE_PREFIX_PATH=/opt/ros/foxy /usr/bin/cmake --build /home/mm/longshan12_2/build/vehicle_urdf -- -j4 -l4
[0.143s] Invoked command in '/home/mm/longshan12_2/build/vehicle_urdf' returned '0': CMAKE_PREFIX_PATH=/opt/ros/foxy /usr/bin/cmake --build /home/mm/longshan12_2/build/vehicle_urdf -- -j4 -l4
[0.187s] Invoking command in '/home/mm/longshan12_2/build/vehicle_urdf': CMAKE_PREFIX_PATH=/opt/ros/foxy /usr/bin/cmake --install /home/mm/longshan12_2/build/vehicle_urdf
[0.202s] -- Install configuration: ""
[0.203s] -- Up-to-date: /home/mm/longshan12_2/install/vehicle_urdf/share/vehicle_urdf//urdf
[0.205s] -- Up-to-date: /home/mm/longshan12_2/install/vehicle_urdf/share/vehicle_urdf//urdf/vehicle.urdf
[0.209s] -- Up-to-date: /home/mm/longshan12_2/install/vehicle_urdf/share/ament_index/resource_index/package_run_dependencies/vehicle_urdf
[0.211s] -- Up-to-date: /home/mm/longshan12_2/install/vehicle_urdf/share/ament_index/resource_index/parent_prefix_path/vehicle_urdf
[0.211s] -- Up-to-date: /home/mm/longshan12_2/install/vehicle_urdf/share/vehicle_urdf/environment/ament_prefix_path.sh
[0.212s] -- Up-to-date: /home/mm/longshan12_2/install/vehicle_urdf/share/vehicle_urdf/environment/ament_prefix_path.dsv
[0.214s] -- Up-to-date: /home/mm/longshan12_2/install/vehicle_urdf/share/vehicle_urdf/environment/path.sh
[0.215s] -- Up-to-date: /home/mm/longshan12_2/install/vehicle_urdf/share/vehicle_urdf/environment/path.dsv
[0.216s] -- Up-to-date: /home/mm/longshan12_2/install/vehicle_urdf/share/vehicle_urdf/local_setup.bash
[0.223s] -- Up-to-date: /home/mm/longshan12_2/install/vehicle_urdf/share/vehicle_urdf/local_setup.sh
[0.224s] -- Up-to-date: /home/mm/longshan12_2/install/vehicle_urdf/share/vehicle_urdf/local_setup.zsh
[0.224s] -- Up-to-date: /home/mm/longshan12_2/install/vehicle_urdf/share/vehicle_urdf/local_setup.dsv
[0.230s] -- Up-to-date: /home/mm/longshan12_2/install/vehicle_urdf/share/vehicle_urdf/package.dsv
[0.232s] -- Up-to-date: /home/mm/longshan12_2/install/vehicle_urdf/share/ament_index/resource_index/packages/vehicle_urdf
[0.233s] -- Up-to-date: /home/mm/longshan12_2/install/vehicle_urdf/share/vehicle_urdf/cmake/vehicle_urdfConfig.cmake
[0.234s] -- Up-to-date: /home/mm/longshan12_2/install/vehicle_urdf/share/vehicle_urdf/cmake/vehicle_urdfConfig-version.cmake
[0.235s] -- Up-to-date: /home/mm/longshan12_2/install/vehicle_urdf/share/vehicle_urdf/package.xml
[0.249s] Invoked command in '/home/mm/longshan12_2/build/vehicle_urdf' returned '0': CMAKE_PREFIX_PATH=/opt/ros/foxy /usr/bin/cmake --install /home/mm/longshan12_2/build/vehicle_urdf
