[01m[K/home/mm/longshan11_6/src/control/src/control_node.cpp:[m[K In member function ‘[01m[Kvoid control_node::gps_callback(std_msgs::msg::Float64MultiArray_<std::allocator<void> >::SharedPtr)[m[K’:
[01m[K/home/mm/longshan11_6/src/control/src/control_node.cpp:99:33:[m[K [01;35m[Kwarning: [m[Kunused variable ‘[01m[Kpre_index[m[K’ [[01;35m[K-Wunused-variable[m[K]
   99 |                             int [01;35m[Kpre_index[m[K = (index + 5) > (globalPath.cols()-1) ?
      |                                 [01;35m[K^~~~~~~~~[m[K
[01m[K/home/mm/longshan11_6/src/control/src/control_node.cpp:150:36:[m[K [01;35m[Kwarning: [m[Kunused variable ‘[01m[KdeltaX[m[K’ [[01;35m[K-Wunused-variable[m[K]
  150 |                             double [01;35m[KdeltaX[m[K =  dx;
      |                                    [01;35m[K^~~~~~[m[K
[01m[K/home/mm/longshan11_6/src/control/src/control_node.cpp:151:36:[m[K [01;35m[Kwarning: [m[Kunused variable ‘[01m[KdeltaY[m[K’ [[01;35m[K-Wunused-variable[m[K]
  151 |                             double [01;35m[KdeltaY[m[K =  dy;
      |                                    [01;35m[K^~~~~~[m[K
[01m[K/home/mm/longshan11_6/src/control/src/control_node.cpp:152:36:[m[K [01;35m[Kwarning: [m[Kunused variable ‘[01m[KdeltaYAW[m[K’ [[01;35m[K-Wunused-variable[m[K]
  152 |                             double [01;35m[KdeltaYAW[m[K = tool::normalizeAngle(tool::d2r(car(3)) - theta);
      |                                    [01;35m[K^~~~~~~~[m[K
[01m[K/home/mm/longshan11_6/src/control/src/control_node.cpp:170:43:[m[K [01;35m[Kwarning: [m[Kunused variable ‘[01m[Klast_sw[m[K’ [[01;35m[K-Wunused-variable[m[K]
  170 |                             static double [01;35m[Klast_sw[m[K = 0;
      |                                           [01;35m[K^~~~~~~[m[K
[01m[K/home/mm/longshan11_6/src/control/src/control_node.cpp:[m[K In member function ‘[01m[Kvoid control_node::timer_can_callback0()[m[K’:
[01m[K/home/mm/longshan11_6/src/control/src/control_node.cpp:294:32:[m[K [01;35m[Kwarning: [m[Kunused variable ‘[01m[Klocal_length[m[K’ [[01;35m[K-Wunused-variable[m[K]
  294 |                         double [01;35m[Klocal_length[m[K = optTrajxy.cols()*0.5;
      |                                [01;35m[K^~~~~~~~~~~~[m[K
