[0.066s] Invoking command in '/home/mm/longshan11_6/build/control': CMAKE_PREFIX_PATH=/opt/ros/foxy /usr/bin/cmake --build /home/mm/longshan11_6/build/control -- -j4 -l4
[0.377s] [35m[1mScanning dependencies of target control_node[0m
[0.544s] [  9%] [32mBuilding CXX object CMakeFiles/control_node.dir/src/control_node.cpp.o[0m
[6.453s] [01m[K/home/mm/longshan11_6/src/control/src/control_node.cpp:[m[K In member function ‘[01m[Kvoid control_node::gps_callback(std_msgs::msg::Float64MultiArray_<std::allocator<void> >::SharedPtr)[m[K’:
[6.453s] [01m[K/home/mm/longshan11_6/src/control/src/control_node.cpp:99:33:[m[K [01;35m[Kwarning: [m[Kunused variable ‘[01m[Kpre_index[m[K’ [[01;35m[K-Wunused-variable[m[K]
[6.453s]    99 |                             int [01;35m[Kpre_index[m[K = (index + 5) > (globalPath.cols()-1) ?
[6.453s]       |                                 [01;35m[K^~~~~~~~~[m[K
[6.453s] [01m[K/home/mm/longshan11_6/src/control/src/control_node.cpp:150:36:[m[K [01;35m[Kwarning: [m[Kunused variable ‘[01m[KdeltaX[m[K’ [[01;35m[K-Wunused-variable[m[K]
[6.453s]   150 |                             double [01;35m[KdeltaX[m[K =  dx;
[6.453s]       |                                    [01;35m[K^~~~~~[m[K
[6.453s] [01m[K/home/mm/longshan11_6/src/control/src/control_node.cpp:151:36:[m[K [01;35m[Kwarning: [m[Kunused variable ‘[01m[KdeltaY[m[K’ [[01;35m[K-Wunused-variable[m[K]
[6.454s]   151 |                             double [01;35m[KdeltaY[m[K =  dy;
[6.454s]       |                                    [01;35m[K^~~~~~[m[K
[6.454s] [01m[K/home/mm/longshan11_6/src/control/src/control_node.cpp:152:36:[m[K [01;35m[Kwarning: [m[Kunused variable ‘[01m[KdeltaYAW[m[K’ [[01;35m[K-Wunused-variable[m[K]
[6.454s]   152 |                             double [01;35m[KdeltaYAW[m[K = tool::normalizeAngle(tool::d2r(car(3)) - theta);
[6.454s]       |                                    [01;35m[K^~~~~~~~[m[K
[6.454s] [01m[K/home/mm/longshan11_6/src/control/src/control_node.cpp:170:43:[m[K [01;35m[Kwarning: [m[Kunused variable ‘[01m[Klast_sw[m[K’ [[01;35m[K-Wunused-variable[m[K]
[6.454s]   170 |                             static double [01;35m[Klast_sw[m[K = 0;
[6.454s]       |                                           [01;35m[K^~~~~~~[m[K
[6.478s] [01m[K/home/mm/longshan11_6/src/control/src/control_node.cpp:[m[K In member function ‘[01m[Kvoid control_node::timer_can_callback0()[m[K’:
[6.479s] [01m[K/home/mm/longshan11_6/src/control/src/control_node.cpp:294:32:[m[K [01;35m[Kwarning: [m[Kunused variable ‘[01m[Klocal_length[m[K’ [[01;35m[K-Wunused-variable[m[K]
[6.479s]   294 |                         double [01;35m[Klocal_length[m[K = optTrajxy.cols()*0.5;
[6.479s]       |                                [01;35m[K^~~~~~~~~~~~[m[K
[16.834s] [ 18%] [32m[1mLinking CXX executable control_node[0m
[18.738s] [100%] Built target control_node
[18.755s] Invoked command in '/home/mm/longshan11_6/build/control' returned '0': CMAKE_PREFIX_PATH=/opt/ros/foxy /usr/bin/cmake --build /home/mm/longshan11_6/build/control -- -j4 -l4
[18.814s] Invoking command in '/home/mm/longshan11_6/build/control': CMAKE_PREFIX_PATH=/opt/ros/foxy /usr/bin/cmake --install /home/mm/longshan11_6/build/control
[18.829s] -- Install configuration: ""
[18.832s] -- Installing: /home/mm/longshan11_6/install/control/lib/control/control_node
[18.848s] -- Set runtime path of "/home/mm/longshan11_6/install/control/lib/control/control_node" to ""
[18.848s] -- Up-to-date: /home/mm/longshan11_6/install/control/share/control/launch
[18.848s] -- Up-to-date: /home/mm/longshan11_6/install/control/share/control/launch/control.launch.py
[18.848s] -- Up-to-date: /home/mm/longshan11_6/install/control/share/ament_index/resource_index/package_run_dependencies/control
[18.849s] -- Up-to-date: /home/mm/longshan11_6/install/control/share/ament_index/resource_index/parent_prefix_path/control
[18.849s] -- Up-to-date: /home/mm/longshan11_6/install/control/share/control/environment/ament_prefix_path.sh
[18.849s] -- Up-to-date: /home/mm/longshan11_6/install/control/share/control/environment/ament_prefix_path.dsv
[18.849s] -- Up-to-date: /home/mm/longshan11_6/install/control/share/control/environment/path.sh
[18.849s] -- Up-to-date: /home/mm/longshan11_6/install/control/share/control/environment/path.dsv
[18.849s] -- Up-to-date: /home/mm/longshan11_6/install/control/share/control/local_setup.bash
[18.849s] -- Up-to-date: /home/mm/longshan11_6/install/control/share/control/local_setup.sh
[18.849s] -- Up-to-date: /home/mm/longshan11_6/install/control/share/control/local_setup.zsh
[18.850s] -- Up-to-date: /home/mm/longshan11_6/install/control/share/control/local_setup.dsv
[18.850s] -- Installing: /home/mm/longshan11_6/install/control/share/control/package.dsv
[18.850s] -- Up-to-date: /home/mm/longshan11_6/install/control/share/ament_index/resource_index/packages/control
[18.850s] -- Up-to-date: /home/mm/longshan11_6/install/control/share/control/cmake/controlConfig.cmake
[18.851s] -- Up-to-date: /home/mm/longshan11_6/install/control/share/control/cmake/controlConfig-version.cmake
[18.851s] -- Up-to-date: /home/mm/longshan11_6/install/control/share/control/package.xml
[18.855s] Invoked command in '/home/mm/longshan11_6/build/control' returned '0': CMAKE_PREFIX_PATH=/opt/ros/foxy /usr/bin/cmake --install /home/mm/longshan11_6/build/control
