[0.075s] Invoking command in '/home/mm/longshan12_2/build/global': CMAKE_PREFIX_PATH=/home/mm/longshan12_2/install/ros2_path_interfaces:/home/mm/longshan12_2/install/vehicle_urdf:/home/mm/longshan12_2/install/local:/home/mm/longshan12_2/install/global:/home/mm/longshan12_2/install/myrviz:/home/mm/longshan12_2/install/lidar_processing:/home/mm/longshan12_2/install/hmi:/home/mm/longshan12_2/install/gnss:/home/mm/longshan12_2/install/dipgseg:/home/mm/longshan12_2/install/control:/home/mm/longshan12_2/install/can:/home/mm/longshan12_2/install/draw_messages:/opt/ros/foxy LD_LIBRARY_PATH=/home/mm/longshan12_2/install/ros2_path_interfaces/lib:/home/mm/longshan12_2/install/gnss/lib:/usr/local/lib/libosqp.so:/usr/lib/x86_64-linux-gnu/gazebo-11/plugins:/opt/ros/foxy/opt/yaml_cpp_vendor/lib:/opt/ros/foxy/opt/rviz_ogre_vendor/lib:/opt/ros/foxy/lib/x86_64-linux-gnu:/opt/ros/foxy/lib:/usr/local/lib/libosqp.so /usr/bin/cmake --build /home/mm/longshan12_2/build/global -- -j4 -l4
[0.210s] [100%] Built target global_node
[0.228s] Invoked command in '/home/mm/longshan12_2/build/global' returned '0': CMAKE_PREFIX_PATH=/home/mm/longshan12_2/install/ros2_path_interfaces:/home/mm/longshan12_2/install/vehicle_urdf:/home/mm/longshan12_2/install/local:/home/mm/longshan12_2/install/global:/home/mm/longshan12_2/install/myrviz:/home/mm/longshan12_2/install/lidar_processing:/home/mm/longshan12_2/install/hmi:/home/mm/longshan12_2/install/gnss:/home/mm/longshan12_2/install/dipgseg:/home/mm/longshan12_2/install/control:/home/mm/longshan12_2/install/can:/home/mm/longshan12_2/install/draw_messages:/opt/ros/foxy LD_LIBRARY_PATH=/home/mm/longshan12_2/install/ros2_path_interfaces/lib:/home/mm/longshan12_2/install/gnss/lib:/usr/local/lib/libosqp.so:/usr/lib/x86_64-linux-gnu/gazebo-11/plugins:/opt/ros/foxy/opt/yaml_cpp_vendor/lib:/opt/ros/foxy/opt/rviz_ogre_vendor/lib:/opt/ros/foxy/lib/x86_64-linux-gnu:/opt/ros/foxy/lib:/usr/local/lib/libosqp.so /usr/bin/cmake --build /home/mm/longshan12_2/build/global -- -j4 -l4
[0.269s] Invoking command in '/home/mm/longshan12_2/build/global': CMAKE_PREFIX_PATH=/home/mm/longshan12_2/install/ros2_path_interfaces:/home/mm/longshan12_2/install/vehicle_urdf:/home/mm/longshan12_2/install/local:/home/mm/longshan12_2/install/global:/home/mm/longshan12_2/install/myrviz:/home/mm/longshan12_2/install/lidar_processing:/home/mm/longshan12_2/install/hmi:/home/mm/longshan12_2/install/gnss:/home/mm/longshan12_2/install/dipgseg:/home/mm/longshan12_2/install/control:/home/mm/longshan12_2/install/can:/home/mm/longshan12_2/install/draw_messages:/opt/ros/foxy LD_LIBRARY_PATH=/home/mm/longshan12_2/install/ros2_path_interfaces/lib:/home/mm/longshan12_2/install/gnss/lib:/usr/local/lib/libosqp.so:/usr/lib/x86_64-linux-gnu/gazebo-11/plugins:/opt/ros/foxy/opt/yaml_cpp_vendor/lib:/opt/ros/foxy/opt/rviz_ogre_vendor/lib:/opt/ros/foxy/lib/x86_64-linux-gnu:/opt/ros/foxy/lib:/usr/local/lib/libosqp.so /usr/bin/cmake --install /home/mm/longshan12_2/build/global
[0.282s] -- Install configuration: ""
[0.282s] -- Up-to-date: /home/mm/longshan12_2/install/global/lib/global/global_node
[0.282s] -- Up-to-date: /home/mm/longshan12_2/install/global/share/global/launch
[0.282s] -- Up-to-date: /home/mm/longshan12_2/install/global/share/global/launch/global.launch.py
[0.283s] -- Up-to-date: /home/mm/longshan12_2/install/global/share/ament_index/resource_index/package_run_dependencies/global
[0.283s] -- Up-to-date: /home/mm/longshan12_2/install/global/share/ament_index/resource_index/parent_prefix_path/global
[0.283s] -- Up-to-date: /home/mm/longshan12_2/install/global/share/global/environment/ament_prefix_path.sh
[0.283s] -- Up-to-date: /home/mm/longshan12_2/install/global/share/global/environment/ament_prefix_path.dsv
[0.283s] -- Up-to-date: /home/mm/longshan12_2/install/global/share/global/environment/path.sh
[0.283s] -- Up-to-date: /home/mm/longshan12_2/install/global/share/global/environment/path.dsv
[0.283s] -- Up-to-date: /home/mm/longshan12_2/install/global/share/global/local_setup.bash
[0.283s] -- Up-to-date: /home/mm/longshan12_2/install/global/share/global/local_setup.sh
[0.283s] -- Up-to-date: /home/mm/longshan12_2/install/global/share/global/local_setup.zsh
[0.283s] -- Up-to-date: /home/mm/longshan12_2/install/global/share/global/local_setup.dsv
[0.283s] -- Installing: /home/mm/longshan12_2/install/global/share/global/package.dsv
[0.290s] -- Up-to-date: /home/mm/longshan12_2/install/global/share/ament_index/resource_index/packages/global
[0.292s] -- Up-to-date: /home/mm/longshan12_2/install/global/share/global/cmake/globalConfig.cmake
[0.294s] -- Up-to-date: /home/mm/longshan12_2/install/global/share/global/cmake/globalConfig-version.cmake
[0.295s] -- Up-to-date: /home/mm/longshan12_2/install/global/share/global/package.xml
[0.295s] Invoked command in '/home/mm/longshan12_2/build/global' returned '0': CMAKE_PREFIX_PATH=/home/mm/longshan12_2/install/ros2_path_interfaces:/home/mm/longshan12_2/install/vehicle_urdf:/home/mm/longshan12_2/install/local:/home/mm/longshan12_2/install/global:/home/mm/longshan12_2/install/myrviz:/home/mm/longshan12_2/install/lidar_processing:/home/mm/longshan12_2/install/hmi:/home/mm/longshan12_2/install/gnss:/home/mm/longshan12_2/install/dipgseg:/home/mm/longshan12_2/install/control:/home/mm/longshan12_2/install/can:/home/mm/longshan12_2/install/draw_messages:/opt/ros/foxy LD_LIBRARY_PATH=/home/mm/longshan12_2/install/ros2_path_interfaces/lib:/home/mm/longshan12_2/install/gnss/lib:/usr/local/lib/libosqp.so:/usr/lib/x86_64-linux-gnu/gazebo-11/plugins:/opt/ros/foxy/opt/yaml_cpp_vendor/lib:/opt/ros/foxy/opt/rviz_ogre_vendor/lib:/opt/ros/foxy/lib/x86_64-linux-gnu:/opt/ros/foxy/lib:/usr/local/lib/libosqp.so /usr/bin/cmake --install /home/mm/longshan12_2/build/global
