[0.027s] Invoking command in '/home/mm/longshan11_6/build/local': AMENT_PREFIX_PATH=/home/mm/longshan11_6/install/ros2_path_interfaces:${AMENT_PREFIX_PATH} CMAKE_PREFIX_PATH=/home/mm/longshan11_6/install/ros2_path_interfaces:/opt/ros/foxy LD_LIBRARY_PATH=/home/mm/longshan11_6/install/ros2_path_interfaces/lib:/usr/lib/x86_64-linux-gnu/gazebo-11/plugins:/opt/ros/foxy/opt/yaml_cpp_vendor/lib:/opt/ros/foxy/opt/rviz_ogre_vendor/lib:/opt/ros/foxy/lib/x86_64-linux-gnu:/opt/ros/foxy/lib:/usr/local/lib/libosqp.so PYTHONPATH=/home/mm/longshan11_6/install/ros2_path_interfaces/lib/python3.8/site-packages:${PYTHONPATH} /usr/bin/cmake --build /home/mm/longshan11_6/build/local -- -j4 -l4
[0.239s] [35m[1mScanning dependencies of target local_node3[0m
[0.393s] [  5%] [32mBuilding CXX object CMakeFiles/local_node3.dir/src/local_node3.cpp.o[0m
[9.011s] In file included from [01m[K/home/mm/longshan11_6/src/local/./include/localFuns.h:5[m[K,
[9.012s]                  from [01m[K/home/mm/longshan11_6/src/local/src/local_node3.cpp:14[m[K:
[9.012s] [01m[K/home/mm/longshan11_6/src/local/./include/toolKits.h:64:19:[m[K [01;35m[Kwarning: [m[Kinline function ‘[01m[Kdouble tool::d2r(double)[m[K’ used but never defined
[9.012s]    64 |     inline double [01;35m[Kd2r[m[K(double theta);
[9.012s]       |                   [01;35m[K^~~[m[K
[17.258s] [ 11%] [32m[1mLinking CXX executable local_node3[0m
[19.105s] [100%] Built target local_node3
[19.123s] Invoked command in '/home/mm/longshan11_6/build/local' returned '0': AMENT_PREFIX_PATH=/home/mm/longshan11_6/install/ros2_path_interfaces:${AMENT_PREFIX_PATH} CMAKE_PREFIX_PATH=/home/mm/longshan11_6/install/ros2_path_interfaces:/opt/ros/foxy LD_LIBRARY_PATH=/home/mm/longshan11_6/install/ros2_path_interfaces/lib:/usr/lib/x86_64-linux-gnu/gazebo-11/plugins:/opt/ros/foxy/opt/yaml_cpp_vendor/lib:/opt/ros/foxy/opt/rviz_ogre_vendor/lib:/opt/ros/foxy/lib/x86_64-linux-gnu:/opt/ros/foxy/lib:/usr/local/lib/libosqp.so PYTHONPATH=/home/mm/longshan11_6/install/ros2_path_interfaces/lib/python3.8/site-packages:${PYTHONPATH} /usr/bin/cmake --build /home/mm/longshan11_6/build/local -- -j4 -l4
[19.206s] Invoking command in '/home/mm/longshan11_6/build/local': AMENT_PREFIX_PATH=/home/mm/longshan11_6/install/ros2_path_interfaces:${AMENT_PREFIX_PATH} CMAKE_PREFIX_PATH=/home/mm/longshan11_6/install/ros2_path_interfaces:/opt/ros/foxy LD_LIBRARY_PATH=/home/mm/longshan11_6/install/ros2_path_interfaces/lib:/usr/lib/x86_64-linux-gnu/gazebo-11/plugins:/opt/ros/foxy/opt/yaml_cpp_vendor/lib:/opt/ros/foxy/opt/rviz_ogre_vendor/lib:/opt/ros/foxy/lib/x86_64-linux-gnu:/opt/ros/foxy/lib:/usr/local/lib/libosqp.so PYTHONPATH=/home/mm/longshan11_6/install/ros2_path_interfaces/lib/python3.8/site-packages:${PYTHONPATH} /usr/bin/cmake --install /home/mm/longshan11_6/build/local
[19.220s] -- Install configuration: ""
[19.220s] -- Installing: /home/mm/longshan11_6/install/local/lib/local/local_node3
[19.231s] -- Set runtime path of "/home/mm/longshan11_6/install/local/lib/local/local_node3" to ""
[19.231s] -- Installing: /home/mm/longshan11_6/install/local/share/local/launch
[19.232s] -- Installing: /home/mm/longshan11_6/install/local/share/local/launch/local.launch.py
[19.232s] -- Installing: /home/mm/longshan11_6/install/local/share/ament_index/resource_index/package_run_dependencies/local
[19.233s] -- Installing: /home/mm/longshan11_6/install/local/share/ament_index/resource_index/parent_prefix_path/local
[19.234s] -- Installing: /home/mm/longshan11_6/install/local/share/local/environment/ament_prefix_path.sh
[19.234s] -- Installing: /home/mm/longshan11_6/install/local/share/local/environment/ament_prefix_path.dsv
[19.235s] -- Installing: /home/mm/longshan11_6/install/local/share/local/environment/path.sh
[19.235s] -- Installing: /home/mm/longshan11_6/install/local/share/local/environment/path.dsv
[19.235s] -- Installing: /home/mm/longshan11_6/install/local/share/local/local_setup.bash
[19.236s] -- Installing: /home/mm/longshan11_6/install/local/share/local/local_setup.sh
[19.237s] -- Installing: /home/mm/longshan11_6/install/local/share/local/local_setup.zsh
[19.237s] -- Installing: /home/mm/longshan11_6/install/local/share/local/local_setup.dsv
[19.238s] -- Installing: /home/mm/longshan11_6/install/local/share/local/package.dsv
[19.239s] -- Installing: /home/mm/longshan11_6/install/local/share/ament_index/resource_index/packages/local
[19.239s] -- Installing: /home/mm/longshan11_6/install/local/share/local/cmake/localConfig.cmake
[19.239s] -- Installing: /home/mm/longshan11_6/install/local/share/local/cmake/localConfig-version.cmake
[19.240s] -- Installing: /home/mm/longshan11_6/install/local/share/local/package.xml
[19.243s] Invoked command in '/home/mm/longshan11_6/build/local' returned '0': AMENT_PREFIX_PATH=/home/mm/longshan11_6/install/ros2_path_interfaces:${AMENT_PREFIX_PATH} CMAKE_PREFIX_PATH=/home/mm/longshan11_6/install/ros2_path_interfaces:/opt/ros/foxy LD_LIBRARY_PATH=/home/mm/longshan11_6/install/ros2_path_interfaces/lib:/usr/lib/x86_64-linux-gnu/gazebo-11/plugins:/opt/ros/foxy/opt/yaml_cpp_vendor/lib:/opt/ros/foxy/opt/rviz_ogre_vendor/lib:/opt/ros/foxy/lib/x86_64-linux-gnu:/opt/ros/foxy/lib:/usr/local/lib/libosqp.so PYTHONPATH=/home/mm/longshan11_6/install/ros2_path_interfaces/lib/python3.8/site-packages:${PYTHONPATH} /usr/bin/cmake --install /home/mm/longshan11_6/build/local
