[0.067s] Invoking command in '/home/mm/longshan12_2/build/control': CMAKE_PREFIX_PATH=/opt/ros/foxy /usr/bin/cmake --build /home/mm/longshan12_2/build/control -- -j4 -l4
[0.364s] [35m[1mScanning dependencies of target control_node[0m
[0.591s] [  7%] [32mBuilding CXX object CMakeFiles/control_node.dir/src/control_node.cpp.o[0m
[6.431s] [01m[K/home/mm/longshan12_2/src/control/src/control_node.cpp:[m[K In member function ‘[01m[Kvoid control_node::timer_can_callback0()[m[K’:
[6.431s] [01m[K/home/mm/longshan12_2/src/control/src/control_node.cpp:107:24:[m[K [01;35m[Kwarning: [m[Kunused variable ‘[01m[Kmin_long_dis[m[K’ [[01;35m[K-Wunused-variable[m[K]
[6.431s]   107 |                 double [01;35m[Kmin_long_dis[m[K = obs_lidar.row(0).minCoeff(&minCol);
[6.431s]       |                        [01;35m[K^~~~~~~~~~~~[m[K
[6.544s] [01m[K/home/mm/longshan12_2/src/control/src/control_node.cpp:[m[K In member function ‘[01m[Kdouble control_node::CalculateSteerAngle(const int&)[m[K’:
[6.545s] [01m[K/home/mm/longshan12_2/src/control/src/control_node.cpp:415:20:[m[K [01;35m[Kwarning: [m[Kunused variable ‘[01m[Kpreview_distance[m[K’ [[01;35m[K-Wunused-variable[m[K]
[6.545s]   415 |             double [01;35m[Kpreview_distance[m[K = preview_time * gpsS;
[6.545s]       |                    [01;35m[K^~~~~~~~~~~~~~~~[m[K
[6.545s] [01m[K/home/mm/longshan12_2/src/control/src/control_node.cpp:428:20:[m[K [01;35m[Kwarning: [m[Kunused variable ‘[01m[KdeltaX[m[K’ [[01;35m[K-Wunused-variable[m[K]
[6.545s]   428 |             double [01;35m[KdeltaX[m[K =  dx;
[6.545s]       |                    [01;35m[K^~~~~~[m[K
[6.545s] [01m[K/home/mm/longshan12_2/src/control/src/control_node.cpp:429:20:[m[K [01;35m[Kwarning: [m[Kunused variable ‘[01m[KdeltaY[m[K’ [[01;35m[K-Wunused-variable[m[K]
[6.545s]   429 |             double [01;35m[KdeltaY[m[K =  dy;
[6.545s]       |                    [01;35m[K^~~~~~[m[K
[6.545s] [01m[K/home/mm/longshan12_2/src/control/src/control_node.cpp:430:20:[m[K [01;35m[Kwarning: [m[Kunused variable ‘[01m[KdeltaYAW[m[K’ [[01;35m[K-Wunused-variable[m[K]
[6.545s]   430 |             double [01;35m[KdeltaYAW[m[K = tool::normalizeAngle(tool::d2r(car(3)) - theta);
[6.545s]       |                    [01;35m[K^~~~~~~~[m[K
[16.171s] [ 14%] [32m[1mLinking CXX executable control_node[0m
[18.338s] [100%] Built target control_node
[18.358s] Invoked command in '/home/mm/longshan12_2/build/control' returned '0': CMAKE_PREFIX_PATH=/opt/ros/foxy /usr/bin/cmake --build /home/mm/longshan12_2/build/control -- -j4 -l4
[18.421s] Invoking command in '/home/mm/longshan12_2/build/control': CMAKE_PREFIX_PATH=/opt/ros/foxy /usr/bin/cmake --install /home/mm/longshan12_2/build/control
[18.437s] -- Install configuration: ""
[18.449s] -- Installing: /home/mm/longshan12_2/install/control/lib/control/control_node
[18.463s] -- Set runtime path of "/home/mm/longshan12_2/install/control/lib/control/control_node" to ""
[18.470s] -- Up-to-date: /home/mm/longshan12_2/install/control/share/control/launch
[18.474s] -- Up-to-date: /home/mm/longshan12_2/install/control/share/control/launch/control.launch.py
[18.498s] -- Up-to-date: /home/mm/longshan12_2/install/control/share/ament_index/resource_index/package_run_dependencies/control
[18.502s] -- Up-to-date: /home/mm/longshan12_2/install/control/share/ament_index/resource_index/parent_prefix_path/control
[18.506s] -- Up-to-date: /home/mm/longshan12_2/install/control/share/control/environment/ament_prefix_path.sh
[18.507s] -- Up-to-date: /home/mm/longshan12_2/install/control/share/control/environment/ament_prefix_path.dsv
[18.507s] -- Up-to-date: /home/mm/longshan12_2/install/control/share/control/environment/path.sh
[18.507s] -- Up-to-date: /home/mm/longshan12_2/install/control/share/control/environment/path.dsv
[18.507s] -- Up-to-date: /home/mm/longshan12_2/install/control/share/control/local_setup.bash
[18.507s] -- Up-to-date: /home/mm/longshan12_2/install/control/share/control/local_setup.sh
[18.508s] -- Up-to-date: /home/mm/longshan12_2/install/control/share/control/local_setup.zsh
[18.508s] -- Up-to-date: /home/mm/longshan12_2/install/control/share/control/local_setup.dsv
[18.511s] -- Installing: /home/mm/longshan12_2/install/control/share/control/package.dsv
[18.521s] -- Up-to-date: /home/mm/longshan12_2/install/control/share/ament_index/resource_index/packages/control
[18.529s] -- Up-to-date: /home/mm/longshan12_2/install/control/share/control/cmake/controlConfig.cmake
[18.530s] -- Up-to-date: /home/mm/longshan12_2/install/control/share/control/cmake/controlConfig-version.cmake
[18.534s] -- Up-to-date: /home/mm/longshan12_2/install/control/share/control/package.xml
[18.538s] Invoked command in '/home/mm/longshan12_2/build/control' returned '0': CMAKE_PREFIX_PATH=/opt/ros/foxy /usr/bin/cmake --install /home/mm/longshan12_2/build/control
