-- The C compiler identification is GNU 9.4.0
-- The CXX compiler identification is GNU 9.4.0
-- Check for working C compiler: /usr/bin/cc
-- Check for working C compiler: /usr/bin/cc -- works
-- Detecting C compiler ABI info
-- Detecting C compiler ABI info - done
-- Detecting C compile features
-- Detecting C compile features - done
-- Check for working CXX compiler: /usr/bin/c++
-- Check for working CXX compiler: /usr/bin/c++ -- works
-- Detecting CXX compiler ABI info
-- Detecting CXX compiler ABI info - done
-- Detecting CXX compile features
-- Detecting CXX compile features - done
-- Found ament_cmake: 0.9.12 (/opt/ros/foxy/share/ament_cmake/cmake)
-- Found PythonInterp: /usr/bin/python3 (found suitable version "3.8.10", minimum required is "3") 
-- Using PYTHON_EXECUTABLE: /usr/bin/python3
-- Found rclcpp: 2.4.3 (/opt/ros/foxy/share/rclcpp/cmake)
-- Using all available rosidl_typesupport_c: rosidl_typesupport_fastrtps_c;rosidl_typesupport_introspection_c
-- Found rosidl_adapter: 1.3.1 (/opt/ros/foxy/share/rosidl_adapter/cmake)
-- Found OpenSSL: /usr/lib/x86_64-linux-gnu/libcrypto.so (found version "1.1.1f")  
-- Found FastRTPS: /opt/ros/foxy/include  
-- Using all available rosidl_typesupport_cpp: rosidl_typesupport_fastrtps_cpp;rosidl_typesupport_introspection_cpp
-- Found rmw_implementation_cmake: 1.0.4 (/opt/ros/foxy/share/rmw_implementation_cmake/cmake)
-- Using RMW implementation 'rmw_fastrtps_cpp' as default
-- Looking for pthread.h
-- Looking for pthread.h - found
-- Performing Test CMAKE_HAVE_LIBC_PTHREAD
-- Performing Test CMAKE_HAVE_LIBC_PTHREAD - Failed
-- Looking for pthread_create in pthreads
-- Looking for pthread_create in pthreads - not found
-- Looking for pthread_create in pthread
-- Looking for pthread_create in pthread - found
-- Found Threads: TRUE  
-- Found sensor_msgs: 2.0.5 (/opt/ros/foxy/share/sensor_msgs/cmake)
-- Found Boost: /usr/lib/x86_64-linux-gnu/cmake/Boost-1.71.0/BoostConfig.cmake (found suitable version "1.71.0", minimum required is "1.65.1") found components: thread 
-- Found OpenCV: /usr (found suitable version "4.2.0", minimum required is "4.2") 
-- Found ament_lint_auto: 0.9.8 (/opt/ros/foxy/share/ament_lint_auto/cmake)
-- Added test 'copyright' to check source files copyright and LICENSE
-- Added test 'cppcheck' to perform static code analysis on C / C++ code
-- Configured cppcheck include dirs: /home/mm/longshan12_2/src/hmi/include
-- Configured cppcheck exclude dirs and/or files: 
-- Added test 'cpplint' to check C / C++ code against the Google style
-- Configured cpplint exclude dirs and/or files: 
-- Added test 'flake8' to check Python code syntax and style conventions
-- Added test 'lint_cmake' to check CMake code style
-- Added test 'pep257' to check Python code against some of the style conventions in PEP 257
-- Added test 'uncrustify' to check C / C++ code style
-- Configured uncrustify additional arguments: 
-- Added test 'xmllint' to check XML markup files
-- Configuring done
-- Generating done
-- Build files have been written to: /home/mm/longshan12_2/build/hmi
[  2%] [34m[1mGenerating include/moc_toolKits.cpp[0m
[  4%] [34m[1mGenerating include/moc_mainwindow.cpp[0m
[  6%] [34m[1mGenerating include/moc_mmItem.cpp[0m
[  8%] [34m[1mGenerating include/moc_rclcomm.cpp[0m
[ 11%] [34m[1mGenerating include/moc_runcam.cpp[0m
[ 13%] [34m[1mGenerating include/moc_runcenterpoint.cpp[0m
[ 15%] [34m[1mGenerating include/moc_runcontrol.cpp[0m
[ 17%] [34m[1mGenerating include/moc_runglobal.cpp[0m
[ 20%] [34m[1mGenerating include/moc_rungps.cpp[0m
[ 22%] [34m[1mGenerating include/moc_runlidar.cpp[0m
[ 24%] [34m[1mGenerating include/moc_runlocal.cpp[0m
[ 26%] [34m[1mGenerating include/moc_runrviz.cpp[0m
[ 28%] [34m[1mGenerating include/moc_runsocketcan.cpp[0m
[ 31%] [34m[1mGenerating include/moc_mItem.cpp[0m
[ 33%] [34m[1mGenerating ui_mainwindow.h[0m
[35m[1mScanning dependencies of target hmi[0m
[ 35%] [32mBuilding CXX object CMakeFiles/hmi.dir/src/mItem.cpp.o[0m
[ 37%] [32mBuilding CXX object CMakeFiles/hmi.dir/src/mmItem.cpp.o[0m
[ 40%] [32mBuilding CXX object CMakeFiles/hmi.dir/src/rclcomm.cpp.o[0m
[ 42%] [32mBuilding CXX object CMakeFiles/hmi.dir/src/runcam.cpp.o[0m
[ 44%] [32mBuilding CXX object CMakeFiles/hmi.dir/src/runcenterpoint.cpp.o[0m
[ 46%] [32mBuilding CXX object CMakeFiles/hmi.dir/src/runcontrol.cpp.o[0m
[ 48%] [32mBuilding CXX object CMakeFiles/hmi.dir/src/runglobal.cpp.o[0m
[ 51%] [32mBuilding CXX object CMakeFiles/hmi.dir/src/rungps.cpp.o[0m
[ 53%] [32mBuilding CXX object CMakeFiles/hmi.dir/src/runlidar.cpp.o[0m
[ 55%] [32mBuilding CXX object CMakeFiles/hmi.dir/src/runlocal.cpp.o[0m
[ 57%] [32mBuilding CXX object CMakeFiles/hmi.dir/src/runrviz.cpp.o[0m
[ 60%] [32mBuilding CXX object CMakeFiles/hmi.dir/src/runsocketcan.cpp.o[0m
[ 62%] [32mBuilding CXX object CMakeFiles/hmi.dir/src/toolKits.cpp.o[0m
[ 64%] [32mBuilding CXX object CMakeFiles/hmi.dir/include/moc_mItem.cpp.o[0m
[ 66%] [32mBuilding CXX object CMakeFiles/hmi.dir/include/moc_mainwindow.cpp.o[0m
[ 68%] [32mBuilding CXX object CMakeFiles/hmi.dir/include/moc_mmItem.cpp.o[0m
[ 71%] [32mBuilding CXX object CMakeFiles/hmi.dir/include/moc_rclcomm.cpp.o[0m
[ 73%] [32mBuilding CXX object CMakeFiles/hmi.dir/include/moc_runcam.cpp.o[0m
[ 75%] [32mBuilding CXX object CMakeFiles/hmi.dir/include/moc_runcenterpoint.cpp.o[0m
[ 77%] [32mBuilding CXX object CMakeFiles/hmi.dir/include/moc_runcontrol.cpp.o[0m
[ 80%] [32mBuilding CXX object CMakeFiles/hmi.dir/include/moc_runglobal.cpp.o[0m
[ 82%] [32mBuilding CXX object CMakeFiles/hmi.dir/include/moc_rungps.cpp.o[0m
[ 84%] [32mBuilding CXX object CMakeFiles/hmi.dir/include/moc_runlidar.cpp.o[0m
[ 86%] [32mBuilding CXX object CMakeFiles/hmi.dir/include/moc_runlocal.cpp.o[0m
[ 88%] [32mBuilding CXX object CMakeFiles/hmi.dir/include/moc_runrviz.cpp.o[0m
[ 91%] [32mBuilding CXX object CMakeFiles/hmi.dir/include/moc_runsocketcan.cpp.o[0m
[ 93%] [32mBuilding CXX object CMakeFiles/hmi.dir/include/moc_toolKits.cpp.o[0m
[ 95%] [32mBuilding CXX object CMakeFiles/hmi.dir/src/mainwindow.cpp.o[0m
[ 97%] [32mBuilding CXX object CMakeFiles/hmi.dir/src/main.cpp.o[0m
[100%] [32m[1mLinking CXX executable hmi[0m
[100%] Built target hmi
-- Install configuration: ""
-- Installing: /home/mm/longshan12_2/install/hmi/lib/hmi/hmi
-- Set runtime path of "/home/mm/longshan12_2/install/hmi/lib/hmi/hmi" to ""
-- Installing: /home/mm/longshan12_2/install/hmi/share/hmi/launch
-- Installing: /home/mm/longshan12_2/install/hmi/share/hmi/launch/hmi.launch.py
-- Installing: /home/mm/longshan12_2/install/hmi/share/ament_index/resource_index/package_run_dependencies/hmi
-- Installing: /home/mm/longshan12_2/install/hmi/share/ament_index/resource_index/parent_prefix_path/hmi
-- Installing: /home/mm/longshan12_2/install/hmi/share/hmi/environment/ament_prefix_path.sh
-- Installing: /home/mm/longshan12_2/install/hmi/share/hmi/environment/ament_prefix_path.dsv
-- Installing: /home/mm/longshan12_2/install/hmi/share/hmi/environment/path.sh
-- Installing: /home/mm/longshan12_2/install/hmi/share/hmi/environment/path.dsv
-- Installing: /home/mm/longshan12_2/install/hmi/share/hmi/local_setup.bash
-- Installing: /home/mm/longshan12_2/install/hmi/share/hmi/local_setup.sh
-- Installing: /home/mm/longshan12_2/install/hmi/share/hmi/local_setup.zsh
-- Installing: /home/mm/longshan12_2/install/hmi/share/hmi/local_setup.dsv
-- Installing: /home/mm/longshan12_2/install/hmi/share/hmi/package.dsv
-- Installing: /home/mm/longshan12_2/install/hmi/share/ament_index/resource_index/packages/hmi
-- Installing: /home/mm/longshan12_2/install/hmi/share/hmi/cmake/hmiConfig.cmake
-- Installing: /home/mm/longshan12_2/install/hmi/share/hmi/cmake/hmiConfig-version.cmake
-- Installing: /home/mm/longshan12_2/install/hmi/share/hmi/package.xml
