[0.029s] Invoking command in '/home/mm/longshan12_2/build/ros2_path_interfaces': CMAKE_PREFIX_PATH=/opt/ros/foxy /usr/bin/cmake /home/mm/longshan12_2/src/ros2_path_interfaces -DCMAKE_INSTALL_PREFIX=/home/mm/longshan12_2/install/ros2_path_interfaces
[0.571s] -- The C compiler identification is GNU 9.4.0
[0.781s] -- The CXX compiler identification is GNU 9.4.0
[0.784s] -- Check for working C compiler: /usr/bin/cc
[0.858s] -- Check for working C compiler: /usr/bin/cc -- works
[0.864s] -- Detecting C compiler ABI info
[0.950s] -- Detecting C compiler ABI info - done
[0.962s] -- Detecting C compile features
[0.962s] -- Detecting C compile features - done
[0.966s] -- Check for working CXX compiler: /usr/bin/c++
[1.042s] -- Check for working CXX compiler: /usr/bin/c++ -- works
[1.043s] -- Detecting CXX compiler ABI info
[1.139s] -- Detecting CXX compiler ABI info - done
[1.151s] -- Detecting CXX compile features
[1.153s] -- Detecting CXX compile features - done
[1.155s] -- Found ament_cmake: 0.9.12 (/opt/ros/foxy/share/ament_cmake/cmake)
[1.187s] -- Found PythonInterp: /usr/bin/python3 (found suitable version "3.8.10", minimum required is "3") 
[1.187s] -- Using PYTHON_EXECUTABLE: /usr/bin/python3
[1.398s] -- Found rosidl_default_generators: 1.0.1 (/opt/ros/foxy/share/rosidl_default_generators/cmake)
[1.404s] -- Using all available rosidl_typesupport_c: rosidl_typesupport_fastrtps_c;rosidl_typesupport_introspection_c
[1.413s] -- Found rosidl_adapter: 1.3.1 (/opt/ros/foxy/share/rosidl_adapter/cmake)
[1.536s] -- Found OpenSSL: /usr/lib/x86_64-linux-gnu/libcrypto.so (found version "1.1.1f")  
[1.554s] -- Found FastRTPS: /opt/ros/foxy/include  
[1.631s] -- Using all available rosidl_typesupport_cpp: rosidl_typesupport_fastrtps_cpp;rosidl_typesupport_introspection_cpp
[1.685s] -- Found PythonInterp: /usr/bin/python3 (found version "3.8.10") 
[1.813s] -- Found ament_cmake_ros: 0.9.2 (/opt/ros/foxy/share/ament_cmake_ros/cmake)
[1.890s] -- Using all available rosidl_typesupport_c: rosidl_typesupport_fastrtps_c;rosidl_typesupport_introspection_c
[1.900s] -- Using all available rosidl_typesupport_cpp: rosidl_typesupport_fastrtps_cpp;rosidl_typesupport_introspection_cpp
[1.930s] -- Found PythonInterp: /usr/bin/python3 (found suitable version "3.8.10", minimum required is "3.5") 
[1.934s] -- Found python_cmake_module: 0.8.1 (/opt/ros/foxy/share/python_cmake_module/cmake)
[1.961s] -- Found PythonLibs: /usr/lib/x86_64-linux-gnu/libpython3.8.so (found suitable version "3.8.10", minimum required is "3.5") 
[1.961s] -- Using PYTHON_EXECUTABLE: /usr/bin/python3
[1.961s] -- Using PYTHON_INCLUDE_DIRS: /usr/include/python3.8
[1.961s] -- Using PYTHON_LIBRARIES: /usr/lib/x86_64-linux-gnu/libpython3.8.so
[1.986s] -- Found PythonExtra: .so  
[2.031s] -- Found ament_lint_auto: 0.9.8 (/opt/ros/foxy/share/ament_lint_auto/cmake)
[2.063s] -- Added test 'copyright' to check source files copyright and LICENSE
[2.065s] -- Added test 'lint_cmake' to check CMake code style
[2.067s] -- Added test 'xmllint' to check XML markup files
[2.072s] -- Configuring done
[2.103s] -- Generating done
[2.106s] -- Build files have been written to: /home/mm/longshan12_2/build/ros2_path_interfaces
[2.111s] Invoked command in '/home/mm/longshan12_2/build/ros2_path_interfaces' returned '0': CMAKE_PREFIX_PATH=/opt/ros/foxy /usr/bin/cmake /home/mm/longshan12_2/src/ros2_path_interfaces -DCMAKE_INSTALL_PREFIX=/home/mm/longshan12_2/install/ros2_path_interfaces
[2.115s] Invoking command in '/home/mm/longshan12_2/build/ros2_path_interfaces': CMAKE_PREFIX_PATH=/opt/ros/foxy /usr/bin/cmake --build /home/mm/longshan12_2/build/ros2_path_interfaces -- -j4 -l4
[2.174s] [35m[1mScanning dependencies of target ros2_path_interfaces__cpp[0m
[2.184s] [  3%] [34m[1mGenerating C++ code for ROS interfaces[0m
[2.189s] [  6%] [34m[1mGenerating C code for ROS interfaces[0m
[2.535s] [35m[1mScanning dependencies of target ros2_path_interfaces__rosidl_generator_c[0m
[2.564s] [  9%] [32mBuilding C object CMakeFiles/ros2_path_interfaces__rosidl_generator_c.dir/rosidl_generator_c/ros2_path_interfaces/srv/detail/path_interfaces__functions.c.o[0m
[2.575s] [  9%] Built target ros2_path_interfaces__cpp
[2.607s] [ 12%] [34m[1mGenerating C++ type support dispatch for ROS interfaces[0m
[2.610s] [ 16%] [34m[1mGenerating C++ type support for eProsima Fast-RTPS[0m
[2.634s] [ 19%] [34m[1mGenerating C++ introspection for ROS interfaces[0m
[2.714s] [ 22%] [32m[1mLinking C shared library libros2_path_interfaces__rosidl_generator_c.so[0m
[2.932s] [ 22%] Built target ros2_path_interfaces__rosidl_generator_c
[2.990s] [ 25%] [34m[1mGenerating C type support dispatch for ROS interfaces[0m
[3.327s] [35m[1mScanning dependencies of target ros2_path_interfaces__rosidl_typesupport_fastrtps_cpp[0m
[3.361s] [35m[1mScanning dependencies of target ros2_path_interfaces__rosidl_typesupport_cpp[0m
[3.435s] [35m[1mScanning dependencies of target ros2_path_interfaces__rosidl_typesupport_introspection_cpp[0m
[3.444s] [ 29%] [32mBuilding CXX object CMakeFiles/ros2_path_interfaces__rosidl_typesupport_fastrtps_cpp.dir/rosidl_typesupport_fastrtps_cpp/ros2_path_interfaces/srv/detail/dds_fastrtps/path_interfaces__type_support.cpp.o[0m
[3.523s] [ 32%] [32mBuilding CXX object CMakeFiles/ros2_path_interfaces__rosidl_typesupport_introspection_cpp.dir/rosidl_typesupport_introspection_cpp/ros2_path_interfaces/srv/detail/path_interfaces__type_support.cpp.o[0m
[3.541s] [ 35%] [32mBuilding CXX object CMakeFiles/ros2_path_interfaces__rosidl_typesupport_cpp.dir/rosidl_typesupport_cpp/ros2_path_interfaces/srv/path_interfaces__type_support.cpp.o[0m
[3.978s] [35m[1mScanning dependencies of target ros2_path_interfaces__rosidl_typesupport_c[0m
[4.143s] [ 38%] [32mBuilding CXX object CMakeFiles/ros2_path_interfaces__rosidl_typesupport_c.dir/rosidl_typesupport_c/ros2_path_interfaces/srv/path_interfaces__type_support.cpp.o[0m
[4.749s] [ 41%] [32m[1mLinking CXX shared library libros2_path_interfaces__rosidl_typesupport_c.so[0m
[5.030s] [ 41%] Built target ros2_path_interfaces__rosidl_typesupport_c
[5.114s] [ 45%] [34m[1mGenerating C introspection for ROS interfaces[0m
[5.430s] [ 48%] [32m[1mLinking CXX shared library libros2_path_interfaces__rosidl_typesupport_cpp.so[0m
[5.432s] [ 51%] [32m[1mLinking CXX shared library libros2_path_interfaces__rosidl_typesupport_introspection_cpp.so[0m
[5.675s] [ 51%] Built target ros2_path_interfaces__rosidl_typesupport_cpp
[5.773s] [ 51%] Built target ros2_path_interfaces__rosidl_typesupport_introspection_cpp
[5.931s] [35m[1mScanning dependencies of target ros2_path_interfaces__rosidl_typesupport_introspection_c[0m
[5.959s] [ 54%] [32m[1mLinking CXX shared library libros2_path_interfaces__rosidl_typesupport_fastrtps_cpp.so[0m
[5.997s] [ 58%] [32mBuilding C object CMakeFiles/ros2_path_interfaces__rosidl_typesupport_introspection_c.dir/rosidl_typesupport_introspection_c/ros2_path_interfaces/srv/detail/path_interfaces__type_support.c.o[0m
[6.241s] [ 61%] [32m[1mLinking C shared library libros2_path_interfaces__rosidl_typesupport_introspection_c.so[0m
[6.308s] [ 61%] Built target ros2_path_interfaces__rosidl_typesupport_introspection_c
[6.333s] [ 61%] Built target ros2_path_interfaces__rosidl_typesupport_fastrtps_cpp
[6.391s] [ 64%] [34m[1mGenerating C type support for eProsima Fast-RTPS[0m
[7.036s] [35m[1mScanning dependencies of target ros2_path_interfaces__rosidl_typesupport_fastrtps_c[0m
[7.114s] [ 67%] [32mBuilding CXX object CMakeFiles/ros2_path_interfaces__rosidl_typesupport_fastrtps_c.dir/rosidl_typesupport_fastrtps_c/ros2_path_interfaces/srv/detail/path_interfaces__type_support_c.cpp.o[0m
[10.484s] [ 70%] [32m[1mLinking CXX shared library libros2_path_interfaces__rosidl_typesupport_fastrtps_c.so[0m
[10.783s] [ 70%] Built target ros2_path_interfaces__rosidl_typesupport_fastrtps_c
[10.829s] [35m[1mScanning dependencies of target ros2_path_interfaces[0m
[10.929s] [ 70%] Built target ros2_path_interfaces
[11.044s] [35m[1mScanning dependencies of target ros2_path_interfaces__py[0m
[11.060s] [ 74%] [34m[1mGenerating Python code for ROS interfaces[0m
[13.831s] [ 74%] Built target ros2_path_interfaces__py
[13.982s] [35m[1mScanning dependencies of target ros2_path_interfaces__python[0m
[14.231s] [ 77%] [32mBuilding C object CMakeFiles/ros2_path_interfaces__python.dir/rosidl_generator_py/ros2_path_interfaces/srv/_path_interfaces_s.c.o[0m
[15.302s] [ 80%] [32m[1mLinking C shared library rosidl_generator_py/ros2_path_interfaces/libros2_path_interfaces__python.so[0m
[15.625s] [ 80%] Built target ros2_path_interfaces__python
[15.807s] [35m[1mScanning dependencies of target ros2_path_interfaces__rosidl_typesupport_fastrtps_c__pyext[0m
[15.812s] [35m[1mScanning dependencies of target ros2_path_interfaces__rosidl_typesupport_introspection_c__pyext[0m
[15.858s] [35m[1mScanning dependencies of target ros2_path_interfaces__rosidl_typesupport_c__pyext[0m
[15.988s] [ 83%] [32mBuilding C object CMakeFiles/ros2_path_interfaces__rosidl_typesupport_introspection_c__pyext.dir/rosidl_generator_py/ros2_path_interfaces/_ros2_path_interfaces_s.ep.rosidl_typesupport_introspection_c.c.o[0m
[16.003s] [ 87%] [32mBuilding C object CMakeFiles/ros2_path_interfaces__rosidl_typesupport_fastrtps_c__pyext.dir/rosidl_generator_py/ros2_path_interfaces/_ros2_path_interfaces_s.ep.rosidl_typesupport_fastrtps_c.c.o[0m
[16.034s] [ 90%] [32mBuilding C object CMakeFiles/ros2_path_interfaces__rosidl_typesupport_c__pyext.dir/rosidl_generator_py/ros2_path_interfaces/_ros2_path_interfaces_s.ep.rosidl_typesupport_c.c.o[0m
[16.927s] [ 93%] [32m[1mLinking CXX shared library rosidl_generator_py/ros2_path_interfaces/ros2_path_interfaces_s__rosidl_typesupport_fastrtps_c.cpython-38-x86_64-linux-gnu.so[0m
[16.959s] [ 96%] [32m[1mLinking C shared library rosidl_generator_py/ros2_path_interfaces/ros2_path_interfaces_s__rosidl_typesupport_introspection_c.cpython-38-x86_64-linux-gnu.so[0m
[17.107s] [100%] [32m[1mLinking C shared library rosidl_generator_py/ros2_path_interfaces/ros2_path_interfaces_s__rosidl_typesupport_c.cpython-38-x86_64-linux-gnu.so[0m
[17.121s] [100%] Built target ros2_path_interfaces__rosidl_typesupport_fastrtps_c__pyext
[17.355s] [100%] Built target ros2_path_interfaces__rosidl_typesupport_introspection_c__pyext
[17.545s] [100%] Built target ros2_path_interfaces__rosidl_typesupport_c__pyext
[17.617s] Invoked command in '/home/mm/longshan12_2/build/ros2_path_interfaces' returned '0': CMAKE_PREFIX_PATH=/opt/ros/foxy /usr/bin/cmake --build /home/mm/longshan12_2/build/ros2_path_interfaces -- -j4 -l4
[18.457s] Invoking command in '/home/mm/longshan12_2/build/ros2_path_interfaces': CMAKE_PREFIX_PATH=/opt/ros/foxy /usr/bin/cmake --install /home/mm/longshan12_2/build/ros2_path_interfaces
[18.483s] -- Install configuration: ""
[18.483s] -- Installing: /home/mm/longshan12_2/install/ros2_path_interfaces/share/ament_index/resource_index/rosidl_interfaces/ros2_path_interfaces
[18.484s] -- Installing: /home/mm/longshan12_2/install/ros2_path_interfaces/include/ros2_path_interfaces
[18.484s] -- Installing: /home/mm/longshan12_2/install/ros2_path_interfaces/include/ros2_path_interfaces/srv
[18.484s] -- Installing: /home/mm/longshan12_2/install/ros2_path_interfaces/include/ros2_path_interfaces/srv/path_interfaces.h
[18.484s] -- Installing: /home/mm/longshan12_2/install/ros2_path_interfaces/include/ros2_path_interfaces/srv/detail
[18.484s] -- Installing: /home/mm/longshan12_2/install/ros2_path_interfaces/include/ros2_path_interfaces/srv/detail/path_interfaces__type_support.h
[18.484s] -- Installing: /home/mm/longshan12_2/install/ros2_path_interfaces/include/ros2_path_interfaces/srv/detail/path_interfaces__struct.h
[18.484s] -- Installing: /home/mm/longshan12_2/install/ros2_path_interfaces/include/ros2_path_interfaces/srv/detail/path_interfaces__functions.h
[18.484s] -- Installing: /home/mm/longshan12_2/install/ros2_path_interfaces/include/ros2_path_interfaces/srv/detail/path_interfaces__functions.c
[18.484s] -- Installing: /home/mm/longshan12_2/install/ros2_path_interfaces/include/ros2_path_interfaces/msg
[18.485s] -- Installing: /home/mm/longshan12_2/install/ros2_path_interfaces/include/ros2_path_interfaces/msg/rosidl_generator_c__visibility_control.h
[18.485s] -- Installing: /home/mm/longshan12_2/install/ros2_path_interfaces/share/ros2_path_interfaces/environment/library_path.sh
[18.485s] -- Installing: /home/mm/longshan12_2/install/ros2_path_interfaces/share/ros2_path_interfaces/environment/library_path.dsv
[18.485s] -- Installing: /home/mm/longshan12_2/install/ros2_path_interfaces/lib/libros2_path_interfaces__rosidl_generator_c.so
[18.485s] -- Set runtime path of "/home/mm/longshan12_2/install/ros2_path_interfaces/lib/libros2_path_interfaces__rosidl_generator_c.so" to ""
[18.485s] -- Up-to-date: /home/mm/longshan12_2/install/ros2_path_interfaces/include/ros2_path_interfaces
[18.485s] -- Up-to-date: /home/mm/longshan12_2/install/ros2_path_interfaces/include/ros2_path_interfaces/srv
[18.485s] -- Up-to-date: /home/mm/longshan12_2/install/ros2_path_interfaces/include/ros2_path_interfaces/srv/detail
[18.486s] -- Installing: /home/mm/longshan12_2/install/ros2_path_interfaces/include/ros2_path_interfaces/srv/detail/path_interfaces__rosidl_typesupport_fastrtps_c.h
[18.486s] -- Up-to-date: /home/mm/longshan12_2/install/ros2_path_interfaces/include/ros2_path_interfaces/msg
[18.486s] -- Installing: /home/mm/longshan12_2/install/ros2_path_interfaces/include/ros2_path_interfaces/msg/rosidl_typesupport_fastrtps_c__visibility_control.h
[18.486s] -- Installing: /home/mm/longshan12_2/install/ros2_path_interfaces/lib/libros2_path_interfaces__rosidl_typesupport_fastrtps_c.so
[18.486s] -- Set runtime path of "/home/mm/longshan12_2/install/ros2_path_interfaces/lib/libros2_path_interfaces__rosidl_typesupport_fastrtps_c.so" to ""
[18.486s] -- Up-to-date: /home/mm/longshan12_2/install/ros2_path_interfaces/include/ros2_path_interfaces
[18.486s] -- Up-to-date: /home/mm/longshan12_2/install/ros2_path_interfaces/include/ros2_path_interfaces/srv
[18.486s] -- Up-to-date: /home/mm/longshan12_2/install/ros2_path_interfaces/include/ros2_path_interfaces/srv/detail
[18.486s] -- Installing: /home/mm/longshan12_2/install/ros2_path_interfaces/include/ros2_path_interfaces/srv/detail/dds_fastrtps
[18.486s] -- Installing: /home/mm/longshan12_2/install/ros2_path_interfaces/include/ros2_path_interfaces/srv/detail/path_interfaces__rosidl_typesupport_fastrtps_cpp.hpp
[18.487s] -- Up-to-date: /home/mm/longshan12_2/install/ros2_path_interfaces/include/ros2_path_interfaces/msg
[18.487s] -- Installing: /home/mm/longshan12_2/install/ros2_path_interfaces/include/ros2_path_interfaces/msg/rosidl_typesupport_fastrtps_cpp__visibility_control.h
[18.487s] -- Installing: /home/mm/longshan12_2/install/ros2_path_interfaces/lib/libros2_path_interfaces__rosidl_typesupport_fastrtps_cpp.so
[18.487s] -- Set runtime path of "/home/mm/longshan12_2/install/ros2_path_interfaces/lib/libros2_path_interfaces__rosidl_typesupport_fastrtps_cpp.so" to ""
[18.488s] -- Up-to-date: /home/mm/longshan12_2/install/ros2_path_interfaces/include/ros2_path_interfaces
[18.488s] -- Up-to-date: /home/mm/longshan12_2/install/ros2_path_interfaces/include/ros2_path_interfaces/srv
[18.488s] -- Up-to-date: /home/mm/longshan12_2/install/ros2_path_interfaces/include/ros2_path_interfaces/srv/detail
[18.488s] -- Installing: /home/mm/longshan12_2/install/ros2_path_interfaces/include/ros2_path_interfaces/srv/detail/path_interfaces__rosidl_typesupport_introspection_c.h
[18.488s] -- Installing: /home/mm/longshan12_2/install/ros2_path_interfaces/include/ros2_path_interfaces/srv/detail/path_interfaces__type_support.c
[18.488s] -- Up-to-date: /home/mm/longshan12_2/install/ros2_path_interfaces/include/ros2_path_interfaces/msg
[18.488s] -- Installing: /home/mm/longshan12_2/install/ros2_path_interfaces/include/ros2_path_interfaces/msg/rosidl_typesupport_introspection_c__visibility_control.h
[18.488s] -- Installing: /home/mm/longshan12_2/install/ros2_path_interfaces/lib/libros2_path_interfaces__rosidl_typesupport_introspection_c.so
[18.488s] -- Set runtime path of "/home/mm/longshan12_2/install/ros2_path_interfaces/lib/libros2_path_interfaces__rosidl_typesupport_introspection_c.so" to ""
[18.488s] -- Installing: /home/mm/longshan12_2/install/ros2_path_interfaces/lib/libros2_path_interfaces__rosidl_typesupport_c.so
[18.489s] -- Set runtime path of "/home/mm/longshan12_2/install/ros2_path_interfaces/lib/libros2_path_interfaces__rosidl_typesupport_c.so" to ""
[18.489s] -- Up-to-date: /home/mm/longshan12_2/install/ros2_path_interfaces/include/ros2_path_interfaces
[18.489s] -- Up-to-date: /home/mm/longshan12_2/install/ros2_path_interfaces/include/ros2_path_interfaces/srv
[18.489s] -- Installing: /home/mm/longshan12_2/install/ros2_path_interfaces/include/ros2_path_interfaces/srv/path_interfaces.hpp
[18.489s] -- Up-to-date: /home/mm/longshan12_2/install/ros2_path_interfaces/include/ros2_path_interfaces/srv/detail
[18.489s] -- Installing: /home/mm/longshan12_2/install/ros2_path_interfaces/include/ros2_path_interfaces/srv/detail/path_interfaces__traits.hpp
[18.489s] -- Installing: /home/mm/longshan12_2/install/ros2_path_interfaces/include/ros2_path_interfaces/srv/detail/path_interfaces__struct.hpp
[18.490s] -- Installing: /home/mm/longshan12_2/install/ros2_path_interfaces/include/ros2_path_interfaces/srv/detail/path_interfaces__type_support.hpp
[18.490s] -- Installing: /home/mm/longshan12_2/install/ros2_path_interfaces/include/ros2_path_interfaces/srv/detail/path_interfaces__builder.hpp
[18.490s] -- Up-to-date: /home/mm/longshan12_2/install/ros2_path_interfaces/include/ros2_path_interfaces/msg
[18.490s] -- Installing: /home/mm/longshan12_2/install/ros2_path_interfaces/include/ros2_path_interfaces/msg/rosidl_generator_cpp__visibility_control.hpp
[18.490s] -- Up-to-date: /home/mm/longshan12_2/install/ros2_path_interfaces/include/ros2_path_interfaces
[18.490s] -- Up-to-date: /home/mm/longshan12_2/install/ros2_path_interfaces/include/ros2_path_interfaces/srv
[18.490s] -- Up-to-date: /home/mm/longshan12_2/install/ros2_path_interfaces/include/ros2_path_interfaces/srv/detail
[18.490s] -- Installing: /home/mm/longshan12_2/install/ros2_path_interfaces/include/ros2_path_interfaces/srv/detail/path_interfaces__rosidl_typesupport_introspection_cpp.hpp
[18.490s] -- Installing: /home/mm/longshan12_2/install/ros2_path_interfaces/include/ros2_path_interfaces/srv/detail/path_interfaces__type_support.cpp
[18.491s] -- Installing: /home/mm/longshan12_2/install/ros2_path_interfaces/lib/libros2_path_interfaces__rosidl_typesupport_introspection_cpp.so
[18.503s] -- Set runtime path of "/home/mm/longshan12_2/install/ros2_path_interfaces/lib/libros2_path_interfaces__rosidl_typesupport_introspection_cpp.so" to ""
[18.503s] -- Installing: /home/mm/longshan12_2/install/ros2_path_interfaces/lib/libros2_path_interfaces__rosidl_typesupport_cpp.so
[18.504s] -- Set runtime path of "/home/mm/longshan12_2/install/ros2_path_interfaces/lib/libros2_path_interfaces__rosidl_typesupport_cpp.so" to ""
[18.504s] -- Installing: /home/mm/longshan12_2/install/ros2_path_interfaces/share/ros2_path_interfaces/environment/pythonpath.sh
[18.504s] -- Installing: /home/mm/longshan12_2/install/ros2_path_interfaces/share/ros2_path_interfaces/environment/pythonpath.dsv
[18.505s] -- Installing: /home/mm/longshan12_2/install/ros2_path_interfaces/lib/python3.8/site-packages/ros2_path_interfaces/__init__.py
[18.584s] Compiling '/home/mm/longshan12_2/install/ros2_path_interfaces/lib/python3.8/site-packages/ros2_path_interfaces/__init__.py'...
[18.589s] -- Installing: /home/mm/longshan12_2/install/ros2_path_interfaces/lib/python3.8/site-packages/ros2_path_interfaces/srv
[18.589s] -- Installing: /home/mm/longshan12_2/install/ros2_path_interfaces/lib/python3.8/site-packages/ros2_path_interfaces/srv/__init__.py
[18.589s] -- Installing: /home/mm/longshan12_2/install/ros2_path_interfaces/lib/python3.8/site-packages/ros2_path_interfaces/srv/_path_interfaces.py
[18.589s] -- Installing: /home/mm/longshan12_2/install/ros2_path_interfaces/lib/python3.8/site-packages/ros2_path_interfaces/srv/_path_interfaces_s.c
[18.590s] -- Installing: /home/mm/longshan12_2/install/ros2_path_interfaces/lib/python3.8/site-packages/ros2_path_interfaces/ros2_path_interfaces_s__rosidl_typesupport_fastrtps_c.cpython-38-x86_64-linux-gnu.so
[18.590s] -- Set runtime path of "/home/mm/longshan12_2/install/ros2_path_interfaces/lib/python3.8/site-packages/ros2_path_interfaces/ros2_path_interfaces_s__rosidl_typesupport_fastrtps_c.cpython-38-x86_64-linux-gnu.so" to ""
[18.591s] -- Installing: /home/mm/longshan12_2/install/ros2_path_interfaces/lib/python3.8/site-packages/ros2_path_interfaces/ros2_path_interfaces_s__rosidl_typesupport_introspection_c.cpython-38-x86_64-linux-gnu.so
[18.591s] -- Set runtime path of "/home/mm/longshan12_2/install/ros2_path_interfaces/lib/python3.8/site-packages/ros2_path_interfaces/ros2_path_interfaces_s__rosidl_typesupport_introspection_c.cpython-38-x86_64-linux-gnu.so" to ""
[18.591s] -- Installing: /home/mm/longshan12_2/install/ros2_path_interfaces/lib/python3.8/site-packages/ros2_path_interfaces/ros2_path_interfaces_s__rosidl_typesupport_c.cpython-38-x86_64-linux-gnu.so
[18.592s] -- Set runtime path of "/home/mm/longshan12_2/install/ros2_path_interfaces/lib/python3.8/site-packages/ros2_path_interfaces/ros2_path_interfaces_s__rosidl_typesupport_c.cpython-38-x86_64-linux-gnu.so" to ""
[18.592s] -- Installing: /home/mm/longshan12_2/install/ros2_path_interfaces/lib/libros2_path_interfaces__python.so
[18.592s] -- Set runtime path of "/home/mm/longshan12_2/install/ros2_path_interfaces/lib/libros2_path_interfaces__python.so" to ""
[18.592s] -- Installing: /home/mm/longshan12_2/install/ros2_path_interfaces/share/ros2_path_interfaces/srv/PathInterfaces.idl
[18.592s] -- Installing: /home/mm/longshan12_2/install/ros2_path_interfaces/share/ros2_path_interfaces/srv/PathInterfaces.srv
[18.592s] -- Installing: /home/mm/longshan12_2/install/ros2_path_interfaces/share/ros2_path_interfaces/srv/PathInterfaces_Request.msg
[18.593s] -- Installing: /home/mm/longshan12_2/install/ros2_path_interfaces/share/ros2_path_interfaces/srv/PathInterfaces_Response.msg
[18.593s] -- Installing: /home/mm/longshan12_2/install/ros2_path_interfaces/share/ament_index/resource_index/package_run_dependencies/ros2_path_interfaces
[18.593s] -- Installing: /home/mm/longshan12_2/install/ros2_path_interfaces/share/ament_index/resource_index/parent_prefix_path/ros2_path_interfaces
[18.593s] -- Installing: /home/mm/longshan12_2/install/ros2_path_interfaces/share/ros2_path_interfaces/environment/ament_prefix_path.sh
[18.593s] -- Installing: /home/mm/longshan12_2/install/ros2_path_interfaces/share/ros2_path_interfaces/environment/ament_prefix_path.dsv
[18.593s] -- Installing: /home/mm/longshan12_2/install/ros2_path_interfaces/share/ros2_path_interfaces/environment/path.sh
[18.593s] -- Installing: /home/mm/longshan12_2/install/ros2_path_interfaces/share/ros2_path_interfaces/environment/path.dsv
[18.594s] -- Installing: /home/mm/longshan12_2/install/ros2_path_interfaces/share/ros2_path_interfaces/local_setup.bash
[18.594s] -- Installing: /home/mm/longshan12_2/install/ros2_path_interfaces/share/ros2_path_interfaces/local_setup.sh
[18.594s] -- Installing: /home/mm/longshan12_2/install/ros2_path_interfaces/share/ros2_path_interfaces/local_setup.zsh
[18.594s] -- Installing: /home/mm/longshan12_2/install/ros2_path_interfaces/share/ros2_path_interfaces/local_setup.dsv
[18.594s] -- Installing: /home/mm/longshan12_2/install/ros2_path_interfaces/share/ros2_path_interfaces/package.dsv
[18.594s] -- Installing: /home/mm/longshan12_2/install/ros2_path_interfaces/share/ament_index/resource_index/packages/ros2_path_interfaces
[18.594s] -- Installing: /home/mm/longshan12_2/install/ros2_path_interfaces/share/ros2_path_interfaces/cmake/ros2_path_interfaces__rosidl_generator_cExport.cmake
[18.595s] -- Installing: /home/mm/longshan12_2/install/ros2_path_interfaces/share/ros2_path_interfaces/cmake/ros2_path_interfaces__rosidl_generator_cExport-noconfig.cmake
[18.595s] -- Installing: /home/mm/longshan12_2/install/ros2_path_interfaces/share/ros2_path_interfaces/cmake/ros2_path_interfaces__rosidl_typesupport_introspection_cExport.cmake
[18.595s] -- Installing: /home/mm/longshan12_2/install/ros2_path_interfaces/share/ros2_path_interfaces/cmake/ros2_path_interfaces__rosidl_typesupport_introspection_cExport-noconfig.cmake
[18.595s] -- Installing: /home/mm/longshan12_2/install/ros2_path_interfaces/share/ros2_path_interfaces/cmake/ros2_path_interfaces__rosidl_typesupport_cExport.cmake
[18.595s] -- Installing: /home/mm/longshan12_2/install/ros2_path_interfaces/share/ros2_path_interfaces/cmake/ros2_path_interfaces__rosidl_typesupport_cExport-noconfig.cmake
[18.596s] -- Installing: /home/mm/longshan12_2/install/ros2_path_interfaces/share/ros2_path_interfaces/cmake/ros2_path_interfaces__rosidl_generator_cppExport.cmake
[18.596s] -- Installing: /home/mm/longshan12_2/install/ros2_path_interfaces/share/ros2_path_interfaces/cmake/ros2_path_interfaces__rosidl_typesupport_introspection_cppExport.cmake
[18.596s] -- Installing: /home/mm/longshan12_2/install/ros2_path_interfaces/share/ros2_path_interfaces/cmake/ros2_path_interfaces__rosidl_typesupport_introspection_cppExport-noconfig.cmake
[18.596s] -- Installing: /home/mm/longshan12_2/install/ros2_path_interfaces/share/ros2_path_interfaces/cmake/ros2_path_interfaces__rosidl_typesupport_cppExport.cmake
[18.596s] -- Installing: /home/mm/longshan12_2/install/ros2_path_interfaces/share/ros2_path_interfaces/cmake/ros2_path_interfaces__rosidl_typesupport_cppExport-noconfig.cmake
[18.596s] -- Installing: /home/mm/longshan12_2/install/ros2_path_interfaces/share/ros2_path_interfaces/cmake/rosidl_cmake-extras.cmake
[18.596s] -- Installing: /home/mm/longshan12_2/install/ros2_path_interfaces/share/ros2_path_interfaces/cmake/ament_cmake_export_dependencies-extras.cmake
[18.597s] -- Installing: /home/mm/longshan12_2/install/ros2_path_interfaces/share/ros2_path_interfaces/cmake/ament_cmake_export_libraries-extras.cmake
[18.597s] -- Installing: /home/mm/longshan12_2/install/ros2_path_interfaces/share/ros2_path_interfaces/cmake/ament_cmake_export_targets-extras.cmake
[18.597s] -- Installing: /home/mm/longshan12_2/install/ros2_path_interfaces/share/ros2_path_interfaces/cmake/ament_cmake_export_include_directories-extras.cmake
[18.597s] -- Installing: /home/mm/longshan12_2/install/ros2_path_interfaces/share/ros2_path_interfaces/cmake/rosidl_cmake_export_typesupport_libraries-extras.cmake
[18.597s] -- Installing: /home/mm/longshan12_2/install/ros2_path_interfaces/share/ros2_path_interfaces/cmake/rosidl_cmake_export_typesupport_targets-extras.cmake
[18.597s] -- Installing: /home/mm/longshan12_2/install/ros2_path_interfaces/share/ros2_path_interfaces/cmake/ros2_path_interfacesConfig.cmake
[18.597s] -- Installing: /home/mm/longshan12_2/install/ros2_path_interfaces/share/ros2_path_interfaces/cmake/ros2_path_interfacesConfig-version.cmake
[18.598s] -- Installing: /home/mm/longshan12_2/install/ros2_path_interfaces/share/ros2_path_interfaces/package.xml
[18.601s] Invoked command in '/home/mm/longshan12_2/build/ros2_path_interfaces' returned '0': CMAKE_PREFIX_PATH=/opt/ros/foxy /usr/bin/cmake --install /home/mm/longshan12_2/build/ros2_path_interfaces
