[0.077s] Invoking command in '/home/mm/longshan12_2/build/control': CMAKE_PREFIX_PATH=/opt/ros/foxy /usr/bin/cmake --build /home/mm/longshan12_2/build/control -- -j4 -l4
[0.283s] [35m[1mScanning dependencies of target control_node[0m
[0.521s] [  7%] [32mBuilding CXX object CMakeFiles/control_node.dir/src/control_node.cpp.o[0m
[4.711s] [01m[K/home/mm/longshan12_2/src/control/src/control_node.cpp:[m[K In member function ‘[01m[Kvoid control_node::gps_callback(std_msgs::msg::Float64MultiArray_<std::allocator<void> >::SharedPtr)[m[K’:
[4.711s] [01m[K/home/mm/longshan12_2/src/control/src/control_node.cpp:130:36:[m[K [01;35m[Kwarning: [m[Kunused variable ‘[01m[KdeltaX[m[K’ [[01;35m[K-Wunused-variable[m[K]
[4.711s]   130 |                             double [01;35m[KdeltaX[m[K =  dx;
[4.711s]       |                                    [01;35m[K^~~~~~[m[K
[4.711s] [01m[K/home/mm/longshan12_2/src/control/src/control_node.cpp:131:36:[m[K [01;35m[Kwarning: [m[Kunused variable ‘[01m[KdeltaY[m[K’ [[01;35m[K-Wunused-variable[m[K]
[4.711s]   131 |                             double [01;35m[KdeltaY[m[K =  dy;
[4.711s]       |                                    [01;35m[K^~~~~~[m[K
[4.711s] [01m[K/home/mm/longshan12_2/src/control/src/control_node.cpp:132:36:[m[K [01;35m[Kwarning: [m[Kunused variable ‘[01m[KdeltaYAW[m[K’ [[01;35m[K-Wunused-variable[m[K]
[4.711s]   132 |                             double [01;35m[KdeltaYAW[m[K = tool::normalizeAngle(tool::d2r(car(3)) - theta);
[4.712s]       |                                    [01;35m[K^~~~~~~~[m[K
[13.346s] [ 14%] [32m[1mLinking CXX executable control_node[0m
[14.903s] [100%] Built target control_node
[14.919s] Invoked command in '/home/mm/longshan12_2/build/control' returned '0': CMAKE_PREFIX_PATH=/opt/ros/foxy /usr/bin/cmake --build /home/mm/longshan12_2/build/control -- -j4 -l4
[14.970s] Invoking command in '/home/mm/longshan12_2/build/control': CMAKE_PREFIX_PATH=/opt/ros/foxy /usr/bin/cmake --install /home/mm/longshan12_2/build/control
[14.979s] -- Install configuration: ""
[14.979s] -- Installing: /home/mm/longshan12_2/install/control/lib/control/control_node
[14.997s] -- Set runtime path of "/home/mm/longshan12_2/install/control/lib/control/control_node" to ""
[14.997s] -- Up-to-date: /home/mm/longshan12_2/install/control/share/control/launch
[14.997s] -- Up-to-date: /home/mm/longshan12_2/install/control/share/control/launch/control.launch.py
[14.997s] -- Up-to-date: /home/mm/longshan12_2/install/control/share/ament_index/resource_index/package_run_dependencies/control
[14.998s] -- Up-to-date: /home/mm/longshan12_2/install/control/share/ament_index/resource_index/parent_prefix_path/control
[14.998s] -- Up-to-date: /home/mm/longshan12_2/install/control/share/control/environment/ament_prefix_path.sh
[14.998s] -- Up-to-date: /home/mm/longshan12_2/install/control/share/control/environment/ament_prefix_path.dsv
[14.998s] -- Up-to-date: /home/mm/longshan12_2/install/control/share/control/environment/path.sh
[14.998s] -- Up-to-date: /home/mm/longshan12_2/install/control/share/control/environment/path.dsv
[14.999s] -- Up-to-date: /home/mm/longshan12_2/install/control/share/control/local_setup.bash
[14.999s] -- Up-to-date: /home/mm/longshan12_2/install/control/share/control/local_setup.sh
[14.999s] -- Up-to-date: /home/mm/longshan12_2/install/control/share/control/local_setup.zsh
[14.999s] -- Up-to-date: /home/mm/longshan12_2/install/control/share/control/local_setup.dsv
[14.999s] -- Installing: /home/mm/longshan12_2/install/control/share/control/package.dsv
[14.999s] -- Up-to-date: /home/mm/longshan12_2/install/control/share/ament_index/resource_index/packages/control
[15.000s] -- Up-to-date: /home/mm/longshan12_2/install/control/share/control/cmake/controlConfig.cmake
[15.002s] -- Up-to-date: /home/mm/longshan12_2/install/control/share/control/cmake/controlConfig-version.cmake
[15.003s] -- Up-to-date: /home/mm/longshan12_2/install/control/share/control/package.xml
[15.003s] Invoked command in '/home/mm/longshan12_2/build/control' returned '0': CMAKE_PREFIX_PATH=/opt/ros/foxy /usr/bin/cmake --install /home/mm/longshan12_2/build/control
