[01m[K/home/mm/longshan12_2/src/global/src/discrete_points_reference_line_smoother.cpp:[m[K In member function ‘[01m[Kbool DiscretePointsReferenceLineSmoother::Smooth(const MatrixXd&, Eigen::MatrixXd&)[m[K’:
[01m[K/home/mm/longshan12_2/src/global/src/discrete_points_reference_line_smoother.cpp:8:73:[m[K [01;35m[Kwarning: [m[Kunused parameter ‘[01m[Kraw_reference_line[m[K’ [[01;35m[K-Wunused-parameter[m[K]
    8 | tePointsReferenceLineSmoother::Smooth([01;35m[Kconst Eigen::MatrixXd& raw_reference_line[m[K,Eigen::MatrixXd &smoothed_reference_line){
      |                                       [01;35m[K~~~~~~~~~~~~~~~~~~~~~~~^~~~~~~~~~~~~~~~~~[m[K

[01m[K/home/mm/longshan12_2/src/global/src/discrete_points_reference_line_smoother.cpp:[m[K In member function ‘[01m[Kvoid DiscretePointsReferenceLineSmoother::referencePath(const MatrixXd&, Eigen::MatrixXd&)[m[K’:
[01m[K/home/mm/longshan12_2/src/global/src/discrete_points_reference_line_smoother.cpp:191:30:[m[K [01;35m[Kwarning: [m[Kcomparison of integer expressions of different signedness: ‘[01m[Ksize_t[m[K’ {aka ‘[01m[Klong unsigned int[m[K’} and ‘[01m[KEigen::Index[m[K’ {aka ‘[01m[Klong int[m[K’} [[01;35m[K-Wsign-compare[m[K]
  191 |         for (size_t i = 0; [01;35m[Ki < path.cols()[m[K; ++i)
      |                            [01;35m[K~~^~~~~~~~~~~~~[m[K
[01m[K/home/mm/longshan12_2/src/global/src/reference_line_provider.cpp:[m[K In member function ‘[01m[KAnchorPoint ReferenceLineProvider::GetAnchorPoint(Eigen::MatrixXd&, Eigen::VectorXd)[m[K’:
[01m[K/home/mm/longshan12_2/src/global/src/reference_line_provider.cpp:6:18:[m[K [01;35m[Kwarning: [m[Kunused variable ‘[01m[Kadc_width[m[K’ [[01;35m[K-Wunused-variable[m[K]
    6 |     const double [01;35m[Kadc_width[m[K = vehicle_width;
      |                  [01;35m[K^~~~~~~~~[m[K
[01m[K/home/mm/longshan12_2/src/global/src/reference_line_provider.cpp:3:68:[m[K [01;35m[Kwarning: [m[Kunused parameter ‘[01m[KRawglobalPath[m[K’ [[01;35m[K-Wunused-parameter[m[K]
    3 | Point ReferenceLineProvider::GetAnchorPoint([01;35m[KEigen::MatrixXd &RawglobalPath[m[K,Eigen::VectorXd col){
      |                                             [01;35m[K~~~~~~~~~~~~~~~~~^~~~~~~~~~~~~[m[K

[01m[K/home/mm/longshan12_2/src/global/src/reference_line_provider.cpp:[m[K In member function ‘[01m[Kvoid ReferenceLineProvider::GetAnchorPoints(Eigen::MatrixXd&, std::vector<AnchorPoint>*)[m[K’:
[01m[K/home/mm/longshan12_2/src/global/src/reference_line_provider.cpp:18:26:[m[K [01;35m[Kwarning: [m[Kcomparison of integer expressions of different signedness: ‘[01m[Ksize_t[m[K’ {aka ‘[01m[Klong unsigned int[m[K’} and ‘[01m[KEigen::Index[m[K’ {aka ‘[01m[Klong int[m[K’} [[01;35m[K-Wsign-compare[m[K]
   18 |     for (size_t i = 0; [01;35m[Ki < RawglobalPath.cols()[m[K; ++i)
      |                        [01;35m[K~~^~~~~~~~~~~~~~~~~~~~~~[m[K
[01m[K/home/mm/longshan12_2/src/global/src/reference_line_provider.cpp:15:18:[m[K [01;35m[Kwarning: [m[Kunused variable ‘[01m[Kinterval[m[K’ [[01;35m[K-Wunused-variable[m[K]
   15 |     const double [01;35m[Kinterval[m[K =max_constraint_interval;
      |                  [01;35m[K^~~~~~~~[m[K
[01m[K/home/mm/longshan12_2/src/global/src/fem_pos_deviation_osqp_interface.cpp:[m[K In member function ‘[01m[Kbool FemPosDeviationOsqpInterface::Solve()[m[K’:
[01m[K/home/mm/longshan12_2/src/global/src/fem_pos_deviation_osqp_interface.cpp:39:26:[m[K [01;35m[Kwarning: [m[Kcomparison of integer expressions of different signedness: ‘[01m[Kstd::vector<std::pair<double, double> >::size_type[m[K’ {aka ‘[01m[Klong unsigned int[m[K’} and ‘[01m[Kint[m[K’ [[01;35m[K-Wsign-compare[m[K]
   39 |   if ([01;35m[Kref_points_.size() > std::numeric_limits<int>::max()[m[K) {
      |       [01;35m[K~~~~~~~~~~~~~~~~~~~^~~~~~~~~~~~~~~~~~~~~~~~~~~~~~~~~[m[K
[01m[K/home/mm/longshan12_2/src/global/src/global_node.cpp:[m[K In member function ‘[01m[Kvoid global_path_node::dest_callback(std_msgs::msg::Float64MultiArray_<std::allocator<void> >::SharedPtr)[m[K’:
[01m[K/home/mm/longshan12_2/src/global/src/global_node.cpp:89:42:[m[K [01;35m[Kwarning: [m[Kcomparison of integer expressions of different signedness: ‘[01m[Ksize_t[m[K’ {aka ‘[01m[Klong unsigned int[m[K’} and ‘[01m[KEigen::Index[m[K’ {aka ‘[01m[Klong int[m[K’} [[01;35m[K-Wsign-compare[m[K]
   89 |                     for (size_t i = 0; [01;35m[Ki < newglobalPath.cols()[m[K; i++)
      |                                        [01;35m[K~~^~~~~~~~~~~~~~~~~~~~~~[m[K
