[0.034s] Invoking command in '/home/mm/longshan12_2/build/global': AMENT_PREFIX_PATH=/home/mm/longshan12_2/install/ros2_path_interfaces:${AMENT_PREFIX_PATH} CMAKE_PREFIX_PATH=/home/mm/longshan12_2/install/ros2_path_interfaces:/opt/ros/foxy LD_LIBRARY_PATH=/home/mm/longshan12_2/install/ros2_path_interfaces/lib:/usr/lib/x86_64-linux-gnu/gazebo-11/plugins:/opt/ros/foxy/opt/yaml_cpp_vendor/lib:/opt/ros/foxy/opt/rviz_ogre_vendor/lib:/opt/ros/foxy/lib/x86_64-linux-gnu:/opt/ros/foxy/lib:/usr/local/lib/libosqp.so PYTHONPATH=/home/mm/longshan12_2/install/ros2_path_interfaces/lib/python3.8/site-packages:${PYTHONPATH} /usr/bin/cmake /home/mm/longshan12_2/src/global -DCMAKE_INSTALL_PREFIX=/home/mm/longshan12_2/install/global
[0.203s] -- The C compiler identification is GNU 9.4.0
[0.273s] -- The CXX compiler identification is GNU 9.4.0
[0.284s] -- Check for working C compiler: /usr/bin/cc
[0.394s] -- Check for working C compiler: /usr/bin/cc -- works
[0.396s] -- Detecting C compiler ABI info
[0.466s] -- Detecting C compiler ABI info - done
[0.484s] -- Detecting C compile features
[0.485s] -- Detecting C compile features - done
[0.489s] -- Check for working CXX compiler: /usr/bin/c++
[0.592s] -- Check for working CXX compiler: /usr/bin/c++ -- works
[0.593s] -- Detecting CXX compiler ABI info
[0.725s] -- Detecting CXX compiler ABI info - done
[0.788s] -- Detecting CXX compile features
[0.789s] -- Detecting CXX compile features - done
[0.800s] -- Found ament_cmake: 0.9.12 (/opt/ros/foxy/share/ament_cmake/cmake)
[0.858s] -- Found PythonInterp: /usr/bin/python3 (found suitable version "3.8.10", minimum required is "3") 
[0.858s] -- Using PYTHON_EXECUTABLE: /usr/bin/python3
[1.314s] -- Found rclcpp: 2.4.3 (/opt/ros/foxy/share/rclcpp/cmake)
[1.388s] -- Using all available rosidl_typesupport_c: rosidl_typesupport_fastrtps_c;rosidl_typesupport_introspection_c
[1.399s] -- Found rosidl_adapter: 1.3.1 (/opt/ros/foxy/share/rosidl_adapter/cmake)
[1.557s] -- Found OpenSSL: /usr/lib/x86_64-linux-gnu/libcrypto.so (found version "1.1.1f")  
[1.589s] -- Found FastRTPS: /opt/ros/foxy/include  
[1.702s] -- Using all available rosidl_typesupport_cpp: rosidl_typesupport_fastrtps_cpp;rosidl_typesupport_introspection_cpp
[1.799s] -- Found rmw_implementation_cmake: 1.0.4 (/opt/ros/foxy/share/rmw_implementation_cmake/cmake)
[1.803s] -- Using RMW implementation 'rmw_fastrtps_cpp' as default
[1.805s] -- Looking for pthread.h
[1.897s] -- Looking for pthread.h - found
[1.897s] -- Performing Test CMAKE_HAVE_LIBC_PTHREAD
[1.986s] -- Performing Test CMAKE_HAVE_LIBC_PTHREAD - Failed
[1.987s] -- Looking for pthread_create in pthreads
[2.056s] -- Looking for pthread_create in pthreads - not found
[2.057s] -- Looking for pthread_create in pthread
[2.150s] -- Looking for pthread_create in pthread - found
[2.151s] -- Found Threads: TRUE  
[2.369s] -- Found OpenCV: /usr (found version "4.2.0") 
[2.382s] -- Found ros2_path_interfaces: 0.0.0 (/home/mm/longshan12_2/install/ros2_path_interfaces/share/ros2_path_interfaces/cmake)
[2.396s] -- Found ament_lint_auto: 0.9.8 (/opt/ros/foxy/share/ament_lint_auto/cmake)
[2.494s] -- Added test 'copyright' to check source files copyright and LICENSE
[2.497s] -- Added test 'cppcheck' to perform static code analysis on C / C++ code
[2.497s] -- Configured cppcheck include dirs: /home/mm/longshan12_2/src/global/./include;$<BUILD_INTERFACE:/home/mm/longshan12_2/src/global/include>
[2.497s] -- Configured cppcheck exclude dirs and/or files: 
[2.499s] -- Added test 'cpplint' to check C / C++ code against the Google style
[2.499s] -- Configured cpplint exclude dirs and/or files: 
[2.500s] -- Added test 'flake8' to check Python code syntax and style conventions
[2.501s] -- Added test 'lint_cmake' to check CMake code style
[2.501s] -- Added test 'pep257' to check Python code against some of the style conventions in PEP 257
[2.503s] -- Added test 'uncrustify' to check C / C++ code style
[2.503s] -- Configured uncrustify additional arguments: 
[2.504s] -- Added test 'xmllint' to check XML markup files
[2.507s] -- Configuring done
[2.521s] -- Generating done
[2.523s] -- Build files have been written to: /home/mm/longshan12_2/build/global
[2.532s] Invoked command in '/home/mm/longshan12_2/build/global' returned '0': AMENT_PREFIX_PATH=/home/mm/longshan12_2/install/ros2_path_interfaces:${AMENT_PREFIX_PATH} CMAKE_PREFIX_PATH=/home/mm/longshan12_2/install/ros2_path_interfaces:/opt/ros/foxy LD_LIBRARY_PATH=/home/mm/longshan12_2/install/ros2_path_interfaces/lib:/usr/lib/x86_64-linux-gnu/gazebo-11/plugins:/opt/ros/foxy/opt/yaml_cpp_vendor/lib:/opt/ros/foxy/opt/rviz_ogre_vendor/lib:/opt/ros/foxy/lib/x86_64-linux-gnu:/opt/ros/foxy/lib:/usr/local/lib/libosqp.so PYTHONPATH=/home/mm/longshan12_2/install/ros2_path_interfaces/lib/python3.8/site-packages:${PYTHONPATH} /usr/bin/cmake /home/mm/longshan12_2/src/global -DCMAKE_INSTALL_PREFIX=/home/mm/longshan12_2/install/global
[2.535s] Invoking command in '/home/mm/longshan12_2/build/global': AMENT_PREFIX_PATH=/home/mm/longshan12_2/install/ros2_path_interfaces:${AMENT_PREFIX_PATH} CMAKE_PREFIX_PATH=/home/mm/longshan12_2/install/ros2_path_interfaces:/opt/ros/foxy LD_LIBRARY_PATH=/home/mm/longshan12_2/install/ros2_path_interfaces/lib:/usr/lib/x86_64-linux-gnu/gazebo-11/plugins:/opt/ros/foxy/opt/yaml_cpp_vendor/lib:/opt/ros/foxy/opt/rviz_ogre_vendor/lib:/opt/ros/foxy/lib/x86_64-linux-gnu:/opt/ros/foxy/lib:/usr/local/lib/libosqp.so PYTHONPATH=/home/mm/longshan12_2/install/ros2_path_interfaces/lib/python3.8/site-packages:${PYTHONPATH} /usr/bin/cmake --build /home/mm/longshan12_2/build/global -- -j4 -l4
[2.586s] [35m[1mScanning dependencies of target global_node[0m
[2.743s] [ 14%] [32mBuilding CXX object CMakeFiles/global_node.dir/src/discrete_points_reference_line_smoother.cpp.o[0m
[4.914s] [01m[K/home/mm/longshan12_2/src/global/src/discrete_points_reference_line_smoother.cpp:[m[K In member function ‘[01m[Kbool DiscretePointsReferenceLineSmoother::Smooth(const MatrixXd&, Eigen::MatrixXd&)[m[K’:
[4.914s] [01m[K/home/mm/longshan12_2/src/global/src/discrete_points_reference_line_smoother.cpp:8:73:[m[K [01;35m[Kwarning: [m[Kunused parameter ‘[01m[Kraw_reference_line[m[K’ [[01;35m[K-Wunused-parameter[m[K]
[4.914s]     8 | tePointsReferenceLineSmoother::Smooth([01;35m[Kconst Eigen::MatrixXd& raw_reference_line[m[K,Eigen::MatrixXd &smoothed_reference_line){
[4.914s]       |                                       [01;35m[K~~~~~~~~~~~~~~~~~~~~~~~^~~~~~~~~~~~~~~~~~[m[K
[4.914s] 
[4.937s] [01m[K/home/mm/longshan12_2/src/global/src/discrete_points_reference_line_smoother.cpp:[m[K In member function ‘[01m[Kvoid DiscretePointsReferenceLineSmoother::referencePath(const MatrixXd&, Eigen::MatrixXd&)[m[K’:
[4.938s] [01m[K/home/mm/longshan12_2/src/global/src/discrete_points_reference_line_smoother.cpp:191:30:[m[K [01;35m[Kwarning: [m[Kcomparison of integer expressions of different signedness: ‘[01m[Ksize_t[m[K’ {aka ‘[01m[Klong unsigned int[m[K’} and ‘[01m[KEigen::Index[m[K’ {aka ‘[01m[Klong int[m[K’} [[01;35m[K-Wsign-compare[m[K]
[4.938s]   191 |         for (size_t i = 0; [01;35m[Ki < path.cols()[m[K; ++i)
[4.938s]       |                            [01;35m[K~~^~~~~~~~~~~~~[m[K
[5.692s] [ 28%] [32mBuilding CXX object CMakeFiles/global_node.dir/src/map.cpp.o[0m
[9.138s] [ 42%] [32mBuilding CXX object CMakeFiles/global_node.dir/src/reference_line_provider.cpp.o[0m
[11.256s] [01m[K/home/mm/longshan12_2/src/global/src/reference_line_provider.cpp:[m[K In member function ‘[01m[KAnchorPoint ReferenceLineProvider::GetAnchorPoint(Eigen::MatrixXd&, Eigen::VectorXd)[m[K’:
[11.256s] [01m[K/home/mm/longshan12_2/src/global/src/reference_line_provider.cpp:6:18:[m[K [01;35m[Kwarning: [m[Kunused variable ‘[01m[Kadc_width[m[K’ [[01;35m[K-Wunused-variable[m[K]
[11.256s]     6 |     const double [01;35m[Kadc_width[m[K = vehicle_width;
[11.256s]       |                  [01;35m[K^~~~~~~~~[m[K
[11.256s] [01m[K/home/mm/longshan12_2/src/global/src/reference_line_provider.cpp:3:68:[m[K [01;35m[Kwarning: [m[Kunused parameter ‘[01m[KRawglobalPath[m[K’ [[01;35m[K-Wunused-parameter[m[K]
[11.257s]     3 | Point ReferenceLineProvider::GetAnchorPoint([01;35m[KEigen::MatrixXd &RawglobalPath[m[K,Eigen::VectorXd col){
[11.257s]       |                                             [01;35m[K~~~~~~~~~~~~~~~~~^~~~~~~~~~~~~[m[K
[11.257s] 
[11.266s] [01m[K/home/mm/longshan12_2/src/global/src/reference_line_provider.cpp:[m[K In member function ‘[01m[Kvoid ReferenceLineProvider::GetAnchorPoints(Eigen::MatrixXd&, std::vector<AnchorPoint>*)[m[K’:
[11.266s] [01m[K/home/mm/longshan12_2/src/global/src/reference_line_provider.cpp:18:26:[m[K [01;35m[Kwarning: [m[Kcomparison of integer expressions of different signedness: ‘[01m[Ksize_t[m[K’ {aka ‘[01m[Klong unsigned int[m[K’} and ‘[01m[KEigen::Index[m[K’ {aka ‘[01m[Klong int[m[K’} [[01;35m[K-Wsign-compare[m[K]
[11.266s]    18 |     for (size_t i = 0; [01;35m[Ki < RawglobalPath.cols()[m[K; ++i)
[11.266s]       |                        [01;35m[K~~^~~~~~~~~~~~~~~~~~~~~~[m[K
[11.276s] [01m[K/home/mm/longshan12_2/src/global/src/reference_line_provider.cpp:15:18:[m[K [01;35m[Kwarning: [m[Kunused variable ‘[01m[Kinterval[m[K’ [[01;35m[K-Wunused-variable[m[K]
[11.276s]    15 |     const double [01;35m[Kinterval[m[K =max_constraint_interval;
[11.276s]       |                  [01;35m[K^~~~~~~~[m[K
[11.804s] [ 57%] [32mBuilding CXX object CMakeFiles/global_node.dir/src/toolKits.cpp.o[0m
[13.979s] [ 71%] [32mBuilding CXX object CMakeFiles/global_node.dir/src/global_node.cpp.o[0m
[13.986s] [ 85%] [32mBuilding CXX object CMakeFiles/global_node.dir/src/fem_pos_deviation_osqp_interface.cpp.o[0m
[14.244s] [01m[K/home/mm/longshan12_2/src/global/src/fem_pos_deviation_osqp_interface.cpp:[m[K In member function ‘[01m[Kbool FemPosDeviationOsqpInterface::Solve()[m[K’:
[14.244s] [01m[K/home/mm/longshan12_2/src/global/src/fem_pos_deviation_osqp_interface.cpp:39:26:[m[K [01;35m[Kwarning: [m[Kcomparison of integer expressions of different signedness: ‘[01m[Kstd::vector<std::pair<double, double> >::size_type[m[K’ {aka ‘[01m[Klong unsigned int[m[K’} and ‘[01m[Kint[m[K’ [[01;35m[K-Wsign-compare[m[K]
[14.244s]    39 |   if ([01;35m[Kref_points_.size() > std::numeric_limits<int>::max()[m[K) {
[14.244s]       |       [01;35m[K~~~~~~~~~~~~~~~~~~~^~~~~~~~~~~~~~~~~~~~~~~~~~~~~~~~~[m[K
[16.973s] [01m[K/home/mm/longshan12_2/src/global/src/global_node.cpp:[m[K In member function ‘[01m[Kvoid global_path_node::dest_callback(std_msgs::msg::Float64MultiArray_<std::allocator<void> >::SharedPtr)[m[K’:
[16.973s] [01m[K/home/mm/longshan12_2/src/global/src/global_node.cpp:89:42:[m[K [01;35m[Kwarning: [m[Kcomparison of integer expressions of different signedness: ‘[01m[Ksize_t[m[K’ {aka ‘[01m[Klong unsigned int[m[K’} and ‘[01m[KEigen::Index[m[K’ {aka ‘[01m[Klong int[m[K’} [[01;35m[K-Wsign-compare[m[K]
[16.973s]    89 |                     for (size_t i = 0; [01;35m[Ki < newglobalPath.cols()[m[K; i++)
[16.973s]       |                                        [01;35m[K~~^~~~~~~~~~~~~~~~~~~~~~[m[K
[21.665s] [100%] [32m[1mLinking CXX executable global_node[0m
[22.323s] [100%] Built target global_node
[22.346s] Invoked command in '/home/mm/longshan12_2/build/global' returned '0': AMENT_PREFIX_PATH=/home/mm/longshan12_2/install/ros2_path_interfaces:${AMENT_PREFIX_PATH} CMAKE_PREFIX_PATH=/home/mm/longshan12_2/install/ros2_path_interfaces:/opt/ros/foxy LD_LIBRARY_PATH=/home/mm/longshan12_2/install/ros2_path_interfaces/lib:/usr/lib/x86_64-linux-gnu/gazebo-11/plugins:/opt/ros/foxy/opt/yaml_cpp_vendor/lib:/opt/ros/foxy/opt/rviz_ogre_vendor/lib:/opt/ros/foxy/lib/x86_64-linux-gnu:/opt/ros/foxy/lib:/usr/local/lib/libosqp.so PYTHONPATH=/home/mm/longshan12_2/install/ros2_path_interfaces/lib/python3.8/site-packages:${PYTHONPATH} /usr/bin/cmake --build /home/mm/longshan12_2/build/global -- -j4 -l4
[22.480s] Invoking command in '/home/mm/longshan12_2/build/global': AMENT_PREFIX_PATH=/home/mm/longshan12_2/install/ros2_path_interfaces:${AMENT_PREFIX_PATH} CMAKE_PREFIX_PATH=/home/mm/longshan12_2/install/ros2_path_interfaces:/opt/ros/foxy LD_LIBRARY_PATH=/home/mm/longshan12_2/install/ros2_path_interfaces/lib:/usr/lib/x86_64-linux-gnu/gazebo-11/plugins:/opt/ros/foxy/opt/yaml_cpp_vendor/lib:/opt/ros/foxy/opt/rviz_ogre_vendor/lib:/opt/ros/foxy/lib/x86_64-linux-gnu:/opt/ros/foxy/lib:/usr/local/lib/libosqp.so PYTHONPATH=/home/mm/longshan12_2/install/ros2_path_interfaces/lib/python3.8/site-packages:${PYTHONPATH} /usr/bin/cmake --install /home/mm/longshan12_2/build/global
[22.490s] -- Install configuration: ""
[22.490s] -- Installing: /home/mm/longshan12_2/install/global/lib/global/global_node
[22.493s] -- Set runtime path of "/home/mm/longshan12_2/install/global/lib/global/global_node" to ""
[22.493s] -- Installing: /home/mm/longshan12_2/install/global/share/global/launch
[22.493s] -- Installing: /home/mm/longshan12_2/install/global/share/global/launch/global.launch.py
[22.493s] -- Installing: /home/mm/longshan12_2/install/global/share/ament_index/resource_index/package_run_dependencies/global
[22.494s] -- Installing: /home/mm/longshan12_2/install/global/share/ament_index/resource_index/parent_prefix_path/global
[22.494s] -- Installing: /home/mm/longshan12_2/install/global/share/global/environment/ament_prefix_path.sh
[22.494s] -- Installing: /home/mm/longshan12_2/install/global/share/global/environment/ament_prefix_path.dsv
[22.494s] -- Installing: /home/mm/longshan12_2/install/global/share/global/environment/path.sh
[22.494s] -- Installing: /home/mm/longshan12_2/install/global/share/global/environment/path.dsv
[22.494s] -- Installing: /home/mm/longshan12_2/install/global/share/global/local_setup.bash
[22.495s] -- Installing: /home/mm/longshan12_2/install/global/share/global/local_setup.sh
[22.495s] -- Installing: /home/mm/longshan12_2/install/global/share/global/local_setup.zsh
[22.495s] -- Installing: /home/mm/longshan12_2/install/global/share/global/local_setup.dsv
[22.495s] -- Installing: /home/mm/longshan12_2/install/global/share/global/package.dsv
[22.495s] -- Installing: /home/mm/longshan12_2/install/global/share/ament_index/resource_index/packages/global
[22.495s] -- Installing: /home/mm/longshan12_2/install/global/share/global/cmake/globalConfig.cmake
[22.495s] -- Installing: /home/mm/longshan12_2/install/global/share/global/cmake/globalConfig-version.cmake
[22.496s] -- Installing: /home/mm/longshan12_2/install/global/share/global/package.xml
[22.498s] Invoked command in '/home/mm/longshan12_2/build/global' returned '0': AMENT_PREFIX_PATH=/home/mm/longshan12_2/install/ros2_path_interfaces:${AMENT_PREFIX_PATH} CMAKE_PREFIX_PATH=/home/mm/longshan12_2/install/ros2_path_interfaces:/opt/ros/foxy LD_LIBRARY_PATH=/home/mm/longshan12_2/install/ros2_path_interfaces/lib:/usr/lib/x86_64-linux-gnu/gazebo-11/plugins:/opt/ros/foxy/opt/yaml_cpp_vendor/lib:/opt/ros/foxy/opt/rviz_ogre_vendor/lib:/opt/ros/foxy/lib/x86_64-linux-gnu:/opt/ros/foxy/lib:/usr/local/lib/libosqp.so PYTHONPATH=/home/mm/longshan12_2/install/ros2_path_interfaces/lib/python3.8/site-packages:${PYTHONPATH} /usr/bin/cmake --install /home/mm/longshan12_2/build/global
