[0.060s] Invoking command in '/home/mm/longshan11_6/build/ros2_path_interfaces': CMAKE_PREFIX_PATH=/opt/ros/foxy /usr/bin/cmake --build /home/mm/longshan11_6/build/ros2_path_interfaces -- -j4 -l4
[0.367s] [  9%] Built target ros2_path_interfaces__rosidl_generator_c
[0.382s] [ 12%] Built target ros2_path_interfaces__cpp
[0.474s] [ 22%] Built target ros2_path_interfaces__rosidl_typesupport_c
[0.476s] [ 32%] Built target ros2_path_interfaces__rosidl_typesupport_introspection_c
[0.506s] [ 41%] Built target ros2_path_interfaces__rosidl_typesupport_cpp
[0.518s] [ 51%] Built target ros2_path_interfaces__rosidl_typesupport_fastrtps_cpp
[0.553s] [ 61%] Built target ros2_path_interfaces__rosidl_typesupport_introspection_cpp
[0.573s] [ 70%] Built target ros2_path_interfaces__rosidl_typesupport_fastrtps_c
[0.621s] [ 70%] Built target ros2_path_interfaces
[0.713s] [ 74%] Built target ros2_path_interfaces__py
[0.788s] [ 80%] Built target ros2_path_interfaces__python
[0.922s] [ 87%] Built target ros2_path_interfaces__rosidl_typesupport_introspection_c__pyext
[0.922s] [ 93%] Built target ros2_path_interfaces__rosidl_typesupport_c__pyext
[0.925s] [100%] Built target ros2_path_interfaces__rosidl_typesupport_fastrtps_c__pyext
[1.283s] Invoked command in '/home/mm/longshan11_6/build/ros2_path_interfaces' returned '0': CMAKE_PREFIX_PATH=/opt/ros/foxy /usr/bin/cmake --build /home/mm/longshan11_6/build/ros2_path_interfaces -- -j4 -l4
[1.397s] Invoking command in '/home/mm/longshan11_6/build/ros2_path_interfaces': CMAKE_PREFIX_PATH=/opt/ros/foxy /usr/bin/cmake --install /home/mm/longshan11_6/build/ros2_path_interfaces
[1.430s] -- Install configuration: ""
[1.431s] -- Up-to-date: /home/mm/longshan11_6/install/ros2_path_interfaces/share/ament_index/resource_index/rosidl_interfaces/ros2_path_interfaces
[1.432s] -- Up-to-date: /home/mm/longshan11_6/install/ros2_path_interfaces/include/ros2_path_interfaces
[1.433s] -- Up-to-date: /home/mm/longshan11_6/install/ros2_path_interfaces/include/ros2_path_interfaces/srv
[1.433s] -- Up-to-date: /home/mm/longshan11_6/install/ros2_path_interfaces/include/ros2_path_interfaces/srv/path_interfaces.h
[1.434s] -- Up-to-date: /home/mm/longshan11_6/install/ros2_path_interfaces/include/ros2_path_interfaces/srv/detail
[1.435s] -- Up-to-date: /home/mm/longshan11_6/install/ros2_path_interfaces/include/ros2_path_interfaces/srv/detail/path_interfaces__type_support.h
[1.436s] -- Up-to-date: /home/mm/longshan11_6/install/ros2_path_interfaces/include/ros2_path_interfaces/srv/detail/path_interfaces__struct.h
[1.437s] -- Up-to-date: /home/mm/longshan11_6/install/ros2_path_interfaces/include/ros2_path_interfaces/srv/detail/path_interfaces__functions.h
[1.438s] -- Up-to-date: /home/mm/longshan11_6/install/ros2_path_interfaces/include/ros2_path_interfaces/srv/detail/path_interfaces__functions.c
[1.439s] -- Up-to-date: /home/mm/longshan11_6/install/ros2_path_interfaces/include/ros2_path_interfaces/msg
[1.439s] -- Up-to-date: /home/mm/longshan11_6/install/ros2_path_interfaces/include/ros2_path_interfaces/msg/rosidl_generator_c__visibility_control.h
[1.440s] -- Up-to-date: /home/mm/longshan11_6/install/ros2_path_interfaces/share/ros2_path_interfaces/environment/library_path.sh
[1.441s] -- Up-to-date: /home/mm/longshan11_6/install/ros2_path_interfaces/share/ros2_path_interfaces/environment/library_path.dsv
[1.443s] -- Up-to-date: /home/mm/longshan11_6/install/ros2_path_interfaces/lib/libros2_path_interfaces__rosidl_generator_c.so
[1.445s] -- Up-to-date: /home/mm/longshan11_6/install/ros2_path_interfaces/include/ros2_path_interfaces
[1.445s] -- Up-to-date: /home/mm/longshan11_6/install/ros2_path_interfaces/include/ros2_path_interfaces/srv
[1.447s] -- Up-to-date: /home/mm/longshan11_6/install/ros2_path_interfaces/include/ros2_path_interfaces/srv/detail
[1.448s] -- Up-to-date: /home/mm/longshan11_6/install/ros2_path_interfaces/include/ros2_path_interfaces/srv/detail/path_interfaces__rosidl_typesupport_fastrtps_c.h
[1.448s] -- Up-to-date: /home/mm/longshan11_6/install/ros2_path_interfaces/include/ros2_path_interfaces/msg
[1.449s] -- Up-to-date: /home/mm/longshan11_6/install/ros2_path_interfaces/include/ros2_path_interfaces/msg/rosidl_typesupport_fastrtps_c__visibility_control.h
[1.455s] -- Up-to-date: /home/mm/longshan11_6/install/ros2_path_interfaces/lib/libros2_path_interfaces__rosidl_typesupport_fastrtps_c.so
[1.456s] -- Up-to-date: /home/mm/longshan11_6/install/ros2_path_interfaces/include/ros2_path_interfaces
[1.459s] -- Up-to-date: /home/mm/longshan11_6/install/ros2_path_interfaces/include/ros2_path_interfaces/srv
[1.459s] -- Up-to-date: /home/mm/longshan11_6/install/ros2_path_interfaces/include/ros2_path_interfaces/srv/detail
[1.460s] -- Up-to-date: /home/mm/longshan11_6/install/ros2_path_interfaces/include/ros2_path_interfaces/srv/detail/dds_fastrtps
[1.460s] -- Up-to-date: /home/mm/longshan11_6/install/ros2_path_interfaces/include/ros2_path_interfaces/srv/detail/path_interfaces__rosidl_typesupport_fastrtps_cpp.hpp
[1.463s] -- Up-to-date: /home/mm/longshan11_6/install/ros2_path_interfaces/include/ros2_path_interfaces/msg
[1.463s] -- Up-to-date: /home/mm/longshan11_6/install/ros2_path_interfaces/include/ros2_path_interfaces/msg/rosidl_typesupport_fastrtps_cpp__visibility_control.h
[1.464s] -- Up-to-date: /home/mm/longshan11_6/install/ros2_path_interfaces/lib/libros2_path_interfaces__rosidl_typesupport_fastrtps_cpp.so
[1.468s] -- Up-to-date: /home/mm/longshan11_6/install/ros2_path_interfaces/include/ros2_path_interfaces
[1.469s] -- Up-to-date: /home/mm/longshan11_6/install/ros2_path_interfaces/include/ros2_path_interfaces/srv
[1.469s] -- Up-to-date: /home/mm/longshan11_6/install/ros2_path_interfaces/include/ros2_path_interfaces/srv/detail
[1.470s] -- Up-to-date: /home/mm/longshan11_6/install/ros2_path_interfaces/include/ros2_path_interfaces/srv/detail/path_interfaces__rosidl_typesupport_introspection_c.h
[1.470s] -- Up-to-date: /home/mm/longshan11_6/install/ros2_path_interfaces/include/ros2_path_interfaces/srv/detail/path_interfaces__type_support.c
[1.470s] -- Up-to-date: /home/mm/longshan11_6/install/ros2_path_interfaces/include/ros2_path_interfaces/msg
[1.471s] -- Up-to-date: /home/mm/longshan11_6/install/ros2_path_interfaces/include/ros2_path_interfaces/msg/rosidl_typesupport_introspection_c__visibility_control.h
[1.482s] -- Up-to-date: /home/mm/longshan11_6/install/ros2_path_interfaces/lib/libros2_path_interfaces__rosidl_typesupport_introspection_c.so
[1.485s] -- Up-to-date: /home/mm/longshan11_6/install/ros2_path_interfaces/lib/libros2_path_interfaces__rosidl_typesupport_c.so
[1.486s] -- Up-to-date: /home/mm/longshan11_6/install/ros2_path_interfaces/include/ros2_path_interfaces
[1.486s] -- Up-to-date: /home/mm/longshan11_6/install/ros2_path_interfaces/include/ros2_path_interfaces/srv
[1.486s] -- Up-to-date: /home/mm/longshan11_6/install/ros2_path_interfaces/include/ros2_path_interfaces/srv/path_interfaces.hpp
[1.487s] -- Up-to-date: /home/mm/longshan11_6/install/ros2_path_interfaces/include/ros2_path_interfaces/srv/detail
[1.487s] -- Up-to-date: /home/mm/longshan11_6/install/ros2_path_interfaces/include/ros2_path_interfaces/srv/detail/path_interfaces__traits.hpp
[1.487s] -- Up-to-date: /home/mm/longshan11_6/install/ros2_path_interfaces/include/ros2_path_interfaces/srv/detail/path_interfaces__struct.hpp
[1.488s] -- Up-to-date: /home/mm/longshan11_6/install/ros2_path_interfaces/include/ros2_path_interfaces/srv/detail/path_interfaces__type_support.hpp
[1.488s] -- Up-to-date: /home/mm/longshan11_6/install/ros2_path_interfaces/include/ros2_path_interfaces/srv/detail/path_interfaces__builder.hpp
[1.488s] -- Up-to-date: /home/mm/longshan11_6/install/ros2_path_interfaces/include/ros2_path_interfaces/msg
[1.488s] -- Up-to-date: /home/mm/longshan11_6/install/ros2_path_interfaces/include/ros2_path_interfaces/msg/rosidl_generator_cpp__visibility_control.hpp
[1.489s] -- Up-to-date: /home/mm/longshan11_6/install/ros2_path_interfaces/include/ros2_path_interfaces
[1.494s] -- Up-to-date: /home/mm/longshan11_6/install/ros2_path_interfaces/include/ros2_path_interfaces/srv
[1.494s] -- Up-to-date: /home/mm/longshan11_6/install/ros2_path_interfaces/include/ros2_path_interfaces/srv/detail
[1.495s] -- Up-to-date: /home/mm/longshan11_6/install/ros2_path_interfaces/include/ros2_path_interfaces/srv/detail/path_interfaces__rosidl_typesupport_introspection_cpp.hpp
[1.495s] -- Up-to-date: /home/mm/longshan11_6/install/ros2_path_interfaces/include/ros2_path_interfaces/srv/detail/path_interfaces__type_support.cpp
[1.502s] -- Up-to-date: /home/mm/longshan11_6/install/ros2_path_interfaces/lib/libros2_path_interfaces__rosidl_typesupport_introspection_cpp.so
[1.506s] -- Up-to-date: /home/mm/longshan11_6/install/ros2_path_interfaces/lib/libros2_path_interfaces__rosidl_typesupport_cpp.so
[1.506s] -- Up-to-date: /home/mm/longshan11_6/install/ros2_path_interfaces/share/ros2_path_interfaces/environment/pythonpath.sh
[1.507s] -- Up-to-date: /home/mm/longshan11_6/install/ros2_path_interfaces/share/ros2_path_interfaces/environment/pythonpath.dsv
[1.507s] -- Up-to-date: /home/mm/longshan11_6/install/ros2_path_interfaces/lib/python3.8/site-packages/ros2_path_interfaces/__init__.py
[1.653s] -- Up-to-date: /home/mm/longshan11_6/install/ros2_path_interfaces/lib/python3.8/site-packages/ros2_path_interfaces/srv
[1.653s] -- Up-to-date: /home/mm/longshan11_6/install/ros2_path_interfaces/lib/python3.8/site-packages/ros2_path_interfaces/srv/__init__.py
[1.653s] -- Up-to-date: /home/mm/longshan11_6/install/ros2_path_interfaces/lib/python3.8/site-packages/ros2_path_interfaces/srv/_path_interfaces.py
[1.653s] -- Up-to-date: /home/mm/longshan11_6/install/ros2_path_interfaces/lib/python3.8/site-packages/ros2_path_interfaces/srv/_path_interfaces_s.c
[1.655s] -- Up-to-date: /home/mm/longshan11_6/install/ros2_path_interfaces/lib/python3.8/site-packages/ros2_path_interfaces/ros2_path_interfaces_s__rosidl_typesupport_fastrtps_c.cpython-38-x86_64-linux-gnu.so
[1.656s] -- Up-to-date: /home/mm/longshan11_6/install/ros2_path_interfaces/lib/python3.8/site-packages/ros2_path_interfaces/ros2_path_interfaces_s__rosidl_typesupport_introspection_c.cpython-38-x86_64-linux-gnu.so
[1.661s] -- Up-to-date: /home/mm/longshan11_6/install/ros2_path_interfaces/lib/python3.8/site-packages/ros2_path_interfaces/ros2_path_interfaces_s__rosidl_typesupport_c.cpython-38-x86_64-linux-gnu.so
[1.664s] -- Up-to-date: /home/mm/longshan11_6/install/ros2_path_interfaces/lib/libros2_path_interfaces__python.so
[1.664s] -- Up-to-date: /home/mm/longshan11_6/install/ros2_path_interfaces/share/ros2_path_interfaces/srv/PathInterfaces.idl
[1.665s] -- Up-to-date: /home/mm/longshan11_6/install/ros2_path_interfaces/share/ros2_path_interfaces/srv/PathInterfaces.srv
[1.665s] -- Up-to-date: /home/mm/longshan11_6/install/ros2_path_interfaces/share/ros2_path_interfaces/srv/PathInterfaces_Request.msg
[1.665s] -- Up-to-date: /home/mm/longshan11_6/install/ros2_path_interfaces/share/ros2_path_interfaces/srv/PathInterfaces_Response.msg
[1.674s] -- Up-to-date: /home/mm/longshan11_6/install/ros2_path_interfaces/share/ament_index/resource_index/package_run_dependencies/ros2_path_interfaces
[1.674s] -- Up-to-date: /home/mm/longshan11_6/install/ros2_path_interfaces/share/ament_index/resource_index/parent_prefix_path/ros2_path_interfaces
[1.674s] -- Up-to-date: /home/mm/longshan11_6/install/ros2_path_interfaces/share/ros2_path_interfaces/environment/ament_prefix_path.sh
[1.675s] -- Up-to-date: /home/mm/longshan11_6/install/ros2_path_interfaces/share/ros2_path_interfaces/environment/ament_prefix_path.dsv
[1.675s] -- Up-to-date: /home/mm/longshan11_6/install/ros2_path_interfaces/share/ros2_path_interfaces/environment/path.sh
[1.676s] -- Up-to-date: /home/mm/longshan11_6/install/ros2_path_interfaces/share/ros2_path_interfaces/environment/path.dsv
[1.676s] -- Up-to-date: /home/mm/longshan11_6/install/ros2_path_interfaces/share/ros2_path_interfaces/local_setup.bash
[1.677s] -- Up-to-date: /home/mm/longshan11_6/install/ros2_path_interfaces/share/ros2_path_interfaces/local_setup.sh
[1.677s] -- Up-to-date: /home/mm/longshan11_6/install/ros2_path_interfaces/share/ros2_path_interfaces/local_setup.zsh
[1.677s] -- Up-to-date: /home/mm/longshan11_6/install/ros2_path_interfaces/share/ros2_path_interfaces/local_setup.dsv
[1.678s] -- Installing: /home/mm/longshan11_6/install/ros2_path_interfaces/share/ros2_path_interfaces/package.dsv
[1.682s] -- Up-to-date: /home/mm/longshan11_6/install/ros2_path_interfaces/share/ament_index/resource_index/packages/ros2_path_interfaces
[1.690s] -- Up-to-date: /home/mm/longshan11_6/install/ros2_path_interfaces/share/ros2_path_interfaces/cmake/ros2_path_interfaces__rosidl_generator_cExport.cmake
[1.691s] -- Up-to-date: /home/mm/longshan11_6/install/ros2_path_interfaces/share/ros2_path_interfaces/cmake/ros2_path_interfaces__rosidl_generator_cExport-noconfig.cmake
[1.692s] -- Up-to-date: /home/mm/longshan11_6/install/ros2_path_interfaces/share/ros2_path_interfaces/cmake/ros2_path_interfaces__rosidl_typesupport_introspection_cExport.cmake
[1.692s] -- Up-to-date: /home/mm/longshan11_6/install/ros2_path_interfaces/share/ros2_path_interfaces/cmake/ros2_path_interfaces__rosidl_typesupport_introspection_cExport-noconfig.cmake
[1.694s] -- Up-to-date: /home/mm/longshan11_6/install/ros2_path_interfaces/share/ros2_path_interfaces/cmake/ros2_path_interfaces__rosidl_typesupport_cExport.cmake
[1.694s] -- Up-to-date: /home/mm/longshan11_6/install/ros2_path_interfaces/share/ros2_path_interfaces/cmake/ros2_path_interfaces__rosidl_typesupport_cExport-noconfig.cmake
[1.695s] -- Up-to-date: /home/mm/longshan11_6/install/ros2_path_interfaces/share/ros2_path_interfaces/cmake/ros2_path_interfaces__rosidl_generator_cppExport.cmake
[1.696s] -- Up-to-date: /home/mm/longshan11_6/install/ros2_path_interfaces/share/ros2_path_interfaces/cmake/ros2_path_interfaces__rosidl_typesupport_introspection_cppExport.cmake
[1.703s] -- Up-to-date: /home/mm/longshan11_6/install/ros2_path_interfaces/share/ros2_path_interfaces/cmake/ros2_path_interfaces__rosidl_typesupport_introspection_cppExport-noconfig.cmake
[1.704s] -- Up-to-date: /home/mm/longshan11_6/install/ros2_path_interfaces/share/ros2_path_interfaces/cmake/ros2_path_interfaces__rosidl_typesupport_cppExport.cmake
[1.705s] -- Up-to-date: /home/mm/longshan11_6/install/ros2_path_interfaces/share/ros2_path_interfaces/cmake/ros2_path_interfaces__rosidl_typesupport_cppExport-noconfig.cmake
[1.705s] -- Up-to-date: /home/mm/longshan11_6/install/ros2_path_interfaces/share/ros2_path_interfaces/cmake/rosidl_cmake-extras.cmake
[1.705s] -- Up-to-date: /home/mm/longshan11_6/install/ros2_path_interfaces/share/ros2_path_interfaces/cmake/ament_cmake_export_dependencies-extras.cmake
[1.706s] -- Up-to-date: /home/mm/longshan11_6/install/ros2_path_interfaces/share/ros2_path_interfaces/cmake/ament_cmake_export_libraries-extras.cmake
[1.706s] -- Up-to-date: /home/mm/longshan11_6/install/ros2_path_interfaces/share/ros2_path_interfaces/cmake/ament_cmake_export_targets-extras.cmake
[1.706s] -- Up-to-date: /home/mm/longshan11_6/install/ros2_path_interfaces/share/ros2_path_interfaces/cmake/ament_cmake_export_include_directories-extras.cmake
[1.707s] -- Up-to-date: /home/mm/longshan11_6/install/ros2_path_interfaces/share/ros2_path_interfaces/cmake/rosidl_cmake_export_typesupport_libraries-extras.cmake
[1.707s] -- Up-to-date: /home/mm/longshan11_6/install/ros2_path_interfaces/share/ros2_path_interfaces/cmake/rosidl_cmake_export_typesupport_targets-extras.cmake
[1.707s] -- Up-to-date: /home/mm/longshan11_6/install/ros2_path_interfaces/share/ros2_path_interfaces/cmake/ros2_path_interfacesConfig.cmake
[1.708s] -- Up-to-date: /home/mm/longshan11_6/install/ros2_path_interfaces/share/ros2_path_interfaces/cmake/ros2_path_interfacesConfig-version.cmake
[1.708s] -- Up-to-date: /home/mm/longshan11_6/install/ros2_path_interfaces/share/ros2_path_interfaces/package.xml
[1.730s] Invoked command in '/home/mm/longshan11_6/build/ros2_path_interfaces' returned '0': CMAKE_PREFIX_PATH=/opt/ros/foxy /usr/bin/cmake --install /home/mm/longshan11_6/build/ros2_path_interfaces
