[0.285s] Invoking command in '/home/mm/longshan11_6/build/gnss': CMAKE_PREFIX_PATH=/opt/ros/foxy /usr/bin/cmake --build /home/mm/longshan11_6/build/gnss -- -j4 -l4
[0.373s] [  1%] Built target gnss__cpp
[0.384s] [ 10%] Built target gnss__rosidl_generator_c
[0.418s] [ 19%] Built target gnss__rosidl_typesupport_cpp
[0.429s] [ 28%] Built target gnss__rosidl_typesupport_fastrtps_cpp
[0.445s] [ 37%] Built target gnss__rosidl_typesupport_introspection_cpp
[0.457s] [ 46%] Built target gnss__rosidl_typesupport_c
[0.464s] [ 55%] Built target gnss__rosidl_typesupport_introspection_c
[0.497s] [ 64%] Built target gnss__rosidl_typesupport_fastrtps_c
[0.574s] [ 64%] Built target gnss
[0.651s] [ 73%] Built target gnss_lib
[0.665s] [ 75%] Built target gnss__py
[0.683s] [ 78%] Built target gnss_sync_node
[0.713s] [ 85%] Built target gnss__python
[0.719s] [ 89%] Built target gnss_node
[0.758s] [ 92%] Built target gnss__rosidl_typesupport_fastrtps_c__pyext
[0.774s] [ 96%] Built target gnss__rosidl_typesupport_c__pyext
[0.781s] [100%] Built target gnss__rosidl_typesupport_introspection_c__pyext
[0.830s] Invoked command in '/home/mm/longshan11_6/build/gnss' returned '0': CMAKE_PREFIX_PATH=/opt/ros/foxy /usr/bin/cmake --build /home/mm/longshan11_6/build/gnss -- -j4 -l4
[1.046s] Invoking command in '/home/mm/longshan11_6/build/gnss': CMAKE_PREFIX_PATH=/opt/ros/foxy /usr/bin/cmake --install /home/mm/longshan11_6/build/gnss
[1.064s] -- Install configuration: ""
[1.065s] -- Up-to-date: /home/mm/longshan11_6/install/gnss/share/ament_index/resource_index/rosidl_interfaces/gnss
[1.067s] -- Up-to-date: /home/mm/longshan11_6/install/gnss/include/gnss
[1.070s] -- Up-to-date: /home/mm/longshan11_6/install/gnss/include/gnss/msg
[1.072s] -- Up-to-date: /home/mm/longshan11_6/install/gnss/include/gnss/msg/ins.h
[1.072s] -- Up-to-date: /home/mm/longshan11_6/install/gnss/include/gnss/msg/message.h
[1.073s] -- Up-to-date: /home/mm/longshan11_6/install/gnss/include/gnss/msg/imu.h
[1.074s] -- Up-to-date: /home/mm/longshan11_6/install/gnss/include/gnss/msg/rosidl_generator_c__visibility_control.h
[1.075s] -- Up-to-date: /home/mm/longshan11_6/install/gnss/include/gnss/msg/detail
[1.075s] -- Up-to-date: /home/mm/longshan11_6/install/gnss/include/gnss/msg/detail/message__type_support.h
[1.076s] -- Up-to-date: /home/mm/longshan11_6/install/gnss/include/gnss/msg/detail/imu__functions.c
[1.076s] -- Up-to-date: /home/mm/longshan11_6/install/gnss/include/gnss/msg/detail/ins__type_support.h
[1.078s] -- Up-to-date: /home/mm/longshan11_6/install/gnss/include/gnss/msg/detail/imu__functions.h
[1.079s] -- Up-to-date: /home/mm/longshan11_6/install/gnss/include/gnss/msg/detail/message__functions.h
[1.079s] -- Up-to-date: /home/mm/longshan11_6/install/gnss/include/gnss/msg/detail/ins__functions.c
[1.079s] -- Up-to-date: /home/mm/longshan11_6/install/gnss/include/gnss/msg/detail/imu__type_support.h
[1.080s] -- Up-to-date: /home/mm/longshan11_6/install/gnss/include/gnss/msg/detail/message__struct.h
[1.080s] -- Up-to-date: /home/mm/longshan11_6/install/gnss/include/gnss/msg/detail/ins__functions.h
[1.082s] -- Up-to-date: /home/mm/longshan11_6/install/gnss/include/gnss/msg/detail/message__functions.c
[1.083s] -- Up-to-date: /home/mm/longshan11_6/install/gnss/include/gnss/msg/detail/imu__struct.h
[1.083s] -- Up-to-date: /home/mm/longshan11_6/install/gnss/include/gnss/msg/detail/ins__struct.h
[1.084s] -- Up-to-date: /home/mm/longshan11_6/install/gnss/share/gnss/environment/library_path.sh
[1.084s] -- Up-to-date: /home/mm/longshan11_6/install/gnss/share/gnss/environment/library_path.dsv
[1.084s] -- Up-to-date: /home/mm/longshan11_6/install/gnss/lib/libgnss__rosidl_generator_c.so
[1.085s] -- Up-to-date: /home/mm/longshan11_6/install/gnss/include/gnss
[1.097s] -- Up-to-date: /home/mm/longshan11_6/install/gnss/include/gnss/msg
[1.098s] -- Up-to-date: /home/mm/longshan11_6/install/gnss/include/gnss/msg/rosidl_typesupport_fastrtps_c__visibility_control.h
[1.098s] -- Up-to-date: /home/mm/longshan11_6/install/gnss/include/gnss/msg/detail
[1.098s] -- Up-to-date: /home/mm/longshan11_6/install/gnss/include/gnss/msg/detail/ins__rosidl_typesupport_fastrtps_c.h
[1.098s] -- Up-to-date: /home/mm/longshan11_6/install/gnss/include/gnss/msg/detail/message__rosidl_typesupport_fastrtps_c.h
[1.098s] -- Up-to-date: /home/mm/longshan11_6/install/gnss/include/gnss/msg/detail/imu__rosidl_typesupport_fastrtps_c.h
[1.098s] -- Up-to-date: /home/mm/longshan11_6/install/gnss/lib/libgnss__rosidl_typesupport_fastrtps_c.so
[1.098s] -- Up-to-date: /home/mm/longshan11_6/install/gnss/include/gnss
[1.098s] -- Up-to-date: /home/mm/longshan11_6/install/gnss/include/gnss/msg
[1.101s] -- Up-to-date: /home/mm/longshan11_6/install/gnss/include/gnss/msg/rosidl_typesupport_fastrtps_cpp__visibility_control.h
[1.101s] -- Up-to-date: /home/mm/longshan11_6/install/gnss/include/gnss/msg/detail
[1.101s] -- Up-to-date: /home/mm/longshan11_6/install/gnss/include/gnss/msg/detail/message__rosidl_typesupport_fastrtps_cpp.hpp
[1.102s] -- Up-to-date: /home/mm/longshan11_6/install/gnss/include/gnss/msg/detail/ins__rosidl_typesupport_fastrtps_cpp.hpp
[1.102s] -- Up-to-date: /home/mm/longshan11_6/install/gnss/include/gnss/msg/detail/dds_fastrtps
[1.102s] -- Up-to-date: /home/mm/longshan11_6/install/gnss/include/gnss/msg/detail/imu__rosidl_typesupport_fastrtps_cpp.hpp
[1.102s] -- Up-to-date: /home/mm/longshan11_6/install/gnss/lib/libgnss__rosidl_typesupport_fastrtps_cpp.so
[1.102s] -- Up-to-date: /home/mm/longshan11_6/install/gnss/include/gnss
[1.102s] -- Up-to-date: /home/mm/longshan11_6/install/gnss/include/gnss/msg
[1.102s] -- Up-to-date: /home/mm/longshan11_6/install/gnss/include/gnss/msg/rosidl_typesupport_introspection_c__visibility_control.h
[1.102s] -- Up-to-date: /home/mm/longshan11_6/install/gnss/include/gnss/msg/detail
[1.102s] -- Up-to-date: /home/mm/longshan11_6/install/gnss/include/gnss/msg/detail/ins__type_support.c
[1.105s] -- Up-to-date: /home/mm/longshan11_6/install/gnss/include/gnss/msg/detail/message__type_support.c
[1.105s] -- Up-to-date: /home/mm/longshan11_6/install/gnss/include/gnss/msg/detail/imu__type_support.c
[1.105s] -- Up-to-date: /home/mm/longshan11_6/install/gnss/include/gnss/msg/detail/message__rosidl_typesupport_introspection_c.h
[1.105s] -- Up-to-date: /home/mm/longshan11_6/install/gnss/include/gnss/msg/detail/imu__rosidl_typesupport_introspection_c.h
[1.105s] -- Up-to-date: /home/mm/longshan11_6/install/gnss/include/gnss/msg/detail/ins__rosidl_typesupport_introspection_c.h
[1.105s] -- Up-to-date: /home/mm/longshan11_6/install/gnss/lib/libgnss__rosidl_typesupport_introspection_c.so
[1.106s] -- Up-to-date: /home/mm/longshan11_6/install/gnss/lib/libgnss__rosidl_typesupport_c.so
[1.106s] -- Up-to-date: /home/mm/longshan11_6/install/gnss/include/gnss
[1.106s] -- Up-to-date: /home/mm/longshan11_6/install/gnss/include/gnss/msg
[1.106s] -- Up-to-date: /home/mm/longshan11_6/install/gnss/include/gnss/msg/rosidl_generator_cpp__visibility_control.hpp
[1.106s] -- Up-to-date: /home/mm/longshan11_6/install/gnss/include/gnss/msg/ins.hpp
[1.106s] -- Up-to-date: /home/mm/longshan11_6/install/gnss/include/gnss/msg/message.hpp
[1.106s] -- Up-to-date: /home/mm/longshan11_6/install/gnss/include/gnss/msg/imu.hpp
[1.106s] -- Up-to-date: /home/mm/longshan11_6/install/gnss/include/gnss/msg/detail
[1.106s] -- Up-to-date: /home/mm/longshan11_6/install/gnss/include/gnss/msg/detail/ins__type_support.hpp
[1.111s] -- Up-to-date: /home/mm/longshan11_6/install/gnss/include/gnss/msg/detail/message__type_support.hpp
[1.111s] -- Up-to-date: /home/mm/longshan11_6/install/gnss/include/gnss/msg/detail/message__struct.hpp
[1.111s] -- Up-to-date: /home/mm/longshan11_6/install/gnss/include/gnss/msg/detail/imu__builder.hpp
[1.111s] -- Up-to-date: /home/mm/longshan11_6/install/gnss/include/gnss/msg/detail/ins__struct.hpp
[1.111s] -- Up-to-date: /home/mm/longshan11_6/install/gnss/include/gnss/msg/detail/message__traits.hpp
[1.111s] -- Up-to-date: /home/mm/longshan11_6/install/gnss/include/gnss/msg/detail/imu__struct.hpp
[1.111s] -- Up-to-date: /home/mm/longshan11_6/install/gnss/include/gnss/msg/detail/ins__builder.hpp
[1.111s] -- Up-to-date: /home/mm/longshan11_6/install/gnss/include/gnss/msg/detail/message__builder.hpp
[1.111s] -- Up-to-date: /home/mm/longshan11_6/install/gnss/include/gnss/msg/detail/imu__traits.hpp
[1.111s] -- Up-to-date: /home/mm/longshan11_6/install/gnss/include/gnss/msg/detail/ins__traits.hpp
[1.111s] -- Up-to-date: /home/mm/longshan11_6/install/gnss/include/gnss/msg/detail/imu__type_support.hpp
[1.112s] -- Up-to-date: /home/mm/longshan11_6/install/gnss/include/gnss
[1.112s] -- Up-to-date: /home/mm/longshan11_6/install/gnss/include/gnss/msg
[1.112s] -- Up-to-date: /home/mm/longshan11_6/install/gnss/include/gnss/msg/detail
[1.112s] -- Up-to-date: /home/mm/longshan11_6/install/gnss/include/gnss/msg/detail/ins__type_support.cpp
[1.112s] -- Up-to-date: /home/mm/longshan11_6/install/gnss/include/gnss/msg/detail/message__type_support.cpp
[1.112s] -- Up-to-date: /home/mm/longshan11_6/install/gnss/include/gnss/msg/detail/imu__type_support.cpp
[1.112s] -- Up-to-date: /home/mm/longshan11_6/install/gnss/include/gnss/msg/detail/message__rosidl_typesupport_introspection_cpp.hpp
[1.112s] -- Up-to-date: /home/mm/longshan11_6/install/gnss/include/gnss/msg/detail/imu__rosidl_typesupport_introspection_cpp.hpp
[1.112s] -- Up-to-date: /home/mm/longshan11_6/install/gnss/include/gnss/msg/detail/ins__rosidl_typesupport_introspection_cpp.hpp
[1.112s] -- Up-to-date: /home/mm/longshan11_6/install/gnss/lib/libgnss__rosidl_typesupport_introspection_cpp.so
[1.112s] -- Up-to-date: /home/mm/longshan11_6/install/gnss/lib/libgnss__rosidl_typesupport_cpp.so
[1.112s] -- Up-to-date: /home/mm/longshan11_6/install/gnss/share/gnss/environment/pythonpath.sh
[1.112s] -- Up-to-date: /home/mm/longshan11_6/install/gnss/share/gnss/environment/pythonpath.dsv
[1.112s] -- Up-to-date: /home/mm/longshan11_6/install/gnss/lib/python3.8/site-packages/gnss/__init__.py
[1.177s] -- Up-to-date: /home/mm/longshan11_6/install/gnss/lib/python3.8/site-packages/gnss/msg
[1.177s] -- Up-to-date: /home/mm/longshan11_6/install/gnss/lib/python3.8/site-packages/gnss/msg/_message_s.c
[1.177s] -- Up-to-date: /home/mm/longshan11_6/install/gnss/lib/python3.8/site-packages/gnss/msg/__init__.py
[1.177s] -- Up-to-date: /home/mm/longshan11_6/install/gnss/lib/python3.8/site-packages/gnss/msg/_ins_s.c
[1.177s] -- Up-to-date: /home/mm/longshan11_6/install/gnss/lib/python3.8/site-packages/gnss/msg/_message.py
[1.177s] -- Up-to-date: /home/mm/longshan11_6/install/gnss/lib/python3.8/site-packages/gnss/msg/_ins.py
[1.178s] -- Up-to-date: /home/mm/longshan11_6/install/gnss/lib/python3.8/site-packages/gnss/msg/_imu.py
[1.178s] -- Up-to-date: /home/mm/longshan11_6/install/gnss/lib/python3.8/site-packages/gnss/msg/_imu_s.c
[1.178s] -- Up-to-date: /home/mm/longshan11_6/install/gnss/lib/python3.8/site-packages/gnss/gnss_s__rosidl_typesupport_fastrtps_c.cpython-38-x86_64-linux-gnu.so
[1.178s] -- Up-to-date: /home/mm/longshan11_6/install/gnss/lib/python3.8/site-packages/gnss/gnss_s__rosidl_typesupport_introspection_c.cpython-38-x86_64-linux-gnu.so
[1.180s] -- Up-to-date: /home/mm/longshan11_6/install/gnss/lib/python3.8/site-packages/gnss/gnss_s__rosidl_typesupport_c.cpython-38-x86_64-linux-gnu.so
[1.181s] -- Up-to-date: /home/mm/longshan11_6/install/gnss/lib/libgnss__python.so
[1.181s] -- Up-to-date: /home/mm/longshan11_6/install/gnss/share/gnss/msg/Imu.idl
[1.181s] -- Up-to-date: /home/mm/longshan11_6/install/gnss/share/gnss/msg/Ins.idl
[1.181s] -- Up-to-date: /home/mm/longshan11_6/install/gnss/share/gnss/msg/Message.idl
[1.181s] -- Up-to-date: /home/mm/longshan11_6/install/gnss/share/gnss/msg/Imu.msg
[1.181s] -- Up-to-date: /home/mm/longshan11_6/install/gnss/share/gnss/msg/Ins.msg
[1.181s] -- Up-to-date: /home/mm/longshan11_6/install/gnss/share/gnss/msg/Message.msg
[1.181s] -- Up-to-date: /home/mm/longshan11_6/install/gnss/lib/libgnss_lib.so
[1.181s] -- Up-to-date: /home/mm/longshan11_6/install/gnss/lib/gnss/gnss_node
[1.181s] -- Up-to-date: /home/mm/longshan11_6/install/gnss/lib/gnss/gnss_sync_node
[1.181s] -- Up-to-date: /home/mm/longshan11_6/install/gnss/share/gnss/launch
[1.181s] -- Up-to-date: /home/mm/longshan11_6/install/gnss/share/gnss/launch/gnss.launch.py
[1.181s] -- Up-to-date: /home/mm/longshan11_6/install/gnss/share/ament_index/resource_index/package_run_dependencies/gnss
[1.181s] -- Up-to-date: /home/mm/longshan11_6/install/gnss/share/ament_index/resource_index/parent_prefix_path/gnss
[1.187s] -- Up-to-date: /home/mm/longshan11_6/install/gnss/share/gnss/environment/ament_prefix_path.sh
[1.188s] -- Up-to-date: /home/mm/longshan11_6/install/gnss/share/gnss/environment/ament_prefix_path.dsv
[1.188s] -- Up-to-date: /home/mm/longshan11_6/install/gnss/share/gnss/environment/path.sh
[1.188s] -- Up-to-date: /home/mm/longshan11_6/install/gnss/share/gnss/environment/path.dsv
[1.188s] -- Up-to-date: /home/mm/longshan11_6/install/gnss/share/gnss/local_setup.bash
[1.189s] -- Up-to-date: /home/mm/longshan11_6/install/gnss/share/gnss/local_setup.sh
[1.189s] -- Up-to-date: /home/mm/longshan11_6/install/gnss/share/gnss/local_setup.zsh
[1.189s] -- Up-to-date: /home/mm/longshan11_6/install/gnss/share/gnss/local_setup.dsv
[1.189s] -- Installing: /home/mm/longshan11_6/install/gnss/share/gnss/package.dsv
[1.189s] -- Up-to-date: /home/mm/longshan11_6/install/gnss/share/ament_index/resource_index/packages/gnss
[1.189s] -- Up-to-date: /home/mm/longshan11_6/install/gnss/share/gnss/cmake/gnss__rosidl_generator_cExport.cmake
[1.190s] -- Up-to-date: /home/mm/longshan11_6/install/gnss/share/gnss/cmake/gnss__rosidl_generator_cExport-noconfig.cmake
[1.203s] -- Up-to-date: /home/mm/longshan11_6/install/gnss/share/gnss/cmake/gnss__rosidl_typesupport_introspection_cExport.cmake
[1.203s] -- Up-to-date: /home/mm/longshan11_6/install/gnss/share/gnss/cmake/gnss__rosidl_typesupport_introspection_cExport-noconfig.cmake
[1.203s] -- Up-to-date: /home/mm/longshan11_6/install/gnss/share/gnss/cmake/gnss__rosidl_typesupport_cExport.cmake
[1.203s] -- Up-to-date: /home/mm/longshan11_6/install/gnss/share/gnss/cmake/gnss__rosidl_typesupport_cExport-noconfig.cmake
[1.204s] -- Up-to-date: /home/mm/longshan11_6/install/gnss/share/gnss/cmake/gnss__rosidl_generator_cppExport.cmake
[1.204s] -- Up-to-date: /home/mm/longshan11_6/install/gnss/share/gnss/cmake/gnss__rosidl_typesupport_introspection_cppExport.cmake
[1.205s] -- Up-to-date: /home/mm/longshan11_6/install/gnss/share/gnss/cmake/gnss__rosidl_typesupport_introspection_cppExport-noconfig.cmake
[1.205s] -- Up-to-date: /home/mm/longshan11_6/install/gnss/share/gnss/cmake/gnss__rosidl_typesupport_cppExport.cmake
[1.205s] -- Up-to-date: /home/mm/longshan11_6/install/gnss/share/gnss/cmake/gnss__rosidl_typesupport_cppExport-noconfig.cmake
[1.206s] -- Up-to-date: /home/mm/longshan11_6/install/gnss/share/gnss/cmake/rosidl_cmake-extras.cmake
[1.206s] -- Up-to-date: /home/mm/longshan11_6/install/gnss/share/gnss/cmake/ament_cmake_export_dependencies-extras.cmake
[1.207s] -- Up-to-date: /home/mm/longshan11_6/install/gnss/share/gnss/cmake/ament_cmake_export_libraries-extras.cmake
[1.207s] -- Up-to-date: /home/mm/longshan11_6/install/gnss/share/gnss/cmake/ament_cmake_export_targets-extras.cmake
[1.207s] -- Up-to-date: /home/mm/longshan11_6/install/gnss/share/gnss/cmake/ament_cmake_export_include_directories-extras.cmake
[1.207s] -- Up-to-date: /home/mm/longshan11_6/install/gnss/share/gnss/cmake/rosidl_cmake_export_typesupport_libraries-extras.cmake
[1.208s] -- Up-to-date: /home/mm/longshan11_6/install/gnss/share/gnss/cmake/rosidl_cmake_export_typesupport_targets-extras.cmake
[1.208s] -- Up-to-date: /home/mm/longshan11_6/install/gnss/share/gnss/cmake/gnssConfig.cmake
[1.208s] -- Up-to-date: /home/mm/longshan11_6/install/gnss/share/gnss/cmake/gnssConfig-version.cmake
[1.209s] -- Up-to-date: /home/mm/longshan11_6/install/gnss/share/gnss/package.xml
[1.209s] Invoked command in '/home/mm/longshan11_6/build/gnss' returned '0': CMAKE_PREFIX_PATH=/opt/ros/foxy /usr/bin/cmake --install /home/mm/longshan11_6/build/gnss
