-- The C compiler identification is GNU 9.4.0
-- The CXX compiler identification is GNU 9.4.0
-- Check for working C compiler: /usr/bin/cc
-- Check for working C compiler: /usr/bin/cc -- works
-- Detecting C compiler ABI info
-- Detecting C compiler ABI info - done
-- Detecting C compile features
-- Detecting C compile features - done
-- Check for working CXX compiler: /usr/bin/c++
-- Check for working CXX compiler: /usr/bin/c++ -- works
-- Detecting CXX compiler ABI info
-- Detecting CXX compiler ABI info - done
-- Detecting CXX compile features
-- Detecting CXX compile features - done
-- Found ament_cmake: 0.9.12 (/opt/ros/foxy/share/ament_cmake/cmake)
-- Found PythonInterp: /usr/bin/python3 (found suitable version "3.8.10", minimum required is "3") 
-- Using PYTHON_EXECUTABLE: /usr/bin/python3
-- Found rclcpp: 2.4.3 (/opt/ros/foxy/share/rclcpp/cmake)
-- Using all available rosidl_typesupport_c: rosidl_typesupport_fastrtps_c;rosidl_typesupport_introspection_c
-- Found rosidl_adapter: 1.3.1 (/opt/ros/foxy/share/rosidl_adapter/cmake)
-- Found OpenSSL: /usr/lib/x86_64-linux-gnu/libcrypto.so (found version "1.1.1f")  
-- Found FastRTPS: /opt/ros/foxy/include  
-- Using all available rosidl_typesupport_cpp: rosidl_typesupport_fastrtps_cpp;rosidl_typesupport_introspection_cpp
-- Found rmw_implementation_cmake: 1.0.4 (/opt/ros/foxy/share/rmw_implementation_cmake/cmake)
-- Using RMW implementation 'rmw_fastrtps_cpp' as default
-- Looking for pthread.h
-- Looking for pthread.h - found
-- Performing Test CMAKE_HAVE_LIBC_PTHREAD
-- Performing Test CMAKE_HAVE_LIBC_PTHREAD - Failed
-- Looking for pthread_create in pthreads
-- Looking for pthread_create in pthreads - not found
-- Looking for pthread_create in pthread
-- Looking for pthread_create in pthread - found
-- Found Threads: TRUE  
-- Found OpenCV: /usr (found version "4.2.0") 
-- Found ros2_path_interfaces: 0.0.0 (/home/mm/longshan11_6/install/ros2_path_interfaces/share/ros2_path_interfaces/cmake)
-- Found ament_lint_auto: 0.9.8 (/opt/ros/foxy/share/ament_lint_auto/cmake)
-- Added test 'copyright' to check source files copyright and LICENSE
-- Added test 'cppcheck' to perform static code analysis on C / C++ code
-- Configured cppcheck include dirs: /home/mm/longshan11_6/src/global/./include;$<BUILD_INTERFACE:/home/mm/longshan11_6/src/global/include>
-- Configured cppcheck exclude dirs and/or files: 
-- Added test 'cpplint' to check C / C++ code against the Google style
-- Configured cpplint exclude dirs and/or files: 
-- Added test 'flake8' to check Python code syntax and style conventions
-- Added test 'lint_cmake' to check CMake code style
-- Added test 'pep257' to check Python code against some of the style conventions in PEP 257
-- Added test 'uncrustify' to check C / C++ code style
-- Configured uncrustify additional arguments: 
-- Added test 'xmllint' to check XML markup files
-- Configuring done
-- Generating done
-- Build files have been written to: /home/mm/longshan11_6/build/global
[35m[1mScanning dependencies of target global_node[0m
[ 14%] [32mBuilding CXX object CMakeFiles/global_node.dir/src/discrete_points_reference_line_smoother.cpp.o[0m
[01m[K/home/mm/longshan11_6/src/global/src/discrete_points_reference_line_smoother.cpp:[m[K In member function ‘[01m[Kbool DiscretePointsReferenceLineSmoother::Smooth(const MatrixXd&, Eigen::MatrixXd&)[m[K’:
[01m[K/home/mm/longshan11_6/src/global/src/discrete_points_reference_line_smoother.cpp:8:73:[m[K [01;35m[Kwarning: [m[Kunused parameter ‘[01m[Kraw_reference_line[m[K’ [[01;35m[K-Wunused-parameter[m[K]
    8 | tePointsReferenceLineSmoother::Smooth([01;35m[Kconst Eigen::MatrixXd& raw_reference_line[m[K,Eigen::MatrixXd &smoothed_reference_line){
      |                                       [01;35m[K~~~~~~~~~~~~~~~~~~~~~~~^~~~~~~~~~~~~~~~~~[m[K

[01m[K/home/mm/longshan11_6/src/global/src/discrete_points_reference_line_smoother.cpp:[m[K In member function ‘[01m[Kvoid DiscretePointsReferenceLineSmoother::referencePath(const MatrixXd&, Eigen::MatrixXd&)[m[K’:
[01m[K/home/mm/longshan11_6/src/global/src/discrete_points_reference_line_smoother.cpp:191:30:[m[K [01;35m[Kwarning: [m[Kcomparison of integer expressions of different signedness: ‘[01m[Ksize_t[m[K’ {aka ‘[01m[Klong unsigned int[m[K’} and ‘[01m[KEigen::Index[m[K’ {aka ‘[01m[Klong int[m[K’} [[01;35m[K-Wsign-compare[m[K]
  191 |         for (size_t i = 0; [01;35m[Ki < path.cols()[m[K; ++i)
      |                            [01;35m[K~~^~~~~~~~~~~~~[m[K
[ 28%] [32mBuilding CXX object CMakeFiles/global_node.dir/src/map.cpp.o[0m
[ 42%] [32mBuilding CXX object CMakeFiles/global_node.dir/src/reference_line_provider.cpp.o[0m
[01m[K/home/mm/longshan11_6/src/global/src/reference_line_provider.cpp:[m[K In member function ‘[01m[KAnchorPoint ReferenceLineProvider::GetAnchorPoint(Eigen::MatrixXd&, Eigen::VectorXd)[m[K’:
[01m[K/home/mm/longshan11_6/src/global/src/reference_line_provider.cpp:6:18:[m[K [01;35m[Kwarning: [m[Kunused variable ‘[01m[Kadc_width[m[K’ [[01;35m[K-Wunused-variable[m[K]
    6 |     const double [01;35m[Kadc_width[m[K = vehicle_width;
      |                  [01;35m[K^~~~~~~~~[m[K
[01m[K/home/mm/longshan11_6/src/global/src/reference_line_provider.cpp:3:68:[m[K [01;35m[Kwarning: [m[Kunused parameter ‘[01m[KRawglobalPath[m[K’ [[01;35m[K-Wunused-parameter[m[K]
    3 | Point ReferenceLineProvider::GetAnchorPoint([01;35m[KEigen::MatrixXd &RawglobalPath[m[K,Eigen::VectorXd col){
      |                                             [01;35m[K~~~~~~~~~~~~~~~~~^~~~~~~~~~~~~[m[K

[01m[K/home/mm/longshan11_6/src/global/src/reference_line_provider.cpp:[m[K In member function ‘[01m[Kvoid ReferenceLineProvider::GetAnchorPoints(Eigen::MatrixXd&, std::vector<AnchorPoint>*)[m[K’:
[01m[K/home/mm/longshan11_6/src/global/src/reference_line_provider.cpp:18:26:[m[K [01;35m[Kwarning: [m[Kcomparison of integer expressions of different signedness: ‘[01m[Ksize_t[m[K’ {aka ‘[01m[Klong unsigned int[m[K’} and ‘[01m[KEigen::Index[m[K’ {aka ‘[01m[Klong int[m[K’} [[01;35m[K-Wsign-compare[m[K]
   18 |     for (size_t i = 0; [01;35m[Ki < RawglobalPath.cols()[m[K; ++i)
      |                        [01;35m[K~~^~~~~~~~~~~~~~~~~~~~~~[m[K
[01m[K/home/mm/longshan11_6/src/global/src/reference_line_provider.cpp:15:18:[m[K [01;35m[Kwarning: [m[Kunused variable ‘[01m[Kinterval[m[K’ [[01;35m[K-Wunused-variable[m[K]
   15 |     const double [01;35m[Kinterval[m[K =max_constraint_interval;
      |                  [01;35m[K^~~~~~~~[m[K
[ 57%] [32mBuilding CXX object CMakeFiles/global_node.dir/src/toolKits.cpp.o[0m
[ 71%] [32mBuilding CXX object CMakeFiles/global_node.dir/src/global_node.cpp.o[0m
[01m[K/home/mm/longshan11_6/src/global/src/global_node.cpp:[m[K In member function ‘[01m[Kvoid global_path_node::dest_callback(std_msgs::msg::Float64MultiArray_<std::allocator<void> >::SharedPtr)[m[K’:
[01m[K/home/mm/longshan11_6/src/global/src/global_node.cpp:89:42:[m[K [01;35m[Kwarning: [m[Kcomparison of integer expressions of different signedness: ‘[01m[Ksize_t[m[K’ {aka ‘[01m[Klong unsigned int[m[K’} and ‘[01m[KEigen::Index[m[K’ {aka ‘[01m[Klong int[m[K’} [[01;35m[K-Wsign-compare[m[K]
   89 |                     for (size_t i = 0; [01;35m[Ki < newglobalPath.cols()[m[K; i++)
      |                                        [01;35m[K~~^~~~~~~~~~~~~~~~~~~~~~[m[K
[ 85%] [32mBuilding CXX object CMakeFiles/global_node.dir/src/fem_pos_deviation_osqp_interface.cpp.o[0m
[01m[K/home/mm/longshan11_6/src/global/src/fem_pos_deviation_osqp_interface.cpp:[m[K In member function ‘[01m[Kbool FemPosDeviationOsqpInterface::Solve()[m[K’:
[01m[K/home/mm/longshan11_6/src/global/src/fem_pos_deviation_osqp_interface.cpp:39:26:[m[K [01;35m[Kwarning: [m[Kcomparison of integer expressions of different signedness: ‘[01m[Kstd::vector<std::pair<double, double> >::size_type[m[K’ {aka ‘[01m[Klong unsigned int[m[K’} and ‘[01m[Kint[m[K’ [[01;35m[K-Wsign-compare[m[K]
   39 |   if ([01;35m[Kref_points_.size() > std::numeric_limits<int>::max()[m[K) {
      |       [01;35m[K~~~~~~~~~~~~~~~~~~~^~~~~~~~~~~~~~~~~~~~~~~~~~~~~~~~~[m[K
[100%] [32m[1mLinking CXX executable global_node[0m
[100%] Built target global_node
-- Install configuration: ""
-- Installing: /home/mm/longshan11_6/install/global/lib/global/global_node
-- Set runtime path of "/home/mm/longshan11_6/install/global/lib/global/global_node" to ""
-- Installing: /home/mm/longshan11_6/install/global/share/global/launch
-- Installing: /home/mm/longshan11_6/install/global/share/global/launch/global.launch.py
-- Installing: /home/mm/longshan11_6/install/global/share/ament_index/resource_index/package_run_dependencies/global
-- Installing: /home/mm/longshan11_6/install/global/share/ament_index/resource_index/parent_prefix_path/global
-- Installing: /home/mm/longshan11_6/install/global/share/global/environment/ament_prefix_path.sh
-- Installing: /home/mm/longshan11_6/install/global/share/global/environment/ament_prefix_path.dsv
-- Installing: /home/mm/longshan11_6/install/global/share/global/environment/path.sh
-- Installing: /home/mm/longshan11_6/install/global/share/global/environment/path.dsv
-- Installing: /home/mm/longshan11_6/install/global/share/global/local_setup.bash
-- Installing: /home/mm/longshan11_6/install/global/share/global/local_setup.sh
-- Installing: /home/mm/longshan11_6/install/global/share/global/local_setup.zsh
-- Installing: /home/mm/longshan11_6/install/global/share/global/local_setup.dsv
-- Installing: /home/mm/longshan11_6/install/global/share/global/package.dsv
-- Installing: /home/mm/longshan11_6/install/global/share/ament_index/resource_index/packages/global
-- Installing: /home/mm/longshan11_6/install/global/share/global/cmake/globalConfig.cmake
-- Installing: /home/mm/longshan11_6/install/global/share/global/cmake/globalConfig-version.cmake
-- Installing: /home/mm/longshan11_6/install/global/share/global/package.xml
