[0.127s] Invoking command in '/home/mm/longshan11_6/build/global': AMENT_PREFIX_PATH=/home/mm/longshan11_6/install/ros2_path_interfaces:${AMENT_PREFIX_PATH} CMAKE_PREFIX_PATH=/home/mm/longshan11_6/install/ros2_path_interfaces:/opt/ros/foxy LD_LIBRARY_PATH=/home/mm/longshan11_6/install/ros2_path_interfaces/lib:/usr/lib/x86_64-linux-gnu/gazebo-11/plugins:/opt/ros/foxy/opt/yaml_cpp_vendor/lib:/opt/ros/foxy/opt/rviz_ogre_vendor/lib:/opt/ros/foxy/lib/x86_64-linux-gnu:/opt/ros/foxy/lib:/usr/local/lib/libosqp.so PYTHONPATH=/home/mm/longshan11_6/install/ros2_path_interfaces/lib/python3.8/site-packages:${PYTHONPATH} /usr/bin/cmake /home/mm/longshan11_6/src/global -DCMAKE_INSTALL_PREFIX=/home/mm/longshan11_6/install/global
[0.788s] -- The C compiler identification is GNU 9.4.0
[1.204s] -- The CXX compiler identification is GNU 9.4.0
[1.258s] -- Check for working C compiler: /usr/bin/cc
[1.540s] -- Check for working C compiler: /usr/bin/cc -- works
[1.540s] -- Detecting C compiler ABI info
[1.990s] -- Detecting C compiler ABI info - done
[2.025s] -- Detecting C compile features
[2.025s] -- Detecting C compile features - done
[2.037s] -- Check for working CXX compiler: /usr/bin/c++
[2.646s] -- Check for working CXX compiler: /usr/bin/c++ -- works
[2.647s] -- Detecting CXX compiler ABI info
[3.033s] -- Detecting CXX compiler ABI info - done
[3.058s] -- Detecting CXX compile features
[3.062s] -- Detecting CXX compile features - done
[3.075s] -- Found ament_cmake: 0.9.12 (/opt/ros/foxy/share/ament_cmake/cmake)
[3.153s] -- Found PythonInterp: /usr/bin/python3 (found suitable version "3.8.10", minimum required is "3") 
[3.154s] -- Using PYTHON_EXECUTABLE: /usr/bin/python3
[5.257s] -- Found rclcpp: 2.4.3 (/opt/ros/foxy/share/rclcpp/cmake)
[5.509s] -- Using all available rosidl_typesupport_c: rosidl_typesupport_fastrtps_c;rosidl_typesupport_introspection_c
[5.530s] -- Found rosidl_adapter: 1.3.1 (/opt/ros/foxy/share/rosidl_adapter/cmake)
[5.818s] -- Found OpenSSL: /usr/lib/x86_64-linux-gnu/libcrypto.so (found version "1.1.1f")  
[5.901s] -- Found FastRTPS: /opt/ros/foxy/include  
[6.152s] -- Using all available rosidl_typesupport_cpp: rosidl_typesupport_fastrtps_cpp;rosidl_typesupport_introspection_cpp
[6.392s] -- Found rmw_implementation_cmake: 1.0.4 (/opt/ros/foxy/share/rmw_implementation_cmake/cmake)
[6.399s] -- Using RMW implementation 'rmw_fastrtps_cpp' as default
[6.404s] -- Looking for pthread.h
[6.660s] -- Looking for pthread.h - found
[6.660s] -- Performing Test CMAKE_HAVE_LIBC_PTHREAD
[7.154s] -- Performing Test CMAKE_HAVE_LIBC_PTHREAD - Failed
[7.155s] -- Looking for pthread_create in pthreads
[7.570s] -- Looking for pthread_create in pthreads - not found
[7.570s] -- Looking for pthread_create in pthread
[8.051s] -- Looking for pthread_create in pthread - found
[8.051s] -- Found Threads: TRUE  
[8.957s] -- Found OpenCV: /usr (found version "4.2.0") 
[8.981s] -- Found ros2_path_interfaces: 0.0.0 (/home/mm/longshan11_6/install/ros2_path_interfaces/share/ros2_path_interfaces/cmake)
[9.027s] -- Found ament_lint_auto: 0.9.8 (/opt/ros/foxy/share/ament_lint_auto/cmake)
[9.447s] -- Added test 'copyright' to check source files copyright and LICENSE
[9.453s] -- Added test 'cppcheck' to perform static code analysis on C / C++ code
[9.454s] -- Configured cppcheck include dirs: /home/mm/longshan11_6/src/global/./include;$<BUILD_INTERFACE:/home/mm/longshan11_6/src/global/include>
[9.454s] -- Configured cppcheck exclude dirs and/or files: 
[9.464s] -- Added test 'cpplint' to check C / C++ code against the Google style
[9.464s] -- Configured cpplint exclude dirs and/or files: 
[9.472s] -- Added test 'flake8' to check Python code syntax and style conventions
[9.474s] -- Added test 'lint_cmake' to check CMake code style
[9.484s] -- Added test 'pep257' to check Python code against some of the style conventions in PEP 257
[9.486s] -- Added test 'uncrustify' to check C / C++ code style
[9.486s] -- Configured uncrustify additional arguments: 
[9.487s] -- Added test 'xmllint' to check XML markup files
[9.501s] -- Configuring done
[9.595s] -- Generating done
[9.599s] -- Build files have been written to: /home/mm/longshan11_6/build/global
[9.647s] Invoked command in '/home/mm/longshan11_6/build/global' returned '0': AMENT_PREFIX_PATH=/home/mm/longshan11_6/install/ros2_path_interfaces:${AMENT_PREFIX_PATH} CMAKE_PREFIX_PATH=/home/mm/longshan11_6/install/ros2_path_interfaces:/opt/ros/foxy LD_LIBRARY_PATH=/home/mm/longshan11_6/install/ros2_path_interfaces/lib:/usr/lib/x86_64-linux-gnu/gazebo-11/plugins:/opt/ros/foxy/opt/yaml_cpp_vendor/lib:/opt/ros/foxy/opt/rviz_ogre_vendor/lib:/opt/ros/foxy/lib/x86_64-linux-gnu:/opt/ros/foxy/lib:/usr/local/lib/libosqp.so PYTHONPATH=/home/mm/longshan11_6/install/ros2_path_interfaces/lib/python3.8/site-packages:${PYTHONPATH} /usr/bin/cmake /home/mm/longshan11_6/src/global -DCMAKE_INSTALL_PREFIX=/home/mm/longshan11_6/install/global
[9.649s] Invoking command in '/home/mm/longshan11_6/build/global': AMENT_PREFIX_PATH=/home/mm/longshan11_6/install/ros2_path_interfaces:${AMENT_PREFIX_PATH} CMAKE_PREFIX_PATH=/home/mm/longshan11_6/install/ros2_path_interfaces:/opt/ros/foxy LD_LIBRARY_PATH=/home/mm/longshan11_6/install/ros2_path_interfaces/lib:/usr/lib/x86_64-linux-gnu/gazebo-11/plugins:/opt/ros/foxy/opt/yaml_cpp_vendor/lib:/opt/ros/foxy/opt/rviz_ogre_vendor/lib:/opt/ros/foxy/lib/x86_64-linux-gnu:/opt/ros/foxy/lib:/usr/local/lib/libosqp.so PYTHONPATH=/home/mm/longshan11_6/install/ros2_path_interfaces/lib/python3.8/site-packages:${PYTHONPATH} /usr/bin/cmake --build /home/mm/longshan11_6/build/global -- -j4 -l4
[9.825s] [35m[1mScanning dependencies of target global_node[0m
[10.910s] [ 14%] [32mBuilding CXX object CMakeFiles/global_node.dir/src/discrete_points_reference_line_smoother.cpp.o[0m
[20.778s] [01m[K/home/mm/longshan11_6/src/global/src/discrete_points_reference_line_smoother.cpp:[m[K In member function ‘[01m[Kbool DiscretePointsReferenceLineSmoother::Smooth(const MatrixXd&, Eigen::MatrixXd&)[m[K’:
[20.779s] [01m[K/home/mm/longshan11_6/src/global/src/discrete_points_reference_line_smoother.cpp:8:73:[m[K [01;35m[Kwarning: [m[Kunused parameter ‘[01m[Kraw_reference_line[m[K’ [[01;35m[K-Wunused-parameter[m[K]
[20.779s]     8 | tePointsReferenceLineSmoother::Smooth([01;35m[Kconst Eigen::MatrixXd& raw_reference_line[m[K,Eigen::MatrixXd &smoothed_reference_line){
[20.779s]       |                                       [01;35m[K~~~~~~~~~~~~~~~~~~~~~~~^~~~~~~~~~~~~~~~~~[m[K
[20.779s] 
[20.964s] [01m[K/home/mm/longshan11_6/src/global/src/discrete_points_reference_line_smoother.cpp:[m[K In member function ‘[01m[Kvoid DiscretePointsReferenceLineSmoother::referencePath(const MatrixXd&, Eigen::MatrixXd&)[m[K’:
[20.964s] [01m[K/home/mm/longshan11_6/src/global/src/discrete_points_reference_line_smoother.cpp:191:30:[m[K [01;35m[Kwarning: [m[Kcomparison of integer expressions of different signedness: ‘[01m[Ksize_t[m[K’ {aka ‘[01m[Klong unsigned int[m[K’} and ‘[01m[KEigen::Index[m[K’ {aka ‘[01m[Klong int[m[K’} [[01;35m[K-Wsign-compare[m[K]
[20.964s]   191 |         for (size_t i = 0; [01;35m[Ki < path.cols()[m[K; ++i)
[20.964s]       |                            [01;35m[K~~^~~~~~~~~~~~~[m[K
[23.868s] [ 28%] [32mBuilding CXX object CMakeFiles/global_node.dir/src/map.cpp.o[0m
[39.716s] [ 42%] [32mBuilding CXX object CMakeFiles/global_node.dir/src/reference_line_provider.cpp.o[0m
[47.474s] [01m[K/home/mm/longshan11_6/src/global/src/reference_line_provider.cpp:[m[K In member function ‘[01m[KAnchorPoint ReferenceLineProvider::GetAnchorPoint(Eigen::MatrixXd&, Eigen::VectorXd)[m[K’:
[47.477s] [01m[K/home/mm/longshan11_6/src/global/src/reference_line_provider.cpp:6:18:[m[K [01;35m[Kwarning: [m[Kunused variable ‘[01m[Kadc_width[m[K’ [[01;35m[K-Wunused-variable[m[K]
[47.477s]     6 |     const double [01;35m[Kadc_width[m[K = vehicle_width;
[47.478s]       |                  [01;35m[K^~~~~~~~~[m[K
[47.479s] [01m[K/home/mm/longshan11_6/src/global/src/reference_line_provider.cpp:3:68:[m[K [01;35m[Kwarning: [m[Kunused parameter ‘[01m[KRawglobalPath[m[K’ [[01;35m[K-Wunused-parameter[m[K]
[47.480s]     3 | Point ReferenceLineProvider::GetAnchorPoint([01;35m[KEigen::MatrixXd &RawglobalPath[m[K,Eigen::VectorXd col){
[47.482s]       |                                             [01;35m[K~~~~~~~~~~~~~~~~~^~~~~~~~~~~~~[m[K
[47.484s] 
[47.518s] [01m[K/home/mm/longshan11_6/src/global/src/reference_line_provider.cpp:[m[K In member function ‘[01m[Kvoid ReferenceLineProvider::GetAnchorPoints(Eigen::MatrixXd&, std::vector<AnchorPoint>*)[m[K’:
[47.519s] [01m[K/home/mm/longshan11_6/src/global/src/reference_line_provider.cpp:18:26:[m[K [01;35m[Kwarning: [m[Kcomparison of integer expressions of different signedness: ‘[01m[Ksize_t[m[K’ {aka ‘[01m[Klong unsigned int[m[K’} and ‘[01m[KEigen::Index[m[K’ {aka ‘[01m[Klong int[m[K’} [[01;35m[K-Wsign-compare[m[K]
[47.521s]    18 |     for (size_t i = 0; [01;35m[Ki < RawglobalPath.cols()[m[K; ++i)
[47.521s]       |                        [01;35m[K~~^~~~~~~~~~~~~~~~~~~~~~[m[K
[47.573s] [01m[K/home/mm/longshan11_6/src/global/src/reference_line_provider.cpp:15:18:[m[K [01;35m[Kwarning: [m[Kunused variable ‘[01m[Kinterval[m[K’ [[01;35m[K-Wunused-variable[m[K]
[47.574s]    15 |     const double [01;35m[Kinterval[m[K =max_constraint_interval;
[47.574s]       |                  [01;35m[K^~~~~~~~[m[K
[50.961s] [ 57%] [32mBuilding CXX object CMakeFiles/global_node.dir/src/toolKits.cpp.o[0m
[59.478s] [ 71%] [32mBuilding CXX object CMakeFiles/global_node.dir/src/global_node.cpp.o[0m
[66.463s] [01m[K/home/mm/longshan11_6/src/global/src/global_node.cpp:[m[K In member function ‘[01m[Kvoid global_path_node::dest_callback(std_msgs::msg::Float64MultiArray_<std::allocator<void> >::SharedPtr)[m[K’:
[66.463s] [01m[K/home/mm/longshan11_6/src/global/src/global_node.cpp:89:42:[m[K [01;35m[Kwarning: [m[Kcomparison of integer expressions of different signedness: ‘[01m[Ksize_t[m[K’ {aka ‘[01m[Klong unsigned int[m[K’} and ‘[01m[KEigen::Index[m[K’ {aka ‘[01m[Klong int[m[K’} [[01;35m[K-Wsign-compare[m[K]
[66.463s]    89 |                     for (size_t i = 0; [01;35m[Ki < newglobalPath.cols()[m[K; i++)
[66.463s]       |                                        [01;35m[K~~^~~~~~~~~~~~~~~~~~~~~~[m[K
[74.938s] [ 85%] [32mBuilding CXX object CMakeFiles/global_node.dir/src/fem_pos_deviation_osqp_interface.cpp.o[0m
[75.234s] [01m[K/home/mm/longshan11_6/src/global/src/fem_pos_deviation_osqp_interface.cpp:[m[K In member function ‘[01m[Kbool FemPosDeviationOsqpInterface::Solve()[m[K’:
[75.234s] [01m[K/home/mm/longshan11_6/src/global/src/fem_pos_deviation_osqp_interface.cpp:39:26:[m[K [01;35m[Kwarning: [m[Kcomparison of integer expressions of different signedness: ‘[01m[Kstd::vector<std::pair<double, double> >::size_type[m[K’ {aka ‘[01m[Klong unsigned int[m[K’} and ‘[01m[Kint[m[K’ [[01;35m[K-Wsign-compare[m[K]
[75.234s]    39 |   if ([01;35m[Kref_points_.size() > std::numeric_limits<int>::max()[m[K) {
[75.234s]       |       [01;35m[K~~~~~~~~~~~~~~~~~~~^~~~~~~~~~~~~~~~~~~~~~~~~~~~~~~~~[m[K
[75.777s] [100%] [32m[1mLinking CXX executable global_node[0m
[77.175s] [100%] Built target global_node
[77.221s] Invoked command in '/home/mm/longshan11_6/build/global' returned '0': AMENT_PREFIX_PATH=/home/mm/longshan11_6/install/ros2_path_interfaces:${AMENT_PREFIX_PATH} CMAKE_PREFIX_PATH=/home/mm/longshan11_6/install/ros2_path_interfaces:/opt/ros/foxy LD_LIBRARY_PATH=/home/mm/longshan11_6/install/ros2_path_interfaces/lib:/usr/lib/x86_64-linux-gnu/gazebo-11/plugins:/opt/ros/foxy/opt/yaml_cpp_vendor/lib:/opt/ros/foxy/opt/rviz_ogre_vendor/lib:/opt/ros/foxy/lib/x86_64-linux-gnu:/opt/ros/foxy/lib:/usr/local/lib/libosqp.so PYTHONPATH=/home/mm/longshan11_6/install/ros2_path_interfaces/lib/python3.8/site-packages:${PYTHONPATH} /usr/bin/cmake --build /home/mm/longshan11_6/build/global -- -j4 -l4
[77.304s] Invoking command in '/home/mm/longshan11_6/build/global': AMENT_PREFIX_PATH=/home/mm/longshan11_6/install/ros2_path_interfaces:${AMENT_PREFIX_PATH} CMAKE_PREFIX_PATH=/home/mm/longshan11_6/install/ros2_path_interfaces:/opt/ros/foxy LD_LIBRARY_PATH=/home/mm/longshan11_6/install/ros2_path_interfaces/lib:/usr/lib/x86_64-linux-gnu/gazebo-11/plugins:/opt/ros/foxy/opt/yaml_cpp_vendor/lib:/opt/ros/foxy/opt/rviz_ogre_vendor/lib:/opt/ros/foxy/lib/x86_64-linux-gnu:/opt/ros/foxy/lib:/usr/local/lib/libosqp.so PYTHONPATH=/home/mm/longshan11_6/install/ros2_path_interfaces/lib/python3.8/site-packages:${PYTHONPATH} /usr/bin/cmake --install /home/mm/longshan11_6/build/global
[77.321s] -- Install configuration: ""
[77.322s] -- Installing: /home/mm/longshan11_6/install/global/lib/global/global_node
[77.327s] -- Set runtime path of "/home/mm/longshan11_6/install/global/lib/global/global_node" to ""
[77.328s] -- Installing: /home/mm/longshan11_6/install/global/share/global/launch
[77.329s] -- Installing: /home/mm/longshan11_6/install/global/share/global/launch/global.launch.py
[77.330s] -- Installing: /home/mm/longshan11_6/install/global/share/ament_index/resource_index/package_run_dependencies/global
[77.331s] -- Installing: /home/mm/longshan11_6/install/global/share/ament_index/resource_index/parent_prefix_path/global
[77.332s] -- Installing: /home/mm/longshan11_6/install/global/share/global/environment/ament_prefix_path.sh
[77.333s] -- Installing: /home/mm/longshan11_6/install/global/share/global/environment/ament_prefix_path.dsv
[77.335s] -- Installing: /home/mm/longshan11_6/install/global/share/global/environment/path.sh
[77.336s] -- Installing: /home/mm/longshan11_6/install/global/share/global/environment/path.dsv
[77.337s] -- Installing: /home/mm/longshan11_6/install/global/share/global/local_setup.bash
[77.338s] -- Installing: /home/mm/longshan11_6/install/global/share/global/local_setup.sh
[77.339s] -- Installing: /home/mm/longshan11_6/install/global/share/global/local_setup.zsh
[77.340s] -- Installing: /home/mm/longshan11_6/install/global/share/global/local_setup.dsv
[77.341s] -- Installing: /home/mm/longshan11_6/install/global/share/global/package.dsv
[77.343s] -- Installing: /home/mm/longshan11_6/install/global/share/ament_index/resource_index/packages/global
[77.344s] -- Installing: /home/mm/longshan11_6/install/global/share/global/cmake/globalConfig.cmake
[77.346s] -- Installing: /home/mm/longshan11_6/install/global/share/global/cmake/globalConfig-version.cmake
[77.358s] -- Installing: /home/mm/longshan11_6/install/global/share/global/package.xml
[77.360s] Invoked command in '/home/mm/longshan11_6/build/global' returned '0': AMENT_PREFIX_PATH=/home/mm/longshan11_6/install/ros2_path_interfaces:${AMENT_PREFIX_PATH} CMAKE_PREFIX_PATH=/home/mm/longshan11_6/install/ros2_path_interfaces:/opt/ros/foxy LD_LIBRARY_PATH=/home/mm/longshan11_6/install/ros2_path_interfaces/lib:/usr/lib/x86_64-linux-gnu/gazebo-11/plugins:/opt/ros/foxy/opt/yaml_cpp_vendor/lib:/opt/ros/foxy/opt/rviz_ogre_vendor/lib:/opt/ros/foxy/lib/x86_64-linux-gnu:/opt/ros/foxy/lib:/usr/local/lib/libosqp.so PYTHONPATH=/home/mm/longshan11_6/install/ros2_path_interfaces/lib/python3.8/site-packages:${PYTHONPATH} /usr/bin/cmake --install /home/mm/longshan11_6/build/global
