[0.068s] Invoking command in '/home/mm/longshan12_2/build/control': CMAKE_PREFIX_PATH=/opt/ros/foxy /usr/bin/cmake --build /home/mm/longshan12_2/build/control -- -j4 -l4
[0.293s] [35m[1mScanning dependencies of target control_node[0m
[0.434s] [  7%] [32mBuilding CXX object CMakeFiles/control_node.dir/src/controlmath.cpp.o[0m
[0.454s] [ 14%] [32mBuilding CXX object CMakeFiles/control_node.dir/src/control_node.cpp.o[0m
[2.711s] [01m[K/home/mm/longshan12_2/src/control/src/controlmath.cpp:[m[K In function ‘[01m[Kint control_math::findcloseindex(const MatrixXd&, int&, const double&)[m[K’:
[2.711s] [01m[K/home/mm/longshan12_2/src/control/src/controlmath.cpp:11:39:[m[K [01;35m[Kwarning: [m[Kcomparison of integer expressions of different signedness: ‘[01m[Ksize_t[m[K’ {aka ‘[01m[Klong unsigned int[m[K’} and ‘[01m[Kint[m[K’ [[01;35m[K-Wsign-compare[m[K]
[2.711s]    11 |         for (size_t i = startindex; [01;35m[Ki < endindex[m[K; ++i) {
[2.711s]       |                                     [01;35m[K~~^~~~~~~~~~[m[K
[2.719s] [01m[K/home/mm/longshan12_2/src/control/src/controlmath.cpp:[m[K In function ‘[01m[Kvoid control_math::InterpolateUsingS(Eigen::MatrixXd&, Eigen::MatrixXd&)[m[K’:
[2.719s] [01m[K/home/mm/longshan12_2/src/control/src/controlmath.cpp:50:30:[m[K [01;35m[Kwarning: [m[Kcomparison of integer expressions of different signedness: ‘[01m[Ksize_t[m[K’ {aka ‘[01m[Klong unsigned int[m[K’} and ‘[01m[KEigen::Index[m[K’ {aka ‘[01m[Klong int[m[K’} [[01;35m[K-Wsign-compare[m[K]
[2.719s]    50 |         for (size_t i = 0; [01;35m[Ki < localpath.cols()[m[K; ++i){
[2.719s]       |                            [01;35m[K~~^~~~~~~~~~~~~~~~~~[m[K
[5.553s] [01m[K/home/mm/longshan12_2/src/control/src/control_node.cpp:[m[K In member function ‘[01m[Kdouble control_node::CalculateSteerAngle(const int&)[m[K’:
[5.553s] [01m[K/home/mm/longshan12_2/src/control/src/control_node.cpp:418:20:[m[K [01;35m[Kwarning: [m[Kunused variable ‘[01m[KdeltaX[m[K’ [[01;35m[K-Wunused-variable[m[K]
[5.554s]   418 |             double [01;35m[KdeltaX[m[K =  dx;
[5.554s]       |                    [01;35m[K^~~~~~[m[K
[5.554s] [01m[K/home/mm/longshan12_2/src/control/src/control_node.cpp:419:20:[m[K [01;35m[Kwarning: [m[Kunused variable ‘[01m[KdeltaY[m[K’ [[01;35m[K-Wunused-variable[m[K]
[5.554s]   419 |             double [01;35m[KdeltaY[m[K =  dy;
[5.554s]       |                    [01;35m[K^~~~~~[m[K
[5.554s] [01m[K/home/mm/longshan12_2/src/control/src/control_node.cpp:420:20:[m[K [01;35m[Kwarning: [m[Kunused variable ‘[01m[KdeltaYAW[m[K’ [[01;35m[K-Wunused-variable[m[K]
[5.554s]   420 |             double [01;35m[KdeltaYAW[m[K = tool::normalizeAngle(tool::d2r(car(3)) - theta);
[5.554s]       |                    [01;35m[K^~~~~~~~[m[K
[14.941s] [ 21%] [32m[1mLinking CXX executable control_node[0m
[17.074s] [100%] Built target control_node
[17.100s] Invoked command in '/home/mm/longshan12_2/build/control' returned '0': CMAKE_PREFIX_PATH=/opt/ros/foxy /usr/bin/cmake --build /home/mm/longshan12_2/build/control -- -j4 -l4
[17.152s] Invoking command in '/home/mm/longshan12_2/build/control': CMAKE_PREFIX_PATH=/opt/ros/foxy /usr/bin/cmake --install /home/mm/longshan12_2/build/control
[17.164s] -- Install configuration: ""
[17.167s] -- Installing: /home/mm/longshan12_2/install/control/lib/control/control_node
[17.187s] -- Set runtime path of "/home/mm/longshan12_2/install/control/lib/control/control_node" to ""
[17.188s] -- Up-to-date: /home/mm/longshan12_2/install/control/share/control/launch
[17.188s] -- Up-to-date: /home/mm/longshan12_2/install/control/share/control/launch/control.launch.py
[17.192s] -- Up-to-date: /home/mm/longshan12_2/install/control/share/ament_index/resource_index/package_run_dependencies/control
[17.193s] -- Up-to-date: /home/mm/longshan12_2/install/control/share/ament_index/resource_index/parent_prefix_path/control
[17.195s] -- Up-to-date: /home/mm/longshan12_2/install/control/share/control/environment/ament_prefix_path.sh
[17.195s] -- Up-to-date: /home/mm/longshan12_2/install/control/share/control/environment/ament_prefix_path.dsv
[17.196s] -- Up-to-date: /home/mm/longshan12_2/install/control/share/control/environment/path.sh
[17.197s] -- Up-to-date: /home/mm/longshan12_2/install/control/share/control/environment/path.dsv
[17.197s] -- Up-to-date: /home/mm/longshan12_2/install/control/share/control/local_setup.bash
[17.198s] -- Up-to-date: /home/mm/longshan12_2/install/control/share/control/local_setup.sh
[17.198s] -- Up-to-date: /home/mm/longshan12_2/install/control/share/control/local_setup.zsh
[17.198s] -- Up-to-date: /home/mm/longshan12_2/install/control/share/control/local_setup.dsv
[17.200s] -- Installing: /home/mm/longshan12_2/install/control/share/control/package.dsv
[17.202s] -- Up-to-date: /home/mm/longshan12_2/install/control/share/ament_index/resource_index/packages/control
[17.203s] -- Up-to-date: /home/mm/longshan12_2/install/control/share/control/cmake/controlConfig.cmake
[17.203s] -- Up-to-date: /home/mm/longshan12_2/install/control/share/control/cmake/controlConfig-version.cmake
[17.205s] -- Up-to-date: /home/mm/longshan12_2/install/control/share/control/package.xml
[17.211s] Invoked command in '/home/mm/longshan12_2/build/control' returned '0': CMAKE_PREFIX_PATH=/opt/ros/foxy /usr/bin/cmake --install /home/mm/longshan12_2/build/control
