[0.112s] Invoking command in '/home/mm/longshan11_6/build/gnss': CMAKE_PREFIX_PATH=/opt/ros/foxy /usr/bin/cmake /home/mm/longshan11_6/src/gnss -DCMAKE_INSTALL_PREFIX=/home/mm/longshan11_6/install/gnss
[0.868s] -- The C compiler identification is GNU 9.4.0
[1.190s] -- The CXX compiler identification is GNU 9.4.0
[1.323s] -- Check for working C compiler: /usr/bin/cc
[1.784s] -- Check for working C compiler: /usr/bin/cc -- works
[1.788s] -- Detecting C compiler ABI info
[2.192s] -- Detecting C compiler ABI info - done
[2.270s] -- Detecting C compile features
[2.271s] -- Detecting C compile features - done
[2.281s] -- Check for working CXX compiler: /usr/bin/c++
[2.635s] -- Check for working CXX compiler: /usr/bin/c++ -- works
[2.637s] -- Detecting CXX compiler ABI info
[3.424s] -- Detecting CXX compiler ABI info - done
[3.458s] -- Detecting CXX compile features
[3.459s] -- Detecting CXX compile features - done
[3.478s] -- Found ament_cmake: 0.9.12 (/opt/ros/foxy/share/ament_cmake/cmake)
[3.531s] -- Found PythonInterp: /usr/bin/python3 (found suitable version "3.8.10", minimum required is "3") 
[3.532s] -- Using PYTHON_EXECUTABLE: /usr/bin/python3
[4.720s] -- Found rosidl_default_generators: 1.0.1 (/opt/ros/foxy/share/rosidl_default_generators/cmake)
[4.730s] -- Using all available rosidl_typesupport_c: rosidl_typesupport_fastrtps_c;rosidl_typesupport_introspection_c
[4.751s] -- Found rosidl_adapter: 1.3.1 (/opt/ros/foxy/share/rosidl_adapter/cmake)
[5.001s] -- Found OpenSSL: /usr/lib/x86_64-linux-gnu/libcrypto.so (found version "1.1.1f")  
[5.038s] -- Found FastRTPS: /opt/ros/foxy/include  
[5.162s] -- Using all available rosidl_typesupport_cpp: rosidl_typesupport_fastrtps_cpp;rosidl_typesupport_introspection_cpp
[5.224s] -- Found rclcpp: 2.4.3 (/opt/ros/foxy/share/rclcpp/cmake)
[5.370s] -- Found rmw_implementation_cmake: 1.0.4 (/opt/ros/foxy/share/rmw_implementation_cmake/cmake)
[5.374s] -- Using RMW implementation 'rmw_fastrtps_cpp' as default
[5.378s] -- Looking for pthread.h
[5.522s] -- Looking for pthread.h - found
[5.523s] -- Performing Test CMAKE_HAVE_LIBC_PTHREAD
[5.687s] -- Performing Test CMAKE_HAVE_LIBC_PTHREAD - Failed
[5.687s] -- Looking for pthread_create in pthreads
[5.933s] -- Looking for pthread_create in pthreads - not found
[5.934s] -- Looking for pthread_create in pthread
[6.251s] -- Looking for pthread_create in pthread - found
[6.252s] -- Found Threads: TRUE  
[6.932s] -- Found message_filters: 3.2.7 (/opt/ros/foxy/share/message_filters/cmake)
[6.961s] -- Found ament_lint_auto: 0.9.8 (/opt/ros/foxy/share/ament_lint_auto/cmake)
[7.292s] -- Found PythonInterp: /usr/bin/python3 (found version "3.8.10") 
[7.693s] -- Found ament_cmake_ros: 0.9.2 (/opt/ros/foxy/share/ament_cmake_ros/cmake)
[8.171s] -- Using all available rosidl_typesupport_c: rosidl_typesupport_fastrtps_c;rosidl_typesupport_introspection_c
[8.322s] -- Using all available rosidl_typesupport_cpp: rosidl_typesupport_fastrtps_cpp;rosidl_typesupport_introspection_cpp
[8.362s] -- Found PythonInterp: /usr/bin/python3 (found suitable version "3.8.10", minimum required is "3.5") 
[8.366s] -- Found python_cmake_module: 0.8.1 (/opt/ros/foxy/share/python_cmake_module/cmake)
[8.455s] -- Found PythonLibs: /usr/lib/x86_64-linux-gnu/libpython3.8.so (found suitable version "3.8.10", minimum required is "3.5") 
[8.455s] -- Using PYTHON_EXECUTABLE: /usr/bin/python3
[8.455s] -- Using PYTHON_INCLUDE_DIRS: /usr/include/python3.8
[8.455s] -- Using PYTHON_LIBRARIES: /usr/lib/x86_64-linux-gnu/libpython3.8.so
[8.534s] -- Found PythonExtra: .so  
[8.748s] -- Added test 'copyright' to check source files copyright and LICENSE
[8.754s] -- Added test 'cppcheck' to perform static code analysis on C / C++ code
[8.761s] -- Configured cppcheck include dirs: /home/mm/longshan11_6/src/gnss/config;/home/mm/longshan11_6/src/gnss/parser;/home/mm/longshan11_6/src/gnss/stream;/home/mm/longshan11_6/src/gnss/util
[8.761s] -- Configured cppcheck exclude dirs and/or files: 
[8.764s] -- Added test 'cpplint' to check C / C++ code against the Google style
[8.764s] -- Configured cpplint exclude dirs and/or files: 
[8.765s] -- Added test 'flake8' to check Python code syntax and style conventions
[8.767s] -- Added test 'lint_cmake' to check CMake code style
[8.768s] -- Added test 'pep257' to check Python code against some of the style conventions in PEP 257
[8.770s] -- Added test 'uncrustify' to check C / C++ code style
[8.770s] -- Configured uncrustify additional arguments: 
[8.772s] -- Added test 'xmllint' to check XML markup files
[8.792s] -- Configuring done
[8.934s] -- Generating done
[8.943s] -- Build files have been written to: /home/mm/longshan11_6/build/gnss
[8.978s] Invoked command in '/home/mm/longshan11_6/build/gnss' returned '0': CMAKE_PREFIX_PATH=/opt/ros/foxy /usr/bin/cmake /home/mm/longshan11_6/src/gnss -DCMAKE_INSTALL_PREFIX=/home/mm/longshan11_6/install/gnss
[8.981s] Invoking command in '/home/mm/longshan11_6/build/gnss': CMAKE_PREFIX_PATH=/opt/ros/foxy /usr/bin/cmake --build /home/mm/longshan11_6/build/gnss -- -j4 -l4
[9.249s] [35m[1mScanning dependencies of target gnss__cpp[0m
[9.310s] [  1%] [34m[1mGenerating C++ code for ROS interfaces[0m
[12.092s] [  1%] Built target gnss__cpp
[12.191s] [  3%] [34m[1mGenerating C code for ROS interfaces[0m
[13.939s] [35m[1mScanning dependencies of target gnss__rosidl_generator_c[0m
[13.988s] [  5%] [32mBuilding C object CMakeFiles/gnss__rosidl_generator_c.dir/rosidl_generator_c/gnss/msg/detail/imu__functions.c.o[0m
[14.525s] [  7%] [32mBuilding C object CMakeFiles/gnss__rosidl_generator_c.dir/rosidl_generator_c/gnss/msg/detail/ins__functions.c.o[0m
[14.751s] [  8%] [32mBuilding C object CMakeFiles/gnss__rosidl_generator_c.dir/rosidl_generator_c/gnss/msg/detail/message__functions.c.o[0m
[14.947s] [ 10%] [32m[1mLinking C shared library libgnss__rosidl_generator_c.so[0m
[15.212s] [ 10%] Built target gnss__rosidl_generator_c
[15.270s] [ 12%] [34m[1mGenerating C++ type support for eProsima Fast-RTPS[0m
[16.482s] [35m[1mScanning dependencies of target gnss__rosidl_typesupport_fastrtps_cpp[0m
[16.526s] [ 14%] [32mBuilding CXX object CMakeFiles/gnss__rosidl_typesupport_fastrtps_cpp.dir/rosidl_typesupport_fastrtps_cpp/gnss/msg/detail/dds_fastrtps/imu__type_support.cpp.o[0m
[18.763s] [ 16%] [32mBuilding CXX object CMakeFiles/gnss__rosidl_typesupport_fastrtps_cpp.dir/rosidl_typesupport_fastrtps_cpp/gnss/msg/detail/dds_fastrtps/ins__type_support.cpp.o[0m
[20.079s] [ 17%] [32mBuilding CXX object CMakeFiles/gnss__rosidl_typesupport_fastrtps_cpp.dir/rosidl_typesupport_fastrtps_cpp/gnss/msg/detail/dds_fastrtps/message__type_support.cpp.o[0m
[21.100s] [ 19%] [32m[1mLinking CXX shared library libgnss__rosidl_typesupport_fastrtps_cpp.so[0m
[21.434s] [ 19%] Built target gnss__rosidl_typesupport_fastrtps_cpp
[21.464s] [ 21%] [34m[1mGenerating C introspection for ROS interfaces[0m
[22.275s] [35m[1mScanning dependencies of target gnss__rosidl_typesupport_introspection_c[0m
[22.367s] [ 23%] [32mBuilding C object CMakeFiles/gnss__rosidl_typesupport_introspection_c.dir/rosidl_typesupport_introspection_c/gnss/msg/detail/imu__type_support.c.o[0m
[22.654s] [ 25%] [32mBuilding C object CMakeFiles/gnss__rosidl_typesupport_introspection_c.dir/rosidl_typesupport_introspection_c/gnss/msg/detail/ins__type_support.c.o[0m
[22.814s] [ 26%] [32mBuilding C object CMakeFiles/gnss__rosidl_typesupport_introspection_c.dir/rosidl_typesupport_introspection_c/gnss/msg/detail/message__type_support.c.o[0m
[23.007s] [ 28%] [32m[1mLinking C shared library libgnss__rosidl_typesupport_introspection_c.so[0m
[23.151s] [ 28%] Built target gnss__rosidl_typesupport_introspection_c
[23.242s] [ 30%] [34m[1mGenerating C type support dispatch for ROS interfaces[0m
[23.934s] [35m[1mScanning dependencies of target gnss__rosidl_typesupport_c[0m
[23.966s] [ 32%] [32mBuilding CXX object CMakeFiles/gnss__rosidl_typesupport_c.dir/rosidl_typesupport_c/gnss/msg/imu__type_support.cpp.o[0m
[24.027s] [ 33%] [32mBuilding CXX object CMakeFiles/gnss__rosidl_typesupport_c.dir/rosidl_typesupport_c/gnss/msg/ins__type_support.cpp.o[0m
[24.092s] [ 35%] [32mBuilding CXX object CMakeFiles/gnss__rosidl_typesupport_c.dir/rosidl_typesupport_c/gnss/msg/message__type_support.cpp.o[0m
[24.145s] [ 37%] [32m[1mLinking CXX shared library libgnss__rosidl_typesupport_c.so[0m
[24.221s] [ 37%] Built target gnss__rosidl_typesupport_c
[24.256s] [ 39%] [34m[1mGenerating C type support for eProsima Fast-RTPS[0m
[24.869s] [35m[1mScanning dependencies of target gnss__rosidl_typesupport_fastrtps_c[0m
[24.903s] [ 41%] [32mBuilding CXX object CMakeFiles/gnss__rosidl_typesupport_fastrtps_c.dir/rosidl_typesupport_fastrtps_c/gnss/msg/detail/imu__type_support_c.cpp.o[0m
[25.497s] [ 42%] [32mBuilding CXX object CMakeFiles/gnss__rosidl_typesupport_fastrtps_c.dir/rosidl_typesupport_fastrtps_c/gnss/msg/detail/ins__type_support_c.cpp.o[0m
[26.139s] [ 44%] [32mBuilding CXX object CMakeFiles/gnss__rosidl_typesupport_fastrtps_c.dir/rosidl_typesupport_fastrtps_c/gnss/msg/detail/message__type_support_c.cpp.o[0m
[26.777s] [ 46%] [32m[1mLinking CXX shared library libgnss__rosidl_typesupport_fastrtps_c.so[0m
[26.991s] [ 46%] Built target gnss__rosidl_typesupport_fastrtps_c
[27.013s] [ 48%] [34m[1mGenerating C++ introspection for ROS interfaces[0m
[27.532s] [35m[1mScanning dependencies of target gnss__rosidl_typesupport_introspection_cpp[0m
[27.558s] [ 50%] [32mBuilding CXX object CMakeFiles/gnss__rosidl_typesupport_introspection_cpp.dir/rosidl_typesupport_introspection_cpp/gnss/msg/detail/imu__type_support.cpp.o[0m
[28.057s] [ 51%] [32mBuilding CXX object CMakeFiles/gnss__rosidl_typesupport_introspection_cpp.dir/rosidl_typesupport_introspection_cpp/gnss/msg/detail/message__type_support.cpp.o[0m
[28.620s] [ 53%] [32mBuilding CXX object CMakeFiles/gnss__rosidl_typesupport_introspection_cpp.dir/rosidl_typesupport_introspection_cpp/gnss/msg/detail/ins__type_support.cpp.o[0m
[29.129s] [ 55%] [32m[1mLinking CXX shared library libgnss__rosidl_typesupport_introspection_cpp.so[0m
[29.238s] [ 55%] Built target gnss__rosidl_typesupport_introspection_cpp
[29.266s] [ 57%] [34m[1mGenerating C++ type support dispatch for ROS interfaces[0m
[29.735s] [35m[1mScanning dependencies of target gnss__rosidl_typesupport_cpp[0m
[29.760s] [ 58%] [32mBuilding CXX object CMakeFiles/gnss__rosidl_typesupport_cpp.dir/rosidl_typesupport_cpp/gnss/msg/imu__type_support.cpp.o[0m
[30.275s] [ 60%] [32mBuilding CXX object CMakeFiles/gnss__rosidl_typesupport_cpp.dir/rosidl_typesupport_cpp/gnss/msg/message__type_support.cpp.o[0m
[30.784s] [ 62%] [32mBuilding CXX object CMakeFiles/gnss__rosidl_typesupport_cpp.dir/rosidl_typesupport_cpp/gnss/msg/ins__type_support.cpp.o[0m
[31.309s] [ 64%] [32m[1mLinking CXX shared library libgnss__rosidl_typesupport_cpp.so[0m
[31.394s] [ 64%] Built target gnss__rosidl_typesupport_cpp
[31.420s] [35m[1mScanning dependencies of target gnss[0m
[31.444s] [ 64%] Built target gnss
[31.467s] [35m[1mScanning dependencies of target gnss_lib[0m
[31.617s] [ 66%] [32mBuilding CXX object CMakeFiles/gnss_lib.dir/parser/data_parser.cc.o[0m
[35.129s] In file included from [01m[K/home/mm/longshan11_6/src/gnss/parser/data_parser.h:27[m[K,
[35.130s]                  from [01m[K/home/mm/longshan11_6/src/gnss/parser/data_parser.cc:26[m[K:
[35.130s] [01m[K/home/mm/longshan11_6/src/gnss/parser/parser.h:[m[K In member function ‘[01m[Kvirtual gnss::MessageType gnss::Parser::GetMessage(void**)[m[K’:
[35.130s] [01m[K/home/mm/longshan11_6/src/gnss/parser/parser.h:95:46:[m[K [01;35m[Kwarning: [m[Kunused parameter ‘[01m[Kmessage_ptr[m[K’ [[01;35m[K-Wunused-parameter[m[K]
[35.130s]    95 |   virtual MessageType GetMessage([01;35m[KMessagePtr* message_ptr[m[K) { return MessageType::NONE; }
[35.130s]       |                                  [01;35m[K~~~~~~~~~~~~^~~~~~~~~~~[m[K
[35.130s] [01m[K/home/mm/longshan11_6/src/gnss/parser/parser.h:[m[K In member function ‘[01m[Kvirtual void gnss::Parser::GetMessages(gnss::MessageInfoVec*)[m[K’:
[35.130s] [01m[K/home/mm/longshan11_6/src/gnss/parser/parser.h:96:44:[m[K [01;35m[Kwarning: [m[Kunused parameter ‘[01m[Kmessages[m[K’ [[01;35m[K-Wunused-parameter[m[K]
[35.130s]    96 |   virtual void GetMessages([01;35m[KMessageInfoVec* messages[m[K) {}
[35.130s]       |                            [01;35m[K~~~~~~~~~~~~~~~~^~~~~~~~[m[K
[35.131s] [01m[K/home/mm/longshan11_6/src/gnss/parser/parser.h:[m[K In member function ‘[01m[Kvirtual void gnss::Parser::GetMessages(gnss::MessageInfo*)[m[K’:
[35.131s] [01m[K/home/mm/longshan11_6/src/gnss/parser/parser.h:97:41:[m[K [01;35m[Kwarning: [m[Kunused parameter ‘[01m[Kmessage[m[K’ [[01;35m[K-Wunused-parameter[m[K]
[35.131s]    97 |   virtual void GetMessages([01;35m[KMessageInfo* message[m[K) {}
[35.131s]       |                            [01;35m[K~~~~~~~~~~~~~^~~~~~~[m[K
[35.131s] [01m[K/home/mm/longshan11_6/src/gnss/parser/parser.h:[m[K In member function ‘[01m[Kvirtual bool gnss::Parser::GetInsStat(void**)[m[K’:
[35.131s] [01m[K/home/mm/longshan11_6/src/gnss/parser/parser.h:98:39:[m[K [01;35m[Kwarning: [m[Kunused parameter ‘[01m[Kmessage_ptr[m[K’ [[01;35m[K-Wunused-parameter[m[K]
[35.131s]    98 |   virtual bool GetInsStat([01;35m[KMessagePtr *message_ptr[m[K) { return false; }
[35.131s]       |                           [01;35m[K~~~~~~~~~~~~^~~~~~~~~~~[m[K
[39.126s] [ 67%] [32mBuilding CXX object CMakeFiles/gnss_lib.dir/parser/novatel_parser.cc.o[0m
[41.774s] In file included from [01m[K/home/mm/longshan11_6/src/gnss/parser/novatel_parser.cc:37[m[K:
[41.774s] [01m[K/home/mm/longshan11_6/src/gnss/parser/parser.h:[m[K In member function ‘[01m[Kvirtual gnss::MessageType gnss::Parser::GetMessage(void**)[m[K’:
[41.774s] [01m[K/home/mm/longshan11_6/src/gnss/parser/parser.h:95:46:[m[K [01;35m[Kwarning: [m[Kunused parameter ‘[01m[Kmessage_ptr[m[K’ [[01;35m[K-Wunused-parameter[m[K]
[41.774s]    95 |   virtual MessageType GetMessage([01;35m[KMessagePtr* message_ptr[m[K) { return MessageType::NONE; }
[41.774s]       |                                  [01;35m[K~~~~~~~~~~~~^~~~~~~~~~~[m[K
[41.775s] [01m[K/home/mm/longshan11_6/src/gnss/parser/parser.h:[m[K In member function ‘[01m[Kvirtual void gnss::Parser::GetMessages(gnss::MessageInfoVec*)[m[K’:
[41.775s] [01m[K/home/mm/longshan11_6/src/gnss/parser/parser.h:96:44:[m[K [01;35m[Kwarning: [m[Kunused parameter ‘[01m[Kmessages[m[K’ [[01;35m[K-Wunused-parameter[m[K]
[41.775s]    96 |   virtual void GetMessages([01;35m[KMessageInfoVec* messages[m[K) {}
[41.775s]       |                            [01;35m[K~~~~~~~~~~~~~~~~^~~~~~~~[m[K
[41.775s] [01m[K/home/mm/longshan11_6/src/gnss/parser/parser.h:[m[K In member function ‘[01m[Kvirtual void gnss::Parser::GetMessages(gnss::MessageInfo*)[m[K’:
[41.775s] [01m[K/home/mm/longshan11_6/src/gnss/parser/parser.h:97:41:[m[K [01;35m[Kwarning: [m[Kunused parameter ‘[01m[Kmessage[m[K’ [[01;35m[K-Wunused-parameter[m[K]
[41.775s]    97 |   virtual void GetMessages([01;35m[KMessageInfo* message[m[K) {}
[41.775s]       |                            [01;35m[K~~~~~~~~~~~~~^~~~~~~[m[K
[41.775s] [01m[K/home/mm/longshan11_6/src/gnss/parser/parser.h:[m[K In member function ‘[01m[Kvirtual bool gnss::Parser::GetInsStat(void**)[m[K’:
[41.775s] [01m[K/home/mm/longshan11_6/src/gnss/parser/parser.h:98:39:[m[K [01;35m[Kwarning: [m[Kunused parameter ‘[01m[Kmessage_ptr[m[K’ [[01;35m[K-Wunused-parameter[m[K]
[41.775s]    98 |   virtual bool GetInsStat([01;35m[KMessagePtr *message_ptr[m[K) { return false; }
[41.775s]       |                           [01;35m[K~~~~~~~~~~~~^~~~~~~~~~~[m[K
[41.782s] [01m[K/home/mm/longshan11_6/src/gnss/parser/novatel_parser.cc:[m[K In constructor ‘[01m[Kgnss::NovatelParser::NovatelParser(const config::Config&)[m[K’:
[41.782s] [01m[K/home/mm/longshan11_6/src/gnss/parser/novatel_parser.cc:198:54:[m[K [01;35m[Kwarning: [m[Kunused parameter ‘[01m[Kconfig[m[K’ [[01;35m[K-Wunused-parameter[m[K]
[41.782s]   198 |   NovatelParser::NovatelParser([01;35m[Kconst config::Config &config[m[K)
[41.782s]       |                                [01;35m[K~~~~~~~~~~~~~~~~~~~~~~^~~~~~[m[K
[43.059s] [ 69%] [32mBuilding CXX object CMakeFiles/gnss_lib.dir/stream/raw_stream.cc.o[0m
[45.562s] In file included from [01m[K/home/mm/longshan11_6/src/gnss/stream/../parser/data_parser.h:27[m[K,
[45.562s]                  from [01m[K/home/mm/longshan11_6/src/gnss/stream/raw_stream.h:27[m[K,
[45.562s]                  from [01m[K/home/mm/longshan11_6/src/gnss/stream/raw_stream.cc:17[m[K:
[45.562s] [01m[K/home/mm/longshan11_6/src/gnss/stream/../parser/parser.h:[m[K In member function ‘[01m[Kvirtual gnss::MessageType gnss::Parser::GetMessage(void**)[m[K’:
[45.562s] [01m[K/home/mm/longshan11_6/src/gnss/stream/../parser/parser.h:95:46:[m[K [01;35m[Kwarning: [m[Kunused parameter ‘[01m[Kmessage_ptr[m[K’ [[01;35m[K-Wunused-parameter[m[K]
[45.562s]    95 |   virtual MessageType GetMessage([01;35m[KMessagePtr* message_ptr[m[K) { return MessageType::NONE; }
[45.562s]       |                                  [01;35m[K~~~~~~~~~~~~^~~~~~~~~~~[m[K
[45.562s] [01m[K/home/mm/longshan11_6/src/gnss/stream/../parser/parser.h:[m[K In member function ‘[01m[Kvirtual void gnss::Parser::GetMessages(gnss::MessageInfoVec*)[m[K’:
[45.562s] [01m[K/home/mm/longshan11_6/src/gnss/stream/../parser/parser.h:96:44:[m[K [01;35m[Kwarning: [m[Kunused parameter ‘[01m[Kmessages[m[K’ [[01;35m[K-Wunused-parameter[m[K]
[45.562s]    96 |   virtual void GetMessages([01;35m[KMessageInfoVec* messages[m[K) {}
[45.563s]       |                            [01;35m[K~~~~~~~~~~~~~~~~^~~~~~~~[m[K
[45.563s] [01m[K/home/mm/longshan11_6/src/gnss/stream/../parser/parser.h:[m[K In member function ‘[01m[Kvirtual void gnss::Parser::GetMessages(gnss::MessageInfo*)[m[K’:
[45.563s] [01m[K/home/mm/longshan11_6/src/gnss/stream/../parser/parser.h:97:41:[m[K [01;35m[Kwarning: [m[Kunused parameter ‘[01m[Kmessage[m[K’ [[01;35m[K-Wunused-parameter[m[K]
[45.563s]    97 |   virtual void GetMessages([01;35m[KMessageInfo* message[m[K) {}
[45.563s]       |                            [01;35m[K~~~~~~~~~~~~~^~~~~~~[m[K
[45.563s] [01m[K/home/mm/longshan11_6/src/gnss/stream/../parser/parser.h:[m[K In member function ‘[01m[Kvirtual bool gnss::Parser::GetInsStat(void**)[m[K’:
[45.563s] [01m[K/home/mm/longshan11_6/src/gnss/stream/../parser/parser.h:98:39:[m[K [01;35m[Kwarning: [m[Kunused parameter ‘[01m[Kmessage_ptr[m[K’ [[01;35m[K-Wunused-parameter[m[K]
[45.563s]    98 |   virtual bool GetInsStat([01;35m[KMessagePtr *message_ptr[m[K) { return false; }
[45.563s]       |                           [01;35m[K~~~~~~~~~~~~^~~~~~~~~~~[m[K
[46.609s] [ 71%] [32mBuilding CXX object CMakeFiles/gnss_lib.dir/stream/serial_stream.cc.o[0m
[47.330s] [01m[K/home/mm/longshan11_6/src/gnss/stream/serial_stream.cc:[m[K In member function ‘[01m[Kvirtual size_t gnss::SerialStream::read(uint8_t*, size_t)[m[K’:
[47.330s] [01m[K/home/mm/longshan11_6/src/gnss/stream/serial_stream.cc:330:9:[m[K [01;35m[Kwarning: [m[Kthis statement may fall through [[01;35m[K-Wimplicit-fallthrough=[m[K]
[47.331s]   330 |         [01;35m[Kif[m[K (Connect())
[47.331s]       |         [01;35m[K^~[m[K
[47.331s] [01m[K/home/mm/longshan11_6/src/gnss/stream/serial_stream.cc:337:7:[m[K [01;36m[Knote: [m[Khere
[47.331s]   337 |       [01;36m[Kdefault[m[K:
[47.331s]       |       [01;36m[K^~~~~~~[m[K
[47.331s] [01m[K/home/mm/longshan11_6/src/gnss/stream/serial_stream.cc:[m[K In member function ‘[01m[Kvirtual size_t gnss::SerialStream::write(const uint8_t*, size_t)[m[K’:
[47.332s] [01m[K/home/mm/longshan11_6/src/gnss/stream/serial_stream.cc:394:9:[m[K [01;35m[Kwarning: [m[Kthis statement may fall through [[01;35m[K-Wimplicit-fallthrough=[m[K]
[47.332s]   394 |         [01;35m[Kif[m[K (Connect())
[47.332s]       |         [01;35m[K^~[m[K
[47.332s] [01m[K/home/mm/longshan11_6/src/gnss/stream/serial_stream.cc:401:7:[m[K [01;36m[Knote: [m[Khere
[47.332s]   401 |       [01;36m[Kdefault[m[K:
[47.332s]       |       [01;36m[K^~~~~~~[m[K
[47.442s] [ 73%] [32m[1mLinking CXX shared library libgnss_lib.so[0m
[47.767s] [ 73%] Built target gnss_lib
[47.800s] [35m[1mScanning dependencies of target gnss_sync_node[0m
[47.923s] [ 75%] [32mBuilding CXX object CMakeFiles/gnss_sync_node.dir/gnss_sync_node.cc.o[0m
