[0.039s] Invoking command in '/home/mm/longshan12_2/build/lidar_processing': CMAKE_PREFIX_PATH=/opt/ros/foxy /usr/bin/cmake --build /home/mm/longshan12_2/build/lidar_processing -- -j4 -l4
[0.225s] [100%] Built target Lidar_Processing_node
[0.251s] Invoked command in '/home/mm/longshan12_2/build/lidar_processing' returned '0': CMAKE_PREFIX_PATH=/opt/ros/foxy /usr/bin/cmake --build /home/mm/longshan12_2/build/lidar_processing -- -j4 -l4
[0.304s] Invoking command in '/home/mm/longshan12_2/build/lidar_processing': CMAKE_PREFIX_PATH=/opt/ros/foxy /usr/bin/cmake --install /home/mm/longshan12_2/build/lidar_processing
[0.332s] -- Install configuration: ""
[0.336s] -- Up-to-date: /home/mm/longshan12_2/install/lidar_processing/lib/lidar_processing/Lidar_Processing_node
[0.337s] -- Up-to-date: /home/mm/longshan12_2/install/lidar_processing/share/lidar_processing/launch
[0.337s] -- Up-to-date: /home/mm/longshan12_2/install/lidar_processing/share/lidar_processing/launch/lidar_Processing.launch.py
[0.339s] -- Up-to-date: /home/mm/longshan12_2/install/lidar_processing/share/lidar_processing/src
[0.340s] -- Up-to-date: /home/mm/longshan12_2/install/lidar_processing/share/lidar_processing/src/Processing_lidar.cpp
[0.341s] -- Up-to-date: /home/mm/longshan12_2/install/lidar_processing/share/lidar_processing/src/box.hpp
[0.343s] -- Up-to-date: /home/mm/longshan12_2/install/lidar_processing/share/lidar_processing/src/obstacle_detector.hpp
[0.345s] -- Up-to-date: /home/mm/longshan12_2/install/lidar_processing/share/ament_index/resource_index/package_run_dependencies/lidar_processing
[0.349s] -- Up-to-date: /home/mm/longshan12_2/install/lidar_processing/share/ament_index/resource_index/parent_prefix_path/lidar_processing
[0.351s] -- Up-to-date: /home/mm/longshan12_2/install/lidar_processing/share/lidar_processing/environment/ament_prefix_path.sh
[0.356s] -- Up-to-date: /home/mm/longshan12_2/install/lidar_processing/share/lidar_processing/environment/ament_prefix_path.dsv
[0.359s] -- Up-to-date: /home/mm/longshan12_2/install/lidar_processing/share/lidar_processing/environment/path.sh
[0.361s] -- Up-to-date: /home/mm/longshan12_2/install/lidar_processing/share/lidar_processing/environment/path.dsv
[0.361s] -- Up-to-date: /home/mm/longshan12_2/install/lidar_processing/share/lidar_processing/local_setup.bash
[0.362s] -- Up-to-date: /home/mm/longshan12_2/install/lidar_processing/share/lidar_processing/local_setup.sh
[0.362s] -- Up-to-date: /home/mm/longshan12_2/install/lidar_processing/share/lidar_processing/local_setup.zsh
[0.363s] -- Up-to-date: /home/mm/longshan12_2/install/lidar_processing/share/lidar_processing/local_setup.dsv
[0.364s] -- Installing: /home/mm/longshan12_2/install/lidar_processing/share/lidar_processing/package.dsv
[0.364s] -- Up-to-date: /home/mm/longshan12_2/install/lidar_processing/share/ament_index/resource_index/packages/lidar_processing
[0.365s] -- Up-to-date: /home/mm/longshan12_2/install/lidar_processing/share/lidar_processing/cmake/lidar_processingConfig.cmake
[0.365s] -- Up-to-date: /home/mm/longshan12_2/install/lidar_processing/share/lidar_processing/cmake/lidar_processingConfig-version.cmake
[0.366s] -- Up-to-date: /home/mm/longshan12_2/install/lidar_processing/share/lidar_processing/package.xml
[0.366s] Invoked command in '/home/mm/longshan12_2/build/lidar_processing' returned '0': CMAKE_PREFIX_PATH=/opt/ros/foxy /usr/bin/cmake --install /home/mm/longshan12_2/build/lidar_processing
