[0.308s] DEBUG:colcon:Command line arguments: ['/usr/bin/colcon', 'build', '--packages-select', 'model']
[0.308s] DEBUG:colcon:Parsed command line arguments: Namespace(allow_overriding=[], ament_cmake_args=None, base_paths=['.'], build_base='build', catkin_cmake_args=None, catkin_skip_building_tests=False, cmake_args=None, cmake_clean_cache=False, cmake_clean_first=False, cmake_force_configure=False, cmake_target=None, cmake_target_skip_unavailable=False, continue_on_error=False, event_handlers=None, executor='parallel', ignore_user_meta=False, install_base='install', log_base=None, log_level=None, main=<bound method BuildVerb.main of <colcon_core.verb.build.BuildVerb object at 0x7fecf6dd7190>>, merge_install=False, metas=['./colcon.meta'], packages_above=None, packages_above_and_dependencies=None, packages_above_depth=None, packages_end=None, packages_ignore=None, packages_ignore_regex=None, packages_select=['model'], packages_select_build_failed=False, packages_select_by_dep=None, packages_select_regex=None, packages_select_test_failures=False, packages_skip=None, packages_skip_build_finished=False, packages_skip_by_dep=None, packages_skip_regex=None, packages_skip_test_passed=False, packages_skip_up_to=None, packages_start=None, packages_up_to=None, packages_up_to_regex=None, parallel_workers=4, paths=None, symlink_install=False, test_result_base=None, verb_extension=<colcon_core.verb.build.BuildVerb object at 0x7fecf6dd7190>, verb_name='build', verb_parser=<colcon_defaults.argument_parser.defaults.DefaultArgumentsDecorator object at 0x7fecf6c44c70>)
[0.474s] Level 1:colcon.colcon_core.package_discovery:discover_packages(colcon_meta) check parameters
[0.474s] Level 1:colcon.colcon_core.package_discovery:discover_packages(recursive) check parameters
[0.474s] Level 1:colcon.colcon_core.package_discovery:discover_packages(ignore) check parameters
[0.474s] Level 1:colcon.colcon_core.package_discovery:discover_packages(path) check parameters
[0.474s] Level 1:colcon.colcon_core.package_discovery:discover_packages(colcon_meta) discover
[0.475s] Level 1:colcon.colcon_core.package_discovery:discover_packages(recursive) discover
[0.475s] INFO:colcon.colcon_core.package_discovery:Crawling recursively for packages in '/home/mm/longshan12_2'
[0.475s] Level 1:colcon.colcon_core.package_identification:_identify(.) by extensions ['ignore', 'ignore_ament_install']
[0.475s] Level 1:colcon.colcon_core.package_identification:_identify(.) by extension 'ignore'
[0.475s] Level 1:colcon.colcon_core.package_identification:_identify(.) by extension 'ignore_ament_install'
[0.475s] Level 1:colcon.colcon_core.package_identification:_identify(.) by extensions ['colcon_pkg']
[0.475s] Level 1:colcon.colcon_core.package_identification:_identify(.) by extension 'colcon_pkg'
[0.475s] Level 1:colcon.colcon_core.package_identification:_identify(.) by extensions ['colcon_meta']
[0.475s] Level 1:colcon.colcon_core.package_identification:_identify(.) by extension 'colcon_meta'
[0.475s] Level 1:colcon.colcon_core.package_identification:_identify(.) by extensions ['ros']
[0.475s] Level 1:colcon.colcon_core.package_identification:_identify(.) by extension 'ros'
[0.486s] Level 1:colcon.colcon_core.package_identification:_identify(.) by extensions ['cmake', 'python']
[0.486s] Level 1:colcon.colcon_core.package_identification:_identify(.) by extension 'cmake'
[0.486s] Level 1:colcon.colcon_core.package_identification:_identify(.) by extension 'python'
[0.486s] Level 1:colcon.colcon_core.package_identification:_identify(.) by extensions ['python_setup_py']
[0.486s] Level 1:colcon.colcon_core.package_identification:_identify(.) by extension 'python_setup_py'
[0.486s] Level 1:colcon.colcon_core.package_identification:_identify(build) by extensions ['ignore', 'ignore_ament_install']
[0.487s] Level 1:colcon.colcon_core.package_identification:_identify(build) by extension 'ignore'
[0.487s] Level 1:colcon.colcon_core.package_identification:_identify(build) ignored
[0.487s] Level 1:colcon.colcon_core.package_identification:_identify(install) by extensions ['ignore', 'ignore_ament_install']
[0.487s] Level 1:colcon.colcon_core.package_identification:_identify(install) by extension 'ignore'
[0.487s] Level 1:colcon.colcon_core.package_identification:_identify(install) ignored
[0.487s] Level 1:colcon.colcon_core.package_identification:_identify(log) by extensions ['ignore', 'ignore_ament_install']
[0.487s] Level 1:colcon.colcon_core.package_identification:_identify(log) by extension 'ignore'
[0.487s] Level 1:colcon.colcon_core.package_identification:_identify(log) ignored
[0.487s] Level 1:colcon.colcon_core.package_identification:_identify(src) by extensions ['ignore', 'ignore_ament_install']
[0.487s] Level 1:colcon.colcon_core.package_identification:_identify(src) by extension 'ignore'
[0.488s] Level 1:colcon.colcon_core.package_identification:_identify(src) by extension 'ignore_ament_install'
[0.488s] Level 1:colcon.colcon_core.package_identification:_identify(src) by extensions ['colcon_pkg']
[0.488s] Level 1:colcon.colcon_core.package_identification:_identify(src) by extension 'colcon_pkg'
[0.488s] Level 1:colcon.colcon_core.package_identification:_identify(src) by extensions ['colcon_meta']
[0.488s] Level 1:colcon.colcon_core.package_identification:_identify(src) by extension 'colcon_meta'
[0.488s] Level 1:colcon.colcon_core.package_identification:_identify(src) by extensions ['ros']
[0.488s] Level 1:colcon.colcon_core.package_identification:_identify(src) by extension 'ros'
[0.488s] Level 1:colcon.colcon_core.package_identification:_identify(src) by extensions ['cmake', 'python']
[0.488s] Level 1:colcon.colcon_core.package_identification:_identify(src) by extension 'cmake'
[0.488s] Level 1:colcon.colcon_core.package_identification:_identify(src) by extension 'python'
[0.488s] Level 1:colcon.colcon_core.package_identification:_identify(src) by extensions ['python_setup_py']
[0.488s] Level 1:colcon.colcon_core.package_identification:_identify(src) by extension 'python_setup_py'
[0.488s] Level 1:colcon.colcon_core.package_identification:_identify(src/can) by extensions ['ignore', 'ignore_ament_install']
[0.488s] Level 1:colcon.colcon_core.package_identification:_identify(src/can) by extension 'ignore'
[0.489s] Level 1:colcon.colcon_core.package_identification:_identify(src/can) by extension 'ignore_ament_install'
[0.489s] Level 1:colcon.colcon_core.package_identification:_identify(src/can) by extensions ['colcon_pkg']
[0.489s] Level 1:colcon.colcon_core.package_identification:_identify(src/can) by extension 'colcon_pkg'
[0.489s] Level 1:colcon.colcon_core.package_identification:_identify(src/can) by extensions ['colcon_meta']
[0.489s] Level 1:colcon.colcon_core.package_identification:_identify(src/can) by extension 'colcon_meta'
[0.489s] Level 1:colcon.colcon_core.package_identification:_identify(src/can) by extensions ['ros']
[0.489s] Level 1:colcon.colcon_core.package_identification:_identify(src/can) by extension 'ros'
[0.493s] DEBUG:colcon.colcon_core.package_identification:Package 'src/can' with type 'ros.ament_cmake' and name 'can'
[0.493s] Level 1:colcon.colcon_core.package_identification:_identify(src/control) by extensions ['ignore', 'ignore_ament_install']
[0.493s] Level 1:colcon.colcon_core.package_identification:_identify(src/control) by extension 'ignore'
[0.493s] Level 1:colcon.colcon_core.package_identification:_identify(src/control) by extension 'ignore_ament_install'
[0.493s] Level 1:colcon.colcon_core.package_identification:_identify(src/control) by extensions ['colcon_pkg']
[0.493s] Level 1:colcon.colcon_core.package_identification:_identify(src/control) by extension 'colcon_pkg'
[0.493s] Level 1:colcon.colcon_core.package_identification:_identify(src/control) by extensions ['colcon_meta']
[0.493s] Level 1:colcon.colcon_core.package_identification:_identify(src/control) by extension 'colcon_meta'
[0.493s] Level 1:colcon.colcon_core.package_identification:_identify(src/control) by extensions ['ros']
[0.493s] Level 1:colcon.colcon_core.package_identification:_identify(src/control) by extension 'ros'
[0.494s] DEBUG:colcon.colcon_core.package_identification:Package 'src/control' with type 'ros.ament_cmake' and name 'control'
[0.494s] Level 1:colcon.colcon_core.package_identification:_identify(src/draw_messages) by extensions ['ignore', 'ignore_ament_install']
[0.494s] Level 1:colcon.colcon_core.package_identification:_identify(src/draw_messages) by extension 'ignore'
[0.494s] Level 1:colcon.colcon_core.package_identification:_identify(src/draw_messages) by extension 'ignore_ament_install'
[0.494s] Level 1:colcon.colcon_core.package_identification:_identify(src/draw_messages) by extensions ['colcon_pkg']
[0.494s] Level 1:colcon.colcon_core.package_identification:_identify(src/draw_messages) by extension 'colcon_pkg'
[0.494s] Level 1:colcon.colcon_core.package_identification:_identify(src/draw_messages) by extensions ['colcon_meta']
[0.494s] Level 1:colcon.colcon_core.package_identification:_identify(src/draw_messages) by extension 'colcon_meta'
[0.494s] Level 1:colcon.colcon_core.package_identification:_identify(src/draw_messages) by extensions ['ros']
[0.494s] Level 1:colcon.colcon_core.package_identification:_identify(src/draw_messages) by extension 'ros'
[0.495s] DEBUG:colcon.colcon_core.package_identification:Package 'src/draw_messages' with type 'ros.ament_python' and name 'draw_messages'
[0.495s] Level 1:colcon.colcon_core.package_identification:_identify(src/global) by extensions ['ignore', 'ignore_ament_install']
[0.495s] Level 1:colcon.colcon_core.package_identification:_identify(src/global) by extension 'ignore'
[0.495s] Level 1:colcon.colcon_core.package_identification:_identify(src/global) by extension 'ignore_ament_install'
[0.495s] Level 1:colcon.colcon_core.package_identification:_identify(src/global) by extensions ['colcon_pkg']
[0.495s] Level 1:colcon.colcon_core.package_identification:_identify(src/global) by extension 'colcon_pkg'
[0.495s] Level 1:colcon.colcon_core.package_identification:_identify(src/global) by extensions ['colcon_meta']
[0.495s] Level 1:colcon.colcon_core.package_identification:_identify(src/global) by extension 'colcon_meta'
[0.495s] Level 1:colcon.colcon_core.package_identification:_identify(src/global) by extensions ['ros']
[0.495s] Level 1:colcon.colcon_core.package_identification:_identify(src/global) by extension 'ros'
[0.496s] DEBUG:colcon.colcon_core.package_identification:Package 'src/global' with type 'ros.ament_cmake' and name 'global'
[0.496s] Level 1:colcon.colcon_core.package_identification:_identify(src/gnss) by extensions ['ignore', 'ignore_ament_install']
[0.496s] Level 1:colcon.colcon_core.package_identification:_identify(src/gnss) by extension 'ignore'
[0.496s] Level 1:colcon.colcon_core.package_identification:_identify(src/gnss) by extension 'ignore_ament_install'
[0.496s] Level 1:colcon.colcon_core.package_identification:_identify(src/gnss) by extensions ['colcon_pkg']
[0.496s] Level 1:colcon.colcon_core.package_identification:_identify(src/gnss) by extension 'colcon_pkg'
[0.497s] Level 1:colcon.colcon_core.package_identification:_identify(src/gnss) by extensions ['colcon_meta']
[0.497s] Level 1:colcon.colcon_core.package_identification:_identify(src/gnss) by extension 'colcon_meta'
[0.497s] Level 1:colcon.colcon_core.package_identification:_identify(src/gnss) by extensions ['ros']
[0.497s] Level 1:colcon.colcon_core.package_identification:_identify(src/gnss) by extension 'ros'
[0.497s] DEBUG:colcon.colcon_core.package_identification:Package 'src/gnss' with type 'ros.ament_cmake' and name 'gnss'
[0.497s] Level 1:colcon.colcon_core.package_identification:_identify(src/hmi) by extensions ['ignore', 'ignore_ament_install']
[0.497s] Level 1:colcon.colcon_core.package_identification:_identify(src/hmi) by extension 'ignore'
[0.498s] Level 1:colcon.colcon_core.package_identification:_identify(src/hmi) by extension 'ignore_ament_install'
[0.498s] Level 1:colcon.colcon_core.package_identification:_identify(src/hmi) by extensions ['colcon_pkg']
[0.498s] Level 1:colcon.colcon_core.package_identification:_identify(src/hmi) by extension 'colcon_pkg'
[0.498s] Level 1:colcon.colcon_core.package_identification:_identify(src/hmi) by extensions ['colcon_meta']
[0.498s] Level 1:colcon.colcon_core.package_identification:_identify(src/hmi) by extension 'colcon_meta'
[0.498s] Level 1:colcon.colcon_core.package_identification:_identify(src/hmi) by extensions ['ros']
[0.498s] Level 1:colcon.colcon_core.package_identification:_identify(src/hmi) by extension 'ros'
[0.498s] DEBUG:colcon.colcon_core.package_identification:Package 'src/hmi' with type 'ros.ament_cmake' and name 'hmi'
[0.498s] Level 1:colcon.colcon_core.package_identification:_identify(src/lidar_processing) by extensions ['ignore', 'ignore_ament_install']
[0.499s] Level 1:colcon.colcon_core.package_identification:_identify(src/lidar_processing) by extension 'ignore'
[0.499s] Level 1:colcon.colcon_core.package_identification:_identify(src/lidar_processing) by extension 'ignore_ament_install'
[0.499s] Level 1:colcon.colcon_core.package_identification:_identify(src/lidar_processing) by extensions ['colcon_pkg']
[0.499s] Level 1:colcon.colcon_core.package_identification:_identify(src/lidar_processing) by extension 'colcon_pkg'
[0.499s] Level 1:colcon.colcon_core.package_identification:_identify(src/lidar_processing) by extensions ['colcon_meta']
[0.499s] Level 1:colcon.colcon_core.package_identification:_identify(src/lidar_processing) by extension 'colcon_meta'
[0.499s] Level 1:colcon.colcon_core.package_identification:_identify(src/lidar_processing) by extensions ['ros']
[0.499s] Level 1:colcon.colcon_core.package_identification:_identify(src/lidar_processing) by extension 'ros'
[0.500s] DEBUG:colcon.colcon_core.package_identification:Package 'src/lidar_processing' with type 'ros.ament_cmake' and name 'lidar_processing'
[0.500s] Level 1:colcon.colcon_core.package_identification:_identify(src/local) by extensions ['ignore', 'ignore_ament_install']
[0.500s] Level 1:colcon.colcon_core.package_identification:_identify(src/local) by extension 'ignore'
[0.500s] Level 1:colcon.colcon_core.package_identification:_identify(src/local) by extension 'ignore_ament_install'
[0.500s] Level 1:colcon.colcon_core.package_identification:_identify(src/local) by extensions ['colcon_pkg']
[0.500s] Level 1:colcon.colcon_core.package_identification:_identify(src/local) by extension 'colcon_pkg'
[0.501s] Level 1:colcon.colcon_core.package_identification:_identify(src/local) by extensions ['colcon_meta']
[0.501s] Level 1:colcon.colcon_core.package_identification:_identify(src/local) by extension 'colcon_meta'
[0.501s] Level 1:colcon.colcon_core.package_identification:_identify(src/local) by extensions ['ros']
[0.501s] Level 1:colcon.colcon_core.package_identification:_identify(src/local) by extension 'ros'
[0.501s] DEBUG:colcon.colcon_core.package_identification:Package 'src/local' with type 'ros.ament_cmake' and name 'local'
[0.501s] Level 1:colcon.colcon_core.package_identification:_identify(src/model) by extensions ['ignore', 'ignore_ament_install']
[0.501s] Level 1:colcon.colcon_core.package_identification:_identify(src/model) by extension 'ignore'
[0.502s] Level 1:colcon.colcon_core.package_identification:_identify(src/model) by extension 'ignore_ament_install'
[0.502s] Level 1:colcon.colcon_core.package_identification:_identify(src/model) by extensions ['colcon_pkg']
[0.502s] Level 1:colcon.colcon_core.package_identification:_identify(src/model) by extension 'colcon_pkg'
[0.502s] Level 1:colcon.colcon_core.package_identification:_identify(src/model) by extensions ['colcon_meta']
[0.502s] Level 1:colcon.colcon_core.package_identification:_identify(src/model) by extension 'colcon_meta'
[0.502s] Level 1:colcon.colcon_core.package_identification:_identify(src/model) by extensions ['ros']
[0.502s] Level 1:colcon.colcon_core.package_identification:_identify(src/model) by extension 'ros'
[0.502s] DEBUG:colcon.colcon_core.package_identification:Package 'src/model' with type 'ros.ament_cmake' and name 'model'
[0.502s] Level 1:colcon.colcon_core.package_identification:_identify(src/myrviz) by extensions ['ignore', 'ignore_ament_install']
[0.502s] Level 1:colcon.colcon_core.package_identification:_identify(src/myrviz) by extension 'ignore'
[0.502s] Level 1:colcon.colcon_core.package_identification:_identify(src/myrviz) by extension 'ignore_ament_install'
[0.503s] Level 1:colcon.colcon_core.package_identification:_identify(src/myrviz) by extensions ['colcon_pkg']
[0.503s] Level 1:colcon.colcon_core.package_identification:_identify(src/myrviz) by extension 'colcon_pkg'
[0.503s] Level 1:colcon.colcon_core.package_identification:_identify(src/myrviz) by extensions ['colcon_meta']
[0.503s] Level 1:colcon.colcon_core.package_identification:_identify(src/myrviz) by extension 'colcon_meta'
[0.503s] Level 1:colcon.colcon_core.package_identification:_identify(src/myrviz) by extensions ['ros']
[0.503s] Level 1:colcon.colcon_core.package_identification:_identify(src/myrviz) by extension 'ros'
[0.504s] DEBUG:colcon.colcon_core.package_identification:Package 'src/myrviz' with type 'ros.ament_cmake' and name 'myrviz'
[0.504s] Level 1:colcon.colcon_core.package_identification:_identify(src/ros2_path_interfaces) by extensions ['ignore', 'ignore_ament_install']
[0.504s] Level 1:colcon.colcon_core.package_identification:_identify(src/ros2_path_interfaces) by extension 'ignore'
[0.504s] Level 1:colcon.colcon_core.package_identification:_identify(src/ros2_path_interfaces) by extension 'ignore_ament_install'
[0.504s] Level 1:colcon.colcon_core.package_identification:_identify(src/ros2_path_interfaces) by extensions ['colcon_pkg']
[0.504s] Level 1:colcon.colcon_core.package_identification:_identify(src/ros2_path_interfaces) by extension 'colcon_pkg'
[0.504s] Level 1:colcon.colcon_core.package_identification:_identify(src/ros2_path_interfaces) by extensions ['colcon_meta']
[0.504s] Level 1:colcon.colcon_core.package_identification:_identify(src/ros2_path_interfaces) by extension 'colcon_meta'
[0.505s] Level 1:colcon.colcon_core.package_identification:_identify(src/ros2_path_interfaces) by extensions ['ros']
[0.505s] Level 1:colcon.colcon_core.package_identification:_identify(src/ros2_path_interfaces) by extension 'ros'
[0.505s] DEBUG:colcon.colcon_core.package_identification:Package 'src/ros2_path_interfaces' with type 'ros.ament_cmake' and name 'ros2_path_interfaces'
[0.505s] Level 1:colcon.colcon_core.package_identification:_identify(src/voxel_dipgseg) by extensions ['ignore', 'ignore_ament_install']
[0.505s] Level 1:colcon.colcon_core.package_identification:_identify(src/voxel_dipgseg) by extension 'ignore'
[0.505s] Level 1:colcon.colcon_core.package_identification:_identify(src/voxel_dipgseg) by extension 'ignore_ament_install'
[0.505s] Level 1:colcon.colcon_core.package_identification:_identify(src/voxel_dipgseg) by extensions ['colcon_pkg']
[0.505s] Level 1:colcon.colcon_core.package_identification:_identify(src/voxel_dipgseg) by extension 'colcon_pkg'
[0.506s] Level 1:colcon.colcon_core.package_identification:_identify(src/voxel_dipgseg) by extensions ['colcon_meta']
[0.506s] Level 1:colcon.colcon_core.package_identification:_identify(src/voxel_dipgseg) by extension 'colcon_meta'
[0.506s] Level 1:colcon.colcon_core.package_identification:_identify(src/voxel_dipgseg) by extensions ['ros']
[0.506s] Level 1:colcon.colcon_core.package_identification:_identify(src/voxel_dipgseg) by extension 'ros'
[0.506s] DEBUG:colcon.colcon_core.package_identification:Package 'src/voxel_dipgseg' with type 'ros.ament_cmake' and name 'dipgseg'
[0.506s] Level 1:colcon.colcon_core.package_discovery:discover_packages(recursive) using defaults
[0.506s] Level 1:colcon.colcon_core.package_discovery:discover_packages(ignore) discover
[0.506s] Level 1:colcon.colcon_core.package_discovery:discover_packages(ignore) using defaults
[0.506s] Level 1:colcon.colcon_core.package_discovery:discover_packages(path) discover
[0.506s] Level 1:colcon.colcon_core.package_discovery:discover_packages(path) using defaults
[0.535s] INFO:colcon.colcon_core.package_selection:Skipping not selected package 'can' in 'src/can'
[0.535s] INFO:colcon.colcon_core.package_selection:Skipping not selected package 'control' in 'src/control'
[0.535s] INFO:colcon.colcon_core.package_selection:Skipping not selected package 'dipgseg' in 'src/voxel_dipgseg'
[0.535s] INFO:colcon.colcon_core.package_selection:Skipping not selected package 'draw_messages' in 'src/draw_messages'
[0.535s] INFO:colcon.colcon_core.package_selection:Skipping not selected package 'gnss' in 'src/gnss'
[0.535s] INFO:colcon.colcon_core.package_selection:Skipping not selected package 'hmi' in 'src/hmi'
[0.535s] INFO:colcon.colcon_core.package_selection:Skipping not selected package 'lidar_processing' in 'src/lidar_processing'
[0.535s] INFO:colcon.colcon_core.package_selection:Skipping not selected package 'myrviz' in 'src/myrviz'
[0.535s] INFO:colcon.colcon_core.package_selection:Skipping not selected package 'ros2_path_interfaces' in 'src/ros2_path_interfaces'
[0.535s] INFO:colcon.colcon_core.package_selection:Skipping not selected package 'global' in 'src/global'
[0.535s] INFO:colcon.colcon_core.package_selection:Skipping not selected package 'local' in 'src/local'
[0.536s] Level 1:colcon.colcon_core.package_discovery:discover_packages(prefix_path) check parameters
[0.536s] Level 1:colcon.colcon_core.package_discovery:discover_packages(prefix_path) discover
[0.539s] DEBUG:colcon.colcon_installed_package_information.package_discovery:Found 266 installed packages in /opt/ros/foxy
[0.542s] Level 1:colcon.colcon_core.package_discovery:discover_packages(prefix_path) using defaults
[0.620s] Level 5:colcon.colcon_core.verb:set package 'model' build argument 'cmake_args' from command line to 'None'
[0.620s] Level 5:colcon.colcon_core.verb:set package 'model' build argument 'cmake_target' from command line to 'None'
[0.620s] Level 5:colcon.colcon_core.verb:set package 'model' build argument 'cmake_target_skip_unavailable' from command line to 'False'
[0.620s] Level 5:colcon.colcon_core.verb:set package 'model' build argument 'cmake_clean_cache' from command line to 'False'
[0.620s] Level 5:colcon.colcon_core.verb:set package 'model' build argument 'cmake_clean_first' from command line to 'False'
[0.620s] Level 5:colcon.colcon_core.verb:set package 'model' build argument 'cmake_force_configure' from command line to 'False'
[0.620s] Level 5:colcon.colcon_core.verb:set package 'model' build argument 'ament_cmake_args' from command line to 'None'
[0.620s] Level 5:colcon.colcon_core.verb:set package 'model' build argument 'catkin_cmake_args' from command line to 'None'
[0.620s] Level 5:colcon.colcon_core.verb:set package 'model' build argument 'catkin_skip_building_tests' from command line to 'False'
[0.620s] DEBUG:colcon.colcon_core.verb:Building package 'model' with the following arguments: {'ament_cmake_args': None, 'build_base': '/home/mm/longshan12_2/build/model', 'catkin_cmake_args': None, 'catkin_skip_building_tests': False, 'cmake_args': None, 'cmake_clean_cache': False, 'cmake_clean_first': False, 'cmake_force_configure': False, 'cmake_target': None, 'cmake_target_skip_unavailable': False, 'install_base': '/home/mm/longshan12_2/install/model', 'merge_install': False, 'path': '/home/mm/longshan12_2/src/model', 'symlink_install': False, 'test_result_base': None}
[0.621s] INFO:colcon.colcon_core.executor:Executing jobs using 'parallel' executor
[0.622s] DEBUG:colcon.colcon_parallel_executor.executor.parallel:run_until_complete
[0.622s] INFO:colcon.colcon_ros.task.ament_cmake.build:Building ROS package in '/home/mm/longshan12_2/src/model' with build type 'ament_cmake'
[0.623s] INFO:colcon.colcon_cmake.task.cmake.build:Building CMake package in '/home/mm/longshan12_2/src/model'
[0.628s] INFO:colcon.colcon_core.plugin_system:Skipping extension 'colcon_core.shell.bat': Not used on non-Windows systems
[0.628s] INFO:colcon.colcon_core.shell:Skip shell extension 'powershell' for command environment: Not usable outside of PowerShell
[0.628s] DEBUG:colcon.colcon_core.shell:Skip shell extension 'dsv' for command environment
[0.642s] DEBUG:colcon.colcon_core.event_handler.log_command:Invoking command in '/home/mm/longshan12_2/build/model': CMAKE_PREFIX_PATH=/opt/ros/foxy /usr/bin/cmake /home/mm/longshan12_2/src/model -DCMAKE_INSTALL_PREFIX=/home/mm/longshan12_2/install/model
[3.255s] DEBUG:colcon.colcon_core.event_handler.log_command:Invoked command in '/home/mm/longshan12_2/build/model' returned '0': CMAKE_PREFIX_PATH=/opt/ros/foxy /usr/bin/cmake /home/mm/longshan12_2/src/model -DCMAKE_INSTALL_PREFIX=/home/mm/longshan12_2/install/model
[3.259s] DEBUG:colcon.colcon_core.event_handler.log_command:Invoking command in '/home/mm/longshan12_2/build/model': CMAKE_PREFIX_PATH=/opt/ros/foxy /usr/bin/cmake --build /home/mm/longshan12_2/build/model -- -j4 -l4
[3.306s] DEBUG:colcon.colcon_core.event_handler.log_command:Invoked command in '/home/mm/longshan12_2/build/model' returned '0': CMAKE_PREFIX_PATH=/opt/ros/foxy /usr/bin/cmake --build /home/mm/longshan12_2/build/model -- -j4 -l4
[3.342s] DEBUG:colcon.colcon_core.event_handler.log_command:Invoking command in '/home/mm/longshan12_2/build/model': CMAKE_PREFIX_PATH=/opt/ros/foxy /usr/bin/cmake --install /home/mm/longshan12_2/build/model
[3.359s] DEBUG:colcon.colcon_core.event_handler.log_command:Invoked command in '/home/mm/longshan12_2/build/model' returned '1': CMAKE_PREFIX_PATH=/opt/ros/foxy /usr/bin/cmake --install /home/mm/longshan12_2/build/model
[3.378s] Level 1:colcon.colcon_core.environment:create_environment_scripts_only(model)
[3.387s] Level 1:colcon.colcon_core.environment:checking '/home/mm/longshan12_2/install/model' for CMake module files
[3.387s] Level 1:colcon.colcon_core.environment:checking '/home/mm/longshan12_2/install/model' for CMake config files
[3.388s] Level 1:colcon.colcon_core.environment:checking '/home/mm/longshan12_2/install/model/bin'
[3.388s] Level 1:colcon.colcon_core.environment:checking '/home/mm/longshan12_2/install/model/lib/pkgconfig/model.pc'
[3.388s] Level 1:colcon.colcon_core.environment:checking '/home/mm/longshan12_2/install/model/lib/python3.8/site-packages'
[3.388s] Level 1:colcon.colcon_core.environment:checking '/home/mm/longshan12_2/install/model/bin'
[3.389s] INFO:colcon.colcon_core.shell:Creating package script '/home/mm/longshan12_2/install/model/share/model/package.ps1'
[3.390s] INFO:colcon.colcon_core.shell:Creating package descriptor '/home/mm/longshan12_2/install/model/share/model/package.dsv'
[3.391s] INFO:colcon.colcon_core.shell:Creating package script '/home/mm/longshan12_2/install/model/share/model/package.sh'
[3.392s] INFO:colcon.colcon_core.shell:Creating package script '/home/mm/longshan12_2/install/model/share/model/package.bash'
[3.393s] INFO:colcon.colcon_core.shell:Creating package script '/home/mm/longshan12_2/install/model/share/model/package.zsh'
[3.394s] Level 1:colcon.colcon_core.environment:create_file_with_runtime_dependencies(/home/mm/longshan12_2/install/model/share/colcon-core/packages/model)
[3.405s] DEBUG:colcon.colcon_parallel_executor.executor.parallel:closing loop
[3.405s] DEBUG:colcon.colcon_parallel_executor.executor.parallel:loop closed
[3.405s] DEBUG:colcon.colcon_parallel_executor.executor.parallel:run_until_complete finished with '1'
[3.405s] DEBUG:colcon.colcon_core.event_reactor:joining thread
[3.423s] INFO:colcon.colcon_core.plugin_system:Skipping extension 'colcon_notification.desktop_notification.terminal_notifier': Not used on non-Darwin systems
[3.423s] INFO:colcon.colcon_core.plugin_system:Skipping extension 'colcon_notification.desktop_notification.win32': Not used on non-Windows systems
[3.423s] INFO:colcon.colcon_notification.desktop_notification:Sending desktop notification using 'notify2'
[3.536s] DEBUG:colcon.colcon_core.event_reactor:joined thread
[3.537s] INFO:colcon.colcon_core.shell:Creating prefix script '/home/mm/longshan12_2/install/local_setup.ps1'
[3.539s] INFO:colcon.colcon_core.shell:Creating prefix util module '/home/mm/longshan12_2/install/_local_setup_util_ps1.py'
[3.540s] INFO:colcon.colcon_core.shell:Creating prefix chain script '/home/mm/longshan12_2/install/setup.ps1'
[3.541s] INFO:colcon.colcon_core.shell:Creating prefix script '/home/mm/longshan12_2/install/local_setup.sh'
[3.542s] INFO:colcon.colcon_core.shell:Creating prefix util module '/home/mm/longshan12_2/install/_local_setup_util_sh.py'
[3.543s] INFO:colcon.colcon_core.shell:Creating prefix chain script '/home/mm/longshan12_2/install/setup.sh'
[3.544s] INFO:colcon.colcon_core.shell:Creating prefix script '/home/mm/longshan12_2/install/local_setup.bash'
[3.545s] INFO:colcon.colcon_core.shell:Creating prefix chain script '/home/mm/longshan12_2/install/setup.bash'
[3.547s] INFO:colcon.colcon_core.shell:Creating prefix script '/home/mm/longshan12_2/install/local_setup.zsh'
[3.547s] INFO:colcon.colcon_core.shell:Creating prefix chain script '/home/mm/longshan12_2/install/setup.zsh'
