[0.122s] Invoking command in '/home/mm/longshan12_2/build/control': CMAKE_PREFIX_PATH=/opt/ros/foxy /usr/bin/cmake --build /home/mm/longshan12_2/build/control -- -j4 -l4
[0.537s] [100%] Built target control_node
[0.608s] Invoked command in '/home/mm/longshan12_2/build/control' returned '0': CMAKE_PREFIX_PATH=/opt/ros/foxy /usr/bin/cmake --build /home/mm/longshan12_2/build/control -- -j4 -l4
[0.802s] Invoking command in '/home/mm/longshan12_2/build/control': CMAKE_PREFIX_PATH=/opt/ros/foxy /usr/bin/cmake --install /home/mm/longshan12_2/build/control
[0.840s] -- Install configuration: ""
[0.841s] -- Up-to-date: /home/mm/longshan12_2/install/control/lib/control/control_node
[0.842s] -- Up-to-date: /home/mm/longshan12_2/install/control/share/control/launch
[0.842s] -- Up-to-date: /home/mm/longshan12_2/install/control/share/control/launch/control.launch.py
[0.843s] -- Up-to-date: /home/mm/longshan12_2/install/control/share/ament_index/resource_index/package_run_dependencies/control
[0.843s] -- Up-to-date: /home/mm/longshan12_2/install/control/share/ament_index/resource_index/parent_prefix_path/control
[0.844s] -- Up-to-date: /home/mm/longshan12_2/install/control/share/control/environment/ament_prefix_path.sh
[0.844s] -- Up-to-date: /home/mm/longshan12_2/install/control/share/control/environment/ament_prefix_path.dsv
[0.846s] -- Up-to-date: /home/mm/longshan12_2/install/control/share/control/environment/path.sh
[0.850s] -- Up-to-date: /home/mm/longshan12_2/install/control/share/control/environment/path.dsv
[0.851s] -- Up-to-date: /home/mm/longshan12_2/install/control/share/control/local_setup.bash
[0.852s] -- Up-to-date: /home/mm/longshan12_2/install/control/share/control/local_setup.sh
[0.853s] -- Up-to-date: /home/mm/longshan12_2/install/control/share/control/local_setup.zsh
[0.853s] -- Up-to-date: /home/mm/longshan12_2/install/control/share/control/local_setup.dsv
[0.854s] -- Installing: /home/mm/longshan12_2/install/control/share/control/package.dsv
[0.854s] -- Up-to-date: /home/mm/longshan12_2/install/control/share/ament_index/resource_index/packages/control
[0.854s] -- Up-to-date: /home/mm/longshan12_2/install/control/share/control/cmake/controlConfig.cmake
[0.854s] -- Up-to-date: /home/mm/longshan12_2/install/control/share/control/cmake/controlConfig-version.cmake
[0.855s] -- Up-to-date: /home/mm/longshan12_2/install/control/share/control/package.xml
[0.869s] Invoked command in '/home/mm/longshan12_2/build/control' returned '0': CMAKE_PREFIX_PATH=/opt/ros/foxy /usr/bin/cmake --install /home/mm/longshan12_2/build/control
