[0.028s] Invoking command in '/home/mm/longshan12_2/build/vehicle_urdf': CMAKE_PREFIX_PATH=${CMAKE_PREFIX_PATH}:/home/mm/longshan12_2/install/draw_messages:/opt/ros/foxy /usr/bin/cmake --build /home/mm/longshan12_2/build/vehicle_urdf -- -j4 -l4
[0.093s] Invoked command in '/home/mm/longshan12_2/build/vehicle_urdf' returned '0': CMAKE_PREFIX_PATH=${CMAKE_PREFIX_PATH}:/home/mm/longshan12_2/install/draw_messages:/opt/ros/foxy /usr/bin/cmake --build /home/mm/longshan12_2/build/vehicle_urdf -- -j4 -l4
[0.124s] Invoking command in '/home/mm/longshan12_2/build/vehicle_urdf': CMAKE_PREFIX_PATH=${CMAKE_PREFIX_PATH}:/home/mm/longshan12_2/install/draw_messages:/opt/ros/foxy /usr/bin/cmake --install /home/mm/longshan12_2/build/vehicle_urdf
[0.151s] -- Install configuration: ""
[0.151s] -- Up-to-date: /home/mm/longshan12_2/install/vehicle_urdf/share/vehicle_urdf//urdf
[0.151s] -- Installing: /home/mm/longshan12_2/install/vehicle_urdf/share/vehicle_urdf//urdf/vehicle.urdf
[0.152s] -- Up-to-date: /home/mm/longshan12_2/install/vehicle_urdf/share/vehicle_urdf//launch
[0.152s] -- Up-to-date: /home/mm/longshan12_2/install/vehicle_urdf/share/vehicle_urdf//launch/display_vehicle.launch.py
[0.152s] -- Up-to-date: /home/mm/longshan12_2/install/vehicle_urdf/share/ament_index/resource_index/package_run_dependencies/vehicle_urdf
[0.153s] -- Up-to-date: /home/mm/longshan12_2/install/vehicle_urdf/share/ament_index/resource_index/parent_prefix_path/vehicle_urdf
[0.154s] -- Up-to-date: /home/mm/longshan12_2/install/vehicle_urdf/share/vehicle_urdf/environment/ament_prefix_path.sh
[0.156s] -- Up-to-date: /home/mm/longshan12_2/install/vehicle_urdf/share/vehicle_urdf/environment/ament_prefix_path.dsv
[0.159s] -- Up-to-date: /home/mm/longshan12_2/install/vehicle_urdf/share/vehicle_urdf/environment/path.sh
[0.161s] -- Up-to-date: /home/mm/longshan12_2/install/vehicle_urdf/share/vehicle_urdf/environment/path.dsv
[0.162s] -- Up-to-date: /home/mm/longshan12_2/install/vehicle_urdf/share/vehicle_urdf/local_setup.bash
[0.162s] -- Up-to-date: /home/mm/longshan12_2/install/vehicle_urdf/share/vehicle_urdf/local_setup.sh
[0.163s] -- Up-to-date: /home/mm/longshan12_2/install/vehicle_urdf/share/vehicle_urdf/local_setup.zsh
[0.163s] -- Up-to-date: /home/mm/longshan12_2/install/vehicle_urdf/share/vehicle_urdf/local_setup.dsv
[0.163s] -- Installing: /home/mm/longshan12_2/install/vehicle_urdf/share/vehicle_urdf/package.dsv
[0.164s] -- Up-to-date: /home/mm/longshan12_2/install/vehicle_urdf/share/ament_index/resource_index/packages/vehicle_urdf
[0.164s] -- Up-to-date: /home/mm/longshan12_2/install/vehicle_urdf/share/vehicle_urdf/cmake/vehicle_urdfConfig.cmake
[0.165s] -- Up-to-date: /home/mm/longshan12_2/install/vehicle_urdf/share/vehicle_urdf/cmake/vehicle_urdfConfig-version.cmake
[0.166s] -- Up-to-date: /home/mm/longshan12_2/install/vehicle_urdf/share/vehicle_urdf/package.xml
[0.167s] Invoked command in '/home/mm/longshan12_2/build/vehicle_urdf' returned '0': CMAKE_PREFIX_PATH=${CMAKE_PREFIX_PATH}:/home/mm/longshan12_2/install/draw_messages:/opt/ros/foxy /usr/bin/cmake --install /home/mm/longshan12_2/build/vehicle_urdf
