[0.034s] Invoking command in '/home/mm/longshan12_2/build/control': CMAKE_PREFIX_PATH=/opt/ros/foxy /usr/bin/cmake --build /home/mm/longshan12_2/build/control -- -j4 -l4
[0.208s] [100%] Built target control_node
[0.245s] Invoked command in '/home/mm/longshan12_2/build/control' returned '0': CMAKE_PREFIX_PATH=/opt/ros/foxy /usr/bin/cmake --build /home/mm/longshan12_2/build/control -- -j4 -l4
[0.363s] Invoking command in '/home/mm/longshan12_2/build/control': CMAKE_PREFIX_PATH=/opt/ros/foxy /usr/bin/cmake --install /home/mm/longshan12_2/build/control
[0.376s] -- Install configuration: ""
[0.378s] -- Up-to-date: /home/mm/longshan12_2/install/control/lib/control/control_node
[0.378s] -- Up-to-date: /home/mm/longshan12_2/install/control/share/control/launch
[0.379s] -- Up-to-date: /home/mm/longshan12_2/install/control/share/control/launch/control.launch.py
[0.379s] -- Up-to-date: /home/mm/longshan12_2/install/control/share/ament_index/resource_index/package_run_dependencies/control
[0.379s] -- Up-to-date: /home/mm/longshan12_2/install/control/share/ament_index/resource_index/parent_prefix_path/control
[0.381s] -- Up-to-date: /home/mm/longshan12_2/install/control/share/control/environment/ament_prefix_path.sh
[0.382s] -- Up-to-date: /home/mm/longshan12_2/install/control/share/control/environment/ament_prefix_path.dsv
[0.383s] -- Up-to-date: /home/mm/longshan12_2/install/control/share/control/environment/path.sh
[0.386s] -- Up-to-date: /home/mm/longshan12_2/install/control/share/control/environment/path.dsv
[0.388s] -- Up-to-date: /home/mm/longshan12_2/install/control/share/control/local_setup.bash
[0.390s] -- Up-to-date: /home/mm/longshan12_2/install/control/share/control/local_setup.sh
[0.391s] -- Up-to-date: /home/mm/longshan12_2/install/control/share/control/local_setup.zsh
[0.392s] -- Up-to-date: /home/mm/longshan12_2/install/control/share/control/local_setup.dsv
[0.393s] -- Installing: /home/mm/longshan12_2/install/control/share/control/package.dsv
[0.394s] -- Up-to-date: /home/mm/longshan12_2/install/control/share/ament_index/resource_index/packages/control
[0.397s] -- Up-to-date: /home/mm/longshan12_2/install/control/share/control/cmake/controlConfig.cmake
[0.398s] -- Up-to-date: /home/mm/longshan12_2/install/control/share/control/cmake/controlConfig-version.cmake
[0.399s] -- Up-to-date: /home/mm/longshan12_2/install/control/share/control/package.xml
[0.407s] Invoked command in '/home/mm/longshan12_2/build/control' returned '0': CMAKE_PREFIX_PATH=/opt/ros/foxy /usr/bin/cmake --install /home/mm/longshan12_2/build/control
