[0.053s] Invoking command in '/home/mm/longshan12_2/build/can': CMAKE_PREFIX_PATH=/opt/ros/foxy /usr/bin/cmake --build /home/mm/longshan12_2/build/can -- -j4 -l4
[0.335s] [35m[1mScanning dependencies of target can_node[0m
[0.412s] [ 20%] [32mBuilding CXX object CMakeFiles/can_node.dir/src/socketcan.cpp.o[0m
[0.491s] [ 60%] Built target test1
[1.483s] [01m[K/home/mm/longshan12_2/src/can/src/socketcan.cpp:[m[K In constructor ‘[01m[Ksocketcan::socketcan()[m[K’:
[1.483s] [01m[K/home/mm/longshan12_2/src/can/src/socketcan.cpp:27:16:[m[K [01;35m[Kwarning: [m[Kunused variable ‘[01m[KactualFrameRate[m[K’ [[01;35m[K-Wunused-variable[m[K]
[1.483s]    27 |         double [01;35m[KactualFrameRate[m[K = 1.0 / frameDuration.count();
[1.484s]       |                [01;35m[K^~~~~~~~~~~~~~~[m[K
[1.484s] [01m[K/home/mm/longshan12_2/src/can/src/socketcan.cpp:[m[K In destructor ‘[01m[Ksocketcan::~socketcan()[m[K’:
[1.484s] [01m[K/home/mm/longshan12_2/src/can/src/socketcan.cpp:75:16:[m[K [01;35m[Kwarning: [m[Kunused variable ‘[01m[KactualFrameRate[m[K’ [[01;35m[K-Wunused-variable[m[K]
[1.484s]    75 |         double [01;35m[KactualFrameRate[m[K = 1.0 / frameDuration.count();
[1.484s]       |                [01;35m[K^~~~~~~~~~~~~~~[m[K
[1.484s] [01m[K/home/mm/longshan12_2/src/can/src/socketcan.cpp:100:6:[m[K [01;35m[Kwarning: [m[Kunused variable ‘[01m[Kreturn_code2[m[K’ [[01;35m[K-Wunused-variable[m[K]
[1.484s]   100 |  int [01;35m[Kreturn_code2[m[K = send_init(0x1C5, data1); //0x1C5
[1.484s]       |      [01;35m[K^~~~~~~~~~~~[m[K
[1.491s] [01m[K/home/mm/longshan12_2/src/can/src/socketcan.cpp:[m[K In member function ‘[01m[Kvoid socketcan::exit_socketcan()[m[K’:
[1.491s] [01m[K/home/mm/longshan12_2/src/can/src/socketcan.cpp:127:16:[m[K [01;35m[Kwarning: [m[Kunused variable ‘[01m[KactualFrameRate[m[K’ [[01;35m[K-Wunused-variable[m[K]
[1.491s]   127 |         double [01;35m[KactualFrameRate[m[K = 1.0 / frameDuration.count();
[1.491s]       |                [01;35m[K^~~~~~~~~~~~~~~[m[K
[1.491s] [01m[K/home/mm/longshan12_2/src/can/src/socketcan.cpp:153:6:[m[K [01;35m[Kwarning: [m[Kunused variable ‘[01m[Kreturn_code2[m[K’ [[01;35m[K-Wunused-variable[m[K]
[1.491s]   153 |  int [01;35m[Kreturn_code2[m[K = send_init(0x1C5, data1); //0x1C5
[1.492s]       |      [01;35m[K^~~~~~~~~~~~[m[K
[1.797s] [01m[K/home/mm/longshan12_2/src/can/src/socketcan.cpp:[m[K In member function ‘[01m[Kint socketcan::send_init(unsigned int, unsigned char*)[m[K’:
[1.797s] [01m[K/home/mm/longshan12_2/src/can/src/socketcan.cpp:201:1:[m[K [01;35m[Kwarning: [m[Kcontrol reaches end of non-void function [[01;35m[K-Wreturn-type[m[K]
[1.798s]   201 | [01;35m[K}[m[K
[1.798s]       | [01;35m[K^[m[K
[2.152s] [ 80%] [32m[1mLinking CXX executable can_node[0m
[2.837s] [100%] Built target can_node
[2.895s] Invoked command in '/home/mm/longshan12_2/build/can' returned '0': CMAKE_PREFIX_PATH=/opt/ros/foxy /usr/bin/cmake --build /home/mm/longshan12_2/build/can -- -j4 -l4
[3.229s] Invoking command in '/home/mm/longshan12_2/build/can': CMAKE_PREFIX_PATH=/opt/ros/foxy /usr/bin/cmake --install /home/mm/longshan12_2/build/can
[3.279s] -- Install configuration: ""
[3.279s] -- Up-to-date: /home/mm/longshan12_2/install/can/share/ament_index/resource_index/package_run_dependencies/can
[3.279s] -- Up-to-date: /home/mm/longshan12_2/install/can/share/ament_index/resource_index/parent_prefix_path/can
[3.279s] -- Up-to-date: /home/mm/longshan12_2/install/can/share/can/environment/ament_prefix_path.sh
[3.280s] -- Up-to-date: /home/mm/longshan12_2/install/can/share/can/environment/ament_prefix_path.dsv
[3.280s] -- Up-to-date: /home/mm/longshan12_2/install/can/share/can/environment/path.sh
[3.280s] -- Up-to-date: /home/mm/longshan12_2/install/can/share/can/environment/path.dsv
[3.280s] -- Up-to-date: /home/mm/longshan12_2/install/can/share/can/local_setup.bash
[3.281s] -- Up-to-date: /home/mm/longshan12_2/install/can/share/can/local_setup.sh
[3.281s] -- Up-to-date: /home/mm/longshan12_2/install/can/share/can/local_setup.zsh
[3.281s] -- Up-to-date: /home/mm/longshan12_2/install/can/share/can/local_setup.dsv
[3.281s] -- Installing: /home/mm/longshan12_2/install/can/share/can/package.dsv
[3.281s] -- Up-to-date: /home/mm/longshan12_2/install/can/share/ament_index/resource_index/packages/can
[3.281s] -- Up-to-date: /home/mm/longshan12_2/install/can/share/can/cmake/canConfig.cmake
[3.281s] -- Up-to-date: /home/mm/longshan12_2/install/can/share/can/cmake/canConfig-version.cmake
[3.281s] -- Up-to-date: /home/mm/longshan12_2/install/can/share/can/package.xml
[3.281s] -- Installing: /home/mm/longshan12_2/install/can/lib/can/can_node
[3.290s] -- Set runtime path of "/home/mm/longshan12_2/install/can/lib/can/can_node" to ""
[3.291s] -- Up-to-date: /home/mm/longshan12_2/install/can/lib/can/test1
[3.291s] -- Up-to-date: /home/mm/longshan12_2/install/can/share/can/launch
[3.291s] -- Up-to-date: /home/mm/longshan12_2/install/can/share/can/launch/can.launch.py
[3.295s] Invoked command in '/home/mm/longshan12_2/build/can' returned '0': CMAKE_PREFIX_PATH=/opt/ros/foxy /usr/bin/cmake --install /home/mm/longshan12_2/build/can
