[0.049s] Invoking command in '/home/mm/longshan12_2/build/ros2_path_interfaces': CMAKE_PREFIX_PATH=/opt/ros/foxy /usr/bin/cmake --build /home/mm/longshan12_2/build/ros2_path_interfaces -- -j4 -l4
[0.171s] [  3%] Built target ros2_path_interfaces__cpp
[0.221s] [ 12%] Built target ros2_path_interfaces__rosidl_generator_c
[0.269s] [ 22%] Built target ros2_path_interfaces__rosidl_typesupport_cpp
[0.321s] [ 32%] Built target ros2_path_interfaces__rosidl_typesupport_introspection_cpp
[0.342s] [ 41%] Built target ros2_path_interfaces__rosidl_typesupport_fastrtps_cpp
[0.342s] [ 51%] Built target ros2_path_interfaces__rosidl_typesupport_c
[0.395s] [ 61%] Built target ros2_path_interfaces__rosidl_typesupport_introspection_c
[0.438s] [ 70%] Built target ros2_path_interfaces__rosidl_typesupport_fastrtps_c
[0.501s] [ 70%] Built target ros2_path_interfaces
[0.587s] [ 74%] Built target ros2_path_interfaces__py
[0.696s] [ 80%] Built target ros2_path_interfaces__python
[0.805s] [ 87%] Built target ros2_path_interfaces__rosidl_typesupport_c__pyext
[0.806s] [ 93%] Built target ros2_path_interfaces__rosidl_typesupport_introspection_c__pyext
[0.807s] [100%] Built target ros2_path_interfaces__rosidl_typesupport_fastrtps_c__pyext
[0.874s] Invoked command in '/home/mm/longshan12_2/build/ros2_path_interfaces' returned '0': CMAKE_PREFIX_PATH=/opt/ros/foxy /usr/bin/cmake --build /home/mm/longshan12_2/build/ros2_path_interfaces -- -j4 -l4
[1.185s] Invoking command in '/home/mm/longshan12_2/build/ros2_path_interfaces': CMAKE_PREFIX_PATH=/opt/ros/foxy /usr/bin/cmake --install /home/mm/longshan12_2/build/ros2_path_interfaces
[1.255s] -- Install configuration: ""
[1.256s] -- Up-to-date: /home/mm/longshan12_2/install/ros2_path_interfaces/share/ament_index/resource_index/rosidl_interfaces/ros2_path_interfaces
[1.256s] -- Up-to-date: /home/mm/longshan12_2/install/ros2_path_interfaces/include/ros2_path_interfaces
[1.256s] -- Up-to-date: /home/mm/longshan12_2/install/ros2_path_interfaces/include/ros2_path_interfaces/srv
[1.256s] -- Up-to-date: /home/mm/longshan12_2/install/ros2_path_interfaces/include/ros2_path_interfaces/srv/path_interfaces.h
[1.256s] -- Up-to-date: /home/mm/longshan12_2/install/ros2_path_interfaces/include/ros2_path_interfaces/srv/detail
[1.256s] -- Up-to-date: /home/mm/longshan12_2/install/ros2_path_interfaces/include/ros2_path_interfaces/srv/detail/path_interfaces__type_support.h
[1.256s] -- Up-to-date: /home/mm/longshan12_2/install/ros2_path_interfaces/include/ros2_path_interfaces/srv/detail/path_interfaces__struct.h
[1.256s] -- Up-to-date: /home/mm/longshan12_2/install/ros2_path_interfaces/include/ros2_path_interfaces/srv/detail/path_interfaces__functions.h
[1.256s] -- Up-to-date: /home/mm/longshan12_2/install/ros2_path_interfaces/include/ros2_path_interfaces/srv/detail/path_interfaces__functions.c
[1.257s] -- Up-to-date: /home/mm/longshan12_2/install/ros2_path_interfaces/include/ros2_path_interfaces/msg
[1.257s] -- Up-to-date: /home/mm/longshan12_2/install/ros2_path_interfaces/include/ros2_path_interfaces/msg/rosidl_generator_c__visibility_control.h
[1.257s] -- Up-to-date: /home/mm/longshan12_2/install/ros2_path_interfaces/share/ros2_path_interfaces/environment/library_path.sh
[1.257s] -- Up-to-date: /home/mm/longshan12_2/install/ros2_path_interfaces/share/ros2_path_interfaces/environment/library_path.dsv
[1.257s] -- Up-to-date: /home/mm/longshan12_2/install/ros2_path_interfaces/lib/libros2_path_interfaces__rosidl_generator_c.so
[1.257s] -- Up-to-date: /home/mm/longshan12_2/install/ros2_path_interfaces/include/ros2_path_interfaces
[1.257s] -- Up-to-date: /home/mm/longshan12_2/install/ros2_path_interfaces/include/ros2_path_interfaces/srv
[1.257s] -- Up-to-date: /home/mm/longshan12_2/install/ros2_path_interfaces/include/ros2_path_interfaces/srv/detail
[1.257s] -- Up-to-date: /home/mm/longshan12_2/install/ros2_path_interfaces/include/ros2_path_interfaces/srv/detail/path_interfaces__rosidl_typesupport_fastrtps_c.h
[1.257s] -- Up-to-date: /home/mm/longshan12_2/install/ros2_path_interfaces/include/ros2_path_interfaces/msg
[1.259s] -- Up-to-date: /home/mm/longshan12_2/install/ros2_path_interfaces/include/ros2_path_interfaces/msg/rosidl_typesupport_fastrtps_c__visibility_control.h
[1.259s] -- Up-to-date: /home/mm/longshan12_2/install/ros2_path_interfaces/lib/libros2_path_interfaces__rosidl_typesupport_fastrtps_c.so
[1.259s] -- Up-to-date: /home/mm/longshan12_2/install/ros2_path_interfaces/include/ros2_path_interfaces
[1.260s] -- Up-to-date: /home/mm/longshan12_2/install/ros2_path_interfaces/include/ros2_path_interfaces/srv
[1.260s] -- Up-to-date: /home/mm/longshan12_2/install/ros2_path_interfaces/include/ros2_path_interfaces/srv/detail
[1.260s] -- Up-to-date: /home/mm/longshan12_2/install/ros2_path_interfaces/include/ros2_path_interfaces/srv/detail/dds_fastrtps
[1.260s] -- Up-to-date: /home/mm/longshan12_2/install/ros2_path_interfaces/include/ros2_path_interfaces/srv/detail/path_interfaces__rosidl_typesupport_fastrtps_cpp.hpp
[1.261s] -- Up-to-date: /home/mm/longshan12_2/install/ros2_path_interfaces/include/ros2_path_interfaces/msg
[1.261s] -- Up-to-date: /home/mm/longshan12_2/install/ros2_path_interfaces/include/ros2_path_interfaces/msg/rosidl_typesupport_fastrtps_cpp__visibility_control.h
[1.261s] -- Up-to-date: /home/mm/longshan12_2/install/ros2_path_interfaces/lib/libros2_path_interfaces__rosidl_typesupport_fastrtps_cpp.so
[1.261s] -- Up-to-date: /home/mm/longshan12_2/install/ros2_path_interfaces/include/ros2_path_interfaces
[1.261s] -- Up-to-date: /home/mm/longshan12_2/install/ros2_path_interfaces/include/ros2_path_interfaces/srv
[1.262s] -- Up-to-date: /home/mm/longshan12_2/install/ros2_path_interfaces/include/ros2_path_interfaces/srv/detail
[1.262s] -- Up-to-date: /home/mm/longshan12_2/install/ros2_path_interfaces/include/ros2_path_interfaces/srv/detail/path_interfaces__rosidl_typesupport_introspection_c.h
[1.262s] -- Up-to-date: /home/mm/longshan12_2/install/ros2_path_interfaces/include/ros2_path_interfaces/srv/detail/path_interfaces__type_support.c
[1.262s] -- Up-to-date: /home/mm/longshan12_2/install/ros2_path_interfaces/include/ros2_path_interfaces/msg
[1.262s] -- Up-to-date: /home/mm/longshan12_2/install/ros2_path_interfaces/include/ros2_path_interfaces/msg/rosidl_typesupport_introspection_c__visibility_control.h
[1.262s] -- Up-to-date: /home/mm/longshan12_2/install/ros2_path_interfaces/lib/libros2_path_interfaces__rosidl_typesupport_introspection_c.so
[1.262s] -- Up-to-date: /home/mm/longshan12_2/install/ros2_path_interfaces/lib/libros2_path_interfaces__rosidl_typesupport_c.so
[1.263s] -- Up-to-date: /home/mm/longshan12_2/install/ros2_path_interfaces/include/ros2_path_interfaces
[1.263s] -- Up-to-date: /home/mm/longshan12_2/install/ros2_path_interfaces/include/ros2_path_interfaces/srv
[1.263s] -- Up-to-date: /home/mm/longshan12_2/install/ros2_path_interfaces/include/ros2_path_interfaces/srv/path_interfaces.hpp
[1.263s] -- Up-to-date: /home/mm/longshan12_2/install/ros2_path_interfaces/include/ros2_path_interfaces/srv/detail
[1.263s] -- Up-to-date: /home/mm/longshan12_2/install/ros2_path_interfaces/include/ros2_path_interfaces/srv/detail/path_interfaces__traits.hpp
[1.264s] -- Up-to-date: /home/mm/longshan12_2/install/ros2_path_interfaces/include/ros2_path_interfaces/srv/detail/path_interfaces__struct.hpp
[1.264s] -- Up-to-date: /home/mm/longshan12_2/install/ros2_path_interfaces/include/ros2_path_interfaces/srv/detail/path_interfaces__type_support.hpp
[1.264s] -- Up-to-date: /home/mm/longshan12_2/install/ros2_path_interfaces/include/ros2_path_interfaces/srv/detail/path_interfaces__builder.hpp
[1.264s] -- Up-to-date: /home/mm/longshan12_2/install/ros2_path_interfaces/include/ros2_path_interfaces/msg
[1.264s] -- Up-to-date: /home/mm/longshan12_2/install/ros2_path_interfaces/include/ros2_path_interfaces/msg/rosidl_generator_cpp__visibility_control.hpp
[1.265s] -- Up-to-date: /home/mm/longshan12_2/install/ros2_path_interfaces/include/ros2_path_interfaces
[1.265s] -- Up-to-date: /home/mm/longshan12_2/install/ros2_path_interfaces/include/ros2_path_interfaces/srv
[1.265s] -- Up-to-date: /home/mm/longshan12_2/install/ros2_path_interfaces/include/ros2_path_interfaces/srv/detail
[1.278s] -- Up-to-date: /home/mm/longshan12_2/install/ros2_path_interfaces/include/ros2_path_interfaces/srv/detail/path_interfaces__rosidl_typesupport_introspection_cpp.hpp
[1.278s] -- Up-to-date: /home/mm/longshan12_2/install/ros2_path_interfaces/include/ros2_path_interfaces/srv/detail/path_interfaces__type_support.cpp
[1.278s] -- Up-to-date: /home/mm/longshan12_2/install/ros2_path_interfaces/lib/libros2_path_interfaces__rosidl_typesupport_introspection_cpp.so
[1.278s] -- Up-to-date: /home/mm/longshan12_2/install/ros2_path_interfaces/lib/libros2_path_interfaces__rosidl_typesupport_cpp.so
[1.279s] -- Up-to-date: /home/mm/longshan12_2/install/ros2_path_interfaces/share/ros2_path_interfaces/environment/pythonpath.sh
[1.279s] -- Up-to-date: /home/mm/longshan12_2/install/ros2_path_interfaces/share/ros2_path_interfaces/environment/pythonpath.dsv
[1.279s] -- Up-to-date: /home/mm/longshan12_2/install/ros2_path_interfaces/lib/python3.8/site-packages/ros2_path_interfaces/__init__.py
[1.354s] -- Up-to-date: /home/mm/longshan12_2/install/ros2_path_interfaces/lib/python3.8/site-packages/ros2_path_interfaces/srv
[1.355s] -- Up-to-date: /home/mm/longshan12_2/install/ros2_path_interfaces/lib/python3.8/site-packages/ros2_path_interfaces/srv/__init__.py
[1.356s] -- Up-to-date: /home/mm/longshan12_2/install/ros2_path_interfaces/lib/python3.8/site-packages/ros2_path_interfaces/srv/_path_interfaces.py
[1.357s] -- Up-to-date: /home/mm/longshan12_2/install/ros2_path_interfaces/lib/python3.8/site-packages/ros2_path_interfaces/srv/_path_interfaces_s.c
[1.358s] -- Up-to-date: /home/mm/longshan12_2/install/ros2_path_interfaces/lib/python3.8/site-packages/ros2_path_interfaces/ros2_path_interfaces_s__rosidl_typesupport_fastrtps_c.cpython-38-x86_64-linux-gnu.so
[1.363s] -- Up-to-date: /home/mm/longshan12_2/install/ros2_path_interfaces/lib/python3.8/site-packages/ros2_path_interfaces/ros2_path_interfaces_s__rosidl_typesupport_introspection_c.cpython-38-x86_64-linux-gnu.so
[1.365s] -- Up-to-date: /home/mm/longshan12_2/install/ros2_path_interfaces/lib/python3.8/site-packages/ros2_path_interfaces/ros2_path_interfaces_s__rosidl_typesupport_c.cpython-38-x86_64-linux-gnu.so
[1.367s] -- Up-to-date: /home/mm/longshan12_2/install/ros2_path_interfaces/lib/libros2_path_interfaces__python.so
[1.368s] -- Up-to-date: /home/mm/longshan12_2/install/ros2_path_interfaces/share/ros2_path_interfaces/srv/PathInterfaces.idl
[1.368s] -- Up-to-date: /home/mm/longshan12_2/install/ros2_path_interfaces/share/ros2_path_interfaces/srv/PathInterfaces.srv
[1.369s] -- Up-to-date: /home/mm/longshan12_2/install/ros2_path_interfaces/share/ros2_path_interfaces/srv/PathInterfaces_Request.msg
[1.369s] -- Up-to-date: /home/mm/longshan12_2/install/ros2_path_interfaces/share/ros2_path_interfaces/srv/PathInterfaces_Response.msg
[1.372s] -- Up-to-date: /home/mm/longshan12_2/install/ros2_path_interfaces/share/ament_index/resource_index/package_run_dependencies/ros2_path_interfaces
[1.373s] -- Up-to-date: /home/mm/longshan12_2/install/ros2_path_interfaces/share/ament_index/resource_index/parent_prefix_path/ros2_path_interfaces
[1.374s] -- Up-to-date: /home/mm/longshan12_2/install/ros2_path_interfaces/share/ros2_path_interfaces/environment/ament_prefix_path.sh
[1.374s] -- Up-to-date: /home/mm/longshan12_2/install/ros2_path_interfaces/share/ros2_path_interfaces/environment/ament_prefix_path.dsv
[1.375s] -- Up-to-date: /home/mm/longshan12_2/install/ros2_path_interfaces/share/ros2_path_interfaces/environment/path.sh
[1.375s] -- Up-to-date: /home/mm/longshan12_2/install/ros2_path_interfaces/share/ros2_path_interfaces/environment/path.dsv
[1.377s] -- Up-to-date: /home/mm/longshan12_2/install/ros2_path_interfaces/share/ros2_path_interfaces/local_setup.bash
[1.378s] -- Up-to-date: /home/mm/longshan12_2/install/ros2_path_interfaces/share/ros2_path_interfaces/local_setup.sh
[1.381s] -- Up-to-date: /home/mm/longshan12_2/install/ros2_path_interfaces/share/ros2_path_interfaces/local_setup.zsh
[1.382s] -- Up-to-date: /home/mm/longshan12_2/install/ros2_path_interfaces/share/ros2_path_interfaces/local_setup.dsv
[1.383s] -- Installing: /home/mm/longshan12_2/install/ros2_path_interfaces/share/ros2_path_interfaces/package.dsv
[1.384s] -- Up-to-date: /home/mm/longshan12_2/install/ros2_path_interfaces/share/ament_index/resource_index/packages/ros2_path_interfaces
[1.385s] -- Up-to-date: /home/mm/longshan12_2/install/ros2_path_interfaces/share/ros2_path_interfaces/cmake/ros2_path_interfaces__rosidl_generator_cExport.cmake
[1.385s] -- Up-to-date: /home/mm/longshan12_2/install/ros2_path_interfaces/share/ros2_path_interfaces/cmake/ros2_path_interfaces__rosidl_generator_cExport-noconfig.cmake
[1.387s] -- Up-to-date: /home/mm/longshan12_2/install/ros2_path_interfaces/share/ros2_path_interfaces/cmake/ros2_path_interfaces__rosidl_typesupport_introspection_cExport.cmake
[1.387s] -- Up-to-date: /home/mm/longshan12_2/install/ros2_path_interfaces/share/ros2_path_interfaces/cmake/ros2_path_interfaces__rosidl_typesupport_introspection_cExport-noconfig.cmake
[1.388s] -- Up-to-date: /home/mm/longshan12_2/install/ros2_path_interfaces/share/ros2_path_interfaces/cmake/ros2_path_interfaces__rosidl_typesupport_cExport.cmake
[1.389s] -- Up-to-date: /home/mm/longshan12_2/install/ros2_path_interfaces/share/ros2_path_interfaces/cmake/ros2_path_interfaces__rosidl_typesupport_cExport-noconfig.cmake
[1.390s] -- Up-to-date: /home/mm/longshan12_2/install/ros2_path_interfaces/share/ros2_path_interfaces/cmake/ros2_path_interfaces__rosidl_generator_cppExport.cmake
[1.391s] -- Up-to-date: /home/mm/longshan12_2/install/ros2_path_interfaces/share/ros2_path_interfaces/cmake/ros2_path_interfaces__rosidl_typesupport_introspection_cppExport.cmake
[1.391s] -- Up-to-date: /home/mm/longshan12_2/install/ros2_path_interfaces/share/ros2_path_interfaces/cmake/ros2_path_interfaces__rosidl_typesupport_introspection_cppExport-noconfig.cmake
[1.392s] -- Up-to-date: /home/mm/longshan12_2/install/ros2_path_interfaces/share/ros2_path_interfaces/cmake/ros2_path_interfaces__rosidl_typesupport_cppExport.cmake
[1.393s] -- Up-to-date: /home/mm/longshan12_2/install/ros2_path_interfaces/share/ros2_path_interfaces/cmake/ros2_path_interfaces__rosidl_typesupport_cppExport-noconfig.cmake
[1.394s] -- Up-to-date: /home/mm/longshan12_2/install/ros2_path_interfaces/share/ros2_path_interfaces/cmake/rosidl_cmake-extras.cmake
[1.399s] -- Up-to-date: /home/mm/longshan12_2/install/ros2_path_interfaces/share/ros2_path_interfaces/cmake/ament_cmake_export_dependencies-extras.cmake
[1.400s] -- Up-to-date: /home/mm/longshan12_2/install/ros2_path_interfaces/share/ros2_path_interfaces/cmake/ament_cmake_export_libraries-extras.cmake
[1.419s] -- Up-to-date: /home/mm/longshan12_2/install/ros2_path_interfaces/share/ros2_path_interfaces/cmake/ament_cmake_export_targets-extras.cmake
[1.420s] -- Up-to-date: /home/mm/longshan12_2/install/ros2_path_interfaces/share/ros2_path_interfaces/cmake/ament_cmake_export_include_directories-extras.cmake
[1.420s] -- Up-to-date: /home/mm/longshan12_2/install/ros2_path_interfaces/share/ros2_path_interfaces/cmake/rosidl_cmake_export_typesupport_libraries-extras.cmake
[1.420s] -- Up-to-date: /home/mm/longshan12_2/install/ros2_path_interfaces/share/ros2_path_interfaces/cmake/rosidl_cmake_export_typesupport_targets-extras.cmake
[1.421s] -- Up-to-date: /home/mm/longshan12_2/install/ros2_path_interfaces/share/ros2_path_interfaces/cmake/ros2_path_interfacesConfig.cmake
[1.421s] -- Up-to-date: /home/mm/longshan12_2/install/ros2_path_interfaces/share/ros2_path_interfaces/cmake/ros2_path_interfacesConfig-version.cmake
[1.421s] -- Up-to-date: /home/mm/longshan12_2/install/ros2_path_interfaces/share/ros2_path_interfaces/package.xml
[1.430s] Invoked command in '/home/mm/longshan12_2/build/ros2_path_interfaces' returned '0': CMAKE_PREFIX_PATH=/opt/ros/foxy /usr/bin/cmake --install /home/mm/longshan12_2/build/ros2_path_interfaces
