[0.040s] Invoking command in '/home/mm/longshan12_2/build/local': AMENT_PREFIX_PATH=/home/mm/longshan12_2/install/ros2_path_interfaces:${AMENT_PREFIX_PATH} CMAKE_PREFIX_PATH=/home/mm/longshan12_2/install/ros2_path_interfaces:/opt/ros/foxy LD_LIBRARY_PATH=/home/mm/longshan12_2/install/ros2_path_interfaces/lib:/usr/local/lib/libosqp.so:/usr/lib/x86_64-linux-gnu/gazebo-11/plugins:/opt/ros/foxy/opt/yaml_cpp_vendor/lib:/opt/ros/foxy/opt/rviz_ogre_vendor/lib:/opt/ros/foxy/lib/x86_64-linux-gnu:/opt/ros/foxy/lib:/usr/local/lib/libosqp.so PYTHONPATH=/home/mm/longshan12_2/install/ros2_path_interfaces/lib/python3.8/site-packages:${PYTHONPATH} /usr/bin/cmake --build /home/mm/longshan12_2/build/local -- -j4 -l4
[0.303s] [  5%] [32mBuilding CXX object CMakeFiles/local_node4.dir/src/local_node4.cpp.o[0m
[0.311s] [ 10%] [32mBuilding CXX object CMakeFiles/local_node4.dir/src/local_dp_qp.cpp.o[0m
[10.025s] In file included from [01m[K/home/mm/longshan12_2/src/local/./include/localFuns.h:5[m[K,
[10.029s]                  from [01m[K/home/mm/longshan12_2/src/local/src/local_node4.cpp:17[m[K:
[10.030s] [01m[K/home/mm/longshan12_2/src/local/./include/toolKits.h:64:19:[m[K [01;35m[Kwarning: [m[Kinline function ‘[01m[Kdouble tool::d2r(double)[m[K’ used but never defined
[10.030s]    64 |     inline double [01;35m[Kd2r[m[K(double theta);
[10.030s]       |                   [01;35m[K^~~[m[K
[21.746s] [ 15%] [32m[1mLinking CXX executable local_node4[0m
[24.538s] [100%] Built target local_node4
[24.555s] Invoked command in '/home/mm/longshan12_2/build/local' returned '0': AMENT_PREFIX_PATH=/home/mm/longshan12_2/install/ros2_path_interfaces:${AMENT_PREFIX_PATH} CMAKE_PREFIX_PATH=/home/mm/longshan12_2/install/ros2_path_interfaces:/opt/ros/foxy LD_LIBRARY_PATH=/home/mm/longshan12_2/install/ros2_path_interfaces/lib:/usr/local/lib/libosqp.so:/usr/lib/x86_64-linux-gnu/gazebo-11/plugins:/opt/ros/foxy/opt/yaml_cpp_vendor/lib:/opt/ros/foxy/opt/rviz_ogre_vendor/lib:/opt/ros/foxy/lib/x86_64-linux-gnu:/opt/ros/foxy/lib:/usr/local/lib/libosqp.so PYTHONPATH=/home/mm/longshan12_2/install/ros2_path_interfaces/lib/python3.8/site-packages:${PYTHONPATH} /usr/bin/cmake --build /home/mm/longshan12_2/build/local -- -j4 -l4
[24.614s] Invoking command in '/home/mm/longshan12_2/build/local': AMENT_PREFIX_PATH=/home/mm/longshan12_2/install/ros2_path_interfaces:${AMENT_PREFIX_PATH} CMAKE_PREFIX_PATH=/home/mm/longshan12_2/install/ros2_path_interfaces:/opt/ros/foxy LD_LIBRARY_PATH=/home/mm/longshan12_2/install/ros2_path_interfaces/lib:/usr/local/lib/libosqp.so:/usr/lib/x86_64-linux-gnu/gazebo-11/plugins:/opt/ros/foxy/opt/yaml_cpp_vendor/lib:/opt/ros/foxy/opt/rviz_ogre_vendor/lib:/opt/ros/foxy/lib/x86_64-linux-gnu:/opt/ros/foxy/lib:/usr/local/lib/libosqp.so PYTHONPATH=/home/mm/longshan12_2/install/ros2_path_interfaces/lib/python3.8/site-packages:${PYTHONPATH} /usr/bin/cmake --install /home/mm/longshan12_2/build/local
[24.623s] -- Install configuration: ""
[24.625s] -- Installing: /home/mm/longshan12_2/install/local/lib/local/local_node4
[24.635s] -- Set runtime path of "/home/mm/longshan12_2/install/local/lib/local/local_node4" to ""
[24.636s] -- Up-to-date: /home/mm/longshan12_2/install/local/share/local/launch
[24.636s] -- Up-to-date: /home/mm/longshan12_2/install/local/share/local/launch/local.launch.py
[24.636s] -- Up-to-date: /home/mm/longshan12_2/install/local/share/ament_index/resource_index/package_run_dependencies/local
[24.637s] -- Up-to-date: /home/mm/longshan12_2/install/local/share/ament_index/resource_index/parent_prefix_path/local
[24.637s] -- Up-to-date: /home/mm/longshan12_2/install/local/share/local/environment/ament_prefix_path.sh
[24.637s] -- Up-to-date: /home/mm/longshan12_2/install/local/share/local/environment/ament_prefix_path.dsv
[24.637s] -- Up-to-date: /home/mm/longshan12_2/install/local/share/local/environment/path.sh
[24.637s] -- Up-to-date: /home/mm/longshan12_2/install/local/share/local/environment/path.dsv
[24.637s] -- Up-to-date: /home/mm/longshan12_2/install/local/share/local/local_setup.bash
[24.638s] -- Up-to-date: /home/mm/longshan12_2/install/local/share/local/local_setup.sh
[24.638s] -- Up-to-date: /home/mm/longshan12_2/install/local/share/local/local_setup.zsh
[24.638s] -- Up-to-date: /home/mm/longshan12_2/install/local/share/local/local_setup.dsv
[24.638s] -- Installing: /home/mm/longshan12_2/install/local/share/local/package.dsv
[24.638s] -- Up-to-date: /home/mm/longshan12_2/install/local/share/ament_index/resource_index/packages/local
[24.638s] -- Up-to-date: /home/mm/longshan12_2/install/local/share/local/cmake/localConfig.cmake
[24.638s] -- Up-to-date: /home/mm/longshan12_2/install/local/share/local/cmake/localConfig-version.cmake
[24.638s] -- Up-to-date: /home/mm/longshan12_2/install/local/share/local/package.xml
[24.641s] Invoked command in '/home/mm/longshan12_2/build/local' returned '0': AMENT_PREFIX_PATH=/home/mm/longshan12_2/install/ros2_path_interfaces:${AMENT_PREFIX_PATH} CMAKE_PREFIX_PATH=/home/mm/longshan12_2/install/ros2_path_interfaces:/opt/ros/foxy LD_LIBRARY_PATH=/home/mm/longshan12_2/install/ros2_path_interfaces/lib:/usr/local/lib/libosqp.so:/usr/lib/x86_64-linux-gnu/gazebo-11/plugins:/opt/ros/foxy/opt/yaml_cpp_vendor/lib:/opt/ros/foxy/opt/rviz_ogre_vendor/lib:/opt/ros/foxy/lib/x86_64-linux-gnu:/opt/ros/foxy/lib:/usr/local/lib/libosqp.so PYTHONPATH=/home/mm/longshan12_2/install/ros2_path_interfaces/lib/python3.8/site-packages:${PYTHONPATH} /usr/bin/cmake --install /home/mm/longshan12_2/build/local
