[0.038s] Invoking command in '/home/mm/longshan12_2/build/can': CMAKE_PREFIX_PATH=/opt/ros/foxy /usr/bin/cmake --build /home/mm/longshan12_2/build/can -- -j4 -l4
[0.209s] [ 40%] Built target test1
[0.212s] [100%] Built target can_node
[0.252s] Invoked command in '/home/mm/longshan12_2/build/can' returned '0': CMAKE_PREFIX_PATH=/opt/ros/foxy /usr/bin/cmake --build /home/mm/longshan12_2/build/can -- -j4 -l4
[0.401s] Invoking command in '/home/mm/longshan12_2/build/can': CMAKE_PREFIX_PATH=/opt/ros/foxy /usr/bin/cmake --install /home/mm/longshan12_2/build/can
[0.419s] -- Install configuration: ""
[0.419s] -- Up-to-date: /home/mm/longshan12_2/install/can/share/ament_index/resource_index/package_run_dependencies/can
[0.419s] -- Up-to-date: /home/mm/longshan12_2/install/can/share/ament_index/resource_index/parent_prefix_path/can
[0.419s] -- Up-to-date: /home/mm/longshan12_2/install/can/share/can/environment/ament_prefix_path.sh
[0.419s] -- Up-to-date: /home/mm/longshan12_2/install/can/share/can/environment/ament_prefix_path.dsv
[0.420s] -- Up-to-date: /home/mm/longshan12_2/install/can/share/can/environment/path.sh
[0.420s] -- Up-to-date: /home/mm/longshan12_2/install/can/share/can/environment/path.dsv
[0.420s] -- Up-to-date: /home/mm/longshan12_2/install/can/share/can/local_setup.bash
[0.420s] -- Up-to-date: /home/mm/longshan12_2/install/can/share/can/local_setup.sh
[0.420s] -- Up-to-date: /home/mm/longshan12_2/install/can/share/can/local_setup.zsh
[0.420s] -- Up-to-date: /home/mm/longshan12_2/install/can/share/can/local_setup.dsv
[0.420s] -- Installing: /home/mm/longshan12_2/install/can/share/can/package.dsv
[0.420s] -- Up-to-date: /home/mm/longshan12_2/install/can/share/ament_index/resource_index/packages/can
[0.420s] -- Up-to-date: /home/mm/longshan12_2/install/can/share/can/cmake/canConfig.cmake
[0.421s] -- Up-to-date: /home/mm/longshan12_2/install/can/share/can/cmake/canConfig-version.cmake
[0.421s] -- Up-to-date: /home/mm/longshan12_2/install/can/share/can/package.xml
[0.425s] -- Up-to-date: /home/mm/longshan12_2/install/can/lib/can/can_node
[0.426s] -- Up-to-date: /home/mm/longshan12_2/install/can/lib/can/test1
[0.426s] -- Up-to-date: /home/mm/longshan12_2/install/can/share/can/launch
[0.426s] -- Up-to-date: /home/mm/longshan12_2/install/can/share/can/launch/can.launch.py
[0.437s] Invoked command in '/home/mm/longshan12_2/build/can' returned '0': CMAKE_PREFIX_PATH=/opt/ros/foxy /usr/bin/cmake --install /home/mm/longshan12_2/build/can
