[0.073s] Invoking command in '/home/mm/longshan12_2/build/control': CMAKE_PREFIX_PATH=/opt/ros/foxy /usr/bin/cmake --build /home/mm/longshan12_2/build/control -- -j4 -l4
[0.191s] [35m[1mScanning dependencies of target control_node[0m
[0.301s] [  7%] [32mBuilding CXX object CMakeFiles/control_node.dir/src/control_node.cpp.o[0m
[6.207s] [01m[K/home/mm/longshan12_2/src/control/src/control_node.cpp:[m[K In member function ‘[01m[Kvoid control_node::gps_callback(std_msgs::msg::Float64MultiArray_<std::allocator<void> >::SharedPtr)[m[K’:
[6.208s] [01m[K/home/mm/longshan12_2/src/control/src/control_node.cpp:130:36:[m[K [01;35m[Kwarning: [m[Kunused variable ‘[01m[KdeltaX[m[K’ [[01;35m[K-Wunused-variable[m[K]
[6.208s]   130 |                             double [01;35m[KdeltaX[m[K =  dx;
[6.208s]       |                                    [01;35m[K^~~~~~[m[K
[6.208s] [01m[K/home/mm/longshan12_2/src/control/src/control_node.cpp:131:36:[m[K [01;35m[Kwarning: [m[Kunused variable ‘[01m[KdeltaY[m[K’ [[01;35m[K-Wunused-variable[m[K]
[6.208s]   131 |                             double [01;35m[KdeltaY[m[K =  dy;
[6.208s]       |                                    [01;35m[K^~~~~~[m[K
[6.208s] [01m[K/home/mm/longshan12_2/src/control/src/control_node.cpp:132:36:[m[K [01;35m[Kwarning: [m[Kunused variable ‘[01m[KdeltaYAW[m[K’ [[01;35m[K-Wunused-variable[m[K]
[6.208s]   132 |                             double [01;35m[KdeltaYAW[m[K = tool::normalizeAngle(tool::d2r(car(3)) - theta);
[6.208s]       |                                    [01;35m[K^~~~~~~~[m[K
[15.382s] [ 15%] [32m[1mLinking CXX executable control_node[0m
[17.143s] /usr/bin/ld: CMakeFiles/control_node.dir/src/control_node.cpp.o: in function `control_node::local_callback(std::shared_ptr<std_msgs::msg::Float64MultiArray_<std::allocator<void> > >)':
[17.144s] control_node.cpp:(.text._ZN12control_node14local_callbackESt10shared_ptrIN8std_msgs3msg18Float64MultiArray_ISaIvEEEE[_ZN12control_node14local_callbackESt10shared_ptrIN8std_msgs3msg18Float64MultiArray_ISaIvEEEE]+0x233): undefined reference to `control_math::InterpolateUsingS(Eigen::Matrix<double, -1, -1, 0, -1, -1>&, Eigen::Matrix<double, -1, -1, 0, -1, -1>&)'
[17.144s] collect2: error: ld returned 1 exit status
[17.144s] make[2]: *** [CMakeFiles/control_node.dir/build.make:345：control_node] 错误 1
[17.145s] make[1]: *** [CMakeFiles/Makefile2:78：CMakeFiles/control_node.dir/all] 错误 2
[17.145s] make: *** [Makefile:141：all] 错误 2
[17.149s] Invoked command in '/home/mm/longshan12_2/build/control' returned '2': CMAKE_PREFIX_PATH=/opt/ros/foxy /usr/bin/cmake --build /home/mm/longshan12_2/build/control -- -j4 -l4
