[0.013s] Invoking command in '/home/mm/longshan12_2/build/model': CMAKE_PREFIX_PATH=${CMAKE_PREFIX_PATH}:/home/mm/longshan12_2/install/draw_messages:/opt/ros/foxy /usr/bin/cmake --build /home/mm/longshan12_2/build/model -- -j4 -l4
[0.047s] -- Found ament_cmake: 0.9.12 (/opt/ros/foxy/share/ament_cmake/cmake)
[0.074s] -- Using PYTHON_EXECUTABLE: /usr/bin/python3
[0.270s] -- Found rclcpp: 2.4.3 (/opt/ros/foxy/share/rclcpp/cmake)
[0.300s] -- Using all available rosidl_typesupport_c: rosidl_typesupport_fastrtps_c;rosidl_typesupport_introspection_c
[0.304s] -- Found rosidl_adapter: 1.3.1 (/opt/ros/foxy/share/rosidl_adapter/cmake)
[0.390s] -- Using all available rosidl_typesupport_cpp: rosidl_typesupport_fastrtps_cpp;rosidl_typesupport_introspection_cpp
[0.440s] -- Found rmw_implementation_cmake: 1.0.4 (/opt/ros/foxy/share/rmw_implementation_cmake/cmake)
[0.441s] -- Using RMW implementation 'rmw_fastrtps_cpp' as default
[0.580s] -- Found robot_state_publisher: 2.4.5 (/opt/ros/foxy/share/robot_state_publisher/cmake)
[0.582s] -- Found eigen3_cmake_module: 0.1.1 (/opt/ros/foxy/share/eigen3_cmake_module/cmake)
[1.052s] CMake Error at CMakeLists.txt:23 (find_package):
[1.052s]   By not providing "Findjoint_state_publisher.cmake" in CMAKE_MODULE_PATH
[1.052s]   this project has asked CMake to find a package configuration file provided
[1.052s]   by "joint_state_publisher", but CMake did not find one.
[1.052s] 
[1.052s]   Could not find a package configuration file provided by
[1.052s]   "joint_state_publisher" with any of the following names:
[1.052s] 
[1.052s]     joint_state_publisherConfig.cmake
[1.052s]     joint_state_publisher-config.cmake
[1.052s] 
[1.052s]   Add the installation prefix of "joint_state_publisher" to CMAKE_PREFIX_PATH
[1.053s]   or set "joint_state_publisher_DIR" to a directory containing one of the
[1.053s]   above files.  If "joint_state_publisher" provides a separate development
[1.053s]   package or SDK, be sure it has been installed.
[1.053s] 
[1.053s] 
[1.057s] -- Configuring incomplete, errors occurred!
[1.057s] See also "/home/mm/longshan12_2/build/model/CMakeFiles/CMakeOutput.log".
[1.057s] See also "/home/mm/longshan12_2/build/model/CMakeFiles/CMakeError.log".
[1.059s] make: *** [Makefile:222：cmake_check_build_system] 错误 1
[1.061s] Invoked command in '/home/mm/longshan12_2/build/model' returned '2': CMAKE_PREFIX_PATH=${CMAKE_PREFIX_PATH}:/home/mm/longshan12_2/install/draw_messages:/opt/ros/foxy /usr/bin/cmake --build /home/mm/longshan12_2/build/model -- -j4 -l4
