[0.029s] Invoking command in '/home/mm/longshan11_6/build/control': CMAKE_PREFIX_PATH=/opt/ros/foxy /usr/bin/cmake --build /home/mm/longshan11_6/build/control -- -j4 -l4
[0.137s] [100%] Built target control_node
[0.158s] Invoked command in '/home/mm/longshan11_6/build/control' returned '0': CMAKE_PREFIX_PATH=/opt/ros/foxy /usr/bin/cmake --build /home/mm/longshan11_6/build/control -- -j4 -l4
[0.260s] Invoking command in '/home/mm/longshan11_6/build/control': CMAKE_PREFIX_PATH=/opt/ros/foxy /usr/bin/cmake --install /home/mm/longshan11_6/build/control
[0.286s] -- Install configuration: ""
[0.286s] -- Up-to-date: /home/mm/longshan11_6/install/control/lib/control/control_node
[0.286s] -- Up-to-date: /home/mm/longshan11_6/install/control/share/control/launch
[0.286s] -- Up-to-date: /home/mm/longshan11_6/install/control/share/control/launch/control.launch.py
[0.286s] -- Up-to-date: /home/mm/longshan11_6/install/control/share/ament_index/resource_index/package_run_dependencies/control
[0.287s] -- Up-to-date: /home/mm/longshan11_6/install/control/share/ament_index/resource_index/parent_prefix_path/control
[0.287s] -- Up-to-date: /home/mm/longshan11_6/install/control/share/control/environment/ament_prefix_path.sh
[0.287s] -- Up-to-date: /home/mm/longshan11_6/install/control/share/control/environment/ament_prefix_path.dsv
[0.287s] -- Up-to-date: /home/mm/longshan11_6/install/control/share/control/environment/path.sh
[0.287s] -- Up-to-date: /home/mm/longshan11_6/install/control/share/control/environment/path.dsv
[0.287s] -- Up-to-date: /home/mm/longshan11_6/install/control/share/control/local_setup.bash
[0.289s] -- Up-to-date: /home/mm/longshan11_6/install/control/share/control/local_setup.sh
[0.289s] -- Up-to-date: /home/mm/longshan11_6/install/control/share/control/local_setup.zsh
[0.289s] -- Up-to-date: /home/mm/longshan11_6/install/control/share/control/local_setup.dsv
[0.289s] -- Installing: /home/mm/longshan11_6/install/control/share/control/package.dsv
[0.290s] -- Up-to-date: /home/mm/longshan11_6/install/control/share/ament_index/resource_index/packages/control
[0.290s] -- Up-to-date: /home/mm/longshan11_6/install/control/share/control/cmake/controlConfig.cmake
[0.290s] -- Up-to-date: /home/mm/longshan11_6/install/control/share/control/cmake/controlConfig-version.cmake
[0.290s] -- Up-to-date: /home/mm/longshan11_6/install/control/share/control/package.xml
[0.319s] Invoked command in '/home/mm/longshan11_6/build/control' returned '0': CMAKE_PREFIX_PATH=/opt/ros/foxy /usr/bin/cmake --install /home/mm/longshan11_6/build/control
