[0.062s] Invoking command in '/home/mm/longshan12_2/build/control': CMAKE_PREFIX_PATH=/opt/ros/foxy /usr/bin/cmake --build /home/mm/longshan12_2/build/control -- -j4 -l4
[0.283s] [35m[1mScanning dependencies of target control_node[0m
[0.454s] [  9%] [32mBuilding CXX object CMakeFiles/control_node.dir/src/control_node.cpp.o[0m
[5.574s] [01m[K/home/mm/longshan12_2/src/control/src/control_node.cpp:[m[K In member function ‘[01m[Kvoid control_node::gps_callback(std_msgs::msg::Float64MultiArray_<std::allocator<void> >::SharedPtr)[m[K’:
[5.575s] [01m[K/home/mm/longshan12_2/src/control/src/control_node.cpp:129:36:[m[K [01;35m[Kwarning: [m[Kunused variable ‘[01m[KdeltaX[m[K’ [[01;35m[K-Wunused-variable[m[K]
[5.575s]   129 |                             double [01;35m[KdeltaX[m[K =  dx;
[5.576s]       |                                    [01;35m[K^~~~~~[m[K
[5.576s] [01m[K/home/mm/longshan12_2/src/control/src/control_node.cpp:130:36:[m[K [01;35m[Kwarning: [m[Kunused variable ‘[01m[KdeltaY[m[K’ [[01;35m[K-Wunused-variable[m[K]
[5.577s]   130 |                             double [01;35m[KdeltaY[m[K =  dy;
[5.577s]       |                                    [01;35m[K^~~~~~[m[K
[5.578s] [01m[K/home/mm/longshan12_2/src/control/src/control_node.cpp:131:36:[m[K [01;35m[Kwarning: [m[Kunused variable ‘[01m[KdeltaYAW[m[K’ [[01;35m[K-Wunused-variable[m[K]
[5.578s]   131 |                             double [01;35m[KdeltaYAW[m[K = tool::normalizeAngle(tool::d2r(car(3)) - theta);
[5.579s]       |                                    [01;35m[K^~~~~~~~[m[K
[16.202s] [ 18%] [32m[1mLinking CXX executable control_node[0m
[18.795s] [100%] Built target control_node
[19.000s] Invoked command in '/home/mm/longshan12_2/build/control' returned '0': CMAKE_PREFIX_PATH=/opt/ros/foxy /usr/bin/cmake --build /home/mm/longshan12_2/build/control -- -j4 -l4
[19.184s] Invoking command in '/home/mm/longshan12_2/build/control': CMAKE_PREFIX_PATH=/opt/ros/foxy /usr/bin/cmake --install /home/mm/longshan12_2/build/control
[19.227s] -- Install configuration: ""
[19.227s] -- Installing: /home/mm/longshan12_2/install/control/lib/control/control_node
[19.244s] -- Set runtime path of "/home/mm/longshan12_2/install/control/lib/control/control_node" to ""
[19.244s] -- Up-to-date: /home/mm/longshan12_2/install/control/share/control/launch
[19.244s] -- Up-to-date: /home/mm/longshan12_2/install/control/share/control/launch/control.launch.py
[19.246s] -- Up-to-date: /home/mm/longshan12_2/install/control/share/ament_index/resource_index/package_run_dependencies/control
[19.246s] -- Up-to-date: /home/mm/longshan12_2/install/control/share/ament_index/resource_index/parent_prefix_path/control
[19.248s] -- Up-to-date: /home/mm/longshan12_2/install/control/share/control/environment/ament_prefix_path.sh
[19.248s] -- Up-to-date: /home/mm/longshan12_2/install/control/share/control/environment/ament_prefix_path.dsv
[19.249s] -- Up-to-date: /home/mm/longshan12_2/install/control/share/control/environment/path.sh
[19.249s] -- Up-to-date: /home/mm/longshan12_2/install/control/share/control/environment/path.dsv
[19.249s] -- Up-to-date: /home/mm/longshan12_2/install/control/share/control/local_setup.bash
[19.249s] -- Up-to-date: /home/mm/longshan12_2/install/control/share/control/local_setup.sh
[19.249s] -- Up-to-date: /home/mm/longshan12_2/install/control/share/control/local_setup.zsh
[19.249s] -- Up-to-date: /home/mm/longshan12_2/install/control/share/control/local_setup.dsv
[19.251s] -- Installing: /home/mm/longshan12_2/install/control/share/control/package.dsv
[19.253s] -- Up-to-date: /home/mm/longshan12_2/install/control/share/ament_index/resource_index/packages/control
[19.253s] -- Up-to-date: /home/mm/longshan12_2/install/control/share/control/cmake/controlConfig.cmake
[19.253s] -- Up-to-date: /home/mm/longshan12_2/install/control/share/control/cmake/controlConfig-version.cmake
[19.254s] -- Up-to-date: /home/mm/longshan12_2/install/control/share/control/package.xml
[19.281s] Invoked command in '/home/mm/longshan12_2/build/control' returned '0': CMAKE_PREFIX_PATH=/opt/ros/foxy /usr/bin/cmake --install /home/mm/longshan12_2/build/control
