[ 50%] [32mBuilding CXX object CMakeFiles/Lidar_Processing_node.dir/src/Processing_lidar.cpp.o[0m
[100%] [32m[1mLinking CXX executable Lidar_Processing_node[0m
[100%] Built target Lidar_Processing_node
-- Install configuration: ""
-- Installing: /home/mm/longshan11_6/install/lidar_processing/lib/lidar_processing/Lidar_Processing_node
-- Set runtime path of "/home/mm/longshan11_6/install/lidar_processing/lib/lidar_processing/Lidar_Processing_node" to ""
-- Installing: /home/mm/longshan11_6/install/lidar_processing/share/lidar_processing/launch
-- Installing: /home/mm/longshan11_6/install/lidar_processing/share/lidar_processing/launch/lidar_Processing.launch.py
-- Installing: /home/mm/longshan11_6/install/lidar_processing/share/lidar_processing/src
-- Installing: /home/mm/longshan11_6/install/lidar_processing/share/lidar_processing/src/Processing_lidar.cpp
-- Installing: /home/mm/longshan11_6/install/lidar_processing/share/lidar_processing/src/box.hpp
-- Installing: /home/mm/longshan11_6/install/lidar_processing/share/lidar_processing/src/obstacle_detector.hpp
-- Installing: /home/mm/longshan11_6/install/lidar_processing/share/ament_index/resource_index/package_run_dependencies/lidar_processing
-- Installing: /home/mm/longshan11_6/install/lidar_processing/share/ament_index/resource_index/parent_prefix_path/lidar_processing
-- Installing: /home/mm/longshan11_6/install/lidar_processing/share/lidar_processing/environment/ament_prefix_path.sh
-- Installing: /home/mm/longshan11_6/install/lidar_processing/share/lidar_processing/environment/ament_prefix_path.dsv
-- Installing: /home/mm/longshan11_6/install/lidar_processing/share/lidar_processing/environment/path.sh
-- Installing: /home/mm/longshan11_6/install/lidar_processing/share/lidar_processing/environment/path.dsv
-- Installing: /home/mm/longshan11_6/install/lidar_processing/share/lidar_processing/local_setup.bash
-- Installing: /home/mm/longshan11_6/install/lidar_processing/share/lidar_processing/local_setup.sh
-- Installing: /home/mm/longshan11_6/install/lidar_processing/share/lidar_processing/local_setup.zsh
-- Installing: /home/mm/longshan11_6/install/lidar_processing/share/lidar_processing/local_setup.dsv
-- Installing: /home/mm/longshan11_6/install/lidar_processing/share/lidar_processing/package.dsv
-- Installing: /home/mm/longshan11_6/install/lidar_processing/share/ament_index/resource_index/packages/lidar_processing
-- Installing: /home/mm/longshan11_6/install/lidar_processing/share/lidar_processing/cmake/lidar_processingConfig.cmake
-- Installing: /home/mm/longshan11_6/install/lidar_processing/share/lidar_processing/cmake/lidar_processingConfig-version.cmake
-- Installing: /home/mm/longshan11_6/install/lidar_processing/share/lidar_processing/package.xml
