[ 50%] [32mBuilding CXX object CMakeFiles/Lidar_Processing_node.dir/src/Processing_lidar.cpp.o[0m
[01m[K/home/mm/longshan11_6/src/lidar_processing/src/Processing_lidar.cpp:[m[K In member function ‘[01m[Kvoid Processing_lidar::pointCloudCallback(sensor_msgs::msg::PointCloud2_<std::allocator<void> >::SharedPtr)[m[K’:
[01m[K/home/mm/longshan11_6/src/lidar_processing/src/Processing_lidar.cpp:126:12:[m[K [01;35m[Kwarning: [m[Kunused variable ‘[01m[Ksync_duration_ms[m[K’ [[01;35m[K-Wunused-variable[m[K]
  126 |     double [01;35m[Ksync_duration_ms[m[K = std::chrono::duration_cast<std::chrono::nanoseconds>(Clock::now() - m_sync_start_time_).count() / 1e6;
      |            [01;35m[K^~~~~~~~~~~~~~~~[m[K
In file included from [01m[K/home/mm/longshan11_6/src/lidar_processing/src/Processing_lidar.cpp:40[m[K:
/home/mm/longshan11_6/src/lidar_processing/src/obstacle_detector.hpp: In instantiation of ‘[01m[KBox lidar_obstacle_detector::ObstacleDetector<PointT>::pcaBoundingBox(typename pcl::PointCloud<PointT>::Ptr&, int) [with PointT = pcl::PointXYZ; typename pcl::PointCloud<PointT>::Ptr = boost::shared_ptr<pcl::PointCloud<pcl::PointXYZ> >][m[K’:
[01m[K/home/mm/longshan11_6/src/lidar_processing/src/Processing_lidar.cpp:138:66:[m[K   required from here
[01m[K/home/mm/longshan11_6/src/lidar_processing/src/obstacle_detector.hpp:247:15:[m[K [01;35m[Kwarning: [m[Kunused variable ‘[01m[Kbox_z[m[K’ [[01;35m[K-Wunused-variable[m[K]
  247 |   const float [01;35m[Kbox_z[m[K = (max_pt.z + min_pt.z)/2;
      |               [01;35m[K^~~~~[m[K
/home/mm/longshan11_6/src/lidar_processing/src/obstacle_detector.hpp: In instantiation of ‘[01m[Kvoid lidar_obstacle_detector::ObstacleDetector<PointT>::obstacleTracking(const std::vector<Box>&, std::vector<Box>&, float, float) [with PointT = pcl::PointXYZ][m[K’:
[01m[K/home/mm/longshan11_6/src/lidar_processing/src/Processing_lidar.cpp:150:102:[m[K   required from here
[01m[K/home/mm/longshan11_6/src/lidar_processing/src/obstacle_detector.hpp:307:23:[m[K [01;35m[Kwarning: [m[Kcomparison of integer expressions of different signedness: ‘[01m[Kint[m[K’ and ‘[01m[Kstd::vector<int>::size_type[m[K’ {aka ‘[01m[Klong unsigned int[m[K’} [[01;35m[K-Wsign-compare[m[K]
  307 |     for (int j = 0; [01;35m[Kj < matches.size()[m[K; ++j)
      |                     [01;35m[K~~^~~~~~~~~~~~~~~~[m[K
/home/mm/longshan11_6/src/lidar_processing/src/obstacle_detector.hpp: In instantiation of ‘[01m[Kstd::vector<std::vector<int> > lidar_obstacle_detector::ObstacleDetector<PointT>::connectionMatrix(const std::vector<std::vector<int> >&, std::vector<int>&, std::vector<int>&) [with PointT = pcl::PointXYZ][m[K’:
[01m[K/home/mm/longshan11_6/src/lidar_processing/src/obstacle_detector.hpp:302:30:[m[K   required from ‘[01m[Kvoid lidar_obstacle_detector::ObstacleDetector<PointT>::obstacleTracking(const std::vector<Box>&, std::vector<Box>&, float, float) [with PointT = pcl::PointXYZ][m[K’
[01m[K/home/mm/longshan11_6/src/lidar_processing/src/Processing_lidar.cpp:150:102:[m[K   required from here
[01m[K/home/mm/longshan11_6/src/lidar_processing/src/obstacle_detector.hpp:401:23:[m[K [01;35m[Kwarning: [m[Kcomparison of integer expressions of different signedness: ‘[01m[Kint[m[K’ and ‘[01m[Kstd::vector<int>::size_type[m[K’ {aka ‘[01m[Klong unsigned int[m[K’} [[01;35m[K-Wsign-compare[m[K]
  401 |     for (int i = 0; [01;35m[Ki < left.size()[m[K; ++i)
      |                     [01;35m[K~~^~~~~~~~~~~~~[m[K
[01m[K/home/mm/longshan11_6/src/lidar_processing/src/obstacle_detector.hpp:408:23:[m[K [01;35m[Kwarning: [m[Kcomparison of integer expressions of different signedness: ‘[01m[Kint[m[K’ and ‘[01m[Kstd::vector<int>::size_type[m[K’ {aka ‘[01m[Klong unsigned int[m[K’} [[01;35m[K-Wsign-compare[m[K]
  408 |     for (int i = 0; [01;35m[Ki < right.size()[m[K; ++i)
      |                     [01;35m[K~~^~~~~~~~~~~~~~[m[K
/home/mm/longshan11_6/src/lidar_processing/src/obstacle_detector.hpp: In instantiation of ‘[01m[Kstd::vector<int> lidar_obstacle_detector::ObstacleDetector<PointT>::hungarian(const std::vector<std::vector<int> >&) [with PointT = pcl::PointXYZ][m[K’:
[01m[K/home/mm/longshan11_6/src/lidar_processing/src/obstacle_detector.hpp:305:15:[m[K   required from ‘[01m[Kvoid lidar_obstacle_detector::ObstacleDetector<PointT>::obstacleTracking(const std::vector<Box>&, std::vector<Box>&, float, float) [with PointT = pcl::PointXYZ][m[K’
[01m[K/home/mm/longshan11_6/src/lidar_processing/src/Processing_lidar.cpp:150:102:[m[K   required from here
[01m[K/home/mm/longshan11_6/src/lidar_processing/src/obstacle_detector.hpp:446:21:[m[K [01;35m[Kwarning: [m[Kcomparison of integer expressions of different signedness: ‘[01m[Kint[m[K’ and ‘[01m[Kstd::vector<std::vector<int> >::size_type[m[K’ {aka ‘[01m[Klong unsigned int[m[K’} [[01;35m[K-Wsign-compare[m[K]
  446 |   for (int i = 0; [01;35m[Ki < connection_matrix.size()[m[K; ++i)
      |                   [01;35m[K~~^~~~~~~~~~~~~~~~~~~~~~~~~~[m[K
/home/mm/longshan11_6/src/lidar_processing/src/obstacle_detector.hpp: In instantiation of ‘[01m[Kint lidar_obstacle_detector::ObstacleDetector<PointT>::searchBoxIndex(const std::vector<Box>&, int) [with PointT = pcl::PointXYZ][m[K’:
[01m[K/home/mm/longshan11_6/src/lidar_processing/src/obstacle_detector.hpp:311:30:[m[K   required from ‘[01m[Kvoid lidar_obstacle_detector::ObstacleDetector<PointT>::obstacleTracking(const std::vector<Box>&, std::vector<Box>&, float, float) [with PointT = pcl::PointXYZ][m[K’
[01m[K/home/mm/longshan11_6/src/lidar_processing/src/Processing_lidar.cpp:150:102:[m[K   required from here
[01m[K/home/mm/longshan11_6/src/lidar_processing/src/obstacle_detector.hpp:460:21:[m[K [01;35m[Kwarning: [m[Kcomparison of integer expressions of different signedness: ‘[01m[Kint[m[K’ and ‘[01m[Kstd::vector<Box>::size_type[m[K’ {aka ‘[01m[Klong unsigned int[m[K’} [[01;35m[K-Wsign-compare[m[K]
  460 |   for (int i = 0; [01;35m[Ki < boxes.size()[m[K; i++)
      |                   [01;35m[K~~^~~~~~~~~~~~~~[m[K
/home/mm/longshan11_6/src/lidar_processing/src/obstacle_detector.hpp: In instantiation of ‘[01m[Kbool lidar_obstacle_detector::ObstacleDetector<PointT>::hungarianFind(int, const std::vector<std::vector<int> >&, std::vector<bool, std::allocator<bool> >&, std::vector<int>&) [with PointT = pcl::PointXYZ][m[K’:
[01m[K/home/mm/longshan11_6/src/lidar_processing/src/obstacle_detector.hpp:448:9:[m[K   required from ‘[01m[Kstd::vector<int> lidar_obstacle_detector::ObstacleDetector<PointT>::hungarian(const std::vector<std::vector<int> >&) [with PointT = pcl::PointXYZ][m[K’
[01m[K/home/mm/longshan11_6/src/lidar_processing/src/obstacle_detector.hpp:305:15:[m[K   required from ‘[01m[Kvoid lidar_obstacle_detector::ObstacleDetector<PointT>::obstacleTracking(const std::vector<Box>&, std::vector<Box>&, float, float) [with PointT = pcl::PointXYZ][m[K’
[01m[K/home/mm/longshan11_6/src/lidar_processing/src/Processing_lidar.cpp:150:102:[m[K   required from here
[01m[K/home/mm/longshan11_6/src/lidar_processing/src/obstacle_detector.hpp:424:21:[m[K [01;35m[Kwarning: [m[Kcomparison of integer expressions of different signedness: ‘[01m[Kint[m[K’ and ‘[01m[Kstd::vector<int>::size_type[m[K’ {aka ‘[01m[Klong unsigned int[m[K’} [[01;35m[K-Wsign-compare[m[K]
  424 |   for (int j = 0; [01;35m[Kj < connection_matrix[0].size()[m[K; ++j)
      |                   [01;35m[K~~^~~~~~~~~~~~~~~~~~~~~~~~~~~~~[m[K
[01m[K/home/mm/longshan11_6/src/lidar_processing/src/obstacle_detector.hpp:[m[K In member function ‘[01m[Kbool lidar_obstacle_detector::ObstacleDetector<PointT>::hungarianFind(int, const std::vector<std::vector<int> >&, std::vector<bool, std::allocator<bool> >&, std::vector<int>&) [with PointT = pcl::PointXYZ][m[K’:
[01m[K/home/mm/longshan11_6/src/lidar_processing/src/obstacle_detector.hpp:437:1:[m[K [01;35m[Kwarning: [m[Kcontrol reaches end of non-void function [[01;35m[K-Wreturn-type[m[K]
  437 | [01;35m[K}[m[K
      | [01;35m[K^[m[K
[100%] [32m[1mLinking CXX executable Lidar_Processing_node[0m
[100%] Built target Lidar_Processing_node
-- Install configuration: ""
-- Installing: /home/mm/longshan11_6/install/lidar_processing/lib/lidar_processing/Lidar_Processing_node
-- Set runtime path of "/home/mm/longshan11_6/install/lidar_processing/lib/lidar_processing/Lidar_Processing_node" to ""
-- Installing: /home/mm/longshan11_6/install/lidar_processing/share/lidar_processing/launch
-- Installing: /home/mm/longshan11_6/install/lidar_processing/share/lidar_processing/launch/lidar_Processing.launch.py
-- Installing: /home/mm/longshan11_6/install/lidar_processing/share/lidar_processing/src
-- Installing: /home/mm/longshan11_6/install/lidar_processing/share/lidar_processing/src/Processing_lidar.cpp
-- Installing: /home/mm/longshan11_6/install/lidar_processing/share/lidar_processing/src/box.hpp
-- Installing: /home/mm/longshan11_6/install/lidar_processing/share/lidar_processing/src/obstacle_detector.hpp
-- Installing: /home/mm/longshan11_6/install/lidar_processing/share/ament_index/resource_index/package_run_dependencies/lidar_processing
-- Installing: /home/mm/longshan11_6/install/lidar_processing/share/ament_index/resource_index/parent_prefix_path/lidar_processing
-- Installing: /home/mm/longshan11_6/install/lidar_processing/share/lidar_processing/environment/ament_prefix_path.sh
-- Installing: /home/mm/longshan11_6/install/lidar_processing/share/lidar_processing/environment/ament_prefix_path.dsv
-- Installing: /home/mm/longshan11_6/install/lidar_processing/share/lidar_processing/environment/path.sh
-- Installing: /home/mm/longshan11_6/install/lidar_processing/share/lidar_processing/environment/path.dsv
-- Installing: /home/mm/longshan11_6/install/lidar_processing/share/lidar_processing/local_setup.bash
-- Installing: /home/mm/longshan11_6/install/lidar_processing/share/lidar_processing/local_setup.sh
-- Installing: /home/mm/longshan11_6/install/lidar_processing/share/lidar_processing/local_setup.zsh
-- Installing: /home/mm/longshan11_6/install/lidar_processing/share/lidar_processing/local_setup.dsv
-- Installing: /home/mm/longshan11_6/install/lidar_processing/share/lidar_processing/package.dsv
-- Installing: /home/mm/longshan11_6/install/lidar_processing/share/ament_index/resource_index/packages/lidar_processing
-- Installing: /home/mm/longshan11_6/install/lidar_processing/share/lidar_processing/cmake/lidar_processingConfig.cmake
-- Installing: /home/mm/longshan11_6/install/lidar_processing/share/lidar_processing/cmake/lidar_processingConfig-version.cmake
-- Installing: /home/mm/longshan11_6/install/lidar_processing/share/lidar_processing/package.xml
