[0.039s] Invoking command in '/home/mm/longshan11_6/build/lidar_processing': CMAKE_PREFIX_PATH=/opt/ros/foxy /usr/bin/cmake --build /home/mm/longshan11_6/build/lidar_processing -- -j4 -l4
[0.694s] [ 50%] [32mBuilding CXX object CMakeFiles/Lidar_Processing_node.dir/src/Processing_lidar.cpp.o[0m
[41.617s] [01m[K/home/mm/longshan11_6/src/lidar_processing/src/Processing_lidar.cpp:[m[K In member function ‘[01m[Kvoid Processing_lidar::pointCloudCallback(sensor_msgs::msg::PointCloud2_<std::allocator<void> >::SharedPtr)[m[K’:
[41.619s] [01m[K/home/mm/longshan11_6/src/lidar_processing/src/Processing_lidar.cpp:126:12:[m[K [01;35m[Kwarning: [m[Kunused variable ‘[01m[Ksync_duration_ms[m[K’ [[01;35m[K-Wunused-variable[m[K]
[41.619s]   126 |     double [01;35m[Ksync_duration_ms[m[K = std::chrono::duration_cast<std::chrono::nanoseconds>(Clock::now() - m_sync_start_time_).count() / 1e6;
[41.619s]       |            [01;35m[K^~~~~~~~~~~~~~~~[m[K
[43.907s] In file included from [01m[K/home/mm/longshan11_6/src/lidar_processing/src/Processing_lidar.cpp:40[m[K:
[43.908s] /home/mm/longshan11_6/src/lidar_processing/src/obstacle_detector.hpp: In instantiation of ‘[01m[KBox lidar_obstacle_detector::ObstacleDetector<PointT>::pcaBoundingBox(typename pcl::PointCloud<PointT>::Ptr&, int) [with PointT = pcl::PointXYZ; typename pcl::PointCloud<PointT>::Ptr = boost::shared_ptr<pcl::PointCloud<pcl::PointXYZ> >][m[K’:
[43.909s] [01m[K/home/mm/longshan11_6/src/lidar_processing/src/Processing_lidar.cpp:138:66:[m[K   required from here
[43.909s] [01m[K/home/mm/longshan11_6/src/lidar_processing/src/obstacle_detector.hpp:247:15:[m[K [01;35m[Kwarning: [m[Kunused variable ‘[01m[Kbox_z[m[K’ [[01;35m[K-Wunused-variable[m[K]
[43.910s]   247 |   const float [01;35m[Kbox_z[m[K = (max_pt.z + min_pt.z)/2;
[43.910s]       |               [01;35m[K^~~~~[m[K
[43.911s] /home/mm/longshan11_6/src/lidar_processing/src/obstacle_detector.hpp: In instantiation of ‘[01m[Kvoid lidar_obstacle_detector::ObstacleDetector<PointT>::obstacleTracking(const std::vector<Box>&, std::vector<Box>&, float, float) [with PointT = pcl::PointXYZ][m[K’:
[43.911s] [01m[K/home/mm/longshan11_6/src/lidar_processing/src/Processing_lidar.cpp:150:102:[m[K   required from here
[43.911s] [01m[K/home/mm/longshan11_6/src/lidar_processing/src/obstacle_detector.hpp:307:23:[m[K [01;35m[Kwarning: [m[Kcomparison of integer expressions of different signedness: ‘[01m[Kint[m[K’ and ‘[01m[Kstd::vector<int>::size_type[m[K’ {aka ‘[01m[Klong unsigned int[m[K’} [[01;35m[K-Wsign-compare[m[K]
[43.911s]   307 |     for (int j = 0; [01;35m[Kj < matches.size()[m[K; ++j)
[43.911s]       |                     [01;35m[K~~^~~~~~~~~~~~~~~~[m[K
[46.455s] /home/mm/longshan11_6/src/lidar_processing/src/obstacle_detector.hpp: In instantiation of ‘[01m[Kstd::vector<std::vector<int> > lidar_obstacle_detector::ObstacleDetector<PointT>::connectionMatrix(const std::vector<std::vector<int> >&, std::vector<int>&, std::vector<int>&) [with PointT = pcl::PointXYZ][m[K’:
[46.460s] [01m[K/home/mm/longshan11_6/src/lidar_processing/src/obstacle_detector.hpp:302:30:[m[K   required from ‘[01m[Kvoid lidar_obstacle_detector::ObstacleDetector<PointT>::obstacleTracking(const std::vector<Box>&, std::vector<Box>&, float, float) [with PointT = pcl::PointXYZ][m[K’
[46.461s] [01m[K/home/mm/longshan11_6/src/lidar_processing/src/Processing_lidar.cpp:150:102:[m[K   required from here
[46.461s] [01m[K/home/mm/longshan11_6/src/lidar_processing/src/obstacle_detector.hpp:401:23:[m[K [01;35m[Kwarning: [m[Kcomparison of integer expressions of different signedness: ‘[01m[Kint[m[K’ and ‘[01m[Kstd::vector<int>::size_type[m[K’ {aka ‘[01m[Klong unsigned int[m[K’} [[01;35m[K-Wsign-compare[m[K]
[46.461s]   401 |     for (int i = 0; [01;35m[Ki < left.size()[m[K; ++i)
[46.461s]       |                     [01;35m[K~~^~~~~~~~~~~~~[m[K
[46.462s] [01m[K/home/mm/longshan11_6/src/lidar_processing/src/obstacle_detector.hpp:408:23:[m[K [01;35m[Kwarning: [m[Kcomparison of integer expressions of different signedness: ‘[01m[Kint[m[K’ and ‘[01m[Kstd::vector<int>::size_type[m[K’ {aka ‘[01m[Klong unsigned int[m[K’} [[01;35m[K-Wsign-compare[m[K]
[46.462s]   408 |     for (int i = 0; [01;35m[Ki < right.size()[m[K; ++i)
[46.463s]       |                     [01;35m[K~~^~~~~~~~~~~~~~[m[K
[46.468s] /home/mm/longshan11_6/src/lidar_processing/src/obstacle_detector.hpp: In instantiation of ‘[01m[Kstd::vector<int> lidar_obstacle_detector::ObstacleDetector<PointT>::hungarian(const std::vector<std::vector<int> >&) [with PointT = pcl::PointXYZ][m[K’:
[46.473s] [01m[K/home/mm/longshan11_6/src/lidar_processing/src/obstacle_detector.hpp:305:15:[m[K   required from ‘[01m[Kvoid lidar_obstacle_detector::ObstacleDetector<PointT>::obstacleTracking(const std::vector<Box>&, std::vector<Box>&, float, float) [with PointT = pcl::PointXYZ][m[K’
[46.474s] [01m[K/home/mm/longshan11_6/src/lidar_processing/src/Processing_lidar.cpp:150:102:[m[K   required from here
[46.477s] [01m[K/home/mm/longshan11_6/src/lidar_processing/src/obstacle_detector.hpp:446:21:[m[K [01;35m[Kwarning: [m[Kcomparison of integer expressions of different signedness: ‘[01m[Kint[m[K’ and ‘[01m[Kstd::vector<std::vector<int> >::size_type[m[K’ {aka ‘[01m[Klong unsigned int[m[K’} [[01;35m[K-Wsign-compare[m[K]
[46.478s]   446 |   for (int i = 0; [01;35m[Ki < connection_matrix.size()[m[K; ++i)
[46.481s]       |                   [01;35m[K~~^~~~~~~~~~~~~~~~~~~~~~~~~~[m[K
[46.483s] /home/mm/longshan11_6/src/lidar_processing/src/obstacle_detector.hpp: In instantiation of ‘[01m[Kint lidar_obstacle_detector::ObstacleDetector<PointT>::searchBoxIndex(const std::vector<Box>&, int) [with PointT = pcl::PointXYZ][m[K’:
[46.484s] [01m[K/home/mm/longshan11_6/src/lidar_processing/src/obstacle_detector.hpp:311:30:[m[K   required from ‘[01m[Kvoid lidar_obstacle_detector::ObstacleDetector<PointT>::obstacleTracking(const std::vector<Box>&, std::vector<Box>&, float, float) [with PointT = pcl::PointXYZ][m[K’
[46.484s] [01m[K/home/mm/longshan11_6/src/lidar_processing/src/Processing_lidar.cpp:150:102:[m[K   required from here
[46.484s] [01m[K/home/mm/longshan11_6/src/lidar_processing/src/obstacle_detector.hpp:460:21:[m[K [01;35m[Kwarning: [m[Kcomparison of integer expressions of different signedness: ‘[01m[Kint[m[K’ and ‘[01m[Kstd::vector<Box>::size_type[m[K’ {aka ‘[01m[Klong unsigned int[m[K’} [[01;35m[K-Wsign-compare[m[K]
[46.485s]   460 |   for (int i = 0; [01;35m[Ki < boxes.size()[m[K; i++)
[46.485s]       |                   [01;35m[K~~^~~~~~~~~~~~~~[m[K
[51.896s] /home/mm/longshan11_6/src/lidar_processing/src/obstacle_detector.hpp: In instantiation of ‘[01m[Kbool lidar_obstacle_detector::ObstacleDetector<PointT>::hungarianFind(int, const std::vector<std::vector<int> >&, std::vector<bool, std::allocator<bool> >&, std::vector<int>&) [with PointT = pcl::PointXYZ][m[K’:
[51.898s] [01m[K/home/mm/longshan11_6/src/lidar_processing/src/obstacle_detector.hpp:448:9:[m[K   required from ‘[01m[Kstd::vector<int> lidar_obstacle_detector::ObstacleDetector<PointT>::hungarian(const std::vector<std::vector<int> >&) [with PointT = pcl::PointXYZ][m[K’
[51.899s] [01m[K/home/mm/longshan11_6/src/lidar_processing/src/obstacle_detector.hpp:305:15:[m[K   required from ‘[01m[Kvoid lidar_obstacle_detector::ObstacleDetector<PointT>::obstacleTracking(const std::vector<Box>&, std::vector<Box>&, float, float) [with PointT = pcl::PointXYZ][m[K’
[51.899s] [01m[K/home/mm/longshan11_6/src/lidar_processing/src/Processing_lidar.cpp:150:102:[m[K   required from here
[51.899s] [01m[K/home/mm/longshan11_6/src/lidar_processing/src/obstacle_detector.hpp:424:21:[m[K [01;35m[Kwarning: [m[Kcomparison of integer expressions of different signedness: ‘[01m[Kint[m[K’ and ‘[01m[Kstd::vector<int>::size_type[m[K’ {aka ‘[01m[Klong unsigned int[m[K’} [[01;35m[K-Wsign-compare[m[K]
[51.900s]   424 |   for (int j = 0; [01;35m[Kj < connection_matrix[0].size()[m[K; ++j)
[51.900s]       |                   [01;35m[K~~^~~~~~~~~~~~~~~~~~~~~~~~~~~~~[m[K
[83.089s] [01m[K/home/mm/longshan11_6/src/lidar_processing/src/obstacle_detector.hpp:[m[K In member function ‘[01m[Kbool lidar_obstacle_detector::ObstacleDetector<PointT>::hungarianFind(int, const std::vector<std::vector<int> >&, std::vector<bool, std::allocator<bool> >&, std::vector<int>&) [with PointT = pcl::PointXYZ][m[K’:
[83.089s] [01m[K/home/mm/longshan11_6/src/lidar_processing/src/obstacle_detector.hpp:437:1:[m[K [01;35m[Kwarning: [m[Kcontrol reaches end of non-void function [[01;35m[K-Wreturn-type[m[K]
[83.090s]   437 | [01;35m[K}[m[K
[83.090s]       | [01;35m[K^[m[K
[109.401s] [100%] [32m[1mLinking CXX executable Lidar_Processing_node[0m
[117.372s] [100%] Built target Lidar_Processing_node
[117.637s] Invoked command in '/home/mm/longshan11_6/build/lidar_processing' returned '0': CMAKE_PREFIX_PATH=/opt/ros/foxy /usr/bin/cmake --build /home/mm/longshan11_6/build/lidar_processing -- -j4 -l4
[117.962s] Invoking command in '/home/mm/longshan11_6/build/lidar_processing': CMAKE_PREFIX_PATH=/opt/ros/foxy /usr/bin/cmake --install /home/mm/longshan11_6/build/lidar_processing
[117.993s] -- Install configuration: ""
[117.994s] -- Installing: /home/mm/longshan11_6/install/lidar_processing/lib/lidar_processing/Lidar_Processing_node
[118.003s] -- Set runtime path of "/home/mm/longshan11_6/install/lidar_processing/lib/lidar_processing/Lidar_Processing_node" to ""
[118.004s] -- Installing: /home/mm/longshan11_6/install/lidar_processing/share/lidar_processing/launch
[118.006s] -- Installing: /home/mm/longshan11_6/install/lidar_processing/share/lidar_processing/launch/lidar_Processing.launch.py
[118.008s] -- Installing: /home/mm/longshan11_6/install/lidar_processing/share/lidar_processing/src
[118.008s] -- Installing: /home/mm/longshan11_6/install/lidar_processing/share/lidar_processing/src/Processing_lidar.cpp
[118.009s] -- Installing: /home/mm/longshan11_6/install/lidar_processing/share/lidar_processing/src/box.hpp
[118.010s] -- Installing: /home/mm/longshan11_6/install/lidar_processing/share/lidar_processing/src/obstacle_detector.hpp
[118.014s] -- Installing: /home/mm/longshan11_6/install/lidar_processing/share/ament_index/resource_index/package_run_dependencies/lidar_processing
[118.015s] -- Installing: /home/mm/longshan11_6/install/lidar_processing/share/ament_index/resource_index/parent_prefix_path/lidar_processing
[118.019s] -- Installing: /home/mm/longshan11_6/install/lidar_processing/share/lidar_processing/environment/ament_prefix_path.sh
[118.021s] -- Installing: /home/mm/longshan11_6/install/lidar_processing/share/lidar_processing/environment/ament_prefix_path.dsv
[118.023s] -- Installing: /home/mm/longshan11_6/install/lidar_processing/share/lidar_processing/environment/path.sh
[118.024s] -- Installing: /home/mm/longshan11_6/install/lidar_processing/share/lidar_processing/environment/path.dsv
[118.025s] -- Installing: /home/mm/longshan11_6/install/lidar_processing/share/lidar_processing/local_setup.bash
[118.026s] -- Installing: /home/mm/longshan11_6/install/lidar_processing/share/lidar_processing/local_setup.sh
[118.027s] -- Installing: /home/mm/longshan11_6/install/lidar_processing/share/lidar_processing/local_setup.zsh
[118.028s] -- Installing: /home/mm/longshan11_6/install/lidar_processing/share/lidar_processing/local_setup.dsv
[118.028s] -- Installing: /home/mm/longshan11_6/install/lidar_processing/share/lidar_processing/package.dsv
[118.029s] -- Installing: /home/mm/longshan11_6/install/lidar_processing/share/ament_index/resource_index/packages/lidar_processing
[118.030s] -- Installing: /home/mm/longshan11_6/install/lidar_processing/share/lidar_processing/cmake/lidar_processingConfig.cmake
[118.031s] -- Installing: /home/mm/longshan11_6/install/lidar_processing/share/lidar_processing/cmake/lidar_processingConfig-version.cmake
[118.031s] -- Installing: /home/mm/longshan11_6/install/lidar_processing/share/lidar_processing/package.xml
[118.042s] Invoked command in '/home/mm/longshan11_6/build/lidar_processing' returned '0': CMAKE_PREFIX_PATH=/opt/ros/foxy /usr/bin/cmake --install /home/mm/longshan11_6/build/lidar_processing
