[0.034s] Invoking command in '/home/mm/longshan12_2/build/ros2_path_interfaces': CMAKE_PREFIX_PATH=/opt/ros/foxy /usr/bin/cmake --build /home/mm/longshan12_2/build/ros2_path_interfaces -- -j4 -l4
[0.110s] [  9%] Built target ros2_path_interfaces__rosidl_generator_c
[0.119s] [ 12%] Built target ros2_path_interfaces__cpp
[0.148s] [ 22%] Built target ros2_path_interfaces__rosidl_typesupport_c
[0.177s] [ 32%] Built target ros2_path_interfaces__rosidl_typesupport_introspection_c
[0.182s] [ 41%] Built target ros2_path_interfaces__rosidl_typesupport_cpp
[0.200s] [ 51%] Built target ros2_path_interfaces__rosidl_typesupport_fastrtps_cpp
[0.206s] [ 61%] Built target ros2_path_interfaces__rosidl_typesupport_introspection_cpp
[0.246s] [ 70%] Built target ros2_path_interfaces__rosidl_typesupport_fastrtps_c
[0.324s] [ 70%] Built target ros2_path_interfaces
[0.368s] [ 74%] Built target ros2_path_interfaces__py
[0.421s] [ 80%] Built target ros2_path_interfaces__python
[0.470s] [ 87%] Built target ros2_path_interfaces__rosidl_typesupport_c__pyext
[0.478s] [ 93%] Built target ros2_path_interfaces__rosidl_typesupport_introspection_c__pyext
[0.491s] [100%] Built target ros2_path_interfaces__rosidl_typesupport_fastrtps_c__pyext
[0.757s] Invoked command in '/home/mm/longshan12_2/build/ros2_path_interfaces' returned '0': CMAKE_PREFIX_PATH=/opt/ros/foxy /usr/bin/cmake --build /home/mm/longshan12_2/build/ros2_path_interfaces -- -j4 -l4
[1.044s] Invoking command in '/home/mm/longshan12_2/build/ros2_path_interfaces': CMAKE_PREFIX_PATH=/opt/ros/foxy /usr/bin/cmake --install /home/mm/longshan12_2/build/ros2_path_interfaces
[1.082s] -- Install configuration: ""
[1.083s] -- Up-to-date: /home/mm/longshan12_2/install/ros2_path_interfaces/share/ament_index/resource_index/rosidl_interfaces/ros2_path_interfaces
[1.101s] -- Up-to-date: /home/mm/longshan12_2/install/ros2_path_interfaces/include/ros2_path_interfaces
[1.101s] -- Up-to-date: /home/mm/longshan12_2/install/ros2_path_interfaces/include/ros2_path_interfaces/srv
[1.101s] -- Up-to-date: /home/mm/longshan12_2/install/ros2_path_interfaces/include/ros2_path_interfaces/srv/path_interfaces.h
[1.101s] -- Up-to-date: /home/mm/longshan12_2/install/ros2_path_interfaces/include/ros2_path_interfaces/srv/detail
[1.101s] -- Up-to-date: /home/mm/longshan12_2/install/ros2_path_interfaces/include/ros2_path_interfaces/srv/detail/path_interfaces__type_support.h
[1.102s] -- Up-to-date: /home/mm/longshan12_2/install/ros2_path_interfaces/include/ros2_path_interfaces/srv/detail/path_interfaces__struct.h
[1.102s] -- Up-to-date: /home/mm/longshan12_2/install/ros2_path_interfaces/include/ros2_path_interfaces/srv/detail/path_interfaces__functions.h
[1.102s] -- Up-to-date: /home/mm/longshan12_2/install/ros2_path_interfaces/include/ros2_path_interfaces/srv/detail/path_interfaces__functions.c
[1.102s] -- Up-to-date: /home/mm/longshan12_2/install/ros2_path_interfaces/include/ros2_path_interfaces/msg
[1.102s] -- Up-to-date: /home/mm/longshan12_2/install/ros2_path_interfaces/include/ros2_path_interfaces/msg/rosidl_generator_c__visibility_control.h
[1.102s] -- Up-to-date: /home/mm/longshan12_2/install/ros2_path_interfaces/share/ros2_path_interfaces/environment/library_path.sh
[1.102s] -- Up-to-date: /home/mm/longshan12_2/install/ros2_path_interfaces/share/ros2_path_interfaces/environment/library_path.dsv
[1.103s] -- Up-to-date: /home/mm/longshan12_2/install/ros2_path_interfaces/lib/libros2_path_interfaces__rosidl_generator_c.so
[1.103s] -- Up-to-date: /home/mm/longshan12_2/install/ros2_path_interfaces/include/ros2_path_interfaces
[1.103s] -- Up-to-date: /home/mm/longshan12_2/install/ros2_path_interfaces/include/ros2_path_interfaces/srv
[1.103s] -- Up-to-date: /home/mm/longshan12_2/install/ros2_path_interfaces/include/ros2_path_interfaces/srv/detail
[1.103s] -- Up-to-date: /home/mm/longshan12_2/install/ros2_path_interfaces/include/ros2_path_interfaces/srv/detail/path_interfaces__rosidl_typesupport_fastrtps_c.h
[1.103s] -- Up-to-date: /home/mm/longshan12_2/install/ros2_path_interfaces/include/ros2_path_interfaces/msg
[1.103s] -- Up-to-date: /home/mm/longshan12_2/install/ros2_path_interfaces/include/ros2_path_interfaces/msg/rosidl_typesupport_fastrtps_c__visibility_control.h
[1.103s] -- Up-to-date: /home/mm/longshan12_2/install/ros2_path_interfaces/lib/libros2_path_interfaces__rosidl_typesupport_fastrtps_c.so
[1.103s] -- Up-to-date: /home/mm/longshan12_2/install/ros2_path_interfaces/include/ros2_path_interfaces
[1.103s] -- Up-to-date: /home/mm/longshan12_2/install/ros2_path_interfaces/include/ros2_path_interfaces/srv
[1.103s] -- Up-to-date: /home/mm/longshan12_2/install/ros2_path_interfaces/include/ros2_path_interfaces/srv/detail
[1.104s] -- Up-to-date: /home/mm/longshan12_2/install/ros2_path_interfaces/include/ros2_path_interfaces/srv/detail/dds_fastrtps
[1.104s] -- Up-to-date: /home/mm/longshan12_2/install/ros2_path_interfaces/include/ros2_path_interfaces/srv/detail/path_interfaces__rosidl_typesupport_fastrtps_cpp.hpp
[1.104s] -- Up-to-date: /home/mm/longshan12_2/install/ros2_path_interfaces/include/ros2_path_interfaces/msg
[1.104s] -- Up-to-date: /home/mm/longshan12_2/install/ros2_path_interfaces/include/ros2_path_interfaces/msg/rosidl_typesupport_fastrtps_cpp__visibility_control.h
[1.104s] -- Up-to-date: /home/mm/longshan12_2/install/ros2_path_interfaces/lib/libros2_path_interfaces__rosidl_typesupport_fastrtps_cpp.so
[1.104s] -- Up-to-date: /home/mm/longshan12_2/install/ros2_path_interfaces/include/ros2_path_interfaces
[1.104s] -- Up-to-date: /home/mm/longshan12_2/install/ros2_path_interfaces/include/ros2_path_interfaces/srv
[1.104s] -- Up-to-date: /home/mm/longshan12_2/install/ros2_path_interfaces/include/ros2_path_interfaces/srv/detail
[1.104s] -- Up-to-date: /home/mm/longshan12_2/install/ros2_path_interfaces/include/ros2_path_interfaces/srv/detail/path_interfaces__rosidl_typesupport_introspection_c.h
[1.104s] -- Up-to-date: /home/mm/longshan12_2/install/ros2_path_interfaces/include/ros2_path_interfaces/srv/detail/path_interfaces__type_support.c
[1.104s] -- Up-to-date: /home/mm/longshan12_2/install/ros2_path_interfaces/include/ros2_path_interfaces/msg
[1.104s] -- Up-to-date: /home/mm/longshan12_2/install/ros2_path_interfaces/include/ros2_path_interfaces/msg/rosidl_typesupport_introspection_c__visibility_control.h
[1.104s] -- Up-to-date: /home/mm/longshan12_2/install/ros2_path_interfaces/lib/libros2_path_interfaces__rosidl_typesupport_introspection_c.so
[1.104s] -- Up-to-date: /home/mm/longshan12_2/install/ros2_path_interfaces/lib/libros2_path_interfaces__rosidl_typesupport_c.so
[1.105s] -- Up-to-date: /home/mm/longshan12_2/install/ros2_path_interfaces/include/ros2_path_interfaces
[1.105s] -- Up-to-date: /home/mm/longshan12_2/install/ros2_path_interfaces/include/ros2_path_interfaces/srv
[1.105s] -- Up-to-date: /home/mm/longshan12_2/install/ros2_path_interfaces/include/ros2_path_interfaces/srv/path_interfaces.hpp
[1.105s] -- Up-to-date: /home/mm/longshan12_2/install/ros2_path_interfaces/include/ros2_path_interfaces/srv/detail
[1.105s] -- Up-to-date: /home/mm/longshan12_2/install/ros2_path_interfaces/include/ros2_path_interfaces/srv/detail/path_interfaces__traits.hpp
[1.105s] -- Up-to-date: /home/mm/longshan12_2/install/ros2_path_interfaces/include/ros2_path_interfaces/srv/detail/path_interfaces__struct.hpp
[1.105s] -- Up-to-date: /home/mm/longshan12_2/install/ros2_path_interfaces/include/ros2_path_interfaces/srv/detail/path_interfaces__type_support.hpp
[1.105s] -- Up-to-date: /home/mm/longshan12_2/install/ros2_path_interfaces/include/ros2_path_interfaces/srv/detail/path_interfaces__builder.hpp
[1.106s] -- Up-to-date: /home/mm/longshan12_2/install/ros2_path_interfaces/include/ros2_path_interfaces/msg
[1.106s] -- Up-to-date: /home/mm/longshan12_2/install/ros2_path_interfaces/include/ros2_path_interfaces/msg/rosidl_generator_cpp__visibility_control.hpp
[1.106s] -- Up-to-date: /home/mm/longshan12_2/install/ros2_path_interfaces/include/ros2_path_interfaces
[1.107s] -- Up-to-date: /home/mm/longshan12_2/install/ros2_path_interfaces/include/ros2_path_interfaces/srv
[1.107s] -- Up-to-date: /home/mm/longshan12_2/install/ros2_path_interfaces/include/ros2_path_interfaces/srv/detail
[1.107s] -- Up-to-date: /home/mm/longshan12_2/install/ros2_path_interfaces/include/ros2_path_interfaces/srv/detail/path_interfaces__rosidl_typesupport_introspection_cpp.hpp
[1.107s] -- Up-to-date: /home/mm/longshan12_2/install/ros2_path_interfaces/include/ros2_path_interfaces/srv/detail/path_interfaces__type_support.cpp
[1.107s] -- Up-to-date: /home/mm/longshan12_2/install/ros2_path_interfaces/lib/libros2_path_interfaces__rosidl_typesupport_introspection_cpp.so
[1.107s] -- Up-to-date: /home/mm/longshan12_2/install/ros2_path_interfaces/lib/libros2_path_interfaces__rosidl_typesupport_cpp.so
[1.107s] -- Up-to-date: /home/mm/longshan12_2/install/ros2_path_interfaces/share/ros2_path_interfaces/environment/pythonpath.sh
[1.107s] -- Up-to-date: /home/mm/longshan12_2/install/ros2_path_interfaces/share/ros2_path_interfaces/environment/pythonpath.dsv
[1.122s] -- Up-to-date: /home/mm/longshan12_2/install/ros2_path_interfaces/lib/python3.8/site-packages/ros2_path_interfaces/__init__.py
[1.186s] -- Up-to-date: /home/mm/longshan12_2/install/ros2_path_interfaces/lib/python3.8/site-packages/ros2_path_interfaces/srv
[1.187s] -- Up-to-date: /home/mm/longshan12_2/install/ros2_path_interfaces/lib/python3.8/site-packages/ros2_path_interfaces/srv/__init__.py
[1.187s] -- Up-to-date: /home/mm/longshan12_2/install/ros2_path_interfaces/lib/python3.8/site-packages/ros2_path_interfaces/srv/_path_interfaces.py
[1.187s] -- Up-to-date: /home/mm/longshan12_2/install/ros2_path_interfaces/lib/python3.8/site-packages/ros2_path_interfaces/srv/_path_interfaces_s.c
[1.187s] -- Up-to-date: /home/mm/longshan12_2/install/ros2_path_interfaces/lib/python3.8/site-packages/ros2_path_interfaces/ros2_path_interfaces_s__rosidl_typesupport_fastrtps_c.cpython-38-x86_64-linux-gnu.so
[1.187s] -- Up-to-date: /home/mm/longshan12_2/install/ros2_path_interfaces/lib/python3.8/site-packages/ros2_path_interfaces/ros2_path_interfaces_s__rosidl_typesupport_introspection_c.cpython-38-x86_64-linux-gnu.so
[1.187s] -- Up-to-date: /home/mm/longshan12_2/install/ros2_path_interfaces/lib/python3.8/site-packages/ros2_path_interfaces/ros2_path_interfaces_s__rosidl_typesupport_c.cpython-38-x86_64-linux-gnu.so
[1.187s] -- Up-to-date: /home/mm/longshan12_2/install/ros2_path_interfaces/lib/libros2_path_interfaces__python.so
[1.187s] -- Up-to-date: /home/mm/longshan12_2/install/ros2_path_interfaces/share/ros2_path_interfaces/srv/PathInterfaces.idl
[1.191s] -- Up-to-date: /home/mm/longshan12_2/install/ros2_path_interfaces/share/ros2_path_interfaces/srv/PathInterfaces.srv
[1.196s] -- Up-to-date: /home/mm/longshan12_2/install/ros2_path_interfaces/share/ros2_path_interfaces/srv/PathInterfaces_Request.msg
[1.197s] -- Up-to-date: /home/mm/longshan12_2/install/ros2_path_interfaces/share/ros2_path_interfaces/srv/PathInterfaces_Response.msg
[1.197s] -- Up-to-date: /home/mm/longshan12_2/install/ros2_path_interfaces/share/ament_index/resource_index/package_run_dependencies/ros2_path_interfaces
[1.197s] -- Up-to-date: /home/mm/longshan12_2/install/ros2_path_interfaces/share/ament_index/resource_index/parent_prefix_path/ros2_path_interfaces
[1.197s] -- Up-to-date: /home/mm/longshan12_2/install/ros2_path_interfaces/share/ros2_path_interfaces/environment/ament_prefix_path.sh
[1.197s] -- Up-to-date: /home/mm/longshan12_2/install/ros2_path_interfaces/share/ros2_path_interfaces/environment/ament_prefix_path.dsv
[1.197s] -- Up-to-date: /home/mm/longshan12_2/install/ros2_path_interfaces/share/ros2_path_interfaces/environment/path.sh
[1.197s] -- Up-to-date: /home/mm/longshan12_2/install/ros2_path_interfaces/share/ros2_path_interfaces/environment/path.dsv
[1.197s] -- Up-to-date: /home/mm/longshan12_2/install/ros2_path_interfaces/share/ros2_path_interfaces/local_setup.bash
[1.198s] -- Up-to-date: /home/mm/longshan12_2/install/ros2_path_interfaces/share/ros2_path_interfaces/local_setup.sh
[1.198s] -- Up-to-date: /home/mm/longshan12_2/install/ros2_path_interfaces/share/ros2_path_interfaces/local_setup.zsh
[1.198s] -- Up-to-date: /home/mm/longshan12_2/install/ros2_path_interfaces/share/ros2_path_interfaces/local_setup.dsv
[1.198s] -- Installing: /home/mm/longshan12_2/install/ros2_path_interfaces/share/ros2_path_interfaces/package.dsv
[1.198s] -- Up-to-date: /home/mm/longshan12_2/install/ros2_path_interfaces/share/ament_index/resource_index/packages/ros2_path_interfaces
[1.198s] -- Up-to-date: /home/mm/longshan12_2/install/ros2_path_interfaces/share/ros2_path_interfaces/cmake/ros2_path_interfaces__rosidl_generator_cExport.cmake
[1.198s] -- Up-to-date: /home/mm/longshan12_2/install/ros2_path_interfaces/share/ros2_path_interfaces/cmake/ros2_path_interfaces__rosidl_generator_cExport-noconfig.cmake
[1.198s] -- Up-to-date: /home/mm/longshan12_2/install/ros2_path_interfaces/share/ros2_path_interfaces/cmake/ros2_path_interfaces__rosidl_typesupport_introspection_cExport.cmake
[1.198s] -- Up-to-date: /home/mm/longshan12_2/install/ros2_path_interfaces/share/ros2_path_interfaces/cmake/ros2_path_interfaces__rosidl_typesupport_introspection_cExport-noconfig.cmake
[1.198s] -- Up-to-date: /home/mm/longshan12_2/install/ros2_path_interfaces/share/ros2_path_interfaces/cmake/ros2_path_interfaces__rosidl_typesupport_cExport.cmake
[1.199s] -- Up-to-date: /home/mm/longshan12_2/install/ros2_path_interfaces/share/ros2_path_interfaces/cmake/ros2_path_interfaces__rosidl_typesupport_cExport-noconfig.cmake
[1.200s] -- Up-to-date: /home/mm/longshan12_2/install/ros2_path_interfaces/share/ros2_path_interfaces/cmake/ros2_path_interfaces__rosidl_generator_cppExport.cmake
[1.200s] -- Up-to-date: /home/mm/longshan12_2/install/ros2_path_interfaces/share/ros2_path_interfaces/cmake/ros2_path_interfaces__rosidl_typesupport_introspection_cppExport.cmake
[1.201s] -- Up-to-date: /home/mm/longshan12_2/install/ros2_path_interfaces/share/ros2_path_interfaces/cmake/ros2_path_interfaces__rosidl_typesupport_introspection_cppExport-noconfig.cmake
[1.201s] -- Up-to-date: /home/mm/longshan12_2/install/ros2_path_interfaces/share/ros2_path_interfaces/cmake/ros2_path_interfaces__rosidl_typesupport_cppExport.cmake
[1.202s] -- Up-to-date: /home/mm/longshan12_2/install/ros2_path_interfaces/share/ros2_path_interfaces/cmake/ros2_path_interfaces__rosidl_typesupport_cppExport-noconfig.cmake
[1.202s] -- Up-to-date: /home/mm/longshan12_2/install/ros2_path_interfaces/share/ros2_path_interfaces/cmake/rosidl_cmake-extras.cmake
[1.202s] -- Up-to-date: /home/mm/longshan12_2/install/ros2_path_interfaces/share/ros2_path_interfaces/cmake/ament_cmake_export_dependencies-extras.cmake
[1.203s] -- Up-to-date: /home/mm/longshan12_2/install/ros2_path_interfaces/share/ros2_path_interfaces/cmake/ament_cmake_export_libraries-extras.cmake
[1.203s] -- Up-to-date: /home/mm/longshan12_2/install/ros2_path_interfaces/share/ros2_path_interfaces/cmake/ament_cmake_export_targets-extras.cmake
[1.204s] -- Up-to-date: /home/mm/longshan12_2/install/ros2_path_interfaces/share/ros2_path_interfaces/cmake/ament_cmake_export_include_directories-extras.cmake
[1.204s] -- Up-to-date: /home/mm/longshan12_2/install/ros2_path_interfaces/share/ros2_path_interfaces/cmake/rosidl_cmake_export_typesupport_libraries-extras.cmake
[1.205s] -- Up-to-date: /home/mm/longshan12_2/install/ros2_path_interfaces/share/ros2_path_interfaces/cmake/rosidl_cmake_export_typesupport_targets-extras.cmake
[1.205s] -- Up-to-date: /home/mm/longshan12_2/install/ros2_path_interfaces/share/ros2_path_interfaces/cmake/ros2_path_interfacesConfig.cmake
[1.205s] -- Up-to-date: /home/mm/longshan12_2/install/ros2_path_interfaces/share/ros2_path_interfaces/cmake/ros2_path_interfacesConfig-version.cmake
[1.205s] -- Up-to-date: /home/mm/longshan12_2/install/ros2_path_interfaces/share/ros2_path_interfaces/package.xml
[1.215s] Invoked command in '/home/mm/longshan12_2/build/ros2_path_interfaces' returned '0': CMAKE_PREFIX_PATH=/opt/ros/foxy /usr/bin/cmake --install /home/mm/longshan12_2/build/ros2_path_interfaces
