[0.039s] Invoking command in '/home/mm/longshan12_2/build/local': AMENT_PREFIX_PATH=/home/mm/longshan12_2/install/ros2_path_interfaces:${AMENT_PREFIX_PATH} CMAKE_PREFIX_PATH=/home/mm/longshan12_2/install/ros2_path_interfaces:/opt/ros/foxy LD_LIBRARY_PATH=/home/mm/longshan12_2/install/ros2_path_interfaces/lib:/usr/local/lib/libosqp.so:/usr/lib/x86_64-linux-gnu/gazebo-11/plugins:/opt/ros/foxy/opt/yaml_cpp_vendor/lib:/opt/ros/foxy/opt/rviz_ogre_vendor/lib:/opt/ros/foxy/lib/x86_64-linux-gnu:/opt/ros/foxy/lib:/usr/local/lib/libosqp.so PYTHONPATH=/home/mm/longshan12_2/install/ros2_path_interfaces/lib/python3.8/site-packages:${PYTHONPATH} /usr/bin/cmake --build /home/mm/longshan12_2/build/local -- -j4 -l4
[0.159s] [  5%] [32mBuilding CXX object CMakeFiles/local_node4.dir/src/local_dp_qp.cpp.o[0m
[3.959s] [ 10%] [32m[1mLinking CXX executable local_node4[0m
[5.722s] [100%] Built target local_node4
[5.739s] Invoked command in '/home/mm/longshan12_2/build/local' returned '0': AMENT_PREFIX_PATH=/home/mm/longshan12_2/install/ros2_path_interfaces:${AMENT_PREFIX_PATH} CMAKE_PREFIX_PATH=/home/mm/longshan12_2/install/ros2_path_interfaces:/opt/ros/foxy LD_LIBRARY_PATH=/home/mm/longshan12_2/install/ros2_path_interfaces/lib:/usr/local/lib/libosqp.so:/usr/lib/x86_64-linux-gnu/gazebo-11/plugins:/opt/ros/foxy/opt/yaml_cpp_vendor/lib:/opt/ros/foxy/opt/rviz_ogre_vendor/lib:/opt/ros/foxy/lib/x86_64-linux-gnu:/opt/ros/foxy/lib:/usr/local/lib/libosqp.so PYTHONPATH=/home/mm/longshan12_2/install/ros2_path_interfaces/lib/python3.8/site-packages:${PYTHONPATH} /usr/bin/cmake --build /home/mm/longshan12_2/build/local -- -j4 -l4
[5.799s] Invoking command in '/home/mm/longshan12_2/build/local': AMENT_PREFIX_PATH=/home/mm/longshan12_2/install/ros2_path_interfaces:${AMENT_PREFIX_PATH} CMAKE_PREFIX_PATH=/home/mm/longshan12_2/install/ros2_path_interfaces:/opt/ros/foxy LD_LIBRARY_PATH=/home/mm/longshan12_2/install/ros2_path_interfaces/lib:/usr/local/lib/libosqp.so:/usr/lib/x86_64-linux-gnu/gazebo-11/plugins:/opt/ros/foxy/opt/yaml_cpp_vendor/lib:/opt/ros/foxy/opt/rviz_ogre_vendor/lib:/opt/ros/foxy/lib/x86_64-linux-gnu:/opt/ros/foxy/lib:/usr/local/lib/libosqp.so PYTHONPATH=/home/mm/longshan12_2/install/ros2_path_interfaces/lib/python3.8/site-packages:${PYTHONPATH} /usr/bin/cmake --install /home/mm/longshan12_2/build/local
[5.808s] -- Install configuration: ""
[5.812s] -- Installing: /home/mm/longshan12_2/install/local/lib/local/local_node4
[5.819s] -- Set runtime path of "/home/mm/longshan12_2/install/local/lib/local/local_node4" to ""
[5.820s] -- Up-to-date: /home/mm/longshan12_2/install/local/share/local/launch
[5.820s] -- Up-to-date: /home/mm/longshan12_2/install/local/share/local/launch/local.launch.py
[5.820s] -- Up-to-date: /home/mm/longshan12_2/install/local/share/ament_index/resource_index/package_run_dependencies/local
[5.820s] -- Up-to-date: /home/mm/longshan12_2/install/local/share/ament_index/resource_index/parent_prefix_path/local
[5.820s] -- Up-to-date: /home/mm/longshan12_2/install/local/share/local/environment/ament_prefix_path.sh
[5.820s] -- Up-to-date: /home/mm/longshan12_2/install/local/share/local/environment/ament_prefix_path.dsv
[5.820s] -- Up-to-date: /home/mm/longshan12_2/install/local/share/local/environment/path.sh
[5.820s] -- Up-to-date: /home/mm/longshan12_2/install/local/share/local/environment/path.dsv
[5.821s] -- Up-to-date: /home/mm/longshan12_2/install/local/share/local/local_setup.bash
[5.821s] -- Up-to-date: /home/mm/longshan12_2/install/local/share/local/local_setup.sh
[5.821s] -- Up-to-date: /home/mm/longshan12_2/install/local/share/local/local_setup.zsh
[5.821s] -- Up-to-date: /home/mm/longshan12_2/install/local/share/local/local_setup.dsv
[5.821s] -- Installing: /home/mm/longshan12_2/install/local/share/local/package.dsv
[5.821s] -- Up-to-date: /home/mm/longshan12_2/install/local/share/ament_index/resource_index/packages/local
[5.821s] -- Up-to-date: /home/mm/longshan12_2/install/local/share/local/cmake/localConfig.cmake
[5.821s] -- Up-to-date: /home/mm/longshan12_2/install/local/share/local/cmake/localConfig-version.cmake
[5.821s] -- Up-to-date: /home/mm/longshan12_2/install/local/share/local/package.xml
[5.823s] Invoked command in '/home/mm/longshan12_2/build/local' returned '0': AMENT_PREFIX_PATH=/home/mm/longshan12_2/install/ros2_path_interfaces:${AMENT_PREFIX_PATH} CMAKE_PREFIX_PATH=/home/mm/longshan12_2/install/ros2_path_interfaces:/opt/ros/foxy LD_LIBRARY_PATH=/home/mm/longshan12_2/install/ros2_path_interfaces/lib:/usr/local/lib/libosqp.so:/usr/lib/x86_64-linux-gnu/gazebo-11/plugins:/opt/ros/foxy/opt/yaml_cpp_vendor/lib:/opt/ros/foxy/opt/rviz_ogre_vendor/lib:/opt/ros/foxy/lib/x86_64-linux-gnu:/opt/ros/foxy/lib:/usr/local/lib/libosqp.so PYTHONPATH=/home/mm/longshan12_2/install/ros2_path_interfaces/lib/python3.8/site-packages:${PYTHONPATH} /usr/bin/cmake --install /home/mm/longshan12_2/build/local
