[0.049s] Invoking command in '/home/mm/longshan11_6/build/local': AMENT_PREFIX_PATH=/home/mm/longshan11_6/install/ros2_path_interfaces:${AMENT_PREFIX_PATH} CMAKE_PREFIX_PATH=/home/mm/longshan11_6/install/ros2_path_interfaces:/opt/ros/foxy LD_LIBRARY_PATH=/home/mm/longshan11_6/install/ros2_path_interfaces/lib:/usr/lib/x86_64-linux-gnu/gazebo-11/plugins:/opt/ros/foxy/opt/yaml_cpp_vendor/lib:/opt/ros/foxy/opt/rviz_ogre_vendor/lib:/opt/ros/foxy/lib/x86_64-linux-gnu:/opt/ros/foxy/lib:/usr/local/lib/libosqp.so PYTHONPATH=/home/mm/longshan11_6/install/ros2_path_interfaces/lib/python3.8/site-packages:${PYTHONPATH} /usr/bin/cmake --build /home/mm/longshan11_6/build/local -- -j4 -l4
[0.158s] [35m[1mScanning dependencies of target local_node3[0m
[0.273s] [  5%] [32mBuilding CXX object CMakeFiles/local_node3.dir/src/Calobs.cpp.o[0m
[0.289s] [ 11%] [32mBuilding CXX object CMakeFiles/local_node3.dir/src/local_dp_qp.cpp.o[0m
[0.334s] [ 16%] [32mBuilding CXX object CMakeFiles/local_node3.dir/src/local_node3.cpp.o[0m
[10.464s] In file included from [01m[K/home/mm/longshan11_6/src/local/./include/localFuns.h:5[m[K,
[10.464s]                  from [01m[K/home/mm/longshan11_6/src/local/src/local_node3.cpp:14[m[K:
[10.464s] [01m[K/home/mm/longshan11_6/src/local/./include/toolKits.h:64:19:[m[K [01;35m[Kwarning: [m[Kinline function ‘[01m[Kdouble tool::d2r(double)[m[K’ used but never defined
[10.464s]    64 |     inline double [01;35m[Kd2r[m[K(double theta);
[10.465s]       |                   [01;35m[K^~~[m[K
[19.636s] [ 22%] [32m[1mLinking CXX executable local_node3[0m
[21.716s] [100%] Built target local_node3
[21.743s] Invoked command in '/home/mm/longshan11_6/build/local' returned '0': AMENT_PREFIX_PATH=/home/mm/longshan11_6/install/ros2_path_interfaces:${AMENT_PREFIX_PATH} CMAKE_PREFIX_PATH=/home/mm/longshan11_6/install/ros2_path_interfaces:/opt/ros/foxy LD_LIBRARY_PATH=/home/mm/longshan11_6/install/ros2_path_interfaces/lib:/usr/lib/x86_64-linux-gnu/gazebo-11/plugins:/opt/ros/foxy/opt/yaml_cpp_vendor/lib:/opt/ros/foxy/opt/rviz_ogre_vendor/lib:/opt/ros/foxy/lib/x86_64-linux-gnu:/opt/ros/foxy/lib:/usr/local/lib/libosqp.so PYTHONPATH=/home/mm/longshan11_6/install/ros2_path_interfaces/lib/python3.8/site-packages:${PYTHONPATH} /usr/bin/cmake --build /home/mm/longshan11_6/build/local -- -j4 -l4
[21.824s] Invoking command in '/home/mm/longshan11_6/build/local': AMENT_PREFIX_PATH=/home/mm/longshan11_6/install/ros2_path_interfaces:${AMENT_PREFIX_PATH} CMAKE_PREFIX_PATH=/home/mm/longshan11_6/install/ros2_path_interfaces:/opt/ros/foxy LD_LIBRARY_PATH=/home/mm/longshan11_6/install/ros2_path_interfaces/lib:/usr/lib/x86_64-linux-gnu/gazebo-11/plugins:/opt/ros/foxy/opt/yaml_cpp_vendor/lib:/opt/ros/foxy/opt/rviz_ogre_vendor/lib:/opt/ros/foxy/lib/x86_64-linux-gnu:/opt/ros/foxy/lib:/usr/local/lib/libosqp.so PYTHONPATH=/home/mm/longshan11_6/install/ros2_path_interfaces/lib/python3.8/site-packages:${PYTHONPATH} /usr/bin/cmake --install /home/mm/longshan11_6/build/local
[21.834s] -- Install configuration: ""
[21.837s] -- Installing: /home/mm/longshan11_6/install/local/lib/local/local_node3
[21.849s] -- Set runtime path of "/home/mm/longshan11_6/install/local/lib/local/local_node3" to ""
[21.850s] -- Up-to-date: /home/mm/longshan11_6/install/local/share/local/launch
[21.851s] -- Up-to-date: /home/mm/longshan11_6/install/local/share/local/launch/local.launch.py
[21.853s] -- Up-to-date: /home/mm/longshan11_6/install/local/share/ament_index/resource_index/package_run_dependencies/local
[21.854s] -- Up-to-date: /home/mm/longshan11_6/install/local/share/ament_index/resource_index/parent_prefix_path/local
[21.854s] -- Up-to-date: /home/mm/longshan11_6/install/local/share/local/environment/ament_prefix_path.sh
[21.855s] -- Up-to-date: /home/mm/longshan11_6/install/local/share/local/environment/ament_prefix_path.dsv
[21.855s] -- Up-to-date: /home/mm/longshan11_6/install/local/share/local/environment/path.sh
[21.856s] -- Up-to-date: /home/mm/longshan11_6/install/local/share/local/environment/path.dsv
[21.856s] -- Up-to-date: /home/mm/longshan11_6/install/local/share/local/local_setup.bash
[21.856s] -- Up-to-date: /home/mm/longshan11_6/install/local/share/local/local_setup.sh
[21.856s] -- Up-to-date: /home/mm/longshan11_6/install/local/share/local/local_setup.zsh
[21.856s] -- Up-to-date: /home/mm/longshan11_6/install/local/share/local/local_setup.dsv
[21.856s] -- Installing: /home/mm/longshan11_6/install/local/share/local/package.dsv
[21.857s] -- Up-to-date: /home/mm/longshan11_6/install/local/share/ament_index/resource_index/packages/local
[21.858s] -- Up-to-date: /home/mm/longshan11_6/install/local/share/local/cmake/localConfig.cmake
[21.858s] -- Up-to-date: /home/mm/longshan11_6/install/local/share/local/cmake/localConfig-version.cmake
[21.858s] -- Up-to-date: /home/mm/longshan11_6/install/local/share/local/package.xml
[21.861s] Invoked command in '/home/mm/longshan11_6/build/local' returned '0': AMENT_PREFIX_PATH=/home/mm/longshan11_6/install/ros2_path_interfaces:${AMENT_PREFIX_PATH} CMAKE_PREFIX_PATH=/home/mm/longshan11_6/install/ros2_path_interfaces:/opt/ros/foxy LD_LIBRARY_PATH=/home/mm/longshan11_6/install/ros2_path_interfaces/lib:/usr/lib/x86_64-linux-gnu/gazebo-11/plugins:/opt/ros/foxy/opt/yaml_cpp_vendor/lib:/opt/ros/foxy/opt/rviz_ogre_vendor/lib:/opt/ros/foxy/lib/x86_64-linux-gnu:/opt/ros/foxy/lib:/usr/local/lib/libosqp.so PYTHONPATH=/home/mm/longshan11_6/install/ros2_path_interfaces/lib/python3.8/site-packages:${PYTHONPATH} /usr/bin/cmake --install /home/mm/longshan11_6/build/local
