[100%] Built target hmi
-- Install configuration: ""
-- Up-to-date: /home/mm/longshan11_6/install/hmi/lib/hmi/hmi
-- Up-to-date: /home/mm/longshan11_6/install/hmi/share/hmi/launch
-- Up-to-date: /home/mm/longshan11_6/install/hmi/share/hmi/launch/hmi.launch.py
-- Up-to-date: /home/mm/longshan11_6/install/hmi/share/ament_index/resource_index/package_run_dependencies/hmi
-- Up-to-date: /home/mm/longshan11_6/install/hmi/share/ament_index/resource_index/parent_prefix_path/hmi
-- Up-to-date: /home/mm/longshan11_6/install/hmi/share/hmi/environment/ament_prefix_path.sh
-- Up-to-date: /home/mm/longshan11_6/install/hmi/share/hmi/environment/ament_prefix_path.dsv
-- Up-to-date: /home/mm/longshan11_6/install/hmi/share/hmi/environment/path.sh
-- Up-to-date: /home/mm/longshan11_6/install/hmi/share/hmi/environment/path.dsv
-- Up-to-date: /home/mm/longshan11_6/install/hmi/share/hmi/local_setup.bash
-- Up-to-date: /home/mm/longshan11_6/install/hmi/share/hmi/local_setup.sh
-- Up-to-date: /home/mm/longshan11_6/install/hmi/share/hmi/local_setup.zsh
-- Up-to-date: /home/mm/longshan11_6/install/hmi/share/hmi/local_setup.dsv
-- Installing: /home/mm/longshan11_6/install/hmi/share/hmi/package.dsv
-- Up-to-date: /home/mm/longshan11_6/install/hmi/share/ament_index/resource_index/packages/hmi
-- Up-to-date: /home/mm/longshan11_6/install/hmi/share/hmi/cmake/hmiConfig.cmake
-- Up-to-date: /home/mm/longshan11_6/install/hmi/share/hmi/cmake/hmiConfig-version.cmake
-- Up-to-date: /home/mm/longshan11_6/install/hmi/share/hmi/package.xml
