[0.066s] Invoking command in '/home/mm/longshan11_6/build/dipgseg': CMAKE_PREFIX_PATH=/opt/ros/foxy /usr/bin/cmake --build /home/mm/longshan11_6/build/dipgseg -- -j4 -l4
[0.302s] [100%] Built target demo_node
[0.345s] Invoked command in '/home/mm/longshan11_6/build/dipgseg' returned '0': CMAKE_PREFIX_PATH=/opt/ros/foxy /usr/bin/cmake --build /home/mm/longshan11_6/build/dipgseg -- -j4 -l4
[0.456s] Invoking command in '/home/mm/longshan11_6/build/dipgseg': CMAKE_PREFIX_PATH=/opt/ros/foxy /usr/bin/cmake --install /home/mm/longshan11_6/build/dipgseg
[0.486s] -- Install configuration: ""
[0.486s] -- Up-to-date: /home/mm/longshan11_6/install/dipgseg/lib/dipgseg/demo_node
[0.486s] -- Up-to-date: /home/mm/longshan11_6/install/dipgseg/share/dipgseg/launch
[0.486s] -- Up-to-date: /home/mm/longshan11_6/install/dipgseg/share/dipgseg/launch/run.launch.py
[0.486s] -- Up-to-date: /home/mm/longshan11_6/install/dipgseg/share/ament_index/resource_index/package_run_dependencies/dipgseg
[0.486s] -- Up-to-date: /home/mm/longshan11_6/install/dipgseg/share/ament_index/resource_index/parent_prefix_path/dipgseg
[0.502s] -- Up-to-date: /home/mm/longshan11_6/install/dipgseg/share/dipgseg/environment/ament_prefix_path.sh
[0.502s] -- Up-to-date: /home/mm/longshan11_6/install/dipgseg/share/dipgseg/environment/ament_prefix_path.dsv
[0.503s] -- Up-to-date: /home/mm/longshan11_6/install/dipgseg/share/dipgseg/environment/path.sh
[0.505s] -- Up-to-date: /home/mm/longshan11_6/install/dipgseg/share/dipgseg/environment/path.dsv
[0.505s] -- Up-to-date: /home/mm/longshan11_6/install/dipgseg/share/dipgseg/local_setup.bash
[0.506s] -- Up-to-date: /home/mm/longshan11_6/install/dipgseg/share/dipgseg/local_setup.sh
[0.506s] -- Up-to-date: /home/mm/longshan11_6/install/dipgseg/share/dipgseg/local_setup.zsh
[0.506s] -- Up-to-date: /home/mm/longshan11_6/install/dipgseg/share/dipgseg/local_setup.dsv
[0.506s] -- Installing: /home/mm/longshan11_6/install/dipgseg/share/dipgseg/package.dsv
[0.506s] -- Up-to-date: /home/mm/longshan11_6/install/dipgseg/share/ament_index/resource_index/packages/dipgseg
[0.506s] -- Up-to-date: /home/mm/longshan11_6/install/dipgseg/share/dipgseg/cmake/dipgsegConfig.cmake
[0.507s] -- Up-to-date: /home/mm/longshan11_6/install/dipgseg/share/dipgseg/cmake/dipgsegConfig-version.cmake
[0.507s] -- Up-to-date: /home/mm/longshan11_6/install/dipgseg/share/dipgseg/package.xml
[0.508s] Invoked command in '/home/mm/longshan11_6/build/dipgseg' returned '0': CMAKE_PREFIX_PATH=/opt/ros/foxy /usr/bin/cmake --install /home/mm/longshan11_6/build/dipgseg
