[0.031s] Invoking command in '/home/mm/longshan12_2/build/myrviz': CMAKE_PREFIX_PATH=/opt/ros/foxy /usr/bin/cmake --build /home/mm/longshan12_2/build/myrviz -- -j4 -l4
[0.184s] [100%] Built target points_and_lines_publisher
[0.244s] Invoked command in '/home/mm/longshan12_2/build/myrviz' returned '0': CMAKE_PREFIX_PATH=/opt/ros/foxy /usr/bin/cmake --build /home/mm/longshan12_2/build/myrviz -- -j4 -l4
[0.298s] Invoking command in '/home/mm/longshan12_2/build/myrviz': CMAKE_PREFIX_PATH=/opt/ros/foxy /usr/bin/cmake --install /home/mm/longshan12_2/build/myrviz
[0.323s] -- Install configuration: ""
[0.323s] -- Up-to-date: /home/mm/longshan12_2/install/myrviz/lib/myrviz/points_and_lines_publisher
[0.324s] -- Up-to-date: /home/mm/longshan12_2/install/myrviz/share/ament_index/resource_index/package_run_dependencies/myrviz
[0.324s] -- Up-to-date: /home/mm/longshan12_2/install/myrviz/share/ament_index/resource_index/parent_prefix_path/myrviz
[0.324s] -- Up-to-date: /home/mm/longshan12_2/install/myrviz/share/myrviz/environment/ament_prefix_path.sh
[0.324s] -- Up-to-date: /home/mm/longshan12_2/install/myrviz/share/myrviz/environment/ament_prefix_path.dsv
[0.325s] -- Up-to-date: /home/mm/longshan12_2/install/myrviz/share/myrviz/environment/path.sh
[0.325s] -- Up-to-date: /home/mm/longshan12_2/install/myrviz/share/myrviz/environment/path.dsv
[0.325s] -- Up-to-date: /home/mm/longshan12_2/install/myrviz/share/myrviz/local_setup.bash
[0.325s] -- Up-to-date: /home/mm/longshan12_2/install/myrviz/share/myrviz/local_setup.sh
[0.325s] -- Up-to-date: /home/mm/longshan12_2/install/myrviz/share/myrviz/local_setup.zsh
[0.325s] -- Up-to-date: /home/mm/longshan12_2/install/myrviz/share/myrviz/local_setup.dsv
[0.325s] -- Installing: /home/mm/longshan12_2/install/myrviz/share/myrviz/package.dsv
[0.325s] -- Up-to-date: /home/mm/longshan12_2/install/myrviz/share/ament_index/resource_index/packages/myrviz
[0.326s] -- Up-to-date: /home/mm/longshan12_2/install/myrviz/share/myrviz/cmake/myrvizConfig.cmake
[0.326s] -- Up-to-date: /home/mm/longshan12_2/install/myrviz/share/myrviz/cmake/myrvizConfig-version.cmake
[0.326s] -- Up-to-date: /home/mm/longshan12_2/install/myrviz/share/myrviz/package.xml
[0.329s] Invoked command in '/home/mm/longshan12_2/build/myrviz' returned '0': CMAKE_PREFIX_PATH=/opt/ros/foxy /usr/bin/cmake --install /home/mm/longshan12_2/build/myrviz
