[1.665s] Invoking command in '/home/mm/longshan12_2/src/draw_messages': PYTHONPATH=/home/mm/longshan12_2/build/draw_messages/prefix_override:/home/mm/longshan12_2/install/draw_messages/lib/python3.8/site-packages:${PYTHONPATH} /usr/bin/python3 -W ignore:setup.py install is deprecated setup.py egg_info --egg-base ../../build/draw_messages build --build-base /home/mm/longshan12_2/build/draw_messages/build install --record /home/mm/longshan12_2/build/draw_messages/install.log --install-scripts $base/lib/draw_messages --single-version-externally-managed install_data
[2.022s] running egg_info
[2.022s] writing ../../build/draw_messages/draw_messages.egg-info/PKG-INFO
[2.023s] writing dependency_links to ../../build/draw_messages/draw_messages.egg-info/dependency_links.txt
[2.023s] writing entry points to ../../build/draw_messages/draw_messages.egg-info/entry_points.txt
[2.023s] writing requirements to ../../build/draw_messages/draw_messages.egg-info/requires.txt
[2.023s] writing top-level names to ../../build/draw_messages/draw_messages.egg-info/top_level.txt
[2.128s] reading manifest file '../../build/draw_messages/draw_messages.egg-info/SOURCES.txt'
[2.136s] writing manifest file '../../build/draw_messages/draw_messages.egg-info/SOURCES.txt'
[2.136s] running build
[2.136s] running build_py
[2.136s] running install
[2.136s] running install_lib
[2.136s] running install_data
[2.137s] running install_egg_info
[2.163s] removing '/home/mm/longshan12_2/install/draw_messages/lib/python3.8/site-packages/draw_messages-0.0.0-py3.8.egg-info' (and everything under it)
[2.164s] Copying ../../build/draw_messages/draw_messages.egg-info to /home/mm/longshan12_2/install/draw_messages/lib/python3.8/site-packages/draw_messages-0.0.0-py3.8.egg-info
[2.164s] running install_scripts
[2.196s] Installing real_time_plot script to /home/mm/longshan12_2/install/draw_messages/lib/draw_messages
[2.196s] writing list of installed files to '/home/mm/longshan12_2/build/draw_messages/install.log'
[2.283s] Invoked command in '/home/mm/longshan12_2/src/draw_messages' returned '0': PYTHONPATH=/home/mm/longshan12_2/build/draw_messages/prefix_override:/home/mm/longshan12_2/install/draw_messages/lib/python3.8/site-packages:${PYTHONPATH} /usr/bin/python3 -W ignore:setup.py install is deprecated setup.py egg_info --egg-base ../../build/draw_messages build --build-base /home/mm/longshan12_2/build/draw_messages/build install --record /home/mm/longshan12_2/build/draw_messages/install.log --install-scripts $base/lib/draw_messages --single-version-externally-managed install_data
