[0.050s] Invoking command in '/home/mm/longshan11_6/build/local': AMENT_PREFIX_PATH=/home/mm/longshan11_6/install/ros2_path_interfaces:${AMENT_PREFIX_PATH} CMAKE_PREFIX_PATH=/home/mm/longshan11_6/install/ros2_path_interfaces:/opt/ros/foxy LD_LIBRARY_PATH=/home/mm/longshan11_6/install/ros2_path_interfaces/lib:/usr/lib/x86_64-linux-gnu/gazebo-11/plugins:/opt/ros/foxy/opt/yaml_cpp_vendor/lib:/opt/ros/foxy/opt/rviz_ogre_vendor/lib:/opt/ros/foxy/lib/x86_64-linux-gnu:/opt/ros/foxy/lib:/usr/local/lib/libosqp.so PYTHONPATH=/home/mm/longshan11_6/install/ros2_path_interfaces/lib/python3.8/site-packages:${PYTHONPATH} /usr/bin/cmake --build /home/mm/longshan11_6/build/local -- -j4 -l4
[0.248s] [100%] Built target local_node3
[0.273s] Invoked command in '/home/mm/longshan11_6/build/local' returned '0': AMENT_PREFIX_PATH=/home/mm/longshan11_6/install/ros2_path_interfaces:${AMENT_PREFIX_PATH} CMAKE_PREFIX_PATH=/home/mm/longshan11_6/install/ros2_path_interfaces:/opt/ros/foxy LD_LIBRARY_PATH=/home/mm/longshan11_6/install/ros2_path_interfaces/lib:/usr/lib/x86_64-linux-gnu/gazebo-11/plugins:/opt/ros/foxy/opt/yaml_cpp_vendor/lib:/opt/ros/foxy/opt/rviz_ogre_vendor/lib:/opt/ros/foxy/lib/x86_64-linux-gnu:/opt/ros/foxy/lib:/usr/local/lib/libosqp.so PYTHONPATH=/home/mm/longshan11_6/install/ros2_path_interfaces/lib/python3.8/site-packages:${PYTHONPATH} /usr/bin/cmake --build /home/mm/longshan11_6/build/local -- -j4 -l4
[0.377s] Invoking command in '/home/mm/longshan11_6/build/local': AMENT_PREFIX_PATH=/home/mm/longshan11_6/install/ros2_path_interfaces:${AMENT_PREFIX_PATH} CMAKE_PREFIX_PATH=/home/mm/longshan11_6/install/ros2_path_interfaces:/opt/ros/foxy LD_LIBRARY_PATH=/home/mm/longshan11_6/install/ros2_path_interfaces/lib:/usr/lib/x86_64-linux-gnu/gazebo-11/plugins:/opt/ros/foxy/opt/yaml_cpp_vendor/lib:/opt/ros/foxy/opt/rviz_ogre_vendor/lib:/opt/ros/foxy/lib/x86_64-linux-gnu:/opt/ros/foxy/lib:/usr/local/lib/libosqp.so PYTHONPATH=/home/mm/longshan11_6/install/ros2_path_interfaces/lib/python3.8/site-packages:${PYTHONPATH} /usr/bin/cmake --install /home/mm/longshan11_6/build/local
[0.397s] -- Install configuration: ""
[0.397s] -- Up-to-date: /home/mm/longshan11_6/install/local/lib/local/local_node3
[0.397s] -- Up-to-date: /home/mm/longshan11_6/install/local/share/local/launch
[0.397s] -- Up-to-date: /home/mm/longshan11_6/install/local/share/local/launch/local.launch.py
[0.397s] -- Up-to-date: /home/mm/longshan11_6/install/local/share/ament_index/resource_index/package_run_dependencies/local
[0.398s] -- Up-to-date: /home/mm/longshan11_6/install/local/share/ament_index/resource_index/parent_prefix_path/local
[0.398s] -- Up-to-date: /home/mm/longshan11_6/install/local/share/local/environment/ament_prefix_path.sh
[0.398s] -- Up-to-date: /home/mm/longshan11_6/install/local/share/local/environment/ament_prefix_path.dsv
[0.398s] -- Up-to-date: /home/mm/longshan11_6/install/local/share/local/environment/path.sh
[0.399s] -- Up-to-date: /home/mm/longshan11_6/install/local/share/local/environment/path.dsv
[0.399s] -- Up-to-date: /home/mm/longshan11_6/install/local/share/local/local_setup.bash
[0.399s] -- Up-to-date: /home/mm/longshan11_6/install/local/share/local/local_setup.sh
[0.399s] -- Up-to-date: /home/mm/longshan11_6/install/local/share/local/local_setup.zsh
[0.399s] -- Up-to-date: /home/mm/longshan11_6/install/local/share/local/local_setup.dsv
[0.399s] -- Installing: /home/mm/longshan11_6/install/local/share/local/package.dsv
[0.399s] -- Up-to-date: /home/mm/longshan11_6/install/local/share/ament_index/resource_index/packages/local
[0.399s] -- Up-to-date: /home/mm/longshan11_6/install/local/share/local/cmake/localConfig.cmake
[0.399s] -- Up-to-date: /home/mm/longshan11_6/install/local/share/local/cmake/localConfig-version.cmake
[0.400s] -- Up-to-date: /home/mm/longshan11_6/install/local/share/local/package.xml
[0.402s] Invoked command in '/home/mm/longshan11_6/build/local' returned '0': AMENT_PREFIX_PATH=/home/mm/longshan11_6/install/ros2_path_interfaces:${AMENT_PREFIX_PATH} CMAKE_PREFIX_PATH=/home/mm/longshan11_6/install/ros2_path_interfaces:/opt/ros/foxy LD_LIBRARY_PATH=/home/mm/longshan11_6/install/ros2_path_interfaces/lib:/usr/lib/x86_64-linux-gnu/gazebo-11/plugins:/opt/ros/foxy/opt/yaml_cpp_vendor/lib:/opt/ros/foxy/opt/rviz_ogre_vendor/lib:/opt/ros/foxy/lib/x86_64-linux-gnu:/opt/ros/foxy/lib:/usr/local/lib/libosqp.so PYTHONPATH=/home/mm/longshan11_6/install/ros2_path_interfaces/lib/python3.8/site-packages:${PYTHONPATH} /usr/bin/cmake --install /home/mm/longshan11_6/build/local
