[0.026s] Invoking command in '/home/mm/longshan12_2/build/local': AMENT_PREFIX_PATH=/home/mm/longshan12_2/install/ros2_path_interfaces:${AMENT_PREFIX_PATH} CMAKE_PREFIX_PATH=/home/mm/longshan12_2/install/ros2_path_interfaces:/opt/ros/foxy LD_LIBRARY_PATH=/home/mm/longshan12_2/install/ros2_path_interfaces/lib:/usr/local/lib/libosqp.so:/usr/lib/x86_64-linux-gnu/gazebo-11/plugins:/opt/ros/foxy/opt/yaml_cpp_vendor/lib:/opt/ros/foxy/opt/rviz_ogre_vendor/lib:/opt/ros/foxy/lib/x86_64-linux-gnu:/opt/ros/foxy/lib:/usr/local/lib/libosqp.so PYTHONPATH=/home/mm/longshan12_2/install/ros2_path_interfaces/lib/python3.8/site-packages:${PYTHONPATH} /usr/bin/cmake --build /home/mm/longshan12_2/build/local -- -j4 -l4
[0.115s] [35m[1mScanning dependencies of target local_node4[0m
[0.206s] [  5%] [32mBuilding CXX object CMakeFiles/local_node4.dir/src/Calobs.cpp.o[0m
[0.215s] [ 10%] [32mBuilding CXX object CMakeFiles/local_node4.dir/src/local_node4.cpp.o[0m
[0.215s] [ 15%] [32mBuilding CXX object CMakeFiles/local_node4.dir/src/local_dp_qp.cpp.o[0m
[2.735s] [01m[K/home/mm/longshan12_2/src/local/src/local_dp_qp.cpp:[m[K In member function ‘[01m[Kvoid local_dp_qp::CalculateCostTable()[m[K’:
[2.735s] [01m[K/home/mm/longshan12_2/src/local/src/local_dp_qp.cpp:90:18:[m[K [01;31m[Kerror: [m[Kassignment of member ‘[01m[KNode::cost[m[K’ in read-only object
[2.735s]    90 |     p[0][0].cost = 0.0;
[2.735s] [01m[K/home/mm/longshan12_2/src/local/src/local_dp_qp.cpp:91:16:[m[K [01;31m[Kerror: [m[Kassignment of member ‘[01m[KNode::dl[m[K’ in read-only object
[2.735s]    91 |     p[0][0].dl = first_dl;
[2.735s] [01m[K/home/mm/longshan12_2/src/local/src/local_dp_qp.cpp:92:17:[m[K [01;31m[Kerror: [m[Kassignment of member ‘[01m[KNode::ddl[m[K’ in read-only object
[2.735s]    92 |     p[0][0].ddl = first_dll;
[2.741s] [01m[K/home/mm/longshan12_2/src/local/src/local_dp_qp.cpp:[m[K In member function ‘[01m[Kvoid local_dp_qp::CalculateCostAt(int32_t, int32_t, const std::vector<std::vector<Node> >&)[m[K’:
[2.742s] [01m[K/home/mm/longshan12_2/src/local/src/local_dp_qp.cpp:129:34:[m[K [01;31m[Kerror: [m[Kassignment of member ‘[01m[KNode::pre_node[m[K’ in read-only object
[2.742s]   129 |       single_cost[s][l].pre_node = &pre_point;
[2.742s] [01m[K/home/mm/longshan12_2/src/local/src/local_dp_qp.cpp:130:33:[m[K [01;31m[Kerror: [m[Kpassing ‘[01m[Kconst quintic_polynomial_curve5d[m[K’ as ‘[01m[Kthis[m[K’ argument discards qualifiers [[01;31m[K-fpermissive[m[K]
[2.742s]   130 |       single_cost[s][l].curve = [01;31m[Kcurve[m[K;
[2.742s]       |                                 [01;31m[K^~~~~[m[K
[2.743s] In file included from [01m[K/home/mm/longshan12_2/src/local/./include/local_dp_qp.h:7[m[K,
[2.743s]                  from [01m[K/home/mm/longshan12_2/src/local/src/local_dp_qp.cpp:1[m[K:
[2.743s] [01m[K/home/mm/longshan12_2/src/local/./include/quintic_polynomial_curve1d.h:18:7:[m[K [01;36m[Knote: [m[K  in call to ‘[01m[Kquintic_polynomial_curve5d& quintic_polynomial_curve5d::operator=(const quintic_polynomial_curve5d&)[m[K’
[2.743s]    18 | class [01;36m[Kquintic_polynomial_curve5d[m[K{
[2.743s]       |       [01;36m[K^~~~~~~~~~~~~~~~~~~~~~~~~~[m[K
[2.743s] [01m[K/home/mm/longshan12_2/src/local/src/local_dp_qp.cpp:131:30:[m[K [01;31m[Kerror: [m[Kassignment of member ‘[01m[KNode::cost[m[K’ in read-only object
[2.743s]   131 |       single_cost[s][l].cost = min_cost;
[3.655s] make[2]: *** [CMakeFiles/local_node4.dir/build.make:141：CMakeFiles/local_node4.dir/src/local_dp_qp.cpp.o] 错误 1
[3.656s] make[2]: *** 正在等待未完成的任务....
[7.822s] In file included from [01m[K/home/mm/longshan12_2/src/local/./include/localFuns.h:5[m[K,
[7.822s]                  from [01m[K/home/mm/longshan12_2/src/local/src/local_node4.cpp:17[m[K:
[7.822s] [01m[K/home/mm/longshan12_2/src/local/./include/toolKits.h:64:19:[m[K [01;35m[Kwarning: [m[Kinline function ‘[01m[Kdouble tool::d2r(double)[m[K’ used but never defined
[7.822s]    64 |     inline double [01;35m[Kd2r[m[K(double theta);
[7.822s]       |                   [01;35m[K^~~[m[K
[13.986s] make[1]: *** [CMakeFiles/Makefile2:78：CMakeFiles/local_node4.dir/all] 错误 2
[13.986s] make: *** [Makefile:141：all] 错误 2
[13.989s] Invoked command in '/home/mm/longshan12_2/build/local' returned '2': AMENT_PREFIX_PATH=/home/mm/longshan12_2/install/ros2_path_interfaces:${AMENT_PREFIX_PATH} CMAKE_PREFIX_PATH=/home/mm/longshan12_2/install/ros2_path_interfaces:/opt/ros/foxy LD_LIBRARY_PATH=/home/mm/longshan12_2/install/ros2_path_interfaces/lib:/usr/local/lib/libosqp.so:/usr/lib/x86_64-linux-gnu/gazebo-11/plugins:/opt/ros/foxy/opt/yaml_cpp_vendor/lib:/opt/ros/foxy/opt/rviz_ogre_vendor/lib:/opt/ros/foxy/lib/x86_64-linux-gnu:/opt/ros/foxy/lib:/usr/local/lib/libosqp.so PYTHONPATH=/home/mm/longshan12_2/install/ros2_path_interfaces/lib/python3.8/site-packages:${PYTHONPATH} /usr/bin/cmake --build /home/mm/longshan12_2/build/local -- -j4 -l4
