[0.042s] Invoking command in '/home/mm/longshan12_2/build/can': CMAKE_PREFIX_PATH=/opt/ros/foxy /usr/bin/cmake --build /home/mm/longshan12_2/build/can -- -j4 -l4
[0.341s] [ 80%] Built target test1
[0.343s] [100%] Built target can_node
[0.368s] Invoked command in '/home/mm/longshan12_2/build/can' returned '0': CMAKE_PREFIX_PATH=/opt/ros/foxy /usr/bin/cmake --build /home/mm/longshan12_2/build/can -- -j4 -l4
[0.512s] Invoking command in '/home/mm/longshan12_2/build/can': CMAKE_PREFIX_PATH=/opt/ros/foxy /usr/bin/cmake --install /home/mm/longshan12_2/build/can
[0.537s] -- Install configuration: ""
[0.538s] -- Up-to-date: /home/mm/longshan12_2/install/can/share/ament_index/resource_index/package_run_dependencies/can
[0.538s] -- Up-to-date: /home/mm/longshan12_2/install/can/share/ament_index/resource_index/parent_prefix_path/can
[0.538s] -- Up-to-date: /home/mm/longshan12_2/install/can/share/can/environment/ament_prefix_path.sh
[0.538s] -- Up-to-date: /home/mm/longshan12_2/install/can/share/can/environment/ament_prefix_path.dsv
[0.538s] -- Up-to-date: /home/mm/longshan12_2/install/can/share/can/environment/path.sh
[0.538s] -- Up-to-date: /home/mm/longshan12_2/install/can/share/can/environment/path.dsv
[0.538s] -- Up-to-date: /home/mm/longshan12_2/install/can/share/can/local_setup.bash
[0.538s] -- Up-to-date: /home/mm/longshan12_2/install/can/share/can/local_setup.sh
[0.538s] -- Up-to-date: /home/mm/longshan12_2/install/can/share/can/local_setup.zsh
[0.538s] -- Up-to-date: /home/mm/longshan12_2/install/can/share/can/local_setup.dsv
[0.538s] -- Installing: /home/mm/longshan12_2/install/can/share/can/package.dsv
[0.539s] -- Up-to-date: /home/mm/longshan12_2/install/can/share/ament_index/resource_index/packages/can
[0.539s] -- Up-to-date: /home/mm/longshan12_2/install/can/share/can/cmake/canConfig.cmake
[0.540s] -- Up-to-date: /home/mm/longshan12_2/install/can/share/can/cmake/canConfig-version.cmake
[0.540s] -- Up-to-date: /home/mm/longshan12_2/install/can/share/can/package.xml
[0.542s] -- Up-to-date: /home/mm/longshan12_2/install/can/lib/can/can_node
[0.543s] -- Up-to-date: /home/mm/longshan12_2/install/can/lib/can/test1
[0.543s] -- Up-to-date: /home/mm/longshan12_2/install/can/share/can/launch
[0.543s] -- Up-to-date: /home/mm/longshan12_2/install/can/share/can/launch/can.launch.py
[0.551s] Invoked command in '/home/mm/longshan12_2/build/can' returned '0': CMAKE_PREFIX_PATH=/opt/ros/foxy /usr/bin/cmake --install /home/mm/longshan12_2/build/can
