[0.045s] Invoking command in '/home/mm/longshan12_2/build/control': CMAKE_PREFIX_PATH=/opt/ros/foxy /usr/bin/cmake --build /home/mm/longshan12_2/build/control -- -j4 -l4
[0.160s] [35m[1mScanning dependencies of target control_node[0m
[0.561s] [  7%] [32mBuilding CXX object CMakeFiles/control_node.dir/src/control_node.cpp.o[0m
[0.563s] [ 15%] [32mBuilding CXX object CMakeFiles/control_node.dir/src/mpc_osqp.cpp.o[0m
[6.068s] [01m[K/home/mm/longshan12_2/src/control/src/control_node.cpp:[m[K In member function ‘[01m[Kvoid control_node::gps_callback(std_msgs::msg::Float64MultiArray_<std::allocator<void> >::SharedPtr)[m[K’:
[6.068s] [01m[K/home/mm/longshan12_2/src/control/src/control_node.cpp:129:36:[m[K [01;35m[Kwarning: [m[Kunused variable ‘[01m[KdeltaX[m[K’ [[01;35m[K-Wunused-variable[m[K]
[6.068s]   129 |                             double [01;35m[KdeltaX[m[K =  dx;
[6.068s]       |                                    [01;35m[K^~~~~~[m[K
[6.068s] [01m[K/home/mm/longshan12_2/src/control/src/control_node.cpp:130:36:[m[K [01;35m[Kwarning: [m[Kunused variable ‘[01m[KdeltaY[m[K’ [[01;35m[K-Wunused-variable[m[K]
[6.069s]   130 |                             double [01;35m[KdeltaY[m[K =  dy;
[6.069s]       |                                    [01;35m[K^~~~~~[m[K
[6.069s] [01m[K/home/mm/longshan12_2/src/control/src/control_node.cpp:131:36:[m[K [01;35m[Kwarning: [m[Kunused variable ‘[01m[KdeltaYAW[m[K’ [[01;35m[K-Wunused-variable[m[K]
[6.069s]   131 |                             double [01;35m[KdeltaYAW[m[K = tool::normalizeAngle(tool::d2r(car(3)) - theta);
[6.069s]       |                                    [01;35m[K^~~~~~~~[m[K
[15.614s] [ 23%] [32m[1mLinking CXX executable control_node[0m
[17.576s] [100%] Built target control_node
[17.587s] Invoked command in '/home/mm/longshan12_2/build/control' returned '0': CMAKE_PREFIX_PATH=/opt/ros/foxy /usr/bin/cmake --build /home/mm/longshan12_2/build/control -- -j4 -l4
[17.635s] Invoking command in '/home/mm/longshan12_2/build/control': CMAKE_PREFIX_PATH=/opt/ros/foxy /usr/bin/cmake --install /home/mm/longshan12_2/build/control
[17.646s] -- Install configuration: ""
[17.651s] -- Installing: /home/mm/longshan12_2/install/control/lib/control/control_node
[17.658s] -- Set runtime path of "/home/mm/longshan12_2/install/control/lib/control/control_node" to ""
[17.660s] -- Up-to-date: /home/mm/longshan12_2/install/control/share/control/launch
[17.660s] -- Up-to-date: /home/mm/longshan12_2/install/control/share/control/launch/control.launch.py
[17.662s] -- Up-to-date: /home/mm/longshan12_2/install/control/share/ament_index/resource_index/package_run_dependencies/control
[17.663s] -- Up-to-date: /home/mm/longshan12_2/install/control/share/ament_index/resource_index/parent_prefix_path/control
[17.663s] -- Up-to-date: /home/mm/longshan12_2/install/control/share/control/environment/ament_prefix_path.sh
[17.664s] -- Up-to-date: /home/mm/longshan12_2/install/control/share/control/environment/ament_prefix_path.dsv
[17.664s] -- Up-to-date: /home/mm/longshan12_2/install/control/share/control/environment/path.sh
[17.664s] -- Up-to-date: /home/mm/longshan12_2/install/control/share/control/environment/path.dsv
[17.664s] -- Up-to-date: /home/mm/longshan12_2/install/control/share/control/local_setup.bash
[17.665s] -- Up-to-date: /home/mm/longshan12_2/install/control/share/control/local_setup.sh
[17.665s] -- Up-to-date: /home/mm/longshan12_2/install/control/share/control/local_setup.zsh
[17.665s] -- Up-to-date: /home/mm/longshan12_2/install/control/share/control/local_setup.dsv
[17.665s] -- Installing: /home/mm/longshan12_2/install/control/share/control/package.dsv
[17.666s] -- Up-to-date: /home/mm/longshan12_2/install/control/share/ament_index/resource_index/packages/control
[17.666s] -- Up-to-date: /home/mm/longshan12_2/install/control/share/control/cmake/controlConfig.cmake
[17.667s] -- Up-to-date: /home/mm/longshan12_2/install/control/share/control/cmake/controlConfig-version.cmake
[17.667s] -- Up-to-date: /home/mm/longshan12_2/install/control/share/control/package.xml
[17.670s] Invoked command in '/home/mm/longshan12_2/build/control' returned '0': CMAKE_PREFIX_PATH=/opt/ros/foxy /usr/bin/cmake --install /home/mm/longshan12_2/build/control
