[0.015s] Invoking command in '/home/mm/longshan12_2/build/model': CMAKE_PREFIX_PATH=/opt/ros/foxy /usr/bin/cmake --build /home/mm/longshan12_2/build/model -- -j4 -l4
[0.058s] -- Found ament_cmake: 0.9.12 (/opt/ros/foxy/share/ament_cmake/cmake)
[0.080s] -- Using PYTHON_EXECUTABLE: /usr/bin/python3
[0.259s] -- Found rclcpp: 2.4.3 (/opt/ros/foxy/share/rclcpp/cmake)
[0.290s] -- Using all available rosidl_typesupport_c: rosidl_typesupport_fastrtps_c;rosidl_typesupport_introspection_c
[0.293s] -- Found rosidl_adapter: 1.3.1 (/opt/ros/foxy/share/rosidl_adapter/cmake)
[0.381s] -- Using all available rosidl_typesupport_cpp: rosidl_typesupport_fastrtps_cpp;rosidl_typesupport_introspection_cpp
[0.433s] -- Found rmw_implementation_cmake: 1.0.4 (/opt/ros/foxy/share/rmw_implementation_cmake/cmake)
[0.435s] -- Using RMW implementation 'rmw_fastrtps_cpp' as default
[0.574s] -- Found robot_state_publisher: 2.4.5 (/opt/ros/foxy/share/robot_state_publisher/cmake)
[0.576s] -- Found eigen3_cmake_module: 0.1.1 (/opt/ros/foxy/share/eigen3_cmake_module/cmake)
[1.024s] -- Found ament_lint_auto: 0.9.8 (/opt/ros/foxy/share/ament_lint_auto/cmake)
[1.102s] -- Added test 'copyright' to check source files copyright and LICENSE
[1.104s] -- Added test 'flake8' to check Python code syntax and style conventions
[1.105s] -- Added test 'lint_cmake' to check CMake code style
[1.105s] -- Added test 'pep257' to check Python code against some of the style conventions in PEP 257
[1.106s] -- Added test 'xmllint' to check XML markup files
[1.111s] -- Configuring done
[1.114s] -- Generating done
[1.116s] -- Build files have been written to: /home/mm/longshan12_2/build/model
[1.144s] Invoked command in '/home/mm/longshan12_2/build/model' returned '0': CMAKE_PREFIX_PATH=/opt/ros/foxy /usr/bin/cmake --build /home/mm/longshan12_2/build/model -- -j4 -l4
[1.181s] Invoking command in '/home/mm/longshan12_2/build/model': CMAKE_PREFIX_PATH=/opt/ros/foxy /usr/bin/cmake --install /home/mm/longshan12_2/build/model
[1.190s] -- Install configuration: ""
[1.190s] -- Up-to-date: /home/mm/longshan12_2/install/model/share/model//launch
[1.190s] -- Up-to-date: /home/mm/longshan12_2/install/model/share/model//launch/load_launch.py
[1.190s] -- Installing: /home/mm/longshan12_2/install/model/share/model//car_model
[1.190s] -- Installing: /home/mm/longshan12_2/install/model/share/model//car_model/_51225ex1diffuse.jpeg
[1.191s] -- Installing: /home/mm/longshan12_2/install/model/share/model//car_model/_51225ex2diffuse.jpeg
[1.192s] -- Installing: /home/mm/longshan12_2/install/model/share/model//car_model/CAR_original.dae
[1.197s] -- Installing: /home/mm/longshan12_2/install/model/share/model//car_model/default.urdf
[1.197s] -- Installing: /home/mm/longshan12_2/install/model/share/ament_index/resource_index/package_run_dependencies/model
[1.197s] -- Installing: /home/mm/longshan12_2/install/model/share/ament_index/resource_index/parent_prefix_path/model
[1.197s] -- Installing: /home/mm/longshan12_2/install/model/share/model/environment/ament_prefix_path.sh
[1.197s] -- Installing: /home/mm/longshan12_2/install/model/share/model/environment/ament_prefix_path.dsv
[1.197s] -- Installing: /home/mm/longshan12_2/install/model/share/model/environment/path.sh
[1.198s] -- Installing: /home/mm/longshan12_2/install/model/share/model/environment/path.dsv
[1.198s] -- Installing: /home/mm/longshan12_2/install/model/share/model/local_setup.bash
[1.198s] -- Installing: /home/mm/longshan12_2/install/model/share/model/local_setup.sh
[1.198s] -- Installing: /home/mm/longshan12_2/install/model/share/model/local_setup.zsh
[1.198s] -- Installing: /home/mm/longshan12_2/install/model/share/model/local_setup.dsv
[1.198s] -- Installing: /home/mm/longshan12_2/install/model/share/model/package.dsv
[1.198s] -- Installing: /home/mm/longshan12_2/install/model/share/ament_index/resource_index/packages/model
[1.198s] -- Installing: /home/mm/longshan12_2/install/model/share/model/cmake/modelConfig.cmake
[1.199s] -- Installing: /home/mm/longshan12_2/install/model/share/model/cmake/modelConfig-version.cmake
[1.199s] -- Installing: /home/mm/longshan12_2/install/model/share/model/package.xml
[1.202s] Invoked command in '/home/mm/longshan12_2/build/model' returned '0': CMAKE_PREFIX_PATH=/opt/ros/foxy /usr/bin/cmake --install /home/mm/longshan12_2/build/model
