-- The C compiler identification is GNU 9.4.0
-- The CXX compiler identification is GNU 9.4.0
-- Check for working C compiler: /usr/bin/cc
-- Check for working C compiler: /usr/bin/cc -- works
-- Detecting C compiler ABI info
-- Detecting C compiler ABI info - done
-- Detecting C compile features
-- Detecting C compile features - done
-- Check for working CXX compiler: /usr/bin/c++
-- Check for working CXX compiler: /usr/bin/c++ -- works
-- Detecting CXX compiler ABI info
-- Detecting CXX compiler ABI info - done
-- Detecting CXX compile features
-- Detecting CXX compile features - done
-- Found ament_cmake: 0.9.12 (/opt/ros/foxy/share/ament_cmake/cmake)
-- Found PythonInterp: /usr/bin/python3 (found suitable version "3.8.10", minimum required is "3") 
-- Using PYTHON_EXECUTABLE: /usr/bin/python3
-- Found rclcpp: 2.4.3 (/opt/ros/foxy/share/rclcpp/cmake)
-- Using all available rosidl_typesupport_c: rosidl_typesupport_fastrtps_c;rosidl_typesupport_introspection_c
-- Found rosidl_adapter: 1.3.1 (/opt/ros/foxy/share/rosidl_adapter/cmake)
-- Found OpenSSL: /usr/lib/x86_64-linux-gnu/libcrypto.so (found version "1.1.1f")  
-- Found FastRTPS: /opt/ros/foxy/include  
-- Using all available rosidl_typesupport_cpp: rosidl_typesupport_fastrtps_cpp;rosidl_typesupport_introspection_cpp
-- Found rmw_implementation_cmake: 1.0.4 (/opt/ros/foxy/share/rmw_implementation_cmake/cmake)
-- Using RMW implementation 'rmw_fastrtps_cpp' as default
-- Looking for pthread.h
-- Looking for pthread.h - found
-- Performing Test CMAKE_HAVE_LIBC_PTHREAD
-- Performing Test CMAKE_HAVE_LIBC_PTHREAD - Failed
-- Looking for pthread_create in pthreads
-- Looking for pthread_create in pthreads - not found
-- Looking for pthread_create in pthread
-- Looking for pthread_create in pthread - found
-- Found Threads: TRUE  
-- Found OpenCV: /usr (found version "4.2.0") 
-- Found ament_lint_auto: 0.9.8 (/opt/ros/foxy/share/ament_lint_auto/cmake)
-- Added test 'copyright' to check source files copyright and LICENSE
-- Added test 'cppcheck' to perform static code analysis on C / C++ code
-- Configured cppcheck include dirs: /home/mm/longshan12_2/src/control/./include;/home/mm/longshan12_2/src/control/extern/matplotlib-cpp;$<BUILD_INTERFACE:/home/mm/longshan12_2/src/control/include>
-- Configured cppcheck exclude dirs and/or files: 
-- Added test 'cpplint' to check C / C++ code against the Google style
-- Configured cpplint exclude dirs and/or files: 
-- Added test 'flake8' to check Python code syntax and style conventions
-- Added test 'lint_cmake' to check CMake code style
-- Added test 'pep257' to check Python code against some of the style conventions in PEP 257
-- Added test 'uncrustify' to check C / C++ code style
-- Configured uncrustify additional arguments: 
-- Added test 'xmllint' to check XML markup files
-- Configuring done
-- Generating done
-- Build files have been written to: /home/mm/longshan12_2/build/control
[35m[1mScanning dependencies of target control_node[0m
[  9%] [32mBuilding CXX object CMakeFiles/control_node.dir/src/digital_filter.cpp.o[0m
[ 18%] [32mBuilding CXX object CMakeFiles/control_node.dir/src/control_node.cpp.o[0m
[ 27%] [32mBuilding CXX object CMakeFiles/control_node.dir/src/digital_filter_coefficients.cpp.o[0m
[ 36%] [32mBuilding CXX object CMakeFiles/control_node.dir/src/localFuns.cpp.o[0m
[01m[K/home/mm/longshan12_2/src/control/src/digital_filter.cpp:28:34:[m[K [01;35m[Kwarning: [m[Kextra ‘[01m[K;[m[K’ [[01;35m[K-Wpedantic[m[K]
   28 | DigitalFilter ::DigitalFilter(){}[01;35m[K;[m[K
      |                                  [01;35m[K^[m[K
[01m[K/home/mm/longshan12_2/src/control/src/digital_filter.cpp:29:34:[m[K [01;35m[Kwarning: [m[Kextra ‘[01m[K;[m[K’ [[01;35m[K-Wpedantic[m[K]
   29 | DigitalFilter::~DigitalFilter(){}[01;35m[K;[m[K
      |                                  [01;35m[K^[m[K
[01m[K/home/mm/longshan12_2/src/control/src/digital_filter.cpp:[m[K In member function ‘[01m[Kdouble DigitalFilter::Compute(const std::deque<double>&, const std::vector<double>&, std::size_t, std::size_t)[m[K’:
[01m[K/home/mm/longshan12_2/src/control/src/digital_filter.cpp:95:49:[m[K [01;35m[Kwarning: [m[Kunused parameter ‘[01m[Kcoeff_end[m[K’ [[01;35m[K-Wunused-parameter[m[K]
   95 |                               [01;35m[Kconst std::size_t coeff_end[m[K) {
      |                               [01;35m[K~~~~~~~~~~~~~~~~~~^~~~~~~~~[m[K
[ 45%] [32mBuilding CXX object CMakeFiles/control_node.dir/src/lon_controller.cpp.o[0m
[ 54%] [32mBuilding CXX object CMakeFiles/control_node.dir/src/lqr.cpp.o[0m
[01m[K/home/mm/longshan12_2/src/control/src/lon_controller.cpp:[m[K In member function ‘[01m[Kvoid loncontroller::ComputeLongitudinalErrors(const MatrixXd&, double, double)[m[K’:
[01m[K/home/mm/longshan12_2/src/control/src/lon_controller.cpp:176:10:[m[K [01;35m[Kwarning: [m[Kunused variable ‘[01m[Klon_speed[m[K’ [[01;35m[K-Wunused-variable[m[K]
  176 |   double [01;35m[Klon_speed[m[K = std::get<3>(vehicle_state_) * std::cos(heading_error);
      |          [01;35m[K^~~~~~~~~[m[K
[01m[K/home/mm/longshan12_2/src/control/src/lon_controller.cpp:178:10:[m[K [01;35m[Kwarning: [m[Kunused variable ‘[01m[Klon_acceleration[m[K’ [[01;35m[K-Wunused-variable[m[K]
  178 |   double [01;35m[Klon_acceleration[m[K = std::get<4>(vehicle_state_) * std::cos(heading_error);
      |          [01;35m[K^~~~~~~~~~~~~~~~[m[K
[01m[K/home/mm/longshan12_2/src/control/src/lon_controller.cpp:180:10:[m[K [01;35m[Kwarning: [m[Kunused variable ‘[01m[Kone_minus_kappa_lat_error[m[K’ [[01;35m[K-Wunused-variable[m[K]
  180 |   double [01;35m[Kone_minus_kappa_lat_error[m[K = 1 -  matched_point.at(3) * std::get<3>(vehicle_state_) * std::sin(heading_error);
      |          [01;35m[K^~~~~~~~~~~~~~~~~~~~~~~~~[m[K
[01m[K/home/mm/longshan12_2/src/control/src/lon_controller.cpp:124:61:[m[K [01;35m[Kwarning: [m[Kunused parameter ‘[01m[Kts[m[K’ [[01;35m[K-Wunused-parameter[m[K]
  124 |                     const double preview_time, [01;35m[Kconst double ts[m[K){
      |                                                [01;35m[K~~~~~~~~~~~~~^~[m[K
[01m[K/home/mm/longshan12_2/src/control/src/lon_controller.cpp:[m[K In member function ‘[01m[Kbool loncontroller::ComputeControlCommand(const MatrixXd&, double&)[m[K’:
[01m[K/home/mm/longshan12_2/src/control/src/lon_controller.cpp:116:1:[m[K [01;35m[Kwarning: [m[Kcontrol reaches end of non-void function [[01;35m[K-Wreturn-type[m[K]
  116 | [01;35m[K}[m[K
      | [01;35m[K^[m[K
[ 63%] [32mBuilding CXX object CMakeFiles/control_node.dir/src/pid_controller.cpp.o[0m
[01m[K/home/mm/longshan12_2/src/control/src/localFuns.cpp:[m[K In function ‘[01m[Kint local::frenet2Cartesian(const MatrixXd&, const double&, const double&, const int&, Eigen::Vector2d&)[m[K’:
[01m[K/home/mm/longshan12_2/src/control/src/localFuns.cpp:326:75:[m[K [01;35m[Kwarning: [m[Kunused parameter ‘[01m[Ks[m[K’ [[01;35m[K-Wunused-parameter[m[K]
  326 |     int frenet2Cartesian(const Eigen::MatrixXd& globalPath, [01;35m[Kconst double& s[m[K, const double& d, const int& minIndex, Eigen::Vector2d& cartesianXY){
      |                                                             [01;35m[K~~~~~~~~~~~~~~^[m[K
In file included from [01m[K/home/mm/longshan12_2/src/control/src/lqr.cpp:2[m[K:
[01m[K/home/mm/longshan12_2/src/control/./include/RiccatiSolver.h:[m[K In function ‘[01m[Kbool solveRiccatiArimotoPotter(const MatrixXd&, const MatrixXd&, const MatrixXd&, const MatrixXd&, Eigen::MatrixXd&)[m[K’:
[01m[K/home/mm/longshan12_2/src/control/./include/RiccatiSolver.h:76:21:[m[K [01;35m[Kwarning: [m[Kunused variable ‘[01m[Kdim_u[m[K’ [[01;35m[K-Wunused-variable[m[K]
   76 |  const unsigned int [01;35m[Kdim_u[m[K = B.cols();
      |                     [01;35m[K^~~~~[m[K
[01m[K/home/mm/longshan12_2/src/control/src/lqr.cpp:[m[K In member function ‘[01m[Kint lqr::stateSpaceMatrix(Eigen::Matrix<double, 3, 3>&, Eigen::Matrix<double, 3, 2>&, const VectorXd&, tool::controlParams, double, double)[m[K’:
[01m[K/home/mm/longshan12_2/src/control/src/lqr.cpp:4:140:[m[K [01;35m[Kwarning: [m[Kunused parameter ‘[01m[Kcps[m[K’ [[01;35m[K-Wunused-parameter[m[K]
    4 | int lqr::stateSpaceMatrix(Eigen::Matrix<double, 3, 3>& A, Eigen::Matrix<double, 3, 2>& B, const Eigen::VectorXd& car,  [01;35m[Ktool::controlParams cps[m[K,
      |                                                                                                                        [01;35m[K~~~~~~~~~~~~~~~~~~~~^~~[m[K
[01m[K/home/mm/longshan12_2/src/control/src/lqr.cpp:[m[K In member function ‘[01m[KEigen::Vector2d lqr::calcU(const VectorXd&, const MatrixXd&, std::array<double, 5>&, const Eigen::Matrix<double, 3, 3>&, const Eigen::Matrix<double, 3, 2>&, const Eigen::Matrix<double, 3, 3>&, const Eigen::Matrix<double, 2, 2>&)[m[K’:
[01m[K/home/mm/longshan12_2/src/control/src/lqr.cpp:114:80:[m[K [01;35m[Kwarning: [m[Kunused parameter ‘[01m[Kpath[m[K’ [[01;35m[K-Wunused-parameter[m[K]
  114 | Eigen::Vector2d lqr::calcU(const Eigen::VectorXd& car, [01;35m[Kconst Eigen::MatrixXd&  path[m[K,
      |                                                        [01;35m[K~~~~~~~~~~~~~~~~~~~~~~~~^~~~[m[K
[ 72%] [32mBuilding CXX object CMakeFiles/control_node.dir/src/pure_pursuit.cpp.o[0m
[01m[K/home/mm/longshan12_2/src/control/src/control_node.cpp:[m[K In member function ‘[01m[Kvoid control_node::gps_callback(std_msgs::msg::Float64MultiArray_<std::allocator<void> >::SharedPtr)[m[K’:
[01m[K/home/mm/longshan12_2/src/control/src/control_node.cpp:100:33:[m[K [01;35m[Kwarning: [m[Kunused variable ‘[01m[Kpre_index[m[K’ [[01;35m[K-Wunused-variable[m[K]
  100 |                             int [01;35m[Kpre_index[m[K = (index + 5) > (globalPath.cols()-1) ?
      |                                 [01;35m[K^~~~~~~~~[m[K
[01m[K/home/mm/longshan12_2/src/control/src/control_node.cpp:151:36:[m[K [01;35m[Kwarning: [m[Kunused variable ‘[01m[KdeltaX[m[K’ [[01;35m[K-Wunused-variable[m[K]
  151 |                             double [01;35m[KdeltaX[m[K =  dx;
      |                                    [01;35m[K^~~~~~[m[K
[01m[K/home/mm/longshan12_2/src/control/src/control_node.cpp:152:36:[m[K [01;35m[Kwarning: [m[Kunused variable ‘[01m[KdeltaY[m[K’ [[01;35m[K-Wunused-variable[m[K]
  152 |                             double [01;35m[KdeltaY[m[K =  dy;
      |                                    [01;35m[K^~~~~~[m[K
[01m[K/home/mm/longshan12_2/src/control/src/control_node.cpp:153:36:[m[K [01;35m[Kwarning: [m[Kunused variable ‘[01m[KdeltaYAW[m[K’ [[01;35m[K-Wunused-variable[m[K]
  153 |                             double [01;35m[KdeltaYAW[m[K = tool::normalizeAngle(tool::d2r(car(3)) - theta);
      |                                    [01;35m[K^~~~~~~~[m[K
[01m[K/home/mm/longshan12_2/src/control/src/control_node.cpp:171:43:[m[K [01;35m[Kwarning: [m[Kunused variable ‘[01m[Klast_sw[m[K’ [[01;35m[K-Wunused-variable[m[K]
  171 |                             static double [01;35m[Klast_sw[m[K = 0;
      |                                           [01;35m[K^~~~~~~[m[K
[01m[K/home/mm/longshan12_2/src/control/src/pure_pursuit.cpp:[m[K In member function ‘[01m[Kvoid pure_pursuit::getPreviewpoint(Eigen::VectorXd, Eigen::MatrixXd&, int)[m[K’:
[01m[K/home/mm/longshan12_2/src/control/src/pure_pursuit.cpp:18:12:[m[K [01;35m[Kwarning: [m[Kunused variable ‘[01m[Ksum_distance[m[K’ [[01;35m[K-Wunused-variable[m[K]
   18 |     double [01;35m[Ksum_distance[m[K;
      |            [01;35m[K^~~~~~~~~~~~[m[K
[ 81%] [32mBuilding CXX object CMakeFiles/control_node.dir/src/stanley.cpp.o[0m
[ 90%] [32mBuilding CXX object CMakeFiles/control_node.dir/src/toolKits.cpp.o[0m
[100%] [32m[1mLinking CXX executable control_node[0m
[100%] Built target control_node
-- Install configuration: ""
-- Installing: /home/mm/longshan12_2/install/control/lib/control/control_node
-- Set runtime path of "/home/mm/longshan12_2/install/control/lib/control/control_node" to ""
-- Installing: /home/mm/longshan12_2/install/control/share/control/launch
-- Installing: /home/mm/longshan12_2/install/control/share/control/launch/control.launch.py
-- Installing: /home/mm/longshan12_2/install/control/share/ament_index/resource_index/package_run_dependencies/control
-- Installing: /home/mm/longshan12_2/install/control/share/ament_index/resource_index/parent_prefix_path/control
-- Installing: /home/mm/longshan12_2/install/control/share/control/environment/ament_prefix_path.sh
-- Installing: /home/mm/longshan12_2/install/control/share/control/environment/ament_prefix_path.dsv
-- Installing: /home/mm/longshan12_2/install/control/share/control/environment/path.sh
-- Installing: /home/mm/longshan12_2/install/control/share/control/environment/path.dsv
-- Installing: /home/mm/longshan12_2/install/control/share/control/local_setup.bash
-- Installing: /home/mm/longshan12_2/install/control/share/control/local_setup.sh
-- Installing: /home/mm/longshan12_2/install/control/share/control/local_setup.zsh
-- Installing: /home/mm/longshan12_2/install/control/share/control/local_setup.dsv
-- Installing: /home/mm/longshan12_2/install/control/share/control/package.dsv
-- Installing: /home/mm/longshan12_2/install/control/share/ament_index/resource_index/packages/control
-- Installing: /home/mm/longshan12_2/install/control/share/control/cmake/controlConfig.cmake
-- Installing: /home/mm/longshan12_2/install/control/share/control/cmake/controlConfig-version.cmake
-- Installing: /home/mm/longshan12_2/install/control/share/control/package.xml
