[0.026s] Invoking command in '/home/mm/longshan12_2/build/control': CMAKE_PREFIX_PATH=/opt/ros/foxy /usr/bin/cmake /home/mm/longshan12_2/src/control -DCMAKE_INSTALL_PREFIX=/home/mm/longshan12_2/install/control
[0.554s] -- The C compiler identification is GNU 9.4.0
[0.764s] -- The CXX compiler identification is GNU 9.4.0
[0.767s] -- Check for working C compiler: /usr/bin/cc
[0.850s] -- Check for working C compiler: /usr/bin/cc -- works
[0.851s] -- Detecting C compiler ABI info
[0.943s] -- Detecting C compiler ABI info - done
[0.954s] -- Detecting C compile features
[0.954s] -- Detecting C compile features - done
[0.958s] -- Check for working CXX compiler: /usr/bin/c++
[1.043s] -- Check for working CXX compiler: /usr/bin/c++ -- works
[1.044s] -- Detecting CXX compiler ABI info
[1.131s] -- Detecting CXX compiler ABI info - done
[1.145s] -- Detecting CXX compile features
[1.146s] -- Detecting CXX compile features - done
[1.149s] -- Found ament_cmake: 0.9.12 (/opt/ros/foxy/share/ament_cmake/cmake)
[1.177s] -- Found PythonInterp: /usr/bin/python3 (found suitable version "3.8.10", minimum required is "3") 
[1.178s] -- Using PYTHON_EXECUTABLE: /usr/bin/python3
[1.382s] -- Found rclcpp: 2.4.3 (/opt/ros/foxy/share/rclcpp/cmake)
[1.445s] -- Using all available rosidl_typesupport_c: rosidl_typesupport_fastrtps_c;rosidl_typesupport_introspection_c
[1.455s] -- Found rosidl_adapter: 1.3.1 (/opt/ros/foxy/share/rosidl_adapter/cmake)
[1.529s] -- Found OpenSSL: /usr/lib/x86_64-linux-gnu/libcrypto.so (found version "1.1.1f")  
[1.547s] -- Found FastRTPS: /opt/ros/foxy/include  
[1.614s] -- Using all available rosidl_typesupport_cpp: rosidl_typesupport_fastrtps_cpp;rosidl_typesupport_introspection_cpp
[1.685s] -- Found rmw_implementation_cmake: 1.0.4 (/opt/ros/foxy/share/rmw_implementation_cmake/cmake)
[1.688s] -- Using RMW implementation 'rmw_fastrtps_cpp' as default
[1.690s] -- Looking for pthread.h
[1.789s] -- Looking for pthread.h - found
[1.789s] -- Performing Test CMAKE_HAVE_LIBC_PTHREAD
[1.873s] -- Performing Test CMAKE_HAVE_LIBC_PTHREAD - Failed
[1.874s] -- Looking for pthread_create in pthreads
[1.942s] -- Looking for pthread_create in pthreads - not found
[1.943s] -- Looking for pthread_create in pthread
[2.014s] -- Looking for pthread_create in pthread - found
[2.014s] -- Found Threads: TRUE  
[2.213s] -- Found OpenCV: /usr (found version "4.2.0") 
[2.214s] -- Found ament_lint_auto: 0.9.8 (/opt/ros/foxy/share/ament_lint_auto/cmake)
[2.297s] -- Added test 'copyright' to check source files copyright and LICENSE
[2.306s] -- Added test 'cppcheck' to perform static code analysis on C / C++ code
[2.307s] -- Configured cppcheck include dirs: /home/mm/longshan12_2/src/control/./include;/home/mm/longshan12_2/src/control/extern/matplotlib-cpp;$<BUILD_INTERFACE:/home/mm/longshan12_2/src/control/include>
[2.307s] -- Configured cppcheck exclude dirs and/or files: 
[2.313s] -- Added test 'cpplint' to check C / C++ code against the Google style
[2.313s] -- Configured cpplint exclude dirs and/or files: 
[2.314s] -- Added test 'flake8' to check Python code syntax and style conventions
[2.316s] -- Added test 'lint_cmake' to check CMake code style
[2.317s] -- Added test 'pep257' to check Python code against some of the style conventions in PEP 257
[2.324s] -- Added test 'uncrustify' to check C / C++ code style
[2.324s] -- Configured uncrustify additional arguments: 
[2.326s] -- Added test 'xmllint' to check XML markup files
[2.328s] -- Configuring done
[2.346s] -- Generating done
[2.347s] -- Build files have been written to: /home/mm/longshan12_2/build/control
[2.354s] Invoked command in '/home/mm/longshan12_2/build/control' returned '0': CMAKE_PREFIX_PATH=/opt/ros/foxy /usr/bin/cmake /home/mm/longshan12_2/src/control -DCMAKE_INSTALL_PREFIX=/home/mm/longshan12_2/install/control
[2.356s] Invoking command in '/home/mm/longshan12_2/build/control': CMAKE_PREFIX_PATH=/opt/ros/foxy /usr/bin/cmake --build /home/mm/longshan12_2/build/control -- -j4 -l4
[2.463s] [35m[1mScanning dependencies of target control_node[0m
[2.889s] [  9%] [32mBuilding CXX object CMakeFiles/control_node.dir/src/digital_filter.cpp.o[0m
[2.890s] [ 18%] [32mBuilding CXX object CMakeFiles/control_node.dir/src/control_node.cpp.o[0m
[2.899s] [ 27%] [32mBuilding CXX object CMakeFiles/control_node.dir/src/digital_filter_coefficients.cpp.o[0m
[2.904s] [ 36%] [32mBuilding CXX object CMakeFiles/control_node.dir/src/localFuns.cpp.o[0m
[4.343s] [01m[K/home/mm/longshan12_2/src/control/src/digital_filter.cpp:28:34:[m[K [01;35m[Kwarning: [m[Kextra ‘[01m[K;[m[K’ [[01;35m[K-Wpedantic[m[K]
[4.343s]    28 | DigitalFilter ::DigitalFilter(){}[01;35m[K;[m[K
[4.343s]       |                                  [01;35m[K^[m[K
[4.358s] [01m[K/home/mm/longshan12_2/src/control/src/digital_filter.cpp:29:34:[m[K [01;35m[Kwarning: [m[Kextra ‘[01m[K;[m[K’ [[01;35m[K-Wpedantic[m[K]
[4.358s]    29 | DigitalFilter::~DigitalFilter(){}[01;35m[K;[m[K
[4.359s]       |                                  [01;35m[K^[m[K
[4.359s] [01m[K/home/mm/longshan12_2/src/control/src/digital_filter.cpp:[m[K In member function ‘[01m[Kdouble DigitalFilter::Compute(const std::deque<double>&, const std::vector<double>&, std::size_t, std::size_t)[m[K’:
[4.359s] [01m[K/home/mm/longshan12_2/src/control/src/digital_filter.cpp:95:49:[m[K [01;35m[Kwarning: [m[Kunused parameter ‘[01m[Kcoeff_end[m[K’ [[01;35m[K-Wunused-parameter[m[K]
[4.359s]    95 |                               [01;35m[Kconst std::size_t coeff_end[m[K) {
[4.359s]       |                               [01;35m[K~~~~~~~~~~~~~~~~~~^~~~~~~~~[m[K
[5.142s] [ 45%] [32mBuilding CXX object CMakeFiles/control_node.dir/src/lon_controller.cpp.o[0m
[5.217s] [ 54%] [32mBuilding CXX object CMakeFiles/control_node.dir/src/lqr.cpp.o[0m
[9.789s] [01m[K/home/mm/longshan12_2/src/control/src/lon_controller.cpp:[m[K In member function ‘[01m[Kvoid loncontroller::ComputeLongitudinalErrors(const MatrixXd&, double, double)[m[K’:
[9.789s] [01m[K/home/mm/longshan12_2/src/control/src/lon_controller.cpp:176:10:[m[K [01;35m[Kwarning: [m[Kunused variable ‘[01m[Klon_speed[m[K’ [[01;35m[K-Wunused-variable[m[K]
[9.789s]   176 |   double [01;35m[Klon_speed[m[K = std::get<3>(vehicle_state_) * std::cos(heading_error);
[9.789s]       |          [01;35m[K^~~~~~~~~[m[K
[9.789s] [01m[K/home/mm/longshan12_2/src/control/src/lon_controller.cpp:178:10:[m[K [01;35m[Kwarning: [m[Kunused variable ‘[01m[Klon_acceleration[m[K’ [[01;35m[K-Wunused-variable[m[K]
[9.790s]   178 |   double [01;35m[Klon_acceleration[m[K = std::get<4>(vehicle_state_) * std::cos(heading_error);
[9.790s]       |          [01;35m[K^~~~~~~~~~~~~~~~[m[K
[9.790s] [01m[K/home/mm/longshan12_2/src/control/src/lon_controller.cpp:180:10:[m[K [01;35m[Kwarning: [m[Kunused variable ‘[01m[Kone_minus_kappa_lat_error[m[K’ [[01;35m[K-Wunused-variable[m[K]
[9.790s]   180 |   double [01;35m[Kone_minus_kappa_lat_error[m[K = 1 -  matched_point.at(3) * std::get<3>(vehicle_state_) * std::sin(heading_error);
[9.790s]       |          [01;35m[K^~~~~~~~~~~~~~~~~~~~~~~~~[m[K
[9.790s] [01m[K/home/mm/longshan12_2/src/control/src/lon_controller.cpp:124:61:[m[K [01;35m[Kwarning: [m[Kunused parameter ‘[01m[Kts[m[K’ [[01;35m[K-Wunused-parameter[m[K]
[9.790s]   124 |                     const double preview_time, [01;35m[Kconst double ts[m[K){
[9.790s]       |                                                [01;35m[K~~~~~~~~~~~~~^~[m[K
[10.272s] [01m[K/home/mm/longshan12_2/src/control/src/lon_controller.cpp:[m[K In member function ‘[01m[Kbool loncontroller::ComputeControlCommand(const MatrixXd&, double&)[m[K’:
[10.272s] [01m[K/home/mm/longshan12_2/src/control/src/lon_controller.cpp:116:1:[m[K [01;35m[Kwarning: [m[Kcontrol reaches end of non-void function [[01;35m[K-Wreturn-type[m[K]
[10.272s]   116 | [01;35m[K}[m[K
[10.272s]       | [01;35m[K^[m[K
[10.554s] [ 63%] [32mBuilding CXX object CMakeFiles/control_node.dir/src/pid_controller.cpp.o[0m
[11.267s] [01m[K/home/mm/longshan12_2/src/control/src/localFuns.cpp:[m[K In function ‘[01m[Kint local::frenet2Cartesian(const MatrixXd&, const double&, const double&, const int&, Eigen::Vector2d&)[m[K’:
[11.267s] [01m[K/home/mm/longshan12_2/src/control/src/localFuns.cpp:326:75:[m[K [01;35m[Kwarning: [m[Kunused parameter ‘[01m[Ks[m[K’ [[01;35m[K-Wunused-parameter[m[K]
[11.268s]   326 |     int frenet2Cartesian(const Eigen::MatrixXd& globalPath, [01;35m[Kconst double& s[m[K, const double& d, const int& minIndex, Eigen::Vector2d& cartesianXY){
[11.268s]       |                                                             [01;35m[K~~~~~~~~~~~~~~^[m[K
[14.738s] In file included from [01m[K/home/mm/longshan12_2/src/control/src/lqr.cpp:2[m[K:
[14.738s] [01m[K/home/mm/longshan12_2/src/control/./include/RiccatiSolver.h:[m[K In function ‘[01m[Kbool solveRiccatiArimotoPotter(const MatrixXd&, const MatrixXd&, const MatrixXd&, const MatrixXd&, Eigen::MatrixXd&)[m[K’:
[14.738s] [01m[K/home/mm/longshan12_2/src/control/./include/RiccatiSolver.h:76:21:[m[K [01;35m[Kwarning: [m[Kunused variable ‘[01m[Kdim_u[m[K’ [[01;35m[K-Wunused-variable[m[K]
[14.738s]    76 |  const unsigned int [01;35m[Kdim_u[m[K = B.cols();
[14.738s]       |                     [01;35m[K^~~~~[m[K
[14.968s] [01m[K/home/mm/longshan12_2/src/control/src/lqr.cpp:[m[K In member function ‘[01m[Kint lqr::stateSpaceMatrix(Eigen::Matrix<double, 3, 3>&, Eigen::Matrix<double, 3, 2>&, const VectorXd&, tool::controlParams, double, double)[m[K’:
[14.969s] [01m[K/home/mm/longshan12_2/src/control/src/lqr.cpp:4:140:[m[K [01;35m[Kwarning: [m[Kunused parameter ‘[01m[Kcps[m[K’ [[01;35m[K-Wunused-parameter[m[K]
[14.969s]     4 | int lqr::stateSpaceMatrix(Eigen::Matrix<double, 3, 3>& A, Eigen::Matrix<double, 3, 2>& B, const Eigen::VectorXd& car,  [01;35m[Ktool::controlParams cps[m[K,
[14.969s]       |                                                                                                                        [01;35m[K~~~~~~~~~~~~~~~~~~~~^~~[m[K
[16.618s] [01m[K/home/mm/longshan12_2/src/control/src/lqr.cpp:[m[K In member function ‘[01m[KEigen::Vector2d lqr::calcU(const VectorXd&, const MatrixXd&, std::array<double, 5>&, const Eigen::Matrix<double, 3, 3>&, const Eigen::Matrix<double, 3, 2>&, const Eigen::Matrix<double, 3, 3>&, const Eigen::Matrix<double, 2, 2>&)[m[K’:
[16.618s] [01m[K/home/mm/longshan12_2/src/control/src/lqr.cpp:114:80:[m[K [01;35m[Kwarning: [m[Kunused parameter ‘[01m[Kpath[m[K’ [[01;35m[K-Wunused-parameter[m[K]
[16.618s]   114 | Eigen::Vector2d lqr::calcU(const Eigen::VectorXd& car, [01;35m[Kconst Eigen::MatrixXd&  path[m[K,
[16.618s]       |                                                        [01;35m[K~~~~~~~~~~~~~~~~~~~~~~~~^~~~[m[K
[18.550s] [ 72%] [32mBuilding CXX object CMakeFiles/control_node.dir/src/pure_pursuit.cpp.o[0m
[19.120s] [01m[K/home/mm/longshan12_2/src/control/src/control_node.cpp:[m[K In member function ‘[01m[Kvoid control_node::gps_callback(std_msgs::msg::Float64MultiArray_<std::allocator<void> >::SharedPtr)[m[K’:
[19.120s] [01m[K/home/mm/longshan12_2/src/control/src/control_node.cpp:100:33:[m[K [01;35m[Kwarning: [m[Kunused variable ‘[01m[Kpre_index[m[K’ [[01;35m[K-Wunused-variable[m[K]
[19.120s]   100 |                             int [01;35m[Kpre_index[m[K = (index + 5) > (globalPath.cols()-1) ?
[19.120s]       |                                 [01;35m[K^~~~~~~~~[m[K
[19.121s] [01m[K/home/mm/longshan12_2/src/control/src/control_node.cpp:151:36:[m[K [01;35m[Kwarning: [m[Kunused variable ‘[01m[KdeltaX[m[K’ [[01;35m[K-Wunused-variable[m[K]
[19.121s]   151 |                             double [01;35m[KdeltaX[m[K =  dx;
[19.121s]       |                                    [01;35m[K^~~~~~[m[K
[19.121s] [01m[K/home/mm/longshan12_2/src/control/src/control_node.cpp:152:36:[m[K [01;35m[Kwarning: [m[Kunused variable ‘[01m[KdeltaY[m[K’ [[01;35m[K-Wunused-variable[m[K]
[19.121s]   152 |                             double [01;35m[KdeltaY[m[K =  dy;
[19.121s]       |                                    [01;35m[K^~~~~~[m[K
[19.121s] [01m[K/home/mm/longshan12_2/src/control/src/control_node.cpp:153:36:[m[K [01;35m[Kwarning: [m[Kunused variable ‘[01m[KdeltaYAW[m[K’ [[01;35m[K-Wunused-variable[m[K]
[19.121s]   153 |                             double [01;35m[KdeltaYAW[m[K = tool::normalizeAngle(tool::d2r(car(3)) - theta);
[19.121s]       |                                    [01;35m[K^~~~~~~~[m[K
[19.122s] [01m[K/home/mm/longshan12_2/src/control/src/control_node.cpp:171:43:[m[K [01;35m[Kwarning: [m[Kunused variable ‘[01m[Klast_sw[m[K’ [[01;35m[K-Wunused-variable[m[K]
[19.122s]   171 |                             static double [01;35m[Klast_sw[m[K = 0;
[19.122s]       |                                           [01;35m[K^~~~~~~[m[K
[22.086s] [01m[K/home/mm/longshan12_2/src/control/src/pure_pursuit.cpp:[m[K In member function ‘[01m[Kvoid pure_pursuit::getPreviewpoint(Eigen::VectorXd, Eigen::MatrixXd&, int)[m[K’:
[22.086s] [01m[K/home/mm/longshan12_2/src/control/src/pure_pursuit.cpp:18:12:[m[K [01;35m[Kwarning: [m[Kunused variable ‘[01m[Ksum_distance[m[K’ [[01;35m[K-Wunused-variable[m[K]
[22.086s]    18 |     double [01;35m[Ksum_distance[m[K;
[22.086s]       |            [01;35m[K^~~~~~~~~~~~[m[K
[22.505s] [ 81%] [32mBuilding CXX object CMakeFiles/control_node.dir/src/stanley.cpp.o[0m
[25.537s] [ 90%] [32mBuilding CXX object CMakeFiles/control_node.dir/src/toolKits.cpp.o[0m
[37.380s] [100%] [32m[1mLinking CXX executable control_node[0m
[39.120s] [100%] Built target control_node
[39.136s] Invoked command in '/home/mm/longshan12_2/build/control' returned '0': CMAKE_PREFIX_PATH=/opt/ros/foxy /usr/bin/cmake --build /home/mm/longshan12_2/build/control -- -j4 -l4
[39.187s] Invoking command in '/home/mm/longshan12_2/build/control': CMAKE_PREFIX_PATH=/opt/ros/foxy /usr/bin/cmake --install /home/mm/longshan12_2/build/control
[39.200s] -- Install configuration: ""
[39.201s] -- Installing: /home/mm/longshan12_2/install/control/lib/control/control_node
[39.209s] -- Set runtime path of "/home/mm/longshan12_2/install/control/lib/control/control_node" to ""
[39.210s] -- Installing: /home/mm/longshan12_2/install/control/share/control/launch
[39.211s] -- Installing: /home/mm/longshan12_2/install/control/share/control/launch/control.launch.py
[39.214s] -- Installing: /home/mm/longshan12_2/install/control/share/ament_index/resource_index/package_run_dependencies/control
[39.214s] -- Installing: /home/mm/longshan12_2/install/control/share/ament_index/resource_index/parent_prefix_path/control
[39.215s] -- Installing: /home/mm/longshan12_2/install/control/share/control/environment/ament_prefix_path.sh
[39.215s] -- Installing: /home/mm/longshan12_2/install/control/share/control/environment/ament_prefix_path.dsv
[39.216s] -- Installing: /home/mm/longshan12_2/install/control/share/control/environment/path.sh
[39.216s] -- Installing: /home/mm/longshan12_2/install/control/share/control/environment/path.dsv
[39.217s] -- Installing: /home/mm/longshan12_2/install/control/share/control/local_setup.bash
[39.217s] -- Installing: /home/mm/longshan12_2/install/control/share/control/local_setup.sh
[39.218s] -- Installing: /home/mm/longshan12_2/install/control/share/control/local_setup.zsh
[39.218s] -- Installing: /home/mm/longshan12_2/install/control/share/control/local_setup.dsv
[39.218s] -- Installing: /home/mm/longshan12_2/install/control/share/control/package.dsv
[39.219s] -- Installing: /home/mm/longshan12_2/install/control/share/ament_index/resource_index/packages/control
[39.220s] -- Installing: /home/mm/longshan12_2/install/control/share/control/cmake/controlConfig.cmake
[39.220s] -- Installing: /home/mm/longshan12_2/install/control/share/control/cmake/controlConfig-version.cmake
[39.220s] -- Installing: /home/mm/longshan12_2/install/control/share/control/package.xml
[39.223s] Invoked command in '/home/mm/longshan12_2/build/control' returned '0': CMAKE_PREFIX_PATH=/opt/ros/foxy /usr/bin/cmake --install /home/mm/longshan12_2/build/control
