[  2%] [32mBuilding CXX object CMakeFiles/hmi.dir/src/main.cpp.o[0m
[  4%] [32mBuilding CXX object CMakeFiles/hmi.dir/src/mainwindow.cpp.o[0m
[  6%] [32mBuilding CXX object CMakeFiles/hmi.dir/include/moc_mItem.cpp.o[0m
[  8%] [32mBuilding CXX object CMakeFiles/hmi.dir/include/moc_mainwindow.cpp.o[0m
[ 11%] [32mBuilding CXX object CMakeFiles/hmi.dir/include/moc_mmItem.cpp.o[0m
[ 13%] [32mBuilding CXX object CMakeFiles/hmi.dir/include/moc_rclcomm.cpp.o[0m
[ 15%] [32mBuilding CXX object CMakeFiles/hmi.dir/include/moc_runcam.cpp.o[0m
[ 17%] [32mBuilding CXX object CMakeFiles/hmi.dir/include/moc_runglobal.cpp.o[0m
[ 20%] [32mBuilding CXX object CMakeFiles/hmi.dir/include/moc_rungps.cpp.o[0m
[ 22%] [32mBuilding CXX object CMakeFiles/hmi.dir/include/moc_runlidar.cpp.o[0m
[ 24%] [32mBuilding CXX object CMakeFiles/hmi.dir/include/moc_runlocal.cpp.o[0m
[ 26%] [32mBuilding CXX object CMakeFiles/hmi.dir/include/moc_runrviz.cpp.o[0m
[ 28%] [32mBuilding CXX object CMakeFiles/hmi.dir/include/moc_runsocketcan.cpp.o[0m
[ 31%] [32mBuilding CXX object CMakeFiles/hmi.dir/include/moc_toolKits.cpp.o[0m
[ 33%] [32mBuilding CXX object CMakeFiles/hmi.dir/include/moc_runcontrol.cpp.o[0m
[ 35%] [32mBuilding CXX object CMakeFiles/hmi.dir/include/moc_runcenterpoint.cpp.o[0m
[ 37%] [32m[1mLinking CXX executable hmi[0m
[100%] Built target hmi
-- Install configuration: ""
-- Installing: /home/mm/longshan11_6/install/hmi/lib/hmi/hmi
-- Set runtime path of "/home/mm/longshan11_6/install/hmi/lib/hmi/hmi" to ""
-- Installing: /home/mm/longshan11_6/install/hmi/share/hmi/launch
-- Installing: /home/mm/longshan11_6/install/hmi/share/hmi/launch/hmi.launch.py
-- Installing: /home/mm/longshan11_6/install/hmi/share/ament_index/resource_index/package_run_dependencies/hmi
-- Installing: /home/mm/longshan11_6/install/hmi/share/ament_index/resource_index/parent_prefix_path/hmi
-- Installing: /home/mm/longshan11_6/install/hmi/share/hmi/environment/ament_prefix_path.sh
-- Installing: /home/mm/longshan11_6/install/hmi/share/hmi/environment/ament_prefix_path.dsv
-- Installing: /home/mm/longshan11_6/install/hmi/share/hmi/environment/path.sh
-- Installing: /home/mm/longshan11_6/install/hmi/share/hmi/environment/path.dsv
-- Installing: /home/mm/longshan11_6/install/hmi/share/hmi/local_setup.bash
-- Installing: /home/mm/longshan11_6/install/hmi/share/hmi/local_setup.sh
-- Installing: /home/mm/longshan11_6/install/hmi/share/hmi/local_setup.zsh
-- Installing: /home/mm/longshan11_6/install/hmi/share/hmi/local_setup.dsv
-- Installing: /home/mm/longshan11_6/install/hmi/share/hmi/package.dsv
-- Installing: /home/mm/longshan11_6/install/hmi/share/ament_index/resource_index/packages/hmi
-- Installing: /home/mm/longshan11_6/install/hmi/share/hmi/cmake/hmiConfig.cmake
-- Installing: /home/mm/longshan11_6/install/hmi/share/hmi/cmake/hmiConfig-version.cmake
-- Installing: /home/mm/longshan11_6/install/hmi/share/hmi/package.xml
