[0.082s] Invoking command in '/home/mm/longshan12_2/build/control': CMAKE_PREFIX_PATH=${CMAKE_PREFIX_PATH}:/home/mm/longshan12_2/install/draw_messages:/opt/ros/foxy /usr/bin/cmake --build /home/mm/longshan12_2/build/control -- -j4 -l4
[0.504s] [100%] Built target control_node
[0.546s] Invoked command in '/home/mm/longshan12_2/build/control' returned '0': CMAKE_PREFIX_PATH=${CMAKE_PREFIX_PATH}:/home/mm/longshan12_2/install/draw_messages:/opt/ros/foxy /usr/bin/cmake --build /home/mm/longshan12_2/build/control -- -j4 -l4
[0.691s] Invoking command in '/home/mm/longshan12_2/build/control': CMAKE_PREFIX_PATH=${CMAKE_PREFIX_PATH}:/home/mm/longshan12_2/install/draw_messages:/opt/ros/foxy /usr/bin/cmake --install /home/mm/longshan12_2/build/control
[0.708s] -- Install configuration: ""
[0.708s] -- Up-to-date: /home/mm/longshan12_2/install/control/lib/control/control_node
[0.709s] -- Up-to-date: /home/mm/longshan12_2/install/control/share/control/launch
[0.709s] -- Up-to-date: /home/mm/longshan12_2/install/control/share/control/launch/control.launch.py
[0.709s] -- Up-to-date: /home/mm/longshan12_2/install/control/share/ament_index/resource_index/package_run_dependencies/control
[0.710s] -- Up-to-date: /home/mm/longshan12_2/install/control/share/ament_index/resource_index/parent_prefix_path/control
[0.710s] -- Up-to-date: /home/mm/longshan12_2/install/control/share/control/environment/ament_prefix_path.sh
[0.710s] -- Up-to-date: /home/mm/longshan12_2/install/control/share/control/environment/ament_prefix_path.dsv
[0.710s] -- Up-to-date: /home/mm/longshan12_2/install/control/share/control/environment/path.sh
[0.710s] -- Up-to-date: /home/mm/longshan12_2/install/control/share/control/environment/path.dsv
[0.711s] -- Up-to-date: /home/mm/longshan12_2/install/control/share/control/local_setup.bash
[0.711s] -- Up-to-date: /home/mm/longshan12_2/install/control/share/control/local_setup.sh
[0.711s] -- Up-to-date: /home/mm/longshan12_2/install/control/share/control/local_setup.zsh
[0.711s] -- Up-to-date: /home/mm/longshan12_2/install/control/share/control/local_setup.dsv
[0.711s] -- Installing: /home/mm/longshan12_2/install/control/share/control/package.dsv
[0.711s] -- Up-to-date: /home/mm/longshan12_2/install/control/share/ament_index/resource_index/packages/control
[0.711s] -- Up-to-date: /home/mm/longshan12_2/install/control/share/control/cmake/controlConfig.cmake
[0.711s] -- Up-to-date: /home/mm/longshan12_2/install/control/share/control/cmake/controlConfig-version.cmake
[0.711s] -- Up-to-date: /home/mm/longshan12_2/install/control/share/control/package.xml
[0.746s] Invoked command in '/home/mm/longshan12_2/build/control' returned '0': CMAKE_PREFIX_PATH=${CMAKE_PREFIX_PATH}:/home/mm/longshan12_2/install/draw_messages:/opt/ros/foxy /usr/bin/cmake --install /home/mm/longshan12_2/build/control
