[0.017s] Invoking command in '/home/mm/longshan12_2/build/model': CMAKE_PREFIX_PATH=/opt/ros/foxy /usr/bin/cmake /home/mm/longshan12_2/src/model -DCMAKE_INSTALL_PREFIX=/home/mm/longshan12_2/install/model
[0.254s] -- The C compiler identification is GNU 9.4.0
[0.418s] -- The CXX compiler identification is GNU 9.4.0
[0.432s] -- Check for working C compiler: /usr/bin/cc
[0.507s] -- Check for working C compiler: /usr/bin/cc -- works
[0.509s] -- Detecting C compiler ABI info
[0.583s] -- Detecting C compiler ABI info - done
[0.593s] -- Detecting C compile features
[0.594s] -- Detecting C compile features - done
[0.598s] -- Check for working CXX compiler: /usr/bin/c++
[0.677s] -- Check for working CXX compiler: /usr/bin/c++ -- works
[0.678s] -- Detecting CXX compiler ABI info
[0.757s] -- Detecting CXX compiler ABI info - done
[0.768s] -- Detecting CXX compile features
[0.768s] -- Detecting CXX compile features - done
[0.774s] -- Found ament_cmake: 0.9.12 (/opt/ros/foxy/share/ament_cmake/cmake)
[0.799s] -- Found PythonInterp: /usr/bin/python3 (found suitable version "3.8.10", minimum required is "3") 
[0.800s] -- Using PYTHON_EXECUTABLE: /usr/bin/python3
[1.053s] -- Found rclcpp: 2.4.3 (/opt/ros/foxy/share/rclcpp/cmake)
[1.117s] -- Using all available rosidl_typesupport_c: rosidl_typesupport_fastrtps_c;rosidl_typesupport_introspection_c
[1.128s] -- Found rosidl_adapter: 1.3.1 (/opt/ros/foxy/share/rosidl_adapter/cmake)
[1.213s] -- Found OpenSSL: /usr/lib/x86_64-linux-gnu/libcrypto.so (found version "1.1.1f")  
[1.233s] -- Found FastRTPS: /opt/ros/foxy/include  
[1.306s] -- Using all available rosidl_typesupport_cpp: rosidl_typesupport_fastrtps_cpp;rosidl_typesupport_introspection_cpp
[1.394s] -- Found rmw_implementation_cmake: 1.0.4 (/opt/ros/foxy/share/rmw_implementation_cmake/cmake)
[1.397s] -- Using RMW implementation 'rmw_fastrtps_cpp' as default
[1.400s] -- Looking for pthread.h
[1.492s] -- Looking for pthread.h - found
[1.492s] -- Performing Test CMAKE_HAVE_LIBC_PTHREAD
[1.579s] -- Performing Test CMAKE_HAVE_LIBC_PTHREAD - Failed
[1.579s] -- Looking for pthread_create in pthreads
[1.653s] -- Looking for pthread_create in pthreads - not found
[1.653s] -- Looking for pthread_create in pthread
[1.727s] -- Looking for pthread_create in pthread - found
[1.730s] -- Found Threads: TRUE  
[1.922s] -- Found robot_state_publisher: 2.4.5 (/opt/ros/foxy/share/robot_state_publisher/cmake)
[1.928s] -- Found eigen3_cmake_module: 0.1.1 (/opt/ros/foxy/share/eigen3_cmake_module/cmake)
[1.933s] -- Found Eigen3: TRUE (found version "3.3.7") 
[2.510s] -- Found ament_lint_auto: 0.9.8 (/opt/ros/foxy/share/ament_lint_auto/cmake)
[2.595s] -- Added test 'copyright' to check source files copyright and LICENSE
[2.598s] -- Added test 'flake8' to check Python code syntax and style conventions
[2.599s] -- Added test 'lint_cmake' to check CMake code style
[2.600s] -- Added test 'pep257' to check Python code against some of the style conventions in PEP 257
[2.602s] -- Added test 'xmllint' to check XML markup files
[2.607s] -- Configuring done
[2.616s] -- Generating done
[2.621s] -- Build files have been written to: /home/mm/longshan12_2/build/model
[2.632s] Invoked command in '/home/mm/longshan12_2/build/model' returned '0': CMAKE_PREFIX_PATH=/opt/ros/foxy /usr/bin/cmake /home/mm/longshan12_2/src/model -DCMAKE_INSTALL_PREFIX=/home/mm/longshan12_2/install/model
[2.635s] Invoking command in '/home/mm/longshan12_2/build/model': CMAKE_PREFIX_PATH=/opt/ros/foxy /usr/bin/cmake --build /home/mm/longshan12_2/build/model -- -j4 -l4
[2.683s] Invoked command in '/home/mm/longshan12_2/build/model' returned '0': CMAKE_PREFIX_PATH=/opt/ros/foxy /usr/bin/cmake --build /home/mm/longshan12_2/build/model -- -j4 -l4
[2.718s] Invoking command in '/home/mm/longshan12_2/build/model': CMAKE_PREFIX_PATH=/opt/ros/foxy /usr/bin/cmake --install /home/mm/longshan12_2/build/model
[2.729s] -- Install configuration: ""
[2.729s] -- Installing: /home/mm/longshan12_2/install/model/share/model//launch
[2.733s] -- Installing: /home/mm/longshan12_2/install/model/share/model//launch/load_launch.py
[2.734s] CMake Error at cmake_install.cmake:45 (file):
[2.734s]   file INSTALL cannot find "/home/mm/longshan12_2/src/model/urdf": No such
[2.734s]   file or directory.
[2.735s] 
[2.735s] 
[2.735s] Invoked command in '/home/mm/longshan12_2/build/model' returned '1': CMAKE_PREFIX_PATH=/opt/ros/foxy /usr/bin/cmake --install /home/mm/longshan12_2/build/model
