[  1%] Built target gnss__cpp
[ 10%] Built target gnss__rosidl_generator_c
[ 19%] Built target gnss__rosidl_typesupport_cpp
[ 28%] Built target gnss__rosidl_typesupport_introspection_c
[ 37%] Built target gnss__rosidl_typesupport_introspection_cpp
[ 46%] Built target gnss__rosidl_typesupport_fastrtps_cpp
[ 55%] Built target gnss__rosidl_typesupport_c
[ 64%] Built target gnss__rosidl_typesupport_fastrtps_c
[ 64%] Built target gnss
[ 73%] Built target gnss_lib
[ 76%] Built target gnss_sync_node
[ 78%] Built target gnss__py
[ 82%] Built target gnss_node
[ 89%] Built target gnss__python
[ 92%] Built target gnss__rosidl_typesupport_fastrtps_c__pyext
[ 96%] Built target gnss__rosidl_typesupport_c__pyext
[100%] Built target gnss__rosidl_typesupport_introspection_c__pyext
-- Install configuration: ""
-- Up-to-date: /home/mm/longshan12_2/install/gnss/share/ament_index/resource_index/rosidl_interfaces/gnss
-- Up-to-date: /home/mm/longshan12_2/install/gnss/include/gnss
-- Up-to-date: /home/mm/longshan12_2/install/gnss/include/gnss/msg
-- Up-to-date: /home/mm/longshan12_2/install/gnss/include/gnss/msg/ins.h
-- Up-to-date: /home/mm/longshan12_2/install/gnss/include/gnss/msg/message.h
-- Up-to-date: /home/mm/longshan12_2/install/gnss/include/gnss/msg/imu.h
-- Up-to-date: /home/mm/longshan12_2/install/gnss/include/gnss/msg/rosidl_generator_c__visibility_control.h
-- Up-to-date: /home/mm/longshan12_2/install/gnss/include/gnss/msg/detail
-- Up-to-date: /home/mm/longshan12_2/install/gnss/include/gnss/msg/detail/message__type_support.h
-- Up-to-date: /home/mm/longshan12_2/install/gnss/include/gnss/msg/detail/imu__functions.c
-- Up-to-date: /home/mm/longshan12_2/install/gnss/include/gnss/msg/detail/ins__type_support.h
-- Up-to-date: /home/mm/longshan12_2/install/gnss/include/gnss/msg/detail/imu__functions.h
-- Up-to-date: /home/mm/longshan12_2/install/gnss/include/gnss/msg/detail/message__functions.h
-- Up-to-date: /home/mm/longshan12_2/install/gnss/include/gnss/msg/detail/ins__functions.c
-- Up-to-date: /home/mm/longshan12_2/install/gnss/include/gnss/msg/detail/imu__type_support.h
-- Up-to-date: /home/mm/longshan12_2/install/gnss/include/gnss/msg/detail/message__struct.h
-- Up-to-date: /home/mm/longshan12_2/install/gnss/include/gnss/msg/detail/ins__functions.h
-- Up-to-date: /home/mm/longshan12_2/install/gnss/include/gnss/msg/detail/message__functions.c
-- Up-to-date: /home/mm/longshan12_2/install/gnss/include/gnss/msg/detail/imu__struct.h
-- Up-to-date: /home/mm/longshan12_2/install/gnss/include/gnss/msg/detail/ins__struct.h
-- Up-to-date: /home/mm/longshan12_2/install/gnss/share/gnss/environment/library_path.sh
-- Up-to-date: /home/mm/longshan12_2/install/gnss/share/gnss/environment/library_path.dsv
-- Up-to-date: /home/mm/longshan12_2/install/gnss/lib/libgnss__rosidl_generator_c.so
-- Up-to-date: /home/mm/longshan12_2/install/gnss/include/gnss
-- Up-to-date: /home/mm/longshan12_2/install/gnss/include/gnss/msg
-- Up-to-date: /home/mm/longshan12_2/install/gnss/include/gnss/msg/rosidl_typesupport_fastrtps_c__visibility_control.h
-- Up-to-date: /home/mm/longshan12_2/install/gnss/include/gnss/msg/detail
-- Up-to-date: /home/mm/longshan12_2/install/gnss/include/gnss/msg/detail/ins__rosidl_typesupport_fastrtps_c.h
-- Up-to-date: /home/mm/longshan12_2/install/gnss/include/gnss/msg/detail/message__rosidl_typesupport_fastrtps_c.h
-- Up-to-date: /home/mm/longshan12_2/install/gnss/include/gnss/msg/detail/imu__rosidl_typesupport_fastrtps_c.h
-- Up-to-date: /home/mm/longshan12_2/install/gnss/lib/libgnss__rosidl_typesupport_fastrtps_c.so
-- Up-to-date: /home/mm/longshan12_2/install/gnss/include/gnss
-- Up-to-date: /home/mm/longshan12_2/install/gnss/include/gnss/msg
-- Up-to-date: /home/mm/longshan12_2/install/gnss/include/gnss/msg/rosidl_typesupport_fastrtps_cpp__visibility_control.h
-- Up-to-date: /home/mm/longshan12_2/install/gnss/include/gnss/msg/detail
-- Up-to-date: /home/mm/longshan12_2/install/gnss/include/gnss/msg/detail/message__rosidl_typesupport_fastrtps_cpp.hpp
-- Up-to-date: /home/mm/longshan12_2/install/gnss/include/gnss/msg/detail/ins__rosidl_typesupport_fastrtps_cpp.hpp
-- Up-to-date: /home/mm/longshan12_2/install/gnss/include/gnss/msg/detail/dds_fastrtps
-- Up-to-date: /home/mm/longshan12_2/install/gnss/include/gnss/msg/detail/imu__rosidl_typesupport_fastrtps_cpp.hpp
-- Up-to-date: /home/mm/longshan12_2/install/gnss/lib/libgnss__rosidl_typesupport_fastrtps_cpp.so
-- Up-to-date: /home/mm/longshan12_2/install/gnss/include/gnss
-- Up-to-date: /home/mm/longshan12_2/install/gnss/include/gnss/msg
-- Up-to-date: /home/mm/longshan12_2/install/gnss/include/gnss/msg/rosidl_typesupport_introspection_c__visibility_control.h
-- Up-to-date: /home/mm/longshan12_2/install/gnss/include/gnss/msg/detail
-- Up-to-date: /home/mm/longshan12_2/install/gnss/include/gnss/msg/detail/ins__type_support.c
-- Up-to-date: /home/mm/longshan12_2/install/gnss/include/gnss/msg/detail/message__type_support.c
-- Up-to-date: /home/mm/longshan12_2/install/gnss/include/gnss/msg/detail/imu__type_support.c
-- Up-to-date: /home/mm/longshan12_2/install/gnss/include/gnss/msg/detail/message__rosidl_typesupport_introspection_c.h
-- Up-to-date: /home/mm/longshan12_2/install/gnss/include/gnss/msg/detail/imu__rosidl_typesupport_introspection_c.h
-- Up-to-date: /home/mm/longshan12_2/install/gnss/include/gnss/msg/detail/ins__rosidl_typesupport_introspection_c.h
-- Up-to-date: /home/mm/longshan12_2/install/gnss/lib/libgnss__rosidl_typesupport_introspection_c.so
-- Up-to-date: /home/mm/longshan12_2/install/gnss/lib/libgnss__rosidl_typesupport_c.so
-- Up-to-date: /home/mm/longshan12_2/install/gnss/include/gnss
-- Up-to-date: /home/mm/longshan12_2/install/gnss/include/gnss/msg
-- Up-to-date: /home/mm/longshan12_2/install/gnss/include/gnss/msg/rosidl_generator_cpp__visibility_control.hpp
-- Up-to-date: /home/mm/longshan12_2/install/gnss/include/gnss/msg/ins.hpp
-- Up-to-date: /home/mm/longshan12_2/install/gnss/include/gnss/msg/message.hpp
-- Up-to-date: /home/mm/longshan12_2/install/gnss/include/gnss/msg/imu.hpp
-- Up-to-date: /home/mm/longshan12_2/install/gnss/include/gnss/msg/detail
-- Up-to-date: /home/mm/longshan12_2/install/gnss/include/gnss/msg/detail/ins__type_support.hpp
-- Up-to-date: /home/mm/longshan12_2/install/gnss/include/gnss/msg/detail/message__type_support.hpp
-- Up-to-date: /home/mm/longshan12_2/install/gnss/include/gnss/msg/detail/message__struct.hpp
-- Up-to-date: /home/mm/longshan12_2/install/gnss/include/gnss/msg/detail/imu__builder.hpp
-- Up-to-date: /home/mm/longshan12_2/install/gnss/include/gnss/msg/detail/ins__struct.hpp
-- Up-to-date: /home/mm/longshan12_2/install/gnss/include/gnss/msg/detail/message__traits.hpp
-- Up-to-date: /home/mm/longshan12_2/install/gnss/include/gnss/msg/detail/imu__struct.hpp
-- Up-to-date: /home/mm/longshan12_2/install/gnss/include/gnss/msg/detail/ins__builder.hpp
-- Up-to-date: /home/mm/longshan12_2/install/gnss/include/gnss/msg/detail/message__builder.hpp
-- Up-to-date: /home/mm/longshan12_2/install/gnss/include/gnss/msg/detail/imu__traits.hpp
-- Up-to-date: /home/mm/longshan12_2/install/gnss/include/gnss/msg/detail/ins__traits.hpp
-- Up-to-date: /home/mm/longshan12_2/install/gnss/include/gnss/msg/detail/imu__type_support.hpp
-- Up-to-date: /home/mm/longshan12_2/install/gnss/include/gnss
-- Up-to-date: /home/mm/longshan12_2/install/gnss/include/gnss/msg
-- Up-to-date: /home/mm/longshan12_2/install/gnss/include/gnss/msg/detail
-- Up-to-date: /home/mm/longshan12_2/install/gnss/include/gnss/msg/detail/ins__type_support.cpp
-- Up-to-date: /home/mm/longshan12_2/install/gnss/include/gnss/msg/detail/message__type_support.cpp
-- Up-to-date: /home/mm/longshan12_2/install/gnss/include/gnss/msg/detail/imu__type_support.cpp
-- Up-to-date: /home/mm/longshan12_2/install/gnss/include/gnss/msg/detail/message__rosidl_typesupport_introspection_cpp.hpp
-- Up-to-date: /home/mm/longshan12_2/install/gnss/include/gnss/msg/detail/imu__rosidl_typesupport_introspection_cpp.hpp
-- Up-to-date: /home/mm/longshan12_2/install/gnss/include/gnss/msg/detail/ins__rosidl_typesupport_introspection_cpp.hpp
-- Up-to-date: /home/mm/longshan12_2/install/gnss/lib/libgnss__rosidl_typesupport_introspection_cpp.so
-- Up-to-date: /home/mm/longshan12_2/install/gnss/lib/libgnss__rosidl_typesupport_cpp.so
-- Up-to-date: /home/mm/longshan12_2/install/gnss/share/gnss/environment/pythonpath.sh
-- Up-to-date: /home/mm/longshan12_2/install/gnss/share/gnss/environment/pythonpath.dsv
-- Up-to-date: /home/mm/longshan12_2/install/gnss/lib/python3.8/site-packages/gnss/__init__.py
-- Up-to-date: /home/mm/longshan12_2/install/gnss/lib/python3.8/site-packages/gnss/msg
-- Up-to-date: /home/mm/longshan12_2/install/gnss/lib/python3.8/site-packages/gnss/msg/_message_s.c
-- Up-to-date: /home/mm/longshan12_2/install/gnss/lib/python3.8/site-packages/gnss/msg/__init__.py
-- Up-to-date: /home/mm/longshan12_2/install/gnss/lib/python3.8/site-packages/gnss/msg/_ins_s.c
-- Up-to-date: /home/mm/longshan12_2/install/gnss/lib/python3.8/site-packages/gnss/msg/_message.py
-- Up-to-date: /home/mm/longshan12_2/install/gnss/lib/python3.8/site-packages/gnss/msg/_ins.py
-- Up-to-date: /home/mm/longshan12_2/install/gnss/lib/python3.8/site-packages/gnss/msg/_imu.py
-- Up-to-date: /home/mm/longshan12_2/install/gnss/lib/python3.8/site-packages/gnss/msg/_imu_s.c
-- Up-to-date: /home/mm/longshan12_2/install/gnss/lib/python3.8/site-packages/gnss/gnss_s__rosidl_typesupport_fastrtps_c.cpython-38-x86_64-linux-gnu.so
-- Up-to-date: /home/mm/longshan12_2/install/gnss/lib/python3.8/site-packages/gnss/gnss_s__rosidl_typesupport_introspection_c.cpython-38-x86_64-linux-gnu.so
-- Up-to-date: /home/mm/longshan12_2/install/gnss/lib/python3.8/site-packages/gnss/gnss_s__rosidl_typesupport_c.cpython-38-x86_64-linux-gnu.so
-- Up-to-date: /home/mm/longshan12_2/install/gnss/lib/libgnss__python.so
-- Up-to-date: /home/mm/longshan12_2/install/gnss/share/gnss/msg/Imu.idl
-- Up-to-date: /home/mm/longshan12_2/install/gnss/share/gnss/msg/Ins.idl
-- Up-to-date: /home/mm/longshan12_2/install/gnss/share/gnss/msg/Message.idl
-- Up-to-date: /home/mm/longshan12_2/install/gnss/share/gnss/msg/Imu.msg
-- Up-to-date: /home/mm/longshan12_2/install/gnss/share/gnss/msg/Ins.msg
-- Up-to-date: /home/mm/longshan12_2/install/gnss/share/gnss/msg/Message.msg
-- Up-to-date: /home/mm/longshan12_2/install/gnss/lib/libgnss_lib.so
-- Up-to-date: /home/mm/longshan12_2/install/gnss/lib/gnss/gnss_node
-- Up-to-date: /home/mm/longshan12_2/install/gnss/lib/gnss/gnss_sync_node
-- Up-to-date: /home/mm/longshan12_2/install/gnss/share/gnss/launch
-- Up-to-date: /home/mm/longshan12_2/install/gnss/share/gnss/launch/gnss.launch.py
-- Up-to-date: /home/mm/longshan12_2/install/gnss/share/ament_index/resource_index/package_run_dependencies/gnss
-- Up-to-date: /home/mm/longshan12_2/install/gnss/share/ament_index/resource_index/parent_prefix_path/gnss
-- Up-to-date: /home/mm/longshan12_2/install/gnss/share/gnss/environment/ament_prefix_path.sh
-- Up-to-date: /home/mm/longshan12_2/install/gnss/share/gnss/environment/ament_prefix_path.dsv
-- Up-to-date: /home/mm/longshan12_2/install/gnss/share/gnss/environment/path.sh
-- Up-to-date: /home/mm/longshan12_2/install/gnss/share/gnss/environment/path.dsv
-- Up-to-date: /home/mm/longshan12_2/install/gnss/share/gnss/local_setup.bash
-- Up-to-date: /home/mm/longshan12_2/install/gnss/share/gnss/local_setup.sh
-- Up-to-date: /home/mm/longshan12_2/install/gnss/share/gnss/local_setup.zsh
-- Up-to-date: /home/mm/longshan12_2/install/gnss/share/gnss/local_setup.dsv
-- Installing: /home/mm/longshan12_2/install/gnss/share/gnss/package.dsv
-- Up-to-date: /home/mm/longshan12_2/install/gnss/share/ament_index/resource_index/packages/gnss
-- Up-to-date: /home/mm/longshan12_2/install/gnss/share/gnss/cmake/gnss__rosidl_generator_cExport.cmake
-- Up-to-date: /home/mm/longshan12_2/install/gnss/share/gnss/cmake/gnss__rosidl_generator_cExport-noconfig.cmake
-- Up-to-date: /home/mm/longshan12_2/install/gnss/share/gnss/cmake/gnss__rosidl_typesupport_introspection_cExport.cmake
-- Up-to-date: /home/mm/longshan12_2/install/gnss/share/gnss/cmake/gnss__rosidl_typesupport_introspection_cExport-noconfig.cmake
-- Up-to-date: /home/mm/longshan12_2/install/gnss/share/gnss/cmake/gnss__rosidl_typesupport_cExport.cmake
-- Up-to-date: /home/mm/longshan12_2/install/gnss/share/gnss/cmake/gnss__rosidl_typesupport_cExport-noconfig.cmake
-- Up-to-date: /home/mm/longshan12_2/install/gnss/share/gnss/cmake/gnss__rosidl_generator_cppExport.cmake
-- Up-to-date: /home/mm/longshan12_2/install/gnss/share/gnss/cmake/gnss__rosidl_typesupport_introspection_cppExport.cmake
-- Up-to-date: /home/mm/longshan12_2/install/gnss/share/gnss/cmake/gnss__rosidl_typesupport_introspection_cppExport-noconfig.cmake
-- Up-to-date: /home/mm/longshan12_2/install/gnss/share/gnss/cmake/gnss__rosidl_typesupport_cppExport.cmake
-- Up-to-date: /home/mm/longshan12_2/install/gnss/share/gnss/cmake/gnss__rosidl_typesupport_cppExport-noconfig.cmake
-- Up-to-date: /home/mm/longshan12_2/install/gnss/share/gnss/cmake/rosidl_cmake-extras.cmake
-- Up-to-date: /home/mm/longshan12_2/install/gnss/share/gnss/cmake/ament_cmake_export_dependencies-extras.cmake
-- Up-to-date: /home/mm/longshan12_2/install/gnss/share/gnss/cmake/ament_cmake_export_libraries-extras.cmake
-- Up-to-date: /home/mm/longshan12_2/install/gnss/share/gnss/cmake/ament_cmake_export_targets-extras.cmake
-- Up-to-date: /home/mm/longshan12_2/install/gnss/share/gnss/cmake/ament_cmake_export_include_directories-extras.cmake
-- Up-to-date: /home/mm/longshan12_2/install/gnss/share/gnss/cmake/rosidl_cmake_export_typesupport_libraries-extras.cmake
-- Up-to-date: /home/mm/longshan12_2/install/gnss/share/gnss/cmake/rosidl_cmake_export_typesupport_targets-extras.cmake
-- Up-to-date: /home/mm/longshan12_2/install/gnss/share/gnss/cmake/gnssConfig.cmake
-- Up-to-date: /home/mm/longshan12_2/install/gnss/share/gnss/cmake/gnssConfig-version.cmake
-- Up-to-date: /home/mm/longshan12_2/install/gnss/share/gnss/package.xml
