[  5%] [32mBuilding CXX object CMakeFiles/local_node4.dir/src/local_node4.cpp.o[0m
In file included from [01m[K/home/mm/longshan12_2/src/local/./include/localFuns.h:5[m[K,
                 from [01m[K/home/mm/longshan12_2/src/local/src/local_node4.cpp:14[m[K:
[01m[K/home/mm/longshan12_2/src/local/./include/toolKits.h:64:19:[m[K [01;35m[Kwarning: [m[Kinline function ‘[01m[Kdouble tool::d2r(double)[m[K’ used but never defined
   64 |     inline double [01;35m[Kd2r[m[K(double theta);
      |                   [01;35m[K^~~[m[K
[ 10%] [32m[1mLinking CXX executable local_node4[0m
/usr/bin/ld: CMakeFiles/local_node4.dir/src/local_node4.cpp.o: in function `boost::filesystem::exists(boost::filesystem::path const&)':
local_node4.cpp:(.text._ZN5boost10filesystem6existsERKNS0_4pathE[_ZN5boost10filesystem6existsERKNS0_4pathE]+0x33): undefined reference to `boost::filesystem::detail::status(boost::filesystem::path const&, boost::system::error_code*)'
/usr/bin/ld: CMakeFiles/local_node4.dir/src/local_node4.cpp.o: in function `boost::filesystem::is_directory(boost::filesystem::path const&)':
local_node4.cpp:(.text._ZN5boost10filesystem12is_directoryERKNS0_4pathE[_ZN5boost10filesystem12is_directoryERKNS0_4pathE]+0x33): undefined reference to `boost::filesystem::detail::status(boost::filesystem::path const&, boost::system::error_code*)'
/usr/bin/ld: CMakeFiles/local_node4.dir/src/local_node4.cpp.o: in function `boost::filesystem::is_regular_file(boost::filesystem::path const&)':
local_node4.cpp:(.text._ZN5boost10filesystem15is_regular_fileERKNS0_4pathE[_ZN5boost10filesystem15is_regular_fileERKNS0_4pathE]+0x33): undefined reference to `boost::filesystem::detail::status(boost::filesystem::path const&, boost::system::error_code*)'
/usr/bin/ld: CMakeFiles/local_node4.dir/src/local_node4.cpp.o: in function `boost::filesystem::remove(boost::filesystem::path const&)':
local_node4.cpp:(.text._ZN5boost10filesystem6removeERKNS0_4pathE[_ZN5boost10filesystem6removeERKNS0_4pathE]+0x1d): undefined reference to `boost::filesystem::detail::remove(boost::filesystem::path const&, boost::system::error_code*)'
/usr/bin/ld: CMakeFiles/local_node4.dir/src/local_node4.cpp.o: in function `boost::filesystem::detail::dir_itr_imp::~dir_itr_imp()':
local_node4.cpp:(.text._ZN5boost10filesystem6detail11dir_itr_impD2Ev[_ZN5boost10filesystem6detail11dir_itr_impD5Ev]+0x27): undefined reference to `boost::filesystem::detail::dir_itr_close(void*&, void*&)'
/usr/bin/ld: CMakeFiles/local_node4.dir/src/local_node4.cpp.o: in function `boost::filesystem::directory_iterator::directory_iterator(boost::filesystem::path const&)':
local_node4.cpp:(.text._ZN5boost10filesystem18directory_iteratorC2ERKNS0_4pathE[_ZN5boost10filesystem18directory_iteratorC5ERKNS0_4pathE]+0x54): undefined reference to `boost::filesystem::detail::directory_iterator_construct(boost::filesystem::directory_iterator&, boost::filesystem::path const&, boost::system::error_code*)'
/usr/bin/ld: CMakeFiles/local_node4.dir/src/local_node4.cpp.o: in function `boost::filesystem::directory_iterator::increment()':
local_node4.cpp:(.text._ZN5boost10filesystem18directory_iterator9incrementEv[_ZN5boost10filesystem18directory_iterator9incrementEv]+0x1d): undefined reference to `boost::filesystem::detail::directory_iterator_increment(boost::filesystem::directory_iterator&, boost::system::error_code*)'
collect2: error: ld returned 1 exit status
make[2]: *** [CMakeFiles/local_node4.dir/build.make:453：local_node4] 错误 1
make[1]: *** [CMakeFiles/Makefile2:78：CMakeFiles/local_node4.dir/all] 错误 2
make: *** [Makefile:141：all] 错误 2
