[0.132s] Invoking command in '/home/mm/longshan12_2/build/can': CMAKE_PREFIX_PATH=${CMAKE_PREFIX_PATH}:/home/mm/longshan12_2/install/draw_messages:/opt/ros/foxy /usr/bin/cmake --build /home/mm/longshan12_2/build/can -- -j4 -l4
[0.674s] [ 40%] Built target test1
[0.719s] [100%] Built target can_node
[0.797s] Invoked command in '/home/mm/longshan12_2/build/can' returned '0': CMAKE_PREFIX_PATH=${CMAKE_PREFIX_PATH}:/home/mm/longshan12_2/install/draw_messages:/opt/ros/foxy /usr/bin/cmake --build /home/mm/longshan12_2/build/can -- -j4 -l4
[0.947s] Invoking command in '/home/mm/longshan12_2/build/can': CMAKE_PREFIX_PATH=${CMAKE_PREFIX_PATH}:/home/mm/longshan12_2/install/draw_messages:/opt/ros/foxy /usr/bin/cmake --install /home/mm/longshan12_2/build/can
[1.006s] -- Install configuration: ""
[1.018s] -- Up-to-date: /home/mm/longshan12_2/install/can/share/ament_index/resource_index/package_run_dependencies/can
[1.019s] -- Up-to-date: /home/mm/longshan12_2/install/can/share/ament_index/resource_index/parent_prefix_path/can
[1.019s] -- Up-to-date: /home/mm/longshan12_2/install/can/share/can/environment/ament_prefix_path.sh
[1.021s] -- Up-to-date: /home/mm/longshan12_2/install/can/share/can/environment/ament_prefix_path.dsv
[1.022s] -- Up-to-date: /home/mm/longshan12_2/install/can/share/can/environment/path.sh
[1.047s] -- Up-to-date: /home/mm/longshan12_2/install/can/share/can/environment/path.dsv
[1.047s] -- Up-to-date: /home/mm/longshan12_2/install/can/share/can/local_setup.bash
[1.048s] -- Up-to-date: /home/mm/longshan12_2/install/can/share/can/local_setup.sh
[1.048s] -- Up-to-date: /home/mm/longshan12_2/install/can/share/can/local_setup.zsh
[1.048s] -- Up-to-date: /home/mm/longshan12_2/install/can/share/can/local_setup.dsv
[1.049s] -- Installing: /home/mm/longshan12_2/install/can/share/can/package.dsv
[1.049s] -- Up-to-date: /home/mm/longshan12_2/install/can/share/ament_index/resource_index/packages/can
[1.049s] -- Up-to-date: /home/mm/longshan12_2/install/can/share/can/cmake/canConfig.cmake
[1.049s] -- Up-to-date: /home/mm/longshan12_2/install/can/share/can/cmake/canConfig-version.cmake
[1.050s] -- Up-to-date: /home/mm/longshan12_2/install/can/share/can/package.xml
[1.062s] -- Up-to-date: /home/mm/longshan12_2/install/can/lib/can/can_node
[1.062s] -- Up-to-date: /home/mm/longshan12_2/install/can/lib/can/test1
[1.063s] -- Up-to-date: /home/mm/longshan12_2/install/can/share/can/launch
[1.064s] -- Up-to-date: /home/mm/longshan12_2/install/can/share/can/launch/can.launch.py
[1.239s] Invoked command in '/home/mm/longshan12_2/build/can' returned '0': CMAKE_PREFIX_PATH=${CMAKE_PREFIX_PATH}:/home/mm/longshan12_2/install/draw_messages:/opt/ros/foxy /usr/bin/cmake --install /home/mm/longshan12_2/build/can
