[1.579s] Invoking command in '/home/mm/longshan12_2/src/draw_messages': PYTHONPATH=/home/mm/longshan12_2/build/draw_messages/prefix_override:/home/mm/longshan12_2/install/draw_messages/lib/python3.8/site-packages:${PYTHONPATH} /usr/bin/python3 -W ignore:setup.py install is deprecated setup.py egg_info --egg-base ../../build/draw_messages build --build-base /home/mm/longshan12_2/build/draw_messages/build install --record /home/mm/longshan12_2/build/draw_messages/install.log --install-scripts $base/lib/draw_messages --single-version-externally-managed install_data
[2.112s] running egg_info
[2.130s] creating ../../build/draw_messages/draw_messages.egg-info
[2.130s] writing ../../build/draw_messages/draw_messages.egg-info/PKG-INFO
[2.130s] writing dependency_links to ../../build/draw_messages/draw_messages.egg-info/dependency_links.txt
[2.130s] writing entry points to ../../build/draw_messages/draw_messages.egg-info/entry_points.txt
[2.130s] writing requirements to ../../build/draw_messages/draw_messages.egg-info/requires.txt
[2.131s] writing top-level names to ../../build/draw_messages/draw_messages.egg-info/top_level.txt
[2.139s] writing manifest file '../../build/draw_messages/draw_messages.egg-info/SOURCES.txt'
[2.218s] reading manifest file '../../build/draw_messages/draw_messages.egg-info/SOURCES.txt'
[2.218s] writing manifest file '../../build/draw_messages/draw_messages.egg-info/SOURCES.txt'
[2.219s] running build
[2.219s] running build_py
[2.219s] creating /home/mm/longshan12_2/build/draw_messages/build
[2.219s] creating /home/mm/longshan12_2/build/draw_messages/build/lib
[2.219s] creating /home/mm/longshan12_2/build/draw_messages/build/lib/draw_messages
[2.221s] copying draw_messages/mymessages.py -> /home/mm/longshan12_2/build/draw_messages/build/lib/draw_messages
[2.229s] copying draw_messages/__init__.py -> /home/mm/longshan12_2/build/draw_messages/build/lib/draw_messages
[2.229s] running install
[2.229s] running install_lib
[2.243s] creating /home/mm/longshan12_2/install/draw_messages/lib/python3.8/site-packages/draw_messages
[2.243s] copying /home/mm/longshan12_2/build/draw_messages/build/lib/draw_messages/mymessages.py -> /home/mm/longshan12_2/install/draw_messages/lib/python3.8/site-packages/draw_messages
[2.243s] copying /home/mm/longshan12_2/build/draw_messages/build/lib/draw_messages/__init__.py -> /home/mm/longshan12_2/install/draw_messages/lib/python3.8/site-packages/draw_messages
[2.244s] byte-compiling /home/mm/longshan12_2/install/draw_messages/lib/python3.8/site-packages/draw_messages/mymessages.py to mymessages.cpython-38.pyc
[2.246s] byte-compiling /home/mm/longshan12_2/install/draw_messages/lib/python3.8/site-packages/draw_messages/__init__.py to __init__.cpython-38.pyc
[2.259s] running install_data
[2.260s] creating /home/mm/longshan12_2/install/draw_messages/share/ament_index
[2.260s] creating /home/mm/longshan12_2/install/draw_messages/share/ament_index/resource_index
[2.260s] creating /home/mm/longshan12_2/install/draw_messages/share/ament_index/resource_index/packages
[2.260s] copying resource/draw_messages -> /home/mm/longshan12_2/install/draw_messages/share/ament_index/resource_index/packages
[2.260s] copying package.xml -> /home/mm/longshan12_2/install/draw_messages/share/draw_messages
[2.261s] running install_egg_info
[2.264s] Copying ../../build/draw_messages/draw_messages.egg-info to /home/mm/longshan12_2/install/draw_messages/lib/python3.8/site-packages/draw_messages-0.0.0-py3.8.egg-info
[2.264s] running install_scripts
[2.283s] Installing real_time_plot script to /home/mm/longshan12_2/install/draw_messages/lib/draw_messages
[2.283s] writing list of installed files to '/home/mm/longshan12_2/build/draw_messages/install.log'
[2.317s] Invoked command in '/home/mm/longshan12_2/src/draw_messages' returned '0': PYTHONPATH=/home/mm/longshan12_2/build/draw_messages/prefix_override:/home/mm/longshan12_2/install/draw_messages/lib/python3.8/site-packages:${PYTHONPATH} /usr/bin/python3 -W ignore:setup.py install is deprecated setup.py egg_info --egg-base ../../build/draw_messages build --build-base /home/mm/longshan12_2/build/draw_messages/build install --record /home/mm/longshan12_2/build/draw_messages/install.log --install-scripts $base/lib/draw_messages --single-version-externally-managed install_data
