[0.048s] Invoking command in '/home/mm/longshan12_2/build/control': CMAKE_PREFIX_PATH=/opt/ros/foxy /usr/bin/cmake --build /home/mm/longshan12_2/build/control -- -j4 -l4
[0.195s] [100%] Built target control_node
[0.227s] Invoked command in '/home/mm/longshan12_2/build/control' returned '0': CMAKE_PREFIX_PATH=/opt/ros/foxy /usr/bin/cmake --build /home/mm/longshan12_2/build/control -- -j4 -l4
[0.292s] Invoking command in '/home/mm/longshan12_2/build/control': CMAKE_PREFIX_PATH=/opt/ros/foxy /usr/bin/cmake --install /home/mm/longshan12_2/build/control
[0.307s] -- Install configuration: ""
[0.308s] -- Up-to-date: /home/mm/longshan12_2/install/control/lib/control/control_node
[0.308s] -- Up-to-date: /home/mm/longshan12_2/install/control/share/control/launch
[0.309s] -- Up-to-date: /home/mm/longshan12_2/install/control/share/control/launch/control.launch.py
[0.309s] -- Up-to-date: /home/mm/longshan12_2/install/control/share/ament_index/resource_index/package_run_dependencies/control
[0.309s] -- Up-to-date: /home/mm/longshan12_2/install/control/share/ament_index/resource_index/parent_prefix_path/control
[0.309s] -- Up-to-date: /home/mm/longshan12_2/install/control/share/control/environment/ament_prefix_path.sh
[0.310s] -- Up-to-date: /home/mm/longshan12_2/install/control/share/control/environment/ament_prefix_path.dsv
[0.310s] -- Up-to-date: /home/mm/longshan12_2/install/control/share/control/environment/path.sh
[0.310s] -- Up-to-date: /home/mm/longshan12_2/install/control/share/control/environment/path.dsv
[0.311s] -- Up-to-date: /home/mm/longshan12_2/install/control/share/control/local_setup.bash
[0.311s] -- Up-to-date: /home/mm/longshan12_2/install/control/share/control/local_setup.sh
[0.311s] -- Up-to-date: /home/mm/longshan12_2/install/control/share/control/local_setup.zsh
[0.311s] -- Up-to-date: /home/mm/longshan12_2/install/control/share/control/local_setup.dsv
[0.311s] -- Installing: /home/mm/longshan12_2/install/control/share/control/package.dsv
[0.312s] -- Up-to-date: /home/mm/longshan12_2/install/control/share/ament_index/resource_index/packages/control
[0.312s] -- Up-to-date: /home/mm/longshan12_2/install/control/share/control/cmake/controlConfig.cmake
[0.313s] -- Up-to-date: /home/mm/longshan12_2/install/control/share/control/cmake/controlConfig-version.cmake
[0.313s] -- Up-to-date: /home/mm/longshan12_2/install/control/share/control/package.xml
[0.343s] Invoked command in '/home/mm/longshan12_2/build/control' returned '0': CMAKE_PREFIX_PATH=/opt/ros/foxy /usr/bin/cmake --install /home/mm/longshan12_2/build/control
